09/19/2019 06:33:23 PM,849 gensim.utils INFO loading Word2VecKeyedVectors object from /MTP/makeCollections/all_w2v
09/19/2019 06:33:25 PM,85 gensim.utils INFO loading vectors from /MTP/makeCollections/all_w2v.vectors.npy with mmap=None
09/19/2019 06:33:25 PM,853 gensim.utils INFO setting ignored attribute vectors_norm to None
09/19/2019 06:33:25 PM,853 gensim.utils INFO loaded /MTP/makeCollections/all_w2v
09/19/2019 06:33:25 PM,854 gensim.models.utils_any2vec INFO loading projection weights from /MTP/makeCollections/GoogleNews-vectors-negative300.bin
09/19/2019 06:35:05 PM,606 gensim.models.utils_any2vec INFO loaded (3000000, 300) matrix from /MTP/makeCollections/GoogleNews-vectors-negative300.bin
09/19/2019 06:35:06 PM,81 root INFO Using an existing server http://localhost:9000
09/19/2019 06:35:07 PM,118 root INFO The server is available.
09/19/2019 06:41:06 PM,284 root INFO Start logging
09/19/2019 06:41:23 PM,180 root INFO Epoch: 0
09/19/2019 06:41:24 PM,629 root INFO Loss = tensor([47.6406])
09/19/2019 06:41:33 PM,422 root INFO Loss = tensor([48.8211])
09/19/2019 06:41:43 PM,623 root INFO Loss = tensor([48.0333])
09/19/2019 06:41:52 PM,334 root INFO Loss = tensor([48.9270])
09/19/2019 06:42:01 PM,157 root INFO Loss = tensor([47.8443])
09/19/2019 06:42:08 PM,807 root INFO Validation All-nodes accuracy:0.49(best:0.49)
09/19/2019 06:42:08 PM,808 root INFO Validation Root accuracy:0.5(best:0.5)
09/19/2019 06:42:14 PM,227 root INFO Training All-nodes accuracy:0.5(best:0.5)
09/19/2019 06:42:14 PM,228 root INFO Training Root accuracy:0.5(best:0.5)
09/19/2019 06:42:14 PM,234 root INFO Epoch: 1
09/19/2019 06:42:15 PM,568 root INFO Loss = tensor([46.5881])
09/19/2019 06:42:23 PM,721 root INFO Loss = tensor([47.7216])
09/19/2019 06:42:30 PM,314 root INFO Loss = tensor([47.3643])
09/19/2019 06:42:37 PM,636 root INFO Loss = tensor([47.6016])
09/19/2019 06:42:45 PM,235 root INFO Loss = tensor([48.2606])
09/19/2019 06:42:51 PM,406 root INFO Validation All-nodes accuracy:0.5(best:0.5)
09/19/2019 06:42:51 PM,407 root INFO Validation Root accuracy:0.5(best:0.5)
09/19/2019 06:42:56 PM,752 root INFO Training All-nodes accuracy:0.51(best:0.51)
09/19/2019 06:42:56 PM,752 root INFO Training Root accuracy:0.5(best:0.5)
09/19/2019 06:42:56 PM,756 root INFO Epoch: 2
09/19/2019 06:42:57 PM,824 root INFO Loss = tensor([47.5025])
09/19/2019 06:43:06 PM,409 root INFO Loss = tensor([46.3459])
09/19/2019 06:43:14 PM,357 root INFO Loss = tensor([47.5457])
09/19/2019 06:43:23 PM,769 root INFO Loss = tensor([49.1627])
09/19/2019 06:43:32 PM,781 root INFO Loss = tensor([47.8858])
09/19/2019 06:43:39 PM,396 root INFO Validation All-nodes accuracy:0.5(best:0.5)
09/19/2019 06:43:39 PM,397 root INFO Validation Root accuracy:0.5(best:0.5)
09/19/2019 06:43:45 PM,235 root INFO Training All-nodes accuracy:0.51(best:0.51)
09/19/2019 06:43:45 PM,235 root INFO Training Root accuracy:0.5(best:0.5)
09/19/2019 06:43:45 PM,238 root INFO Epoch: 3
09/19/2019 06:43:46 PM,390 root INFO Loss = tensor([48.1236])
09/19/2019 06:43:55 PM,67 root INFO Loss = tensor([46.5231])
09/19/2019 06:44:03 PM,478 root INFO Loss = tensor([48.8131])
09/19/2019 06:44:13 PM,63 root INFO Loss = tensor([47.0480])
09/19/2019 06:44:21 PM,770 root INFO Loss = tensor([49.7909])
09/19/2019 06:44:28 PM,176 root INFO Validation All-nodes accuracy:0.49(best:0.5)
09/19/2019 06:44:28 PM,177 root INFO Validation Root accuracy:0.51(best:0.51)
09/19/2019 06:44:33 PM,759 root INFO Training All-nodes accuracy:0.52(best:0.52)
09/19/2019 06:44:33 PM,759 root INFO Training Root accuracy:0.51(best:0.51)
09/19/2019 06:44:33 PM,764 root INFO Epoch: 4
09/19/2019 06:44:34 PM,797 root INFO Loss = tensor([47.3380])
09/19/2019 06:44:43 PM,163 root INFO Loss = tensor([47.3639])
09/19/2019 06:44:53 PM,6 root INFO Loss = tensor([49.5914])
09/19/2019 06:45:03 PM,244 root INFO Loss = tensor([47.6587])
09/19/2019 06:45:12 PM,123 root INFO Loss = tensor([48.7552])
09/19/2019 06:45:19 PM,893 root INFO Validation All-nodes accuracy:0.49(best:0.5)
09/19/2019 06:45:19 PM,897 root INFO Validation Root accuracy:0.44(best:0.51)
09/19/2019 06:45:26 PM,582 root INFO Training All-nodes accuracy:0.52(best:0.52)
09/19/2019 06:45:26 PM,582 root INFO Training Root accuracy:0.52(best:0.52)
09/19/2019 06:45:26 PM,585 root INFO Epoch: 5
09/19/2019 06:45:27 PM,618 root INFO Loss = tensor([47.6595])
09/19/2019 06:45:36 PM,452 root INFO Loss = tensor([49.6055])
09/19/2019 06:45:45 PM,504 root INFO Loss = tensor([47.4249])
09/19/2019 06:45:54 PM,535 root INFO Loss = tensor([46.7821])
09/19/2019 06:46:03 PM,63 root INFO Loss = tensor([47.4635])
09/19/2019 06:46:10 PM,535 root INFO Validation All-nodes accuracy:0.49(best:0.5)
09/19/2019 06:46:10 PM,536 root INFO Validation Root accuracy:0.5(best:0.51)
09/19/2019 06:46:16 PM,384 root INFO Training All-nodes accuracy:0.52(best:0.52)
09/19/2019 06:46:16 PM,384 root INFO Training Root accuracy:0.5(best:0.52)
09/19/2019 06:46:16 PM,389 root INFO Epoch: 6
09/19/2019 06:46:17 PM,429 root INFO Loss = tensor([47.5859])
09/19/2019 06:46:26 PM,367 root INFO Loss = tensor([50.1776])
09/19/2019 06:46:35 PM,323 root INFO Loss = tensor([46.5848])
09/19/2019 06:46:45 PM,355 root INFO Loss = tensor([47.7789])
09/19/2019 06:46:55 PM,995 root INFO Loss = tensor([47.6818])
09/19/2019 06:47:03 PM,249 root INFO Validation All-nodes accuracy:0.5(best:0.5)
09/19/2019 06:47:03 PM,250 root INFO Validation Root accuracy:0.51(best:0.51)
09/19/2019 06:47:09 PM,659 root INFO Training All-nodes accuracy:0.51(best:0.52)
09/19/2019 06:47:09 PM,660 root INFO Training Root accuracy:0.5(best:0.52)
09/19/2019 06:47:09 PM,667 root INFO Epoch: 7
09/19/2019 06:47:11 PM,115 root INFO Loss = tensor([48.3600])
09/19/2019 06:47:19 PM,715 root INFO Loss = tensor([46.7500])
09/19/2019 06:47:30 PM,456 root INFO Loss = tensor([48.5360])
09/19/2019 06:47:39 PM,422 root INFO Loss = tensor([48.3172])
09/19/2019 06:47:48 PM,59 root INFO Loss = tensor([48.7564])
09/19/2019 06:47:55 PM,55 root INFO Validation All-nodes accuracy:0.5(best:0.5)
09/19/2019 06:47:55 PM,55 root INFO Validation Root accuracy:0.5(best:0.51)
09/19/2019 06:48:01 PM,22 root INFO Training All-nodes accuracy:0.49(best:0.52)
09/19/2019 06:48:01 PM,22 root INFO Training Root accuracy:0.5(best:0.52)
09/19/2019 06:48:01 PM,25 root INFO Epoch: 8
09/19/2019 06:48:02 PM,50 root INFO Loss = tensor([47.9930])
09/19/2019 06:48:11 PM,307 root INFO Loss = tensor([47.7309])
09/19/2019 06:48:19 PM,565 root INFO Loss = tensor([48.2802])
09/19/2019 06:48:28 PM,239 root INFO Loss = tensor([47.3244])
09/19/2019 06:48:36 PM,162 root INFO Loss = tensor([46.9755])
09/19/2019 06:48:42 PM,162 root INFO Validation All-nodes accuracy:0.5(best:0.5)
09/19/2019 06:48:42 PM,163 root INFO Validation Root accuracy:0.5(best:0.51)
09/19/2019 06:48:48 PM,238 root INFO Training All-nodes accuracy:0.52(best:0.52)
09/19/2019 06:48:48 PM,239 root INFO Training Root accuracy:0.5(best:0.52)
09/19/2019 06:48:48 PM,243 root INFO Epoch: 9
09/19/2019 06:48:49 PM,430 root INFO Loss = tensor([47.5464])
09/19/2019 06:48:58 PM,562 root INFO Loss = tensor([47.1212])
09/19/2019 06:49:06 PM,841 root INFO Loss = tensor([48.1335])
09/19/2019 06:49:15 PM,408 root INFO Loss = tensor([47.2925])
09/19/2019 06:49:24 PM,40 root INFO Loss = tensor([48.3820])
09/19/2019 06:49:31 PM,981 root INFO Validation All-nodes accuracy:0.49(best:0.5)
09/19/2019 06:49:31 PM,981 root INFO Validation Root accuracy:0.5(best:0.51)
09/19/2019 06:49:38 PM,150 root INFO Training All-nodes accuracy:0.53(best:0.53)
09/19/2019 06:49:38 PM,151 root INFO Training Root accuracy:0.52(best:0.52)
09/19/2019 06:49:38 PM,155 root INFO Epoch: 10
09/19/2019 06:49:39 PM,279 root INFO Loss = tensor([47.7108])
09/19/2019 06:49:48 PM,407 root INFO Loss = tensor([47.7393])
09/19/2019 06:49:58 PM,62 root INFO Loss = tensor([47.0136])
09/19/2019 06:50:08 PM,183 root INFO Loss = tensor([50.1214])
09/19/2019 06:50:18 PM,14 root INFO Loss = tensor([47.7621])
09/19/2019 06:50:24 PM,108 root INFO Validation All-nodes accuracy:0.49(best:0.5)
09/19/2019 06:50:24 PM,108 root INFO Validation Root accuracy:0.47(best:0.51)
09/19/2019 06:50:31 PM,296 root INFO Training All-nodes accuracy:0.54(best:0.54)
09/19/2019 06:50:31 PM,296 root INFO Training Root accuracy:0.56(best:0.56)
09/19/2019 06:50:31 PM,301 root INFO Epoch: 11
09/19/2019 06:50:32 PM,532 root INFO Loss = tensor([45.7915])
09/19/2019 06:50:42 PM,307 root INFO Loss = tensor([47.3386])
09/19/2019 06:50:51 PM,458 root INFO Loss = tensor([47.9040])
09/19/2019 06:51:00 PM,928 root INFO Loss = tensor([47.4684])
09/19/2019 06:51:10 PM,635 root INFO Loss = tensor([48.8796])
09/19/2019 06:51:17 PM,205 root INFO Validation All-nodes accuracy:0.5(best:0.5)
09/19/2019 06:51:17 PM,205 root INFO Validation Root accuracy:0.43(best:0.51)
09/19/2019 06:51:22 PM,743 root INFO Training All-nodes accuracy:0.54(best:0.54)
09/19/2019 06:51:22 PM,743 root INFO Training Root accuracy:0.57(best:0.57)
09/19/2019 06:51:22 PM,748 root INFO Epoch: 12
09/19/2019 06:51:23 PM,806 root INFO Loss = tensor([46.9317])
09/19/2019 06:51:31 PM,981 root INFO Loss = tensor([48.1696])
09/19/2019 06:51:40 PM,463 root INFO Loss = tensor([47.7872])
09/19/2019 06:51:49 PM,395 root INFO Loss = tensor([48.4922])
09/19/2019 06:52:01 PM,884 root INFO Loss = tensor([47.0006])
09/19/2019 06:52:09 PM,392 root INFO Validation All-nodes accuracy:0.51(best:0.51)
09/19/2019 06:52:09 PM,392 root INFO Validation Root accuracy:0.44(best:0.51)
09/19/2019 06:52:17 PM,635 root INFO Training All-nodes accuracy:0.56(best:0.56)
09/19/2019 06:52:17 PM,635 root INFO Training Root accuracy:0.58(best:0.58)
09/19/2019 06:52:17 PM,638 root INFO Epoch: 13
09/19/2019 06:52:18 PM,903 root INFO Loss = tensor([47.2291])
09/19/2019 06:52:26 PM,863 root INFO Loss = tensor([47.5774])
09/19/2019 06:52:35 PM,888 root INFO Loss = tensor([47.0868])
09/19/2019 06:52:44 PM,418 root INFO Loss = tensor([48.6776])
09/19/2019 06:52:52 PM,858 root INFO Loss = tensor([47.3010])
09/19/2019 06:52:59 PM,229 root INFO Validation All-nodes accuracy:0.51(best:0.51)
09/19/2019 06:52:59 PM,230 root INFO Validation Root accuracy:0.47(best:0.51)
09/19/2019 06:53:05 PM,393 root INFO Training All-nodes accuracy:0.55(best:0.56)
09/19/2019 06:53:05 PM,393 root INFO Training Root accuracy:0.58(best:0.58)
09/19/2019 06:53:05 PM,399 root INFO Epoch: 14
09/19/2019 06:53:06 PM,635 root INFO Loss = tensor([47.4153])
09/19/2019 06:53:15 PM,760 root INFO Loss = tensor([47.9967])
09/19/2019 06:53:24 PM,439 root INFO Loss = tensor([47.8047])
09/19/2019 06:53:32 PM,485 root INFO Loss = tensor([48.0536])
09/19/2019 06:53:40 PM,814 root INFO Loss = tensor([47.3480])
09/19/2019 06:53:46 PM,749 root INFO Validation All-nodes accuracy:0.51(best:0.51)
09/19/2019 06:53:46 PM,750 root INFO Validation Root accuracy:0.5(best:0.51)
09/19/2019 06:53:52 PM,330 root INFO Training All-nodes accuracy:0.55(best:0.56)
09/19/2019 06:53:52 PM,330 root INFO Training Root accuracy:0.64(best:0.64)
09/19/2019 06:53:52 PM,334 root INFO Epoch: 15
09/19/2019 06:53:53 PM,310 root INFO Loss = tensor([47.3115])
09/19/2019 06:54:01 PM,976 root INFO Loss = tensor([47.2671])
09/19/2019 06:54:10 PM,354 root INFO Loss = tensor([48.8849])
09/19/2019 06:54:19 PM,480 root INFO Loss = tensor([47.6511])
09/19/2019 06:54:28 PM,22 root INFO Loss = tensor([48.1846])
09/19/2019 06:54:34 PM,226 root INFO Validation All-nodes accuracy:0.49(best:0.51)
09/19/2019 06:54:34 PM,227 root INFO Validation Root accuracy:0.51(best:0.51)
09/19/2019 06:54:42 PM,223 root INFO Training All-nodes accuracy:0.56(best:0.56)
09/19/2019 06:54:42 PM,223 root INFO Training Root accuracy:0.61(best:0.64)
09/19/2019 06:54:42 PM,230 root INFO Epoch: 16
09/19/2019 06:54:43 PM,743 root INFO Loss = tensor([47.0316])
09/19/2019 06:54:52 PM,846 root INFO Loss = tensor([45.8873])
09/19/2019 06:55:01 PM,124 root INFO Loss = tensor([48.3260])
09/19/2019 06:55:09 PM,825 root INFO Loss = tensor([48.2849])
09/19/2019 06:55:18 PM,344 root INFO Loss = tensor([48.4784])
09/19/2019 06:55:24 PM,327 root INFO Validation All-nodes accuracy:0.5(best:0.51)
09/19/2019 06:55:24 PM,327 root INFO Validation Root accuracy:0.53(best:0.53)
09/19/2019 06:55:30 PM,251 root INFO Training All-nodes accuracy:0.56(best:0.56)
09/19/2019 06:55:30 PM,252 root INFO Training Root accuracy:0.65(best:0.65)
09/19/2019 06:55:30 PM,256 root INFO Epoch: 17
09/19/2019 06:55:31 PM,356 root INFO Loss = tensor([48.1195])
09/19/2019 06:55:39 PM,829 root INFO Loss = tensor([47.3951])
09/19/2019 06:55:48 PM,724 root INFO Loss = tensor([46.9724])
09/19/2019 06:55:59 PM,64 root INFO Loss = tensor([45.4255])
09/19/2019 06:56:07 PM,239 root INFO Loss = tensor([48.5354])
09/19/2019 06:56:13 PM,245 root INFO Validation All-nodes accuracy:0.51(best:0.51)
09/19/2019 06:56:13 PM,246 root INFO Validation Root accuracy:0.54(best:0.54)
09/19/2019 06:56:18 PM,887 root INFO Training All-nodes accuracy:0.58(best:0.58)
09/19/2019 06:56:18 PM,888 root INFO Training Root accuracy:0.66(best:0.66)
09/19/2019 06:56:18 PM,894 root INFO Epoch: 18
09/19/2019 06:56:19 PM,953 root INFO Loss = tensor([46.3620])
09/19/2019 06:56:27 PM,663 root INFO Loss = tensor([46.9088])
09/19/2019 06:56:36 PM,646 root INFO Loss = tensor([47.1775])
09/19/2019 06:56:45 PM,900 root INFO Loss = tensor([48.9495])
09/19/2019 06:56:57 PM,298 root INFO Loss = tensor([47.6008])
09/19/2019 06:57:05 PM,194 root INFO Validation All-nodes accuracy:0.51(best:0.51)
09/19/2019 06:57:05 PM,195 root INFO Validation Root accuracy:0.51(best:0.54)
09/19/2019 06:57:12 PM,283 root INFO Training All-nodes accuracy:0.57(best:0.58)
09/19/2019 06:57:12 PM,283 root INFO Training Root accuracy:0.69(best:0.69)
09/19/2019 06:57:12 PM,287 root INFO Epoch: 19
09/19/2019 06:57:13 PM,390 root INFO Loss = tensor([47.0488])
09/19/2019 06:57:22 PM,123 root INFO Loss = tensor([47.9569])
09/19/2019 06:57:31 PM,362 root INFO Loss = tensor([49.0989])
09/19/2019 06:57:39 PM,759 root INFO Loss = tensor([47.0892])
09/19/2019 06:57:47 PM,698 root INFO Loss = tensor([47.3544])
09/19/2019 06:57:54 PM,552 root INFO Validation All-nodes accuracy:0.5(best:0.51)
09/19/2019 06:57:54 PM,552 root INFO Validation Root accuracy:0.46(best:0.54)
09/19/2019 06:58:00 PM,929 root INFO Training All-nodes accuracy:0.58(best:0.58)
09/19/2019 06:58:00 PM,930 root INFO Training Root accuracy:0.7(best:0.7)
09/19/2019 06:58:00 PM,934 root INFO Epoch: 20
09/19/2019 06:58:02 PM,151 root INFO Loss = tensor([49.8432])
09/19/2019 06:58:11 PM,754 root INFO Loss = tensor([47.2258])
09/19/2019 06:58:20 PM,49 root INFO Loss = tensor([48.4624])
09/19/2019 06:58:28 PM,743 root INFO Loss = tensor([47.7770])
09/19/2019 06:58:37 PM,385 root INFO Loss = tensor([47.1663])
09/19/2019 06:58:43 PM,501 root INFO Validation All-nodes accuracy:0.51(best:0.51)
09/19/2019 06:58:43 PM,502 root INFO Validation Root accuracy:0.53(best:0.54)
09/19/2019 06:58:49 PM,305 root INFO Training All-nodes accuracy:0.58(best:0.58)
09/19/2019 06:58:49 PM,305 root INFO Training Root accuracy:0.66(best:0.7)
09/19/2019 06:58:49 PM,308 root INFO Epoch: 21
09/19/2019 06:58:50 PM,402 root INFO Loss = tensor([47.1503])
09/19/2019 06:59:00 PM,10 root INFO Loss = tensor([47.0204])
09/19/2019 06:59:07 PM,909 root INFO Loss = tensor([46.9205])
09/19/2019 06:59:15 PM,698 root INFO Loss = tensor([47.0540])
09/19/2019 06:59:23 PM,863 root INFO Loss = tensor([47.1698])
09/19/2019 06:59:30 PM,53 root INFO Validation All-nodes accuracy:0.5(best:0.51)
09/19/2019 06:59:30 PM,54 root INFO Validation Root accuracy:0.49(best:0.54)
09/19/2019 06:59:35 PM,463 root INFO Training All-nodes accuracy:0.59(best:0.59)
09/19/2019 06:59:35 PM,463 root INFO Training Root accuracy:0.7(best:0.7)
09/19/2019 06:59:35 PM,467 root INFO Epoch: 22
09/19/2019 06:59:36 PM,477 root INFO Loss = tensor([45.8510])
09/19/2019 06:59:44 PM,187 root INFO Loss = tensor([45.9676])
09/19/2019 06:59:51 PM,835 root INFO Loss = tensor([47.7526])
09/19/2019 07:00:00 PM,272 root INFO Loss = tensor([45.4314])
09/19/2019 07:00:07 PM,765 root INFO Loss = tensor([47.2000])
09/19/2019 07:00:13 PM,778 root INFO Validation All-nodes accuracy:0.5(best:0.51)
09/19/2019 07:00:13 PM,779 root INFO Validation Root accuracy:0.53(best:0.54)
09/19/2019 07:00:19 PM,117 root INFO Training All-nodes accuracy:0.6(best:0.6)
09/19/2019 07:00:19 PM,117 root INFO Training Root accuracy:0.74(best:0.74)
09/19/2019 07:00:19 PM,121 root INFO Epoch: 23
09/19/2019 07:00:20 PM,171 root INFO Loss = tensor([47.7427])
09/19/2019 07:00:29 PM,436 root INFO Loss = tensor([47.6102])
09/19/2019 07:00:38 PM,337 root INFO Loss = tensor([46.0452])
09/19/2019 07:00:46 PM,292 root INFO Loss = tensor([47.6202])
09/19/2019 07:00:55 PM,206 root INFO Loss = tensor([47.7723])
09/19/2019 07:01:01 PM,891 root INFO Validation All-nodes accuracy:0.51(best:0.51)
09/19/2019 07:01:01 PM,891 root INFO Validation Root accuracy:0.56(best:0.56)
09/19/2019 07:01:09 PM,56 root INFO Training All-nodes accuracy:0.59(best:0.6)
09/19/2019 07:01:09 PM,57 root INFO Training Root accuracy:0.73(best:0.74)
09/19/2019 07:01:09 PM,63 root INFO Epoch: 24
09/19/2019 07:01:10 PM,410 root INFO Loss = tensor([47.3682])
09/19/2019 07:01:19 PM,635 root INFO Loss = tensor([49.1202])
09/19/2019 07:01:28 PM,988 root INFO Loss = tensor([46.9031])
09/19/2019 07:01:38 PM,464 root INFO Loss = tensor([46.6053])
09/19/2019 07:01:49 PM,831 root INFO Loss = tensor([46.8452])
09/19/2019 07:01:57 PM,676 root INFO Validation All-nodes accuracy:0.5(best:0.51)
09/19/2019 07:01:57 PM,677 root INFO Validation Root accuracy:0.51(best:0.56)
09/19/2019 07:02:05 PM,499 root INFO Training All-nodes accuracy:0.6(best:0.6)
09/19/2019 07:02:05 PM,501 root INFO Training Root accuracy:0.75(best:0.75)
09/19/2019 07:02:05 PM,504 root INFO Epoch: 25
09/19/2019 07:02:06 PM,699 root INFO Loss = tensor([44.9994])
09/19/2019 07:02:14 PM,587 root INFO Loss = tensor([45.2149])
09/19/2019 07:02:23 PM,209 root INFO Loss = tensor([46.4746])
09/19/2019 07:02:32 PM,230 root INFO Loss = tensor([47.2329])
09/19/2019 07:02:41 PM,242 root INFO Loss = tensor([45.9031])
09/19/2019 07:02:46 PM,936 root INFO Validation All-nodes accuracy:0.51(best:0.51)
09/19/2019 07:02:46 PM,937 root INFO Validation Root accuracy:0.59(best:0.59)
09/19/2019 07:02:52 PM,589 root INFO Training All-nodes accuracy:0.61(best:0.61)
09/19/2019 07:02:52 PM,590 root INFO Training Root accuracy:0.77(best:0.77)
09/19/2019 07:02:52 PM,593 root INFO Epoch: 26
09/19/2019 07:02:53 PM,660 root INFO Loss = tensor([46.8170])
09/19/2019 07:03:02 PM,388 root INFO Loss = tensor([46.8661])
09/19/2019 07:03:11 PM,110 root INFO Loss = tensor([46.3745])
09/19/2019 07:03:19 PM,313 root INFO Loss = tensor([47.9965])
09/19/2019 07:03:28 PM,965 root INFO Loss = tensor([47.1281])
09/19/2019 07:03:35 PM,358 root INFO Validation All-nodes accuracy:0.51(best:0.51)
09/19/2019 07:03:35 PM,358 root INFO Validation Root accuracy:0.53(best:0.59)
09/19/2019 07:03:42 PM,383 root INFO Training All-nodes accuracy:0.6(best:0.61)
09/19/2019 07:03:42 PM,383 root INFO Training Root accuracy:0.79(best:0.79)
09/19/2019 07:03:42 PM,387 root INFO Epoch: 27
09/19/2019 07:03:43 PM,553 root INFO Loss = tensor([47.5176])
09/19/2019 07:03:52 PM,450 root INFO Loss = tensor([46.2222])
09/19/2019 07:04:00 PM,468 root INFO Loss = tensor([46.2907])
09/19/2019 07:04:08 PM,710 root INFO Loss = tensor([45.9320])
09/19/2019 07:04:17 PM,159 root INFO Loss = tensor([46.9320])
09/19/2019 07:04:23 PM,58 root INFO Validation All-nodes accuracy:0.51(best:0.51)
09/19/2019 07:04:23 PM,59 root INFO Validation Root accuracy:0.61(best:0.61)
09/19/2019 07:04:28 PM,684 root INFO Training All-nodes accuracy:0.62(best:0.62)
09/19/2019 07:04:28 PM,685 root INFO Training Root accuracy:0.79(best:0.79)
09/19/2019 07:04:28 PM,691 root INFO Epoch: 28
09/19/2019 07:04:29 PM,805 root INFO Loss = tensor([47.5161])
09/19/2019 07:04:38 PM,348 root INFO Loss = tensor([48.0337])
09/19/2019 07:04:46 PM,825 root INFO Loss = tensor([47.9843])
09/19/2019 07:04:54 PM,796 root INFO Loss = tensor([47.6850])
09/19/2019 07:05:03 PM,547 root INFO Loss = tensor([47.4681])
09/19/2019 07:05:09 PM,342 root INFO Validation All-nodes accuracy:0.51(best:0.51)
09/19/2019 07:05:09 PM,343 root INFO Validation Root accuracy:0.6(best:0.61)
09/19/2019 07:05:15 PM,490 root INFO Training All-nodes accuracy:0.6(best:0.62)
09/19/2019 07:05:15 PM,491 root INFO Training Root accuracy:0.78(best:0.79)
09/19/2019 07:05:15 PM,494 root INFO Epoch: 29
09/19/2019 07:05:16 PM,489 root INFO Loss = tensor([46.0394])
09/19/2019 07:05:24 PM,374 root INFO Loss = tensor([46.3722])
09/19/2019 07:05:32 PM,395 root INFO Loss = tensor([46.7178])
09/19/2019 07:05:40 PM,573 root INFO Loss = tensor([47.6305])
09/19/2019 07:05:49 PM,581 root INFO Loss = tensor([48.3850])
09/19/2019 07:05:55 PM,553 root INFO Validation All-nodes accuracy:0.52(best:0.52)
09/19/2019 07:05:55 PM,554 root INFO Validation Root accuracy:0.6(best:0.61)
09/19/2019 07:06:01 PM,141 root INFO Training All-nodes accuracy:0.61(best:0.62)
09/19/2019 07:06:01 PM,141 root INFO Training Root accuracy:0.75(best:0.79)
09/19/2019 07:06:01 PM,144 root INFO Epoch: 30
09/19/2019 07:06:02 PM,113 root INFO Loss = tensor([45.8739])
09/19/2019 07:06:10 PM,405 root INFO Loss = tensor([45.4755])
09/19/2019 07:06:21 PM,382 root INFO Loss = tensor([45.8809])
09/19/2019 07:06:32 PM,136 root INFO Loss = tensor([46.0635])
09/19/2019 07:06:41 PM,165 root INFO Loss = tensor([47.8880])
09/19/2019 07:06:47 PM,697 root INFO Validation All-nodes accuracy:0.52(best:0.52)
09/19/2019 07:06:47 PM,697 root INFO Validation Root accuracy:0.64(best:0.64)
09/19/2019 07:06:53 PM,222 root INFO Training All-nodes accuracy:0.62(best:0.62)
09/19/2019 07:06:53 PM,222 root INFO Training Root accuracy:0.79(best:0.79)
09/19/2019 07:06:53 PM,225 root INFO Epoch: 31
09/19/2019 07:06:54 PM,190 root INFO Loss = tensor([45.7099])
09/19/2019 07:07:02 PM,185 root INFO Loss = tensor([45.5810])
09/19/2019 07:07:10 PM,15 root INFO Loss = tensor([46.1029])
09/19/2019 07:07:19 PM,522 root INFO Loss = tensor([45.5367])
09/19/2019 07:07:28 PM,257 root INFO Loss = tensor([47.3550])
09/19/2019 07:07:34 PM,754 root INFO Validation All-nodes accuracy:0.51(best:0.52)
09/19/2019 07:07:34 PM,754 root INFO Validation Root accuracy:0.63(best:0.64)
09/19/2019 07:07:41 PM,906 root INFO Training All-nodes accuracy:0.62(best:0.62)
09/19/2019 07:07:41 PM,906 root INFO Training Root accuracy:0.81(best:0.81)
09/19/2019 07:07:41 PM,911 root INFO Epoch: 32
09/19/2019 07:07:42 PM,938 root INFO Loss = tensor([45.9730])
09/19/2019 07:07:51 PM,838 root INFO Loss = tensor([46.6615])
09/19/2019 07:08:00 PM,387 root INFO Loss = tensor([44.5380])
09/19/2019 07:08:08 PM,0 root INFO Loss = tensor([45.8067])
09/19/2019 07:08:16 PM,63 root INFO Loss = tensor([45.7244])
09/19/2019 07:08:22 PM,704 root INFO Validation All-nodes accuracy:0.53(best:0.53)
09/19/2019 07:08:22 PM,705 root INFO Validation Root accuracy:0.67(best:0.67)
09/19/2019 07:08:29 PM,532 root INFO Training All-nodes accuracy:0.64(best:0.64)
09/19/2019 07:08:29 PM,532 root INFO Training Root accuracy:0.82(best:0.82)
09/19/2019 07:08:29 PM,535 root INFO Epoch: 33
09/19/2019 07:08:30 PM,530 root INFO Loss = tensor([45.1259])
09/19/2019 07:08:38 PM,629 root INFO Loss = tensor([47.8963])
09/19/2019 07:08:47 PM,565 root INFO Loss = tensor([45.5185])
09/19/2019 07:08:55 PM,602 root INFO Loss = tensor([46.7376])
09/19/2019 07:09:04 PM,144 root INFO Loss = tensor([44.4447])
09/19/2019 07:09:09 PM,760 root INFO Validation All-nodes accuracy:0.53(best:0.53)
09/19/2019 07:09:09 PM,763 root INFO Validation Root accuracy:0.66(best:0.67)
09/19/2019 07:09:16 PM,67 root INFO Training All-nodes accuracy:0.64(best:0.64)
09/19/2019 07:09:16 PM,67 root INFO Training Root accuracy:0.84(best:0.84)
09/19/2019 07:09:16 PM,70 root INFO Epoch: 34
09/19/2019 07:09:17 PM,189 root INFO Loss = tensor([45.8144])
09/19/2019 07:09:25 PM,501 root INFO Loss = tensor([46.8003])
09/19/2019 07:09:34 PM,484 root INFO Loss = tensor([45.1629])
09/19/2019 07:09:42 PM,295 root INFO Loss = tensor([45.9786])
09/19/2019 07:09:50 PM,296 root INFO Loss = tensor([45.2832])
09/19/2019 07:09:56 PM,91 root INFO Validation All-nodes accuracy:0.53(best:0.53)
09/19/2019 07:09:56 PM,92 root INFO Validation Root accuracy:0.66(best:0.67)
09/19/2019 07:10:02 PM,265 root INFO Training All-nodes accuracy:0.63(best:0.64)
09/19/2019 07:10:02 PM,266 root INFO Training Root accuracy:0.84(best:0.84)
09/19/2019 07:10:02 PM,269 root INFO Epoch: 35
09/19/2019 07:10:03 PM,271 root INFO Loss = tensor([45.4357])
09/19/2019 07:10:11 PM,505 root INFO Loss = tensor([50.5697])
09/19/2019 07:10:20 PM,647 root INFO Loss = tensor([48.6193])
09/19/2019 07:10:28 PM,586 root INFO Loss = tensor([45.9524])
09/19/2019 07:10:36 PM,755 root INFO Loss = tensor([48.0514])
09/19/2019 07:10:43 PM,127 root INFO Validation All-nodes accuracy:0.53(best:0.53)
09/19/2019 07:10:43 PM,128 root INFO Validation Root accuracy:0.63(best:0.67)
09/19/2019 07:10:49 PM,37 root INFO Training All-nodes accuracy:0.63(best:0.64)
09/19/2019 07:10:49 PM,37 root INFO Training Root accuracy:0.8(best:0.84)
09/19/2019 07:10:49 PM,40 root INFO Epoch: 36
09/19/2019 07:10:50 PM,73 root INFO Loss = tensor([45.0358])
09/19/2019 07:10:58 PM,100 root INFO Loss = tensor([46.9819])
09/19/2019 07:11:06 PM,625 root INFO Loss = tensor([48.0252])
09/19/2019 07:11:15 PM,169 root INFO Loss = tensor([49.3175])
09/19/2019 07:11:23 PM,968 root INFO Loss = tensor([47.6914])
09/19/2019 07:11:30 PM,382 root INFO Validation All-nodes accuracy:0.5(best:0.53)
09/19/2019 07:11:30 PM,382 root INFO Validation Root accuracy:0.61(best:0.67)
09/19/2019 07:11:36 PM,916 root INFO Training All-nodes accuracy:0.62(best:0.64)
09/19/2019 07:11:36 PM,916 root INFO Training Root accuracy:0.8(best:0.84)
09/19/2019 07:11:36 PM,922 root INFO Epoch: 37
09/19/2019 07:11:37 PM,859 root INFO Loss = tensor([44.8611])
09/19/2019 07:11:45 PM,505 root INFO Loss = tensor([48.3740])
09/19/2019 07:11:54 PM,337 root INFO Loss = tensor([49.1496])
09/19/2019 07:12:02 PM,484 root INFO Loss = tensor([45.4916])
09/19/2019 07:12:10 PM,528 root INFO Loss = tensor([46.1577])
09/19/2019 07:12:16 PM,232 root INFO Validation All-nodes accuracy:0.53(best:0.53)
09/19/2019 07:12:16 PM,233 root INFO Validation Root accuracy:0.63(best:0.67)
09/19/2019 07:12:21 PM,778 root INFO Training All-nodes accuracy:0.63(best:0.64)
09/19/2019 07:12:21 PM,778 root INFO Training Root accuracy:0.83(best:0.84)
09/19/2019 07:12:21 PM,783 root INFO Epoch: 38
09/19/2019 07:12:22 PM,957 root INFO Loss = tensor([45.5694])
09/19/2019 07:12:31 PM,492 root INFO Loss = tensor([44.7826])
09/19/2019 07:12:39 PM,475 root INFO Loss = tensor([46.5361])
09/19/2019 07:12:48 PM,96 root INFO Loss = tensor([45.6513])
09/19/2019 07:12:56 PM,596 root INFO Loss = tensor([45.5738])
09/19/2019 07:13:02 PM,580 root INFO Validation All-nodes accuracy:0.52(best:0.53)
09/19/2019 07:13:02 PM,580 root INFO Validation Root accuracy:0.6(best:0.67)
09/19/2019 07:13:09 PM,837 root INFO Training All-nodes accuracy:0.64(best:0.64)
09/19/2019 07:13:09 PM,838 root INFO Training Root accuracy:0.84(best:0.84)
09/19/2019 07:13:09 PM,843 root INFO Epoch: 39
09/19/2019 07:13:11 PM,460 root INFO Loss = tensor([48.1466])
09/19/2019 07:13:24 PM,129 root INFO Loss = tensor([46.3300])
09/19/2019 07:13:33 PM,651 root INFO Loss = tensor([45.9165])
09/19/2019 07:13:46 PM,410 root INFO Loss = tensor([44.8582])
09/19/2019 07:13:55 PM,958 root INFO Loss = tensor([44.4907])
09/19/2019 07:14:01 PM,994 root INFO Validation All-nodes accuracy:0.52(best:0.53)
09/19/2019 07:14:01 PM,995 root INFO Validation Root accuracy:0.61(best:0.67)
09/19/2019 07:14:08 PM,103 root INFO Training All-nodes accuracy:0.64(best:0.64)
09/19/2019 07:14:08 PM,103 root INFO Training Root accuracy:0.87(best:0.87)
09/19/2019 07:14:08 PM,107 root INFO Epoch: 40
09/19/2019 07:14:09 PM,153 root INFO Loss = tensor([44.8188])
09/19/2019 07:14:18 PM,40 root INFO Loss = tensor([47.1579])
09/19/2019 07:14:27 PM,952 root INFO Loss = tensor([45.1214])
09/19/2019 07:14:36 PM,510 root INFO Loss = tensor([48.2709])
09/19/2019 07:14:45 PM,620 root INFO Loss = tensor([47.9144])
09/19/2019 07:14:51 PM,860 root INFO Validation All-nodes accuracy:0.51(best:0.53)
09/19/2019 07:14:51 PM,861 root INFO Validation Root accuracy:0.59(best:0.67)
09/19/2019 07:14:57 PM,902 root INFO Training All-nodes accuracy:0.63(best:0.64)
09/19/2019 07:14:57 PM,903 root INFO Training Root accuracy:0.83(best:0.87)
09/19/2019 07:14:57 PM,908 root INFO Epoch: 41
09/19/2019 07:14:58 PM,964 root INFO Loss = tensor([45.7267])
09/19/2019 07:15:07 PM,664 root INFO Loss = tensor([48.7827])
09/19/2019 07:15:18 PM,594 root INFO Loss = tensor([48.5124])
09/19/2019 07:15:28 PM,50 root INFO Loss = tensor([46.5454])
09/19/2019 07:15:36 PM,977 root INFO Loss = tensor([45.6827])
09/19/2019 07:15:43 PM,631 root INFO Validation All-nodes accuracy:0.52(best:0.53)
09/19/2019 07:15:43 PM,632 root INFO Validation Root accuracy:0.59(best:0.67)
09/19/2019 07:15:49 PM,768 root INFO Training All-nodes accuracy:0.63(best:0.64)
09/19/2019 07:15:49 PM,768 root INFO Training Root accuracy:0.79(best:0.87)
09/19/2019 07:15:49 PM,774 root INFO Epoch: 42
09/19/2019 07:15:50 PM,855 root INFO Loss = tensor([46.2613])
09/19/2019 07:15:59 PM,655 root INFO Loss = tensor([48.9837])
09/19/2019 07:16:08 PM,551 root INFO Loss = tensor([48.1620])
09/19/2019 07:16:18 PM,223 root INFO Loss = tensor([50.2323])
09/19/2019 07:16:27 PM,498 root INFO Loss = tensor([48.4336])
09/19/2019 07:16:34 PM,59 root INFO Validation All-nodes accuracy:0.5(best:0.53)
09/19/2019 07:16:34 PM,59 root INFO Validation Root accuracy:0.49(best:0.67)
09/19/2019 07:16:40 PM,361 root INFO Training All-nodes accuracy:0.56(best:0.64)
09/19/2019 07:16:40 PM,361 root INFO Training Root accuracy:0.56(best:0.87)
09/19/2019 07:16:40 PM,365 root INFO Epoch: 43
09/19/2019 07:16:41 PM,344 root INFO Loss = tensor([47.4685])
09/19/2019 07:16:49 PM,806 root INFO Loss = tensor([46.9203])
09/19/2019 07:16:57 PM,843 root INFO Loss = tensor([48.7195])
09/19/2019 07:17:06 PM,809 root INFO Loss = tensor([47.9894])
09/19/2019 07:17:15 PM,491 root INFO Loss = tensor([49.6839])
09/19/2019 07:17:21 PM,614 root INFO Validation All-nodes accuracy:0.5(best:0.53)
09/19/2019 07:17:21 PM,615 root INFO Validation Root accuracy:0.5(best:0.67)
09/19/2019 07:17:28 PM,231 root INFO Training All-nodes accuracy:0.54(best:0.64)
09/19/2019 07:17:28 PM,231 root INFO Training Root accuracy:0.52(best:0.87)
09/19/2019 07:17:28 PM,236 root INFO Epoch: 44
09/19/2019 07:17:29 PM,496 root INFO Loss = tensor([49.2077])
09/19/2019 07:17:40 PM,129 root INFO Loss = tensor([47.5581])
09/19/2019 07:17:49 PM,134 root INFO Loss = tensor([47.5629])
09/19/2019 07:17:58 PM,307 root INFO Loss = tensor([48.6706])
09/19/2019 07:18:06 PM,842 root INFO Loss = tensor([50.1371])
09/19/2019 07:18:13 PM,100 root INFO Validation All-nodes accuracy:0.51(best:0.53)
09/19/2019 07:18:13 PM,101 root INFO Validation Root accuracy:0.56(best:0.67)
09/19/2019 07:18:18 PM,656 root INFO Training All-nodes accuracy:0.55(best:0.64)
09/19/2019 07:18:18 PM,657 root INFO Training Root accuracy:0.52(best:0.87)
09/19/2019 07:18:18 PM,661 root INFO Epoch: 45
09/19/2019 07:18:19 PM,658 root INFO Loss = tensor([47.0213])
09/19/2019 07:18:28 PM,514 root INFO Loss = tensor([48.8428])
09/19/2019 07:18:37 PM,984 root INFO Loss = tensor([47.4414])
09/19/2019 07:18:46 PM,378 root INFO Loss = tensor([47.9818])
09/19/2019 07:18:55 PM,226 root INFO Loss = tensor([47.2504])
09/19/2019 07:19:01 PM,583 root INFO Validation All-nodes accuracy:0.51(best:0.53)
09/19/2019 07:19:01 PM,583 root INFO Validation Root accuracy:0.57(best:0.67)
09/19/2019 07:19:07 PM,440 root INFO Training All-nodes accuracy:0.55(best:0.64)
09/19/2019 07:19:07 PM,440 root INFO Training Root accuracy:0.53(best:0.87)
09/19/2019 07:19:07 PM,443 root INFO Epoch: 46
09/19/2019 07:19:08 PM,472 root INFO Loss = tensor([46.7059])
09/19/2019 07:19:17 PM,430 root INFO Loss = tensor([47.6906])
09/19/2019 07:19:26 PM,545 root INFO Loss = tensor([49.2648])
09/19/2019 07:19:36 PM,392 root INFO Loss = tensor([47.6761])
09/19/2019 07:19:44 PM,911 root INFO Loss = tensor([47.8315])
09/19/2019 07:19:51 PM,302 root INFO Validation All-nodes accuracy:0.5(best:0.53)
09/19/2019 07:19:51 PM,303 root INFO Validation Root accuracy:0.53(best:0.67)
09/19/2019 07:19:58 PM,550 root INFO Training All-nodes accuracy:0.58(best:0.64)
09/19/2019 07:19:58 PM,552 root INFO Training Root accuracy:0.59(best:0.87)
09/19/2019 07:19:58 PM,558 root INFO Epoch: 47
09/19/2019 07:20:00 PM,132 root INFO Loss = tensor([47.1791])
09/19/2019 07:20:09 PM,83 root INFO Loss = tensor([47.3942])
09/19/2019 07:20:18 PM,36 root INFO Loss = tensor([46.9257])
09/19/2019 07:20:26 PM,363 root INFO Loss = tensor([45.4993])
09/19/2019 07:20:34 PM,648 root INFO Loss = tensor([47.5350])
09/19/2019 07:20:41 PM,975 root INFO Validation All-nodes accuracy:0.5(best:0.53)
09/19/2019 07:20:41 PM,975 root INFO Validation Root accuracy:0.56(best:0.67)
09/19/2019 07:20:49 PM,46 root INFO Training All-nodes accuracy:0.61(best:0.64)
09/19/2019 07:20:49 PM,46 root INFO Training Root accuracy:0.67(best:0.87)
09/19/2019 07:20:49 PM,55 root INFO Epoch: 48
09/19/2019 07:20:50 PM,771 root INFO Loss = tensor([47.0997])
09/19/2019 07:21:00 PM,314 root INFO Loss = tensor([48.5902])
09/19/2019 07:21:12 PM,635 root INFO Loss = tensor([47.0673])
09/19/2019 07:21:23 PM,519 root INFO Loss = tensor([45.3543])
09/19/2019 07:21:32 PM,229 root INFO Loss = tensor([46.1723])
09/19/2019 07:21:38 PM,553 root INFO Validation All-nodes accuracy:0.51(best:0.53)
09/19/2019 07:21:38 PM,560 root INFO Validation Root accuracy:0.57(best:0.67)
09/19/2019 07:21:44 PM,600 root INFO Training All-nodes accuracy:0.62(best:0.64)
09/19/2019 07:21:44 PM,601 root INFO Training Root accuracy:0.8(best:0.87)
09/19/2019 07:21:44 PM,604 root INFO Epoch: 49
09/19/2019 07:21:45 PM,589 root INFO Loss = tensor([45.0735])
09/19/2019 07:21:53 PM,858 root INFO Loss = tensor([46.2101])
09/19/2019 07:22:02 PM,492 root INFO Loss = tensor([46.0154])
09/19/2019 07:22:11 PM,43 root INFO Loss = tensor([45.7487])
09/19/2019 07:22:19 PM,481 root INFO Loss = tensor([46.0474])
09/19/2019 07:22:27 PM,15 root INFO Validation All-nodes accuracy:0.5(best:0.53)
09/19/2019 07:22:27 PM,16 root INFO Validation Root accuracy:0.54(best:0.67)
09/19/2019 07:22:35 PM,570 root INFO Training All-nodes accuracy:0.64(best:0.64)
09/19/2019 07:22:35 PM,570 root INFO Training Root accuracy:0.82(best:0.87)
09/19/2019 07:22:35 PM,575 root INFO Epoch: 50
09/19/2019 07:22:36 PM,828 root INFO Loss = tensor([46.2190])
09/19/2019 07:22:47 PM,612 root INFO Loss = tensor([46.3608])
09/19/2019 07:22:58 PM,84 root INFO Loss = tensor([46.0818])
09/19/2019 07:23:08 PM,823 root INFO Loss = tensor([45.2108])
09/19/2019 07:23:18 PM,84 root INFO Loss = tensor([45.6227])
09/19/2019 07:23:23 PM,614 root INFO Validation All-nodes accuracy:0.5(best:0.53)
09/19/2019 07:23:23 PM,614 root INFO Validation Root accuracy:0.61(best:0.67)
09/19/2019 07:23:29 PM,427 root INFO Training All-nodes accuracy:0.64(best:0.64)
09/19/2019 07:23:29 PM,428 root INFO Training Root accuracy:0.83(best:0.87)
09/19/2019 07:23:29 PM,432 root INFO Epoch: 51
09/19/2019 07:23:30 PM,411 root INFO Loss = tensor([44.9649])
09/19/2019 07:23:40 PM,398 root INFO Loss = tensor([45.8540])
09/19/2019 07:23:50 PM,592 root INFO Loss = tensor([44.8034])
09/19/2019 07:24:01 PM,6 root INFO Loss = tensor([45.5851])
09/19/2019 07:24:11 PM,310 root INFO Loss = tensor([45.2528])
09/19/2019 07:24:18 PM,719 root INFO Validation All-nodes accuracy:0.52(best:0.53)
09/19/2019 07:24:18 PM,719 root INFO Validation Root accuracy:0.63(best:0.67)
09/19/2019 07:24:26 PM,469 root INFO Training All-nodes accuracy:0.64(best:0.64)
09/19/2019 07:24:26 PM,471 root INFO Training Root accuracy:0.83(best:0.87)
09/19/2019 07:24:26 PM,474 root INFO Epoch: 52
09/19/2019 07:24:27 PM,954 root INFO Loss = tensor([45.7455])
09/19/2019 07:24:38 PM,434 root INFO Loss = tensor([45.2978])
09/19/2019 07:24:49 PM,390 root INFO Loss = tensor([46.3951])
09/19/2019 07:25:00 PM,637 root INFO Loss = tensor([44.7155])
09/19/2019 07:25:11 PM,723 root INFO Loss = tensor([47.9615])
09/19/2019 07:25:20 PM,636 root INFO Validation All-nodes accuracy:0.52(best:0.53)
09/19/2019 07:25:20 PM,636 root INFO Validation Root accuracy:0.63(best:0.67)
09/19/2019 07:25:29 PM,688 root INFO Training All-nodes accuracy:0.64(best:0.64)
09/19/2019 07:25:29 PM,690 root INFO Training Root accuracy:0.84(best:0.87)
09/19/2019 07:25:29 PM,696 root INFO Epoch: 53
09/19/2019 07:25:31 PM,722 root INFO Loss = tensor([46.0556])
09/19/2019 07:25:43 PM,302 root INFO Loss = tensor([44.8865])
09/19/2019 07:25:51 PM,394 root INFO Loss = tensor([45.9020])
09/19/2019 07:25:59 PM,607 root INFO Loss = tensor([45.6345])
09/19/2019 07:26:07 PM,513 root INFO Loss = tensor([45.1818])
09/19/2019 07:26:13 PM,460 root INFO Validation All-nodes accuracy:0.53(best:0.53)
09/19/2019 07:26:13 PM,461 root INFO Validation Root accuracy:0.63(best:0.67)
09/19/2019 07:26:19 PM,110 root INFO Training All-nodes accuracy:0.65(best:0.65)
09/19/2019 07:26:19 PM,111 root INFO Training Root accuracy:0.87(best:0.87)
09/19/2019 07:26:19 PM,114 root INFO Epoch: 54
09/19/2019 07:26:20 PM,104 root INFO Loss = tensor([45.6594])
09/19/2019 07:26:28 PM,243 root INFO Loss = tensor([45.9459])
09/19/2019 07:26:35 PM,811 root INFO Loss = tensor([48.5038])
09/19/2019 07:26:43 PM,907 root INFO Loss = tensor([48.1879])
09/19/2019 07:26:51 PM,527 root INFO Loss = tensor([46.1904])
09/19/2019 07:26:56 PM,864 root INFO Validation All-nodes accuracy:0.5(best:0.53)
09/19/2019 07:26:56 PM,864 root INFO Validation Root accuracy:0.57(best:0.67)
09/19/2019 07:27:02 PM,241 root INFO Training All-nodes accuracy:0.61(best:0.65)
09/19/2019 07:27:02 PM,241 root INFO Training Root accuracy:0.68(best:0.87)
09/19/2019 07:27:02 PM,244 root INFO Epoch: 55
09/19/2019 07:27:03 PM,212 root INFO Loss = tensor([46.2778])
09/19/2019 07:27:11 PM,338 root INFO Loss = tensor([47.1437])
09/19/2019 07:27:19 PM,332 root INFO Loss = tensor([50.4058])
09/19/2019 07:27:27 PM,282 root INFO Loss = tensor([53.0962])
09/19/2019 07:27:35 PM,862 root INFO Loss = tensor([46.8217])
09/19/2019 07:27:41 PM,975 root INFO Validation All-nodes accuracy:0.5(best:0.53)
09/19/2019 07:27:41 PM,975 root INFO Validation Root accuracy:0.5(best:0.67)
09/19/2019 07:27:48 PM,709 root INFO Training All-nodes accuracy:0.54(best:0.65)
09/19/2019 07:27:48 PM,710 root INFO Training Root accuracy:0.51(best:0.87)
09/19/2019 07:27:48 PM,714 root INFO Epoch: 56
09/19/2019 07:27:49 PM,708 root INFO Loss = tensor([49.5235])
09/19/2019 07:27:57 PM,392 root INFO Loss = tensor([48.0553])
09/19/2019 07:28:05 PM,292 root INFO Loss = tensor([46.8742])
09/19/2019 07:30:24 PM,869 root INFO Loss = tensor([48.3011])
09/19/2019 07:30:33 PM,380 root INFO Loss = tensor([47.3473])
09/19/2019 07:30:38 PM,507 root INFO Validation All-nodes accuracy:0.51(best:0.53)
09/19/2019 07:30:38 PM,508 root INFO Validation Root accuracy:0.53(best:0.67)
09/19/2019 07:30:47 PM,177 root INFO Training All-nodes accuracy:0.56(best:0.65)
09/19/2019 07:30:47 PM,178 root INFO Training Root accuracy:0.58(best:0.87)
09/19/2019 07:30:47 PM,184 root INFO Epoch: 57
09/19/2019 07:30:49 PM,289 root INFO Loss = tensor([46.5624])
09/19/2019 07:30:58 PM,546 root INFO Loss = tensor([46.7119])
09/19/2019 07:31:05 PM,938 root INFO Loss = tensor([48.6726])
09/19/2019 07:31:13 PM,879 root INFO Loss = tensor([47.5742])
09/19/2019 07:31:25 PM,947 root INFO Loss = tensor([47.6182])
09/19/2019 07:31:33 PM,841 root INFO Validation All-nodes accuracy:0.51(best:0.53)
09/19/2019 07:31:33 PM,843 root INFO Validation Root accuracy:0.56(best:0.67)
09/19/2019 07:31:40 PM,310 root INFO Training All-nodes accuracy:0.57(best:0.65)
09/19/2019 07:31:40 PM,311 root INFO Training Root accuracy:0.56(best:0.87)
09/19/2019 07:31:40 PM,316 root INFO Epoch: 58
09/19/2019 07:31:41 PM,191 root INFO Loss = tensor([46.0423])
09/19/2019 07:31:51 PM,800 root INFO Loss = tensor([46.6281])
09/19/2019 07:32:02 PM,833 root INFO Loss = tensor([46.8623])
09/19/2019 07:32:12 PM,219 root INFO Loss = tensor([47.5999])
09/19/2019 07:32:23 PM,117 root INFO Loss = tensor([47.6824])
09/19/2019 07:32:29 PM,462 root INFO Validation All-nodes accuracy:0.52(best:0.53)
09/19/2019 07:32:29 PM,463 root INFO Validation Root accuracy:0.6(best:0.67)
09/19/2019 07:32:34 PM,630 root INFO Training All-nodes accuracy:0.59(best:0.65)
09/19/2019 07:32:34 PM,630 root INFO Training Root accuracy:0.63(best:0.87)
09/19/2019 07:32:34 PM,633 root INFO Epoch: 59
09/19/2019 07:32:35 PM,480 root INFO Loss = tensor([46.6201])
09/19/2019 07:32:42 PM,796 root INFO Loss = tensor([48.9425])
09/19/2019 07:32:51 PM,173 root INFO Loss = tensor([45.7864])
09/19/2019 07:32:58 PM,312 root INFO Loss = tensor([46.5333])
09/19/2019 07:33:05 PM,777 root INFO Loss = tensor([44.6409])
09/19/2019 07:33:10 PM,871 root INFO Validation All-nodes accuracy:0.52(best:0.53)
09/19/2019 07:33:10 PM,872 root INFO Validation Root accuracy:0.59(best:0.67)
09/19/2019 07:33:15 PM,809 root INFO Training All-nodes accuracy:0.64(best:0.65)
09/19/2019 07:33:15 PM,809 root INFO Training Root accuracy:0.79(best:0.87)
09/19/2019 07:33:15 PM,812 root INFO Epoch: 60
09/19/2019 07:33:16 PM,644 root INFO Loss = tensor([45.0006])
09/19/2019 07:33:23 PM,981 root INFO Loss = tensor([45.9782])
09/19/2019 07:33:31 PM,636 root INFO Loss = tensor([46.1575])
09/19/2019 07:33:39 PM,133 root INFO Loss = tensor([49.3889])
09/19/2019 07:33:47 PM,650 root INFO Loss = tensor([46.4150])
09/19/2019 07:33:53 PM,411 root INFO Validation All-nodes accuracy:0.52(best:0.53)
09/19/2019 07:33:53 PM,411 root INFO Validation Root accuracy:0.63(best:0.67)
09/19/2019 07:33:58 PM,428 root INFO Training All-nodes accuracy:0.63(best:0.65)
09/19/2019 07:33:58 PM,428 root INFO Training Root accuracy:0.79(best:0.87)
09/19/2019 07:33:58 PM,433 root INFO Epoch: 61
09/19/2019 07:33:59 PM,392 root INFO Loss = tensor([46.9088])
09/19/2019 07:34:07 PM,406 root INFO Loss = tensor([47.3792])
09/19/2019 07:34:15 PM,258 root INFO Loss = tensor([44.8938])
09/19/2019 07:34:22 PM,804 root INFO Loss = tensor([44.9471])
09/19/2019 07:34:29 PM,969 root INFO Loss = tensor([45.5195])
09/19/2019 07:34:35 PM,299 root INFO Validation All-nodes accuracy:0.53(best:0.53)
09/19/2019 07:34:35 PM,299 root INFO Validation Root accuracy:0.64(best:0.67)
09/19/2019 07:34:40 PM,908 root INFO Training All-nodes accuracy:0.65(best:0.65)
09/19/2019 07:34:40 PM,909 root INFO Training Root accuracy:0.86(best:0.87)
09/19/2019 07:34:40 PM,912 root INFO Epoch: 62
09/19/2019 07:34:42 PM,25 root INFO Loss = tensor([45.7249])
09/19/2019 07:34:50 PM,175 root INFO Loss = tensor([46.3717])
09/19/2019 07:34:58 PM,105 root INFO Loss = tensor([45.7880])
09/19/2019 07:35:05 PM,517 root INFO Loss = tensor([46.1948])
09/19/2019 07:35:14 PM,253 root INFO Loss = tensor([45.2126])
09/19/2019 07:35:19 PM,955 root INFO Validation All-nodes accuracy:0.51(best:0.53)
09/19/2019 07:35:19 PM,955 root INFO Validation Root accuracy:0.63(best:0.67)
09/19/2019 07:35:26 PM,213 root INFO Training All-nodes accuracy:0.65(best:0.65)
09/19/2019 07:35:26 PM,214 root INFO Training Root accuracy:0.84(best:0.87)
09/19/2019 07:35:26 PM,217 root INFO Epoch: 63
09/19/2019 07:35:27 PM,199 root INFO Loss = tensor([45.8613])
09/19/2019 07:35:34 PM,881 root INFO Loss = tensor([44.5954])
09/19/2019 07:35:42 PM,282 root INFO Loss = tensor([44.4797])
09/19/2019 07:35:49 PM,820 root INFO Loss = tensor([45.1798])
09/19/2019 07:35:58 PM,445 root INFO Loss = tensor([45.9991])
09/19/2019 07:36:04 PM,276 root INFO Validation All-nodes accuracy:0.51(best:0.53)
09/19/2019 07:36:04 PM,277 root INFO Validation Root accuracy:0.63(best:0.67)
09/19/2019 07:36:09 PM,484 root INFO Training All-nodes accuracy:0.64(best:0.65)
09/19/2019 07:36:09 PM,485 root INFO Training Root accuracy:0.86(best:0.87)
09/19/2019 07:36:09 PM,488 root INFO Epoch: 64
09/19/2019 07:36:10 PM,446 root INFO Loss = tensor([45.2020])
09/19/2019 07:36:18 PM,635 root INFO Loss = tensor([44.4782])
09/19/2019 07:36:26 PM,356 root INFO Loss = tensor([44.8859])
09/19/2019 07:36:34 PM,562 root INFO Loss = tensor([48.1572])
09/19/2019 07:36:43 PM,651 root INFO Loss = tensor([44.7154])
09/19/2019 07:36:49 PM,130 root INFO Validation All-nodes accuracy:0.53(best:0.53)
09/19/2019 07:36:49 PM,130 root INFO Validation Root accuracy:0.7(best:0.7)
09/19/2019 07:36:55 PM,869 root INFO Training All-nodes accuracy:0.65(best:0.65)
09/19/2019 07:36:55 PM,870 root INFO Training Root accuracy:0.87(best:0.87)
09/19/2019 07:36:55 PM,876 root INFO Epoch: 65
09/19/2019 07:36:57 PM,175 root INFO Loss = tensor([45.1292])
09/19/2019 07:37:05 PM,311 root INFO Loss = tensor([44.9167])
09/19/2019 07:37:13 PM,448 root INFO Loss = tensor([45.2288])
09/19/2019 07:37:21 PM,309 root INFO Loss = tensor([45.0906])
09/19/2019 07:37:29 PM,862 root INFO Loss = tensor([45.1497])
09/19/2019 07:37:35 PM,402 root INFO Validation All-nodes accuracy:0.53(best:0.53)
09/19/2019 07:37:35 PM,403 root INFO Validation Root accuracy:0.66(best:0.7)
09/19/2019 07:37:40 PM,797 root INFO Training All-nodes accuracy:0.65(best:0.65)
09/19/2019 07:37:40 PM,798 root INFO Training Root accuracy:0.89(best:0.89)
09/19/2019 07:37:40 PM,802 root INFO Epoch: 66
09/19/2019 07:37:41 PM,712 root INFO Loss = tensor([44.8229])
09/19/2019 07:37:50 PM,90 root INFO Loss = tensor([45.6095])
09/19/2019 07:37:59 PM,176 root INFO Loss = tensor([44.7352])
09/19/2019 07:38:07 PM,855 root INFO Loss = tensor([45.1497])
09/19/2019 07:38:15 PM,364 root INFO Loss = tensor([44.1523])
09/19/2019 07:38:20 PM,445 root INFO Validation All-nodes accuracy:0.53(best:0.53)
09/19/2019 07:38:20 PM,445 root INFO Validation Root accuracy:0.63(best:0.7)
09/19/2019 07:38:25 PM,324 root INFO Training All-nodes accuracy:0.66(best:0.66)
09/19/2019 07:38:25 PM,324 root INFO Training Root accuracy:0.89(best:0.89)
09/19/2019 07:38:25 PM,330 root INFO Epoch: 67
09/19/2019 07:38:26 PM,239 root INFO Loss = tensor([45.3772])
09/19/2019 07:38:34 PM,189 root INFO Loss = tensor([44.9562])
09/19/2019 07:38:41 PM,926 root INFO Loss = tensor([43.6398])
09/19/2019 07:38:49 PM,502 root INFO Loss = tensor([44.3160])
09/19/2019 07:38:58 PM,43 root INFO Loss = tensor([45.5967])
09/19/2019 07:39:04 PM,66 root INFO Validation All-nodes accuracy:0.53(best:0.53)
09/19/2019 07:39:04 PM,66 root INFO Validation Root accuracy:0.61(best:0.7)
09/19/2019 07:39:09 PM,23 root INFO Training All-nodes accuracy:0.66(best:0.66)
09/19/2019 07:39:09 PM,24 root INFO Training Root accuracy:0.9(best:0.9)
09/19/2019 07:39:09 PM,27 root INFO Epoch: 68
09/19/2019 07:39:10 PM,12 root INFO Loss = tensor([45.2835])
09/19/2019 07:39:17 PM,723 root INFO Loss = tensor([45.6311])
09/19/2019 07:39:25 PM,729 root INFO Loss = tensor([43.6817])
09/19/2019 07:39:33 PM,603 root INFO Loss = tensor([43.5579])
09/19/2019 07:39:40 PM,480 root INFO Loss = tensor([45.3457])
09/19/2019 07:39:45 PM,697 root INFO Validation All-nodes accuracy:0.52(best:0.53)
09/19/2019 07:39:45 PM,699 root INFO Validation Root accuracy:0.61(best:0.7)
09/19/2019 07:39:52 PM,439 root INFO Training All-nodes accuracy:0.66(best:0.66)
09/19/2019 07:39:52 PM,440 root INFO Training Root accuracy:0.89(best:0.9)
09/19/2019 07:39:52 PM,444 root INFO Epoch: 69
09/19/2019 07:39:54 PM,33 root INFO Loss = tensor([44.7191])
09/19/2019 07:40:02 PM,200 root INFO Loss = tensor([45.1851])
09/19/2019 07:40:09 PM,690 root INFO Loss = tensor([44.3717])
09/19/2019 07:40:18 PM,20 root INFO Loss = tensor([45.2241])
09/19/2019 07:40:26 PM,273 root INFO Loss = tensor([45.4674])
09/19/2019 07:40:33 PM,134 root INFO Validation All-nodes accuracy:0.53(best:0.53)
09/19/2019 07:40:33 PM,134 root INFO Validation Root accuracy:0.63(best:0.7)
09/19/2019 07:40:39 PM,256 root INFO Training All-nodes accuracy:0.66(best:0.66)
09/19/2019 07:40:39 PM,256 root INFO Training Root accuracy:0.91(best:0.91)
09/19/2019 07:40:39 PM,260 root INFO Epoch: 70
09/19/2019 07:40:40 PM,131 root INFO Loss = tensor([44.4312])
09/19/2019 07:40:49 PM,314 root INFO Loss = tensor([45.9253])
09/19/2019 07:40:57 PM,139 root INFO Loss = tensor([44.1798])
09/19/2019 07:41:04 PM,635 root INFO Loss = tensor([43.7130])
09/19/2019 07:41:11 PM,931 root INFO Loss = tensor([46.8517])
09/19/2019 07:41:17 PM,493 root INFO Validation All-nodes accuracy:0.53(best:0.53)
09/19/2019 07:41:17 PM,493 root INFO Validation Root accuracy:0.69(best:0.7)
09/19/2019 07:41:26 PM,913 root INFO Training All-nodes accuracy:0.66(best:0.66)
09/19/2019 07:41:26 PM,913 root INFO Training Root accuracy:0.89(best:0.91)
09/19/2019 07:41:26 PM,917 root INFO Epoch: 71
09/19/2019 07:41:27 PM,980 root INFO Loss = tensor([44.7793])
09/19/2019 07:41:37 PM,13 root INFO Loss = tensor([48.7504])
09/19/2019 07:41:47 PM,648 root INFO Loss = tensor([46.4024])
09/19/2019 07:41:54 PM,794 root INFO Loss = tensor([45.3412])
09/19/2019 07:42:06 PM,201 root INFO Loss = tensor([45.8778])
09/19/2019 07:42:11 PM,489 root INFO Validation All-nodes accuracy:0.53(best:0.53)
09/19/2019 07:42:11 PM,490 root INFO Validation Root accuracy:0.66(best:0.7)
09/19/2019 07:42:21 PM,186 root INFO Training All-nodes accuracy:0.66(best:0.66)
09/19/2019 07:42:21 PM,186 root INFO Training Root accuracy:0.91(best:0.91)
09/19/2019 07:42:21 PM,188 root INFO Epoch: 72
09/19/2019 07:42:22 PM,260 root INFO Loss = tensor([45.1130])
09/19/2019 07:42:33 PM,333 root INFO Loss = tensor([45.0950])
09/19/2019 07:42:46 PM,43 root INFO Loss = tensor([46.3616])
09/19/2019 07:42:55 PM,183 root INFO Loss = tensor([45.9861])
09/19/2019 07:43:08 PM,502 root INFO Loss = tensor([45.1225])
09/19/2019 07:43:17 PM,767 root INFO Validation All-nodes accuracy:0.52(best:0.53)
09/19/2019 07:43:17 PM,768 root INFO Validation Root accuracy:0.64(best:0.7)
09/19/2019 07:43:27 PM,564 root INFO Training All-nodes accuracy:0.65(best:0.66)
09/19/2019 07:43:27 PM,565 root INFO Training Root accuracy:0.89(best:0.91)
09/19/2019 07:43:27 PM,568 root INFO Epoch: 73
09/19/2019 07:43:28 PM,497 root INFO Loss = tensor([46.4191])
09/19/2019 07:43:41 PM,903 root INFO Loss = tensor([44.3155])
09/19/2019 07:43:58 PM,416 root INFO Loss = tensor([44.7658])
09/19/2019 07:44:12 PM,451 root INFO Loss = tensor([45.7077])
09/19/2019 07:44:31 PM,76 root INFO Loss = tensor([43.9685])
09/19/2019 07:44:43 PM,494 root INFO Validation All-nodes accuracy:0.52(best:0.53)
09/19/2019 07:44:43 PM,498 root INFO Validation Root accuracy:0.63(best:0.7)
09/19/2019 07:44:56 PM,59 root INFO Training All-nodes accuracy:0.66(best:0.66)
09/19/2019 07:44:56 PM,61 root INFO Training Root accuracy:0.91(best:0.91)
09/19/2019 07:44:56 PM,68 root INFO Epoch: 74
09/19/2019 07:44:58 PM,272 root INFO Loss = tensor([44.4401])
09/19/2019 07:45:16 PM,34 root INFO Loss = tensor([44.9183])
09/19/2019 07:45:33 PM,913 root INFO Loss = tensor([44.5864])
09/19/2019 07:45:52 PM,573 root INFO Loss = tensor([43.2935])
09/19/2019 07:46:10 PM,157 root INFO Loss = tensor([48.2562])
09/19/2019 07:46:26 PM,155 root INFO Validation All-nodes accuracy:0.52(best:0.53)
09/19/2019 07:46:26 PM,157 root INFO Validation Root accuracy:0.6(best:0.7)
09/19/2019 07:46:42 PM,425 root INFO Training All-nodes accuracy:0.66(best:0.66)
09/19/2019 07:46:42 PM,425 root INFO Training Root accuracy:0.92(best:0.92)
09/19/2019 07:46:42 PM,438 root INFO Epoch: 75
09/19/2019 07:46:45 PM,466 root INFO Loss = tensor([45.2447])
09/19/2019 07:47:04 PM,530 root INFO Loss = tensor([44.6003])
09/19/2019 07:47:21 PM,381 root INFO Loss = tensor([50.5015])
09/19/2019 07:47:43 PM,415 root INFO Loss = tensor([47.2360])
09/19/2019 07:48:03 PM,678 root INFO Loss = tensor([44.6083])
09/19/2019 07:48:16 PM,916 root INFO Validation All-nodes accuracy:0.51(best:0.53)
09/19/2019 07:48:16 PM,917 root INFO Validation Root accuracy:0.61(best:0.7)
09/19/2019 07:48:30 PM,962 root INFO Training All-nodes accuracy:0.65(best:0.66)
09/19/2019 07:48:30 PM,964 root INFO Training Root accuracy:0.88(best:0.92)
09/19/2019 07:48:30 PM,972 root INFO Epoch: 76
09/19/2019 07:48:33 PM,677 root INFO Loss = tensor([43.7100])
09/19/2019 07:48:52 PM,178 root INFO Loss = tensor([46.6177])
09/19/2019 07:49:10 PM,916 root INFO Loss = tensor([47.5483])
09/19/2019 07:49:31 PM,625 root INFO Loss = tensor([48.1347])
09/19/2019 07:49:52 PM,786 root INFO Loss = tensor([45.8922])
09/19/2019 07:50:08 PM,220 root INFO Validation All-nodes accuracy:0.53(best:0.53)
09/19/2019 07:50:08 PM,223 root INFO Validation Root accuracy:0.6(best:0.7)
09/19/2019 07:50:21 PM,500 root INFO Training All-nodes accuracy:0.66(best:0.66)
09/19/2019 07:50:21 PM,502 root INFO Training Root accuracy:0.89(best:0.92)
09/19/2019 07:50:21 PM,512 root INFO Epoch: 77
09/19/2019 07:50:24 PM,991 root INFO Loss = tensor([44.5773])
09/19/2019 07:50:46 PM,152 root INFO Loss = tensor([48.8663])
09/19/2019 07:51:07 PM,402 root INFO Loss = tensor([50.3523])
09/19/2019 07:51:28 PM,47 root INFO Loss = tensor([48.9737])
09/19/2019 07:51:44 PM,204 root INFO Loss = tensor([49.0273])
09/19/2019 07:51:56 PM,705 root INFO Validation All-nodes accuracy:0.5(best:0.53)
09/19/2019 07:51:56 PM,706 root INFO Validation Root accuracy:0.51(best:0.7)
09/19/2019 07:52:09 PM,95 root INFO Training All-nodes accuracy:0.57(best:0.66)
09/19/2019 07:52:09 PM,96 root INFO Training Root accuracy:0.57(best:0.92)
09/19/2019 07:52:09 PM,103 root INFO Epoch: 78
09/19/2019 07:52:11 PM,290 root INFO Loss = tensor([48.1094])
09/19/2019 07:52:28 PM,569 root INFO Loss = tensor([44.5705])
09/19/2019 07:52:41 PM,688 root INFO Loss = tensor([49.4097])
09/19/2019 07:52:58 PM,260 root INFO Loss = tensor([51.3242])
09/19/2019 07:54:14 PM,817 root INFO Loss = tensor([53.3601])
09/19/2019 07:54:22 PM,279 root INFO Validation All-nodes accuracy:0.5(best:0.53)
09/19/2019 07:54:22 PM,279 root INFO Validation Root accuracy:0.5(best:0.7)
09/19/2019 07:54:31 PM,889 root INFO Training All-nodes accuracy:0.54(best:0.66)
09/19/2019 07:54:31 PM,889 root INFO Training Root accuracy:0.52(best:0.92)
09/19/2019 07:54:31 PM,899 root INFO Epoch: 79
09/19/2019 07:54:33 PM,237 root INFO Loss = tensor([49.8362])
09/19/2019 07:54:44 PM,45 root INFO Loss = tensor([49.2117])
09/19/2019 07:54:51 PM,848 root INFO Loss = tensor([46.9616])
09/19/2019 07:55:00 PM,29 root INFO Loss = tensor([46.3551])
09/19/2019 07:55:10 PM,213 root INFO Loss = tensor([47.6931])
09/19/2019 07:55:16 PM,10 root INFO Validation All-nodes accuracy:0.52(best:0.53)
09/19/2019 07:55:16 PM,10 root INFO Validation Root accuracy:0.64(best:0.7)
09/19/2019 07:55:23 PM,100 root INFO Training All-nodes accuracy:0.6(best:0.66)
09/19/2019 07:55:23 PM,101 root INFO Training Root accuracy:0.68(best:0.92)
09/19/2019 07:55:23 PM,105 root INFO Epoch: 80
09/19/2019 07:55:24 PM,119 root INFO Loss = tensor([45.3411])
09/19/2019 07:55:33 PM,184 root INFO Loss = tensor([47.2456])
09/19/2019 07:55:41 PM,347 root INFO Loss = tensor([45.1867])
09/19/2019 07:55:48 PM,76 root INFO Loss = tensor([45.9235])
09/19/2019 07:55:55 PM,425 root INFO Loss = tensor([45.5337])
09/19/2019 07:56:01 PM,243 root INFO Validation All-nodes accuracy:0.5(best:0.53)
09/19/2019 07:56:01 PM,244 root INFO Validation Root accuracy:0.56(best:0.7)
09/19/2019 07:56:07 PM,792 root INFO Training All-nodes accuracy:0.64(best:0.66)
09/19/2019 07:56:07 PM,793 root INFO Training Root accuracy:0.78(best:0.92)
09/19/2019 07:56:07 PM,796 root INFO Epoch: 81
09/19/2019 07:56:08 PM,952 root INFO Loss = tensor([47.1258])
09/19/2019 07:56:18 PM,160 root INFO Loss = tensor([45.8572])
09/19/2019 07:56:26 PM,646 root INFO Loss = tensor([46.4930])
09/19/2019 07:56:34 PM,217 root INFO Loss = tensor([44.6431])
09/19/2019 07:56:41 PM,210 root INFO Loss = tensor([44.8617])
09/19/2019 07:56:46 PM,505 root INFO Validation All-nodes accuracy:0.51(best:0.53)
09/19/2019 07:56:46 PM,506 root INFO Validation Root accuracy:0.57(best:0.7)
09/19/2019 07:56:52 PM,372 root INFO Training All-nodes accuracy:0.64(best:0.66)
09/19/2019 07:56:52 PM,372 root INFO Training Root accuracy:0.88(best:0.92)
09/19/2019 07:56:52 PM,375 root INFO Epoch: 82
09/19/2019 07:56:53 PM,556 root INFO Loss = tensor([44.7047])
09/19/2019 07:57:01 PM,312 root INFO Loss = tensor([44.7902])
09/19/2019 07:57:08 PM,970 root INFO Loss = tensor([45.0433])
09/19/2019 07:57:17 PM,85 root INFO Loss = tensor([46.4637])
09/19/2019 07:57:25 PM,330 root INFO Loss = tensor([44.3895])
09/19/2019 07:57:30 PM,773 root INFO Validation All-nodes accuracy:0.51(best:0.53)
09/19/2019 07:57:30 PM,773 root INFO Validation Root accuracy:0.57(best:0.7)
09/19/2019 07:57:36 PM,116 root INFO Training All-nodes accuracy:0.65(best:0.66)
09/19/2019 07:57:36 PM,117 root INFO Training Root accuracy:0.87(best:0.92)
09/19/2019 07:57:36 PM,120 root INFO Epoch: 83
09/19/2019 07:57:37 PM,181 root INFO Loss = tensor([45.2027])
09/19/2019 07:57:45 PM,194 root INFO Loss = tensor([43.2518])
09/19/2019 07:57:52 PM,417 root INFO Loss = tensor([44.6479])
09/19/2019 07:57:59 PM,889 root INFO Loss = tensor([43.6723])
09/19/2019 07:58:06 PM,729 root INFO Loss = tensor([45.3636])
09/19/2019 07:58:12 PM,139 root INFO Validation All-nodes accuracy:0.52(best:0.53)
09/19/2019 07:58:12 PM,140 root INFO Validation Root accuracy:0.59(best:0.7)
09/19/2019 07:58:19 PM,613 root INFO Training All-nodes accuracy:0.66(best:0.66)
09/19/2019 07:58:19 PM,615 root INFO Training Root accuracy:0.9(best:0.92)
09/19/2019 07:58:19 PM,623 root INFO Epoch: 84
09/19/2019 07:58:20 PM,917 root INFO Loss = tensor([44.0617])
09/19/2019 07:58:29 PM,78 root INFO Loss = tensor([44.7025])
09/19/2019 07:58:37 PM,5 root INFO Loss = tensor([43.9928])
09/19/2019 07:58:44 PM,727 root INFO Loss = tensor([44.7008])
09/19/2019 07:58:52 PM,865 root INFO Loss = tensor([44.6943])
09/19/2019 07:58:58 PM,818 root INFO Validation All-nodes accuracy:0.51(best:0.53)
09/19/2019 07:58:58 PM,818 root INFO Validation Root accuracy:0.61(best:0.7)
09/19/2019 07:59:04 PM,226 root INFO Training All-nodes accuracy:0.67(best:0.67)
09/19/2019 07:59:04 PM,226 root INFO Training Root accuracy:0.91(best:0.92)
09/19/2019 07:59:04 PM,229 root INFO Epoch: 85
09/19/2019 07:59:05 PM,313 root INFO Loss = tensor([45.4632])
09/19/2019 07:59:13 PM,386 root INFO Loss = tensor([43.4043])
09/19/2019 07:59:20 PM,847 root INFO Loss = tensor([46.4658])
09/19/2019 07:59:29 PM,38 root INFO Loss = tensor([44.1970])
09/19/2019 07:59:36 PM,465 root INFO Loss = tensor([44.4454])
09/19/2019 07:59:42 PM,247 root INFO Validation All-nodes accuracy:0.51(best:0.53)
09/19/2019 07:59:42 PM,247 root INFO Validation Root accuracy:0.63(best:0.7)
09/19/2019 07:59:48 PM,231 root INFO Training All-nodes accuracy:0.66(best:0.67)
09/19/2019 07:59:48 PM,231 root INFO Training Root accuracy:0.91(best:0.92)
09/19/2019 07:59:48 PM,235 root INFO Epoch: 86
09/19/2019 07:59:49 PM,400 root INFO Loss = tensor([43.8602])
09/19/2019 07:59:57 PM,155 root INFO Loss = tensor([44.4548])
09/19/2019 08:00:04 PM,802 root INFO Loss = tensor([44.2248])
09/19/2019 08:00:12 PM,526 root INFO Loss = tensor([46.4827])
09/19/2019 08:00:20 PM,676 root INFO Loss = tensor([49.9246])
09/19/2019 08:00:27 PM,405 root INFO Validation All-nodes accuracy:0.52(best:0.53)
09/19/2019 08:00:27 PM,406 root INFO Validation Root accuracy:0.57(best:0.7)
09/19/2019 08:00:33 PM,28 root INFO Training All-nodes accuracy:0.66(best:0.67)
09/19/2019 08:00:33 PM,29 root INFO Training Root accuracy:0.86(best:0.92)
09/19/2019 08:00:33 PM,31 root INFO Epoch: 87
09/19/2019 08:00:34 PM,111 root INFO Loss = tensor([45.8039])
09/19/2019 08:00:42 PM,240 root INFO Loss = tensor([45.4310])
09/19/2019 08:00:49 PM,881 root INFO Loss = tensor([46.2749])
09/19/2019 08:00:58 PM,141 root INFO Loss = tensor([45.6782])
09/19/2019 08:01:05 PM,827 root INFO Loss = tensor([43.7214])
09/19/2019 08:01:11 PM,719 root INFO Validation All-nodes accuracy:0.52(best:0.53)
09/19/2019 08:01:11 PM,719 root INFO Validation Root accuracy:0.67(best:0.7)
09/19/2019 08:01:17 PM,843 root INFO Training All-nodes accuracy:0.66(best:0.67)
09/19/2019 08:01:17 PM,843 root INFO Training Root accuracy:0.89(best:0.92)
09/19/2019 08:01:17 PM,847 root INFO Epoch: 88
09/19/2019 08:01:18 PM,856 root INFO Loss = tensor([43.7617])
09/19/2019 08:01:26 PM,651 root INFO Loss = tensor([44.3576])
09/19/2019 08:01:34 PM,541 root INFO Loss = tensor([44.0944])
09/19/2019 08:01:42 PM,112 root INFO Loss = tensor([44.1536])
09/19/2019 08:01:49 PM,887 root INFO Loss = tensor([43.8171])
09/19/2019 08:01:55 PM,515 root INFO Validation All-nodes accuracy:0.53(best:0.53)
09/19/2019 08:01:55 PM,515 root INFO Validation Root accuracy:0.66(best:0.7)
09/19/2019 08:02:01 PM,602 root INFO Training All-nodes accuracy:0.67(best:0.67)
09/19/2019 08:02:01 PM,603 root INFO Training Root accuracy:0.92(best:0.92)
09/19/2019 08:02:01 PM,605 root INFO Epoch: 89
09/19/2019 08:02:02 PM,509 root INFO Loss = tensor([42.4986])
09/19/2019 08:02:09 PM,609 root INFO Loss = tensor([44.4442])
09/19/2019 08:02:17 PM,557 root INFO Loss = tensor([44.8164])
09/19/2019 08:02:27 PM,71 root INFO Loss = tensor([44.2958])
09/19/2019 08:02:35 PM,944 root INFO Loss = tensor([44.2481])
09/19/2019 08:02:42 PM,62 root INFO Validation All-nodes accuracy:0.53(best:0.53)
09/19/2019 08:02:42 PM,63 root INFO Validation Root accuracy:0.64(best:0.7)
09/19/2019 08:02:47 PM,925 root INFO Training All-nodes accuracy:0.67(best:0.67)
09/19/2019 08:02:47 PM,925 root INFO Training Root accuracy:0.92(best:0.92)
09/19/2019 08:02:47 PM,929 root INFO Epoch: 90
09/19/2019 08:02:49 PM,92 root INFO Loss = tensor([44.0282])
09/19/2019 08:02:57 PM,986 root INFO Loss = tensor([42.2880])
09/19/2019 08:03:06 PM,627 root INFO Loss = tensor([46.7456])
09/19/2019 08:03:15 PM,409 root INFO Loss = tensor([44.3916])
09/19/2019 08:03:24 PM,6 root INFO Loss = tensor([44.2009])
09/19/2019 08:03:29 PM,185 root INFO Validation All-nodes accuracy:0.52(best:0.53)
09/19/2019 08:03:29 PM,186 root INFO Validation Root accuracy:0.66(best:0.7)
09/19/2019 08:03:34 PM,944 root INFO Training All-nodes accuracy:0.67(best:0.67)
09/19/2019 08:03:34 PM,944 root INFO Training Root accuracy:0.92(best:0.92)
09/19/2019 08:03:34 PM,947 root INFO Epoch: 91
09/19/2019 08:03:36 PM,100 root INFO Loss = tensor([43.6493])
09/19/2019 08:03:44 PM,153 root INFO Loss = tensor([43.8845])
09/19/2019 08:03:52 PM,665 root INFO Loss = tensor([45.5937])
09/19/2019 08:04:00 PM,413 root INFO Loss = tensor([44.6723])
09/19/2019 08:04:08 PM,303 root INFO Loss = tensor([44.6313])
09/19/2019 08:04:14 PM,170 root INFO Validation All-nodes accuracy:0.53(best:0.53)
09/19/2019 08:04:14 PM,170 root INFO Validation Root accuracy:0.63(best:0.7)
09/19/2019 08:04:20 PM,306 root INFO Training All-nodes accuracy:0.67(best:0.67)
09/19/2019 08:04:20 PM,307 root INFO Training Root accuracy:0.93(best:0.93)
09/19/2019 08:04:20 PM,309 root INFO Epoch: 92
09/19/2019 08:04:21 PM,248 root INFO Loss = tensor([43.3193])
09/19/2019 08:04:28 PM,780 root INFO Loss = tensor([44.4006])
09/19/2019 08:04:39 PM,22 root INFO Loss = tensor([43.5888])
09/19/2019 08:04:47 PM,779 root INFO Loss = tensor([43.2477])
09/19/2019 08:04:56 PM,347 root INFO Loss = tensor([45.6480])
09/19/2019 08:05:03 PM,578 root INFO Validation All-nodes accuracy:0.52(best:0.53)
09/19/2019 08:05:03 PM,579 root INFO Validation Root accuracy:0.6(best:0.7)
09/19/2019 08:05:11 PM,213 root INFO Training All-nodes accuracy:0.67(best:0.67)
09/19/2019 08:05:11 PM,214 root INFO Training Root accuracy:0.93(best:0.93)
09/19/2019 08:05:11 PM,217 root INFO Epoch: 93
09/19/2019 08:05:12 PM,505 root INFO Loss = tensor([43.1046])
09/19/2019 08:05:22 PM,364 root INFO Loss = tensor([44.3044])
09/19/2019 08:05:31 PM,548 root INFO Loss = tensor([43.4796])
09/19/2019 08:05:40 PM,451 root INFO Loss = tensor([43.0056])
09/19/2019 08:05:50 PM,12 root INFO Loss = tensor([46.7159])
09/19/2019 08:05:56 PM,827 root INFO Validation All-nodes accuracy:0.53(best:0.53)
09/19/2019 08:05:56 PM,827 root INFO Validation Root accuracy:0.67(best:0.7)
09/19/2019 08:06:03 PM,387 root INFO Training All-nodes accuracy:0.67(best:0.67)
09/19/2019 08:06:03 PM,388 root INFO Training Root accuracy:0.93(best:0.93)
09/19/2019 08:06:03 PM,391 root INFO Epoch: 94
09/19/2019 08:06:05 PM,248 root INFO Loss = tensor([43.9726])
09/19/2019 08:06:15 PM,722 root INFO Loss = tensor([43.2604])
09/19/2019 08:06:25 PM,863 root INFO Loss = tensor([42.7649])
09/19/2019 08:06:33 PM,824 root INFO Loss = tensor([43.4354])
09/19/2019 08:06:43 PM,482 root INFO Loss = tensor([43.9924])
09/19/2019 08:06:49 PM,902 root INFO Validation All-nodes accuracy:0.52(best:0.53)
09/19/2019 08:06:49 PM,902 root INFO Validation Root accuracy:0.64(best:0.7)
09/19/2019 08:06:56 PM,44 root INFO Training All-nodes accuracy:0.67(best:0.67)
09/19/2019 08:06:56 PM,44 root INFO Training Root accuracy:0.93(best:0.93)
09/19/2019 08:06:56 PM,47 root INFO Epoch: 95
09/19/2019 08:06:57 PM,109 root INFO Loss = tensor([44.0120])
09/19/2019 08:07:05 PM,295 root INFO Loss = tensor([45.1438])
09/19/2019 08:07:14 PM,905 root INFO Loss = tensor([44.1882])
09/19/2019 08:07:25 PM,992 root INFO Loss = tensor([43.0102])
09/19/2019 08:07:33 PM,960 root INFO Loss = tensor([44.0802])
09/19/2019 08:07:39 PM,477 root INFO Validation All-nodes accuracy:0.51(best:0.53)
09/19/2019 08:07:39 PM,479 root INFO Validation Root accuracy:0.59(best:0.7)
09/19/2019 08:07:46 PM,459 root INFO Training All-nodes accuracy:0.68(best:0.68)
09/19/2019 08:07:46 PM,460 root INFO Training Root accuracy:0.94(best:0.94)
09/19/2019 08:07:46 PM,464 root INFO Epoch: 96
09/19/2019 08:07:47 PM,688 root INFO Loss = tensor([45.7088])
09/19/2019 08:07:57 PM,78 root INFO Loss = tensor([43.0515])
09/19/2019 08:08:06 PM,824 root INFO Loss = tensor([44.2740])
09/19/2019 08:08:15 PM,739 root INFO Loss = tensor([43.5420])
09/19/2019 08:08:24 PM,264 root INFO Loss = tensor([43.7043])
09/19/2019 08:08:31 PM,693 root INFO Validation All-nodes accuracy:0.52(best:0.53)
09/19/2019 08:08:31 PM,694 root INFO Validation Root accuracy:0.59(best:0.7)
09/19/2019 08:08:37 PM,764 root INFO Training All-nodes accuracy:0.68(best:0.68)
09/19/2019 08:08:37 PM,764 root INFO Training Root accuracy:0.95(best:0.95)
09/19/2019 08:08:37 PM,768 root INFO Epoch: 97
09/19/2019 08:08:38 PM,805 root INFO Loss = tensor([44.1302])
09/19/2019 08:08:47 PM,816 root INFO Loss = tensor([46.4441])
09/19/2019 08:08:56 PM,360 root INFO Loss = tensor([47.3560])
09/19/2019 08:09:05 PM,104 root INFO Loss = tensor([45.8343])
09/19/2019 08:09:14 PM,263 root INFO Loss = tensor([43.9203])
09/19/2019 08:09:20 PM,801 root INFO Validation All-nodes accuracy:0.52(best:0.53)
09/19/2019 08:09:20 PM,802 root INFO Validation Root accuracy:0.57(best:0.7)
09/19/2019 08:09:26 PM,801 root INFO Training All-nodes accuracy:0.66(best:0.68)
09/19/2019 08:09:26 PM,801 root INFO Training Root accuracy:0.9(best:0.95)
09/19/2019 08:09:26 PM,805 root INFO Epoch: 98
09/19/2019 08:09:27 PM,982 root INFO Loss = tensor([43.7720])
09/19/2019 08:09:36 PM,98 root INFO Loss = tensor([45.0253])
09/19/2019 08:09:45 PM,497 root INFO Loss = tensor([49.8169])
09/19/2019 08:09:54 PM,235 root INFO Loss = tensor([45.6381])
09/19/2019 08:10:02 PM,59 root INFO Loss = tensor([44.3554])
09/19/2019 08:10:08 PM,444 root INFO Validation All-nodes accuracy:0.5(best:0.53)
09/19/2019 08:10:08 PM,445 root INFO Validation Root accuracy:0.53(best:0.7)
09/19/2019 08:10:15 PM,343 root INFO Training All-nodes accuracy:0.65(best:0.68)
09/19/2019 08:10:15 PM,344 root INFO Training Root accuracy:0.86(best:0.95)
09/19/2019 08:10:15 PM,347 root INFO Epoch: 99
09/19/2019 08:10:16 PM,907 root INFO Loss = tensor([43.4279])
09/19/2019 08:10:25 PM,84 root INFO Loss = tensor([47.8692])
09/19/2019 08:10:33 PM,985 root INFO Loss = tensor([51.1247])
09/19/2019 08:10:41 PM,433 root INFO Loss = tensor([52.1201])
09/19/2019 08:10:49 PM,502 root INFO Loss = tensor([53.2276])
09/19/2019 08:10:55 PM,904 root INFO Validation All-nodes accuracy:0.5(best:0.53)
09/19/2019 08:10:55 PM,905 root INFO Validation Root accuracy:0.5(best:0.7)
09/19/2019 08:11:01 PM,87 root INFO Training All-nodes accuracy:0.55(best:0.68)
09/19/2019 08:11:01 PM,88 root INFO Training Root accuracy:0.53(best:0.95)
