09/18/2019 12:46:36 AM,135 gensim.utils INFO loading Word2VecKeyedVectors object from /MTP/makeCollections/aadhar_w2v
09/18/2019 12:46:36 AM,379 gensim.utils INFO loading vectors from /MTP/makeCollections/aadhar_w2v.vectors.npy with mmap=None
09/18/2019 12:46:36 AM,613 gensim.utils INFO setting ignored attribute vectors_norm to None
09/18/2019 12:46:36 AM,613 gensim.utils INFO loaded /MTP/makeCollections/aadhar_w2v
09/18/2019 12:46:36 AM,613 gensim.models.utils_any2vec INFO loading projection weights from /MTP/makeCollections/GoogleNews-vectors-negative300.bin
09/18/2019 12:48:02 AM,216 gensim.models.utils_any2vec INFO loaded (3000000, 300) matrix from /MTP/makeCollections/GoogleNews-vectors-negative300.bin
09/18/2019 12:48:48 AM,679 root INFO Start logging
09/18/2019 12:48:53 AM,747 root INFO Epoch: 0
09/18/2019 12:48:54 AM,805 root INFO Loss = tensor([28.0122])
09/18/2019 12:48:58 AM,698 root INFO Validation All-nodes accuracy:0.5(best:0.5)
09/18/2019 12:48:58 AM,698 root INFO Validation Root accuracy:0.38(best:0.38)
09/18/2019 12:49:00 AM,33 root INFO Training All-nodes accuracy:0.49(best:0.49)
09/18/2019 12:49:00 AM,34 root INFO Training Root accuracy:0.52(best:0.52)
09/18/2019 12:49:00 AM,35 root INFO Epoch: 1
09/18/2019 12:49:01 AM,174 root INFO Loss = tensor([28.1221])
09/18/2019 12:49:05 AM,16 root INFO Validation All-nodes accuracy:0.48(best:0.5)
09/18/2019 12:49:05 AM,17 root INFO Validation Root accuracy:0.38(best:0.38)
09/18/2019 12:49:06 AM,163 root INFO Training All-nodes accuracy:0.5(best:0.5)
09/18/2019 12:49:06 AM,163 root INFO Training Root accuracy:0.5(best:0.52)
09/18/2019 12:49:06 AM,164 root INFO Epoch: 2
09/18/2019 12:49:07 AM,266 root INFO Loss = tensor([28.0381])
09/18/2019 12:49:10 AM,959 root INFO Validation All-nodes accuracy:0.48(best:0.5)
09/18/2019 12:49:10 AM,959 root INFO Validation Root accuracy:0.38(best:0.38)
09/18/2019 12:49:12 AM,154 root INFO Training All-nodes accuracy:0.5(best:0.5)
09/18/2019 12:49:12 AM,154 root INFO Training Root accuracy:0.51(best:0.52)
09/18/2019 12:49:12 AM,155 root INFO Epoch: 3
09/18/2019 12:49:13 AM,246 root INFO Loss = tensor([28.1166])
09/18/2019 12:49:16 AM,642 root INFO Validation All-nodes accuracy:0.47(best:0.5)
09/18/2019 12:49:16 AM,643 root INFO Validation Root accuracy:0.38(best:0.38)
09/18/2019 12:49:17 AM,737 root INFO Training All-nodes accuracy:0.5(best:0.5)
09/18/2019 12:49:17 AM,737 root INFO Training Root accuracy:0.53(best:0.53)
09/18/2019 12:49:17 AM,738 root INFO Epoch: 4
09/18/2019 12:49:18 AM,706 root INFO Loss = tensor([28.0934])
09/18/2019 12:49:23 AM,27 root INFO Validation All-nodes accuracy:0.49(best:0.5)
09/18/2019 12:49:23 AM,30 root INFO Validation Root accuracy:0.46(best:0.46)
09/18/2019 12:49:24 AM,429 root INFO Training All-nodes accuracy:0.51(best:0.51)
09/18/2019 12:49:24 AM,429 root INFO Training Root accuracy:0.55(best:0.55)
09/18/2019 12:49:24 AM,430 root INFO Epoch: 5
09/18/2019 12:49:25 AM,519 root INFO Loss = tensor([28.0186])
09/18/2019 12:49:29 AM,535 root INFO Validation All-nodes accuracy:0.5(best:0.5)
09/18/2019 12:49:29 AM,536 root INFO Validation Root accuracy:0.46(best:0.46)
09/18/2019 12:49:30 AM,665 root INFO Training All-nodes accuracy:0.52(best:0.52)
09/18/2019 12:49:30 AM,665 root INFO Training Root accuracy:0.55(best:0.55)
09/18/2019 12:49:30 AM,667 root INFO Epoch: 6
09/18/2019 12:49:31 AM,640 root INFO Loss = tensor([28.0082])
09/18/2019 12:49:35 AM,245 root INFO Validation All-nodes accuracy:0.51(best:0.51)
09/18/2019 12:49:35 AM,246 root INFO Validation Root accuracy:0.54(best:0.54)
09/18/2019 12:49:36 AM,377 root INFO Training All-nodes accuracy:0.52(best:0.52)
09/18/2019 12:49:36 AM,377 root INFO Training Root accuracy:0.55(best:0.55)
09/18/2019 12:49:36 AM,378 root INFO Epoch: 7
09/18/2019 12:49:37 AM,342 root INFO Loss = tensor([28.0086])
09/18/2019 12:49:39 AM,938 root INFO Validation All-nodes accuracy:0.52(best:0.52)
09/18/2019 12:49:39 AM,939 root INFO Validation Root accuracy:0.54(best:0.54)
09/18/2019 12:49:41 AM,92 root INFO Training All-nodes accuracy:0.53(best:0.53)
09/18/2019 12:49:41 AM,93 root INFO Training Root accuracy:0.55(best:0.55)
09/18/2019 12:49:41 AM,95 root INFO Epoch: 8
09/18/2019 12:49:42 AM,35 root INFO Loss = tensor([28.0849])
09/18/2019 12:49:44 AM,715 root INFO Validation All-nodes accuracy:0.52(best:0.52)
09/18/2019 12:49:44 AM,716 root INFO Validation Root accuracy:0.54(best:0.54)
09/18/2019 12:49:45 AM,845 root INFO Training All-nodes accuracy:0.54(best:0.54)
09/18/2019 12:49:45 AM,846 root INFO Training Root accuracy:0.55(best:0.55)
09/18/2019 12:49:45 AM,847 root INFO Epoch: 9
09/18/2019 12:49:46 AM,791 root INFO Loss = tensor([28.1075])
09/18/2019 12:49:49 AM,457 root INFO Validation All-nodes accuracy:0.52(best:0.52)
09/18/2019 12:49:49 AM,457 root INFO Validation Root accuracy:0.46(best:0.54)
09/18/2019 12:49:50 AM,562 root INFO Training All-nodes accuracy:0.55(best:0.55)
09/18/2019 12:49:50 AM,562 root INFO Training Root accuracy:0.56(best:0.56)
09/18/2019 12:49:50 AM,563 root INFO Epoch: 10
09/18/2019 12:49:51 AM,499 root INFO Loss = tensor([28.0780])
09/18/2019 12:49:54 AM,166 root INFO Validation All-nodes accuracy:0.51(best:0.52)
09/18/2019 12:49:54 AM,167 root INFO Validation Root accuracy:0.46(best:0.54)
09/18/2019 12:49:55 AM,278 root INFO Training All-nodes accuracy:0.55(best:0.55)
09/18/2019 12:49:55 AM,279 root INFO Training Root accuracy:0.59(best:0.59)
09/18/2019 12:49:55 AM,279 root INFO Epoch: 11
09/18/2019 12:49:56 AM,207 root INFO Loss = tensor([28.0194])
09/18/2019 12:49:58 AM,847 root INFO Validation All-nodes accuracy:0.52(best:0.52)
09/18/2019 12:49:58 AM,848 root INFO Validation Root accuracy:0.46(best:0.54)
09/18/2019 12:50:00 AM,237 root INFO Training All-nodes accuracy:0.56(best:0.56)
09/18/2019 12:50:00 AM,237 root INFO Training Root accuracy:0.62(best:0.62)
09/18/2019 12:50:00 AM,239 root INFO Epoch: 12
09/18/2019 12:50:01 AM,194 root INFO Loss = tensor([28.0090])
09/18/2019 12:50:03 AM,873 root INFO Validation All-nodes accuracy:0.51(best:0.52)
09/18/2019 12:50:03 AM,873 root INFO Validation Root accuracy:0.46(best:0.54)
09/18/2019 12:50:04 AM,987 root INFO Training All-nodes accuracy:0.57(best:0.57)
09/18/2019 12:50:04 AM,988 root INFO Training Root accuracy:0.66(best:0.66)
09/18/2019 12:50:04 AM,989 root INFO Epoch: 13
09/18/2019 12:50:05 AM,931 root INFO Loss = tensor([27.8835])
09/18/2019 12:50:08 AM,626 root INFO Validation All-nodes accuracy:0.51(best:0.52)
09/18/2019 12:50:08 AM,627 root INFO Validation Root accuracy:0.38(best:0.54)
09/18/2019 12:50:09 AM,735 root INFO Training All-nodes accuracy:0.58(best:0.58)
09/18/2019 12:50:09 AM,736 root INFO Training Root accuracy:0.66(best:0.66)
09/18/2019 12:50:09 AM,737 root INFO Epoch: 14
09/18/2019 12:50:10 AM,653 root INFO Loss = tensor([27.8627])
09/18/2019 12:50:13 AM,289 root INFO Validation All-nodes accuracy:0.52(best:0.52)
09/18/2019 12:50:13 AM,289 root INFO Validation Root accuracy:0.38(best:0.54)
09/18/2019 12:50:14 AM,496 root INFO Training All-nodes accuracy:0.59(best:0.59)
09/18/2019 12:50:14 AM,496 root INFO Training Root accuracy:0.68(best:0.68)
09/18/2019 12:50:14 AM,497 root INFO Epoch: 15
09/18/2019 12:50:15 AM,437 root INFO Loss = tensor([27.8984])
09/18/2019 12:50:18 AM,99 root INFO Validation All-nodes accuracy:0.52(best:0.52)
09/18/2019 12:50:18 AM,99 root INFO Validation Root accuracy:0.31(best:0.54)
09/18/2019 12:50:19 AM,237 root INFO Training All-nodes accuracy:0.6(best:0.6)
09/18/2019 12:50:19 AM,239 root INFO Training Root accuracy:0.69(best:0.69)
09/18/2019 12:50:19 AM,239 root INFO Epoch: 16
09/18/2019 12:50:20 AM,232 root INFO Loss = tensor([27.8289])
09/18/2019 12:50:22 AM,886 root INFO Validation All-nodes accuracy:0.52(best:0.52)
09/18/2019 12:50:22 AM,886 root INFO Validation Root accuracy:0.46(best:0.54)
09/18/2019 12:50:24 AM,7 root INFO Training All-nodes accuracy:0.6(best:0.6)
09/18/2019 12:50:24 AM,7 root INFO Training Root accuracy:0.7(best:0.7)
09/18/2019 12:50:24 AM,9 root INFO Epoch: 17
09/18/2019 12:50:24 AM,949 root INFO Loss = tensor([27.8693])
09/18/2019 12:50:27 AM,613 root INFO Validation All-nodes accuracy:0.52(best:0.52)
09/18/2019 12:50:27 AM,614 root INFO Validation Root accuracy:0.38(best:0.54)
09/18/2019 12:50:28 AM,713 root INFO Training All-nodes accuracy:0.61(best:0.61)
09/18/2019 12:50:28 AM,714 root INFO Training Root accuracy:0.7(best:0.7)
09/18/2019 12:50:28 AM,715 root INFO Epoch: 18
09/18/2019 12:50:29 AM,651 root INFO Loss = tensor([27.6833])
09/18/2019 12:50:32 AM,604 root INFO Validation All-nodes accuracy:0.54(best:0.54)
09/18/2019 12:50:32 AM,604 root INFO Validation Root accuracy:0.46(best:0.54)
09/18/2019 12:50:33 AM,781 root INFO Training All-nodes accuracy:0.62(best:0.62)
09/18/2019 12:50:33 AM,781 root INFO Training Root accuracy:0.78(best:0.78)
09/18/2019 12:50:33 AM,783 root INFO Epoch: 19
09/18/2019 12:50:34 AM,753 root INFO Loss = tensor([27.6753])
09/18/2019 12:50:37 AM,704 root INFO Validation All-nodes accuracy:0.54(best:0.54)
09/18/2019 12:50:37 AM,704 root INFO Validation Root accuracy:0.38(best:0.54)
09/18/2019 12:50:39 AM,270 root INFO Training All-nodes accuracy:0.62(best:0.62)
09/18/2019 12:50:39 AM,270 root INFO Training Root accuracy:0.74(best:0.78)
09/18/2019 12:50:39 AM,271 root INFO Epoch: 20
09/18/2019 12:50:40 AM,508 root INFO Loss = tensor([27.3753])
09/18/2019 12:50:43 AM,707 root INFO Validation All-nodes accuracy:0.56(best:0.56)
09/18/2019 12:50:43 AM,708 root INFO Validation Root accuracy:0.69(best:0.69)
09/18/2019 12:50:45 AM,201 root INFO Training All-nodes accuracy:0.62(best:0.62)
09/18/2019 12:50:45 AM,201 root INFO Training Root accuracy:0.77(best:0.78)
09/18/2019 12:50:45 AM,204 root INFO Epoch: 21
09/18/2019 12:50:46 AM,312 root INFO Loss = tensor([27.2105])
09/18/2019 12:50:49 AM,160 root INFO Validation All-nodes accuracy:0.55(best:0.56)
09/18/2019 12:50:49 AM,160 root INFO Validation Root accuracy:0.46(best:0.69)
09/18/2019 12:50:50 AM,301 root INFO Training All-nodes accuracy:0.63(best:0.63)
09/18/2019 12:50:50 AM,301 root INFO Training Root accuracy:0.74(best:0.78)
09/18/2019 12:50:50 AM,302 root INFO Epoch: 22
09/18/2019 12:50:51 AM,252 root INFO Loss = tensor([27.0335])
09/18/2019 12:50:53 AM,877 root INFO Validation All-nodes accuracy:0.55(best:0.56)
09/18/2019 12:50:53 AM,880 root INFO Validation Root accuracy:0.46(best:0.69)
09/18/2019 12:50:54 AM,993 root INFO Training All-nodes accuracy:0.63(best:0.63)
09/18/2019 12:50:54 AM,994 root INFO Training Root accuracy:0.73(best:0.78)
09/18/2019 12:50:54 AM,995 root INFO Epoch: 23
09/18/2019 12:50:55 AM,950 root INFO Loss = tensor([27.0181])
09/18/2019 12:50:58 AM,608 root INFO Validation All-nodes accuracy:0.53(best:0.56)
09/18/2019 12:50:58 AM,609 root INFO Validation Root accuracy:0.46(best:0.69)
09/18/2019 12:50:59 AM,700 root INFO Training All-nodes accuracy:0.63(best:0.63)
09/18/2019 12:50:59 AM,701 root INFO Training Root accuracy:0.74(best:0.78)
09/18/2019 12:50:59 AM,702 root INFO Epoch: 24
09/18/2019 12:51:00 AM,617 root INFO Loss = tensor([26.7283])
09/18/2019 12:51:03 AM,494 root INFO Validation All-nodes accuracy:0.54(best:0.56)
09/18/2019 12:51:03 AM,494 root INFO Validation Root accuracy:0.46(best:0.69)
09/18/2019 12:51:04 AM,616 root INFO Training All-nodes accuracy:0.64(best:0.64)
09/18/2019 12:51:04 AM,617 root INFO Training Root accuracy:0.74(best:0.78)
09/18/2019 12:51:04 AM,618 root INFO Epoch: 25
09/18/2019 12:51:05 AM,559 root INFO Loss = tensor([26.5450])
09/18/2019 12:51:08 AM,219 root INFO Validation All-nodes accuracy:0.59(best:0.59)
09/18/2019 12:51:08 AM,220 root INFO Validation Root accuracy:0.54(best:0.69)
09/18/2019 12:51:09 AM,350 root INFO Training All-nodes accuracy:0.63(best:0.64)
09/18/2019 12:51:09 AM,351 root INFO Training Root accuracy:0.68(best:0.78)
09/18/2019 12:51:09 AM,352 root INFO Epoch: 26
09/18/2019 12:51:10 AM,273 root INFO Loss = tensor([26.8484])
09/18/2019 12:51:12 AM,871 root INFO Validation All-nodes accuracy:0.59(best:0.59)
09/18/2019 12:51:12 AM,871 root INFO Validation Root accuracy:0.54(best:0.69)
09/18/2019 12:51:13 AM,975 root INFO Training All-nodes accuracy:0.65(best:0.65)
09/18/2019 12:51:13 AM,975 root INFO Training Root accuracy:0.75(best:0.78)
09/18/2019 12:51:13 AM,976 root INFO Epoch: 27
09/18/2019 12:51:14 AM,909 root INFO Loss = tensor([26.2686])
09/18/2019 12:51:17 AM,622 root INFO Validation All-nodes accuracy:0.56(best:0.59)
09/18/2019 12:51:17 AM,622 root INFO Validation Root accuracy:0.46(best:0.69)
09/18/2019 12:51:18 AM,717 root INFO Training All-nodes accuracy:0.64(best:0.65)
09/18/2019 12:51:18 AM,717 root INFO Training Root accuracy:0.73(best:0.78)
09/18/2019 12:51:18 AM,718 root INFO Epoch: 28
09/18/2019 12:51:19 AM,633 root INFO Loss = tensor([26.4523])
09/18/2019 12:51:22 AM,325 root INFO Validation All-nodes accuracy:0.56(best:0.59)
09/18/2019 12:51:22 AM,325 root INFO Validation Root accuracy:0.46(best:0.69)
09/18/2019 12:51:23 AM,427 root INFO Training All-nodes accuracy:0.64(best:0.65)
09/18/2019 12:51:23 AM,428 root INFO Training Root accuracy:0.73(best:0.78)
09/18/2019 12:51:23 AM,429 root INFO Epoch: 29
09/18/2019 12:51:24 AM,496 root INFO Loss = tensor([26.3643])
09/18/2019 12:51:27 AM,515 root INFO Validation All-nodes accuracy:0.58(best:0.59)
09/18/2019 12:51:27 AM,515 root INFO Validation Root accuracy:0.54(best:0.69)
09/18/2019 12:51:28 AM,666 root INFO Training All-nodes accuracy:0.68(best:0.68)
09/18/2019 12:51:28 AM,667 root INFO Training Root accuracy:0.86(best:0.86)
09/18/2019 12:51:28 AM,668 root INFO Epoch: 30
09/18/2019 12:51:29 AM,595 root INFO Loss = tensor([25.5011])
09/18/2019 12:51:32 AM,349 root INFO Validation All-nodes accuracy:0.58(best:0.59)
09/18/2019 12:51:32 AM,349 root INFO Validation Root accuracy:0.54(best:0.69)
09/18/2019 12:51:33 AM,661 root INFO Training All-nodes accuracy:0.6(best:0.68)
09/18/2019 12:51:33 AM,662 root INFO Training Root accuracy:0.6(best:0.86)
09/18/2019 12:51:33 AM,663 root INFO Epoch: 31
09/18/2019 12:51:34 AM,575 root INFO Loss = tensor([27.8165])
09/18/2019 12:51:37 AM,208 root INFO Validation All-nodes accuracy:0.53(best:0.59)
09/18/2019 12:51:37 AM,209 root INFO Validation Root accuracy:0.46(best:0.69)
09/18/2019 12:51:38 AM,341 root INFO Training All-nodes accuracy:0.58(best:0.68)
09/18/2019 12:51:38 AM,342 root INFO Training Root accuracy:0.53(best:0.86)
09/18/2019 12:51:38 AM,343 root INFO Epoch: 32
09/18/2019 12:51:39 AM,249 root INFO Loss = tensor([28.4472])
09/18/2019 12:51:41 AM,849 root INFO Validation All-nodes accuracy:0.59(best:0.59)
09/18/2019 12:51:41 AM,849 root INFO Validation Root accuracy:0.54(best:0.69)
09/18/2019 12:51:42 AM,957 root INFO Training All-nodes accuracy:0.63(best:0.68)
09/18/2019 12:51:42 AM,957 root INFO Training Root accuracy:0.65(best:0.86)
09/18/2019 12:51:42 AM,958 root INFO Epoch: 33
09/18/2019 12:51:43 AM,887 root INFO Loss = tensor([26.7793])
09/18/2019 12:51:46 AM,577 root INFO Validation All-nodes accuracy:0.56(best:0.59)
09/18/2019 12:51:46 AM,577 root INFO Validation Root accuracy:0.54(best:0.69)
09/18/2019 12:51:47 AM,689 root INFO Training All-nodes accuracy:0.68(best:0.68)
09/18/2019 12:51:47 AM,690 root INFO Training Root accuracy:0.88(best:0.88)
09/18/2019 12:51:47 AM,691 root INFO Epoch: 34
09/18/2019 12:51:48 AM,614 root INFO Loss = tensor([25.0004])
09/18/2019 12:51:51 AM,271 root INFO Validation All-nodes accuracy:0.51(best:0.59)
09/18/2019 12:51:51 AM,273 root INFO Validation Root accuracy:0.31(best:0.69)
09/18/2019 12:51:52 AM,394 root INFO Training All-nodes accuracy:0.66(best:0.68)
09/18/2019 12:51:52 AM,395 root INFO Training Root accuracy:0.77(best:0.88)
09/18/2019 12:51:52 AM,396 root INFO Epoch: 35
09/18/2019 12:51:53 AM,299 root INFO Loss = tensor([25.5987])
09/18/2019 12:51:55 AM,920 root INFO Validation All-nodes accuracy:0.59(best:0.59)
09/18/2019 12:51:55 AM,920 root INFO Validation Root accuracy:0.62(best:0.69)
09/18/2019 12:51:57 AM,42 root INFO Training All-nodes accuracy:0.69(best:0.69)
09/18/2019 12:51:57 AM,43 root INFO Training Root accuracy:0.91(best:0.91)
09/18/2019 12:51:57 AM,44 root INFO Epoch: 36
09/18/2019 12:51:57 AM,963 root INFO Loss = tensor([24.4028])
09/18/2019 12:52:00 AM,584 root INFO Validation All-nodes accuracy:0.59(best:0.59)
09/18/2019 12:52:00 AM,585 root INFO Validation Root accuracy:0.54(best:0.69)
09/18/2019 12:52:01 AM,670 root INFO Training All-nodes accuracy:0.65(best:0.69)
09/18/2019 12:52:01 AM,671 root INFO Training Root accuracy:0.72(best:0.91)
09/18/2019 12:52:01 AM,672 root INFO Epoch: 37
09/18/2019 12:52:02 AM,662 root INFO Loss = tensor([26.0122])
09/18/2019 12:52:05 AM,547 root INFO Validation All-nodes accuracy:0.59(best:0.59)
09/18/2019 12:52:05 AM,548 root INFO Validation Root accuracy:0.54(best:0.69)
09/18/2019 12:52:06 AM,682 root INFO Training All-nodes accuracy:0.64(best:0.69)
09/18/2019 12:52:06 AM,683 root INFO Training Root accuracy:0.67(best:0.91)
09/18/2019 12:52:06 AM,684 root INFO Epoch: 38
09/18/2019 12:52:07 AM,598 root INFO Loss = tensor([26.5409])
09/18/2019 12:52:10 AM,284 root INFO Validation All-nodes accuracy:0.61(best:0.61)
09/18/2019 12:52:10 AM,285 root INFO Validation Root accuracy:0.62(best:0.69)
09/18/2019 12:52:11 AM,395 root INFO Training All-nodes accuracy:0.69(best:0.69)
09/18/2019 12:52:11 AM,395 root INFO Training Root accuracy:0.86(best:0.91)
09/18/2019 12:52:11 AM,396 root INFO Epoch: 39
09/18/2019 12:52:12 AM,317 root INFO Loss = tensor([24.7597])
09/18/2019 12:52:14 AM,920 root INFO Validation All-nodes accuracy:0.51(best:0.61)
09/18/2019 12:52:14 AM,920 root INFO Validation Root accuracy:0.31(best:0.69)
09/18/2019 12:52:16 AM,103 root INFO Training All-nodes accuracy:0.67(best:0.69)
09/18/2019 12:52:16 AM,103 root INFO Training Root accuracy:0.82(best:0.91)
09/18/2019 12:52:16 AM,104 root INFO Epoch: 40
09/18/2019 12:52:17 AM,73 root INFO Loss = tensor([25.0359])
09/18/2019 12:52:19 AM,708 root INFO Validation All-nodes accuracy:0.54(best:0.61)
09/18/2019 12:52:19 AM,709 root INFO Validation Root accuracy:0.38(best:0.69)
09/18/2019 12:52:20 AM,803 root INFO Training All-nodes accuracy:0.64(best:0.69)
09/18/2019 12:52:20 AM,803 root INFO Training Root accuracy:0.68(best:0.91)
09/18/2019 12:52:20 AM,804 root INFO Epoch: 41
09/18/2019 12:52:21 AM,710 root INFO Loss = tensor([26.5239])
09/18/2019 12:52:24 AM,378 root INFO Validation All-nodes accuracy:0.51(best:0.61)
09/18/2019 12:52:24 AM,379 root INFO Validation Root accuracy:0.31(best:0.69)
09/18/2019 12:52:25 AM,485 root INFO Training All-nodes accuracy:0.68(best:0.69)
09/18/2019 12:52:25 AM,485 root INFO Training Root accuracy:0.86(best:0.91)
09/18/2019 12:52:25 AM,486 root INFO Epoch: 42
09/18/2019 12:52:26 AM,413 root INFO Loss = tensor([24.6070])
09/18/2019 12:52:29 AM,49 root INFO Validation All-nodes accuracy:0.61(best:0.61)
09/18/2019 12:52:29 AM,50 root INFO Validation Root accuracy:0.62(best:0.69)
09/18/2019 12:52:30 AM,191 root INFO Training All-nodes accuracy:0.69(best:0.69)
09/18/2019 12:52:30 AM,191 root INFO Training Root accuracy:0.87(best:0.91)
09/18/2019 12:52:30 AM,192 root INFO Epoch: 43
09/18/2019 12:52:31 AM,69 root INFO Loss = tensor([24.1916])
09/18/2019 12:52:33 AM,714 root INFO Validation All-nodes accuracy:0.6(best:0.61)
09/18/2019 12:52:33 AM,715 root INFO Validation Root accuracy:0.54(best:0.69)
09/18/2019 12:52:35 AM,125 root INFO Training All-nodes accuracy:0.69(best:0.69)
09/18/2019 12:52:35 AM,125 root INFO Training Root accuracy:0.85(best:0.91)
09/18/2019 12:52:35 AM,127 root INFO Epoch: 44
09/18/2019 12:52:36 AM,42 root INFO Loss = tensor([24.7004])
09/18/2019 12:52:38 AM,709 root INFO Validation All-nodes accuracy:0.58(best:0.61)
09/18/2019 12:52:38 AM,709 root INFO Validation Root accuracy:0.54(best:0.69)
09/18/2019 12:52:39 AM,800 root INFO Training All-nodes accuracy:0.71(best:0.71)
09/18/2019 12:52:39 AM,801 root INFO Training Root accuracy:0.93(best:0.93)
09/18/2019 12:52:39 AM,802 root INFO Epoch: 45
09/18/2019 12:52:40 AM,721 root INFO Loss = tensor([23.6193])
09/18/2019 12:52:43 AM,386 root INFO Validation All-nodes accuracy:0.5(best:0.61)
09/18/2019 12:52:43 AM,387 root INFO Validation Root accuracy:0.31(best:0.69)
09/18/2019 12:52:44 AM,475 root INFO Training All-nodes accuracy:0.7(best:0.71)
09/18/2019 12:52:44 AM,475 root INFO Training Root accuracy:0.92(best:0.93)
09/18/2019 12:52:44 AM,476 root INFO Epoch: 46
09/18/2019 12:52:45 AM,400 root INFO Loss = tensor([23.7516])
09/18/2019 12:52:48 AM,66 root INFO Validation All-nodes accuracy:0.5(best:0.61)
09/18/2019 12:52:48 AM,67 root INFO Validation Root accuracy:0.31(best:0.69)
09/18/2019 12:52:49 AM,220 root INFO Training All-nodes accuracy:0.7(best:0.71)
09/18/2019 12:52:49 AM,221 root INFO Training Root accuracy:0.92(best:0.93)
09/18/2019 12:52:49 AM,222 root INFO Epoch: 47
09/18/2019 12:52:50 AM,136 root INFO Loss = tensor([23.8215])
09/18/2019 12:52:52 AM,762 root INFO Validation All-nodes accuracy:0.57(best:0.61)
09/18/2019 12:52:52 AM,762 root INFO Validation Root accuracy:0.54(best:0.69)
09/18/2019 12:52:53 AM,861 root INFO Training All-nodes accuracy:0.72(best:0.72)
09/18/2019 12:52:53 AM,864 root INFO Training Root accuracy:0.98(best:0.98)
09/18/2019 12:52:53 AM,864 root INFO Epoch: 48
09/18/2019 12:52:54 AM,785 root INFO Loss = tensor([23.0444])
09/18/2019 12:52:57 AM,417 root INFO Validation All-nodes accuracy:0.56(best:0.61)
09/18/2019 12:52:57 AM,418 root INFO Validation Root accuracy:0.46(best:0.69)
09/18/2019 12:52:58 AM,518 root INFO Training All-nodes accuracy:0.72(best:0.72)
09/18/2019 12:52:58 AM,518 root INFO Training Root accuracy:0.96(best:0.98)
09/18/2019 12:52:58 AM,519 root INFO Epoch: 49
09/18/2019 12:52:59 AM,433 root INFO Loss = tensor([23.0228])
09/18/2019 12:53:02 AM,50 root INFO Validation All-nodes accuracy:0.57(best:0.61)
09/18/2019 12:53:02 AM,51 root INFO Validation Root accuracy:0.46(best:0.69)
09/18/2019 12:53:03 AM,181 root INFO Training All-nodes accuracy:0.73(best:0.73)
09/18/2019 12:53:03 AM,182 root INFO Training Root accuracy:0.98(best:0.98)
09/18/2019 12:53:03 AM,183 root INFO Epoch: 50
09/18/2019 12:53:04 AM,75 root INFO Loss = tensor([22.7016])
09/18/2019 12:53:06 AM,919 root INFO Validation All-nodes accuracy:0.58(best:0.61)
09/18/2019 12:53:06 AM,919 root INFO Validation Root accuracy:0.54(best:0.69)
09/18/2019 12:53:08 AM,15 root INFO Training All-nodes accuracy:0.73(best:0.73)
09/18/2019 12:53:08 AM,15 root INFO Training Root accuracy:0.99(best:0.99)
09/18/2019 12:53:08 AM,16 root INFO Epoch: 51
09/18/2019 12:53:08 AM,928 root INFO Loss = tensor([22.5758])
09/18/2019 12:53:11 AM,560 root INFO Validation All-nodes accuracy:0.57(best:0.61)
09/18/2019 12:53:11 AM,560 root INFO Validation Root accuracy:0.54(best:0.69)
09/18/2019 12:53:12 AM,664 root INFO Training All-nodes accuracy:0.74(best:0.74)
09/18/2019 12:53:12 AM,664 root INFO Training Root accuracy:0.99(best:0.99)
09/18/2019 12:53:12 AM,665 root INFO Epoch: 52
09/18/2019 12:53:13 AM,595 root INFO Loss = tensor([22.3143])
09/18/2019 12:53:16 AM,246 root INFO Validation All-nodes accuracy:0.58(best:0.61)
09/18/2019 12:53:16 AM,247 root INFO Validation Root accuracy:0.54(best:0.69)
09/18/2019 12:53:17 AM,479 root INFO Training All-nodes accuracy:0.74(best:0.74)
09/18/2019 12:53:17 AM,480 root INFO Training Root accuracy:0.99(best:0.99)
09/18/2019 12:53:17 AM,480 root INFO Epoch: 53
09/18/2019 12:53:18 AM,402 root INFO Loss = tensor([22.1348])
09/18/2019 12:53:21 AM,4 root INFO Validation All-nodes accuracy:0.57(best:0.61)
09/18/2019 12:53:21 AM,5 root INFO Validation Root accuracy:0.54(best:0.69)
09/18/2019 12:53:22 AM,115 root INFO Training All-nodes accuracy:0.74(best:0.74)
09/18/2019 12:53:22 AM,116 root INFO Training Root accuracy:0.99(best:0.99)
09/18/2019 12:53:22 AM,117 root INFO Epoch: 54
09/18/2019 12:53:23 AM,48 root INFO Loss = tensor([22.0072])
09/18/2019 12:53:25 AM,689 root INFO Validation All-nodes accuracy:0.57(best:0.61)
09/18/2019 12:53:25 AM,689 root INFO Validation Root accuracy:0.46(best:0.69)
09/18/2019 12:53:26 AM,769 root INFO Training All-nodes accuracy:0.74(best:0.74)
09/18/2019 12:53:26 AM,769 root INFO Training Root accuracy:0.99(best:0.99)
09/18/2019 12:53:26 AM,770 root INFO Epoch: 55
09/18/2019 12:53:27 AM,680 root INFO Loss = tensor([21.8455])
09/18/2019 12:53:30 AM,647 root INFO Validation All-nodes accuracy:0.56(best:0.61)
09/18/2019 12:53:30 AM,647 root INFO Validation Root accuracy:0.46(best:0.69)
09/18/2019 12:53:31 AM,985 root INFO Training All-nodes accuracy:0.74(best:0.74)
09/18/2019 12:53:31 AM,985 root INFO Training Root accuracy:0.99(best:0.99)
09/18/2019 12:53:31 AM,986 root INFO Epoch: 56
09/18/2019 12:53:33 AM,228 root INFO Loss = tensor([21.5837])
09/18/2019 12:53:36 AM,270 root INFO Validation All-nodes accuracy:0.57(best:0.61)
09/18/2019 12:53:36 AM,270 root INFO Validation Root accuracy:0.46(best:0.69)
09/18/2019 12:53:37 AM,443 root INFO Training All-nodes accuracy:0.75(best:0.75)
09/18/2019 12:53:37 AM,443 root INFO Training Root accuracy:0.99(best:0.99)
09/18/2019 12:53:37 AM,444 root INFO Epoch: 57
09/18/2019 12:53:38 AM,409 root INFO Loss = tensor([21.3770])
09/18/2019 12:53:41 AM,24 root INFO Validation All-nodes accuracy:0.56(best:0.61)
09/18/2019 12:53:41 AM,25 root INFO Validation Root accuracy:0.46(best:0.69)
09/18/2019 12:53:42 AM,176 root INFO Training All-nodes accuracy:0.75(best:0.75)
09/18/2019 12:53:42 AM,176 root INFO Training Root accuracy:0.99(best:0.99)
09/18/2019 12:53:42 AM,177 root INFO Epoch: 58
09/18/2019 12:53:43 AM,281 root INFO Loss = tensor([21.1331])
09/18/2019 12:53:46 AM,30 root INFO Validation All-nodes accuracy:0.56(best:0.61)
09/18/2019 12:53:46 AM,31 root INFO Validation Root accuracy:0.46(best:0.69)
09/18/2019 12:53:47 AM,196 root INFO Training All-nodes accuracy:0.75(best:0.75)
09/18/2019 12:53:47 AM,196 root INFO Training Root accuracy:0.99(best:0.99)
09/18/2019 12:53:47 AM,197 root INFO Epoch: 59
09/18/2019 12:53:48 AM,248 root INFO Loss = tensor([21.0127])
09/18/2019 12:53:50 AM,986 root INFO Validation All-nodes accuracy:0.56(best:0.61)
09/18/2019 12:53:50 AM,987 root INFO Validation Root accuracy:0.46(best:0.69)
09/18/2019 12:53:52 AM,140 root INFO Training All-nodes accuracy:0.75(best:0.75)
09/18/2019 12:53:52 AM,141 root INFO Training Root accuracy:0.99(best:0.99)
09/18/2019 12:53:52 AM,142 root INFO Epoch: 60
09/18/2019 12:53:53 AM,36 root INFO Loss = tensor([20.8252])
09/18/2019 12:53:55 AM,677 root INFO Validation All-nodes accuracy:0.57(best:0.61)
09/18/2019 12:53:55 AM,677 root INFO Validation Root accuracy:0.54(best:0.69)
09/18/2019 12:53:56 AM,769 root INFO Training All-nodes accuracy:0.75(best:0.75)
09/18/2019 12:53:56 AM,769 root INFO Training Root accuracy:1.0(best:1.0)
09/18/2019 12:53:56 AM,770 root INFO Epoch: 61
09/18/2019 12:53:57 AM,692 root INFO Loss = tensor([20.6351])
09/18/2019 12:54:00 AM,383 root INFO Validation All-nodes accuracy:0.56(best:0.61)
09/18/2019 12:54:00 AM,383 root INFO Validation Root accuracy:0.46(best:0.69)
09/18/2019 12:54:01 AM,543 root INFO Training All-nodes accuracy:0.75(best:0.75)
09/18/2019 12:54:01 AM,544 root INFO Training Root accuracy:1.0(best:1.0)
09/18/2019 12:54:01 AM,544 root INFO Epoch: 62
09/18/2019 12:54:02 AM,513 root INFO Loss = tensor([20.5685])
09/18/2019 12:54:05 AM,215 root INFO Validation All-nodes accuracy:0.55(best:0.61)
09/18/2019 12:54:05 AM,216 root INFO Validation Root accuracy:0.46(best:0.69)
09/18/2019 12:54:06 AM,394 root INFO Training All-nodes accuracy:0.76(best:0.76)
09/18/2019 12:54:06 AM,396 root INFO Training Root accuracy:1.0(best:1.0)
09/18/2019 12:54:06 AM,397 root INFO Epoch: 63
09/18/2019 12:54:07 AM,498 root INFO Loss = tensor([20.3670])
09/18/2019 12:54:10 AM,216 root INFO Validation All-nodes accuracy:0.55(best:0.61)
09/18/2019 12:54:10 AM,217 root INFO Validation Root accuracy:0.46(best:0.69)
09/18/2019 12:54:11 AM,346 root INFO Training All-nodes accuracy:0.76(best:0.76)
09/18/2019 12:54:11 AM,346 root INFO Training Root accuracy:1.0(best:1.0)
09/18/2019 12:54:11 AM,348 root INFO Epoch: 64
09/18/2019 12:54:12 AM,250 root INFO Loss = tensor([20.1891])
09/18/2019 12:54:14 AM,849 root INFO Validation All-nodes accuracy:0.57(best:0.61)
09/18/2019 12:54:14 AM,849 root INFO Validation Root accuracy:0.46(best:0.69)
09/18/2019 12:54:15 AM,957 root INFO Training All-nodes accuracy:0.76(best:0.76)
09/18/2019 12:54:15 AM,958 root INFO Training Root accuracy:1.0(best:1.0)
09/18/2019 12:54:15 AM,959 root INFO Epoch: 65
09/18/2019 12:54:16 AM,884 root INFO Loss = tensor([20.1668])
09/18/2019 12:54:19 AM,633 root INFO Validation All-nodes accuracy:0.54(best:0.61)
09/18/2019 12:54:19 AM,634 root INFO Validation Root accuracy:0.38(best:0.69)
09/18/2019 12:54:20 AM,727 root INFO Training All-nodes accuracy:0.76(best:0.76)
09/18/2019 12:54:20 AM,727 root INFO Training Root accuracy:1.0(best:1.0)
09/18/2019 12:54:20 AM,728 root INFO Epoch: 66
09/18/2019 12:54:21 AM,640 root INFO Loss = tensor([19.9650])
09/18/2019 12:54:24 AM,269 root INFO Validation All-nodes accuracy:0.55(best:0.61)
09/18/2019 12:54:24 AM,270 root INFO Validation Root accuracy:0.38(best:0.69)
09/18/2019 12:54:25 AM,403 root INFO Training All-nodes accuracy:0.76(best:0.76)
09/18/2019 12:54:25 AM,404 root INFO Training Root accuracy:1.0(best:1.0)
09/18/2019 12:54:25 AM,405 root INFO Epoch: 67
09/18/2019 12:54:26 AM,292 root INFO Loss = tensor([19.9970])
09/18/2019 12:54:28 AM,913 root INFO Validation All-nodes accuracy:0.56(best:0.61)
09/18/2019 12:54:28 AM,914 root INFO Validation Root accuracy:0.46(best:0.69)
09/18/2019 12:54:30 AM,37 root INFO Training All-nodes accuracy:0.76(best:0.76)
09/18/2019 12:54:30 AM,38 root INFO Training Root accuracy:1.0(best:1.0)
09/18/2019 12:54:30 AM,38 root INFO Epoch: 68
09/18/2019 12:54:30 AM,950 root INFO Loss = tensor([19.8230])
09/18/2019 12:54:33 AM,587 root INFO Validation All-nodes accuracy:0.57(best:0.61)
09/18/2019 12:54:33 AM,587 root INFO Validation Root accuracy:0.46(best:0.69)
09/18/2019 12:54:34 AM,672 root INFO Training All-nodes accuracy:0.76(best:0.76)
09/18/2019 12:54:34 AM,672 root INFO Training Root accuracy:1.0(best:1.0)
09/18/2019 12:54:34 AM,673 root INFO Epoch: 69
09/18/2019 12:54:35 AM,573 root INFO Loss = tensor([19.7489])
09/18/2019 12:54:38 AM,442 root INFO Validation All-nodes accuracy:0.58(best:0.61)
09/18/2019 12:54:38 AM,442 root INFO Validation Root accuracy:0.46(best:0.69)
09/18/2019 12:54:39 AM,536 root INFO Training All-nodes accuracy:0.76(best:0.76)
09/18/2019 12:54:39 AM,536 root INFO Training Root accuracy:0.99(best:1.0)
09/18/2019 12:54:39 AM,538 root INFO Epoch: 70
09/18/2019 12:54:40 AM,485 root INFO Loss = tensor([19.8319])
09/18/2019 12:54:43 AM,573 root INFO Validation All-nodes accuracy:0.53(best:0.61)
09/18/2019 12:54:43 AM,574 root INFO Validation Root accuracy:0.31(best:0.69)
09/18/2019 12:54:44 AM,752 root INFO Training All-nodes accuracy:0.76(best:0.76)
09/18/2019 12:54:44 AM,752 root INFO Training Root accuracy:1.0(best:1.0)
09/18/2019 12:54:44 AM,754 root INFO Epoch: 71
09/18/2019 12:54:45 AM,689 root INFO Loss = tensor([19.6021])
09/18/2019 12:54:48 AM,328 root INFO Validation All-nodes accuracy:0.55(best:0.61)
09/18/2019 12:54:48 AM,329 root INFO Validation Root accuracy:0.46(best:0.69)
09/18/2019 12:54:49 AM,526 root INFO Training All-nodes accuracy:0.77(best:0.77)
09/18/2019 12:54:49 AM,526 root INFO Training Root accuracy:1.0(best:1.0)
09/18/2019 12:54:49 AM,527 root INFO Epoch: 72
09/18/2019 12:54:50 AM,441 root INFO Loss = tensor([19.4876])
09/18/2019 12:54:53 AM,29 root INFO Validation All-nodes accuracy:0.53(best:0.61)
09/18/2019 12:54:53 AM,30 root INFO Validation Root accuracy:0.31(best:0.69)
09/18/2019 12:54:54 AM,179 root INFO Training All-nodes accuracy:0.77(best:0.77)
09/18/2019 12:54:54 AM,180 root INFO Training Root accuracy:1.0(best:1.0)
09/18/2019 12:54:54 AM,181 root INFO Epoch: 73
09/18/2019 12:54:55 AM,94 root INFO Loss = tensor([19.6424])
09/18/2019 12:54:57 AM,749 root INFO Validation All-nodes accuracy:0.52(best:0.61)
09/18/2019 12:54:57 AM,749 root INFO Validation Root accuracy:0.31(best:0.69)
09/18/2019 12:54:58 AM,857 root INFO Training All-nodes accuracy:0.76(best:0.77)
09/18/2019 12:54:58 AM,857 root INFO Training Root accuracy:1.0(best:1.0)
09/18/2019 12:54:58 AM,858 root INFO Epoch: 74
09/18/2019 12:54:59 AM,780 root INFO Loss = tensor([19.3905])
09/18/2019 12:55:02 AM,418 root INFO Validation All-nodes accuracy:0.55(best:0.61)
09/18/2019 12:55:02 AM,418 root INFO Validation Root accuracy:0.46(best:0.69)
09/18/2019 12:55:03 AM,501 root INFO Training All-nodes accuracy:0.76(best:0.77)
09/18/2019 12:55:03 AM,501 root INFO Training Root accuracy:0.99(best:1.0)
09/18/2019 12:55:03 AM,502 root INFO Epoch: 75
09/18/2019 12:55:04 AM,387 root INFO Loss = tensor([19.5248])
09/18/2019 12:55:06 AM,990 root INFO Validation All-nodes accuracy:0.54(best:0.61)
09/18/2019 12:55:06 AM,992 root INFO Validation Root accuracy:0.38(best:0.69)
09/18/2019 12:55:08 AM,173 root INFO Training All-nodes accuracy:0.77(best:0.77)
09/18/2019 12:55:08 AM,174 root INFO Training Root accuracy:1.0(best:1.0)
09/18/2019 12:55:08 AM,175 root INFO Epoch: 76
09/18/2019 12:55:09 AM,384 root INFO Loss = tensor([19.3350])
09/18/2019 12:55:11 AM,982 root INFO Validation All-nodes accuracy:0.52(best:0.61)
09/18/2019 12:55:11 AM,983 root INFO Validation Root accuracy:0.31(best:0.69)
09/18/2019 12:55:13 AM,121 root INFO Training All-nodes accuracy:0.76(best:0.77)
09/18/2019 12:55:13 AM,121 root INFO Training Root accuracy:0.99(best:1.0)
09/18/2019 12:55:13 AM,123 root INFO Epoch: 77
09/18/2019 12:55:14 AM,31 root INFO Loss = tensor([19.4628])
09/18/2019 12:55:16 AM,589 root INFO Validation All-nodes accuracy:0.54(best:0.61)
09/18/2019 12:55:16 AM,590 root INFO Validation Root accuracy:0.38(best:0.69)
09/18/2019 12:55:17 AM,723 root INFO Training All-nodes accuracy:0.77(best:0.77)
09/18/2019 12:55:17 AM,724 root INFO Training Root accuracy:1.0(best:1.0)
09/18/2019 12:55:17 AM,725 root INFO Epoch: 78
09/18/2019 12:55:18 AM,652 root INFO Loss = tensor([19.1960])
09/18/2019 12:55:21 AM,352 root INFO Validation All-nodes accuracy:0.54(best:0.61)
09/18/2019 12:55:21 AM,353 root INFO Validation Root accuracy:0.38(best:0.69)
09/18/2019 12:55:22 AM,477 root INFO Training All-nodes accuracy:0.77(best:0.77)
09/18/2019 12:55:22 AM,478 root INFO Training Root accuracy:1.0(best:1.0)
09/18/2019 12:55:22 AM,479 root INFO Epoch: 79
09/18/2019 12:55:23 AM,408 root INFO Loss = tensor([19.1300])
09/18/2019 12:55:25 AM,986 root INFO Validation All-nodes accuracy:0.55(best:0.61)
09/18/2019 12:55:25 AM,987 root INFO Validation Root accuracy:0.38(best:0.69)
09/18/2019 12:55:27 AM,142 root INFO Training All-nodes accuracy:0.77(best:0.77)
09/18/2019 12:55:27 AM,143 root INFO Training Root accuracy:1.0(best:1.0)
09/18/2019 12:55:27 AM,144 root INFO Epoch: 80
09/18/2019 12:55:28 AM,42 root INFO Loss = tensor([19.1324])
09/18/2019 12:55:30 AM,632 root INFO Validation All-nodes accuracy:0.52(best:0.61)
09/18/2019 12:55:30 AM,633 root INFO Validation Root accuracy:0.31(best:0.69)
09/18/2019 12:55:31 AM,755 root INFO Training All-nodes accuracy:0.77(best:0.77)
09/18/2019 12:55:31 AM,756 root INFO Training Root accuracy:1.0(best:1.0)
09/18/2019 12:55:31 AM,757 root INFO Epoch: 81
09/18/2019 12:55:32 AM,664 root INFO Loss = tensor([19.0654])
09/18/2019 12:55:35 AM,407 root INFO Validation All-nodes accuracy:0.54(best:0.61)
09/18/2019 12:55:35 AM,407 root INFO Validation Root accuracy:0.38(best:0.69)
09/18/2019 12:55:36 AM,776 root INFO Training All-nodes accuracy:0.77(best:0.77)
09/18/2019 12:55:36 AM,776 root INFO Training Root accuracy:1.0(best:1.0)
09/18/2019 12:55:36 AM,777 root INFO Epoch: 82
09/18/2019 12:55:37 AM,835 root INFO Loss = tensor([19.0524])
09/18/2019 12:55:40 AM,921 root INFO Validation All-nodes accuracy:0.55(best:0.61)
09/18/2019 12:55:40 AM,922 root INFO Validation Root accuracy:0.38(best:0.69)
09/18/2019 12:55:42 AM,110 root INFO Training All-nodes accuracy:0.77(best:0.77)
09/18/2019 12:55:42 AM,111 root INFO Training Root accuracy:1.0(best:1.0)
09/18/2019 12:55:42 AM,112 root INFO Epoch: 83
09/18/2019 12:55:43 AM,26 root INFO Loss = tensor([18.9835])
09/18/2019 12:55:45 AM,669 root INFO Validation All-nodes accuracy:0.54(best:0.61)
09/18/2019 12:55:45 AM,670 root INFO Validation Root accuracy:0.38(best:0.69)
09/18/2019 12:55:46 AM,780 root INFO Training All-nodes accuracy:0.77(best:0.77)
09/18/2019 12:55:46 AM,781 root INFO Training Root accuracy:1.0(best:1.0)
09/18/2019 12:55:46 AM,782 root INFO Epoch: 84
09/18/2019 12:55:47 AM,851 root INFO Loss = tensor([19.0197])
09/18/2019 12:55:50 AM,774 root INFO Validation All-nodes accuracy:0.55(best:0.61)
09/18/2019 12:55:50 AM,774 root INFO Validation Root accuracy:0.38(best:0.69)
09/18/2019 12:55:52 AM,3 root INFO Training All-nodes accuracy:0.77(best:0.77)
09/18/2019 12:55:52 AM,4 root INFO Training Root accuracy:1.0(best:1.0)
09/18/2019 12:55:52 AM,5 root INFO Epoch: 85
09/18/2019 12:55:52 AM,975 root INFO Loss = tensor([18.8957])
09/18/2019 12:55:55 AM,542 root INFO Validation All-nodes accuracy:0.55(best:0.61)
09/18/2019 12:55:55 AM,543 root INFO Validation Root accuracy:0.38(best:0.69)
09/18/2019 12:55:56 AM,649 root INFO Training All-nodes accuracy:0.77(best:0.77)
09/18/2019 12:55:56 AM,649 root INFO Training Root accuracy:1.0(best:1.0)
09/18/2019 12:55:56 AM,650 root INFO Epoch: 86
09/18/2019 12:55:57 AM,586 root INFO Loss = tensor([18.9690])
09/18/2019 12:56:00 AM,186 root INFO Validation All-nodes accuracy:0.54(best:0.61)
09/18/2019 12:56:00 AM,187 root INFO Validation Root accuracy:0.38(best:0.69)
09/18/2019 12:56:01 AM,342 root INFO Training All-nodes accuracy:0.77(best:0.77)
09/18/2019 12:56:01 AM,342 root INFO Training Root accuracy:1.0(best:1.0)
09/18/2019 12:56:01 AM,342 root INFO Epoch: 87
09/18/2019 12:56:02 AM,270 root INFO Loss = tensor([18.8942])
09/18/2019 12:56:04 AM,891 root INFO Validation All-nodes accuracy:0.54(best:0.61)
09/18/2019 12:56:04 AM,892 root INFO Validation Root accuracy:0.38(best:0.69)
09/18/2019 12:56:06 AM,81 root INFO Training All-nodes accuracy:0.77(best:0.77)
09/18/2019 12:56:06 AM,82 root INFO Training Root accuracy:1.0(best:1.0)
09/18/2019 12:56:06 AM,82 root INFO Epoch: 88
09/18/2019 12:56:07 AM,17 root INFO Loss = tensor([18.8589])
09/18/2019 12:56:10 AM,75 root INFO Validation All-nodes accuracy:0.55(best:0.61)
09/18/2019 12:56:10 AM,76 root INFO Validation Root accuracy:0.38(best:0.69)
09/18/2019 12:56:11 AM,677 root INFO Training All-nodes accuracy:0.77(best:0.77)
09/18/2019 12:56:11 AM,678 root INFO Training Root accuracy:1.0(best:1.0)
09/18/2019 12:56:11 AM,679 root INFO Epoch: 89
09/18/2019 12:56:12 AM,797 root INFO Loss = tensor([18.7826])
09/18/2019 12:56:15 AM,734 root INFO Validation All-nodes accuracy:0.55(best:0.61)
09/18/2019 12:56:15 AM,735 root INFO Validation Root accuracy:0.38(best:0.69)
09/18/2019 12:56:16 AM,953 root INFO Training All-nodes accuracy:0.78(best:0.78)
09/18/2019 12:56:16 AM,954 root INFO Training Root accuracy:1.0(best:1.0)
09/18/2019 12:56:16 AM,955 root INFO Epoch: 90
09/18/2019 12:56:17 AM,894 root INFO Loss = tensor([18.7473])
09/18/2019 12:56:20 AM,554 root INFO Validation All-nodes accuracy:0.56(best:0.61)
09/18/2019 12:56:20 AM,554 root INFO Validation Root accuracy:0.38(best:0.69)
09/18/2019 12:56:21 AM,655 root INFO Training All-nodes accuracy:0.78(best:0.78)
09/18/2019 12:56:21 AM,655 root INFO Training Root accuracy:1.0(best:1.0)
09/18/2019 12:56:21 AM,656 root INFO Epoch: 91
09/18/2019 12:56:22 AM,571 root INFO Loss = tensor([18.7113])
09/18/2019 12:56:25 AM,118 root INFO Validation All-nodes accuracy:0.56(best:0.61)
09/18/2019 12:56:25 AM,119 root INFO Validation Root accuracy:0.38(best:0.69)
09/18/2019 12:56:26 AM,243 root INFO Training All-nodes accuracy:0.78(best:0.78)
09/18/2019 12:56:26 AM,244 root INFO Training Root accuracy:1.0(best:1.0)
09/18/2019 12:56:26 AM,245 root INFO Epoch: 92
09/18/2019 12:56:27 AM,121 root INFO Loss = tensor([18.6888])
09/18/2019 12:56:29 AM,675 root INFO Validation All-nodes accuracy:0.56(best:0.61)
09/18/2019 12:56:29 AM,675 root INFO Validation Root accuracy:0.38(best:0.69)
09/18/2019 12:56:30 AM,760 root INFO Training All-nodes accuracy:0.78(best:0.78)
09/18/2019 12:56:30 AM,760 root INFO Training Root accuracy:1.0(best:1.0)
09/18/2019 12:56:30 AM,762 root INFO Epoch: 93
09/18/2019 12:56:31 AM,655 root INFO Loss = tensor([18.7101])
09/18/2019 12:56:34 AM,242 root INFO Validation All-nodes accuracy:0.56(best:0.61)
09/18/2019 12:56:34 AM,243 root INFO Validation Root accuracy:0.38(best:0.69)
09/18/2019 12:56:35 AM,400 root INFO Training All-nodes accuracy:0.78(best:0.78)
09/18/2019 12:56:35 AM,402 root INFO Training Root accuracy:1.0(best:1.0)
09/18/2019 12:56:35 AM,402 root INFO Epoch: 94
09/18/2019 12:56:36 AM,353 root INFO Loss = tensor([18.6589])
09/18/2019 12:56:39 AM,23 root INFO Validation All-nodes accuracy:0.56(best:0.61)
09/18/2019 12:56:39 AM,24 root INFO Validation Root accuracy:0.38(best:0.69)
09/18/2019 12:56:40 AM,220 root INFO Training All-nodes accuracy:0.78(best:0.78)
09/18/2019 12:56:40 AM,221 root INFO Training Root accuracy:1.0(best:1.0)
09/18/2019 12:56:40 AM,222 root INFO Epoch: 95
09/18/2019 12:56:41 AM,402 root INFO Loss = tensor([18.7674])
09/18/2019 12:56:44 AM,209 root INFO Validation All-nodes accuracy:0.56(best:0.61)
09/18/2019 12:56:44 AM,209 root INFO Validation Root accuracy:0.38(best:0.69)
09/18/2019 12:56:45 AM,408 root INFO Training All-nodes accuracy:0.78(best:0.78)
09/18/2019 12:56:45 AM,408 root INFO Training Root accuracy:1.0(best:1.0)
09/18/2019 12:56:45 AM,409 root INFO Epoch: 96
09/18/2019 12:56:46 AM,349 root INFO Loss = tensor([18.6182])
09/18/2019 12:56:48 AM,982 root INFO Validation All-nodes accuracy:0.56(best:0.61)
09/18/2019 12:56:48 AM,983 root INFO Validation Root accuracy:0.38(best:0.69)
09/18/2019 12:56:50 AM,125 root INFO Training All-nodes accuracy:0.78(best:0.78)
09/18/2019 12:56:50 AM,125 root INFO Training Root accuracy:1.0(best:1.0)
09/18/2019 12:56:50 AM,126 root INFO Epoch: 97
09/18/2019 12:56:51 AM,97 root INFO Loss = tensor([18.5574])
09/18/2019 12:56:53 AM,721 root INFO Validation All-nodes accuracy:0.57(best:0.61)
09/18/2019 12:56:53 AM,722 root INFO Validation Root accuracy:0.38(best:0.69)
09/18/2019 12:56:54 AM,858 root INFO Training All-nodes accuracy:0.78(best:0.78)
09/18/2019 12:56:54 AM,859 root INFO Training Root accuracy:1.0(best:1.0)
09/18/2019 12:56:54 AM,860 root INFO Epoch: 98
09/18/2019 12:56:55 AM,800 root INFO Loss = tensor([18.5443])
09/18/2019 12:56:58 AM,418 root INFO Validation All-nodes accuracy:0.57(best:0.61)
09/18/2019 12:56:58 AM,419 root INFO Validation Root accuracy:0.38(best:0.69)
09/18/2019 12:56:59 AM,537 root INFO Training All-nodes accuracy:0.78(best:0.78)
09/18/2019 12:56:59 AM,538 root INFO Training Root accuracy:1.0(best:1.0)
09/18/2019 12:56:59 AM,539 root INFO Epoch: 99
09/18/2019 12:57:00 AM,439 root INFO Loss = tensor([18.6011])
09/18/2019 12:57:02 AM,987 root INFO Validation All-nodes accuracy:0.57(best:0.61)
09/18/2019 12:57:02 AM,987 root INFO Validation Root accuracy:0.38(best:0.69)
09/18/2019 12:57:04 AM,138 root INFO Training All-nodes accuracy:0.78(best:0.78)
09/18/2019 12:57:04 AM,138 root INFO Training Root accuracy:1.0(best:1.0)
