09/18/2019 01:29:16 AM,356 gensim.models.utils_any2vec INFO loading projection weights from /MTP/makeCollections/GoogleNews-vectors-negative300.bin
09/18/2019 01:30:41 AM,129 gensim.models.utils_any2vec INFO loaded (3000000, 300) matrix from /MTP/makeCollections/GoogleNews-vectors-negative300.bin
09/18/2019 01:30:41 AM,471 root INFO Start logging
09/18/2019 01:30:41 AM,494 root INFO Epoch: 0
09/18/2019 01:30:42 AM,552 root INFO Loss = tensor([28.2127])
09/18/2019 01:30:45 AM,189 root INFO Validation All-nodes accuracy:0.51(best:0.51)
09/18/2019 01:30:45 AM,189 root INFO Validation Root accuracy:0.46(best:0.46)
09/18/2019 01:30:46 AM,264 root INFO Training All-nodes accuracy:0.52(best:0.52)
09/18/2019 01:30:46 AM,265 root INFO Training Root accuracy:0.53(best:0.53)
09/18/2019 01:30:46 AM,265 root INFO Epoch: 1
09/18/2019 01:30:47 AM,274 root INFO Loss = tensor([28.0930])
09/18/2019 01:30:49 AM,903 root INFO Validation All-nodes accuracy:0.5(best:0.51)
09/18/2019 01:30:49 AM,904 root INFO Validation Root accuracy:0.46(best:0.46)
09/18/2019 01:30:51 AM,6 root INFO Training All-nodes accuracy:0.53(best:0.53)
09/18/2019 01:30:51 AM,6 root INFO Training Root accuracy:0.55(best:0.55)
09/18/2019 01:30:51 AM,7 root INFO Epoch: 2
09/18/2019 01:30:51 AM,972 root INFO Loss = tensor([28.0952])
09/18/2019 01:30:55 AM,183 root INFO Validation All-nodes accuracy:0.5(best:0.51)
09/18/2019 01:30:55 AM,183 root INFO Validation Root accuracy:0.46(best:0.46)
09/18/2019 01:30:56 AM,519 root INFO Training All-nodes accuracy:0.52(best:0.53)
09/18/2019 01:30:56 AM,520 root INFO Training Root accuracy:0.55(best:0.55)
09/18/2019 01:30:56 AM,521 root INFO Epoch: 3
09/18/2019 01:30:57 AM,469 root INFO Loss = tensor([28.0979])
09/18/2019 01:31:00 AM,211 root INFO Validation All-nodes accuracy:0.51(best:0.51)
09/18/2019 01:31:00 AM,212 root INFO Validation Root accuracy:0.46(best:0.46)
09/18/2019 01:31:01 AM,497 root INFO Training All-nodes accuracy:0.52(best:0.53)
09/18/2019 01:31:01 AM,498 root INFO Training Root accuracy:0.55(best:0.55)
09/18/2019 01:31:01 AM,499 root INFO Epoch: 4
09/18/2019 01:31:02 AM,619 root INFO Loss = tensor([28.0899])
09/18/2019 01:31:05 AM,895 root INFO Validation All-nodes accuracy:0.51(best:0.51)
09/18/2019 01:31:05 AM,896 root INFO Validation Root accuracy:0.46(best:0.46)
09/18/2019 01:31:07 AM,278 root INFO Training All-nodes accuracy:0.53(best:0.53)
09/18/2019 01:31:07 AM,279 root INFO Training Root accuracy:0.55(best:0.55)
09/18/2019 01:31:07 AM,281 root INFO Epoch: 5
09/18/2019 01:31:08 AM,229 root INFO Loss = tensor([28.1382])
09/18/2019 01:31:11 AM,57 root INFO Validation All-nodes accuracy:0.51(best:0.51)
09/18/2019 01:31:11 AM,58 root INFO Validation Root accuracy:0.46(best:0.46)
09/18/2019 01:31:12 AM,328 root INFO Training All-nodes accuracy:0.53(best:0.53)
09/18/2019 01:31:12 AM,329 root INFO Training Root accuracy:0.55(best:0.55)
09/18/2019 01:31:12 AM,329 root INFO Epoch: 6
09/18/2019 01:31:13 AM,313 root INFO Loss = tensor([28.2146])
09/18/2019 01:31:15 AM,958 root INFO Validation All-nodes accuracy:0.51(best:0.51)
09/18/2019 01:31:15 AM,958 root INFO Validation Root accuracy:0.54(best:0.54)
09/18/2019 01:31:17 AM,89 root INFO Training All-nodes accuracy:0.53(best:0.53)
09/18/2019 01:31:17 AM,89 root INFO Training Root accuracy:0.55(best:0.55)
09/18/2019 01:31:17 AM,91 root INFO Epoch: 7
09/18/2019 01:31:18 AM,0 root INFO Loss = tensor([28.1109])
09/18/2019 01:31:20 AM,614 root INFO Validation All-nodes accuracy:0.51(best:0.51)
09/18/2019 01:31:20 AM,615 root INFO Validation Root accuracy:0.54(best:0.54)
09/18/2019 01:31:21 AM,732 root INFO Training All-nodes accuracy:0.55(best:0.55)
09/18/2019 01:31:21 AM,732 root INFO Training Root accuracy:0.55(best:0.55)
09/18/2019 01:31:21 AM,733 root INFO Epoch: 8
09/18/2019 01:31:22 AM,656 root INFO Loss = tensor([28.0905])
09/18/2019 01:31:25 AM,254 root INFO Validation All-nodes accuracy:0.5(best:0.51)
09/18/2019 01:31:25 AM,255 root INFO Validation Root accuracy:0.54(best:0.54)
09/18/2019 01:31:26 AM,349 root INFO Training All-nodes accuracy:0.55(best:0.55)
09/18/2019 01:31:26 AM,350 root INFO Training Root accuracy:0.53(best:0.55)
09/18/2019 01:31:26 AM,351 root INFO Epoch: 9
09/18/2019 01:31:27 AM,288 root INFO Loss = tensor([27.9608])
09/18/2019 01:31:29 AM,888 root INFO Validation All-nodes accuracy:0.5(best:0.51)
09/18/2019 01:31:29 AM,890 root INFO Validation Root accuracy:0.38(best:0.54)
09/18/2019 01:31:31 AM,9 root INFO Training All-nodes accuracy:0.55(best:0.55)
09/18/2019 01:31:31 AM,10 root INFO Training Root accuracy:0.58(best:0.58)
09/18/2019 01:31:31 AM,11 root INFO Epoch: 10
09/18/2019 01:31:31 AM,917 root INFO Loss = tensor([28.0189])
09/18/2019 01:31:34 AM,522 root INFO Validation All-nodes accuracy:0.5(best:0.51)
09/18/2019 01:31:34 AM,523 root INFO Validation Root accuracy:0.38(best:0.54)
09/18/2019 01:31:35 AM,607 root INFO Training All-nodes accuracy:0.56(best:0.56)
09/18/2019 01:31:35 AM,608 root INFO Training Root accuracy:0.63(best:0.63)
09/18/2019 01:31:35 AM,609 root INFO Epoch: 11
09/18/2019 01:31:36 AM,528 root INFO Loss = tensor([28.0861])
09/18/2019 01:31:39 AM,169 root INFO Validation All-nodes accuracy:0.5(best:0.51)
09/18/2019 01:31:39 AM,170 root INFO Validation Root accuracy:0.38(best:0.54)
09/18/2019 01:31:40 AM,272 root INFO Training All-nodes accuracy:0.56(best:0.56)
09/18/2019 01:31:40 AM,272 root INFO Training Root accuracy:0.62(best:0.63)
09/18/2019 01:31:40 AM,273 root INFO Epoch: 12
09/18/2019 01:31:41 AM,276 root INFO Loss = tensor([28.0488])
09/18/2019 01:31:44 AM,125 root INFO Validation All-nodes accuracy:0.5(best:0.51)
09/18/2019 01:31:44 AM,126 root INFO Validation Root accuracy:0.38(best:0.54)
09/18/2019 01:31:45 AM,211 root INFO Training All-nodes accuracy:0.56(best:0.56)
09/18/2019 01:31:45 AM,212 root INFO Training Root accuracy:0.62(best:0.63)
09/18/2019 01:31:45 AM,213 root INFO Epoch: 13
09/18/2019 01:31:46 AM,141 root INFO Loss = tensor([28.0006])
09/18/2019 01:31:48 AM,742 root INFO Validation All-nodes accuracy:0.5(best:0.51)
09/18/2019 01:31:48 AM,743 root INFO Validation Root accuracy:0.46(best:0.54)
09/18/2019 01:31:49 AM,877 root INFO Training All-nodes accuracy:0.57(best:0.57)
09/18/2019 01:31:49 AM,877 root INFO Training Root accuracy:0.61(best:0.63)
09/18/2019 01:31:49 AM,879 root INFO Epoch: 14
09/18/2019 01:31:50 AM,788 root INFO Loss = tensor([27.9623])
09/18/2019 01:31:53 AM,372 root INFO Validation All-nodes accuracy:0.49(best:0.51)
09/18/2019 01:31:53 AM,372 root INFO Validation Root accuracy:0.46(best:0.54)
09/18/2019 01:31:54 AM,513 root INFO Training All-nodes accuracy:0.58(best:0.58)
09/18/2019 01:31:54 AM,514 root INFO Training Root accuracy:0.64(best:0.64)
09/18/2019 01:31:54 AM,515 root INFO Epoch: 15
09/18/2019 01:31:55 AM,431 root INFO Loss = tensor([27.8754])
09/18/2019 01:31:58 AM,52 root INFO Validation All-nodes accuracy:0.5(best:0.51)
09/18/2019 01:31:58 AM,53 root INFO Validation Root accuracy:0.46(best:0.54)
09/18/2019 01:31:59 AM,146 root INFO Training All-nodes accuracy:0.58(best:0.58)
09/18/2019 01:31:59 AM,146 root INFO Training Root accuracy:0.64(best:0.64)
09/18/2019 01:31:59 AM,147 root INFO Epoch: 16
09/18/2019 01:32:00 AM,74 root INFO Loss = tensor([27.8822])
09/18/2019 01:32:02 AM,666 root INFO Validation All-nodes accuracy:0.5(best:0.51)
09/18/2019 01:32:02 AM,667 root INFO Validation Root accuracy:0.46(best:0.54)
09/18/2019 01:32:03 AM,796 root INFO Training All-nodes accuracy:0.6(best:0.6)
09/18/2019 01:32:03 AM,796 root INFO Training Root accuracy:0.67(best:0.67)
09/18/2019 01:32:03 AM,797 root INFO Epoch: 17
09/18/2019 01:32:04 AM,715 root INFO Loss = tensor([27.9238])
09/18/2019 01:32:07 AM,342 root INFO Validation All-nodes accuracy:0.51(best:0.51)
09/18/2019 01:32:07 AM,343 root INFO Validation Root accuracy:0.38(best:0.54)
09/18/2019 01:32:08 AM,422 root INFO Training All-nodes accuracy:0.6(best:0.6)
09/18/2019 01:32:08 AM,422 root INFO Training Root accuracy:0.75(best:0.75)
09/18/2019 01:32:08 AM,423 root INFO Epoch: 18
09/18/2019 01:32:09 AM,333 root INFO Loss = tensor([27.7544])
09/18/2019 01:32:11 AM,956 root INFO Validation All-nodes accuracy:0.51(best:0.51)
09/18/2019 01:32:11 AM,956 root INFO Validation Root accuracy:0.54(best:0.54)
09/18/2019 01:32:13 AM,272 root INFO Training All-nodes accuracy:0.61(best:0.61)
09/18/2019 01:32:13 AM,273 root INFO Training Root accuracy:0.82(best:0.82)
09/18/2019 01:32:13 AM,273 root INFO Epoch: 19
09/18/2019 01:32:14 AM,347 root INFO Loss = tensor([27.6689])
09/18/2019 01:32:17 AM,26 root INFO Validation All-nodes accuracy:0.54(best:0.54)
09/18/2019 01:32:17 AM,27 root INFO Validation Root accuracy:0.46(best:0.54)
09/18/2019 01:32:18 AM,143 root INFO Training All-nodes accuracy:0.61(best:0.61)
09/18/2019 01:32:18 AM,144 root INFO Training Root accuracy:0.64(best:0.82)
09/18/2019 01:32:18 AM,145 root INFO Epoch: 20
09/18/2019 01:32:19 AM,62 root INFO Loss = tensor([27.5384])
09/18/2019 01:32:21 AM,658 root INFO Validation All-nodes accuracy:0.54(best:0.54)
09/18/2019 01:32:21 AM,659 root INFO Validation Root accuracy:0.38(best:0.54)
09/18/2019 01:32:22 AM,790 root INFO Training All-nodes accuracy:0.63(best:0.63)
09/18/2019 01:32:22 AM,790 root INFO Training Root accuracy:0.81(best:0.82)
09/18/2019 01:32:22 AM,792 root INFO Epoch: 21
09/18/2019 01:32:23 AM,691 root INFO Loss = tensor([27.1931])
09/18/2019 01:32:26 AM,306 root INFO Validation All-nodes accuracy:0.55(best:0.55)
09/18/2019 01:32:26 AM,307 root INFO Validation Root accuracy:0.46(best:0.54)
09/18/2019 01:32:27 AM,404 root INFO Training All-nodes accuracy:0.63(best:0.63)
09/18/2019 01:32:27 AM,405 root INFO Training Root accuracy:0.81(best:0.82)
09/18/2019 01:32:27 AM,405 root INFO Epoch: 22
09/18/2019 01:32:28 AM,369 root INFO Loss = tensor([27.0442])
09/18/2019 01:32:31 AM,48 root INFO Validation All-nodes accuracy:0.58(best:0.58)
09/18/2019 01:32:31 AM,48 root INFO Validation Root accuracy:0.54(best:0.54)
09/18/2019 01:32:32 AM,153 root INFO Training All-nodes accuracy:0.62(best:0.63)
09/18/2019 01:32:32 AM,154 root INFO Training Root accuracy:0.7(best:0.82)
09/18/2019 01:32:32 AM,154 root INFO Epoch: 23
09/18/2019 01:32:33 AM,76 root INFO Loss = tensor([26.9642])
09/18/2019 01:32:35 AM,708 root INFO Validation All-nodes accuracy:0.57(best:0.58)
09/18/2019 01:32:35 AM,710 root INFO Validation Root accuracy:0.46(best:0.54)
09/18/2019 01:32:36 AM,833 root INFO Training All-nodes accuracy:0.65(best:0.65)
09/18/2019 01:32:36 AM,833 root INFO Training Root accuracy:0.86(best:0.86)
09/18/2019 01:32:36 AM,834 root INFO Epoch: 24
09/18/2019 01:32:37 AM,733 root INFO Loss = tensor([26.4137])
09/18/2019 01:32:40 AM,367 root INFO Validation All-nodes accuracy:0.47(best:0.58)
09/18/2019 01:32:40 AM,367 root INFO Validation Root accuracy:0.23(best:0.54)
09/18/2019 01:32:41 AM,451 root INFO Training All-nodes accuracy:0.59(best:0.65)
09/18/2019 01:32:41 AM,451 root INFO Training Root accuracy:0.64(best:0.86)
09/18/2019 01:32:41 AM,452 root INFO Epoch: 25
09/18/2019 01:32:42 AM,345 root INFO Loss = tensor([27.6409])
09/18/2019 01:32:45 AM,266 root INFO Validation All-nodes accuracy:0.47(best:0.58)
09/18/2019 01:32:45 AM,267 root INFO Validation Root accuracy:0.23(best:0.54)
09/18/2019 01:32:46 AM,386 root INFO Training All-nodes accuracy:0.6(best:0.65)
09/18/2019 01:32:46 AM,387 root INFO Training Root accuracy:0.66(best:0.86)
09/18/2019 01:32:46 AM,388 root INFO Epoch: 26
09/18/2019 01:32:47 AM,301 root INFO Loss = tensor([27.5301])
09/18/2019 01:32:49 AM,918 root INFO Validation All-nodes accuracy:0.52(best:0.58)
09/18/2019 01:32:49 AM,918 root INFO Validation Root accuracy:0.31(best:0.54)
09/18/2019 01:32:51 AM,225 root INFO Training All-nodes accuracy:0.66(best:0.66)
09/18/2019 01:32:51 AM,226 root INFO Training Root accuracy:0.87(best:0.87)
09/18/2019 01:32:51 AM,229 root INFO Epoch: 27
09/18/2019 01:32:52 AM,156 root INFO Loss = tensor([25.7092])
09/18/2019 01:32:54 AM,756 root INFO Validation All-nodes accuracy:0.54(best:0.58)
09/18/2019 01:32:54 AM,756 root INFO Validation Root accuracy:0.54(best:0.54)
09/18/2019 01:32:55 AM,854 root INFO Training All-nodes accuracy:0.58(best:0.66)
09/18/2019 01:32:55 AM,854 root INFO Training Root accuracy:0.6(best:0.87)
09/18/2019 01:32:55 AM,855 root INFO Epoch: 28
09/18/2019 01:32:56 AM,778 root INFO Loss = tensor([28.0431])
09/18/2019 01:32:59 AM,436 root INFO Validation All-nodes accuracy:0.54(best:0.58)
09/18/2019 01:32:59 AM,436 root INFO Validation Root accuracy:0.54(best:0.54)
09/18/2019 01:33:00 AM,501 root INFO Training All-nodes accuracy:0.56(best:0.66)
09/18/2019 01:33:00 AM,502 root INFO Training Root accuracy:0.55(best:0.87)
09/18/2019 01:33:00 AM,503 root INFO Epoch: 29
09/18/2019 01:33:01 AM,406 root INFO Loss = tensor([28.4914])
09/18/2019 01:33:04 AM,42 root INFO Validation All-nodes accuracy:0.54(best:0.58)
09/18/2019 01:33:04 AM,43 root INFO Validation Root accuracy:0.54(best:0.54)
09/18/2019 01:33:05 AM,123 root INFO Training All-nodes accuracy:0.6(best:0.66)
09/18/2019 01:33:05 AM,124 root INFO Training Root accuracy:0.63(best:0.87)
09/18/2019 01:33:05 AM,125 root INFO Epoch: 30
09/18/2019 01:33:06 AM,66 root INFO Loss = tensor([27.4231])
09/18/2019 01:33:08 AM,639 root INFO Validation All-nodes accuracy:0.5(best:0.58)
09/18/2019 01:33:08 AM,640 root INFO Validation Root accuracy:0.38(best:0.54)
09/18/2019 01:33:09 AM,709 root INFO Training All-nodes accuracy:0.67(best:0.67)
09/18/2019 01:33:09 AM,710 root INFO Training Root accuracy:0.89(best:0.89)
09/18/2019 01:33:09 AM,711 root INFO Epoch: 31
09/18/2019 01:33:10 AM,620 root INFO Loss = tensor([25.3463])
09/18/2019 01:43:31 AM,918 root INFO Validation All-nodes accuracy:0.47(best:0.58)
09/18/2019 01:43:31 AM,919 root INFO Validation Root accuracy:0.31(best:0.54)
09/18/2019 01:43:33 AM,382 root INFO Training All-nodes accuracy:0.64(best:0.67)
09/18/2019 01:43:33 AM,383 root INFO Training Root accuracy:0.79(best:0.89)
09/18/2019 01:43:33 AM,384 root INFO Epoch: 32
09/18/2019 01:43:34 AM,627 root INFO Loss = tensor([26.1806])
09/18/2019 01:43:52 AM,219 root INFO Validation All-nodes accuracy:0.48(best:0.58)
09/18/2019 01:43:52 AM,222 root INFO Validation Root accuracy:0.31(best:0.54)
09/18/2019 01:43:54 AM,335 root INFO Training All-nodes accuracy:0.66(best:0.67)
09/18/2019 01:43:54 AM,337 root INFO Training Root accuracy:0.91(best:0.91)
09/18/2019 01:43:54 AM,338 root INFO Epoch: 33
09/18/2019 01:43:55 AM,380 root INFO Loss = tensor([25.2760])
09/18/2019 01:43:58 AM,144 root INFO Validation All-nodes accuracy:0.52(best:0.58)
09/18/2019 01:43:58 AM,145 root INFO Validation Root accuracy:0.54(best:0.54)
09/18/2019 01:43:59 AM,293 root INFO Training All-nodes accuracy:0.65(best:0.67)
09/18/2019 01:43:59 AM,293 root INFO Training Root accuracy:0.77(best:0.91)
09/18/2019 01:43:59 AM,294 root INFO Epoch: 34
09/18/2019 01:44:00 AM,314 root INFO Loss = tensor([25.6233])
09/18/2019 01:44:03 AM,210 root INFO Validation All-nodes accuracy:0.52(best:0.58)
09/18/2019 01:44:03 AM,211 root INFO Validation Root accuracy:0.54(best:0.54)
09/18/2019 01:44:04 AM,416 root INFO Training All-nodes accuracy:0.64(best:0.67)
09/18/2019 01:44:04 AM,416 root INFO Training Root accuracy:0.74(best:0.91)
09/18/2019 01:44:04 AM,417 root INFO Epoch: 35
09/18/2019 01:44:05 AM,840 root INFO Loss = tensor([25.8184])
09/18/2019 01:49:17 AM,147 root INFO Validation All-nodes accuracy:0.49(best:0.58)
09/18/2019 01:49:17 AM,148 root INFO Validation Root accuracy:0.46(best:0.54)
09/18/2019 01:49:18 AM,551 root INFO Training All-nodes accuracy:0.67(best:0.67)
09/18/2019 01:49:18 AM,551 root INFO Training Root accuracy:0.88(best:0.91)
09/18/2019 01:49:18 AM,554 root INFO Epoch: 36
09/18/2019 01:49:19 AM,502 root INFO Loss = tensor([24.9029])
09/18/2019 01:49:22 AM,363 root INFO Validation All-nodes accuracy:0.46(best:0.58)
09/18/2019 01:49:22 AM,364 root INFO Validation Root accuracy:0.31(best:0.54)
09/18/2019 01:49:23 AM,559 root INFO Training All-nodes accuracy:0.62(best:0.67)
09/18/2019 01:49:23 AM,560 root INFO Training Root accuracy:0.8(best:0.91)
09/18/2019 01:49:23 AM,561 root INFO Epoch: 37
09/18/2019 01:49:24 AM,626 root INFO Loss = tensor([26.1490])
09/18/2019 01:49:27 AM,537 root INFO Validation All-nodes accuracy:0.44(best:0.58)
09/18/2019 01:49:27 AM,537 root INFO Validation Root accuracy:0.31(best:0.54)
09/18/2019 01:49:28 AM,708 root INFO Training All-nodes accuracy:0.59(best:0.67)
09/18/2019 01:49:28 AM,709 root INFO Training Root accuracy:0.71(best:0.91)
09/18/2019 01:49:28 AM,710 root INFO Epoch: 38
09/18/2019 01:49:29 AM,858 root INFO Loss = tensor([27.2916])
09/18/2019 01:49:33 AM,11 root INFO Validation All-nodes accuracy:0.46(best:0.58)
09/18/2019 01:49:33 AM,12 root INFO Validation Root accuracy:0.31(best:0.54)
09/18/2019 01:49:34 AM,342 root INFO Training All-nodes accuracy:0.65(best:0.67)
09/18/2019 01:49:34 AM,342 root INFO Training Root accuracy:0.88(best:0.91)
09/18/2019 01:49:34 AM,343 root INFO Epoch: 39
09/18/2019 01:49:35 AM,266 root INFO Loss = tensor([25.1909])
09/18/2019 01:49:38 AM,251 root INFO Validation All-nodes accuracy:0.49(best:0.58)
09/18/2019 01:49:38 AM,251 root INFO Validation Root accuracy:0.54(best:0.54)
09/18/2019 01:49:39 AM,464 root INFO Training All-nodes accuracy:0.67(best:0.67)
09/18/2019 01:49:39 AM,465 root INFO Training Root accuracy:0.84(best:0.91)
09/18/2019 01:49:39 AM,466 root INFO Epoch: 40
09/18/2019 01:49:40 AM,383 root INFO Loss = tensor([25.0240])
09/18/2019 01:49:43 AM,254 root INFO Validation All-nodes accuracy:0.48(best:0.58)
09/18/2019 01:49:43 AM,255 root INFO Validation Root accuracy:0.46(best:0.54)
09/18/2019 01:49:44 AM,436 root INFO Training All-nodes accuracy:0.66(best:0.67)
09/18/2019 01:49:44 AM,436 root INFO Training Root accuracy:0.82(best:0.91)
09/18/2019 01:49:44 AM,438 root INFO Epoch: 41
09/18/2019 01:49:45 AM,343 root INFO Loss = tensor([24.9221])
09/18/2019 01:49:48 AM,778 root INFO Validation All-nodes accuracy:0.5(best:0.58)
09/18/2019 01:49:48 AM,779 root INFO Validation Root accuracy:0.46(best:0.54)
09/18/2019 01:49:50 AM,800 root INFO Training All-nodes accuracy:0.68(best:0.68)
09/18/2019 01:49:50 AM,802 root INFO Training Root accuracy:0.89(best:0.91)
09/18/2019 01:49:50 AM,804 root INFO Epoch: 42
09/18/2019 01:49:51 AM,983 root INFO Loss = tensor([24.3756])
09/18/2019 01:49:55 AM,191 root INFO Validation All-nodes accuracy:0.51(best:0.58)
09/18/2019 01:49:55 AM,194 root INFO Validation Root accuracy:0.46(best:0.54)
09/18/2019 01:49:56 AM,676 root INFO Training All-nodes accuracy:0.68(best:0.68)
09/18/2019 01:49:56 AM,676 root INFO Training Root accuracy:0.92(best:0.92)
09/18/2019 01:49:56 AM,679 root INFO Epoch: 43
09/18/2019 01:49:58 AM,145 root INFO Loss = tensor([24.3453])
09/18/2019 01:50:01 AM,551 root INFO Validation All-nodes accuracy:0.48(best:0.58)
09/18/2019 01:50:01 AM,552 root INFO Validation Root accuracy:0.31(best:0.54)
09/18/2019 01:50:03 AM,69 root INFO Training All-nodes accuracy:0.68(best:0.68)
09/18/2019 01:50:03 AM,69 root INFO Training Root accuracy:0.9(best:0.92)
09/18/2019 01:50:03 AM,71 root INFO Epoch: 44
09/18/2019 01:50:04 AM,201 root INFO Loss = tensor([24.4709])
09/18/2019 01:50:07 AM,189 root INFO Validation All-nodes accuracy:0.49(best:0.58)
09/18/2019 01:50:07 AM,189 root INFO Validation Root accuracy:0.38(best:0.54)
09/18/2019 01:50:08 AM,509 root INFO Training All-nodes accuracy:0.69(best:0.69)
09/18/2019 01:50:08 AM,510 root INFO Training Root accuracy:0.95(best:0.95)
09/18/2019 01:50:08 AM,511 root INFO Epoch: 45
09/18/2019 01:50:09 AM,599 root INFO Loss = tensor([23.9380])
09/18/2019 01:50:12 AM,744 root INFO Validation All-nodes accuracy:0.49(best:0.58)
09/18/2019 01:50:12 AM,745 root INFO Validation Root accuracy:0.46(best:0.54)
09/18/2019 01:50:13 AM,997 root INFO Training All-nodes accuracy:0.7(best:0.7)
09/18/2019 01:50:13 AM,998 root INFO Training Root accuracy:0.94(best:0.95)
09/18/2019 01:50:13 AM,999 root INFO Epoch: 46
09/18/2019 01:50:15 AM,114 root INFO Loss = tensor([23.6660])
09/18/2019 01:50:18 AM,218 root INFO Validation All-nodes accuracy:0.49(best:0.58)
09/18/2019 01:50:18 AM,218 root INFO Validation Root accuracy:0.31(best:0.54)
09/18/2019 01:50:19 AM,596 root INFO Training All-nodes accuracy:0.71(best:0.71)
09/18/2019 01:50:19 AM,596 root INFO Training Root accuracy:0.95(best:0.95)
09/18/2019 01:50:19 AM,597 root INFO Epoch: 47
09/18/2019 01:50:20 AM,680 root INFO Loss = tensor([23.4663])
09/18/2019 01:50:23 AM,615 root INFO Validation All-nodes accuracy:0.51(best:0.58)
09/18/2019 01:50:23 AM,616 root INFO Validation Root accuracy:0.38(best:0.54)
09/18/2019 01:50:24 AM,858 root INFO Training All-nodes accuracy:0.71(best:0.71)
09/18/2019 01:50:24 AM,858 root INFO Training Root accuracy:0.95(best:0.95)
09/18/2019 01:50:24 AM,859 root INFO Epoch: 48
09/18/2019 01:50:25 AM,907 root INFO Loss = tensor([23.4666])
09/18/2019 01:50:28 AM,844 root INFO Validation All-nodes accuracy:0.5(best:0.58)
09/18/2019 01:50:28 AM,846 root INFO Validation Root accuracy:0.31(best:0.54)
09/18/2019 01:50:30 AM,161 root INFO Training All-nodes accuracy:0.7(best:0.71)
09/18/2019 01:50:30 AM,162 root INFO Training Root accuracy:0.94(best:0.95)
09/18/2019 01:50:30 AM,163 root INFO Epoch: 49
09/18/2019 01:50:31 AM,275 root INFO Loss = tensor([23.5943])
09/18/2019 01:50:34 AM,456 root INFO Validation All-nodes accuracy:0.49(best:0.58)
09/18/2019 01:50:34 AM,457 root INFO Validation Root accuracy:0.31(best:0.54)
09/18/2019 01:50:35 AM,807 root INFO Training All-nodes accuracy:0.72(best:0.72)
09/18/2019 01:50:35 AM,809 root INFO Training Root accuracy:0.96(best:0.96)
09/18/2019 01:50:35 AM,810 root INFO Epoch: 50
09/18/2019 01:50:37 AM,109 root INFO Loss = tensor([23.1280])
09/18/2019 01:50:40 AM,408 root INFO Validation All-nodes accuracy:0.51(best:0.58)
09/18/2019 01:50:40 AM,409 root INFO Validation Root accuracy:0.38(best:0.54)
09/18/2019 01:50:41 AM,754 root INFO Training All-nodes accuracy:0.72(best:0.72)
09/18/2019 01:50:41 AM,756 root INFO Training Root accuracy:0.97(best:0.97)
09/18/2019 01:50:41 AM,756 root INFO Epoch: 51
09/18/2019 01:50:43 AM,77 root INFO Loss = tensor([22.9248])
09/18/2019 01:50:46 AM,43 root INFO Validation All-nodes accuracy:0.51(best:0.58)
09/18/2019 01:50:46 AM,43 root INFO Validation Root accuracy:0.38(best:0.54)
09/18/2019 01:50:47 AM,384 root INFO Training All-nodes accuracy:0.72(best:0.72)
09/18/2019 01:50:47 AM,384 root INFO Training Root accuracy:0.98(best:0.98)
09/18/2019 01:50:47 AM,387 root INFO Epoch: 52
09/18/2019 01:50:48 AM,491 root INFO Loss = tensor([22.7682])
09/18/2019 01:50:51 AM,474 root INFO Validation All-nodes accuracy:0.47(best:0.58)
09/18/2019 01:50:51 AM,475 root INFO Validation Root accuracy:0.31(best:0.54)
09/18/2019 01:50:52 AM,731 root INFO Training All-nodes accuracy:0.72(best:0.72)
09/18/2019 01:50:52 AM,731 root INFO Training Root accuracy:0.97(best:0.98)
09/18/2019 01:50:52 AM,732 root INFO Epoch: 53
09/18/2019 01:50:53 AM,798 root INFO Loss = tensor([22.7647])
09/18/2019 01:50:57 AM,274 root INFO Validation All-nodes accuracy:0.49(best:0.58)
09/18/2019 01:50:57 AM,275 root INFO Validation Root accuracy:0.38(best:0.54)
09/18/2019 01:50:59 AM,168 root INFO Training All-nodes accuracy:0.73(best:0.73)
09/18/2019 01:50:59 AM,168 root INFO Training Root accuracy:0.98(best:0.98)
09/18/2019 01:50:59 AM,170 root INFO Epoch: 54
09/18/2019 01:51:00 AM,696 root INFO Loss = tensor([22.4397])
09/18/2019 01:51:04 AM,236 root INFO Validation All-nodes accuracy:0.51(best:0.58)
09/18/2019 01:51:04 AM,236 root INFO Validation Root accuracy:0.38(best:0.54)
09/18/2019 01:51:05 AM,726 root INFO Training All-nodes accuracy:0.73(best:0.73)
09/18/2019 01:51:05 AM,727 root INFO Training Root accuracy:0.97(best:0.98)
09/18/2019 01:51:05 AM,728 root INFO Epoch: 55
09/18/2019 01:51:06 AM,958 root INFO Loss = tensor([22.3163])
09/18/2019 01:51:10 AM,182 root INFO Validation All-nodes accuracy:0.51(best:0.58)
09/18/2019 01:51:10 AM,182 root INFO Validation Root accuracy:0.38(best:0.54)
09/18/2019 01:51:11 AM,549 root INFO Training All-nodes accuracy:0.73(best:0.73)
09/18/2019 01:51:11 AM,550 root INFO Training Root accuracy:0.98(best:0.98)
09/18/2019 01:51:11 AM,551 root INFO Epoch: 56
09/18/2019 01:51:12 AM,659 root INFO Loss = tensor([22.1298])
09/18/2019 01:51:15 AM,787 root INFO Validation All-nodes accuracy:0.49(best:0.58)
09/18/2019 01:51:15 AM,788 root INFO Validation Root accuracy:0.38(best:0.54)
09/18/2019 01:51:17 AM,131 root INFO Training All-nodes accuracy:0.73(best:0.73)
09/18/2019 01:51:17 AM,133 root INFO Training Root accuracy:0.98(best:0.98)
09/18/2019 01:51:17 AM,134 root INFO Epoch: 57
09/18/2019 01:51:18 AM,279 root INFO Loss = tensor([21.9785])
09/18/2019 01:51:21 AM,249 root INFO Validation All-nodes accuracy:0.51(best:0.58)
09/18/2019 01:51:21 AM,249 root INFO Validation Root accuracy:0.38(best:0.54)
09/18/2019 01:51:22 AM,546 root INFO Training All-nodes accuracy:0.74(best:0.74)
09/18/2019 01:51:22 AM,546 root INFO Training Root accuracy:0.98(best:0.98)
09/18/2019 01:51:22 AM,549 root INFO Epoch: 58
09/18/2019 01:51:23 AM,707 root INFO Loss = tensor([21.7569])
09/18/2019 01:51:26 AM,878 root INFO Validation All-nodes accuracy:0.51(best:0.58)
09/18/2019 01:51:26 AM,879 root INFO Validation Root accuracy:0.38(best:0.54)
09/18/2019 01:51:28 AM,280 root INFO Training All-nodes accuracy:0.74(best:0.74)
09/18/2019 01:51:28 AM,281 root INFO Training Root accuracy:0.98(best:0.98)
09/18/2019 01:51:28 AM,282 root INFO Epoch: 59
09/18/2019 01:51:29 AM,403 root INFO Loss = tensor([21.8229])
09/18/2019 01:51:32 AM,463 root INFO Validation All-nodes accuracy:0.51(best:0.58)
09/18/2019 01:51:32 AM,464 root INFO Validation Root accuracy:0.38(best:0.54)
09/18/2019 01:51:33 AM,713 root INFO Training All-nodes accuracy:0.74(best:0.74)
09/18/2019 01:51:33 AM,713 root INFO Training Root accuracy:0.99(best:0.99)
09/18/2019 01:51:33 AM,715 root INFO Epoch: 60
09/18/2019 01:51:34 AM,791 root INFO Loss = tensor([21.4863])
09/18/2019 01:51:37 AM,762 root INFO Validation All-nodes accuracy:0.5(best:0.58)
09/18/2019 01:51:37 AM,763 root INFO Validation Root accuracy:0.38(best:0.54)
09/18/2019 01:51:39 AM,712 root INFO Training All-nodes accuracy:0.74(best:0.74)
09/18/2019 01:51:39 AM,713 root INFO Training Root accuracy:1.0(best:1.0)
09/18/2019 01:51:39 AM,714 root INFO Epoch: 61
09/18/2019 01:51:41 AM,164 root INFO Loss = tensor([21.3140])
09/18/2019 01:51:44 AM,183 root INFO Validation All-nodes accuracy:0.51(best:0.58)
09/18/2019 01:51:44 AM,184 root INFO Validation Root accuracy:0.38(best:0.54)
09/18/2019 01:51:45 AM,740 root INFO Training All-nodes accuracy:0.74(best:0.74)
09/18/2019 01:51:45 AM,740 root INFO Training Root accuracy:1.0(best:1.0)
09/18/2019 01:51:45 AM,741 root INFO Epoch: 62
09/18/2019 01:51:46 AM,838 root INFO Loss = tensor([21.1447])
09/18/2019 01:51:49 AM,624 root INFO Validation All-nodes accuracy:0.52(best:0.58)
09/18/2019 01:51:49 AM,626 root INFO Validation Root accuracy:0.38(best:0.54)
09/18/2019 01:51:50 AM,675 root INFO Training All-nodes accuracy:0.75(best:0.75)
09/18/2019 01:51:50 AM,676 root INFO Training Root accuracy:1.0(best:1.0)
09/18/2019 01:51:50 AM,677 root INFO Epoch: 63
09/18/2019 01:51:51 AM,604 root INFO Loss = tensor([20.9184])
09/18/2019 01:51:54 AM,396 root INFO Validation All-nodes accuracy:0.52(best:0.58)
09/18/2019 01:51:54 AM,397 root INFO Validation Root accuracy:0.38(best:0.54)
09/18/2019 01:51:55 AM,458 root INFO Training All-nodes accuracy:0.75(best:0.75)
09/18/2019 01:51:55 AM,458 root INFO Training Root accuracy:1.0(best:1.0)
09/18/2019 01:51:55 AM,459 root INFO Epoch: 64
09/18/2019 01:51:56 AM,364 root INFO Loss = tensor([20.8964])
09/18/2019 01:51:58 AM,971 root INFO Validation All-nodes accuracy:0.53(best:0.58)
09/18/2019 01:51:58 AM,973 root INFO Validation Root accuracy:0.38(best:0.54)
09/18/2019 01:52:00 AM,29 root INFO Training All-nodes accuracy:0.75(best:0.75)
09/18/2019 01:52:00 AM,30 root INFO Training Root accuracy:1.0(best:1.0)
09/18/2019 01:52:00 AM,31 root INFO Epoch: 65
09/18/2019 01:52:00 AM,958 root INFO Loss = tensor([20.6413])
09/18/2019 01:52:03 AM,570 root INFO Validation All-nodes accuracy:0.53(best:0.58)
09/18/2019 01:52:03 AM,570 root INFO Validation Root accuracy:0.38(best:0.54)
09/18/2019 01:52:04 AM,603 root INFO Training All-nodes accuracy:0.75(best:0.75)
09/18/2019 01:52:04 AM,604 root INFO Training Root accuracy:0.98(best:1.0)
09/18/2019 01:52:04 AM,605 root INFO Epoch: 66
09/18/2019 01:52:05 AM,523 root INFO Loss = tensor([20.6129])
09/18/2019 01:52:08 AM,275 root INFO Validation All-nodes accuracy:0.55(best:0.58)
09/18/2019 01:52:08 AM,276 root INFO Validation Root accuracy:0.38(best:0.54)
09/18/2019 01:52:09 AM,330 root INFO Training All-nodes accuracy:0.75(best:0.75)
09/18/2019 01:52:09 AM,330 root INFO Training Root accuracy:1.0(best:1.0)
09/18/2019 01:52:09 AM,331 root INFO Epoch: 67
09/18/2019 01:52:10 AM,327 root INFO Loss = tensor([20.3877])
09/18/2019 01:52:13 AM,323 root INFO Validation All-nodes accuracy:0.55(best:0.58)
09/18/2019 01:52:13 AM,324 root INFO Validation Root accuracy:0.38(best:0.54)
09/18/2019 01:52:14 AM,556 root INFO Training All-nodes accuracy:0.75(best:0.75)
09/18/2019 01:52:14 AM,556 root INFO Training Root accuracy:0.99(best:1.0)
09/18/2019 01:52:14 AM,557 root INFO Epoch: 68
09/18/2019 01:52:15 AM,575 root INFO Loss = tensor([20.4327])
09/18/2019 01:52:18 AM,476 root INFO Validation All-nodes accuracy:0.55(best:0.58)
09/18/2019 01:52:18 AM,477 root INFO Validation Root accuracy:0.38(best:0.54)
09/18/2019 01:52:20 AM,89 root INFO Training All-nodes accuracy:0.75(best:0.75)
09/18/2019 01:52:20 AM,90 root INFO Training Root accuracy:1.0(best:1.0)
09/18/2019 01:52:20 AM,91 root INFO Epoch: 69
09/18/2019 01:52:21 AM,408 root INFO Loss = tensor([20.1458])
09/18/2019 01:52:24 AM,671 root INFO Validation All-nodes accuracy:0.53(best:0.58)
09/18/2019 01:52:24 AM,671 root INFO Validation Root accuracy:0.46(best:0.54)
09/18/2019 01:52:26 AM,146 root INFO Training All-nodes accuracy:0.75(best:0.75)
09/18/2019 01:52:26 AM,148 root INFO Training Root accuracy:0.97(best:1.0)
09/18/2019 01:52:26 AM,149 root INFO Epoch: 70
09/18/2019 01:52:27 AM,477 root INFO Loss = tensor([20.8389])
09/18/2019 01:52:31 AM,145 root INFO Validation All-nodes accuracy:0.54(best:0.58)
09/18/2019 01:52:31 AM,145 root INFO Validation Root accuracy:0.38(best:0.54)
09/18/2019 01:52:33 AM,449 root INFO Training All-nodes accuracy:0.76(best:0.76)
09/18/2019 01:52:33 AM,449 root INFO Training Root accuracy:0.99(best:1.0)
09/18/2019 01:52:33 AM,450 root INFO Epoch: 71
09/18/2019 01:52:34 AM,665 root INFO Loss = tensor([20.0809])
09/18/2019 01:52:37 AM,588 root INFO Validation All-nodes accuracy:0.54(best:0.58)
09/18/2019 01:52:37 AM,588 root INFO Validation Root accuracy:0.38(best:0.54)
09/18/2019 01:52:38 AM,873 root INFO Training All-nodes accuracy:0.75(best:0.76)
09/18/2019 01:52:38 AM,874 root INFO Training Root accuracy:0.98(best:1.0)
09/18/2019 01:52:38 AM,876 root INFO Epoch: 72
09/18/2019 01:52:40 AM,49 root INFO Loss = tensor([20.3943])
09/18/2019 01:52:43 AM,323 root INFO Validation All-nodes accuracy:0.54(best:0.58)
09/18/2019 01:52:43 AM,323 root INFO Validation Root accuracy:0.38(best:0.54)
09/18/2019 01:52:44 AM,811 root INFO Training All-nodes accuracy:0.75(best:0.76)
09/18/2019 01:52:44 AM,812 root INFO Training Root accuracy:0.99(best:1.0)
09/18/2019 01:52:44 AM,813 root INFO Epoch: 73
09/18/2019 01:52:46 AM,509 root INFO Loss = tensor([20.1966])
09/18/2019 01:52:50 AM,400 root INFO Validation All-nodes accuracy:0.53(best:0.58)
09/18/2019 01:52:50 AM,401 root INFO Validation Root accuracy:0.38(best:0.54)
09/18/2019 01:52:51 AM,889 root INFO Training All-nodes accuracy:0.76(best:0.76)
09/18/2019 01:52:51 AM,889 root INFO Training Root accuracy:1.0(best:1.0)
09/18/2019 01:52:51 AM,890 root INFO Epoch: 74
09/18/2019 01:52:53 AM,167 root INFO Loss = tensor([19.7452])
09/18/2019 01:52:56 AM,102 root INFO Validation All-nodes accuracy:0.5(best:0.58)
09/18/2019 01:52:56 AM,102 root INFO Validation Root accuracy:0.38(best:0.54)
09/18/2019 01:52:57 AM,645 root INFO Training All-nodes accuracy:0.74(best:0.76)
09/18/2019 01:52:57 AM,645 root INFO Training Root accuracy:0.93(best:1.0)
09/18/2019 01:52:57 AM,646 root INFO Epoch: 75
09/18/2019 01:52:59 AM,194 root INFO Loss = tensor([21.5673])
09/18/2019 01:53:02 AM,783 root INFO Validation All-nodes accuracy:0.52(best:0.58)
09/18/2019 01:53:02 AM,783 root INFO Validation Root accuracy:0.38(best:0.54)
09/18/2019 01:53:04 AM,422 root INFO Training All-nodes accuracy:0.75(best:0.76)
09/18/2019 01:53:04 AM,423 root INFO Training Root accuracy:0.98(best:1.0)
09/18/2019 01:53:04 AM,425 root INFO Epoch: 76
09/18/2019 01:53:06 AM,96 root INFO Loss = tensor([20.4572])
09/18/2019 01:53:09 AM,554 root INFO Validation All-nodes accuracy:0.53(best:0.58)
09/18/2019 01:53:09 AM,555 root INFO Validation Root accuracy:0.38(best:0.54)
09/18/2019 01:53:11 AM,460 root INFO Training All-nodes accuracy:0.76(best:0.76)
09/18/2019 01:53:11 AM,460 root INFO Training Root accuracy:1.0(best:1.0)
09/18/2019 01:53:11 AM,462 root INFO Epoch: 77
09/18/2019 01:53:13 AM,507 root INFO Loss = tensor([19.6115])
09/18/2019 01:53:19 AM,126 root INFO Validation All-nodes accuracy:0.54(best:0.58)
09/18/2019 01:53:19 AM,127 root INFO Validation Root accuracy:0.38(best:0.54)
09/18/2019 01:53:21 AM,847 root INFO Training All-nodes accuracy:0.76(best:0.76)
09/18/2019 01:53:21 AM,847 root INFO Training Root accuracy:1.0(best:1.0)
09/18/2019 01:53:21 AM,851 root INFO Epoch: 78
09/18/2019 01:53:23 AM,678 root INFO Loss = tensor([19.4512])
09/18/2019 01:53:28 AM,314 root INFO Validation All-nodes accuracy:0.54(best:0.58)
09/18/2019 01:53:28 AM,315 root INFO Validation Root accuracy:0.46(best:0.54)
09/18/2019 01:53:30 AM,267 root INFO Training All-nodes accuracy:0.76(best:0.76)
09/18/2019 01:53:30 AM,267 root INFO Training Root accuracy:1.0(best:1.0)
09/18/2019 01:53:30 AM,268 root INFO Epoch: 79
09/18/2019 01:53:31 AM,655 root INFO Loss = tensor([19.3433])
09/18/2019 01:53:35 AM,233 root INFO Validation All-nodes accuracy:0.53(best:0.58)
09/18/2019 01:53:35 AM,236 root INFO Validation Root accuracy:0.38(best:0.54)
09/18/2019 01:53:36 AM,916 root INFO Training All-nodes accuracy:0.76(best:0.76)
09/18/2019 01:53:36 AM,919 root INFO Training Root accuracy:1.0(best:1.0)
09/18/2019 01:53:36 AM,921 root INFO Epoch: 80
09/18/2019 01:53:38 AM,259 root INFO Loss = tensor([19.3808])
09/18/2019 01:53:41 AM,566 root INFO Validation All-nodes accuracy:0.53(best:0.58)
09/18/2019 01:53:41 AM,568 root INFO Validation Root accuracy:0.38(best:0.54)
09/18/2019 01:53:43 AM,95 root INFO Training All-nodes accuracy:0.76(best:0.76)
09/18/2019 01:53:43 AM,96 root INFO Training Root accuracy:1.0(best:1.0)
09/18/2019 01:53:43 AM,97 root INFO Epoch: 81
09/18/2019 01:53:44 AM,444 root INFO Loss = tensor([19.2825])
09/18/2019 01:53:48 AM,473 root INFO Validation All-nodes accuracy:0.53(best:0.58)
09/18/2019 01:53:48 AM,475 root INFO Validation Root accuracy:0.38(best:0.54)
09/18/2019 01:53:50 AM,622 root INFO Training All-nodes accuracy:0.76(best:0.76)
09/18/2019 01:53:50 AM,622 root INFO Training Root accuracy:1.0(best:1.0)
09/18/2019 01:53:50 AM,623 root INFO Epoch: 82
09/18/2019 01:53:51 AM,794 root INFO Loss = tensor([19.2541])
09/18/2019 01:53:56 AM,651 root INFO Validation All-nodes accuracy:0.53(best:0.58)
09/18/2019 01:53:56 AM,653 root INFO Validation Root accuracy:0.38(best:0.54)
09/18/2019 01:53:58 AM,903 root INFO Training All-nodes accuracy:0.76(best:0.76)
09/18/2019 01:53:58 AM,903 root INFO Training Root accuracy:1.0(best:1.0)
09/18/2019 01:53:58 AM,905 root INFO Epoch: 83
09/18/2019 01:54:00 AM,983 root INFO Loss = tensor([19.2711])
09/18/2019 01:54:04 AM,974 root INFO Validation All-nodes accuracy:0.53(best:0.58)
09/18/2019 01:54:04 AM,975 root INFO Validation Root accuracy:0.38(best:0.54)
09/18/2019 01:54:06 AM,621 root INFO Training All-nodes accuracy:0.76(best:0.76)
09/18/2019 01:54:06 AM,621 root INFO Training Root accuracy:1.0(best:1.0)
09/18/2019 01:54:06 AM,623 root INFO Epoch: 84
09/18/2019 01:54:08 AM,108 root INFO Loss = tensor([19.2804])
09/18/2019 01:54:12 AM,501 root INFO Validation All-nodes accuracy:0.53(best:0.58)
09/18/2019 01:54:12 AM,501 root INFO Validation Root accuracy:0.38(best:0.54)
09/18/2019 01:54:14 AM,208 root INFO Training All-nodes accuracy:0.77(best:0.77)
09/18/2019 01:54:14 AM,208 root INFO Training Root accuracy:1.0(best:1.0)
09/18/2019 01:54:14 AM,209 root INFO Epoch: 85
09/18/2019 01:54:16 AM,308 root INFO Loss = tensor([19.1353])
09/18/2019 01:54:20 AM,631 root INFO Validation All-nodes accuracy:0.52(best:0.58)
09/18/2019 01:54:20 AM,632 root INFO Validation Root accuracy:0.38(best:0.54)
09/18/2019 01:54:22 AM,247 root INFO Training All-nodes accuracy:0.77(best:0.77)
09/18/2019 01:54:22 AM,248 root INFO Training Root accuracy:1.0(best:1.0)
09/18/2019 01:54:22 AM,249 root INFO Epoch: 86
09/18/2019 01:54:23 AM,581 root INFO Loss = tensor([19.1105])
09/18/2019 01:54:26 AM,573 root INFO Validation All-nodes accuracy:0.53(best:0.58)
09/18/2019 01:54:26 AM,574 root INFO Validation Root accuracy:0.38(best:0.54)
09/18/2019 01:54:27 AM,835 root INFO Training All-nodes accuracy:0.77(best:0.77)
09/18/2019 01:54:27 AM,835 root INFO Training Root accuracy:1.0(best:1.0)
09/18/2019 01:54:27 AM,836 root INFO Epoch: 87
09/18/2019 01:54:28 AM,923 root INFO Loss = tensor([19.0809])
09/18/2019 01:54:31 AM,868 root INFO Validation All-nodes accuracy:0.52(best:0.58)
09/18/2019 01:54:31 AM,868 root INFO Validation Root accuracy:0.38(best:0.54)
09/18/2019 01:54:33 AM,113 root INFO Training All-nodes accuracy:0.77(best:0.77)
09/18/2019 01:54:33 AM,114 root INFO Training Root accuracy:1.0(best:1.0)
09/18/2019 01:54:33 AM,115 root INFO Epoch: 88
09/18/2019 01:54:34 AM,178 root INFO Loss = tensor([19.0764])
09/18/2019 01:54:37 AM,205 root INFO Validation All-nodes accuracy:0.52(best:0.58)
09/18/2019 01:54:37 AM,205 root INFO Validation Root accuracy:0.38(best:0.54)
09/18/2019 01:54:38 AM,489 root INFO Training All-nodes accuracy:0.77(best:0.77)
09/18/2019 01:54:38 AM,489 root INFO Training Root accuracy:1.0(best:1.0)
09/18/2019 01:54:38 AM,490 root INFO Epoch: 89
09/18/2019 01:54:39 AM,581 root INFO Loss = tensor([18.9860])
09/18/2019 01:54:42 AM,492 root INFO Validation All-nodes accuracy:0.52(best:0.58)
09/18/2019 01:54:42 AM,492 root INFO Validation Root accuracy:0.38(best:0.54)
09/18/2019 01:54:43 AM,729 root INFO Training All-nodes accuracy:0.77(best:0.77)
09/18/2019 01:54:43 AM,730 root INFO Training Root accuracy:1.0(best:1.0)
09/18/2019 01:54:43 AM,731 root INFO Epoch: 90
09/18/2019 01:54:44 AM,881 root INFO Loss = tensor([18.9656])
09/18/2019 01:54:47 AM,975 root INFO Validation All-nodes accuracy:0.51(best:0.58)
09/18/2019 01:54:47 AM,976 root INFO Validation Root accuracy:0.31(best:0.54)
09/18/2019 01:54:49 AM,825 root INFO Training All-nodes accuracy:0.77(best:0.77)
09/18/2019 01:54:49 AM,982 root INFO Training Root accuracy:1.0(best:1.0)
09/18/2019 01:54:49 AM,983 root INFO Epoch: 91
09/18/2019 01:54:51 AM,210 root INFO Loss = tensor([18.9422])
09/18/2019 01:54:54 AM,658 root INFO Validation All-nodes accuracy:0.51(best:0.58)
09/18/2019 01:54:54 AM,658 root INFO Validation Root accuracy:0.31(best:0.54)
09/18/2019 01:54:56 AM,311 root INFO Training All-nodes accuracy:0.77(best:0.77)
09/18/2019 01:54:56 AM,311 root INFO Training Root accuracy:1.0(best:1.0)
09/18/2019 01:54:56 AM,313 root INFO Epoch: 92
09/18/2019 01:54:57 AM,578 root INFO Loss = tensor([18.9792])
09/18/2019 01:55:00 AM,684 root INFO Validation All-nodes accuracy:0.51(best:0.58)
09/18/2019 01:55:00 AM,684 root INFO Validation Root accuracy:0.31(best:0.54)
09/18/2019 01:55:01 AM,964 root INFO Training All-nodes accuracy:0.77(best:0.77)
09/18/2019 01:55:01 AM,964 root INFO Training Root accuracy:1.0(best:1.0)
09/18/2019 01:55:01 AM,965 root INFO Epoch: 93
09/18/2019 01:55:03 AM,58 root INFO Loss = tensor([18.8535])
09/18/2019 01:55:05 AM,849 root INFO Validation All-nodes accuracy:0.51(best:0.58)
09/18/2019 01:55:05 AM,849 root INFO Validation Root accuracy:0.31(best:0.54)
09/18/2019 01:55:06 AM,990 root INFO Training All-nodes accuracy:0.77(best:0.77)
09/18/2019 01:55:06 AM,991 root INFO Training Root accuracy:1.0(best:1.0)
09/18/2019 01:55:06 AM,993 root INFO Epoch: 94
09/18/2019 01:55:08 AM,78 root INFO Loss = tensor([18.8423])
09/18/2019 01:55:10 AM,855 root INFO Validation All-nodes accuracy:0.51(best:0.58)
09/18/2019 01:55:10 AM,856 root INFO Validation Root accuracy:0.31(best:0.54)
09/18/2019 01:55:12 AM,74 root INFO Training All-nodes accuracy:0.77(best:0.77)
09/18/2019 01:55:12 AM,74 root INFO Training Root accuracy:1.0(best:1.0)
09/18/2019 01:55:12 AM,77 root INFO Epoch: 95
09/18/2019 01:55:13 AM,92 root INFO Loss = tensor([18.7837])
09/18/2019 01:55:15 AM,869 root INFO Validation All-nodes accuracy:0.51(best:0.58)
09/18/2019 01:55:15 AM,870 root INFO Validation Root accuracy:0.31(best:0.54)
09/18/2019 01:55:17 AM,73 root INFO Training All-nodes accuracy:0.77(best:0.77)
09/18/2019 01:55:17 AM,73 root INFO Training Root accuracy:1.0(best:1.0)
09/18/2019 01:55:17 AM,74 root INFO Epoch: 96
09/18/2019 01:55:18 AM,304 root INFO Loss = tensor([18.7741])
09/18/2019 01:55:21 AM,625 root INFO Validation All-nodes accuracy:0.52(best:0.58)
09/18/2019 01:55:21 AM,626 root INFO Validation Root accuracy:0.31(best:0.54)
09/18/2019 01:55:23 AM,55 root INFO Training All-nodes accuracy:0.77(best:0.77)
09/18/2019 01:55:23 AM,56 root INFO Training Root accuracy:1.0(best:1.0)
09/18/2019 01:55:23 AM,57 root INFO Epoch: 97
09/18/2019 01:55:24 AM,85 root INFO Loss = tensor([18.7312])
09/18/2019 01:55:26 AM,854 root INFO Validation All-nodes accuracy:0.51(best:0.58)
09/18/2019 01:55:26 AM,855 root INFO Validation Root accuracy:0.31(best:0.54)
09/18/2019 01:55:28 AM,66 root INFO Training All-nodes accuracy:0.77(best:0.77)
09/18/2019 01:55:28 AM,66 root INFO Training Root accuracy:1.0(best:1.0)
09/18/2019 01:55:28 AM,67 root INFO Epoch: 98
09/18/2019 01:55:29 AM,121 root INFO Loss = tensor([18.7316])
09/18/2019 01:55:31 AM,889 root INFO Validation All-nodes accuracy:0.51(best:0.58)
09/18/2019 01:55:31 AM,890 root INFO Validation Root accuracy:0.31(best:0.54)
09/18/2019 01:55:33 AM,99 root INFO Training All-nodes accuracy:0.77(best:0.77)
09/18/2019 01:55:33 AM,99 root INFO Training Root accuracy:1.0(best:1.0)
09/18/2019 01:55:33 AM,101 root INFO Epoch: 99
09/18/2019 01:55:34 AM,113 root INFO Loss = tensor([18.8010])
09/18/2019 01:55:36 AM,924 root INFO Validation All-nodes accuracy:0.52(best:0.58)
09/18/2019 01:55:36 AM,925 root INFO Validation Root accuracy:0.31(best:0.54)
09/18/2019 01:55:38 AM,74 root INFO Training All-nodes accuracy:0.77(best:0.77)
09/18/2019 01:55:38 AM,75 root INFO Training Root accuracy:1.0(best:1.0)
