10/15/2019 10:33:53 PM,419 gensim.utils INFO loading Word2VecKeyedVectors object from /MTP/makeCollections/all_w2v_ner
10/15/2019 10:33:54 PM,272 gensim.utils INFO loading vectors from /MTP/makeCollections/all_w2v_ner.vectors.npy with mmap=None
10/15/2019 10:33:54 PM,774 gensim.utils INFO setting ignored attribute vectors_norm to None
10/15/2019 10:33:54 PM,774 gensim.utils INFO loaded /MTP/makeCollections/all_w2v_ner
10/15/2019 10:33:54 PM,775 gensim.models.utils_any2vec INFO loading projection weights from /MTP/makeCollections/GoogleNews-vectors-negative300.bin
10/15/2019 10:36:02 PM,44 gensim.models.utils_any2vec INFO loaded (3000000, 300) matrix from /MTP/makeCollections/GoogleNews-vectors-negative300.bin
10/15/2019 10:36:03 PM,217 root INFO Using an existing server http://localhost:9000
10/15/2019 10:36:04 PM,263 root INFO The server is available.
10/15/2019 11:44:27 PM,700 root INFO Start logging
10/15/2019 11:44:27 PM,745 root INFO Epoch: 0
10/15/2019 11:44:29 PM,814 root INFO Loss = tensor([55.0556])
10/15/2019 11:44:40 PM,997 root INFO Loss = tensor([55.7227])
10/15/2019 11:44:50 PM,824 root INFO Loss = tensor([53.5323])
10/15/2019 11:45:00 PM,170 root INFO Loss = tensor([55.1180])
10/15/2019 11:45:10 PM,584 root INFO Loss = tensor([55.6672])
10/15/2019 11:45:22 PM,240 root INFO Loss = tensor([55.0452])
10/15/2019 11:45:33 PM,729 root INFO Loss = tensor([56.7806])
10/15/2019 11:45:46 PM,664 root INFO Loss = tensor([55.9310])
10/15/2019 11:46:00 PM,228 root INFO Loss = tensor([59.3687])
10/15/2019 11:46:13 PM,56 root INFO Loss = tensor([56.4757])
10/15/2019 11:46:25 PM,253 root INFO Loss = tensor([57.9037])
10/15/2019 11:46:37 PM,547 root INFO Loss = tensor([55.9178])
10/15/2019 11:46:48 PM,180 root INFO Loss = tensor([53.4614])
10/15/2019 11:46:55 PM,593 root INFO Validation All-nodes accuracy:0.31(best:0.31)
10/15/2019 11:46:55 PM,594 root INFO Validation Root accuracy:0.27(best:0.27)
10/15/2019 11:46:55 PM,594 root INFO F1:[0.5, 0.42](best:0.5 , 0.42)
10/15/2019 11:47:14 PM,427 root INFO Training All-nodes accuracy:0.51(best:0.51)
10/15/2019 11:47:14 PM,427 root INFO Training Root accuracy:0.5(best:0.5)
10/15/2019 11:47:14 PM,427 root INFO Training F1:[0.69, 0.67](best:0.69 , 0.67)
10/15/2019 11:47:14 PM,429 root INFO Epoch: 1
10/15/2019 11:47:15 PM,582 root INFO Loss = tensor([53.7935])
10/15/2019 11:47:24 PM,783 root INFO Loss = tensor([55.6739])
10/15/2019 11:47:34 PM,702 root INFO Loss = tensor([57.1504])
10/15/2019 11:47:46 PM,341 root INFO Loss = tensor([54.9713])
10/15/2019 11:47:55 PM,460 root INFO Loss = tensor([55.4592])
10/15/2019 11:48:04 PM,968 root INFO Loss = tensor([55.6499])
10/15/2019 11:48:14 PM,522 root INFO Loss = tensor([55.8007])
10/15/2019 11:48:24 PM,111 root INFO Loss = tensor([57.7219])
10/15/2019 11:48:34 PM,237 root INFO Loss = tensor([55.5632])
10/15/2019 11:48:43 PM,632 root INFO Loss = tensor([57.0557])
10/15/2019 11:48:53 PM,552 root INFO Loss = tensor([56.2885])
10/15/2019 11:49:03 PM,933 root INFO Loss = tensor([56.1206])
10/15/2019 11:49:12 PM,878 root INFO Loss = tensor([54.4792])
10/15/2019 11:49:19 PM,252 root INFO Validation All-nodes accuracy:0.39(best:0.39)
10/15/2019 11:49:19 PM,253 root INFO Validation Root accuracy:0.47(best:0.47)
10/15/2019 11:49:19 PM,253 root INFO F1:[0.9, 0.47](best:0.9 , 0.47)
10/15/2019 11:49:39 PM,345 root INFO Training All-nodes accuracy:0.53(best:0.53)
10/15/2019 11:49:39 PM,346 root INFO Training Root accuracy:0.54(best:0.54)
10/15/2019 11:49:39 PM,346 root INFO Training F1:[0.72, 0.69](best:0.72 , 0.69)
10/15/2019 11:49:39 PM,348 root INFO Epoch: 2
10/15/2019 11:49:40 PM,753 root INFO Loss = tensor([58.1674])
10/15/2019 11:49:51 PM,631 root INFO Loss = tensor([54.4330])
10/15/2019 11:50:01 PM,172 root INFO Loss = tensor([57.1408])
10/15/2019 11:50:11 PM,936 root INFO Loss = tensor([56.0031])
10/15/2019 11:50:21 PM,614 root INFO Loss = tensor([56.3695])
10/15/2019 11:50:31 PM,364 root INFO Loss = tensor([54.0216])
10/15/2019 11:50:40 PM,332 root INFO Loss = tensor([55.4438])
10/15/2019 11:50:49 PM,594 root INFO Loss = tensor([53.9235])
10/15/2019 11:50:58 PM,531 root INFO Loss = tensor([53.8697])
10/15/2019 11:51:07 PM,158 root INFO Loss = tensor([56.0744])
10/15/2019 11:51:16 PM,637 root INFO Loss = tensor([56.6889])
10/15/2019 11:51:26 PM,147 root INFO Loss = tensor([57.3121])
10/15/2019 11:51:35 PM,402 root INFO Loss = tensor([56.4376])
10/15/2019 11:51:42 PM,117 root INFO Validation All-nodes accuracy:0.39(best:0.39)
10/15/2019 11:51:42 PM,130 root INFO Validation Root accuracy:0.35(best:0.47)
10/15/2019 11:51:42 PM,130 root INFO F1:[0.91, 0.44](best:0.91 , 0.47)
10/15/2019 11:52:02 PM,627 root INFO Training All-nodes accuracy:0.53(best:0.53)
10/15/2019 11:52:02 PM,628 root INFO Training Root accuracy:0.53(best:0.54)
10/15/2019 11:52:02 PM,628 root INFO Training F1:[0.76, 0.68](best:0.76 , 0.69)
10/15/2019 11:52:02 PM,630 root INFO Epoch: 3
10/15/2019 11:56:52 PM,211 root INFO Loss = tensor([56.5337])
10/15/2019 11:57:04 PM,423 root INFO Loss = tensor([55.1601])
10/15/2019 11:57:15 PM,789 root INFO Loss = tensor([56.1464])
10/15/2019 11:57:26 PM,275 root INFO Loss = tensor([54.1981])
10/15/2019 11:57:34 PM,808 root INFO Loss = tensor([54.7727])
10/15/2019 11:57:43 PM,899 root INFO Loss = tensor([55.0140])
10/15/2019 11:57:53 PM,236 root INFO Loss = tensor([55.2059])
10/15/2019 11:58:02 PM,107 root INFO Loss = tensor([55.0082])
10/15/2019 11:58:11 PM,190 root INFO Loss = tensor([57.3975])
10/15/2019 11:58:21 PM,4 root INFO Loss = tensor([58.4013])
10/15/2019 11:58:30 PM,895 root INFO Loss = tensor([56.2220])
10/15/2019 11:58:58 PM,292 root INFO Epoch: 0
10/15/2019 11:58:59 PM,972 root INFO Loss = tensor([56.4742])
10/15/2019 11:59:09 PM,653 root INFO Loss = tensor([55.0320])
10/15/2019 11:59:18 PM,559 root INFO Loss = tensor([55.8526])
10/15/2019 11:59:27 PM,208 root INFO Loss = tensor([54.2803])
10/15/2019 11:59:34 PM,816 root INFO Loss = tensor([54.6345])
10/15/2019 11:59:42 PM,495 root INFO Loss = tensor([54.9907])
10/15/2019 11:59:50 PM,318 root INFO Loss = tensor([55.1394])
10/15/2019 11:59:58 PM,586 root INFO Loss = tensor([54.9463])
10/16/2019 12:00:07 AM,677 root INFO Loss = tensor([57.0912])
10/16/2019 12:00:17 AM,96 root INFO Loss = tensor([58.2808])
10/16/2019 12:00:27 AM,253 root INFO Loss = tensor([56.0739])
10/16/2019 12:00:36 AM,144 root INFO Loss = tensor([55.0092])
10/16/2019 12:00:44 AM,183 root INFO Loss = tensor([54.5878])
10/16/2019 12:00:50 AM,545 root INFO Validation All-nodes accuracy:0.47(best:0.47)
10/16/2019 12:00:50 AM,546 root INFO Validation Root accuracy:0.6(best:0.6)
10/16/2019 12:00:50 AM,546 root INFO F1:[0.92, 0.55](best:0.92 , 0.55)
10/16/2019 12:01:10 AM,850 root INFO Training All-nodes accuracy:0.56(best:0.56)
10/16/2019 12:01:10 AM,851 root INFO Training Root accuracy:0.63(best:0.63)
10/16/2019 12:01:10 AM,851 root INFO Training F1:[0.8, 0.76](best:0.8 , 0.76)
10/16/2019 12:01:10 AM,856 root INFO Epoch: 1
10/16/2019 12:01:12 AM,393 root INFO Loss = tensor([56.3192])
10/16/2019 12:01:24 AM,4 root INFO Loss = tensor([54.5817])
10/16/2019 12:01:35 AM,148 root INFO Loss = tensor([55.9404])
10/16/2019 12:01:44 AM,65 root INFO Loss = tensor([54.6292])
10/16/2019 12:01:53 AM,150 root INFO Loss = tensor([56.8237])
10/16/2019 12:02:01 AM,650 root INFO Loss = tensor([58.4194])
10/16/2019 12:02:10 AM,304 root INFO Loss = tensor([55.6176])
10/16/2019 12:02:18 AM,94 root INFO Loss = tensor([53.0069])
10/16/2019 12:02:25 AM,191 root INFO Loss = tensor([54.1876])
10/16/2019 12:02:33 AM,934 root INFO Loss = tensor([57.2837])
10/16/2019 12:02:43 AM,0 root INFO Loss = tensor([55.6745])
10/16/2019 12:02:52 AM,27 root INFO Loss = tensor([54.9158])
10/16/2019 12:03:00 AM,123 root INFO Loss = tensor([55.8647])
10/16/2019 12:03:06 AM,606 root INFO Validation All-nodes accuracy:0.37(best:0.47)
10/16/2019 12:03:06 AM,606 root INFO Validation Root accuracy:0.74(best:0.74)
10/16/2019 12:03:06 AM,606 root INFO F1:[0.86, 0.72](best:0.92 , 0.72)
10/16/2019 12:03:26 AM,753 root INFO Training All-nodes accuracy:0.54(best:0.56)
10/16/2019 12:03:26 AM,753 root INFO Training Root accuracy:0.6(best:0.63)
10/16/2019 12:03:26 AM,753 root INFO Training F1:[0.72, 0.88](best:0.8 , 0.88)
10/16/2019 12:03:26 AM,757 root INFO Epoch: 2
10/16/2019 12:03:28 AM,112 root INFO Loss = tensor([53.6558])
10/16/2019 12:03:39 AM,207 root INFO Loss = tensor([54.8510])
10/16/2019 12:03:50 AM,752 root INFO Loss = tensor([55.7976])
10/16/2019 12:04:02 AM,546 root INFO Loss = tensor([58.4557])
10/16/2019 12:04:13 AM,92 root INFO Loss = tensor([55.0051])
10/16/2019 12:04:22 AM,25 root INFO Loss = tensor([54.9577])
10/16/2019 12:04:30 AM,829 root INFO Loss = tensor([55.4853])
10/16/2019 12:04:38 AM,894 root INFO Loss = tensor([55.3820])
10/16/2019 12:04:46 AM,814 root INFO Loss = tensor([53.5665])
10/16/2019 12:04:54 AM,271 root INFO Loss = tensor([55.6544])
10/16/2019 12:05:03 AM,549 root INFO Loss = tensor([53.6706])
10/16/2019 12:05:12 AM,360 root INFO Loss = tensor([56.9381])
10/16/2019 12:05:21 AM,399 root INFO Loss = tensor([54.9328])
10/16/2019 12:05:28 AM,80 root INFO Validation All-nodes accuracy:0.59(best:0.59)
10/16/2019 12:05:28 AM,80 root INFO Validation Root accuracy:0.62(best:0.74)
10/16/2019 12:05:28 AM,81 root INFO F1:[0.9, 0.55](best:0.92 , 0.72)
10/16/2019 12:05:48 AM,464 root INFO Training All-nodes accuracy:0.58(best:0.58)
10/16/2019 12:05:48 AM,465 root INFO Training Root accuracy:0.73(best:0.73)
10/16/2019 12:05:48 AM,466 root INFO Training F1:[0.88, 0.82](best:0.88 , 0.88)
10/16/2019 12:05:48 AM,472 root INFO Epoch: 3
10/16/2019 12:05:50 AM,75 root INFO Loss = tensor([56.0670])
10/16/2019 12:06:02 AM,639 root INFO Loss = tensor([53.6945])
10/16/2019 12:06:14 AM,28 root INFO Loss = tensor([53.4733])
10/16/2019 12:06:24 AM,990 root INFO Loss = tensor([55.1686])
10/16/2019 12:06:34 AM,935 root INFO Loss = tensor([55.7922])
10/16/2019 12:06:44 AM,650 root INFO Loss = tensor([54.2408])
10/16/2019 12:06:54 AM,89 root INFO Loss = tensor([54.5512])
10/16/2019 12:07:03 AM,602 root INFO Loss = tensor([55.8013])
10/16/2019 12:07:11 AM,451 root INFO Loss = tensor([54.5326])
10/16/2019 12:07:19 AM,675 root INFO Loss = tensor([61.1966])
10/16/2019 12:07:28 AM,368 root INFO Loss = tensor([56.6340])
10/16/2019 12:07:37 AM,42 root INFO Loss = tensor([54.5391])
10/16/2019 12:07:45 AM,280 root INFO Loss = tensor([55.7119])
10/16/2019 12:07:52 AM,141 root INFO Validation All-nodes accuracy:0.47(best:0.59)
10/16/2019 12:07:52 AM,142 root INFO Validation Root accuracy:0.43(best:0.74)
10/16/2019 12:07:52 AM,142 root INFO F1:[0.88, 0.45](best:0.92 , 0.72)
10/16/2019 12:08:12 AM,506 root INFO Training All-nodes accuracy:0.58(best:0.58)
10/16/2019 12:08:12 AM,506 root INFO Training Root accuracy:0.67(best:0.73)
10/16/2019 12:08:12 AM,506 root INFO Training F1:[0.94, 0.76](best:0.94 , 0.88)
10/16/2019 12:08:12 AM,510 root INFO Epoch: 4
10/16/2019 12:08:14 AM,59 root INFO Loss = tensor([54.6520])
10/16/2019 12:08:26 AM,26 root INFO Loss = tensor([58.0194])
10/16/2019 12:08:38 AM,250 root INFO Loss = tensor([56.2150])
10/16/2019 12:08:49 AM,427 root INFO Loss = tensor([55.8398])
10/16/2019 12:08:59 AM,147 root INFO Loss = tensor([56.6643])
10/16/2019 12:09:08 AM,844 root INFO Loss = tensor([56.1041])
10/16/2019 12:09:18 AM,446 root INFO Loss = tensor([59.9552])
10/16/2019 12:09:29 AM,239 root INFO Loss = tensor([57.0663])
10/16/2019 12:09:38 AM,366 root INFO Loss = tensor([55.3658])
10/16/2019 12:09:46 AM,25 root INFO Loss = tensor([55.0338])
10/16/2019 12:09:53 AM,819 root INFO Loss = tensor([55.6034])
10/16/2019 12:10:01 AM,684 root INFO Loss = tensor([54.6780])
10/16/2019 12:10:09 AM,379 root INFO Loss = tensor([56.0269])
10/16/2019 12:10:16 AM,125 root INFO Validation All-nodes accuracy:0.49(best:0.59)
10/16/2019 12:10:16 AM,125 root INFO Validation Root accuracy:0.73(best:0.74)
10/16/2019 12:10:16 AM,125 root INFO F1:[0.84, 0.5](best:0.92 , 0.72)
10/16/2019 12:10:36 AM,453 root INFO Training All-nodes accuracy:0.52(best:0.58)
10/16/2019 12:10:36 AM,453 root INFO Training Root accuracy:0.5(best:0.73)
10/16/2019 12:10:36 AM,455 root INFO Training F1:[0.67, 0.5](best:0.94 , 0.88)
10/16/2019 12:10:36 AM,460 root INFO Epoch: 5
10/16/2019 12:10:38 AM,25 root INFO Loss = tensor([55.6292])
10/16/2019 12:10:49 AM,966 root INFO Loss = tensor([55.1537])
10/16/2019 12:11:01 AM,543 root INFO Loss = tensor([54.1897])
10/16/2019 12:11:12 AM,690 root INFO Loss = tensor([57.4795])
10/16/2019 12:11:22 AM,319 root INFO Loss = tensor([55.1387])
10/16/2019 12:11:31 AM,947 root INFO Loss = tensor([56.9559])
10/16/2019 12:11:42 AM,102 root INFO Loss = tensor([55.6995])
10/16/2019 12:11:51 AM,560 root INFO Loss = tensor([52.7976])
10/16/2019 12:12:00 AM,249 root INFO Loss = tensor([57.0488])
10/16/2019 12:12:09 AM,569 root INFO Loss = tensor([55.8633])
10/16/2019 12:12:17 AM,643 root INFO Loss = tensor([57.6191])
10/16/2019 12:12:25 AM,693 root INFO Loss = tensor([55.0939])
10/16/2019 12:12:32 AM,873 root INFO Loss = tensor([55.9927])
10/16/2019 12:12:39 AM,148 root INFO Validation All-nodes accuracy:0.64(best:0.64)
10/16/2019 12:12:39 AM,149 root INFO Validation Root accuracy:0.67(best:0.74)
10/16/2019 12:12:39 AM,149 root INFO F1:[0.87, 0.55](best:0.92 , 0.72)
10/16/2019 12:12:59 AM,866 root INFO Training All-nodes accuracy:0.55(best:0.58)
10/16/2019 12:12:59 AM,866 root INFO Training Root accuracy:0.6(best:0.73)
10/16/2019 12:12:59 AM,867 root INFO Training F1:[0.73, 0.81](best:0.94 , 0.88)
10/16/2019 12:12:59 AM,870 root INFO Epoch: 6
10/16/2019 12:13:01 AM,353 root INFO Loss = tensor([56.1012])
10/16/2019 12:13:13 AM,922 root INFO Loss = tensor([55.0926])
10/16/2019 12:13:25 AM,580 root INFO Loss = tensor([55.4152])
10/16/2019 12:13:36 AM,917 root INFO Loss = tensor([55.0877])
10/16/2019 12:13:46 AM,514 root INFO Loss = tensor([54.9274])
10/16/2019 12:13:55 AM,743 root INFO Loss = tensor([55.3579])
10/16/2019 12:14:05 AM,303 root INFO Loss = tensor([55.8743])
10/16/2019 12:14:15 AM,379 root INFO Loss = tensor([54.1214])
10/16/2019 12:14:24 AM,744 root INFO Loss = tensor([54.4877])
10/16/2019 12:14:34 AM,91 root INFO Loss = tensor([53.7058])
10/16/2019 12:14:43 AM,503 root INFO Loss = tensor([58.7412])
10/16/2019 12:14:52 AM,186 root INFO Loss = tensor([54.1254])
10/16/2019 12:14:59 AM,298 root INFO Loss = tensor([54.1832])
10/16/2019 12:15:04 AM,666 root INFO Validation All-nodes accuracy:0.39(best:0.64)
10/16/2019 12:15:04 AM,666 root INFO Validation Root accuracy:0.75(best:0.75)
10/16/2019 12:15:04 AM,666 root INFO F1:[0.89, 0.7](best:0.92 , 0.72)
10/16/2019 12:15:23 AM,965 root INFO Training All-nodes accuracy:0.58(best:0.58)
10/16/2019 12:15:23 AM,965 root INFO Training Root accuracy:0.76(best:0.76)
10/16/2019 12:15:23 AM,965 root INFO Training F1:[0.83, 0.9](best:0.94 , 0.9)
10/16/2019 12:15:23 AM,969 root INFO Epoch: 7
10/16/2019 12:15:25 AM,482 root INFO Loss = tensor([55.7274])
10/16/2019 12:15:37 AM,974 root INFO Loss = tensor([53.9416])
10/16/2019 12:15:49 AM,236 root INFO Loss = tensor([53.1803])
10/16/2019 12:15:59 AM,774 root INFO Loss = tensor([54.4267])
10/16/2019 12:16:08 AM,810 root INFO Loss = tensor([55.7465])
10/16/2019 12:16:17 AM,991 root INFO Loss = tensor([54.8330])
10/16/2019 12:16:27 AM,2 root INFO Loss = tensor([57.5488])
10/16/2019 12:16:37 AM,65 root INFO Loss = tensor([57.1717])
10/16/2019 12:16:47 AM,938 root INFO Loss = tensor([54.8552])
10/16/2019 12:16:57 AM,154 root INFO Loss = tensor([58.2572])
10/16/2019 12:17:06 AM,505 root INFO Loss = tensor([56.6072])
10/16/2019 12:17:16 AM,26 root INFO Loss = tensor([55.4040])
10/16/2019 12:17:24 AM,357 root INFO Loss = tensor([53.4170])
10/16/2019 12:17:29 AM,821 root INFO Validation All-nodes accuracy:0.43(best:0.64)
10/16/2019 12:17:29 AM,822 root INFO Validation Root accuracy:0.63(best:0.75)
10/16/2019 12:17:29 AM,822 root INFO F1:[0.87, 0.52](best:0.92 , 0.72)
10/16/2019 12:17:45 AM,892 root INFO Training All-nodes accuracy:0.6(best:0.6)
10/16/2019 12:17:45 AM,893 root INFO Training Root accuracy:0.75(best:0.76)
10/16/2019 12:17:45 AM,893 root INFO Training F1:[0.86, 0.86](best:0.94 , 0.9)
10/16/2019 12:17:45 AM,894 root INFO Epoch: 8
10/16/2019 12:17:47 AM,44 root INFO Loss = tensor([53.0726])
10/16/2019 12:17:58 AM,266 root INFO Loss = tensor([54.5733])
10/16/2019 12:18:10 AM,37 root INFO Loss = tensor([53.6399])
10/16/2019 12:18:21 AM,398 root INFO Loss = tensor([56.7105])
10/16/2019 12:18:31 AM,724 root INFO Loss = tensor([58.6840])
10/16/2019 12:18:42 AM,251 root INFO Loss = tensor([53.4723])
10/16/2019 12:18:51 AM,684 root INFO Loss = tensor([54.1886])
10/16/2019 12:19:01 AM,527 root INFO Loss = tensor([52.8894])
10/16/2019 12:19:10 AM,352 root INFO Loss = tensor([54.0508])
10/16/2019 12:19:19 AM,556 root INFO Loss = tensor([55.3591])
10/16/2019 12:19:29 AM,338 root INFO Loss = tensor([53.3798])
10/16/2019 12:19:38 AM,475 root INFO Loss = tensor([54.3074])
10/16/2019 12:19:47 AM,322 root INFO Loss = tensor([53.1794])
10/16/2019 12:19:53 AM,644 root INFO Validation All-nodes accuracy:0.63(best:0.64)
10/16/2019 12:19:53 AM,644 root INFO Validation Root accuracy:0.67(best:0.75)
10/16/2019 12:19:53 AM,644 root INFO F1:[0.87, 0.56](best:0.92 , 0.72)
10/16/2019 12:20:09 AM,590 root INFO Training All-nodes accuracy:0.6(best:0.6)
10/16/2019 12:20:09 AM,591 root INFO Training Root accuracy:0.8(best:0.8)
10/16/2019 12:20:09 AM,591 root INFO Training F1:[0.88, 0.89](best:0.94 , 0.9)
10/16/2019 12:20:09 AM,592 root INFO Epoch: 9
10/16/2019 12:20:10 AM,765 root INFO Loss = tensor([52.8037])
10/16/2019 12:20:20 AM,254 root INFO Loss = tensor([55.3887])
10/16/2019 12:20:31 AM,828 root INFO Loss = tensor([54.8450])
10/16/2019 12:20:43 AM,254 root INFO Loss = tensor([54.0403])
10/16/2019 12:20:52 AM,760 root INFO Loss = tensor([53.3381])
10/16/2019 12:21:02 AM,148 root INFO Loss = tensor([53.9012])
10/16/2019 12:21:11 AM,721 root INFO Loss = tensor([54.9591])
10/16/2019 12:21:21 AM,409 root INFO Loss = tensor([53.6167])
10/16/2019 12:21:30 AM,662 root INFO Loss = tensor([55.7484])
10/16/2019 12:21:40 AM,467 root INFO Loss = tensor([53.4262])
10/16/2019 12:21:49 AM,978 root INFO Loss = tensor([55.9793])
10/16/2019 12:22:00 AM,47 root INFO Loss = tensor([54.6167])
10/16/2019 12:22:08 AM,493 root INFO Loss = tensor([54.4610])
10/16/2019 12:22:15 AM,163 root INFO Validation All-nodes accuracy:0.46(best:0.64)
10/16/2019 12:22:15 AM,165 root INFO Validation Root accuracy:0.7(best:0.75)
10/16/2019 12:22:15 AM,165 root INFO F1:[0.87, 0.59](best:0.92 , 0.72)
10/16/2019 12:22:34 AM,326 root INFO Training All-nodes accuracy:0.61(best:0.61)
10/16/2019 12:22:34 AM,328 root INFO Training Root accuracy:0.79(best:0.8)
10/16/2019 12:22:34 AM,328 root INFO Training F1:[0.84, 0.94](best:0.94 , 0.94)
10/16/2019 12:22:34 AM,330 root INFO Epoch: 10
10/16/2019 12:22:35 AM,617 root INFO Loss = tensor([55.1201])
10/16/2019 12:22:45 AM,868 root INFO Loss = tensor([54.8445])
10/16/2019 12:22:55 AM,685 root INFO Loss = tensor([53.7343])
10/16/2019 12:23:06 AM,213 root INFO Loss = tensor([54.7966])
10/16/2019 12:23:15 AM,818 root INFO Loss = tensor([53.1707])
10/16/2019 12:23:24 AM,968 root INFO Loss = tensor([52.6340])
10/16/2019 12:23:33 AM,761 root INFO Loss = tensor([52.6762])
10/16/2019 12:23:43 AM,203 root INFO Loss = tensor([52.6589])
10/16/2019 12:23:52 AM,553 root INFO Loss = tensor([52.6977])
10/16/2019 12:24:01 AM,526 root INFO Loss = tensor([53.7641])
10/16/2019 12:24:11 AM,117 root INFO Loss = tensor([56.7340])
10/16/2019 12:24:21 AM,501 root INFO Loss = tensor([53.1418])
10/16/2019 12:24:29 AM,990 root INFO Loss = tensor([53.9364])
10/16/2019 12:24:36 AM,427 root INFO Validation All-nodes accuracy:0.46(best:0.64)
10/16/2019 12:24:36 AM,428 root INFO Validation Root accuracy:0.67(best:0.75)
10/16/2019 12:24:36 AM,428 root INFO F1:[0.87, 0.55](best:0.92 , 0.72)
10/16/2019 12:24:56 AM,627 root INFO Training All-nodes accuracy:0.62(best:0.62)
10/16/2019 12:24:56 AM,627 root INFO Training Root accuracy:0.81(best:0.81)
10/16/2019 12:24:56 AM,628 root INFO Training F1:[0.88, 0.92](best:0.94 , 0.94)
10/16/2019 12:24:56 AM,631 root INFO Epoch: 11
10/16/2019 12:24:58 AM,195 root INFO Loss = tensor([54.6668])
10/16/2019 12:25:09 AM,100 root INFO Loss = tensor([53.0802])
10/16/2019 12:25:18 AM,845 root INFO Loss = tensor([54.8716])
10/16/2019 12:25:28 AM,917 root INFO Loss = tensor([52.9566])
10/16/2019 12:25:38 AM,1 root INFO Loss = tensor([52.5946])
10/16/2019 12:25:47 AM,221 root INFO Loss = tensor([54.4083])
10/16/2019 12:25:56 AM,710 root INFO Loss = tensor([55.3502])
10/16/2019 12:26:06 AM,43 root INFO Loss = tensor([54.0987])
10/16/2019 12:26:15 AM,256 root INFO Loss = tensor([53.2884])
10/16/2019 12:26:24 AM,203 root INFO Loss = tensor([56.2053])
10/16/2019 12:26:33 AM,893 root INFO Loss = tensor([53.9695])
10/16/2019 12:26:43 AM,145 root INFO Loss = tensor([53.6327])
10/16/2019 12:26:52 AM,70 root INFO Loss = tensor([59.4606])
10/16/2019 12:26:59 AM,367 root INFO Validation All-nodes accuracy:0.54(best:0.64)
10/16/2019 12:26:59 AM,367 root INFO Validation Root accuracy:0.65(best:0.75)
10/16/2019 12:26:59 AM,367 root INFO F1:[0.87, 0.53](best:0.92 , 0.72)
10/16/2019 12:27:19 AM,663 root INFO Training All-nodes accuracy:0.62(best:0.62)
10/16/2019 12:27:19 AM,664 root INFO Training Root accuracy:0.82(best:0.82)
10/16/2019 12:27:19 AM,664 root INFO Training F1:[0.89, 0.91](best:0.94 , 0.94)
10/16/2019 12:27:19 AM,667 root INFO Epoch: 12
10/16/2019 12:27:21 AM,352 root INFO Loss = tensor([53.7865])
10/16/2019 12:27:34 AM,23 root INFO Loss = tensor([51.9666])
10/16/2019 12:27:44 AM,202 root INFO Loss = tensor([54.4398])
10/16/2019 12:27:53 AM,922 root INFO Loss = tensor([52.6800])
10/16/2019 12:28:01 AM,451 root INFO Loss = tensor([52.7938])
10/16/2019 12:28:09 AM,399 root INFO Loss = tensor([54.8424])
10/16/2019 12:28:19 AM,545 root INFO Loss = tensor([55.4087])
10/16/2019 12:28:29 AM,573 root INFO Loss = tensor([52.7479])
10/16/2019 12:28:38 AM,813 root INFO Loss = tensor([52.2752])
10/16/2019 12:28:47 AM,893 root INFO Loss = tensor([53.9991])
10/16/2019 12:28:57 AM,283 root INFO Loss = tensor([51.6074])
10/16/2019 12:29:06 AM,285 root INFO Loss = tensor([54.3786])
10/16/2019 12:29:15 AM,299 root INFO Loss = tensor([52.4942])
10/16/2019 12:29:21 AM,580 root INFO Validation All-nodes accuracy:0.57(best:0.64)
10/16/2019 12:29:21 AM,580 root INFO Validation Root accuracy:0.72(best:0.75)
10/16/2019 12:29:21 AM,580 root INFO F1:[0.88, 0.63](best:0.92 , 0.72)
10/16/2019 12:29:42 AM,118 root INFO Training All-nodes accuracy:0.63(best:0.63)
10/16/2019 12:29:42 AM,119 root INFO Training Root accuracy:0.85(best:0.85)
10/16/2019 12:29:42 AM,119 root INFO Training F1:[0.9, 0.94](best:0.94 , 0.94)
10/16/2019 12:29:42 AM,121 root INFO Epoch: 13
10/16/2019 12:29:43 AM,726 root INFO Loss = tensor([51.6156])
10/16/2019 12:29:55 AM,276 root INFO Loss = tensor([51.7442])
10/16/2019 12:30:06 AM,376 root INFO Loss = tensor([53.4234])
10/16/2019 12:30:17 AM,384 root INFO Loss = tensor([52.7948])
10/16/2019 12:30:24 AM,623 root INFO Loss = tensor([52.5416])
10/16/2019 12:30:32 AM,44 root INFO Loss = tensor([53.2113])
10/16/2019 12:30:39 AM,836 root INFO Loss = tensor([55.2783])
10/16/2019 12:30:48 AM,180 root INFO Loss = tensor([53.3771])
10/16/2019 12:30:57 AM,363 root INFO Loss = tensor([52.5020])
10/16/2019 12:31:06 AM,301 root INFO Loss = tensor([54.1443])
10/16/2019 12:31:15 AM,318 root INFO Loss = tensor([52.6484])
10/16/2019 12:31:24 AM,421 root INFO Loss = tensor([52.5171])
10/16/2019 12:31:33 AM,355 root INFO Loss = tensor([60.8671])
10/16/2019 12:31:41 AM,244 root INFO Validation All-nodes accuracy:0.54(best:0.64)
10/16/2019 12:31:41 AM,245 root INFO Validation Root accuracy:0.71(best:0.75)
10/16/2019 12:31:41 AM,245 root INFO F1:[0.88, 0.62](best:0.92 , 0.72)
10/16/2019 12:32:01 AM,293 root INFO Training All-nodes accuracy:0.64(best:0.64)
10/16/2019 12:32:01 AM,294 root INFO Training Root accuracy:0.86(best:0.86)
10/16/2019 12:32:01 AM,294 root INFO Training F1:[0.91, 0.94](best:0.94 , 0.94)
10/16/2019 12:32:01 AM,299 root INFO Epoch: 14
10/16/2019 12:32:02 AM,895 root INFO Loss = tensor([52.6494])
10/16/2019 12:32:14 AM,846 root INFO Loss = tensor([52.1448])
10/16/2019 12:32:26 AM,237 root INFO Loss = tensor([51.3539])
10/16/2019 12:32:37 AM,40 root INFO Loss = tensor([52.8075])
10/16/2019 12:32:46 AM,357 root INFO Loss = tensor([54.9246])
10/16/2019 12:32:54 AM,380 root INFO Loss = tensor([52.6757])
10/16/2019 12:33:02 AM,30 root INFO Loss = tensor([55.6786])
10/16/2019 12:33:10 AM,215 root INFO Loss = tensor([55.5493])
10/16/2019 12:33:18 AM,525 root INFO Loss = tensor([50.9922])
10/16/2019 12:33:27 AM,576 root INFO Loss = tensor([54.1611])
10/16/2019 12:33:37 AM,248 root INFO Loss = tensor([51.4133])
10/16/2019 12:33:46 AM,28 root INFO Loss = tensor([53.3151])
10/16/2019 12:33:54 AM,942 root INFO Loss = tensor([54.2018])
10/16/2019 12:34:01 AM,710 root INFO Validation All-nodes accuracy:0.52(best:0.64)
10/16/2019 12:34:01 AM,710 root INFO Validation Root accuracy:0.72(best:0.75)
10/16/2019 12:34:01 AM,710 root INFO F1:[0.88, 0.64](best:0.92 , 0.72)
10/16/2019 12:34:21 AM,961 root INFO Training All-nodes accuracy:0.64(best:0.64)
10/16/2019 12:34:21 AM,961 root INFO Training Root accuracy:0.87(best:0.87)
10/16/2019 12:34:21 AM,962 root INFO Training F1:[0.92, 0.95](best:0.94 , 0.95)
10/16/2019 12:34:21 AM,963 root INFO Epoch: 15
10/16/2019 12:34:23 AM,456 root INFO Loss = tensor([53.0337])
10/16/2019 12:34:36 AM,176 root INFO Loss = tensor([55.4409])
10/16/2019 12:34:49 AM,51 root INFO Loss = tensor([52.3064])
10/16/2019 12:35:00 AM,102 root INFO Loss = tensor([52.3442])
10/16/2019 12:35:08 AM,920 root INFO Loss = tensor([51.9845])
10/16/2019 12:35:18 AM,144 root INFO Loss = tensor([52.0860])
10/16/2019 12:35:25 AM,963 root INFO Loss = tensor([51.6607])
10/16/2019 12:35:33 AM,474 root INFO Loss = tensor([53.0614])
10/16/2019 12:35:41 AM,331 root INFO Loss = tensor([52.0615])
10/16/2019 12:35:49 AM,706 root INFO Loss = tensor([52.0147])
10/16/2019 12:35:58 AM,775 root INFO Loss = tensor([52.1964])
10/16/2019 12:36:07 AM,587 root INFO Loss = tensor([53.3496])
10/16/2019 12:36:16 AM,532 root INFO Loss = tensor([52.6615])
10/16/2019 12:36:22 AM,783 root INFO Validation All-nodes accuracy:0.52(best:0.64)
10/16/2019 12:36:22 AM,784 root INFO Validation Root accuracy:0.68(best:0.75)
10/16/2019 12:36:22 AM,784 root INFO F1:[0.87, 0.56](best:0.92 , 0.72)
10/16/2019 12:36:43 AM,0 root INFO Training All-nodes accuracy:0.64(best:0.64)
10/16/2019 12:36:43 AM,0 root INFO Training Root accuracy:0.88(best:0.88)
10/16/2019 12:36:43 AM,0 root INFO Training F1:[0.93, 0.95](best:0.94 , 0.95)
10/16/2019 12:36:43 AM,4 root INFO Epoch: 16
10/16/2019 12:36:44 AM,742 root INFO Loss = tensor([52.9285])
10/16/2019 12:36:57 AM,397 root INFO Loss = tensor([53.5050])
10/16/2019 12:37:08 AM,890 root INFO Loss = tensor([52.2219])
10/16/2019 12:37:20 AM,166 root INFO Loss = tensor([52.4830])
10/16/2019 12:37:29 AM,571 root INFO Loss = tensor([53.9403])
10/16/2019 12:37:38 AM,870 root INFO Loss = tensor([56.5244])
10/16/2019 12:37:48 AM,149 root INFO Loss = tensor([51.7774])
10/16/2019 12:37:55 AM,895 root INFO Loss = tensor([55.6934])
10/16/2019 12:38:03 AM,247 root INFO Loss = tensor([58.6782])
10/16/2019 12:38:11 AM,305 root INFO Loss = tensor([57.8042])
10/16/2019 12:38:19 AM,862 root INFO Loss = tensor([53.7022])
10/16/2019 12:38:29 AM,398 root INFO Loss = tensor([56.2960])
10/16/2019 12:38:38 AM,136 root INFO Loss = tensor([60.1905])
10/16/2019 12:38:44 AM,732 root INFO Validation All-nodes accuracy:0.51(best:0.64)
10/16/2019 12:38:44 AM,733 root INFO Validation Root accuracy:0.7(best:0.75)
10/16/2019 12:38:44 AM,733 root INFO F1:[0.86, 0.58](best:0.92 , 0.72)
10/16/2019 12:39:05 AM,35 root INFO Training All-nodes accuracy:0.65(best:0.65)
10/16/2019 12:39:05 AM,37 root INFO Training Root accuracy:0.88(best:0.88)
10/16/2019 12:39:05 AM,37 root INFO Training F1:[0.91, 0.97](best:0.94 , 0.97)
10/16/2019 12:39:05 AM,40 root INFO Epoch: 17
10/16/2019 12:39:06 AM,526 root INFO Loss = tensor([51.4709])
10/16/2019 12:39:18 AM,264 root INFO Loss = tensor([54.0500])
10/16/2019 12:39:29 AM,943 root INFO Loss = tensor([54.3435])
10/16/2019 12:39:41 AM,824 root INFO Loss = tensor([52.0295])
10/16/2019 12:39:51 AM,200 root INFO Loss = tensor([52.4428])
10/16/2019 12:40:00 AM,231 root INFO Loss = tensor([52.5938])
10/16/2019 12:40:09 AM,670 root INFO Loss = tensor([52.9503])
10/16/2019 12:40:19 AM,336 root INFO Loss = tensor([52.3999])
10/16/2019 12:40:27 AM,495 root INFO Loss = tensor([56.6157])
10/16/2019 12:40:36 AM,541 root INFO Loss = tensor([50.0203])
10/16/2019 12:40:43 AM,428 root INFO Loss = tensor([50.5132])
10/16/2019 12:40:51 AM,484 root INFO Loss = tensor([53.2561])
10/16/2019 12:41:00 AM,202 root INFO Loss = tensor([51.6959])
10/16/2019 12:41:06 AM,698 root INFO Validation All-nodes accuracy:0.49(best:0.64)
10/16/2019 12:41:06 AM,699 root INFO Validation Root accuracy:0.7(best:0.75)
10/16/2019 12:41:06 AM,699 root INFO F1:[0.87, 0.6](best:0.92 , 0.72)
10/16/2019 12:41:27 AM,79 root INFO Training All-nodes accuracy:0.65(best:0.65)
10/16/2019 12:41:27 AM,80 root INFO Training Root accuracy:0.89(best:0.89)
10/16/2019 12:41:27 AM,80 root INFO Training F1:[0.93, 0.96](best:0.94 , 0.97)
10/16/2019 12:41:27 AM,84 root INFO Epoch: 18
10/16/2019 12:41:28 AM,496 root INFO Loss = tensor([51.4359])
10/16/2019 12:41:40 AM,20 root INFO Loss = tensor([53.3757])
10/16/2019 12:41:52 AM,151 root INFO Loss = tensor([52.4216])
10/16/2019 12:42:03 AM,720 root INFO Loss = tensor([52.8053])
10/16/2019 12:42:13 AM,358 root INFO Loss = tensor([52.2228])
10/16/2019 12:42:22 AM,705 root INFO Loss = tensor([50.2644])
10/16/2019 12:42:31 AM,535 root INFO Loss = tensor([51.2659])
10/16/2019 12:42:40 AM,721 root INFO Loss = tensor([53.7861])
10/16/2019 12:42:51 AM,175 root INFO Loss = tensor([51.5606])
10/16/2019 12:42:59 AM,376 root INFO Loss = tensor([50.5376])
10/16/2019 12:43:06 AM,853 root INFO Loss = tensor([51.5792])
10/16/2019 12:43:14 AM,270 root INFO Loss = tensor([52.2696])
10/16/2019 12:43:21 AM,362 root INFO Loss = tensor([53.9084])
10/16/2019 12:43:27 AM,593 root INFO Validation All-nodes accuracy:0.58(best:0.64)
10/16/2019 12:43:27 AM,594 root INFO Validation Root accuracy:0.72(best:0.75)
10/16/2019 12:43:27 AM,594 root INFO F1:[0.88, 0.63](best:0.92 , 0.72)
10/16/2019 12:43:47 AM,935 root INFO Training All-nodes accuracy:0.65(best:0.65)
10/16/2019 12:43:47 AM,936 root INFO Training Root accuracy:0.9(best:0.9)
10/16/2019 12:43:47 AM,936 root INFO Training F1:[0.94, 0.96](best:0.94 , 0.97)
10/16/2019 12:43:47 AM,947 root INFO Epoch: 19
10/16/2019 12:43:49 AM,550 root INFO Loss = tensor([52.4392])
10/16/2019 12:44:02 AM,45 root INFO Loss = tensor([50.7417])
10/16/2019 12:44:13 AM,219 root INFO Loss = tensor([52.4657])
10/16/2019 12:44:24 AM,835 root INFO Loss = tensor([52.0868])
10/16/2019 12:44:34 AM,166 root INFO Loss = tensor([51.7101])
10/16/2019 12:44:43 AM,337 root INFO Loss = tensor([52.4796])
10/16/2019 12:44:52 AM,713 root INFO Loss = tensor([53.1645])
10/16/2019 12:45:02 AM,405 root INFO Loss = tensor([51.2464])
10/16/2019 12:45:11 AM,811 root INFO Loss = tensor([51.7664])
10/16/2019 12:45:20 AM,798 root INFO Loss = tensor([51.5886])
10/16/2019 12:45:29 AM,634 root INFO Loss = tensor([51.4262])
10/16/2019 12:45:37 AM,190 root INFO Loss = tensor([54.8143])
10/16/2019 12:45:44 AM,915 root INFO Loss = tensor([56.2447])
10/16/2019 12:45:50 AM,338 root INFO Validation All-nodes accuracy:0.48(best:0.64)
10/16/2019 12:45:50 AM,338 root INFO Validation Root accuracy:0.73(best:0.75)
10/16/2019 12:45:50 AM,338 root INFO F1:[0.87, 0.65](best:0.92 , 0.72)
10/16/2019 12:46:09 AM,370 root INFO Training All-nodes accuracy:0.65(best:0.65)
10/16/2019 12:46:09 AM,370 root INFO Training Root accuracy:0.9(best:0.9)
10/16/2019 12:46:09 AM,371 root INFO Training F1:[0.93, 0.97](best:0.94 , 0.97)
10/16/2019 12:46:09 AM,373 root INFO Epoch: 20
10/16/2019 12:46:10 AM,934 root INFO Loss = tensor([51.6143])
10/16/2019 12:46:23 AM,125 root INFO Loss = tensor([53.8309])
10/16/2019 12:46:35 AM,270 root INFO Loss = tensor([51.5843])
10/16/2019 12:46:46 AM,728 root INFO Loss = tensor([51.4931])
10/16/2019 12:46:56 AM,73 root INFO Loss = tensor([53.0585])
10/16/2019 12:47:06 AM,65 root INFO Loss = tensor([54.1100])
10/16/2019 12:47:15 AM,863 root INFO Loss = tensor([55.4536])
10/16/2019 12:47:25 AM,736 root INFO Loss = tensor([50.6298])
10/16/2019 12:47:35 AM,44 root INFO Loss = tensor([54.4962])
10/16/2019 12:47:44 AM,115 root INFO Loss = tensor([55.2061])
10/16/2019 12:47:53 AM,663 root INFO Loss = tensor([53.3799])
10/16/2019 12:48:02 AM,57 root INFO Loss = tensor([51.4814])
10/16/2019 12:48:09 AM,182 root INFO Loss = tensor([59.9059])
10/16/2019 12:48:14 AM,689 root INFO Validation All-nodes accuracy:0.52(best:0.64)
10/16/2019 12:48:14 AM,690 root INFO Validation Root accuracy:0.69(best:0.75)
10/16/2019 12:48:14 AM,690 root INFO F1:[0.88, 0.6](best:0.92 , 0.72)
10/16/2019 12:48:31 AM,932 root INFO Training All-nodes accuracy:0.66(best:0.66)
10/16/2019 12:48:31 AM,932 root INFO Training Root accuracy:0.91(best:0.91)
10/16/2019 12:48:31 AM,933 root INFO Training F1:[0.95, 0.96](best:0.95 , 0.97)
10/16/2019 12:48:31 AM,934 root INFO Epoch: 21
10/16/2019 12:48:33 AM,381 root INFO Loss = tensor([51.0986])
10/16/2019 12:48:45 AM,643 root INFO Loss = tensor([53.2422])
10/16/2019 12:48:57 AM,887 root INFO Loss = tensor([52.6414])
10/16/2019 12:49:09 AM,881 root INFO Loss = tensor([52.0318])
10/16/2019 12:49:19 AM,503 root INFO Loss = tensor([50.9322])
10/16/2019 12:49:28 AM,586 root INFO Loss = tensor([52.4332])
10/16/2019 12:49:37 AM,774 root INFO Loss = tensor([51.5715])
10/16/2019 12:49:46 AM,895 root INFO Loss = tensor([51.4631])
10/16/2019 12:49:56 AM,125 root INFO Loss = tensor([51.0933])
10/16/2019 12:50:05 AM,896 root INFO Loss = tensor([52.2551])
10/16/2019 12:50:15 AM,650 root INFO Loss = tensor([51.8016])
10/16/2019 12:50:25 AM,118 root INFO Loss = tensor([49.3527])
10/16/2019 12:50:32 AM,660 root INFO Loss = tensor([51.4583])
10/16/2019 12:50:38 AM,156 root INFO Validation All-nodes accuracy:0.54(best:0.64)
10/16/2019 12:50:38 AM,157 root INFO Validation Root accuracy:0.7(best:0.75)
10/16/2019 12:50:38 AM,157 root INFO F1:[0.88, 0.62](best:0.92 , 0.72)
10/16/2019 12:50:54 AM,293 root INFO Training All-nodes accuracy:0.66(best:0.66)
10/16/2019 12:50:54 AM,294 root INFO Training Root accuracy:0.92(best:0.92)
10/16/2019 12:50:54 AM,294 root INFO Training F1:[0.95, 0.97](best:0.95 , 0.97)
10/16/2019 12:50:54 AM,295 root INFO Epoch: 22
10/16/2019 12:50:55 AM,671 root INFO Loss = tensor([53.7705])
10/16/2019 12:51:08 AM,743 root INFO Loss = tensor([50.0497])
10/16/2019 12:51:19 AM,821 root INFO Loss = tensor([51.5980])
10/16/2019 12:51:30 AM,674 root INFO Loss = tensor([51.4848])
10/16/2019 12:51:40 AM,41 root INFO Loss = tensor([51.5641])
10/16/2019 12:51:48 AM,771 root INFO Loss = tensor([54.3296])
10/16/2019 12:51:57 AM,688 root INFO Loss = tensor([53.2699])
10/16/2019 12:52:07 AM,458 root INFO Loss = tensor([52.3565])
10/16/2019 12:52:16 AM,886 root INFO Loss = tensor([54.2220])
10/16/2019 12:52:26 AM,260 root INFO Loss = tensor([51.1410])
10/16/2019 12:52:35 AM,873 root INFO Loss = tensor([54.3672])
10/16/2019 12:52:46 AM,940 root INFO Loss = tensor([55.2842])
10/16/2019 12:52:57 AM,464 root INFO Loss = tensor([54.1496])
10/16/2019 12:53:03 AM,463 root INFO Validation All-nodes accuracy:0.5(best:0.64)
10/16/2019 12:53:03 AM,463 root INFO Validation Root accuracy:0.69(best:0.75)
10/16/2019 12:53:03 AM,463 root INFO F1:[0.88, 0.61](best:0.92 , 0.72)
10/16/2019 12:53:19 AM,943 root INFO Training All-nodes accuracy:0.66(best:0.66)
10/16/2019 12:53:19 AM,943 root INFO Training Root accuracy:0.91(best:0.92)
10/16/2019 12:53:19 AM,943 root INFO Training F1:[0.95, 0.95](best:0.95 , 0.97)
10/16/2019 12:53:19 AM,945 root INFO Epoch: 23
10/16/2019 12:53:21 AM,101 root INFO Loss = tensor([49.4269])
10/16/2019 12:53:31 AM,143 root INFO Loss = tensor([56.2348])
10/16/2019 12:53:42 AM,546 root INFO Loss = tensor([56.4232])
10/16/2019 12:53:53 AM,571 root INFO Loss = tensor([56.4916])
10/16/2019 12:54:02 AM,584 root INFO Loss = tensor([52.4686])
10/16/2019 12:54:11 AM,829 root INFO Loss = tensor([56.0188])
10/16/2019 12:54:20 AM,672 root INFO Loss = tensor([57.3940])
10/16/2019 12:54:29 AM,687 root INFO Loss = tensor([58.2857])
10/16/2019 12:54:39 AM,312 root INFO Loss = tensor([55.4339])
10/16/2019 12:54:48 AM,767 root INFO Loss = tensor([56.1698])
10/16/2019 12:54:58 AM,736 root INFO Loss = tensor([56.2177])
10/16/2019 12:55:08 AM,283 root INFO Loss = tensor([57.3393])
10/16/2019 12:55:17 AM,220 root INFO Loss = tensor([59.0195])
10/16/2019 12:55:24 AM,423 root INFO Validation All-nodes accuracy:0.47(best:0.64)
10/16/2019 12:55:24 AM,423 root INFO Validation Root accuracy:0.68(best:0.75)
10/16/2019 12:55:24 AM,423 root INFO F1:[0.86, 0.55](best:0.92 , 0.72)
10/16/2019 12:55:41 AM,785 root INFO Training All-nodes accuracy:0.62(best:0.66)
10/16/2019 12:55:41 AM,786 root INFO Training Root accuracy:0.77(best:0.92)
10/16/2019 12:55:41 AM,786 root INFO Training F1:[0.83, 0.95](best:0.95 , 0.97)
10/16/2019 12:55:41 AM,788 root INFO Epoch: 24
10/16/2019 12:55:42 AM,939 root INFO Loss = tensor([51.5030])
10/16/2019 12:55:52 AM,373 root INFO Loss = tensor([56.9538])
10/16/2019 12:56:03 AM,42 root INFO Loss = tensor([61.4884])
10/16/2019 12:56:15 AM,504 root INFO Loss = tensor([60.0248])
10/16/2019 12:56:25 AM,155 root INFO Loss = tensor([53.5548])
10/16/2019 12:56:34 AM,624 root INFO Loss = tensor([52.0482])
10/16/2019 12:56:43 AM,842 root INFO Loss = tensor([54.8290])
10/16/2019 12:56:53 AM,192 root INFO Loss = tensor([54.6683])
10/16/2019 12:57:02 AM,357 root INFO Loss = tensor([52.8509])
10/16/2019 12:57:12 AM,102 root INFO Loss = tensor([52.5498])
10/16/2019 12:57:22 AM,106 root INFO Loss = tensor([54.7285])
10/16/2019 12:57:32 AM,310 root INFO Loss = tensor([55.5577])
10/16/2019 12:57:41 AM,454 root INFO Loss = tensor([53.1106])
10/16/2019 12:57:48 AM,182 root INFO Validation All-nodes accuracy:0.48(best:0.64)
10/16/2019 12:57:48 AM,183 root INFO Validation Root accuracy:0.54(best:0.75)
10/16/2019 12:57:48 AM,183 root INFO F1:[0.85, 0.45](best:0.92 , 0.72)
10/16/2019 12:58:08 AM,212 root INFO Training All-nodes accuracy:0.63(best:0.66)
10/16/2019 12:58:08 AM,212 root INFO Training Root accuracy:0.82(best:0.92)
10/16/2019 12:58:08 AM,212 root INFO Training F1:[0.95, 0.86](best:0.95 , 0.97)
10/16/2019 12:58:08 AM,214 root INFO Epoch: 25
10/16/2019 12:58:09 AM,352 root INFO Loss = tensor([52.3754])
10/16/2019 12:58:18 AM,804 root INFO Loss = tensor([52.2346])
10/16/2019 12:58:28 AM,128 root INFO Loss = tensor([54.8231])
10/16/2019 12:58:37 AM,652 root INFO Loss = tensor([56.6230])
10/16/2019 12:58:47 AM,317 root INFO Loss = tensor([52.2788])
10/16/2019 12:58:56 AM,233 root INFO Loss = tensor([52.4696])
10/16/2019 12:59:05 AM,351 root INFO Loss = tensor([53.6336])
10/16/2019 12:59:14 AM,787 root INFO Loss = tensor([53.2424])
10/16/2019 12:59:24 AM,74 root INFO Loss = tensor([54.3231])
10/16/2019 12:59:33 AM,916 root INFO Loss = tensor([52.3212])
10/16/2019 12:59:43 AM,410 root INFO Loss = tensor([56.6713])
10/16/2019 12:59:53 AM,939 root INFO Loss = tensor([54.4091])
10/16/2019 01:00:02 AM,578 root INFO Loss = tensor([55.7831])
10/16/2019 01:00:09 AM,785 root INFO Validation All-nodes accuracy:0.58(best:0.64)
10/16/2019 01:00:09 AM,786 root INFO Validation Root accuracy:0.69(best:0.75)
10/16/2019 01:00:09 AM,786 root INFO F1:[0.87, 0.57](best:0.92 , 0.72)
10/16/2019 01:00:30 AM,180 root INFO Training All-nodes accuracy:0.64(best:0.66)
10/16/2019 01:00:30 AM,181 root INFO Training Root accuracy:0.84(best:0.92)
10/16/2019 01:00:30 AM,181 root INFO Training F1:[0.88, 0.95](best:0.95 , 0.97)
10/16/2019 01:00:30 AM,185 root INFO Epoch: 26
10/16/2019 01:00:31 AM,828 root INFO Loss = tensor([52.4055])
10/16/2019 01:00:43 AM,125 root INFO Loss = tensor([52.6227])
10/16/2019 01:00:52 AM,593 root INFO Loss = tensor([52.8908])
10/16/2019 01:01:01 AM,791 root INFO Loss = tensor([53.6925])
10/16/2019 01:01:10 AM,254 root INFO Loss = tensor([51.5282])
10/16/2019 01:01:19 AM,708 root INFO Loss = tensor([52.1576])
10/16/2019 01:01:28 AM,981 root INFO Loss = tensor([53.9307])
10/16/2019 01:01:38 AM,134 root INFO Loss = tensor([50.8175])
10/16/2019 01:01:47 AM,288 root INFO Loss = tensor([52.8467])
10/16/2019 01:01:56 AM,921 root INFO Loss = tensor([55.7331])
10/16/2019 01:02:06 AM,861 root INFO Loss = tensor([51.0119])
10/16/2019 01:02:15 AM,974 root INFO Loss = tensor([52.7772])
10/16/2019 01:02:24 AM,424 root INFO Loss = tensor([50.8193])
10/16/2019 01:02:30 AM,972 root INFO Validation All-nodes accuracy:0.53(best:0.64)
10/16/2019 01:02:30 AM,973 root INFO Validation Root accuracy:0.68(best:0.75)
10/16/2019 01:02:30 AM,973 root INFO F1:[0.88, 0.58](best:0.92 , 0.72)
10/16/2019 01:02:51 AM,407 root INFO Training All-nodes accuracy:0.65(best:0.66)
10/16/2019 01:02:51 AM,408 root INFO Training Root accuracy:0.87(best:0.92)
10/16/2019 01:02:51 AM,408 root INFO Training F1:[0.93, 0.93](best:0.95 , 0.97)
10/16/2019 01:02:51 AM,410 root INFO Epoch: 27
10/16/2019 01:02:53 AM,9 root INFO Loss = tensor([50.9629])
10/16/2019 01:03:04 AM,880 root INFO Loss = tensor([51.7526])
10/16/2019 01:03:16 AM,415 root INFO Loss = tensor([52.7162])
10/16/2019 01:03:25 AM,977 root INFO Loss = tensor([51.6098])
10/16/2019 01:03:33 AM,690 root INFO Loss = tensor([52.3915])
10/16/2019 01:03:41 AM,677 root INFO Loss = tensor([50.0133])
10/16/2019 01:03:50 AM,699 root INFO Loss = tensor([52.8282])
10/16/2019 01:04:01 AM,44 root INFO Loss = tensor([51.7272])
10/16/2019 01:04:10 AM,156 root INFO Loss = tensor([53.3359])
10/16/2019 01:04:20 AM,273 root INFO Loss = tensor([51.5923])
10/16/2019 01:04:29 AM,561 root INFO Loss = tensor([51.3407])
10/16/2019 01:04:38 AM,471 root INFO Loss = tensor([48.8009])
10/16/2019 01:04:46 AM,315 root INFO Loss = tensor([50.1177])
10/16/2019 01:04:52 AM,986 root INFO Validation All-nodes accuracy:0.56(best:0.64)
10/16/2019 01:04:52 AM,986 root INFO Validation Root accuracy:0.68(best:0.75)
10/16/2019 01:04:52 AM,986 root INFO F1:[0.88, 0.58](best:0.92 , 0.72)
10/16/2019 01:05:13 AM,331 root INFO Training All-nodes accuracy:0.66(best:0.66)
10/16/2019 01:05:13 AM,331 root INFO Training Root accuracy:0.92(best:0.92)
10/16/2019 01:05:13 AM,331 root INFO Training F1:[0.95, 0.97](best:0.95 , 0.97)
10/16/2019 01:05:13 AM,333 root INFO Epoch: 28
10/16/2019 01:05:14 AM,909 root INFO Loss = tensor([50.2897])
10/16/2019 01:05:27 AM,118 root INFO Loss = tensor([52.0220])
10/16/2019 01:05:39 AM,170 root INFO Loss = tensor([52.3620])
10/16/2019 01:05:49 AM,937 root INFO Loss = tensor([50.5652])
10/16/2019 01:05:57 AM,907 root INFO Loss = tensor([55.1851])
10/16/2019 01:06:06 AM,329 root INFO Loss = tensor([50.4739])
10/16/2019 01:06:13 AM,525 root INFO Loss = tensor([50.1020])
10/16/2019 01:06:22 AM,289 root INFO Loss = tensor([52.4981])
10/16/2019 01:06:31 AM,939 root INFO Loss = tensor([50.8873])
10/16/2019 01:06:40 AM,610 root INFO Loss = tensor([51.6711])
10/16/2019 01:06:49 AM,671 root INFO Loss = tensor([54.8767])
10/16/2019 01:06:59 AM,414 root INFO Loss = tensor([57.2322])
10/16/2019 01:07:08 AM,184 root INFO Loss = tensor([54.1557])
10/16/2019 01:07:15 AM,79 root INFO Validation All-nodes accuracy:0.57(best:0.64)
10/16/2019 01:07:15 AM,80 root INFO Validation Root accuracy:0.66(best:0.75)
10/16/2019 01:07:15 AM,80 root INFO F1:[0.88, 0.56](best:0.92 , 0.72)
10/16/2019 01:07:35 AM,812 root INFO Training All-nodes accuracy:0.66(best:0.66)
10/16/2019 01:07:35 AM,812 root INFO Training Root accuracy:0.92(best:0.92)
10/16/2019 01:07:35 AM,812 root INFO Training F1:[0.95, 0.96](best:0.95 , 0.97)
10/16/2019 01:07:35 AM,814 root INFO Epoch: 29
10/16/2019 01:07:37 AM,365 root INFO Loss = tensor([51.7569])
10/16/2019 01:07:49 AM,664 root INFO Loss = tensor([52.5697])
10/16/2019 01:08:01 AM,310 root INFO Loss = tensor([52.7995])
10/16/2019 01:08:12 AM,812 root INFO Loss = tensor([50.3716])
10/16/2019 01:08:21 AM,93 root INFO Loss = tensor([50.8680])
10/16/2019 01:08:28 AM,947 root INFO Loss = tensor([54.2134])
10/16/2019 01:08:37 AM,221 root INFO Loss = tensor([52.5956])
10/16/2019 01:08:45 AM,169 root INFO Loss = tensor([52.7052])
10/16/2019 01:08:54 AM,811 root INFO Loss = tensor([52.4773])
10/16/2019 01:09:04 AM,121 root INFO Loss = tensor([50.7264])
10/16/2019 01:09:13 AM,262 root INFO Loss = tensor([51.6338])
10/16/2019 01:09:22 AM,176 root INFO Loss = tensor([50.6352])
10/16/2019 01:09:30 AM,560 root INFO Loss = tensor([49.3330])
10/16/2019 01:09:36 AM,960 root INFO Validation All-nodes accuracy:0.52(best:0.64)
10/16/2019 01:09:36 AM,961 root INFO Validation Root accuracy:0.66(best:0.75)
10/16/2019 01:09:36 AM,961 root INFO F1:[0.88, 0.55](best:0.92 , 0.72)
10/16/2019 01:09:57 AM,581 root INFO Training All-nodes accuracy:0.66(best:0.66)
10/16/2019 01:09:57 AM,581 root INFO Training Root accuracy:0.93(best:0.93)
10/16/2019 01:09:57 AM,582 root INFO Training F1:[0.97, 0.96](best:0.97 , 0.97)
10/16/2019 01:09:57 AM,591 root INFO Epoch: 30
10/16/2019 01:09:59 AM,160 root INFO Loss = tensor([51.8119])
10/16/2019 01:10:11 AM,517 root INFO Loss = tensor([50.0146])
10/16/2019 01:10:22 AM,781 root INFO Loss = tensor([51.8594])
10/16/2019 01:10:34 AM,234 root INFO Loss = tensor([50.5418])
10/16/2019 01:10:43 AM,535 root INFO Loss = tensor([51.1983])
10/16/2019 01:10:52 AM,91 root INFO Loss = tensor([50.7848])
10/16/2019 01:10:59 AM,801 root INFO Loss = tensor([50.0210])
10/16/2019 01:11:07 AM,518 root INFO Loss = tensor([51.8302])
10/16/2019 01:11:15 AM,811 root INFO Loss = tensor([50.8471])
10/16/2019 01:11:24 AM,841 root INFO Loss = tensor([52.5142])
10/16/2019 01:11:34 AM,340 root INFO Loss = tensor([54.0970])
10/16/2019 01:11:44 AM,202 root INFO Loss = tensor([50.0479])
10/16/2019 01:11:52 AM,308 root INFO Loss = tensor([53.4390])
10/16/2019 01:11:58 AM,950 root INFO Validation All-nodes accuracy:0.54(best:0.64)
10/16/2019 01:11:58 AM,951 root INFO Validation Root accuracy:0.68(best:0.75)
10/16/2019 01:11:58 AM,951 root INFO F1:[0.86, 0.55](best:0.92 , 0.72)
10/16/2019 01:12:19 AM,350 root INFO Training All-nodes accuracy:0.67(best:0.67)
10/16/2019 01:12:19 AM,351 root INFO Training Root accuracy:0.93(best:0.93)
10/16/2019 01:12:19 AM,351 root INFO Training F1:[0.96, 0.98](best:0.97 , 0.98)
10/16/2019 01:12:19 AM,354 root INFO Epoch: 31
10/16/2019 01:12:20 AM,883 root INFO Loss = tensor([49.9055])
10/16/2019 01:12:32 AM,442 root INFO Loss = tensor([51.9290])
10/16/2019 01:12:44 AM,40 root INFO Loss = tensor([49.9444])
10/16/2019 01:12:54 AM,791 root INFO Loss = tensor([51.9997])
10/16/2019 01:13:04 AM,711 root INFO Loss = tensor([50.5841])
10/16/2019 01:13:13 AM,993 root INFO Loss = tensor([50.8815])
10/16/2019 01:13:23 AM,364 root INFO Loss = tensor([50.8820])
10/16/2019 01:13:31 AM,189 root INFO Loss = tensor([50.9150])
10/16/2019 01:13:39 AM,92 root INFO Loss = tensor([51.1054])
10/16/2019 01:13:46 AM,843 root INFO Loss = tensor([50.4564])
10/16/2019 01:13:54 AM,407 root INFO Loss = tensor([52.8202])
10/16/2019 01:14:03 AM,696 root INFO Loss = tensor([51.4075])
10/16/2019 01:14:12 AM,48 root INFO Loss = tensor([55.9646])
10/16/2019 01:14:19 AM,639 root INFO Validation All-nodes accuracy:0.54(best:0.64)
10/16/2019 01:14:19 AM,640 root INFO Validation Root accuracy:0.68(best:0.75)
10/16/2019 01:14:19 AM,640 root INFO F1:[0.87, 0.57](best:0.92 , 0.72)
10/16/2019 01:14:40 AM,67 root INFO Training All-nodes accuracy:0.67(best:0.67)
10/16/2019 01:14:40 AM,67 root INFO Training Root accuracy:0.94(best:0.94)
10/16/2019 01:14:40 AM,67 root INFO Training F1:[0.96, 0.97](best:0.97 , 0.98)
10/16/2019 01:14:40 AM,69 root INFO Epoch: 32
10/16/2019 01:14:41 AM,560 root INFO Loss = tensor([50.1969])
10/16/2019 01:14:53 AM,569 root INFO Loss = tensor([50.8689])
10/16/2019 01:15:05 AM,654 root INFO Loss = tensor([51.5729])
10/16/2019 01:15:17 AM,193 root INFO Loss = tensor([50.3487])
10/16/2019 01:15:26 AM,528 root INFO Loss = tensor([49.8440])
10/16/2019 01:15:35 AM,844 root INFO Loss = tensor([50.0422])
10/16/2019 01:15:44 AM,929 root INFO Loss = tensor([51.1446])
10/16/2019 01:15:54 AM,214 root INFO Loss = tensor([50.6838])
10/16/2019 01:16:02 AM,104 root INFO Loss = tensor([50.1327])
10/16/2019 01:16:09 AM,720 root INFO Loss = tensor([50.7504])
10/16/2019 01:16:17 AM,525 root INFO Loss = tensor([54.0031])
10/16/2019 01:16:25 AM,470 root INFO Loss = tensor([52.0208])
10/16/2019 01:16:34 AM,597 root INFO Loss = tensor([52.4753])
10/16/2019 01:16:41 AM,705 root INFO Validation All-nodes accuracy:0.53(best:0.64)
10/16/2019 01:16:41 AM,706 root INFO Validation Root accuracy:0.66(best:0.75)
10/16/2019 01:16:41 AM,706 root INFO F1:[0.86, 0.53](best:0.92 , 0.72)
10/16/2019 01:17:02 AM,187 root INFO Training All-nodes accuracy:0.67(best:0.67)
10/16/2019 01:17:02 AM,188 root INFO Training Root accuracy:0.94(best:0.94)
10/16/2019 01:17:02 AM,188 root INFO Training F1:[0.97, 0.98](best:0.97 , 0.98)
10/16/2019 01:17:02 AM,191 root INFO Epoch: 33
10/16/2019 01:17:03 AM,613 root INFO Loss = tensor([49.7290])
10/16/2019 01:17:14 AM,718 root INFO Loss = tensor([50.6404])
10/16/2019 01:17:25 AM,925 root INFO Loss = tensor([51.7515])
10/16/2019 01:17:37 AM,206 root INFO Loss = tensor([49.6506])
10/16/2019 01:17:46 AM,264 root INFO Loss = tensor([49.4206])
10/16/2019 01:17:55 AM,165 root INFO Loss = tensor([51.6462])
10/16/2019 01:18:04 AM,765 root INFO Loss = tensor([49.5721])
10/16/2019 01:18:14 AM,192 root INFO Loss = tensor([51.3702])
10/16/2019 01:18:23 AM,723 root INFO Loss = tensor([51.0488])
10/16/2019 01:18:32 AM,49 root INFO Loss = tensor([50.1791])
10/16/2019 01:18:39 AM,974 root INFO Loss = tensor([53.4383])
10/16/2019 01:18:48 AM,351 root INFO Loss = tensor([53.8374])
10/16/2019 01:18:56 AM,353 root INFO Loss = tensor([53.7891])
10/16/2019 01:19:03 AM,254 root INFO Validation All-nodes accuracy:0.55(best:0.64)
10/16/2019 01:19:03 AM,254 root INFO Validation Root accuracy:0.68(best:0.75)
10/16/2019 01:19:03 AM,254 root INFO F1:[0.87, 0.57](best:0.92 , 0.72)
10/16/2019 01:19:23 AM,759 root INFO Training All-nodes accuracy:0.67(best:0.67)
10/16/2019 01:19:23 AM,760 root INFO Training Root accuracy:0.95(best:0.95)
10/16/2019 01:19:23 AM,760 root INFO Training F1:[0.96, 0.98](best:0.97 , 0.98)
10/16/2019 01:19:23 AM,762 root INFO Epoch: 34
10/16/2019 01:19:25 AM,306 root INFO Loss = tensor([51.0886])
10/16/2019 01:19:37 AM,807 root INFO Loss = tensor([48.9332])
10/16/2019 01:19:48 AM,730 root INFO Loss = tensor([49.8605])
10/16/2019 01:19:59 AM,410 root INFO Loss = tensor([51.8684])
10/16/2019 01:20:09 AM,74 root INFO Loss = tensor([49.9645])
10/16/2019 01:20:17 AM,850 root INFO Loss = tensor([49.9694])
10/16/2019 01:20:26 AM,988 root INFO Loss = tensor([49.7505])
10/16/2019 01:20:36 AM,167 root INFO Loss = tensor([51.3822])
10/16/2019 01:20:46 AM,97 root INFO Loss = tensor([50.9316])
10/16/2019 01:20:55 AM,305 root INFO Loss = tensor([50.4832])
10/16/2019 01:21:03 AM,571 root INFO Loss = tensor([51.5043])
10/16/2019 01:21:11 AM,940 root INFO Loss = tensor([52.3381])
10/16/2019 01:21:19 AM,64 root INFO Loss = tensor([56.3262])
10/16/2019 01:21:24 AM,725 root INFO Validation All-nodes accuracy:0.55(best:0.64)
10/16/2019 01:21:24 AM,725 root INFO Validation Root accuracy:0.66(best:0.75)
10/16/2019 01:21:24 AM,725 root INFO F1:[0.86, 0.52](best:0.92 , 0.72)
10/16/2019 01:21:45 AM,87 root INFO Training All-nodes accuracy:0.67(best:0.67)
10/16/2019 01:21:45 AM,87 root INFO Training Root accuracy:0.96(best:0.96)
10/16/2019 01:21:45 AM,88 root INFO Training F1:[0.97, 0.98](best:0.97 , 0.98)
10/16/2019 01:21:45 AM,90 root INFO Epoch: 35
10/16/2019 01:21:46 AM,463 root INFO Loss = tensor([49.2175])
10/16/2019 01:21:57 AM,830 root INFO Loss = tensor([58.3543])
10/16/2019 01:22:09 AM,587 root INFO Loss = tensor([60.9133])
10/16/2019 01:22:21 AM,413 root INFO Loss = tensor([58.6573])
10/16/2019 01:22:30 AM,529 root INFO Loss = tensor([51.9319])
10/16/2019 01:22:39 AM,568 root INFO Loss = tensor([54.4228])
10/16/2019 01:22:50 AM,66 root INFO Loss = tensor([56.0629])
10/16/2019 01:22:59 AM,705 root INFO Loss = tensor([60.8194])
10/16/2019 01:23:09 AM,658 root INFO Loss = tensor([54.1029])
10/16/2019 01:23:19 AM,54 root INFO Loss = tensor([52.5401])
10/16/2019 01:23:28 AM,551 root INFO Loss = tensor([53.7296])
10/16/2019 01:23:36 AM,656 root INFO Loss = tensor([51.3669])
10/16/2019 01:23:43 AM,616 root INFO Loss = tensor([50.9446])
10/16/2019 01:23:48 AM,830 root INFO Validation All-nodes accuracy:0.52(best:0.64)
10/16/2019 01:23:48 AM,830 root INFO Validation Root accuracy:0.64(best:0.75)
10/16/2019 01:23:48 AM,831 root INFO F1:[0.87, 0.52](best:0.92 , 0.72)
10/16/2019 01:24:06 AM,752 root INFO Training All-nodes accuracy:0.66(best:0.67)
10/16/2019 01:24:06 AM,752 root INFO Training Root accuracy:0.92(best:0.96)
10/16/2019 01:24:06 AM,752 root INFO Training F1:[0.95, 0.96](best:0.97 , 0.98)
10/16/2019 01:24:06 AM,754 root INFO Epoch: 36
10/16/2019 01:24:08 AM,259 root INFO Loss = tensor([49.9776])
10/16/2019 01:24:20 AM,590 root INFO Loss = tensor([51.1964])
10/16/2019 01:24:32 AM,469 root INFO Loss = tensor([49.3364])
10/16/2019 01:24:43 AM,222 root INFO Loss = tensor([50.7220])
10/16/2019 01:24:52 AM,604 root INFO Loss = tensor([50.5983])
10/16/2019 01:25:02 AM,453 root INFO Loss = tensor([50.2669])
10/16/2019 01:25:13 AM,169 root INFO Loss = tensor([50.6282])
10/16/2019 01:25:24 AM,632 root INFO Loss = tensor([50.0719])
10/16/2019 01:25:34 AM,60 root INFO Loss = tensor([52.0133])
10/16/2019 01:25:43 AM,887 root INFO Loss = tensor([57.3861])
10/16/2019 01:25:54 AM,921 root INFO Loss = tensor([48.4953])
10/16/2019 01:26:03 AM,11 root INFO Loss = tensor([52.1609])
10/16/2019 01:26:10 AM,62 root INFO Loss = tensor([52.9087])
10/16/2019 01:26:15 AM,810 root INFO Validation All-nodes accuracy:0.56(best:0.64)
10/16/2019 01:26:15 AM,811 root INFO Validation Root accuracy:0.67(best:0.75)
10/16/2019 01:26:15 AM,811 root INFO F1:[0.87, 0.56](best:0.92 , 0.72)
10/16/2019 01:26:32 AM,845 root INFO Training All-nodes accuracy:0.67(best:0.67)
10/16/2019 01:26:32 AM,846 root INFO Training Root accuracy:0.95(best:0.96)
10/16/2019 01:26:32 AM,847 root INFO Training F1:[0.98, 0.97](best:0.98 , 0.98)
10/16/2019 01:26:32 AM,851 root INFO Epoch: 37
10/16/2019 01:26:34 AM,345 root INFO Loss = tensor([51.2304])
10/16/2019 01:26:47 AM,176 root INFO Loss = tensor([50.3898])
10/16/2019 01:26:58 AM,974 root INFO Loss = tensor([51.3403])
10/16/2019 01:27:11 AM,292 root INFO Loss = tensor([49.4070])
10/16/2019 01:27:20 AM,567 root INFO Loss = tensor([50.8593])
10/16/2019 01:27:30 AM,110 root INFO Loss = tensor([50.0481])
10/16/2019 01:27:39 AM,178 root INFO Loss = tensor([50.9357])
10/16/2019 01:27:48 AM,908 root INFO Loss = tensor([50.1747])
10/16/2019 01:27:58 AM,106 root INFO Loss = tensor([50.9247])
10/16/2019 01:28:07 AM,485 root INFO Loss = tensor([50.2314])
10/16/2019 01:28:17 AM,79 root INFO Loss = tensor([49.3856])
10/16/2019 01:28:26 AM,426 root INFO Loss = tensor([51.5137])
10/16/2019 01:28:34 AM,980 root INFO Loss = tensor([51.3414])
10/16/2019 01:28:40 AM,493 root INFO Validation All-nodes accuracy:0.61(best:0.64)
10/16/2019 01:28:40 AM,495 root INFO Validation Root accuracy:0.67(best:0.75)
10/16/2019 01:28:40 AM,495 root INFO F1:[0.87, 0.56](best:0.92 , 0.72)
10/16/2019 01:28:56 AM,932 root INFO Training All-nodes accuracy:0.67(best:0.67)
10/16/2019 01:28:56 AM,933 root INFO Training Root accuracy:0.95(best:0.96)
10/16/2019 01:28:56 AM,933 root INFO Training F1:[0.97, 0.98](best:0.98 , 0.98)
10/16/2019 01:28:56 AM,935 root INFO Epoch: 38
10/16/2019 01:28:58 AM,82 root INFO Loss = tensor([49.8488])
10/16/2019 01:29:09 AM,402 root INFO Loss = tensor([53.5845])
10/16/2019 01:29:21 AM,877 root INFO Loss = tensor([51.0576])
10/16/2019 01:29:32 AM,588 root INFO Loss = tensor([50.5789])
10/16/2019 01:29:42 AM,227 root INFO Loss = tensor([54.4084])
10/16/2019 01:29:52 AM,700 root INFO Loss = tensor([56.4696])
10/16/2019 01:30:02 AM,485 root INFO Loss = tensor([52.3287])
10/16/2019 01:30:11 AM,417 root INFO Loss = tensor([50.2465])
10/16/2019 01:30:21 AM,55 root INFO Loss = tensor([53.6884])
10/16/2019 01:30:30 AM,646 root INFO Loss = tensor([57.6197])
10/16/2019 01:30:39 AM,906 root INFO Loss = tensor([55.3432])
10/16/2019 01:30:49 AM,55 root INFO Loss = tensor([50.4774])
10/16/2019 01:30:57 AM,692 root INFO Loss = tensor([54.5483])
10/16/2019 01:31:04 AM,952 root INFO Validation All-nodes accuracy:0.59(best:0.64)
10/16/2019 01:31:04 AM,954 root INFO Validation Root accuracy:0.65(best:0.75)
10/16/2019 01:31:04 AM,954 root INFO F1:[0.86, 0.52](best:0.92 , 0.72)
10/16/2019 01:31:21 AM,839 root INFO Training All-nodes accuracy:0.67(best:0.67)
10/16/2019 01:31:21 AM,839 root INFO Training Root accuracy:0.94(best:0.96)
10/16/2019 01:31:21 AM,840 root INFO Training F1:[0.97, 0.96](best:0.98 , 0.98)
10/16/2019 01:31:21 AM,842 root INFO Epoch: 39
10/16/2019 01:31:23 AM,108 root INFO Loss = tensor([49.4040])
10/16/2019 01:31:33 AM,152 root INFO Loss = tensor([52.4235])
10/16/2019 01:31:44 AM,502 root INFO Loss = tensor([51.1085])
10/16/2019 01:31:56 AM,523 root INFO Loss = tensor([51.4101])
10/16/2019 01:32:06 AM,50 root INFO Loss = tensor([50.4723])
10/16/2019 01:32:15 AM,301 root INFO Loss = tensor([51.2386])
10/16/2019 01:32:25 AM,383 root INFO Loss = tensor([51.2654])
10/16/2019 01:32:35 AM,45 root INFO Loss = tensor([49.9232])
10/16/2019 01:32:44 AM,465 root INFO Loss = tensor([51.1105])
10/16/2019 01:32:54 AM,130 root INFO Loss = tensor([48.6671])
10/16/2019 01:33:03 AM,87 root INFO Loss = tensor([50.1544])
10/16/2019 01:33:12 AM,723 root INFO Loss = tensor([49.8092])
10/16/2019 01:33:21 AM,153 root INFO Loss = tensor([49.6958])
10/16/2019 01:33:28 AM,31 root INFO Validation All-nodes accuracy:0.55(best:0.64)
10/16/2019 01:33:28 AM,32 root INFO Validation Root accuracy:0.65(best:0.75)
10/16/2019 01:33:28 AM,32 root INFO F1:[0.86, 0.51](best:0.92 , 0.72)
10/16/2019 01:33:46 AM,612 root INFO Training All-nodes accuracy:0.68(best:0.68)
10/16/2019 01:33:46 AM,613 root INFO Training Root accuracy:0.96(best:0.96)
10/16/2019 01:33:46 AM,613 root INFO Training F1:[0.98, 0.98](best:0.98 , 0.98)
10/16/2019 01:33:46 AM,615 root INFO Epoch: 40
10/16/2019 01:33:47 AM,859 root INFO Loss = tensor([50.7244])
10/16/2019 01:33:58 AM,1 root INFO Loss = tensor([50.7220])
10/16/2019 01:34:07 AM,773 root INFO Loss = tensor([48.5220])
10/16/2019 01:34:18 AM,785 root INFO Loss = tensor([49.9663])
10/16/2019 01:34:28 AM,203 root INFO Loss = tensor([48.5566])
10/16/2019 01:34:37 AM,276 root INFO Loss = tensor([50.1447])
10/16/2019 01:34:46 AM,764 root INFO Loss = tensor([51.1320])
10/16/2019 01:34:57 AM,115 root INFO Loss = tensor([50.5122])
10/16/2019 01:35:07 AM,146 root INFO Loss = tensor([52.5938])
10/16/2019 01:35:17 AM,828 root INFO Loss = tensor([50.5361])
10/16/2019 01:35:27 AM,791 root INFO Loss = tensor([48.9693])
10/16/2019 01:35:37 AM,130 root INFO Loss = tensor([50.5276])
10/16/2019 01:35:45 AM,673 root INFO Loss = tensor([50.8260])
10/16/2019 01:35:52 AM,520 root INFO Validation All-nodes accuracy:0.53(best:0.64)
10/16/2019 01:35:52 AM,521 root INFO Validation Root accuracy:0.67(best:0.75)
10/16/2019 01:35:52 AM,521 root INFO F1:[0.87, 0.55](best:0.92 , 0.72)
10/16/2019 01:36:12 AM,650 root INFO Training All-nodes accuracy:0.68(best:0.68)
10/16/2019 01:36:12 AM,651 root INFO Training Root accuracy:0.96(best:0.96)
10/16/2019 01:36:12 AM,651 root INFO Training F1:[0.97, 0.99](best:0.98 , 0.99)
10/16/2019 01:36:12 AM,654 root INFO Epoch: 41
10/16/2019 01:36:13 AM,917 root INFO Loss = tensor([50.1176])
10/16/2019 01:36:24 AM,388 root INFO Loss = tensor([50.6937])
10/16/2019 01:36:35 AM,61 root INFO Loss = tensor([50.5372])
10/16/2019 01:36:46 AM,38 root INFO Loss = tensor([48.5745])
10/16/2019 01:36:55 AM,171 root INFO Loss = tensor([48.9753])
10/16/2019 01:37:04 AM,256 root INFO Loss = tensor([49.2437])
10/16/2019 01:37:13 AM,832 root INFO Loss = tensor([53.8152])
10/16/2019 01:37:23 AM,961 root INFO Loss = tensor([50.7749])
10/16/2019 01:37:33 AM,879 root INFO Loss = tensor([48.7988])
10/16/2019 01:37:43 AM,87 root INFO Loss = tensor([49.7542])
10/16/2019 01:37:52 AM,430 root INFO Loss = tensor([50.8070])
10/16/2019 01:38:02 AM,362 root INFO Loss = tensor([48.7107])
10/16/2019 01:38:11 AM,47 root INFO Loss = tensor([50.2900])
10/16/2019 01:38:18 AM,82 root INFO Validation All-nodes accuracy:0.54(best:0.64)
10/16/2019 01:38:18 AM,83 root INFO Validation Root accuracy:0.66(best:0.75)
10/16/2019 01:38:18 AM,83 root INFO F1:[0.87, 0.54](best:0.92 , 0.72)
10/16/2019 01:38:39 AM,100 root INFO Training All-nodes accuracy:0.68(best:0.68)
10/16/2019 01:38:39 AM,100 root INFO Training Root accuracy:0.96(best:0.96)
10/16/2019 01:38:39 AM,100 root INFO Training F1:[0.97, 0.99](best:0.98 , 0.99)
10/16/2019 01:38:39 AM,102 root INFO Epoch: 42
10/16/2019 01:38:40 AM,492 root INFO Loss = tensor([48.0716])
10/16/2019 01:38:51 AM,508 root INFO Loss = tensor([51.1354])
10/16/2019 01:39:01 AM,857 root INFO Loss = tensor([50.5380])
10/16/2019 01:39:11 AM,113 root INFO Loss = tensor([51.1082])
10/16/2019 01:39:19 AM,885 root INFO Loss = tensor([49.5312])
10/16/2019 01:39:29 AM,568 root INFO Loss = tensor([49.4088])
10/16/2019 01:39:38 AM,746 root INFO Loss = tensor([50.9504])
10/16/2019 01:39:48 AM,357 root INFO Loss = tensor([50.3656])
10/16/2019 01:39:57 AM,830 root INFO Loss = tensor([49.1243])
10/16/2019 01:40:07 AM,205 root INFO Loss = tensor([51.0124])
10/16/2019 01:40:17 AM,100 root INFO Loss = tensor([50.0577])
10/16/2019 01:40:26 AM,728 root INFO Loss = tensor([50.4729])
10/16/2019 01:40:35 AM,574 root INFO Loss = tensor([51.2862])
10/16/2019 01:40:42 AM,625 root INFO Validation All-nodes accuracy:0.61(best:0.64)
10/16/2019 01:40:42 AM,625 root INFO Validation Root accuracy:0.68(best:0.75)
10/16/2019 01:40:42 AM,625 root INFO F1:[0.87, 0.56](best:0.92 , 0.72)
10/16/2019 01:41:03 AM,177 root INFO Training All-nodes accuracy:0.68(best:0.68)
10/16/2019 01:41:03 AM,177 root INFO Training Root accuracy:0.97(best:0.97)
10/16/2019 01:41:03 AM,177 root INFO Training F1:[0.98, 0.99](best:0.98 , 0.99)
10/16/2019 01:41:03 AM,182 root INFO Epoch: 43
10/16/2019 01:41:05 AM,99 root INFO Loss = tensor([49.2157])
10/16/2019 01:41:17 AM,118 root INFO Loss = tensor([49.9890])
10/16/2019 01:41:27 AM,105 root INFO Loss = tensor([50.0330])
10/16/2019 01:41:37 AM,141 root INFO Loss = tensor([54.0392])
10/16/2019 01:41:45 AM,799 root INFO Loss = tensor([49.6004])
10/16/2019 01:41:54 AM,888 root INFO Loss = tensor([51.0983])
10/16/2019 01:42:04 AM,953 root INFO Loss = tensor([51.6414])
10/16/2019 01:42:14 AM,499 root INFO Loss = tensor([50.4114])
10/16/2019 01:42:23 AM,958 root INFO Loss = tensor([49.8546])
10/16/2019 01:42:33 AM,70 root INFO Loss = tensor([50.1982])
10/16/2019 01:42:42 AM,23 root INFO Loss = tensor([50.9941])
10/16/2019 01:42:51 AM,714 root INFO Loss = tensor([52.0002])
10/16/2019 01:42:59 AM,647 root INFO Loss = tensor([55.4737])
10/16/2019 01:43:06 AM,792 root INFO Validation All-nodes accuracy:0.55(best:0.64)
10/16/2019 01:43:06 AM,792 root INFO Validation Root accuracy:0.67(best:0.75)
10/16/2019 01:43:06 AM,793 root INFO F1:[0.86, 0.53](best:0.92 , 0.72)
10/16/2019 01:43:27 AM,565 root INFO Training All-nodes accuracy:0.68(best:0.68)
10/16/2019 01:43:27 AM,565 root INFO Training Root accuracy:0.96(best:0.97)
10/16/2019 01:43:27 AM,565 root INFO Training F1:[0.97, 0.99](best:0.98 , 0.99)
10/16/2019 01:43:27 AM,570 root INFO Epoch: 44
10/16/2019 01:43:29 AM,138 root INFO Loss = tensor([49.5362])
10/16/2019 01:43:41 AM,368 root INFO Loss = tensor([50.7034])
10/16/2019 01:43:52 AM,291 root INFO Loss = tensor([50.6779])
10/16/2019 01:44:01 AM,254 root INFO Loss = tensor([50.7358])
10/16/2019 01:44:09 AM,184 root INFO Loss = tensor([49.7228])
10/16/2019 01:44:16 AM,948 root INFO Loss = tensor([53.2273])
10/16/2019 01:44:26 AM,317 root INFO Loss = tensor([53.4323])
10/16/2019 01:44:36 AM,896 root INFO Loss = tensor([50.8141])
10/16/2019 01:44:46 AM,388 root INFO Loss = tensor([51.3289])
10/16/2019 01:44:55 AM,506 root INFO Loss = tensor([49.7619])
10/16/2019 01:45:04 AM,932 root INFO Loss = tensor([49.7178])
10/16/2019 01:45:14 AM,47 root INFO Loss = tensor([59.3944])
10/16/2019 01:45:23 AM,687 root INFO Loss = tensor([56.5872])
10/16/2019 01:45:30 AM,855 root INFO Validation All-nodes accuracy:0.54(best:0.64)
10/16/2019 01:45:30 AM,857 root INFO Validation Root accuracy:0.69(best:0.75)
10/16/2019 01:45:30 AM,857 root INFO F1:[0.87, 0.57](best:0.92 , 0.72)
10/16/2019 01:45:51 AM,701 root INFO Training All-nodes accuracy:0.68(best:0.68)
10/16/2019 01:45:51 AM,701 root INFO Training Root accuracy:0.96(best:0.97)
10/16/2019 01:45:51 AM,701 root INFO Training F1:[0.97, 0.99](best:0.98 , 0.99)
10/16/2019 01:45:51 AM,703 root INFO Epoch: 45
10/16/2019 01:45:53 AM,232 root INFO Loss = tensor([49.4591])
10/16/2019 01:46:05 AM,264 root INFO Loss = tensor([56.0111])
10/16/2019 01:46:17 AM,423 root INFO Loss = tensor([54.1421])
10/16/2019 01:46:27 AM,602 root INFO Loss = tensor([53.5002])
10/16/2019 01:46:35 AM,750 root INFO Loss = tensor([49.7763])
10/16/2019 01:46:44 AM,776 root INFO Loss = tensor([53.2777])
10/16/2019 01:46:52 AM,476 root INFO Loss = tensor([56.1301])
10/16/2019 01:47:01 AM,831 root INFO Loss = tensor([55.5347])
10/16/2019 01:47:11 AM,364 root INFO Loss = tensor([49.1397])
10/16/2019 01:47:20 AM,877 root INFO Loss = tensor([55.8227])
10/16/2019 01:47:30 AM,395 root INFO Loss = tensor([58.3349])
10/16/2019 01:47:40 AM,295 root INFO Loss = tensor([58.2536])
10/16/2019 01:47:48 AM,777 root INFO Loss = tensor([55.5767])
10/16/2019 01:47:55 AM,771 root INFO Validation All-nodes accuracy:0.47(best:0.64)
10/16/2019 01:47:55 AM,772 root INFO Validation Root accuracy:0.62(best:0.75)
10/16/2019 01:47:55 AM,772 root INFO F1:[0.89, 0.54](best:0.92 , 0.72)
10/16/2019 01:48:16 AM,470 root INFO Training All-nodes accuracy:0.66(best:0.68)
10/16/2019 01:48:16 AM,470 root INFO Training Root accuracy:0.93(best:0.97)
10/16/2019 01:48:16 AM,470 root INFO Training F1:[0.98, 0.95](best:0.98 , 0.99)
10/16/2019 01:48:16 AM,475 root INFO Epoch: 46
10/16/2019 01:48:18 AM,3 root INFO Loss = tensor([51.0558])
10/16/2019 01:48:30 AM,73 root INFO Loss = tensor([52.5026])
10/16/2019 01:48:42 AM,8 root INFO Loss = tensor([55.6572])
10/16/2019 01:48:53 AM,360 root INFO Loss = tensor([56.4389])
10/16/2019 01:49:01 AM,161 root INFO Loss = tensor([51.6724])
10/16/2019 01:49:08 AM,966 root INFO Loss = tensor([51.6853])
10/16/2019 01:49:17 AM,452 root INFO Loss = tensor([52.1377])
10/16/2019 01:49:26 AM,180 root INFO Loss = tensor([52.1156])
10/16/2019 01:49:35 AM,346 root INFO Loss = tensor([52.5309])
10/16/2019 01:49:45 AM,119 root INFO Loss = tensor([51.0638])
10/16/2019 01:49:53 AM,982 root INFO Loss = tensor([53.2402])
10/16/2019 01:50:03 AM,70 root INFO Loss = tensor([52.8408])
10/16/2019 01:50:12 AM,102 root INFO Loss = tensor([50.6119])
10/16/2019 01:50:18 AM,984 root INFO Validation All-nodes accuracy:0.51(best:0.64)
10/16/2019 01:50:18 AM,984 root INFO Validation Root accuracy:0.65(best:0.75)
10/16/2019 01:50:18 AM,984 root INFO F1:[0.86, 0.51](best:0.92 , 0.72)
10/16/2019 01:50:40 AM,44 root INFO Training All-nodes accuracy:0.68(best:0.68)
10/16/2019 01:50:40 AM,45 root INFO Training Root accuracy:0.95(best:0.97)
10/16/2019 01:50:40 AM,45 root INFO Training F1:[0.97, 0.98](best:0.98 , 0.99)
10/16/2019 01:50:40 AM,48 root INFO Epoch: 47
10/16/2019 01:50:41 AM,563 root INFO Loss = tensor([49.7704])
10/16/2019 01:50:53 AM,606 root INFO Loss = tensor([50.7129])
10/16/2019 01:51:05 AM,355 root INFO Loss = tensor([51.6277])
10/16/2019 01:51:17 AM,54 root INFO Loss = tensor([52.5830])
10/16/2019 01:51:26 AM,932 root INFO Loss = tensor([50.9228])
10/16/2019 01:51:35 AM,60 root INFO Loss = tensor([50.4010])
10/16/2019 01:51:43 AM,8 root INFO Loss = tensor([50.1540])
10/16/2019 01:51:51 AM,540 root INFO Loss = tensor([49.5489])
10/16/2019 01:52:00 AM,362 root INFO Loss = tensor([48.3899])
10/16/2019 01:52:09 AM,87 root INFO Loss = tensor([49.0541])
10/16/2019 01:52:18 AM,48 root INFO Loss = tensor([50.3449])
10/16/2019 01:52:27 AM,687 root INFO Loss = tensor([49.8274])
10/16/2019 01:52:35 AM,937 root INFO Loss = tensor([48.0488])
10/16/2019 01:52:42 AM,460 root INFO Validation All-nodes accuracy:0.52(best:0.64)
10/16/2019 01:52:42 AM,463 root INFO Validation Root accuracy:0.63(best:0.75)
10/16/2019 01:52:42 AM,463 root INFO F1:[0.86, 0.49](best:0.92 , 0.72)
10/16/2019 01:53:04 AM,889 root INFO Training All-nodes accuracy:0.68(best:0.68)
10/16/2019 01:53:04 AM,890 root INFO Training Root accuracy:0.96(best:0.97)
10/16/2019 01:53:04 AM,891 root INFO Training F1:[0.98, 0.98](best:0.98 , 0.99)
10/16/2019 01:53:04 AM,894 root INFO Epoch: 48
10/16/2019 01:53:06 AM,349 root INFO Loss = tensor([49.5664])
10/16/2019 01:53:18 AM,574 root INFO Loss = tensor([52.0066])
10/16/2019 01:53:30 AM,658 root INFO Loss = tensor([49.1374])
10/16/2019 01:53:41 AM,845 root INFO Loss = tensor([48.6212])
10/16/2019 01:53:51 AM,81 root INFO Loss = tensor([51.9439])
10/16/2019 01:54:00 AM,633 root INFO Loss = tensor([49.4024])
10/16/2019 01:54:08 AM,76 root INFO Loss = tensor([48.6566])
10/16/2019 01:54:15 AM,470 root INFO Loss = tensor([49.5224])
10/16/2019 01:54:22 AM,991 root INFO Loss = tensor([50.5997])
10/16/2019 01:54:31 AM,23 root INFO Loss = tensor([48.7339])
10/16/2019 01:54:39 AM,931 root INFO Loss = tensor([50.1073])
10/16/2019 01:54:49 AM,315 root INFO Loss = tensor([50.7667])
10/16/2019 01:54:58 AM,155 root INFO Loss = tensor([50.1299])
10/16/2019 01:55:05 AM,72 root INFO Validation All-nodes accuracy:0.5(best:0.64)
10/16/2019 01:55:05 AM,73 root INFO Validation Root accuracy:0.66(best:0.75)
10/16/2019 01:55:05 AM,73 root INFO F1:[0.87, 0.54](best:0.92 , 0.72)
10/16/2019 01:55:25 AM,555 root INFO Training All-nodes accuracy:0.68(best:0.68)
10/16/2019 01:55:25 AM,555 root INFO Training Root accuracy:0.96(best:0.97)
10/16/2019 01:55:25 AM,555 root INFO Training F1:[0.98, 0.98](best:0.98 , 0.99)
10/16/2019 01:55:25 AM,558 root INFO Epoch: 49
10/16/2019 01:55:27 AM,186 root INFO Loss = tensor([49.5186])
10/16/2019 01:55:38 AM,626 root INFO Loss = tensor([48.6590])
10/16/2019 01:55:50 AM,32 root INFO Loss = tensor([48.8482])
10/16/2019 01:56:01 AM,766 root INFO Loss = tensor([49.4855])
10/16/2019 01:56:11 AM,425 root INFO Loss = tensor([49.6758])
10/16/2019 01:56:21 AM,66 root INFO Loss = tensor([51.0235])
10/16/2019 01:56:30 AM,937 root INFO Loss = tensor([48.9858])
10/16/2019 01:56:39 AM,605 root INFO Loss = tensor([54.7844])
10/16/2019 01:56:47 AM,858 root INFO Loss = tensor([53.8865])
10/16/2019 01:56:55 AM,767 root INFO Loss = tensor([49.7211])
10/16/2019 01:57:03 AM,302 root INFO Loss = tensor([51.5472])
10/16/2019 01:57:12 AM,406 root INFO Loss = tensor([53.4189])
10/16/2019 01:57:20 AM,898 root INFO Loss = tensor([53.0547])
10/16/2019 01:57:27 AM,845 root INFO Validation All-nodes accuracy:0.55(best:0.64)
10/16/2019 01:57:27 AM,848 root INFO Validation Root accuracy:0.65(best:0.75)
10/16/2019 01:57:27 AM,848 root INFO F1:[0.87, 0.54](best:0.92 , 0.72)
10/16/2019 01:57:48 AM,151 root INFO Training All-nodes accuracy:0.68(best:0.68)
10/16/2019 01:57:48 AM,151 root INFO Training Root accuracy:0.96(best:0.97)
10/16/2019 01:57:48 AM,152 root INFO Training F1:[0.98, 0.98](best:0.98 , 0.99)
10/16/2019 01:57:48 AM,156 root INFO Epoch: 50
10/16/2019 01:57:49 AM,661 root INFO Loss = tensor([50.4063])
10/16/2019 01:58:01 AM,903 root INFO Loss = tensor([50.2025])
10/16/2019 01:58:13 AM,309 root INFO Loss = tensor([50.6608])
10/16/2019 01:58:24 AM,3 root INFO Loss = tensor([49.9832])
10/16/2019 01:58:33 AM,515 root INFO Loss = tensor([49.1698])
10/16/2019 01:58:42 AM,393 root INFO Loss = tensor([49.1953])
10/16/2019 01:58:51 AM,711 root INFO Loss = tensor([52.0434])
10/16/2019 01:59:02 AM,43 root INFO Loss = tensor([48.9811])
10/16/2019 01:59:10 AM,514 root INFO Loss = tensor([50.3990])
10/16/2019 01:59:18 AM,522 root INFO Loss = tensor([50.1720])
10/16/2019 01:59:26 AM,218 root INFO Loss = tensor([48.4559])
10/16/2019 01:59:33 AM,404 root INFO Loss = tensor([50.1212])
10/16/2019 01:59:41 AM,207 root INFO Loss = tensor([48.4863])
10/16/2019 01:59:47 AM,687 root INFO Validation All-nodes accuracy:0.59(best:0.64)
10/16/2019 01:59:47 AM,688 root INFO Validation Root accuracy:0.67(best:0.75)
10/16/2019 01:59:47 AM,688 root INFO F1:[0.87, 0.55](best:0.92 , 0.72)
10/16/2019 02:00:08 AM,93 root INFO Training All-nodes accuracy:0.68(best:0.68)
10/16/2019 02:00:08 AM,93 root INFO Training Root accuracy:0.97(best:0.97)
10/16/2019 02:00:08 AM,94 root INFO Training F1:[0.98, 0.99](best:0.98 , 0.99)
10/16/2019 02:00:08 AM,96 root INFO Epoch: 51
10/16/2019 02:00:09 AM,583 root INFO Loss = tensor([49.5083])
10/16/2019 02:00:21 AM,668 root INFO Loss = tensor([50.7058])
10/16/2019 02:00:32 AM,396 root INFO Loss = tensor([51.7022])
10/16/2019 02:00:43 AM,730 root INFO Loss = tensor([48.6466])
10/16/2019 02:00:52 AM,742 root INFO Loss = tensor([49.4876])
10/16/2019 02:01:02 AM,247 root INFO Loss = tensor([48.9945])
10/16/2019 02:01:11 AM,550 root INFO Loss = tensor([49.3440])
10/16/2019 02:01:21 AM,116 root INFO Loss = tensor([52.7437])
10/16/2019 02:01:31 AM,432 root INFO Loss = tensor([48.5781])
10/16/2019 02:01:40 AM,643 root INFO Loss = tensor([48.2686])
10/16/2019 02:01:48 AM,220 root INFO Loss = tensor([50.7440])
10/16/2019 02:01:56 AM,294 root INFO Loss = tensor([49.7467])
10/16/2019 02:02:03 AM,616 root INFO Loss = tensor([49.9477])
10/16/2019 02:02:09 AM,691 root INFO Validation All-nodes accuracy:0.61(best:0.64)
10/16/2019 02:02:09 AM,692 root INFO Validation Root accuracy:0.69(best:0.75)
10/16/2019 02:02:09 AM,692 root INFO F1:[0.87, 0.59](best:0.92 , 0.72)
10/16/2019 02:02:29 AM,890 root INFO Training All-nodes accuracy:0.68(best:0.68)
10/16/2019 02:02:29 AM,890 root INFO Training Root accuracy:0.97(best:0.97)
10/16/2019 02:02:29 AM,890 root INFO Training F1:[0.98, 0.99](best:0.98 , 0.99)
10/16/2019 02:02:29 AM,892 root INFO Epoch: 52
10/16/2019 02:02:31 AM,493 root INFO Loss = tensor([49.2646])
10/16/2019 02:02:43 AM,283 root INFO Loss = tensor([47.8144])
10/16/2019 02:02:54 AM,231 root INFO Loss = tensor([50.8749])
10/16/2019 02:03:06 AM,121 root INFO Loss = tensor([49.1762])
10/16/2019 02:03:15 AM,448 root INFO Loss = tensor([49.7916])
10/16/2019 02:03:24 AM,661 root INFO Loss = tensor([49.5015])
10/16/2019 02:03:34 AM,344 root INFO Loss = tensor([51.1103])
10/16/2019 02:03:44 AM,5 root INFO Loss = tensor([49.2509])
10/16/2019 02:03:53 AM,191 root INFO Loss = tensor([49.8767])
10/16/2019 02:04:02 AM,613 root INFO Loss = tensor([51.1449])
10/16/2019 02:04:11 AM,492 root INFO Loss = tensor([50.4672])
10/16/2019 02:04:19 AM,377 root INFO Loss = tensor([50.0515])
10/16/2019 02:04:26 AM,388 root INFO Loss = tensor([50.1200])
10/16/2019 02:04:31 AM,447 root INFO Validation All-nodes accuracy:0.6(best:0.64)
10/16/2019 02:04:31 AM,448 root INFO Validation Root accuracy:0.68(best:0.75)
10/16/2019 02:04:31 AM,448 root INFO F1:[0.88, 0.59](best:0.92 , 0.72)
10/16/2019 02:04:50 AM,122 root INFO Training All-nodes accuracy:0.68(best:0.68)
10/16/2019 02:04:50 AM,123 root INFO Training Root accuracy:0.97(best:0.97)
10/16/2019 02:04:50 AM,123 root INFO Training F1:[0.99, 0.99](best:0.99 , 0.99)
10/16/2019 02:04:50 AM,126 root INFO Epoch: 53
10/16/2019 02:04:51 AM,630 root INFO Loss = tensor([49.4921])
10/16/2019 02:05:04 AM,37 root INFO Loss = tensor([53.8443])
10/16/2019 02:05:16 AM,79 root INFO Loss = tensor([51.8822])
10/16/2019 02:05:26 AM,962 root INFO Loss = tensor([47.9805])
10/16/2019 02:05:36 AM,19 root INFO Loss = tensor([50.0526])
10/16/2019 02:05:45 AM,173 root INFO Loss = tensor([50.3660])
10/16/2019 02:05:54 AM,106 root INFO Loss = tensor([49.9023])
10/16/2019 02:06:03 AM,502 root INFO Loss = tensor([52.2237])
10/16/2019 02:06:13 AM,216 root INFO Loss = tensor([57.5144])
10/16/2019 02:06:23 AM,0 root INFO Loss = tensor([54.2203])
10/16/2019 02:06:31 AM,978 root INFO Loss = tensor([49.1010])
10/16/2019 02:06:40 AM,797 root INFO Loss = tensor([53.2260])
10/16/2019 02:06:48 AM,154 root INFO Loss = tensor([50.6899])
10/16/2019 02:06:53 AM,232 root INFO Validation All-nodes accuracy:0.6(best:0.64)
10/16/2019 02:06:53 AM,232 root INFO Validation Root accuracy:0.7(best:0.75)
10/16/2019 02:06:53 AM,232 root INFO F1:[0.88, 0.61](best:0.92 , 0.72)
10/16/2019 02:07:09 AM,475 root INFO Training All-nodes accuracy:0.68(best:0.68)
10/16/2019 02:07:09 AM,475 root INFO Training Root accuracy:0.97(best:0.97)
10/16/2019 02:07:09 AM,475 root INFO Training F1:[0.98, 0.99](best:0.99 , 0.99)
10/16/2019 02:07:09 AM,477 root INFO Epoch: 54
10/16/2019 02:07:11 AM,25 root INFO Loss = tensor([48.1189])
10/16/2019 02:07:22 AM,719 root INFO Loss = tensor([50.8000])
10/16/2019 02:07:34 AM,465 root INFO Loss = tensor([51.9579])
10/16/2019 02:07:46 AM,839 root INFO Loss = tensor([49.4048])
10/16/2019 02:07:56 AM,99 root INFO Loss = tensor([50.6111])
10/16/2019 02:08:05 AM,961 root INFO Loss = tensor([49.6489])
10/16/2019 02:08:16 AM,233 root INFO Loss = tensor([49.7139])
10/16/2019 02:08:27 AM,241 root INFO Loss = tensor([52.2355])
10/16/2019 02:08:39 AM,282 root INFO Loss = tensor([49.0662])
10/16/2019 02:08:50 AM,7 root INFO Loss = tensor([49.4250])
10/16/2019 02:08:59 AM,686 root INFO Loss = tensor([51.6536])
10/16/2019 02:09:10 AM,173 root INFO Loss = tensor([50.5002])
10/16/2019 02:09:19 AM,191 root INFO Loss = tensor([49.5537])
10/16/2019 02:09:26 AM,656 root INFO Validation All-nodes accuracy:0.6(best:0.64)
10/16/2019 02:09:26 AM,657 root INFO Validation Root accuracy:0.68(best:0.75)
10/16/2019 02:09:26 AM,657 root INFO F1:[0.87, 0.57](best:0.92 , 0.72)
10/16/2019 02:09:45 AM,282 root INFO Training All-nodes accuracy:0.68(best:0.68)
10/16/2019 02:09:45 AM,283 root INFO Training Root accuracy:0.97(best:0.97)
10/16/2019 02:09:45 AM,283 root INFO Training F1:[0.98, 0.99](best:0.99 , 0.99)
10/16/2019 02:09:45 AM,285 root INFO Epoch: 55
10/16/2019 02:09:47 AM,72 root INFO Loss = tensor([50.4425])
10/16/2019 02:10:00 AM,781 root INFO Loss = tensor([50.8528])
10/16/2019 02:10:15 AM,559 root INFO Loss = tensor([48.6039])
10/16/2019 02:10:28 AM,854 root INFO Loss = tensor([49.2017])
10/16/2019 02:10:41 AM,38 root INFO Loss = tensor([48.5921])
10/16/2019 02:10:52 AM,160 root INFO Loss = tensor([48.8764])
10/16/2019 02:11:02 AM,918 root INFO Loss = tensor([51.7332])
10/16/2019 02:11:14 AM,48 root INFO Loss = tensor([49.0169])
10/16/2019 02:11:23 AM,555 root INFO Loss = tensor([48.0666])
10/16/2019 02:11:34 AM,633 root INFO Loss = tensor([49.3783])
10/16/2019 02:11:45 AM,333 root INFO Loss = tensor([52.3252])
10/16/2019 02:11:55 AM,995 root INFO Loss = tensor([48.7654])
10/16/2019 02:12:03 AM,495 root INFO Loss = tensor([48.4377])
10/16/2019 02:12:08 AM,963 root INFO Validation All-nodes accuracy:0.59(best:0.64)
10/16/2019 02:12:08 AM,964 root INFO Validation Root accuracy:0.68(best:0.75)
10/16/2019 02:12:08 AM,964 root INFO F1:[0.88, 0.58](best:0.92 , 0.72)
10/16/2019 02:12:25 AM,140 root INFO Training All-nodes accuracy:0.68(best:0.68)
10/16/2019 02:12:25 AM,141 root INFO Training Root accuracy:0.97(best:0.97)
10/16/2019 02:12:25 AM,141 root INFO Training F1:[0.99, 0.99](best:0.99 , 0.99)
10/16/2019 02:12:25 AM,143 root INFO Epoch: 56
10/16/2019 02:12:26 AM,348 root INFO Loss = tensor([49.0390])
10/16/2019 02:12:37 AM,950 root INFO Loss = tensor([50.2312])
10/16/2019 02:12:50 AM,406 root INFO Loss = tensor([51.7896])
10/16/2019 02:13:02 AM,524 root INFO Loss = tensor([49.2531])
10/16/2019 02:13:12 AM,915 root INFO Loss = tensor([48.3918])
