09/18/2019 01:14:06 AM,314 gensim.models.utils_any2vec INFO loading projection weights from /MTP/makeCollections/GoogleNews-vectors-negative300.bin
09/18/2019 01:15:32 AM,409 gensim.models.utils_any2vec INFO loaded (3000000, 300) matrix from /MTP/makeCollections/GoogleNews-vectors-negative300.bin
09/18/2019 01:16:19 AM,329 root INFO Start logging
09/18/2019 01:16:22 AM,100 root INFO Epoch: 0
09/18/2019 01:16:23 AM,415 root INFO Loss = tensor([28.6389])
09/18/2019 01:16:26 AM,207 root INFO Validation All-nodes accuracy:0.15(best:0.15)
09/18/2019 01:16:26 AM,208 root INFO Validation Root accuracy:0.15(best:0.15)
09/18/2019 01:16:27 AM,613 root INFO Training All-nodes accuracy:0.54(best:0.54)
09/18/2019 01:16:27 AM,614 root INFO Training Root accuracy:0.55(best:0.55)
09/18/2019 01:16:27 AM,614 root INFO Epoch: 1
09/18/2019 01:16:28 AM,614 root INFO Loss = tensor([28.5292])
09/18/2019 01:16:31 AM,906 root INFO Validation All-nodes accuracy:0.12(best:0.15)
09/18/2019 01:16:31 AM,906 root INFO Validation Root accuracy:0.15(best:0.15)
09/18/2019 01:16:33 AM,569 root INFO Training All-nodes accuracy:0.54(best:0.54)
09/18/2019 01:16:33 AM,570 root INFO Training Root accuracy:0.54(best:0.55)
09/18/2019 01:16:33 AM,573 root INFO Epoch: 2
09/18/2019 01:16:34 AM,995 root INFO Loss = tensor([28.3580])
09/18/2019 01:16:38 AM,256 root INFO Validation All-nodes accuracy:0.12(best:0.15)
09/18/2019 01:16:38 AM,256 root INFO Validation Root accuracy:0.15(best:0.15)
09/18/2019 01:16:39 AM,602 root INFO Training All-nodes accuracy:0.54(best:0.54)
09/18/2019 01:16:39 AM,602 root INFO Training Root accuracy:0.54(best:0.55)
09/18/2019 01:16:39 AM,603 root INFO Epoch: 3
09/18/2019 01:16:40 AM,608 root INFO Loss = tensor([28.4729])
09/18/2019 01:16:43 AM,450 root INFO Validation All-nodes accuracy:0.12(best:0.15)
09/18/2019 01:16:43 AM,451 root INFO Validation Root accuracy:0.15(best:0.15)
09/18/2019 01:16:44 AM,676 root INFO Training All-nodes accuracy:0.54(best:0.54)
09/18/2019 01:16:44 AM,677 root INFO Training Root accuracy:0.54(best:0.55)
09/18/2019 01:16:44 AM,679 root INFO Epoch: 4
09/18/2019 01:16:45 AM,733 root INFO Loss = tensor([28.3626])
09/18/2019 01:16:48 AM,504 root INFO Validation All-nodes accuracy:0.12(best:0.15)
09/18/2019 01:16:48 AM,504 root INFO Validation Root accuracy:0.15(best:0.15)
09/18/2019 01:16:49 AM,927 root INFO Training All-nodes accuracy:0.54(best:0.54)
09/18/2019 01:16:49 AM,929 root INFO Training Root accuracy:0.54(best:0.55)
09/18/2019 01:16:49 AM,930 root INFO Epoch: 5
09/18/2019 01:16:50 AM,903 root INFO Loss = tensor([28.3806])
09/18/2019 01:16:53 AM,592 root INFO Validation All-nodes accuracy:0.12(best:0.15)
09/18/2019 01:16:53 AM,593 root INFO Validation Root accuracy:0.15(best:0.15)
09/18/2019 01:16:54 AM,778 root INFO Training All-nodes accuracy:0.54(best:0.54)
09/18/2019 01:16:54 AM,778 root INFO Training Root accuracy:0.54(best:0.55)
09/18/2019 01:16:54 AM,779 root INFO Epoch: 6
09/18/2019 01:16:55 AM,816 root INFO Loss = tensor([28.4591])
09/18/2019 01:16:58 AM,616 root INFO Validation All-nodes accuracy:0.12(best:0.15)
09/18/2019 01:16:58 AM,617 root INFO Validation Root accuracy:0.15(best:0.15)
09/18/2019 01:16:59 AM,870 root INFO Training All-nodes accuracy:0.54(best:0.54)
09/18/2019 01:16:59 AM,870 root INFO Training Root accuracy:0.54(best:0.55)
09/18/2019 01:16:59 AM,871 root INFO Epoch: 7
09/18/2019 01:17:00 AM,927 root INFO Loss = tensor([28.4523])
09/18/2019 01:17:03 AM,627 root INFO Validation All-nodes accuracy:0.12(best:0.15)
09/18/2019 01:17:03 AM,628 root INFO Validation Root accuracy:0.15(best:0.15)
09/18/2019 01:17:04 AM,753 root INFO Training All-nodes accuracy:0.54(best:0.54)
09/18/2019 01:17:04 AM,754 root INFO Training Root accuracy:0.54(best:0.55)
09/18/2019 01:17:04 AM,754 root INFO Epoch: 8
09/18/2019 01:17:05 AM,706 root INFO Loss = tensor([28.3070])
09/18/2019 01:17:08 AM,591 root INFO Validation All-nodes accuracy:0.12(best:0.15)
09/18/2019 01:17:08 AM,592 root INFO Validation Root accuracy:0.15(best:0.15)
09/18/2019 01:17:09 AM,889 root INFO Training All-nodes accuracy:0.54(best:0.54)
09/18/2019 01:17:09 AM,890 root INFO Training Root accuracy:0.54(best:0.55)
09/18/2019 01:17:09 AM,891 root INFO Epoch: 9
09/18/2019 01:17:11 AM,265 root INFO Loss = tensor([28.4435])
09/18/2019 01:17:14 AM,157 root INFO Validation All-nodes accuracy:0.12(best:0.15)
09/18/2019 01:17:14 AM,157 root INFO Validation Root accuracy:0.15(best:0.15)
09/18/2019 01:17:15 AM,447 root INFO Training All-nodes accuracy:0.54(best:0.54)
09/18/2019 01:17:15 AM,448 root INFO Training Root accuracy:0.54(best:0.55)
09/18/2019 01:17:15 AM,449 root INFO Epoch: 10
09/18/2019 01:17:16 AM,563 root INFO Loss = tensor([28.4115])
09/18/2019 01:17:19 AM,425 root INFO Validation All-nodes accuracy:0.13(best:0.15)
09/18/2019 01:17:19 AM,425 root INFO Validation Root accuracy:0.15(best:0.15)
09/18/2019 01:17:20 AM,708 root INFO Training All-nodes accuracy:0.55(best:0.55)
09/18/2019 01:17:20 AM,709 root INFO Training Root accuracy:0.6(best:0.6)
09/18/2019 01:17:20 AM,710 root INFO Epoch: 11
09/18/2019 01:17:21 AM,696 root INFO Loss = tensor([28.4249])
09/18/2019 01:17:24 AM,444 root INFO Validation All-nodes accuracy:0.17(best:0.17)
09/18/2019 01:17:24 AM,444 root INFO Validation Root accuracy:0.15(best:0.15)
09/18/2019 01:17:25 AM,692 root INFO Training All-nodes accuracy:0.56(best:0.56)
09/18/2019 01:17:25 AM,692 root INFO Training Root accuracy:0.58(best:0.6)
09/18/2019 01:17:25 AM,694 root INFO Epoch: 12
09/18/2019 01:17:26 AM,795 root INFO Loss = tensor([28.4263])
09/18/2019 01:17:29 AM,543 root INFO Validation All-nodes accuracy:0.16(best:0.17)
09/18/2019 01:17:29 AM,544 root INFO Validation Root accuracy:0.15(best:0.15)
09/18/2019 01:17:30 AM,716 root INFO Training All-nodes accuracy:0.55(best:0.56)
09/18/2019 01:17:30 AM,716 root INFO Training Root accuracy:0.59(best:0.6)
09/18/2019 01:17:30 AM,717 root INFO Epoch: 13
09/18/2019 01:17:31 AM,678 root INFO Loss = tensor([28.3615])
09/18/2019 01:17:34 AM,522 root INFO Validation All-nodes accuracy:0.14(best:0.17)
09/18/2019 01:17:34 AM,523 root INFO Validation Root accuracy:0.15(best:0.15)
09/18/2019 01:17:35 AM,715 root INFO Training All-nodes accuracy:0.55(best:0.56)
09/18/2019 01:17:35 AM,716 root INFO Training Root accuracy:0.59(best:0.6)
09/18/2019 01:17:35 AM,717 root INFO Epoch: 14
09/18/2019 01:17:36 AM,745 root INFO Loss = tensor([28.2319])
09/18/2019 01:17:39 AM,772 root INFO Validation All-nodes accuracy:0.12(best:0.17)
09/18/2019 01:17:39 AM,773 root INFO Validation Root accuracy:0.15(best:0.15)
09/18/2019 01:17:41 AM,336 root INFO Training All-nodes accuracy:0.54(best:0.56)
09/18/2019 01:17:41 AM,336 root INFO Training Root accuracy:0.54(best:0.6)
09/18/2019 01:17:41 AM,337 root INFO Epoch: 15
09/18/2019 01:17:42 AM,294 root INFO Loss = tensor([28.3027])
09/18/2019 01:17:45 AM,266 root INFO Validation All-nodes accuracy:0.12(best:0.17)
09/18/2019 01:17:45 AM,272 root INFO Validation Root accuracy:0.15(best:0.15)
09/18/2019 01:17:46 AM,671 root INFO Training All-nodes accuracy:0.54(best:0.56)
09/18/2019 01:17:46 AM,672 root INFO Training Root accuracy:0.54(best:0.6)
09/18/2019 01:17:46 AM,673 root INFO Epoch: 16
09/18/2019 01:17:47 AM,748 root INFO Loss = tensor([28.2714])
09/18/2019 01:17:50 AM,490 root INFO Validation All-nodes accuracy:0.12(best:0.17)
09/18/2019 01:17:50 AM,490 root INFO Validation Root accuracy:0.15(best:0.15)
09/18/2019 01:17:51 AM,779 root INFO Training All-nodes accuracy:0.54(best:0.56)
09/18/2019 01:17:51 AM,779 root INFO Training Root accuracy:0.54(best:0.6)
09/18/2019 01:17:51 AM,781 root INFO Epoch: 17
09/18/2019 01:17:52 AM,845 root INFO Loss = tensor([28.4950])
09/18/2019 01:17:55 AM,646 root INFO Validation All-nodes accuracy:0.12(best:0.17)
09/18/2019 01:17:55 AM,647 root INFO Validation Root accuracy:0.15(best:0.15)
09/18/2019 01:17:56 AM,816 root INFO Training All-nodes accuracy:0.54(best:0.56)
09/18/2019 01:17:56 AM,817 root INFO Training Root accuracy:0.54(best:0.6)
09/18/2019 01:17:56 AM,818 root INFO Epoch: 18
09/18/2019 01:17:57 AM,832 root INFO Loss = tensor([28.1498])
09/18/2019 01:18:00 AM,522 root INFO Validation All-nodes accuracy:0.13(best:0.17)
09/18/2019 01:18:00 AM,523 root INFO Validation Root accuracy:0.15(best:0.15)
09/18/2019 01:18:01 AM,652 root INFO Training All-nodes accuracy:0.55(best:0.56)
09/18/2019 01:18:01 AM,653 root INFO Training Root accuracy:0.57(best:0.6)
09/18/2019 01:18:01 AM,654 root INFO Epoch: 19
09/18/2019 01:18:02 AM,592 root INFO Loss = tensor([28.0670])
09/18/2019 01:18:05 AM,826 root INFO Validation All-nodes accuracy:0.17(best:0.17)
09/18/2019 01:18:05 AM,826 root INFO Validation Root accuracy:0.15(best:0.15)
09/18/2019 01:18:06 AM,934 root INFO Training All-nodes accuracy:0.57(best:0.57)
09/18/2019 01:18:06 AM,935 root INFO Training Root accuracy:0.64(best:0.64)
09/18/2019 01:18:06 AM,936 root INFO Epoch: 20
09/18/2019 01:18:07 AM,905 root INFO Loss = tensor([28.1431])
09/18/2019 01:18:10 AM,764 root INFO Validation All-nodes accuracy:0.21(best:0.21)
09/18/2019 01:18:10 AM,764 root INFO Validation Root accuracy:0.31(best:0.31)
09/18/2019 01:18:11 AM,893 root INFO Training All-nodes accuracy:0.59(best:0.59)
09/18/2019 01:18:11 AM,894 root INFO Training Root accuracy:0.66(best:0.66)
09/18/2019 01:18:11 AM,895 root INFO Epoch: 21
09/18/2019 01:18:12 AM,869 root INFO Loss = tensor([28.0549])
09/18/2019 01:18:15 AM,557 root INFO Validation All-nodes accuracy:0.18(best:0.21)
09/18/2019 01:18:15 AM,558 root INFO Validation Root accuracy:0.15(best:0.31)
09/18/2019 01:18:16 AM,683 root INFO Training All-nodes accuracy:0.59(best:0.59)
09/18/2019 01:18:16 AM,684 root INFO Training Root accuracy:0.67(best:0.67)
09/18/2019 01:18:16 AM,685 root INFO Epoch: 22
09/18/2019 01:18:17 AM,633 root INFO Loss = tensor([27.9370])
09/18/2019 01:18:20 AM,357 root INFO Validation All-nodes accuracy:0.18(best:0.21)
09/18/2019 01:18:20 AM,357 root INFO Validation Root accuracy:0.15(best:0.31)
09/18/2019 01:18:21 AM,543 root INFO Training All-nodes accuracy:0.61(best:0.61)
09/18/2019 01:18:21 AM,543 root INFO Training Root accuracy:0.72(best:0.72)
09/18/2019 01:18:21 AM,544 root INFO Epoch: 23
09/18/2019 01:18:22 AM,537 root INFO Loss = tensor([27.6379])
09/18/2019 01:18:25 AM,252 root INFO Validation All-nodes accuracy:0.32(best:0.32)
09/18/2019 01:18:25 AM,253 root INFO Validation Root accuracy:0.85(best:0.85)
09/18/2019 01:18:26 AM,447 root INFO Training All-nodes accuracy:0.61(best:0.61)
09/18/2019 01:18:26 AM,447 root INFO Training Root accuracy:0.65(best:0.72)
09/18/2019 01:18:26 AM,448 root INFO Epoch: 24
09/18/2019 01:18:27 AM,417 root INFO Loss = tensor([27.6167])
09/18/2019 01:18:30 AM,97 root INFO Validation All-nodes accuracy:0.25(best:0.32)
09/18/2019 01:18:30 AM,98 root INFO Validation Root accuracy:0.38(best:0.85)
09/18/2019 01:18:31 AM,318 root INFO Training All-nodes accuracy:0.63(best:0.63)
09/18/2019 01:18:31 AM,318 root INFO Training Root accuracy:0.79(best:0.79)
09/18/2019 01:18:31 AM,319 root INFO Epoch: 25
09/18/2019 01:18:32 AM,268 root INFO Loss = tensor([27.0069])
09/18/2019 01:18:34 AM,910 root INFO Validation All-nodes accuracy:0.18(best:0.32)
09/18/2019 01:18:34 AM,911 root INFO Validation Root accuracy:0.31(best:0.85)
09/18/2019 01:18:36 AM,51 root INFO Training All-nodes accuracy:0.61(best:0.63)
09/18/2019 01:18:36 AM,52 root INFO Training Root accuracy:0.71(best:0.79)
09/18/2019 01:18:36 AM,53 root INFO Epoch: 26
09/18/2019 01:18:36 AM,992 root INFO Loss = tensor([27.0764])
09/18/2019 01:18:39 AM,754 root INFO Validation All-nodes accuracy:0.25(best:0.32)
09/18/2019 01:18:39 AM,755 root INFO Validation Root accuracy:0.54(best:0.85)
09/18/2019 01:18:41 AM,24 root INFO Training All-nodes accuracy:0.64(best:0.64)
09/18/2019 01:18:41 AM,24 root INFO Training Root accuracy:0.81(best:0.81)
09/18/2019 01:18:41 AM,25 root INFO Epoch: 27
09/18/2019 01:18:42 AM,2 root INFO Loss = tensor([26.7049])
09/18/2019 01:18:44 AM,746 root INFO Validation All-nodes accuracy:0.37(best:0.37)
09/18/2019 01:18:44 AM,747 root INFO Validation Root accuracy:0.85(best:0.85)
09/18/2019 01:18:45 AM,861 root INFO Training All-nodes accuracy:0.57(best:0.64)
09/18/2019 01:18:45 AM,861 root INFO Training Root accuracy:0.53(best:0.81)
09/18/2019 01:18:45 AM,862 root INFO Epoch: 28
09/18/2019 01:18:46 AM,799 root INFO Loss = tensor([28.1649])
09/18/2019 01:18:49 AM,455 root INFO Validation All-nodes accuracy:0.38(best:0.38)
09/18/2019 01:18:49 AM,456 root INFO Validation Root accuracy:0.85(best:0.85)
09/18/2019 01:18:50 AM,558 root INFO Training All-nodes accuracy:0.57(best:0.64)
09/18/2019 01:18:50 AM,559 root INFO Training Root accuracy:0.53(best:0.81)
09/18/2019 01:18:50 AM,560 root INFO Epoch: 29
09/18/2019 01:18:51 AM,488 root INFO Loss = tensor([28.2301])
09/18/2019 01:18:54 AM,218 root INFO Validation All-nodes accuracy:0.31(best:0.38)
09/18/2019 01:18:54 AM,218 root INFO Validation Root accuracy:0.69(best:0.85)
09/18/2019 01:18:55 AM,364 root INFO Training All-nodes accuracy:0.64(best:0.64)
09/18/2019 01:18:55 AM,365 root INFO Training Root accuracy:0.74(best:0.81)
09/18/2019 01:18:55 AM,366 root INFO Epoch: 30
09/18/2019 01:18:56 AM,274 root INFO Loss = tensor([26.4084])
09/18/2019 01:18:58 AM,915 root INFO Validation All-nodes accuracy:0.15(best:0.38)
09/18/2019 01:18:58 AM,915 root INFO Validation Root accuracy:0.15(best:0.85)
09/18/2019 01:19:00 AM,19 root INFO Training All-nodes accuracy:0.61(best:0.64)
09/18/2019 01:19:00 AM,19 root INFO Training Root accuracy:0.7(best:0.81)
09/18/2019 01:19:00 AM,21 root INFO Epoch: 31
09/18/2019 01:19:00 AM,938 root INFO Loss = tensor([27.0549])
09/18/2019 01:19:03 AM,579 root INFO Validation All-nodes accuracy:0.12(best:0.38)
09/18/2019 01:19:03 AM,580 root INFO Validation Root accuracy:0.15(best:0.85)
09/18/2019 01:19:04 AM,673 root INFO Training All-nodes accuracy:0.58(best:0.64)
09/18/2019 01:19:04 AM,674 root INFO Training Root accuracy:0.63(best:0.81)
09/18/2019 01:19:04 AM,674 root INFO Epoch: 32
09/18/2019 01:19:05 AM,598 root INFO Loss = tensor([28.0375])
09/18/2019 01:19:08 AM,232 root INFO Validation All-nodes accuracy:0.18(best:0.38)
09/18/2019 01:19:08 AM,233 root INFO Validation Root accuracy:0.15(best:0.85)
09/18/2019 01:19:09 AM,320 root INFO Training All-nodes accuracy:0.62(best:0.64)
09/18/2019 01:19:09 AM,321 root INFO Training Root accuracy:0.71(best:0.81)
09/18/2019 01:19:09 AM,321 root INFO Epoch: 33
09/18/2019 01:19:10 AM,303 root INFO Loss = tensor([26.8130])
09/18/2019 01:19:13 AM,146 root INFO Validation All-nodes accuracy:0.29(best:0.38)
09/18/2019 01:19:13 AM,147 root INFO Validation Root accuracy:0.46(best:0.85)
09/18/2019 01:19:14 AM,266 root INFO Training All-nodes accuracy:0.66(best:0.66)
09/18/2019 01:19:14 AM,267 root INFO Training Root accuracy:0.84(best:0.84)
09/18/2019 01:19:14 AM,267 root INFO Epoch: 34
09/18/2019 01:19:15 AM,195 root INFO Loss = tensor([25.6023])
09/18/2019 01:19:17 AM,827 root INFO Validation All-nodes accuracy:0.35(best:0.38)
09/18/2019 01:19:17 AM,827 root INFO Validation Root accuracy:0.69(best:0.85)
09/18/2019 01:19:18 AM,896 root INFO Training All-nodes accuracy:0.64(best:0.66)
09/18/2019 01:19:18 AM,896 root INFO Training Root accuracy:0.77(best:0.84)
09/18/2019 01:19:18 AM,897 root INFO Epoch: 35
09/18/2019 01:19:19 AM,815 root INFO Loss = tensor([25.9721])
09/18/2019 01:19:22 AM,521 root INFO Validation All-nodes accuracy:0.37(best:0.38)
09/18/2019 01:19:22 AM,522 root INFO Validation Root accuracy:0.62(best:0.85)
09/18/2019 01:19:23 AM,641 root INFO Training All-nodes accuracy:0.66(best:0.66)
09/18/2019 01:19:23 AM,642 root INFO Training Root accuracy:0.84(best:0.84)
09/18/2019 01:19:23 AM,642 root INFO Epoch: 36
09/18/2019 01:19:24 AM,614 root INFO Loss = tensor([25.2242])
09/18/2019 01:19:27 AM,235 root INFO Validation All-nodes accuracy:0.33(best:0.38)
09/18/2019 01:19:27 AM,236 root INFO Validation Root accuracy:0.46(best:0.85)
09/18/2019 01:19:28 AM,334 root INFO Training All-nodes accuracy:0.66(best:0.66)
09/18/2019 01:19:28 AM,335 root INFO Training Root accuracy:0.81(best:0.84)
09/18/2019 01:19:28 AM,336 root INFO Epoch: 37
09/18/2019 01:19:29 AM,258 root INFO Loss = tensor([25.4529])
09/18/2019 01:19:31 AM,870 root INFO Validation All-nodes accuracy:0.33(best:0.38)
09/18/2019 01:19:31 AM,870 root INFO Validation Root accuracy:0.46(best:0.85)
09/18/2019 01:19:32 AM,981 root INFO Training All-nodes accuracy:0.67(best:0.67)
09/18/2019 01:19:32 AM,981 root INFO Training Root accuracy:0.87(best:0.87)
09/18/2019 01:19:32 AM,982 root INFO Epoch: 38
09/18/2019 01:19:33 AM,904 root INFO Loss = tensor([25.0142])
09/18/2019 01:19:36 AM,563 root INFO Validation All-nodes accuracy:0.37(best:0.38)
09/18/2019 01:19:36 AM,563 root INFO Validation Root accuracy:0.69(best:0.85)
09/18/2019 01:19:37 AM,663 root INFO Training All-nodes accuracy:0.67(best:0.67)
09/18/2019 01:19:37 AM,663 root INFO Training Root accuracy:0.86(best:0.87)
09/18/2019 01:19:37 AM,664 root INFO Epoch: 39
09/18/2019 01:19:38 AM,588 root INFO Loss = tensor([25.0015])
09/18/2019 01:19:41 AM,272 root INFO Validation All-nodes accuracy:0.36(best:0.38)
09/18/2019 01:19:41 AM,273 root INFO Validation Root accuracy:0.69(best:0.85)
09/18/2019 01:19:42 AM,839 root INFO Training All-nodes accuracy:0.68(best:0.68)
09/18/2019 01:19:42 AM,840 root INFO Training Root accuracy:0.88(best:0.88)
09/18/2019 01:19:42 AM,841 root INFO Epoch: 40
09/18/2019 01:19:43 AM,810 root INFO Loss = tensor([24.6466])
09/18/2019 01:19:46 AM,495 root INFO Validation All-nodes accuracy:0.31(best:0.38)
09/18/2019 01:19:46 AM,496 root INFO Validation Root accuracy:0.15(best:0.85)
09/18/2019 01:19:47 AM,596 root INFO Training All-nodes accuracy:0.66(best:0.68)
09/18/2019 01:19:47 AM,597 root INFO Training Root accuracy:0.83(best:0.88)
09/18/2019 01:19:47 AM,597 root INFO Epoch: 41
09/18/2019 01:19:48 AM,529 root INFO Loss = tensor([25.0904])
09/18/2019 01:19:51 AM,212 root INFO Validation All-nodes accuracy:0.31(best:0.38)
09/18/2019 01:19:51 AM,214 root INFO Validation Root accuracy:0.15(best:0.85)
09/18/2019 01:19:52 AM,330 root INFO Training All-nodes accuracy:0.66(best:0.68)
09/18/2019 01:19:52 AM,331 root INFO Training Root accuracy:0.84(best:0.88)
09/18/2019 01:19:52 AM,331 root INFO Epoch: 42
09/18/2019 01:19:53 AM,347 root INFO Loss = tensor([25.1851])
09/18/2019 01:19:56 AM,21 root INFO Validation All-nodes accuracy:0.37(best:0.38)
09/18/2019 01:19:56 AM,21 root INFO Validation Root accuracy:0.62(best:0.85)
09/18/2019 01:19:57 AM,180 root INFO Training All-nodes accuracy:0.68(best:0.68)
09/18/2019 01:19:57 AM,181 root INFO Training Root accuracy:0.92(best:0.92)
09/18/2019 01:19:57 AM,182 root INFO Epoch: 43
09/18/2019 01:19:58 AM,66 root INFO Loss = tensor([24.4364])
09/18/2019 01:20:00 AM,734 root INFO Validation All-nodes accuracy:0.43(best:0.43)
09/18/2019 01:20:00 AM,735 root INFO Validation Root accuracy:0.77(best:0.85)
09/18/2019 01:20:01 AM,814 root INFO Training All-nodes accuracy:0.69(best:0.69)
09/18/2019 01:20:01 AM,814 root INFO Training Root accuracy:0.9(best:0.92)
09/18/2019 01:20:01 AM,815 root INFO Epoch: 44
09/18/2019 01:20:02 AM,966 root INFO Loss = tensor([24.3027])
09/18/2019 01:20:07 AM,964 root INFO Validation All-nodes accuracy:0.4(best:0.43)
09/18/2019 01:20:07 AM,964 root INFO Validation Root accuracy:0.62(best:0.85)
09/18/2019 01:20:09 AM,363 root INFO Training All-nodes accuracy:0.69(best:0.69)
09/18/2019 01:20:09 AM,363 root INFO Training Root accuracy:0.93(best:0.93)
09/18/2019 01:20:09 AM,366 root INFO Epoch: 45
09/18/2019 01:20:20 AM,771 root INFO Loss = tensor([23.9135])
09/18/2019 01:20:25 AM,235 root INFO Validation All-nodes accuracy:0.33(best:0.43)
09/18/2019 01:20:25 AM,236 root INFO Validation Root accuracy:0.15(best:0.85)
09/18/2019 01:20:26 AM,882 root INFO Training All-nodes accuracy:0.68(best:0.69)
09/18/2019 01:20:26 AM,882 root INFO Training Root accuracy:0.88(best:0.93)
09/18/2019 01:20:26 AM,884 root INFO Epoch: 46
09/18/2019 01:20:28 AM,38 root INFO Loss = tensor([24.4627])
09/18/2019 01:20:31 AM,18 root INFO Validation All-nodes accuracy:0.31(best:0.43)
09/18/2019 01:20:31 AM,19 root INFO Validation Root accuracy:0.15(best:0.85)
09/18/2019 01:20:32 AM,259 root INFO Training All-nodes accuracy:0.67(best:0.69)
09/18/2019 01:20:32 AM,260 root INFO Training Root accuracy:0.84(best:0.93)
09/18/2019 01:20:32 AM,261 root INFO Epoch: 47
09/18/2019 01:20:33 AM,274 root INFO Loss = tensor([24.7560])
09/18/2019 01:20:35 AM,982 root INFO Validation All-nodes accuracy:0.38(best:0.43)
09/18/2019 01:20:35 AM,983 root INFO Validation Root accuracy:0.38(best:0.85)
09/18/2019 01:20:38 AM,524 root INFO Training All-nodes accuracy:0.7(best:0.7)
09/18/2019 01:20:38 AM,525 root INFO Training Root accuracy:0.94(best:0.94)
09/18/2019 01:20:38 AM,525 root INFO Epoch: 48
09/18/2019 01:20:39 AM,772 root INFO Loss = tensor([23.4836])
09/18/2019 01:20:43 AM,8 root INFO Validation All-nodes accuracy:0.51(best:0.51)
09/18/2019 01:20:43 AM,9 root INFO Validation Root accuracy:0.69(best:0.85)
09/18/2019 01:20:44 AM,351 root INFO Training All-nodes accuracy:0.68(best:0.7)
09/18/2019 01:20:44 AM,352 root INFO Training Root accuracy:0.84(best:0.94)
09/18/2019 01:20:44 AM,353 root INFO Epoch: 49
09/18/2019 01:20:45 AM,368 root INFO Loss = tensor([24.8014])
09/18/2019 01:20:48 AM,136 root INFO Validation All-nodes accuracy:0.54(best:0.54)
09/18/2019 01:20:48 AM,136 root INFO Validation Root accuracy:0.77(best:0.85)
09/18/2019 01:20:49 AM,487 root INFO Training All-nodes accuracy:0.63(best:0.7)
09/18/2019 01:20:49 AM,488 root INFO Training Root accuracy:0.64(best:0.94)
09/18/2019 01:20:49 AM,489 root INFO Epoch: 50
09/18/2019 01:20:50 AM,581 root INFO Loss = tensor([27.2652])
09/18/2019 01:20:53 AM,939 root INFO Validation All-nodes accuracy:0.54(best:0.54)
09/18/2019 01:20:53 AM,939 root INFO Validation Root accuracy:0.77(best:0.85)
09/18/2019 01:20:55 AM,353 root INFO Training All-nodes accuracy:0.64(best:0.7)
09/18/2019 01:20:55 AM,354 root INFO Training Root accuracy:0.7(best:0.94)
09/18/2019 01:20:55 AM,355 root INFO Epoch: 51
09/18/2019 01:20:56 AM,507 root INFO Loss = tensor([26.7096])
09/18/2019 01:20:59 AM,477 root INFO Validation All-nodes accuracy:0.52(best:0.54)
09/18/2019 01:20:59 AM,477 root INFO Validation Root accuracy:0.77(best:0.85)
09/18/2019 01:21:00 AM,783 root INFO Training All-nodes accuracy:0.71(best:0.71)
09/18/2019 01:21:00 AM,784 root INFO Training Root accuracy:0.95(best:0.95)
09/18/2019 01:21:00 AM,785 root INFO Epoch: 52
09/18/2019 01:21:01 AM,854 root INFO Loss = tensor([23.6036])
09/18/2019 01:21:04 AM,613 root INFO Validation All-nodes accuracy:0.34(best:0.54)
09/18/2019 01:21:04 AM,614 root INFO Validation Root accuracy:0.23(best:0.85)
09/18/2019 01:21:05 AM,856 root INFO Training All-nodes accuracy:0.69(best:0.71)
09/18/2019 01:21:05 AM,856 root INFO Training Root accuracy:0.88(best:0.95)
09/18/2019 01:21:05 AM,857 root INFO Epoch: 53
09/18/2019 01:21:06 AM,873 root INFO Loss = tensor([24.2442])
09/18/2019 01:21:09 AM,637 root INFO Validation All-nodes accuracy:0.28(best:0.54)
09/18/2019 01:21:09 AM,638 root INFO Validation Root accuracy:0.15(best:0.85)
09/18/2019 01:21:10 AM,865 root INFO Training All-nodes accuracy:0.64(best:0.71)
09/18/2019 01:21:10 AM,866 root INFO Training Root accuracy:0.69(best:0.95)
09/18/2019 01:21:10 AM,867 root INFO Epoch: 54
09/18/2019 01:21:11 AM,833 root INFO Loss = tensor([27.2590])
09/18/2019 01:21:14 AM,492 root INFO Validation All-nodes accuracy:0.3(best:0.54)
09/18/2019 01:21:14 AM,493 root INFO Validation Root accuracy:0.23(best:0.85)
09/18/2019 01:21:15 AM,680 root INFO Training All-nodes accuracy:0.66(best:0.71)
09/18/2019 01:21:15 AM,682 root INFO Training Root accuracy:0.78(best:0.95)
09/18/2019 01:21:15 AM,682 root INFO Epoch: 55
09/18/2019 01:21:16 AM,659 root INFO Loss = tensor([25.9446])
09/18/2019 01:21:19 AM,457 root INFO Validation All-nodes accuracy:0.39(best:0.54)
09/18/2019 01:21:19 AM,458 root INFO Validation Root accuracy:0.38(best:0.85)
09/18/2019 01:21:20 AM,702 root INFO Training All-nodes accuracy:0.71(best:0.71)
09/18/2019 01:21:20 AM,702 root INFO Training Root accuracy:0.96(best:0.96)
09/18/2019 01:21:20 AM,704 root INFO Epoch: 56
09/18/2019 01:21:21 AM,677 root INFO Loss = tensor([23.1511])
09/18/2019 01:21:24 AM,733 root INFO Validation All-nodes accuracy:0.49(best:0.54)
09/18/2019 01:21:24 AM,733 root INFO Validation Root accuracy:0.62(best:0.85)
09/18/2019 01:21:26 AM,44 root INFO Training All-nodes accuracy:0.71(best:0.71)
09/18/2019 01:21:26 AM,45 root INFO Training Root accuracy:0.95(best:0.96)
09/18/2019 01:21:26 AM,46 root INFO Epoch: 57
09/18/2019 01:21:27 AM,85 root INFO Loss = tensor([23.2112])
09/18/2019 01:21:29 AM,822 root INFO Validation All-nodes accuracy:0.51(best:0.54)
09/18/2019 01:21:29 AM,823 root INFO Validation Root accuracy:0.77(best:0.85)
09/18/2019 01:21:31 AM,64 root INFO Training All-nodes accuracy:0.71(best:0.71)
09/18/2019 01:21:31 AM,65 root INFO Training Root accuracy:0.95(best:0.96)
09/18/2019 01:21:31 AM,66 root INFO Epoch: 58
09/18/2019 01:21:32 AM,46 root INFO Loss = tensor([23.3456])
09/18/2019 01:21:34 AM,849 root INFO Validation All-nodes accuracy:0.47(best:0.54)
09/18/2019 01:21:34 AM,850 root INFO Validation Root accuracy:0.54(best:0.85)
09/18/2019 01:21:36 AM,124 root INFO Training All-nodes accuracy:0.71(best:0.71)
09/18/2019 01:21:36 AM,126 root INFO Training Root accuracy:0.98(best:0.98)
09/18/2019 01:21:36 AM,127 root INFO Epoch: 59
09/18/2019 01:21:37 AM,113 root INFO Loss = tensor([22.6424])
09/18/2019 01:21:39 AM,803 root INFO Validation All-nodes accuracy:0.44(best:0.54)
09/18/2019 01:21:39 AM,804 root INFO Validation Root accuracy:0.54(best:0.85)
09/18/2019 01:21:41 AM,70 root INFO Training All-nodes accuracy:0.72(best:0.72)
09/18/2019 01:21:41 AM,71 root INFO Training Root accuracy:0.98(best:0.98)
09/18/2019 01:21:41 AM,72 root INFO Epoch: 60
09/18/2019 01:21:42 AM,62 root INFO Loss = tensor([22.5346])
09/18/2019 01:21:44 AM,712 root INFO Validation All-nodes accuracy:0.4(best:0.54)
09/18/2019 01:21:44 AM,713 root INFO Validation Root accuracy:0.46(best:0.85)
09/18/2019 01:21:45 AM,936 root INFO Training All-nodes accuracy:0.71(best:0.72)
09/18/2019 01:21:45 AM,936 root INFO Training Root accuracy:0.97(best:0.98)
09/18/2019 01:21:45 AM,937 root INFO Epoch: 61
09/18/2019 01:21:46 AM,934 root INFO Loss = tensor([22.5136])
09/18/2019 01:21:49 AM,566 root INFO Validation All-nodes accuracy:0.4(best:0.54)
09/18/2019 01:21:49 AM,567 root INFO Validation Root accuracy:0.46(best:0.85)
09/18/2019 01:21:51 AM,87 root INFO Training All-nodes accuracy:0.71(best:0.72)
09/18/2019 01:21:51 AM,88 root INFO Training Root accuracy:0.97(best:0.98)
09/18/2019 01:21:51 AM,90 root INFO Epoch: 62
09/18/2019 01:21:52 AM,479 root INFO Loss = tensor([22.4479])
09/18/2019 01:21:56 AM,264 root INFO Validation All-nodes accuracy:0.46(best:0.54)
09/18/2019 01:21:56 AM,264 root INFO Validation Root accuracy:0.62(best:0.85)
09/18/2019 01:21:57 AM,541 root INFO Training All-nodes accuracy:0.71(best:0.72)
09/18/2019 01:21:57 AM,543 root INFO Training Root accuracy:0.98(best:0.98)
09/18/2019 01:21:57 AM,544 root INFO Epoch: 63
09/18/2019 01:21:58 AM,613 root INFO Loss = tensor([22.5278])
09/18/2019 01:22:01 AM,243 root INFO Validation All-nodes accuracy:0.45(best:0.54)
09/18/2019 01:22:01 AM,244 root INFO Validation Root accuracy:0.62(best:0.85)
09/18/2019 01:22:02 AM,375 root INFO Training All-nodes accuracy:0.71(best:0.72)
09/18/2019 01:22:02 AM,376 root INFO Training Root accuracy:0.98(best:0.98)
09/18/2019 01:22:02 AM,376 root INFO Epoch: 64
09/18/2019 01:22:03 AM,333 root INFO Loss = tensor([22.3199])
09/18/2019 01:22:06 AM,304 root INFO Validation All-nodes accuracy:0.41(best:0.54)
09/18/2019 01:22:06 AM,305 root INFO Validation Root accuracy:0.54(best:0.85)
09/18/2019 01:22:07 AM,542 root INFO Training All-nodes accuracy:0.71(best:0.72)
09/18/2019 01:22:07 AM,543 root INFO Training Root accuracy:0.98(best:0.98)
09/18/2019 01:22:07 AM,544 root INFO Epoch: 65
09/18/2019 01:22:08 AM,513 root INFO Loss = tensor([22.1919])
09/18/2019 01:22:11 AM,81 root INFO Validation All-nodes accuracy:0.41(best:0.54)
09/18/2019 01:22:11 AM,82 root INFO Validation Root accuracy:0.54(best:0.85)
09/18/2019 01:22:12 AM,207 root INFO Training All-nodes accuracy:0.72(best:0.72)
09/18/2019 01:22:12 AM,207 root INFO Training Root accuracy:0.98(best:0.98)
09/18/2019 01:22:12 AM,209 root INFO Epoch: 66
09/18/2019 01:22:13 AM,146 root INFO Loss = tensor([22.0714])
09/18/2019 01:22:15 AM,894 root INFO Validation All-nodes accuracy:0.46(best:0.54)
09/18/2019 01:22:15 AM,894 root INFO Validation Root accuracy:0.69(best:0.85)
09/18/2019 01:22:17 AM,102 root INFO Training All-nodes accuracy:0.72(best:0.72)
09/18/2019 01:22:17 AM,104 root INFO Training Root accuracy:0.98(best:0.98)
09/18/2019 01:22:17 AM,104 root INFO Epoch: 67
09/18/2019 01:22:18 AM,77 root INFO Loss = tensor([22.1513])
09/18/2019 01:22:20 AM,731 root INFO Validation All-nodes accuracy:0.47(best:0.54)
09/18/2019 01:22:20 AM,732 root INFO Validation Root accuracy:0.69(best:0.85)
09/18/2019 01:22:22 AM,0 root INFO Training All-nodes accuracy:0.72(best:0.72)
09/18/2019 01:22:22 AM,1 root INFO Training Root accuracy:0.98(best:0.98)
09/18/2019 01:22:22 AM,2 root INFO Epoch: 68
09/18/2019 01:22:22 AM,967 root INFO Loss = tensor([22.0351])
09/18/2019 01:22:25 AM,907 root INFO Validation All-nodes accuracy:0.43(best:0.54)
09/18/2019 01:22:25 AM,908 root INFO Validation Root accuracy:0.54(best:0.85)
09/18/2019 01:22:27 AM,239 root INFO Training All-nodes accuracy:0.72(best:0.72)
09/18/2019 01:22:27 AM,240 root INFO Training Root accuracy:0.98(best:0.98)
09/18/2019 01:22:27 AM,241 root INFO Epoch: 69
09/18/2019 01:22:28 AM,286 root INFO Loss = tensor([21.9683])
09/18/2019 01:22:31 AM,67 root INFO Validation All-nodes accuracy:0.4(best:0.54)
09/18/2019 01:22:31 AM,68 root INFO Validation Root accuracy:0.38(best:0.85)
09/18/2019 01:22:32 AM,432 root INFO Training All-nodes accuracy:0.72(best:0.72)
09/18/2019 01:22:32 AM,433 root INFO Training Root accuracy:0.98(best:0.98)
09/18/2019 01:22:32 AM,434 root INFO Epoch: 70
09/18/2019 01:22:33 AM,629 root INFO Loss = tensor([21.7650])
09/18/2019 01:22:36 AM,340 root INFO Validation All-nodes accuracy:0.44(best:0.54)
09/18/2019 01:22:36 AM,341 root INFO Validation Root accuracy:0.46(best:0.85)
09/18/2019 01:22:37 AM,614 root INFO Training All-nodes accuracy:0.73(best:0.73)
09/18/2019 01:22:37 AM,615 root INFO Training Root accuracy:0.98(best:0.98)
09/18/2019 01:22:37 AM,616 root INFO Epoch: 71
09/18/2019 01:22:38 AM,623 root INFO Loss = tensor([21.6499])
09/18/2019 01:22:41 AM,294 root INFO Validation All-nodes accuracy:0.43(best:0.54)
09/18/2019 01:22:41 AM,295 root INFO Validation Root accuracy:0.38(best:0.85)
09/18/2019 01:22:42 AM,463 root INFO Training All-nodes accuracy:0.73(best:0.73)
09/18/2019 01:22:42 AM,463 root INFO Training Root accuracy:0.98(best:0.98)
09/18/2019 01:22:42 AM,464 root INFO Epoch: 72
09/18/2019 01:22:43 AM,472 root INFO Loss = tensor([21.4861])
09/18/2019 01:22:46 AM,208 root INFO Validation All-nodes accuracy:0.37(best:0.54)
09/18/2019 01:22:46 AM,209 root INFO Validation Root accuracy:0.31(best:0.85)
09/18/2019 01:22:47 AM,381 root INFO Training All-nodes accuracy:0.72(best:0.73)
09/18/2019 01:22:47 AM,381 root INFO Training Root accuracy:0.9(best:0.98)
09/18/2019 01:22:47 AM,383 root INFO Epoch: 73
09/18/2019 01:22:48 AM,305 root INFO Loss = tensor([22.5982])
09/18/2019 01:22:50 AM,931 root INFO Validation All-nodes accuracy:0.39(best:0.54)
09/18/2019 01:22:50 AM,931 root INFO Validation Root accuracy:0.31(best:0.85)
09/18/2019 01:22:52 AM,155 root INFO Training All-nodes accuracy:0.73(best:0.73)
09/18/2019 01:22:52 AM,156 root INFO Training Root accuracy:0.94(best:0.98)
09/18/2019 01:22:52 AM,157 root INFO Epoch: 74
09/18/2019 01:22:53 AM,129 root INFO Loss = tensor([21.7673])
09/18/2019 01:22:56 AM,230 root INFO Validation All-nodes accuracy:0.51(best:0.54)
09/18/2019 01:22:56 AM,230 root INFO Validation Root accuracy:0.62(best:0.85)
09/18/2019 01:22:57 AM,719 root INFO Training All-nodes accuracy:0.74(best:0.74)
09/18/2019 01:22:57 AM,720 root INFO Training Root accuracy:0.98(best:0.98)
09/18/2019 01:22:57 AM,721 root INFO Epoch: 75
09/18/2019 01:22:58 AM,774 root INFO Loss = tensor([21.2735])
09/18/2019 01:23:02 AM,57 root INFO Validation All-nodes accuracy:0.52(best:0.54)
09/18/2019 01:23:02 AM,57 root INFO Validation Root accuracy:0.62(best:0.85)
09/18/2019 01:23:03 AM,520 root INFO Training All-nodes accuracy:0.74(best:0.74)
09/18/2019 01:23:03 AM,521 root INFO Training Root accuracy:0.98(best:0.98)
09/18/2019 01:23:03 AM,523 root INFO Epoch: 76
09/18/2019 01:23:04 AM,533 root INFO Loss = tensor([21.1210])
09/18/2019 01:23:07 AM,182 root INFO Validation All-nodes accuracy:0.44(best:0.54)
09/18/2019 01:23:07 AM,182 root INFO Validation Root accuracy:0.46(best:0.85)
09/18/2019 01:23:08 AM,366 root INFO Training All-nodes accuracy:0.74(best:0.74)
09/18/2019 01:23:08 AM,366 root INFO Training Root accuracy:0.98(best:0.98)
09/18/2019 01:23:08 AM,367 root INFO Epoch: 77
09/18/2019 01:23:09 AM,383 root INFO Loss = tensor([21.1627])
09/18/2019 01:23:12 AM,54 root INFO Validation All-nodes accuracy:0.45(best:0.54)
09/18/2019 01:23:12 AM,55 root INFO Validation Root accuracy:0.46(best:0.85)
09/18/2019 01:23:13 AM,217 root INFO Training All-nodes accuracy:0.74(best:0.74)
09/18/2019 01:23:13 AM,218 root INFO Training Root accuracy:0.98(best:0.98)
09/18/2019 01:23:13 AM,219 root INFO Epoch: 78
09/18/2019 01:23:14 AM,175 root INFO Loss = tensor([21.0271])
09/18/2019 01:23:16 AM,803 root INFO Validation All-nodes accuracy:0.49(best:0.54)
09/18/2019 01:23:16 AM,803 root INFO Validation Root accuracy:0.54(best:0.85)
09/18/2019 01:23:17 AM,996 root INFO Training All-nodes accuracy:0.74(best:0.74)
09/18/2019 01:23:17 AM,996 root INFO Training Root accuracy:0.99(best:0.99)
09/18/2019 01:23:17 AM,997 root INFO Epoch: 79
09/18/2019 01:23:18 AM,932 root INFO Loss = tensor([20.8840])
09/18/2019 01:23:21 AM,496 root INFO Validation All-nodes accuracy:0.48(best:0.54)
09/18/2019 01:23:21 AM,497 root INFO Validation Root accuracy:0.54(best:0.85)
09/18/2019 01:23:22 AM,647 root INFO Training All-nodes accuracy:0.75(best:0.75)
09/18/2019 01:23:22 AM,647 root INFO Training Root accuracy:0.99(best:0.99)
09/18/2019 01:23:22 AM,648 root INFO Epoch: 80
09/18/2019 01:23:23 AM,600 root INFO Loss = tensor([20.8301])
09/18/2019 01:23:26 AM,281 root INFO Validation All-nodes accuracy:0.44(best:0.54)
09/18/2019 01:23:26 AM,281 root INFO Validation Root accuracy:0.46(best:0.85)
09/18/2019 01:23:27 AM,722 root INFO Training All-nodes accuracy:0.74(best:0.75)
09/18/2019 01:23:27 AM,722 root INFO Training Root accuracy:0.99(best:0.99)
09/18/2019 01:23:27 AM,724 root INFO Epoch: 81
09/18/2019 01:23:28 AM,772 root INFO Loss = tensor([20.8040])
09/18/2019 01:23:31 AM,452 root INFO Validation All-nodes accuracy:0.48(best:0.54)
09/18/2019 01:23:31 AM,453 root INFO Validation Root accuracy:0.62(best:0.85)
09/18/2019 01:23:32 AM,605 root INFO Training All-nodes accuracy:0.75(best:0.75)
09/18/2019 01:23:32 AM,606 root INFO Training Root accuracy:0.99(best:0.99)
09/18/2019 01:23:32 AM,607 root INFO Epoch: 82
09/18/2019 01:23:33 AM,556 root INFO Loss = tensor([20.6948])
09/18/2019 01:23:36 AM,160 root INFO Validation All-nodes accuracy:0.5(best:0.54)
09/18/2019 01:23:36 AM,161 root INFO Validation Root accuracy:0.69(best:0.85)
09/18/2019 01:23:37 AM,297 root INFO Training All-nodes accuracy:0.75(best:0.75)
09/18/2019 01:23:37 AM,298 root INFO Training Root accuracy:0.98(best:0.99)
09/18/2019 01:23:37 AM,299 root INFO Epoch: 83
09/18/2019 01:23:38 AM,259 root INFO Loss = tensor([20.8798])
09/18/2019 01:23:41 AM,3 root INFO Validation All-nodes accuracy:0.5(best:0.54)
09/18/2019 01:23:41 AM,3 root INFO Validation Root accuracy:0.69(best:0.85)
09/18/2019 01:23:42 AM,242 root INFO Training All-nodes accuracy:0.75(best:0.75)
09/18/2019 01:23:42 AM,243 root INFO Training Root accuracy:0.98(best:0.99)
09/18/2019 01:23:42 AM,244 root INFO Epoch: 84
09/18/2019 01:23:43 AM,216 root INFO Loss = tensor([20.6280])
09/18/2019 01:23:45 AM,790 root INFO Validation All-nodes accuracy:0.48(best:0.54)
09/18/2019 01:23:45 AM,790 root INFO Validation Root accuracy:0.54(best:0.85)
09/18/2019 01:23:46 AM,981 root INFO Training All-nodes accuracy:0.75(best:0.75)
09/18/2019 01:23:46 AM,983 root INFO Training Root accuracy:0.99(best:0.99)
09/18/2019 01:23:46 AM,987 root INFO Epoch: 85
09/18/2019 01:23:47 AM,970 root INFO Loss = tensor([20.4804])
09/18/2019 01:23:50 AM,639 root INFO Validation All-nodes accuracy:0.46(best:0.54)
09/18/2019 01:23:50 AM,640 root INFO Validation Root accuracy:0.46(best:0.85)
09/18/2019 01:23:51 AM,924 root INFO Training All-nodes accuracy:0.75(best:0.75)
09/18/2019 01:23:51 AM,925 root INFO Training Root accuracy:0.98(best:0.99)
09/18/2019 01:23:51 AM,926 root INFO Epoch: 86
09/18/2019 01:23:52 AM,912 root INFO Loss = tensor([20.5896])
09/18/2019 01:23:55 AM,554 root INFO Validation All-nodes accuracy:0.49(best:0.54)
09/18/2019 01:23:55 AM,556 root INFO Validation Root accuracy:0.62(best:0.85)
09/18/2019 01:23:56 AM,721 root INFO Training All-nodes accuracy:0.75(best:0.75)
09/18/2019 01:23:56 AM,722 root INFO Training Root accuracy:0.99(best:0.99)
09/18/2019 01:23:56 AM,723 root INFO Epoch: 87
09/18/2019 01:23:57 AM,966 root INFO Loss = tensor([20.4490])
09/18/2019 01:24:00 AM,771 root INFO Validation All-nodes accuracy:0.51(best:0.54)
09/18/2019 01:24:00 AM,771 root INFO Validation Root accuracy:0.77(best:0.85)
09/18/2019 01:24:02 AM,37 root INFO Training All-nodes accuracy:0.75(best:0.75)
09/18/2019 01:24:02 AM,38 root INFO Training Root accuracy:0.99(best:0.99)
09/18/2019 01:24:02 AM,39 root INFO Epoch: 88
09/18/2019 01:24:02 AM,994 root INFO Loss = tensor([20.3488])
09/18/2019 01:24:05 AM,574 root INFO Validation All-nodes accuracy:0.48(best:0.54)
09/18/2019 01:24:05 AM,575 root INFO Validation Root accuracy:0.54(best:0.85)
09/18/2019 01:24:06 AM,705 root INFO Training All-nodes accuracy:0.75(best:0.75)
09/18/2019 01:24:06 AM,705 root INFO Training Root accuracy:0.99(best:0.99)
09/18/2019 01:24:06 AM,706 root INFO Epoch: 89
09/18/2019 01:24:07 AM,653 root INFO Loss = tensor([20.3266])
09/18/2019 01:24:10 AM,244 root INFO Validation All-nodes accuracy:0.48(best:0.54)
09/18/2019 01:24:10 AM,244 root INFO Validation Root accuracy:0.54(best:0.85)
09/18/2019 01:24:11 AM,376 root INFO Training All-nodes accuracy:0.75(best:0.75)
09/18/2019 01:24:11 AM,376 root INFO Training Root accuracy:0.99(best:0.99)
09/18/2019 01:24:11 AM,377 root INFO Epoch: 90
09/18/2019 01:24:12 AM,323 root INFO Loss = tensor([20.3495])
09/18/2019 01:24:14 AM,881 root INFO Validation All-nodes accuracy:0.49(best:0.54)
09/18/2019 01:24:14 AM,881 root INFO Validation Root accuracy:0.54(best:0.85)
09/18/2019 01:24:16 AM,34 root INFO Training All-nodes accuracy:0.75(best:0.75)
09/18/2019 01:24:16 AM,35 root INFO Training Root accuracy:0.99(best:0.99)
09/18/2019 01:24:16 AM,35 root INFO Epoch: 91
09/18/2019 01:24:16 AM,942 root INFO Loss = tensor([20.1178])
09/18/2019 01:24:19 AM,553 root INFO Validation All-nodes accuracy:0.49(best:0.54)
09/18/2019 01:24:19 AM,553 root INFO Validation Root accuracy:0.62(best:0.85)
09/18/2019 01:24:20 AM,718 root INFO Training All-nodes accuracy:0.75(best:0.75)
09/18/2019 01:24:20 AM,719 root INFO Training Root accuracy:1.0(best:1.0)
09/18/2019 01:24:20 AM,720 root INFO Epoch: 92
09/18/2019 01:24:21 AM,667 root INFO Loss = tensor([20.0219])
09/18/2019 01:24:24 AM,280 root INFO Validation All-nodes accuracy:0.44(best:0.54)
09/18/2019 01:24:24 AM,280 root INFO Validation Root accuracy:0.38(best:0.85)
09/18/2019 01:24:25 AM,480 root INFO Training All-nodes accuracy:0.75(best:0.75)
09/18/2019 01:24:25 AM,482 root INFO Training Root accuracy:1.0(best:1.0)
09/18/2019 01:24:25 AM,482 root INFO Epoch: 93
09/18/2019 01:24:26 AM,443 root INFO Loss = tensor([20.2151])
09/18/2019 01:24:29 AM,416 root INFO Validation All-nodes accuracy:0.5(best:0.54)
09/18/2019 01:24:29 AM,416 root INFO Validation Root accuracy:0.69(best:0.85)
09/18/2019 01:24:30 AM,754 root INFO Training All-nodes accuracy:0.75(best:0.75)
09/18/2019 01:24:30 AM,755 root INFO Training Root accuracy:1.0(best:1.0)
09/18/2019 01:24:30 AM,756 root INFO Epoch: 94
09/18/2019 01:24:31 AM,840 root INFO Loss = tensor([19.9224])
09/18/2019 01:24:34 AM,459 root INFO Validation All-nodes accuracy:0.52(best:0.54)
09/18/2019 01:24:34 AM,460 root INFO Validation Root accuracy:0.69(best:0.85)
09/18/2019 01:24:35 AM,612 root INFO Training All-nodes accuracy:0.75(best:0.75)
09/18/2019 01:24:35 AM,613 root INFO Training Root accuracy:0.99(best:1.0)
09/18/2019 01:24:35 AM,614 root INFO Epoch: 95
09/18/2019 01:24:36 AM,586 root INFO Loss = tensor([20.1702])
09/18/2019 01:24:39 AM,200 root INFO Validation All-nodes accuracy:0.52(best:0.54)
09/18/2019 01:24:39 AM,201 root INFO Validation Root accuracy:0.69(best:0.85)
09/18/2019 01:24:40 AM,363 root INFO Training All-nodes accuracy:0.75(best:0.75)
09/18/2019 01:24:40 AM,364 root INFO Training Root accuracy:1.0(best:1.0)
09/18/2019 01:24:40 AM,365 root INFO Epoch: 96
09/18/2019 01:24:41 AM,314 root INFO Loss = tensor([20.0848])
09/18/2019 01:24:43 AM,889 root INFO Validation All-nodes accuracy:0.51(best:0.54)
09/18/2019 01:24:43 AM,889 root INFO Validation Root accuracy:0.69(best:0.85)
09/18/2019 01:24:45 AM,59 root INFO Training All-nodes accuracy:0.76(best:0.76)
09/18/2019 01:24:45 AM,60 root INFO Training Root accuracy:1.0(best:1.0)
09/18/2019 01:24:45 AM,61 root INFO Epoch: 97
09/18/2019 01:24:46 AM,2 root INFO Loss = tensor([19.7175])
09/18/2019 01:24:48 AM,724 root INFO Validation All-nodes accuracy:0.4(best:0.54)
09/18/2019 01:24:48 AM,725 root INFO Validation Root accuracy:0.23(best:0.85)
09/18/2019 01:24:50 AM,50 root INFO Training All-nodes accuracy:0.71(best:0.76)
09/18/2019 01:24:50 AM,50 root INFO Training Root accuracy:0.82(best:1.0)
09/18/2019 01:24:50 AM,51 root INFO Epoch: 98
09/18/2019 01:24:51 AM,300 root INFO Loss = tensor([24.8562])
09/18/2019 01:24:54 AM,555 root INFO Validation All-nodes accuracy:0.38(best:0.54)
09/18/2019 01:24:54 AM,556 root INFO Validation Root accuracy:0.15(best:0.85)
09/18/2019 01:24:55 AM,839 root INFO Training All-nodes accuracy:0.69(best:0.76)
09/18/2019 01:24:55 AM,840 root INFO Training Root accuracy:0.74(best:1.0)
09/18/2019 01:24:55 AM,841 root INFO Epoch: 99
09/18/2019 01:24:56 AM,779 root INFO Loss = tensor([27.5491])
09/18/2019 01:24:59 AM,902 root INFO Validation All-nodes accuracy:0.44(best:0.54)
09/18/2019 01:24:59 AM,903 root INFO Validation Root accuracy:0.38(best:0.85)
09/18/2019 01:25:01 AM,205 root INFO Training All-nodes accuracy:0.75(best:0.76)
09/18/2019 01:25:01 AM,206 root INFO Training Root accuracy:0.98(best:1.0)
09/18/2019 01:28:55 AM,134 root ERROR Invalid alias: The name clear can't be aliased because it is another magic command.
09/18/2019 01:28:55 AM,136 root ERROR Invalid alias: The name more can't be aliased because it is another magic command.
09/18/2019 01:28:55 AM,136 root ERROR Invalid alias: The name less can't be aliased because it is another magic command.
09/18/2019 01:28:55 AM,136 root ERROR Invalid alias: The name man can't be aliased because it is another magic command.
