10/16/2019 02:16:45 AM,398 gensim.utils INFO loading Word2VecKeyedVectors object from /MTP/makeCollections/all_w2v_ner
10/16/2019 02:16:46 AM,484 gensim.utils INFO loading vectors from /MTP/makeCollections/all_w2v_ner.vectors.npy with mmap=None
10/16/2019 02:16:47 AM,700 gensim.utils INFO setting ignored attribute vectors_norm to None
10/16/2019 02:16:47 AM,701 gensim.utils INFO loaded /MTP/makeCollections/all_w2v_ner
10/16/2019 02:16:47 AM,702 gensim.models.utils_any2vec INFO loading projection weights from /MTP/makeCollections/GoogleNews-vectors-negative300.bin
10/16/2019 02:18:32 AM,584 gensim.models.utils_any2vec INFO loaded (3000000, 300) matrix from /MTP/makeCollections/GoogleNews-vectors-negative300.bin
10/16/2019 02:18:33 AM,406 root INFO Using an existing server http://localhost:9000
10/16/2019 02:18:34 AM,490 root INFO The server is available.
10/16/2019 02:51:39 AM,692 root INFO Start logging
10/16/2019 02:53:25 AM,59 root INFO Epoch: 0
10/16/2019 02:53:26 AM,607 root INFO Loss = tensor([71.8377])
10/16/2019 02:53:41 AM,215 root INFO Loss = tensor([72.8450])
10/16/2019 02:53:54 AM,630 root INFO Loss = tensor([72.9172])
10/16/2019 02:54:07 AM,887 root INFO Loss = tensor([70.8039])
10/16/2019 02:54:20 AM,603 root INFO Loss = tensor([70.9691])
10/16/2019 02:54:33 AM,258 root INFO Loss = tensor([71.3994])
10/16/2019 02:54:46 AM,542 root INFO Loss = tensor([72.6770])
10/16/2019 02:55:00 AM,86 root INFO Loss = tensor([71.4625])
10/16/2019 02:55:13 AM,969 root INFO Loss = tensor([72.8827])
10/16/2019 02:55:27 AM,996 root INFO Loss = tensor([73.5626])
10/16/2019 02:55:40 AM,888 root INFO Loss = tensor([71.8975])
10/16/2019 02:55:52 AM,214 root INFO Loss = tensor([72.7902])
10/16/2019 02:56:03 AM,567 root INFO Loss = tensor([72.7312])
10/16/2019 02:56:16 AM,992 root INFO Loss = tensor([74.6871])
10/16/2019 02:56:31 AM,591 root INFO Loss = tensor([71.9360])
10/16/2019 02:56:45 AM,801 root INFO Loss = tensor([71.8316])
10/16/2019 02:56:58 AM,548 root INFO Loss = tensor([70.3200])
10/16/2019 02:57:10 AM,568 root INFO Loss = tensor([72.7689])
10/16/2019 02:57:16 AM,864 root INFO Validation All-nodes accuracy:0.6(best:0.6)
10/16/2019 02:57:16 AM,864 root INFO Validation Root accuracy:0.63(best:0.63)
10/16/2019 02:57:16 AM,865 root INFO F1:[0.5, 0.77](best:0.5 , 0.77)
10/16/2019 02:57:44 AM,972 root INFO Training All-nodes accuracy:0.51(best:0.51)
10/16/2019 02:57:44 AM,972 root INFO Training Root accuracy:0.5(best:0.5)
10/16/2019 02:57:44 AM,972 root INFO Training F1:[0.73, 0.67](best:0.73 , 0.67)
10/16/2019 02:57:44 AM,976 root INFO Epoch: 1
10/16/2019 02:57:47 AM,160 root INFO Loss = tensor([71.4301])
10/16/2019 02:58:08 AM,685 root INFO Loss = tensor([72.2214])
10/16/2019 02:58:23 AM,711 root INFO Loss = tensor([73.4521])
10/16/2019 02:58:38 AM,166 root INFO Loss = tensor([71.1877])
10/16/2019 02:58:54 AM,377 root INFO Loss = tensor([74.3989])
10/16/2019 02:59:11 AM,727 root INFO Loss = tensor([72.1871])
10/16/2019 02:59:25 AM,460 root INFO Loss = tensor([72.2664])
10/16/2019 02:59:42 AM,931 root INFO Loss = tensor([71.7975])
10/16/2019 02:59:59 AM,769 root INFO Loss = tensor([73.9681])
10/16/2019 03:00:17 AM,875 root INFO Loss = tensor([71.9463])
10/16/2019 03:00:34 AM,431 root INFO Loss = tensor([73.4765])
10/16/2019 03:00:48 AM,703 root INFO Loss = tensor([70.8967])
10/16/2019 03:00:59 AM,551 root INFO Loss = tensor([71.0346])
10/16/2019 03:01:11 AM,456 root INFO Loss = tensor([73.8200])
10/16/2019 03:01:25 AM,887 root INFO Loss = tensor([73.3192])
10/16/2019 03:01:39 AM,594 root INFO Loss = tensor([70.6713])
10/16/2019 03:01:52 AM,123 root INFO Loss = tensor([71.0433])
10/16/2019 03:02:04 AM,278 root INFO Loss = tensor([73.2369])
10/16/2019 03:02:10 AM,270 root INFO Validation All-nodes accuracy:0.56(best:0.6)
10/16/2019 03:02:10 AM,277 root INFO Validation Root accuracy:0.56(best:0.63)
10/16/2019 03:02:10 AM,278 root INFO F1:[0.44, 0.76](best:0.5 , 0.77)
10/16/2019 03:02:39 AM,88 root INFO Training All-nodes accuracy:0.52(best:0.52)
10/16/2019 03:02:39 AM,89 root INFO Training Root accuracy:0.5(best:0.5)
10/16/2019 03:02:39 AM,89 root INFO Training F1:[0.67, 0.67](best:0.73 , 0.67)
10/16/2019 03:02:39 AM,93 root INFO Epoch: 2
10/16/2019 03:02:40 AM,869 root INFO Loss = tensor([73.3703])
10/16/2019 03:02:55 AM,729 root INFO Loss = tensor([72.1126])
10/16/2019 03:03:09 AM,330 root INFO Loss = tensor([71.5923])
10/16/2019 03:03:20 AM,430 root INFO Loss = tensor([69.9814])
10/16/2019 03:03:31 AM,48 root INFO Loss = tensor([70.4079])
10/16/2019 03:03:43 AM,718 root INFO Loss = tensor([71.7674])
10/16/2019 03:03:57 AM,231 root INFO Loss = tensor([72.2124])
10/16/2019 03:04:11 AM,243 root INFO Loss = tensor([73.6628])
10/16/2019 03:04:25 AM,705 root INFO Loss = tensor([74.0865])
10/16/2019 03:04:40 AM,374 root INFO Loss = tensor([70.8539])
10/16/2019 03:04:53 AM,328 root INFO Loss = tensor([72.4677])
10/16/2019 03:05:07 AM,536 root INFO Loss = tensor([72.6182])
10/16/2019 03:05:24 AM,217 root INFO Loss = tensor([71.6129])
10/16/2019 03:05:39 AM,458 root INFO Loss = tensor([72.0802])
10/16/2019 03:05:50 AM,715 root INFO Loss = tensor([73.5975])
10/16/2019 03:06:02 AM,649 root INFO Loss = tensor([73.6788])
10/16/2019 03:06:19 AM,417 root INFO Loss = tensor([73.6514])
10/16/2019 03:06:32 AM,912 root INFO Loss = tensor([73.1129])
10/16/2019 03:06:38 AM,658 root INFO Validation All-nodes accuracy:0.6(best:0.6)
10/16/2019 03:06:38 AM,659 root INFO Validation Root accuracy:0.63(best:0.63)
10/16/2019 03:06:38 AM,660 root INFO F1:[0.99, 0.77](best:0.99 , 0.77)
10/16/2019 03:07:05 AM,855 root INFO Training All-nodes accuracy:0.52(best:0.52)
10/16/2019 03:07:05 AM,855 root INFO Training Root accuracy:0.5(best:0.5)
10/16/2019 03:07:05 AM,855 root INFO Training F1:[0.83, 0.67](best:0.83 , 0.67)
10/16/2019 03:07:05 AM,858 root INFO Epoch: 3
10/16/2019 03:07:07 AM,370 root INFO Loss = tensor([70.4285])
10/16/2019 03:07:20 AM,626 root INFO Loss = tensor([69.7186])
10/16/2019 03:07:33 AM,339 root INFO Loss = tensor([71.3391])
10/16/2019 03:07:46 AM,801 root INFO Loss = tensor([72.5204])
10/16/2019 03:08:00 AM,238 root INFO Loss = tensor([72.3267])
10/16/2019 03:08:13 AM,983 root INFO Loss = tensor([73.4117])
10/16/2019 03:08:26 AM,487 root INFO Loss = tensor([73.6354])
10/16/2019 03:08:38 AM,443 root INFO Loss = tensor([72.6459])
10/16/2019 03:08:50 AM,394 root INFO Loss = tensor([73.2465])
10/16/2019 03:09:03 AM,842 root INFO Loss = tensor([72.7477])
10/16/2019 03:09:16 AM,112 root INFO Loss = tensor([74.0700])
10/16/2019 03:09:31 AM,989 root INFO Loss = tensor([73.7253])
10/16/2019 03:09:47 AM,250 root INFO Loss = tensor([72.3988])
10/16/2019 03:10:01 AM,431 root INFO Loss = tensor([72.3725])
10/16/2019 03:10:16 AM,580 root INFO Loss = tensor([70.5434])
10/16/2019 03:10:29 AM,572 root INFO Loss = tensor([72.9149])
10/16/2019 03:10:49 AM,366 root INFO Loss = tensor([71.2909])
10/16/2019 03:11:05 AM,910 root INFO Loss = tensor([75.4076])
10/16/2019 03:11:18 AM,723 root INFO Validation All-nodes accuracy:0.62(best:0.62)
10/16/2019 03:11:18 AM,728 root INFO Validation Root accuracy:0.59(best:0.63)
10/16/2019 03:11:18 AM,728 root INFO F1:[0.38, 0.76](best:0.99 , 0.77)
10/16/2019 03:12:07 AM,160 root INFO Training All-nodes accuracy:0.52(best:0.52)
10/16/2019 03:12:07 AM,162 root INFO Training Root accuracy:0.51(best:0.51)
10/16/2019 03:12:07 AM,162 root INFO Training F1:[0.72, 0.67](best:0.83 , 0.67)
10/16/2019 03:12:07 AM,167 root INFO Epoch: 4
10/16/2019 03:12:08 AM,811 root INFO Loss = tensor([71.9128])
10/16/2019 03:12:22 AM,865 root INFO Loss = tensor([71.7642])
10/16/2019 03:12:36 AM,988 root INFO Loss = tensor([74.1822])
10/16/2019 03:12:54 AM,382 root INFO Loss = tensor([74.1410])
10/16/2019 03:13:11 AM,501 root INFO Loss = tensor([72.7774])
10/16/2019 03:13:25 AM,748 root INFO Loss = tensor([70.5025])
10/16/2019 03:13:37 AM,996 root INFO Loss = tensor([71.6865])
10/16/2019 03:13:52 AM,66 root INFO Loss = tensor([71.2648])
10/16/2019 03:14:08 AM,184 root INFO Loss = tensor([70.5508])
10/16/2019 03:14:26 AM,538 root INFO Loss = tensor([71.6024])
10/16/2019 03:14:41 AM,424 root INFO Loss = tensor([70.8008])
10/16/2019 03:14:54 AM,957 root INFO Loss = tensor([75.4289])
10/16/2019 03:15:10 AM,929 root INFO Loss = tensor([73.2438])
10/16/2019 03:15:30 AM,302 root INFO Loss = tensor([71.4231])
10/16/2019 03:15:45 AM,130 root INFO Loss = tensor([70.2302])
10/16/2019 03:15:58 AM,676 root INFO Loss = tensor([72.8867])
10/16/2019 03:16:11 AM,249 root INFO Loss = tensor([71.0223])
10/16/2019 03:16:21 AM,622 root INFO Loss = tensor([75.4223])
10/16/2019 03:16:29 AM,212 root INFO Validation All-nodes accuracy:0.6(best:0.62)
10/16/2019 03:16:29 AM,212 root INFO Validation Root accuracy:0.6(best:0.63)
10/16/2019 03:16:29 AM,213 root INFO F1:[0.38, 0.77](best:0.99 , 0.77)
10/16/2019 03:17:00 AM,996 root INFO Training All-nodes accuracy:0.52(best:0.52)
10/16/2019 03:17:00 AM,998 root INFO Training Root accuracy:0.51(best:0.51)
10/16/2019 03:17:00 AM,998 root INFO Training F1:[0.73, 0.67](best:0.83 , 0.67)
10/16/2019 03:17:01 AM,6 root INFO Epoch: 5
10/16/2019 03:17:02 AM,826 root INFO Loss = tensor([71.5132])
10/16/2019 03:17:18 AM,756 root INFO Loss = tensor([72.0279])
10/16/2019 03:17:34 AM,218 root INFO Loss = tensor([71.9828])
10/16/2019 03:17:50 AM,227 root INFO Loss = tensor([71.5642])
10/16/2019 03:18:04 AM,393 root INFO Loss = tensor([73.8094])
10/16/2019 03:18:20 AM,972 root INFO Loss = tensor([73.5083])
10/16/2019 03:18:36 AM,317 root INFO Loss = tensor([71.9708])
10/16/2019 03:18:49 AM,728 root INFO Loss = tensor([72.7891])
10/16/2019 03:19:02 AM,773 root INFO Loss = tensor([72.6885])
10/16/2019 03:19:18 AM,526 root INFO Loss = tensor([70.4766])
10/16/2019 03:19:32 AM,754 root INFO Loss = tensor([70.3589])
10/16/2019 03:19:46 AM,193 root INFO Loss = tensor([71.1467])
10/16/2019 03:20:00 AM,286 root INFO Loss = tensor([72.6148])
10/16/2019 03:20:16 AM,48 root INFO Loss = tensor([70.8580])
10/16/2019 03:20:31 AM,114 root INFO Loss = tensor([71.6706])
10/16/2019 03:20:45 AM,766 root INFO Loss = tensor([73.0591])
10/16/2019 03:21:00 AM,57 root INFO Loss = tensor([73.0768])
10/16/2019 03:21:13 AM,20 root INFO Loss = tensor([72.6142])
10/16/2019 03:21:17 AM,642 root INFO Validation All-nodes accuracy:0.57(best:0.62)
10/16/2019 03:21:17 AM,643 root INFO Validation Root accuracy:0.57(best:0.63)
10/16/2019 03:21:17 AM,643 root INFO F1:[0.55, 0.77](best:0.99 , 0.77)
10/16/2019 03:21:39 AM,180 root INFO Training All-nodes accuracy:0.54(best:0.54)
10/16/2019 03:21:39 AM,181 root INFO Training Root accuracy:0.55(best:0.55)
10/16/2019 03:21:39 AM,181 root INFO Training F1:[0.75, 0.69](best:0.83 , 0.69)
10/16/2019 03:21:39 AM,184 root INFO Epoch: 6
10/16/2019 03:21:40 AM,332 root INFO Loss = tensor([70.0912])
10/16/2019 03:21:53 AM,5 root INFO Loss = tensor([69.9270])
10/16/2019 03:22:05 AM,792 root INFO Loss = tensor([73.8850])
10/16/2019 03:22:19 AM,664 root INFO Loss = tensor([73.8357])
10/16/2019 03:22:33 AM,719 root INFO Loss = tensor([72.5913])
10/16/2019 03:22:47 AM,333 root INFO Loss = tensor([72.0242])
10/16/2019 03:23:01 AM,739 root INFO Loss = tensor([72.4270])
10/16/2019 03:23:15 AM,409 root INFO Loss = tensor([72.6923])
10/16/2019 03:23:28 AM,954 root INFO Loss = tensor([72.9583])
10/16/2019 03:23:43 AM,26 root INFO Loss = tensor([71.9789])
10/16/2019 03:23:54 AM,513 root INFO Loss = tensor([72.5085])
10/16/2019 03:24:05 AM,703 root INFO Loss = tensor([71.4687])
10/16/2019 03:24:17 AM,603 root INFO Loss = tensor([72.2798])
10/16/2019 03:24:31 AM,283 root INFO Loss = tensor([72.8365])
10/16/2019 03:24:46 AM,216 root INFO Loss = tensor([73.8446])
10/16/2019 03:25:00 AM,578 root INFO Loss = tensor([70.2622])
10/16/2019 03:25:13 AM,669 root INFO Loss = tensor([71.8363])
10/16/2019 03:25:25 AM,676 root INFO Loss = tensor([77.2171])
10/16/2019 03:25:31 AM,748 root INFO Validation All-nodes accuracy:0.62(best:0.62)
10/16/2019 03:25:31 AM,756 root INFO Validation Root accuracy:0.63(best:0.63)
10/16/2019 03:25:31 AM,756 root INFO F1:[0.5, 0.77](best:0.99 , 0.77)
10/16/2019 03:26:00 AM,426 root INFO Training All-nodes accuracy:0.52(best:0.54)
10/16/2019 03:26:00 AM,427 root INFO Training Root accuracy:0.5(best:0.55)
10/16/2019 03:26:00 AM,427 root INFO Training F1:[1.0, 0.67](best:1.0 , 0.69)
10/16/2019 03:26:00 AM,433 root INFO Epoch: 7
10/16/2019 03:26:02 AM,14 root INFO Loss = tensor([71.6100])
10/16/2019 03:26:15 AM,776 root INFO Loss = tensor([72.7811])
10/16/2019 03:26:27 AM,41 root INFO Loss = tensor([70.2737])
10/16/2019 03:26:37 AM,749 root INFO Loss = tensor([72.9849])
10/16/2019 03:26:50 AM,777 root INFO Loss = tensor([70.7719])
10/16/2019 03:27:04 AM,49 root INFO Loss = tensor([72.2444])
10/16/2019 03:27:18 AM,288 root INFO Loss = tensor([72.7169])
10/16/2019 03:27:33 AM,860 root INFO Loss = tensor([71.5134])
10/16/2019 03:27:47 AM,588 root INFO Loss = tensor([71.8243])
10/16/2019 03:28:00 AM,744 root INFO Loss = tensor([70.7869])
10/16/2019 03:28:13 AM,584 root INFO Loss = tensor([71.2193])
10/16/2019 03:28:28 AM,576 root INFO Loss = tensor([69.7889])
10/16/2019 03:28:41 AM,286 root INFO Loss = tensor([74.3143])
10/16/2019 03:28:54 AM,390 root INFO Loss = tensor([72.4787])
10/16/2019 03:29:05 AM,265 root INFO Loss = tensor([73.4415])
10/16/2019 03:29:16 AM,915 root INFO Loss = tensor([73.3067])
10/16/2019 03:29:30 AM,571 root INFO Loss = tensor([74.0772])
10/16/2019 03:29:43 AM,219 root INFO Loss = tensor([72.5349])
10/16/2019 03:29:48 AM,877 root INFO Validation All-nodes accuracy:0.58(best:0.62)
10/16/2019 03:29:48 AM,878 root INFO Validation Root accuracy:0.57(best:0.63)
10/16/2019 03:29:48 AM,878 root INFO F1:[0.51, 0.77](best:0.99 , 0.77)
10/16/2019 03:30:17 AM,185 root INFO Training All-nodes accuracy:0.54(best:0.54)
10/16/2019 03:30:17 AM,185 root INFO Training Root accuracy:0.55(best:0.55)
10/16/2019 03:30:17 AM,186 root INFO Training F1:[0.76, 0.69](best:1.0 , 0.69)
10/16/2019 03:30:17 AM,191 root INFO Epoch: 8
10/16/2019 03:30:19 AM,16 root INFO Loss = tensor([74.7080])
10/16/2019 03:30:33 AM,982 root INFO Loss = tensor([71.5218])
10/16/2019 03:30:47 AM,127 root INFO Loss = tensor([70.3482])
10/16/2019 03:30:59 AM,974 root INFO Loss = tensor([72.4355])
10/16/2019 03:31:13 AM,693 root INFO Loss = tensor([73.0848])
10/16/2019 03:31:25 AM,559 root INFO Loss = tensor([71.0964])
10/16/2019 03:31:37 AM,201 root INFO Loss = tensor([72.3668])
10/16/2019 03:31:51 AM,132 root INFO Loss = tensor([73.4619])
10/16/2019 03:32:06 AM,184 root INFO Loss = tensor([71.9616])
10/16/2019 03:32:20 AM,0 root INFO Loss = tensor([72.4807])
10/16/2019 03:32:33 AM,771 root INFO Loss = tensor([71.8040])
10/16/2019 03:32:46 AM,579 root INFO Loss = tensor([71.2704])
10/16/2019 03:33:02 AM,904 root INFO Loss = tensor([71.6239])
10/16/2019 03:33:16 AM,662 root INFO Loss = tensor([70.7621])
10/16/2019 03:33:32 AM,701 root INFO Loss = tensor([71.1020])
10/16/2019 03:33:49 AM,342 root INFO Loss = tensor([70.2319])
10/16/2019 03:34:02 AM,708 root INFO Loss = tensor([70.7875])
10/16/2019 03:34:12 AM,848 root INFO Loss = tensor([73.8092])
10/16/2019 03:34:18 AM,353 root INFO Validation All-nodes accuracy:0.57(best:0.62)
10/16/2019 03:34:18 AM,354 root INFO Validation Root accuracy:0.61(best:0.63)
10/16/2019 03:34:18 AM,354 root INFO F1:[0.61, 0.78](best:0.99 , 0.78)
10/16/2019 03:34:55 AM,295 root INFO Training All-nodes accuracy:0.57(best:0.57)
10/16/2019 03:34:55 AM,295 root INFO Training Root accuracy:0.6(best:0.6)
10/16/2019 03:34:55 AM,295 root INFO Training F1:[0.86, 0.72](best:1.0 , 0.72)
10/16/2019 03:34:55 AM,298 root INFO Epoch: 9
10/16/2019 03:34:57 AM,253 root INFO Loss = tensor([71.4840])
10/16/2019 03:35:11 AM,509 root INFO Loss = tensor([72.1100])
10/16/2019 03:35:25 AM,49 root INFO Loss = tensor([71.6314])
10/16/2019 03:35:38 AM,585 root INFO Loss = tensor([71.1590])
10/16/2019 03:35:51 AM,807 root INFO Loss = tensor([70.3871])
10/16/2019 03:36:05 AM,153 root INFO Loss = tensor([70.2974])
10/16/2019 03:36:17 AM,763 root INFO Loss = tensor([71.5290])
10/16/2019 03:36:30 AM,936 root INFO Loss = tensor([73.8558])
10/16/2019 03:36:42 AM,934 root INFO Loss = tensor([70.8757])
10/16/2019 03:36:53 AM,701 root INFO Loss = tensor([72.2876])
10/16/2019 03:37:05 AM,727 root INFO Loss = tensor([71.6223])
10/16/2019 03:37:18 AM,755 root INFO Loss = tensor([70.7107])
10/16/2019 03:37:31 AM,684 root INFO Loss = tensor([73.0191])
10/16/2019 03:37:45 AM,436 root INFO Loss = tensor([71.3094])
10/16/2019 03:38:05 AM,790 root INFO Loss = tensor([70.3950])
10/16/2019 03:38:19 AM,823 root INFO Loss = tensor([71.2921])
10/16/2019 03:38:35 AM,580 root INFO Loss = tensor([73.3646])
10/16/2019 03:38:48 AM,645 root INFO Loss = tensor([70.5468])
10/16/2019 03:38:54 AM,703 root INFO Validation All-nodes accuracy:0.56(best:0.62)
10/16/2019 03:38:54 AM,704 root INFO Validation Root accuracy:0.56(best:0.63)
10/16/2019 03:38:54 AM,704 root INFO F1:[0.59, 0.79](best:0.99 , 0.79)
10/16/2019 03:39:20 AM,156 root INFO Training All-nodes accuracy:0.59(best:0.59)
10/16/2019 03:39:20 AM,157 root INFO Training Root accuracy:0.7(best:0.7)
10/16/2019 03:39:20 AM,158 root INFO Training F1:[0.84, 0.81](best:1.0 , 0.81)
10/16/2019 03:39:20 AM,161 root INFO Epoch: 10
10/16/2019 03:39:21 AM,409 root INFO Loss = tensor([70.2886])
10/16/2019 03:39:32 AM,710 root INFO Loss = tensor([72.4834])
10/16/2019 03:39:45 AM,972 root INFO Loss = tensor([72.8245])
10/16/2019 03:40:00 AM,25 root INFO Loss = tensor([73.0435])
10/16/2019 03:40:13 AM,411 root INFO Loss = tensor([72.5073])
10/16/2019 03:40:27 AM,546 root INFO Loss = tensor([71.0346])
10/16/2019 03:40:43 AM,828 root INFO Loss = tensor([71.1576])
10/16/2019 03:41:01 AM,19 root INFO Loss = tensor([74.1658])
10/16/2019 03:41:15 AM,77 root INFO Loss = tensor([73.6330])
10/16/2019 03:41:29 AM,607 root INFO Loss = tensor([74.4813])
10/16/2019 03:41:43 AM,890 root INFO Loss = tensor([71.9046])
10/16/2019 03:41:55 AM,314 root INFO Loss = tensor([71.9485])
10/16/2019 03:42:06 AM,371 root INFO Loss = tensor([72.3217])
10/16/2019 03:42:17 AM,761 root INFO Loss = tensor([71.8565])
10/16/2019 03:42:32 AM,274 root INFO Loss = tensor([68.6065])
10/16/2019 03:42:49 AM,296 root INFO Loss = tensor([74.6329])
10/16/2019 03:43:07 AM,612 root INFO Loss = tensor([72.0670])
10/16/2019 03:43:21 AM,163 root INFO Loss = tensor([73.3315])
10/16/2019 03:43:30 AM,809 root INFO Validation All-nodes accuracy:0.55(best:0.62)
10/16/2019 03:43:30 AM,810 root INFO Validation Root accuracy:0.63(best:0.63)
10/16/2019 03:43:30 AM,810 root INFO F1:[0.5, 0.77](best:0.99 , 0.79)
10/16/2019 03:44:09 AM,590 root INFO Training All-nodes accuracy:0.55(best:0.59)
10/16/2019 03:44:09 AM,600 root INFO Training Root accuracy:0.5(best:0.7)
10/16/2019 03:44:09 AM,600 root INFO Training F1:[0.95, 0.67](best:1.0 , 0.81)
10/16/2019 03:44:09 AM,605 root INFO Epoch: 11
10/16/2019 03:44:11 AM,697 root INFO Loss = tensor([71.2207])
10/16/2019 03:44:28 AM,706 root INFO Loss = tensor([72.8247])
10/16/2019 03:44:43 AM,669 root INFO Loss = tensor([70.1735])
10/16/2019 03:44:58 AM,789 root INFO Loss = tensor([73.5200])
10/16/2019 03:45:13 AM,715 root INFO Loss = tensor([71.2819])
10/16/2019 03:45:26 AM,801 root INFO Loss = tensor([72.8309])
10/16/2019 03:45:43 AM,307 root INFO Loss = tensor([72.0906])
10/16/2019 03:45:58 AM,849 root INFO Loss = tensor([72.7431])
10/16/2019 03:46:12 AM,560 root INFO Loss = tensor([71.1790])
10/16/2019 03:46:25 AM,745 root INFO Loss = tensor([70.7762])
10/16/2019 03:46:43 AM,561 root INFO Loss = tensor([70.7348])
10/16/2019 03:47:02 AM,973 root INFO Loss = tensor([73.6661])
10/16/2019 03:47:17 AM,397 root INFO Loss = tensor([72.4105])
10/16/2019 03:47:27 AM,997 root INFO Loss = tensor([70.2965])
10/16/2019 03:47:40 AM,13 root INFO Loss = tensor([70.9367])
10/16/2019 03:47:52 AM,891 root INFO Loss = tensor([70.3839])
10/16/2019 03:48:05 AM,642 root INFO Loss = tensor([72.7602])
10/16/2019 03:48:17 AM,78 root INFO Loss = tensor([67.3060])
10/16/2019 03:48:22 AM,800 root INFO Validation All-nodes accuracy:0.58(best:0.62)
10/16/2019 03:48:22 AM,800 root INFO Validation Root accuracy:0.57(best:0.63)
10/16/2019 03:48:22 AM,801 root INFO F1:[0.6, 0.8](best:0.99 , 0.8)
10/16/2019 03:48:51 AM,792 root INFO Training All-nodes accuracy:0.59(best:0.59)
10/16/2019 03:48:51 AM,792 root INFO Training Root accuracy:0.7(best:0.7)
10/16/2019 03:48:51 AM,792 root INFO Training F1:[0.82, 0.83](best:1.0 , 0.83)
10/16/2019 03:48:51 AM,795 root INFO Epoch: 12
10/16/2019 03:48:53 AM,489 root INFO Loss = tensor([72.3854])
10/16/2019 03:49:07 AM,971 root INFO Loss = tensor([71.5523])
10/16/2019 03:49:21 AM,860 root INFO Loss = tensor([71.8378])
10/16/2019 03:49:34 AM,752 root INFO Loss = tensor([72.6116])
10/16/2019 03:49:46 AM,444 root INFO Loss = tensor([69.1792])
10/16/2019 03:49:56 AM,781 root INFO Loss = tensor([71.9359])
10/16/2019 03:50:11 AM,804 root INFO Loss = tensor([71.8110])
10/16/2019 03:50:26 AM,979 root INFO Loss = tensor([73.7884])
10/16/2019 03:50:40 AM,982 root INFO Loss = tensor([71.9946])
10/16/2019 03:50:55 AM,932 root INFO Loss = tensor([71.1132])
10/16/2019 03:51:11 AM,227 root INFO Loss = tensor([70.8170])
10/16/2019 03:51:24 AM,558 root INFO Loss = tensor([71.9020])
10/16/2019 03:51:38 AM,85 root INFO Loss = tensor([71.2509])
10/16/2019 03:51:53 AM,34 root INFO Loss = tensor([72.0616])
10/16/2019 06:30:07 AM,906 root INFO Loss = tensor([69.9409])
10/16/2019 10:50:38 AM,508 root INFO Loss = tensor([71.8593])
10/16/2019 10:50:56 AM,109 root INFO Loss = tensor([71.2089])
10/16/2019 10:51:09 AM,167 root INFO Loss = tensor([70.3626])
10/16/2019 10:51:15 AM,376 root INFO Validation All-nodes accuracy:0.59(best:0.62)
10/16/2019 10:51:15 AM,376 root INFO Validation Root accuracy:0.56(best:0.63)
10/16/2019 10:51:15 AM,376 root INFO F1:[0.58, 0.79](best:0.99 , 0.8)
10/16/2019 10:51:45 AM,665 root INFO Training All-nodes accuracy:0.58(best:0.59)
10/16/2019 10:51:45 AM,666 root INFO Training Root accuracy:0.68(best:0.7)
10/16/2019 10:51:45 AM,667 root INFO Training F1:[0.83, 0.8](best:1.0 , 0.83)
10/16/2019 10:51:45 AM,669 root INFO Epoch: 13
10/16/2019 10:51:47 AM,63 root INFO Loss = tensor([69.3446])
10/16/2019 10:51:58 AM,286 root INFO Loss = tensor([70.2271])
10/16/2019 10:52:12 AM,483 root INFO Loss = tensor([71.3621])
10/16/2019 10:52:24 AM,534 root INFO Loss = tensor([71.4768])
10/16/2019 10:52:37 AM,466 root INFO Loss = tensor([71.4047])
10/16/2019 10:52:48 AM,243 root INFO Loss = tensor([74.0284])
10/16/2019 10:52:59 AM,786 root INFO Loss = tensor([69.7822])
10/16/2019 10:53:10 AM,420 root INFO Loss = tensor([71.5500])
10/16/2019 10:53:22 AM,651 root INFO Loss = tensor([71.1297])
10/16/2019 10:53:34 AM,524 root INFO Loss = tensor([72.3490])
10/16/2019 10:53:46 AM,881 root INFO Loss = tensor([72.9087])
10/16/2019 10:53:59 AM,818 root INFO Loss = tensor([72.0265])
10/16/2019 10:54:13 AM,291 root INFO Loss = tensor([71.4409])
10/16/2019 10:54:26 AM,135 root INFO Loss = tensor([72.1271])
10/16/2019 10:54:38 AM,645 root INFO Loss = tensor([70.9827])
10/16/2019 10:54:50 AM,694 root INFO Loss = tensor([71.5264])
10/16/2019 10:55:03 AM,212 root INFO Loss = tensor([71.5946])
10/16/2019 10:55:14 AM,326 root INFO Loss = tensor([73.3963])
10/16/2019 10:55:18 AM,993 root INFO Validation All-nodes accuracy:0.58(best:0.62)
10/16/2019 10:55:18 AM,993 root INFO Validation Root accuracy:0.57(best:0.63)
10/16/2019 10:55:18 AM,993 root INFO F1:[0.57, 0.78](best:0.99 , 0.8)
10/16/2019 10:55:41 AM,141 root INFO Training All-nodes accuracy:0.59(best:0.59)
10/16/2019 10:55:41 AM,142 root INFO Training Root accuracy:0.68(best:0.7)
10/16/2019 10:55:41 AM,142 root INFO Training F1:[0.84, 0.79](best:1.0 , 0.83)
10/16/2019 10:55:41 AM,144 root INFO Epoch: 14
10/16/2019 10:55:42 AM,365 root INFO Loss = tensor([70.9604])
10/16/2019 10:55:53 AM,907 root INFO Loss = tensor([70.6466])
10/16/2019 10:56:05 AM,892 root INFO Loss = tensor([72.4452])
10/16/2019 10:56:18 AM,370 root INFO Loss = tensor([71.9660])
10/16/2019 10:56:30 AM,669 root INFO Loss = tensor([71.2064])
10/16/2019 10:56:42 AM,808 root INFO Loss = tensor([69.1437])
10/16/2019 10:56:54 AM,400 root INFO Loss = tensor([69.4940])
10/16/2019 10:57:06 AM,613 root INFO Loss = tensor([71.2422])
10/16/2019 10:57:19 AM,389 root INFO Loss = tensor([71.9947])
10/16/2019 10:57:32 AM,297 root INFO Loss = tensor([70.8324])
10/16/2019 10:57:45 AM,273 root INFO Loss = tensor([69.4068])
10/16/2019 10:57:57 AM,180 root INFO Loss = tensor([71.3233])
10/16/2019 10:58:08 AM,438 root INFO Loss = tensor([71.8701])
10/16/2019 10:58:19 AM,702 root INFO Loss = tensor([70.7511])
10/16/2019 10:58:32 AM,473 root INFO Loss = tensor([71.0997])
10/16/2019 10:58:45 AM,304 root INFO Loss = tensor([71.5772])
10/16/2019 10:58:58 AM,498 root INFO Loss = tensor([73.3246])
10/16/2019 10:59:10 AM,784 root INFO Loss = tensor([72.3937])
10/16/2019 10:59:16 AM,419 root INFO Validation All-nodes accuracy:0.57(best:0.62)
10/16/2019 10:59:16 AM,420 root INFO Validation Root accuracy:0.56(best:0.63)
10/16/2019 10:59:16 AM,420 root INFO F1:[0.59, 0.8](best:0.99 , 0.8)
10/16/2019 10:59:43 AM,693 root INFO Training All-nodes accuracy:0.59(best:0.59)
10/16/2019 10:59:43 AM,693 root INFO Training Root accuracy:0.69(best:0.7)
10/16/2019 10:59:43 AM,694 root INFO Training F1:[0.81, 0.83](best:1.0 , 0.83)
10/16/2019 10:59:43 AM,696 root INFO Epoch: 15
10/16/2019 10:59:45 AM,206 root INFO Loss = tensor([70.9053])
10/16/2019 10:59:57 AM,503 root INFO Loss = tensor([69.8707])
10/16/2019 11:00:09 AM,620 root INFO Loss = tensor([69.8253])
10/16/2019 11:00:21 AM,83 root INFO Loss = tensor([70.0464])
10/16/2019 11:00:33 AM,787 root INFO Loss = tensor([69.7259])
10/16/2019 11:00:44 AM,933 root INFO Loss = tensor([72.7802])
10/16/2019 11:00:56 AM,795 root INFO Loss = tensor([71.0626])
10/16/2019 11:01:09 AM,219 root INFO Loss = tensor([69.5639])
10/16/2019 11:01:21 AM,672 root INFO Loss = tensor([73.2877])
10/16/2019 11:01:35 AM,738 root INFO Loss = tensor([74.0977])
10/16/2019 11:01:50 AM,401 root INFO Loss = tensor([71.1727])
10/16/2019 11:02:04 AM,327 root INFO Loss = tensor([69.6227])
10/16/2019 11:02:16 AM,701 root INFO Loss = tensor([71.2584])
10/16/2019 11:02:29 AM,701 root INFO Loss = tensor([69.6294])
10/16/2019 11:02:42 AM,889 root INFO Loss = tensor([71.6465])
10/16/2019 11:02:56 AM,547 root INFO Loss = tensor([71.6851])
10/16/2019 11:03:08 AM,888 root INFO Loss = tensor([70.1431])
10/16/2019 11:03:18 AM,990 root INFO Loss = tensor([74.8527])
10/16/2019 11:03:23 AM,857 root INFO Validation All-nodes accuracy:0.59(best:0.62)
10/16/2019 11:03:23 AM,857 root INFO Validation Root accuracy:0.57(best:0.63)
10/16/2019 11:03:23 AM,857 root INFO F1:[0.59, 0.79](best:0.99 , 0.8)
10/16/2019 11:03:49 AM,994 root INFO Training All-nodes accuracy:0.6(best:0.6)
10/16/2019 11:03:49 AM,995 root INFO Training Root accuracy:0.72(best:0.72)
10/16/2019 11:03:49 AM,996 root INFO Training F1:[0.85, 0.83](best:1.0 , 0.83)
10/16/2019 11:03:50 AM,0 root INFO Epoch: 16
10/16/2019 11:03:51 AM,491 root INFO Loss = tensor([70.5965])
10/16/2019 11:04:04 AM,347 root INFO Loss = tensor([71.4457])
10/16/2019 11:04:16 AM,997 root INFO Loss = tensor([70.8418])
10/16/2019 11:04:29 AM,244 root INFO Loss = tensor([70.0554])
10/16/2019 11:04:41 AM,443 root INFO Loss = tensor([71.0681])
10/16/2019 11:04:54 AM,389 root INFO Loss = tensor([70.5940])
10/16/2019 11:05:06 AM,740 root INFO Loss = tensor([70.7763])
10/16/2019 11:05:19 AM,602 root INFO Loss = tensor([71.2148])
10/16/2019 11:05:32 AM,669 root INFO Loss = tensor([71.1938])
10/16/2019 11:05:44 AM,482 root INFO Loss = tensor([69.2523])
10/16/2019 11:05:55 AM,194 root INFO Loss = tensor([72.2852])
10/16/2019 11:06:07 AM,426 root INFO Loss = tensor([70.8344])
10/16/2019 11:06:19 AM,598 root INFO Loss = tensor([71.3180])
10/16/2019 11:06:32 AM,602 root INFO Loss = tensor([71.3358])
10/16/2019 11:06:45 AM,584 root INFO Loss = tensor([73.4626])
10/16/2019 11:06:59 AM,230 root INFO Loss = tensor([71.1443])
10/16/2019 11:07:12 AM,441 root INFO Loss = tensor([69.6315])
10/16/2019 11:07:23 AM,754 root INFO Loss = tensor([75.4728])
10/16/2019 11:07:29 AM,705 root INFO Validation All-nodes accuracy:0.5(best:0.62)
10/16/2019 11:07:29 AM,706 root INFO Validation Root accuracy:0.59(best:0.63)
10/16/2019 11:07:29 AM,706 root INFO F1:[0.62, 0.8](best:0.99 , 0.8)
10/16/2019 11:07:58 AM,513 root INFO Training All-nodes accuracy:0.61(best:0.61)
10/16/2019 11:07:58 AM,514 root INFO Training Root accuracy:0.76(best:0.76)
10/16/2019 11:07:58 AM,515 root INFO Training F1:[0.88, 0.85](best:1.0 , 0.85)
10/16/2019 11:07:58 AM,517 root INFO Epoch: 17
10/16/2019 11:08:00 AM,56 root INFO Loss = tensor([69.4086])
10/16/2019 11:08:12 AM,14 root INFO Loss = tensor([70.3417])
10/16/2019 11:08:22 AM,884 root INFO Loss = tensor([71.1469])
10/16/2019 11:08:34 AM,339 root INFO Loss = tensor([72.2996])
10/16/2019 11:08:47 AM,615 root INFO Loss = tensor([69.1693])
10/16/2019 11:09:00 AM,476 root INFO Loss = tensor([70.3042])
10/16/2019 11:09:13 AM,502 root INFO Loss = tensor([69.8915])
10/16/2019 11:09:26 AM,600 root INFO Loss = tensor([68.2691])
10/16/2019 11:09:40 AM,393 root INFO Loss = tensor([69.2992])
10/16/2019 11:09:53 AM,115 root INFO Loss = tensor([69.2412])
10/16/2019 11:10:05 AM,326 root INFO Loss = tensor([68.9562])
10/16/2019 11:10:17 AM,989 root INFO Loss = tensor([72.6179])
10/16/2019 11:10:32 AM,29 root INFO Loss = tensor([70.2786])
10/16/2019 11:10:43 AM,974 root INFO Loss = tensor([69.0349])
10/16/2019 11:10:54 AM,764 root INFO Loss = tensor([70.8397])
10/16/2019 11:11:05 AM,628 root INFO Loss = tensor([69.1796])
10/16/2019 11:11:17 AM,889 root INFO Loss = tensor([71.9786])
10/16/2019 11:11:30 AM,62 root INFO Loss = tensor([77.3247])
10/16/2019 11:11:36 AM,321 root INFO Validation All-nodes accuracy:0.53(best:0.62)
10/16/2019 11:11:36 AM,321 root INFO Validation Root accuracy:0.6(best:0.63)
10/16/2019 11:11:36 AM,321 root INFO F1:[0.63, 0.8](best:0.99 , 0.8)
10/16/2019 11:12:03 AM,893 root INFO Training All-nodes accuracy:0.62(best:0.62)
10/16/2019 11:12:03 AM,894 root INFO Training Root accuracy:0.78(best:0.78)
10/16/2019 11:12:03 AM,894 root INFO Training F1:[0.9, 0.86](best:1.0 , 0.86)
10/16/2019 11:12:03 AM,898 root INFO Epoch: 18
10/16/2019 11:12:05 AM,372 root INFO Loss = tensor([69.1624])
10/16/2019 11:12:17 AM,360 root INFO Loss = tensor([70.1297])
10/16/2019 11:12:29 AM,734 root INFO Loss = tensor([70.3516])
10/16/2019 11:12:42 AM,552 root INFO Loss = tensor([70.6158])
10/16/2019 11:12:56 AM,290 root INFO Loss = tensor([71.8402])
10/16/2019 11:13:08 AM,976 root INFO Loss = tensor([69.3230])
10/16/2019 11:13:20 AM,250 root INFO Loss = tensor([72.8370])
10/16/2019 11:13:32 AM,721 root INFO Loss = tensor([72.9329])
10/16/2019 11:13:44 AM,562 root INFO Loss = tensor([71.3686])
10/16/2019 11:13:57 AM,43 root INFO Loss = tensor([70.6895])
10/16/2019 11:14:09 AM,933 root INFO Loss = tensor([69.9234])
10/16/2019 11:14:22 AM,592 root INFO Loss = tensor([68.8164])
10/16/2019 11:14:34 AM,571 root INFO Loss = tensor([70.0619])
10/16/2019 11:14:46 AM,942 root INFO Loss = tensor([72.2880])
10/16/2019 11:14:59 AM,852 root INFO Loss = tensor([70.2082])
10/16/2019 11:15:12 AM,315 root INFO Loss = tensor([72.7709])
10/16/2019 11:15:25 AM,608 root INFO Loss = tensor([71.7150])
10/16/2019 11:15:37 AM,626 root INFO Loss = tensor([73.3804])
10/16/2019 11:15:43 AM,701 root INFO Validation All-nodes accuracy:0.6(best:0.62)
10/16/2019 11:15:43 AM,702 root INFO Validation Root accuracy:0.59(best:0.63)
10/16/2019 11:15:43 AM,702 root INFO F1:[0.62, 0.81](best:0.99 , 0.81)
10/16/2019 11:16:07 AM,73 root INFO Training All-nodes accuracy:0.61(best:0.62)
10/16/2019 11:16:07 AM,73 root INFO Training Root accuracy:0.77(best:0.78)
10/16/2019 11:16:07 AM,73 root INFO Training F1:[0.87, 0.87](best:1.0 , 0.87)
10/16/2019 11:16:07 AM,75 root INFO Epoch: 19
10/16/2019 11:16:08 AM,126 root INFO Loss = tensor([67.1371])
10/16/2019 11:16:18 AM,413 root INFO Loss = tensor([72.4081])
10/16/2019 11:16:32 AM,544 root INFO Loss = tensor([70.2245])
10/16/2019 11:16:44 AM,789 root INFO Loss = tensor([70.9515])
10/16/2019 11:16:57 AM,917 root INFO Loss = tensor([70.6800])
10/16/2019 11:17:10 AM,777 root INFO Loss = tensor([71.1055])
10/16/2019 11:17:24 AM,420 root INFO Loss = tensor([69.7754])
10/16/2019 11:17:37 AM,916 root INFO Loss = tensor([70.7280])
10/16/2019 11:17:52 AM,1 root INFO Loss = tensor([72.6483])
10/16/2019 11:18:06 AM,282 root INFO Loss = tensor([69.9013])
10/16/2019 11:18:19 AM,121 root INFO Loss = tensor([69.9767])
10/16/2019 11:18:30 AM,350 root INFO Loss = tensor([71.1970])
10/16/2019 11:18:41 AM,515 root INFO Loss = tensor([68.8241])
10/16/2019 11:18:53 AM,588 root INFO Loss = tensor([74.5353])
10/16/2019 11:19:07 AM,352 root INFO Loss = tensor([71.3354])
10/16/2019 11:19:20 AM,299 root INFO Loss = tensor([72.4756])
10/16/2019 11:19:33 AM,833 root INFO Loss = tensor([68.6156])
10/16/2019 11:19:44 AM,800 root INFO Loss = tensor([75.4448])
10/16/2019 11:19:50 AM,543 root INFO Validation All-nodes accuracy:0.54(best:0.62)
10/16/2019 11:19:50 AM,544 root INFO Validation Root accuracy:0.58(best:0.63)
10/16/2019 11:19:50 AM,544 root INFO F1:[0.6, 0.8](best:0.99 , 0.81)
10/16/2019 11:20:20 AM,517 root INFO Training All-nodes accuracy:0.62(best:0.62)
10/16/2019 11:20:20 AM,517 root INFO Training Root accuracy:0.78(best:0.78)
10/16/2019 11:20:20 AM,517 root INFO Training F1:[0.88, 0.87](best:1.0 , 0.87)
10/16/2019 11:20:20 AM,520 root INFO Epoch: 20
10/16/2019 11:20:21 AM,838 root INFO Loss = tensor([67.9954])
10/16/2019 11:20:34 AM,107 root INFO Loss = tensor([70.5170])
10/16/2019 11:20:47 AM,353 root INFO Loss = tensor([69.0120])
10/16/2019 11:20:59 AM,304 root INFO Loss = tensor([70.0394])
10/16/2019 12:04:10 PM,258 root INFO Loss = tensor([69.0449])
10/16/2019 12:04:22 PM,301 root INFO Loss = tensor([70.8869])
10/16/2019 12:04:34 PM,975 root INFO Loss = tensor([70.5162])
10/16/2019 12:04:47 PM,522 root INFO Loss = tensor([69.7908])
10/16/2019 12:05:01 PM,197 root INFO Loss = tensor([73.8356])
10/16/2019 12:05:15 PM,416 root INFO Loss = tensor([70.2445])
10/16/2019 12:05:27 PM,680 root INFO Loss = tensor([69.9756])
10/16/2019 12:05:40 PM,94 root INFO Loss = tensor([70.9972])
10/16/2019 12:05:52 PM,570 root INFO Loss = tensor([71.5086])
10/16/2019 12:06:05 PM,542 root INFO Loss = tensor([68.6480])
10/16/2019 12:06:18 PM,93 root INFO Loss = tensor([73.2353])
10/16/2019 12:06:29 PM,933 root INFO Loss = tensor([71.3229])
10/16/2019 12:06:40 PM,523 root INFO Loss = tensor([71.7713])
10/16/2019 12:06:50 PM,351 root INFO Loss = tensor([69.5368])
10/16/2019 12:06:55 PM,256 root INFO Validation All-nodes accuracy:0.57(best:0.62)
10/16/2019 12:06:55 PM,256 root INFO Validation Root accuracy:0.59(best:0.63)
10/16/2019 12:06:55 PM,256 root INFO F1:[0.61, 0.8](best:0.99 , 0.81)
10/16/2019 12:07:20 PM,672 root INFO Training All-nodes accuracy:0.63(best:0.63)
10/16/2019 12:07:20 PM,672 root INFO Training Root accuracy:0.8(best:0.8)
10/16/2019 12:07:20 PM,673 root INFO Training F1:[0.9, 0.87](best:1.0 , 0.87)
10/16/2019 12:07:20 PM,675 root INFO Epoch: 21
10/16/2019 12:07:22 PM,71 root INFO Loss = tensor([69.2573])
10/16/2019 12:07:34 PM,393 root INFO Loss = tensor([71.8965])
10/16/2019 12:07:46 PM,781 root INFO Loss = tensor([74.1120])
10/16/2019 12:07:59 PM,305 root INFO Loss = tensor([72.3895])
10/16/2019 12:08:11 PM,654 root INFO Loss = tensor([70.5402])
10/16/2019 12:08:23 PM,876 root INFO Loss = tensor([70.7968])
10/16/2019 12:08:37 PM,22 root INFO Loss = tensor([70.4077])
10/16/2019 12:08:48 PM,924 root INFO Loss = tensor([72.8689])
10/16/2019 12:09:00 PM,379 root INFO Loss = tensor([68.7334])
10/16/2019 12:09:10 PM,261 root INFO Loss = tensor([71.0809])
10/16/2019 12:09:21 PM,60 root INFO Loss = tensor([70.7484])
10/16/2019 12:09:32 PM,676 root INFO Loss = tensor([69.1779])
10/16/2019 12:09:44 PM,687 root INFO Loss = tensor([71.8474])
10/16/2019 12:09:57 PM,434 root INFO Loss = tensor([70.8982])
10/16/2019 12:10:09 PM,639 root INFO Loss = tensor([71.0349])
10/16/2019 12:10:21 PM,780 root INFO Loss = tensor([72.4358])
10/16/2019 12:10:34 PM,717 root INFO Loss = tensor([70.0498])
10/16/2019 12:10:46 PM,34 root INFO Loss = tensor([73.6549])
10/16/2019 12:10:51 PM,499 root INFO Validation All-nodes accuracy:0.53(best:0.62)
10/16/2019 12:10:51 PM,499 root INFO Validation Root accuracy:0.59(best:0.63)
10/16/2019 12:10:51 PM,500 root INFO F1:[0.6, 0.79](best:0.99 , 0.81)
10/16/2019 12:11:17 PM,228 root INFO Training All-nodes accuracy:0.63(best:0.63)
10/16/2019 12:11:17 PM,228 root INFO Training Root accuracy:0.79(best:0.8)
10/16/2019 12:11:17 PM,229 root INFO Training F1:[0.92, 0.85](best:1.0 , 0.87)
10/16/2019 12:11:17 PM,233 root INFO Epoch: 22
10/16/2019 12:11:18 PM,544 root INFO Loss = tensor([68.4372])
10/16/2019 12:11:29 PM,926 root INFO Loss = tensor([71.0690])
10/16/2019 12:11:41 PM,140 root INFO Loss = tensor([70.0188])
10/16/2019 12:11:52 PM,438 root INFO Loss = tensor([68.8797])
10/16/2019 12:12:04 PM,440 root INFO Loss = tensor([68.9143])
10/16/2019 12:12:17 PM,79 root INFO Loss = tensor([70.9160])
10/16/2019 12:12:29 PM,717 root INFO Loss = tensor([69.6375])
10/16/2019 12:12:42 PM,434 root INFO Loss = tensor([71.3802])
10/16/2019 12:12:55 PM,757 root INFO Loss = tensor([70.0855])
10/16/2019 12:13:08 PM,45 root INFO Loss = tensor([69.7544])
10/16/2019 12:13:20 PM,741 root INFO Loss = tensor([69.3295])
10/16/2019 12:13:33 PM,371 root INFO Loss = tensor([73.3600])
10/16/2019 12:13:47 PM,947 root INFO Loss = tensor([70.8070])
10/16/2019 12:14:00 PM,316 root INFO Loss = tensor([67.8972])
10/16/2019 12:14:11 PM,124 root INFO Loss = tensor([69.0058])
10/16/2019 12:14:22 PM,792 root INFO Loss = tensor([68.6736])
10/16/2019 12:14:35 PM,612 root INFO Loss = tensor([70.2019])
10/16/2019 12:14:47 PM,817 root INFO Loss = tensor([69.3887])
10/16/2019 12:14:53 PM,474 root INFO Validation All-nodes accuracy:0.57(best:0.62)
10/16/2019 12:14:53 PM,475 root INFO Validation Root accuracy:0.59(best:0.63)
10/16/2019 12:14:53 PM,475 root INFO F1:[0.61, 0.79](best:0.99 , 0.81)
10/16/2019 12:15:22 PM,109 root INFO Training All-nodes accuracy:0.63(best:0.63)
10/16/2019 12:15:22 PM,110 root INFO Training Root accuracy:0.81(best:0.81)
10/16/2019 12:15:22 PM,110 root INFO Training F1:[0.92, 0.87](best:1.0 , 0.87)
10/16/2019 12:15:22 PM,114 root INFO Epoch: 23
10/16/2019 12:15:23 PM,799 root INFO Loss = tensor([69.4776])
10/16/2019 12:15:37 PM,774 root INFO Loss = tensor([71.5117])
10/16/2019 12:15:52 PM,270 root INFO Loss = tensor([71.3081])
10/16/2019 12:16:05 PM,531 root INFO Loss = tensor([70.3897])
10/16/2019 12:16:20 PM,16 root INFO Loss = tensor([70.9562])
10/16/2019 12:16:33 PM,36 root INFO Loss = tensor([70.7023])
10/16/2019 12:16:44 PM,194 root INFO Loss = tensor([69.0454])
10/16/2019 12:16:55 PM,410 root INFO Loss = tensor([66.8462])
10/16/2019 12:17:07 PM,558 root INFO Loss = tensor([69.4557])
10/16/2019 12:17:20 PM,721 root INFO Loss = tensor([69.8781])
10/16/2019 12:17:33 PM,919 root INFO Loss = tensor([70.7396])
10/16/2019 12:17:47 PM,758 root INFO Loss = tensor([69.7028])
10/16/2019 12:18:00 PM,798 root INFO Loss = tensor([68.6366])
10/16/2019 12:18:13 PM,957 root INFO Loss = tensor([69.8537])
10/16/2019 12:18:27 PM,553 root INFO Loss = tensor([71.7102])
10/16/2019 12:18:42 PM,257 root INFO Loss = tensor([71.4367])
10/16/2019 12:18:56 PM,404 root INFO Loss = tensor([70.2430])
10/16/2019 12:19:07 PM,489 root INFO Loss = tensor([68.2859])
10/16/2019 12:19:12 PM,225 root INFO Validation All-nodes accuracy:0.57(best:0.62)
10/16/2019 12:19:12 PM,226 root INFO Validation Root accuracy:0.58(best:0.63)
10/16/2019 12:19:12 PM,226 root INFO F1:[0.6, 0.79](best:0.99 , 0.81)
10/16/2019 12:19:37 PM,189 root INFO Training All-nodes accuracy:0.64(best:0.64)
10/16/2019 12:19:37 PM,190 root INFO Training Root accuracy:0.82(best:0.82)
10/16/2019 12:19:37 PM,190 root INFO Training F1:[0.93, 0.88](best:1.0 , 0.88)
10/16/2019 12:19:37 PM,194 root INFO Epoch: 24
10/16/2019 12:19:38 PM,787 root INFO Loss = tensor([69.7113])
10/16/2019 12:19:52 PM,974 root INFO Loss = tensor([70.5788])
10/16/2019 12:20:07 PM,350 root INFO Loss = tensor([69.8629])
10/16/2019 12:20:21 PM,546 root INFO Loss = tensor([69.1601])
10/16/2019 12:20:34 PM,987 root INFO Loss = tensor([71.3516])
10/16/2019 12:20:50 PM,754 root INFO Loss = tensor([69.2156])
10/16/2019 12:21:04 PM,990 root INFO Loss = tensor([69.7914])
10/16/2019 12:21:19 PM,236 root INFO Loss = tensor([69.1914])
10/16/2019 12:21:33 PM,161 root INFO Loss = tensor([70.3859])
10/16/2019 12:21:45 PM,672 root INFO Loss = tensor([70.9956])
10/16/2019 12:21:57 PM,562 root INFO Loss = tensor([72.6791])
10/16/2019 12:22:09 PM,415 root INFO Loss = tensor([70.0689])
10/16/2019 12:22:23 PM,388 root INFO Loss = tensor([69.8817])
10/16/2019 12:22:37 PM,425 root INFO Loss = tensor([72.1437])
10/16/2019 12:22:51 PM,946 root INFO Loss = tensor([70.9009])
10/16/2019 12:23:07 PM,709 root INFO Loss = tensor([68.6655])
10/16/2019 12:23:21 PM,126 root INFO Loss = tensor([69.3167])
10/16/2019 12:23:34 PM,29 root INFO Loss = tensor([74.8511])
10/16/2019 12:23:40 PM,663 root INFO Validation All-nodes accuracy:0.58(best:0.62)
10/16/2019 12:23:40 PM,665 root INFO Validation Root accuracy:0.59(best:0.63)
10/16/2019 12:23:40 PM,665 root INFO F1:[0.63, 0.82](best:0.99 , 0.82)
10/16/2019 12:24:10 PM,518 root INFO Training All-nodes accuracy:0.64(best:0.64)
10/16/2019 12:24:10 PM,522 root INFO Training Root accuracy:0.82(best:0.82)
10/16/2019 12:24:10 PM,522 root INFO Training F1:[0.91, 0.9](best:1.0 , 0.9)
10/16/2019 12:24:10 PM,525 root INFO Epoch: 25
10/16/2019 12:24:11 PM,826 root INFO Loss = tensor([69.9444])
10/16/2019 12:24:23 PM,607 root INFO Loss = tensor([69.2449])
10/16/2019 12:24:35 PM,227 root INFO Loss = tensor([69.3545])
10/16/2019 12:24:48 PM,78 root INFO Loss = tensor([68.0564])
10/16/2019 12:25:02 PM,706 root INFO Loss = tensor([70.8976])
10/16/2019 12:25:18 PM,768 root INFO Loss = tensor([70.3453])
10/16/2019 12:25:35 PM,678 root INFO Loss = tensor([70.0232])
10/16/2019 12:25:51 PM,446 root INFO Loss = tensor([71.0979])
10/16/2019 12:26:06 PM,743 root INFO Loss = tensor([72.6151])
10/16/2019 12:26:20 PM,955 root INFO Loss = tensor([68.4691])
10/16/2019 12:26:34 PM,661 root INFO Loss = tensor([68.7486])
10/16/2019 12:26:49 PM,530 root INFO Loss = tensor([70.1105])
10/16/2019 12:27:01 PM,594 root INFO Loss = tensor([72.8213])
10/16/2019 12:27:16 PM,424 root INFO Loss = tensor([68.5850])
10/16/2019 12:27:30 PM,61 root INFO Loss = tensor([69.7095])
10/16/2019 12:27:43 PM,861 root INFO Loss = tensor([68.8897])
10/16/2019 12:28:03 PM,874 root INFO Loss = tensor([71.3725])
10/16/2019 12:28:19 PM,638 root INFO Loss = tensor([67.1831])
10/16/2019 12:28:26 PM,123 root INFO Validation All-nodes accuracy:0.55(best:0.62)
10/16/2019 12:28:26 PM,124 root INFO Validation Root accuracy:0.57(best:0.63)
10/16/2019 12:28:26 PM,124 root INFO F1:[0.6, 0.79](best:0.99 , 0.82)
10/16/2019 12:28:57 PM,86 root INFO Training All-nodes accuracy:0.64(best:0.64)
10/16/2019 12:28:57 PM,87 root INFO Training Root accuracy:0.83(best:0.83)
10/16/2019 12:28:57 PM,87 root INFO Training F1:[0.93, 0.89](best:1.0 , 0.9)
10/16/2019 12:28:57 PM,92 root INFO Epoch: 26
10/16/2019 12:28:58 PM,811 root INFO Loss = tensor([69.6505])
10/16/2019 12:29:12 PM,134 root INFO Loss = tensor([69.0001])
10/16/2019 12:29:27 PM,221 root INFO Loss = tensor([70.0770])
10/16/2019 12:29:41 PM,987 root INFO Loss = tensor([71.2477])
10/16/2019 12:29:55 PM,938 root INFO Loss = tensor([69.9201])
10/16/2019 12:30:09 PM,165 root INFO Loss = tensor([69.2783])
10/16/2019 12:30:22 PM,105 root INFO Loss = tensor([68.1862])
10/16/2019 12:30:37 PM,125 root INFO Loss = tensor([69.9075])
10/16/2019 12:30:56 PM,132 root INFO Loss = tensor([68.8809])
10/16/2019 12:31:16 PM,726 root INFO Loss = tensor([68.9690])
10/16/2019 12:31:34 PM,455 root INFO Loss = tensor([69.6161])
10/16/2019 12:31:48 PM,545 root INFO Loss = tensor([68.8247])
10/16/2019 12:32:02 PM,421 root INFO Loss = tensor([71.0328])
10/16/2019 12:32:16 PM,927 root INFO Loss = tensor([69.3524])
10/16/2019 12:32:30 PM,939 root INFO Loss = tensor([70.2927])
10/16/2019 12:32:45 PM,474 root INFO Loss = tensor([70.6803])
10/16/2019 12:32:59 PM,986 root INFO Loss = tensor([70.8494])
10/16/2019 12:33:13 PM,393 root INFO Loss = tensor([72.8042])
10/16/2019 12:33:19 PM,484 root INFO Validation All-nodes accuracy:0.58(best:0.62)
10/16/2019 12:33:19 PM,485 root INFO Validation Root accuracy:0.61(best:0.63)
10/16/2019 12:33:19 PM,485 root INFO F1:[0.64, 0.81](best:0.99 , 0.82)
10/16/2019 12:33:49 PM,971 root INFO Training All-nodes accuracy:0.64(best:0.64)
10/16/2019 12:33:49 PM,972 root INFO Training Root accuracy:0.84(best:0.84)
10/16/2019 12:33:49 PM,972 root INFO Training F1:[0.93, 0.9](best:1.0 , 0.9)
10/16/2019 12:33:49 PM,976 root INFO Epoch: 27
10/16/2019 12:33:51 PM,860 root INFO Loss = tensor([69.7672])
10/16/2019 12:34:05 PM,964 root INFO Loss = tensor([69.9188])
10/16/2019 12:34:20 PM,437 root INFO Loss = tensor([70.0826])
10/16/2019 12:34:32 PM,993 root INFO Loss = tensor([70.2440])
10/16/2019 12:34:44 PM,763 root INFO Loss = tensor([67.1535])
10/16/2019 12:34:57 PM,381 root INFO Loss = tensor([69.6157])
10/16/2019 12:35:09 PM,973 root INFO Loss = tensor([68.3083])
10/16/2019 12:35:23 PM,893 root INFO Loss = tensor([67.9631])
10/16/2019 12:35:37 PM,193 root INFO Loss = tensor([72.0268])
10/16/2019 12:35:53 PM,179 root INFO Loss = tensor([70.8041])
10/16/2019 12:36:07 PM,605 root INFO Loss = tensor([68.9459])
10/16/2019 12:36:21 PM,865 root INFO Loss = tensor([71.2014])
10/16/2019 12:36:39 PM,29 root INFO Loss = tensor([73.9971])
10/16/2019 12:36:56 PM,817 root INFO Loss = tensor([68.8430])
10/16/2019 12:37:08 PM,769 root INFO Loss = tensor([71.6003])
10/16/2019 12:37:23 PM,567 root INFO Loss = tensor([70.6571])
10/16/2019 12:37:38 PM,611 root INFO Loss = tensor([68.7489])
10/16/2019 12:37:54 PM,292 root INFO Loss = tensor([74.7890])
10/16/2019 12:38:02 PM,114 root INFO Validation All-nodes accuracy:0.53(best:0.62)
10/16/2019 12:38:02 PM,115 root INFO Validation Root accuracy:0.57(best:0.63)
10/16/2019 12:38:02 PM,115 root INFO F1:[0.58, 0.79](best:0.99 , 0.82)
10/16/2019 12:38:35 PM,475 root INFO Training All-nodes accuracy:0.64(best:0.64)
10/16/2019 12:38:35 PM,475 root INFO Training Root accuracy:0.84(best:0.84)
10/16/2019 12:38:35 PM,475 root INFO Training F1:[0.93, 0.9](best:1.0 , 0.9)
10/16/2019 12:38:35 PM,477 root INFO Epoch: 28
10/16/2019 12:38:36 PM,911 root INFO Loss = tensor([70.4548])
10/16/2019 12:38:50 PM,498 root INFO Loss = tensor([72.5151])
10/16/2019 12:39:04 PM,672 root INFO Loss = tensor([70.1295])
10/16/2019 12:39:17 PM,560 root INFO Loss = tensor([74.2088])
10/16/2019 12:39:30 PM,344 root INFO Loss = tensor([67.9521])
10/16/2019 12:39:43 PM,276 root INFO Loss = tensor([70.3733])
10/16/2019 12:39:59 PM,686 root INFO Loss = tensor([71.9443])
10/16/2019 12:40:13 PM,290 root INFO Loss = tensor([71.4389])
10/16/2019 12:40:29 PM,27 root INFO Loss = tensor([71.9512])
10/16/2019 12:40:43 PM,588 root INFO Loss = tensor([72.1806])
10/16/2019 12:41:03 PM,829 root INFO Loss = tensor([70.8012])
10/16/2019 12:41:17 PM,362 root INFO Loss = tensor([73.8183])
10/16/2019 12:41:31 PM,169 root INFO Loss = tensor([71.4639])
10/16/2019 12:41:47 PM,590 root INFO Loss = tensor([69.9644])
10/16/2019 12:42:00 PM,659 root INFO Loss = tensor([69.6473])
10/16/2019 12:42:13 PM,137 root INFO Loss = tensor([69.5917])
10/16/2019 12:42:26 PM,684 root INFO Loss = tensor([71.3415])
10/16/2019 12:42:39 PM,664 root INFO Loss = tensor([71.3237])
10/16/2019 12:42:46 PM,696 root INFO Validation All-nodes accuracy:0.57(best:0.62)
10/16/2019 12:42:46 PM,696 root INFO Validation Root accuracy:0.57(best:0.63)
10/16/2019 12:42:46 PM,696 root INFO F1:[0.59, 0.79](best:0.99 , 0.82)
10/16/2019 12:43:13 PM,132 root INFO Training All-nodes accuracy:0.64(best:0.64)
10/16/2019 12:43:13 PM,132 root INFO Training Root accuracy:0.83(best:0.84)
10/16/2019 12:43:13 PM,133 root INFO Training F1:[0.92, 0.9](best:1.0 , 0.9)
10/16/2019 12:43:13 PM,135 root INFO Epoch: 29
10/16/2019 12:43:14 PM,622 root INFO Loss = tensor([70.5323])
10/16/2019 12:43:27 PM,691 root INFO Loss = tensor([67.9517])
10/16/2019 12:43:39 PM,399 root INFO Loss = tensor([69.2718])
10/16/2019 12:43:51 PM,670 root INFO Loss = tensor([68.0768])
10/16/2019 12:44:03 PM,912 root INFO Loss = tensor([69.2044])
10/16/2019 12:44:17 PM,158 root INFO Loss = tensor([70.6811])
10/16/2019 12:44:29 PM,615 root INFO Loss = tensor([67.4530])
10/16/2019 12:44:39 PM,774 root INFO Loss = tensor([68.4476])
10/16/2019 12:44:50 PM,186 root INFO Loss = tensor([71.8009])
10/16/2019 12:45:03 PM,335 root INFO Loss = tensor([71.4130])
10/16/2019 12:45:17 PM,67 root INFO Loss = tensor([70.4803])
10/16/2019 12:45:29 PM,686 root INFO Loss = tensor([71.7406])
10/16/2019 12:45:42 PM,432 root INFO Loss = tensor([71.8209])
10/16/2019 12:45:55 PM,396 root INFO Loss = tensor([69.0014])
10/16/2019 12:46:08 PM,413 root INFO Loss = tensor([69.5218])
10/16/2019 12:46:21 PM,150 root INFO Loss = tensor([69.8583])
10/16/2019 12:46:33 PM,985 root INFO Loss = tensor([74.5311])
10/16/2019 12:46:46 PM,936 root INFO Loss = tensor([68.4662])
10/16/2019 12:46:52 PM,769 root INFO Validation All-nodes accuracy:0.53(best:0.62)
10/16/2019 12:46:52 PM,769 root INFO Validation Root accuracy:0.56(best:0.63)
10/16/2019 12:46:52 PM,769 root INFO F1:[0.56, 0.78](best:0.99 , 0.82)
10/16/2019 12:50:21 PM,496 root INFO Training All-nodes accuracy:0.64(best:0.64)
10/16/2019 12:50:21 PM,497 root INFO Training Root accuracy:0.85(best:0.85)
10/16/2019 12:50:21 PM,497 root INFO Training F1:[0.93, 0.91](best:1.0 , 0.91)
10/16/2019 12:50:21 PM,500 root INFO Epoch: 30
10/16/2019 12:50:22 PM,720 root INFO Loss = tensor([68.9660])
10/16/2019 12:50:34 PM,530 root INFO Loss = tensor([70.2144])
10/16/2019 12:50:47 PM,898 root INFO Loss = tensor([67.5059])
10/16/2019 12:50:59 PM,754 root INFO Loss = tensor([69.6659])
10/16/2019 12:51:14 PM,926 root INFO Loss = tensor([68.4317])
10/16/2019 12:51:28 PM,252 root INFO Loss = tensor([70.0537])
10/16/2019 12:51:42 PM,916 root INFO Loss = tensor([67.8473])
10/16/2019 12:51:55 PM,896 root INFO Loss = tensor([70.0326])
10/16/2019 12:52:09 PM,582 root INFO Loss = tensor([69.4099])
10/16/2019 12:52:22 PM,865 root INFO Loss = tensor([67.9944])
10/16/2019 12:52:35 PM,917 root INFO Loss = tensor([69.7525])
10/16/2019 12:52:48 PM,584 root INFO Loss = tensor([67.9501])
10/16/2019 12:53:00 PM,616 root INFO Loss = tensor([68.7826])
10/16/2019 12:53:13 PM,924 root INFO Loss = tensor([68.6910])
10/16/2019 12:53:28 PM,916 root INFO Loss = tensor([71.6884])
10/16/2019 12:53:43 PM,669 root INFO Loss = tensor([68.2254])
10/16/2019 12:53:59 PM,581 root INFO Loss = tensor([70.4282])
10/16/2019 12:54:11 PM,780 root INFO Loss = tensor([70.1506])
10/16/2019 12:54:17 PM,396 root INFO Validation All-nodes accuracy:0.57(best:0.62)
10/16/2019 12:54:17 PM,397 root INFO Validation Root accuracy:0.58(best:0.63)
10/16/2019 12:54:17 PM,397 root INFO F1:[0.6, 0.79](best:0.99 , 0.82)
