09/18/2019 01:58:42 AM,493 gensim.utils INFO loading Word2VecKeyedVectors object from /MTP/makeCollections/aadhar_w2v
09/18/2019 01:58:42 AM,699 gensim.utils INFO loading vectors from /MTP/makeCollections/aadhar_w2v.vectors.npy with mmap=None
09/18/2019 01:58:42 AM,886 gensim.utils INFO setting ignored attribute vectors_norm to None
09/18/2019 01:58:42 AM,887 gensim.utils INFO loaded /MTP/makeCollections/aadhar_w2v
09/18/2019 01:58:42 AM,887 gensim.models.utils_any2vec INFO loading projection weights from /MTP/makeCollections/GoogleNews-vectors-negative300.bin
09/18/2019 02:00:29 AM,469 gensim.models.utils_any2vec INFO loaded (3000000, 300) matrix from /MTP/makeCollections/GoogleNews-vectors-negative300.bin
09/18/2019 02:01:05 AM,210 root INFO Start logging
09/18/2019 02:01:06 AM,843 root INFO Epoch: 0
09/18/2019 02:01:08 AM,109 root INFO Loss = tensor([28.0881])
09/18/2019 02:01:12 AM,235 root INFO Validation All-nodes accuracy:0.53(best:0.53)
09/18/2019 02:01:12 AM,235 root INFO Validation Root accuracy:0.46(best:0.46)
09/18/2019 02:01:13 AM,435 root INFO Training All-nodes accuracy:0.5(best:0.5)
09/18/2019 02:01:13 AM,436 root INFO Training Root accuracy:0.5(best:0.5)
09/18/2019 02:01:13 AM,437 root INFO Epoch: 1
09/18/2019 02:01:14 AM,537 root INFO Loss = tensor([28.1332])
09/18/2019 02:01:18 AM,394 root INFO Validation All-nodes accuracy:0.53(best:0.53)
09/18/2019 02:01:18 AM,395 root INFO Validation Root accuracy:0.46(best:0.46)
09/18/2019 02:01:19 AM,561 root INFO Training All-nodes accuracy:0.5(best:0.5)
09/18/2019 02:01:19 AM,561 root INFO Training Root accuracy:0.49(best:0.5)
09/18/2019 02:01:19 AM,562 root INFO Epoch: 2
09/18/2019 02:01:20 AM,636 root INFO Loss = tensor([28.1779])
09/18/2019 02:01:24 AM,582 root INFO Validation All-nodes accuracy:0.53(best:0.53)
09/18/2019 02:01:24 AM,583 root INFO Validation Root accuracy:0.38(best:0.46)
09/18/2019 02:01:25 AM,701 root INFO Training All-nodes accuracy:0.5(best:0.5)
09/18/2019 02:01:25 AM,701 root INFO Training Root accuracy:0.5(best:0.5)
09/18/2019 02:01:25 AM,702 root INFO Epoch: 3
09/18/2019 02:01:26 AM,749 root INFO Loss = tensor([28.1248])
09/18/2019 02:01:30 AM,558 root INFO Validation All-nodes accuracy:0.55(best:0.55)
09/18/2019 02:01:30 AM,559 root INFO Validation Root accuracy:0.54(best:0.54)
09/18/2019 02:01:31 AM,953 root INFO Training All-nodes accuracy:0.51(best:0.51)
09/18/2019 02:01:31 AM,954 root INFO Training Root accuracy:0.49(best:0.5)
09/18/2019 02:01:31 AM,955 root INFO Epoch: 4
09/18/2019 02:01:33 AM,677 root INFO Loss = tensor([28.1164])
09/18/2019 02:01:37 AM,749 root INFO Validation All-nodes accuracy:0.56(best:0.56)
09/18/2019 02:01:37 AM,750 root INFO Validation Root accuracy:0.62(best:0.62)
09/18/2019 02:01:39 AM,97 root INFO Training All-nodes accuracy:0.51(best:0.51)
09/18/2019 02:01:39 AM,97 root INFO Training Root accuracy:0.52(best:0.52)
09/18/2019 02:01:39 AM,99 root INFO Epoch: 5
09/18/2019 02:01:40 AM,423 root INFO Loss = tensor([28.0819])
09/18/2019 02:01:44 AM,221 root INFO Validation All-nodes accuracy:0.55(best:0.56)
09/18/2019 02:01:44 AM,222 root INFO Validation Root accuracy:0.54(best:0.62)
09/18/2019 02:01:45 AM,513 root INFO Training All-nodes accuracy:0.51(best:0.51)
09/18/2019 02:01:45 AM,514 root INFO Training Root accuracy:0.49(best:0.52)
09/18/2019 02:01:45 AM,516 root INFO Epoch: 6
09/18/2019 02:01:46 AM,661 root INFO Loss = tensor([28.1607])
09/18/2019 02:01:49 AM,614 root INFO Validation All-nodes accuracy:0.55(best:0.56)
09/18/2019 02:01:49 AM,616 root INFO Validation Root accuracy:0.62(best:0.62)
09/18/2019 02:01:50 AM,897 root INFO Training All-nodes accuracy:0.51(best:0.51)
09/18/2019 02:01:50 AM,897 root INFO Training Root accuracy:0.5(best:0.52)
09/18/2019 02:01:50 AM,898 root INFO Epoch: 7
09/18/2019 02:01:52 AM,34 root INFO Loss = tensor([28.0522])
09/18/2019 02:01:55 AM,487 root INFO Validation All-nodes accuracy:0.55(best:0.56)
09/18/2019 02:01:55 AM,487 root INFO Validation Root accuracy:0.54(best:0.62)
09/18/2019 02:01:58 AM,117 root INFO Training All-nodes accuracy:0.51(best:0.51)
09/18/2019 02:01:58 AM,118 root INFO Training Root accuracy:0.51(best:0.52)
09/18/2019 02:01:58 AM,120 root INFO Epoch: 8
09/18/2019 02:02:00 AM,29 root INFO Loss = tensor([27.9569])
09/18/2019 02:02:05 AM,358 root INFO Validation All-nodes accuracy:0.56(best:0.56)
09/18/2019 02:02:05 AM,358 root INFO Validation Root accuracy:0.62(best:0.62)
09/18/2019 02:02:07 AM,643 root INFO Training All-nodes accuracy:0.53(best:0.53)
09/18/2019 02:02:07 AM,644 root INFO Training Root accuracy:0.53(best:0.53)
09/18/2019 02:02:07 AM,647 root INFO Epoch: 9
09/18/2019 02:02:09 AM,736 root INFO Loss = tensor([28.0320])
09/18/2019 02:02:14 AM,577 root INFO Validation All-nodes accuracy:0.56(best:0.56)
09/18/2019 02:02:14 AM,579 root INFO Validation Root accuracy:0.69(best:0.69)
09/18/2019 02:02:17 AM,864 root INFO Training All-nodes accuracy:0.54(best:0.54)
09/18/2019 02:02:17 AM,864 root INFO Training Root accuracy:0.57(best:0.57)
09/18/2019 02:02:17 AM,865 root INFO Epoch: 10
09/18/2019 02:02:19 AM,726 root INFO Loss = tensor([28.2604])
09/18/2019 02:02:22 AM,953 root INFO Validation All-nodes accuracy:0.56(best:0.56)
09/18/2019 02:02:22 AM,953 root INFO Validation Root accuracy:0.54(best:0.69)
09/18/2019 02:02:24 AM,127 root INFO Training All-nodes accuracy:0.54(best:0.54)
09/18/2019 02:02:24 AM,128 root INFO Training Root accuracy:0.56(best:0.57)
09/18/2019 02:02:24 AM,129 root INFO Epoch: 11
09/18/2019 02:02:25 AM,134 root INFO Loss = tensor([27.9092])
09/18/2019 02:02:28 AM,195 root INFO Validation All-nodes accuracy:0.56(best:0.56)
09/18/2019 02:02:28 AM,196 root INFO Validation Root accuracy:0.54(best:0.69)
09/18/2019 02:02:29 AM,415 root INFO Training All-nodes accuracy:0.55(best:0.55)
09/18/2019 02:02:29 AM,415 root INFO Training Root accuracy:0.59(best:0.59)
09/18/2019 02:02:29 AM,416 root INFO Epoch: 12
09/18/2019 02:02:30 AM,456 root INFO Loss = tensor([28.0201])
09/18/2019 02:02:33 AM,347 root INFO Validation All-nodes accuracy:0.56(best:0.56)
09/18/2019 02:02:33 AM,348 root INFO Validation Root accuracy:0.62(best:0.69)
09/18/2019 02:02:34 AM,728 root INFO Training All-nodes accuracy:0.56(best:0.56)
09/18/2019 02:02:34 AM,729 root INFO Training Root accuracy:0.62(best:0.62)
09/18/2019 02:02:34 AM,730 root INFO Epoch: 13
09/18/2019 02:02:35 AM,933 root INFO Loss = tensor([27.9717])
09/18/2019 02:02:38 AM,796 root INFO Validation All-nodes accuracy:0.55(best:0.56)
09/18/2019 02:02:38 AM,797 root INFO Validation Root accuracy:0.54(best:0.69)
09/18/2019 02:02:39 AM,913 root INFO Training All-nodes accuracy:0.56(best:0.56)
09/18/2019 02:02:39 AM,913 root INFO Training Root accuracy:0.59(best:0.62)
09/18/2019 02:02:39 AM,914 root INFO Epoch: 14
09/18/2019 02:02:40 AM,938 root INFO Loss = tensor([27.9904])
09/18/2019 02:02:44 AM,118 root INFO Validation All-nodes accuracy:0.56(best:0.56)
09/18/2019 02:02:44 AM,119 root INFO Validation Root accuracy:0.54(best:0.69)
09/18/2019 02:02:45 AM,597 root INFO Training All-nodes accuracy:0.57(best:0.57)
09/18/2019 02:02:45 AM,598 root INFO Training Root accuracy:0.6(best:0.62)
09/18/2019 02:02:45 AM,599 root INFO Epoch: 15
09/18/2019 02:02:46 AM,848 root INFO Loss = tensor([27.9622])
09/18/2019 02:02:49 AM,736 root INFO Validation All-nodes accuracy:0.56(best:0.56)
09/18/2019 02:02:49 AM,738 root INFO Validation Root accuracy:0.54(best:0.69)
09/18/2019 02:02:50 AM,871 root INFO Training All-nodes accuracy:0.57(best:0.57)
09/18/2019 02:02:50 AM,872 root INFO Training Root accuracy:0.6(best:0.62)
09/18/2019 02:02:50 AM,873 root INFO Epoch: 16
09/18/2019 02:02:51 AM,943 root INFO Loss = tensor([27.8354])
09/18/2019 02:02:54 AM,724 root INFO Validation All-nodes accuracy:0.58(best:0.58)
09/18/2019 02:02:54 AM,724 root INFO Validation Root accuracy:0.62(best:0.69)
09/18/2019 02:02:55 AM,863 root INFO Training All-nodes accuracy:0.58(best:0.58)
09/18/2019 02:02:55 AM,863 root INFO Training Root accuracy:0.61(best:0.62)
09/18/2019 02:02:55 AM,865 root INFO Epoch: 17
09/18/2019 02:02:56 AM,948 root INFO Loss = tensor([27.7753])
09/18/2019 02:02:59 AM,756 root INFO Validation All-nodes accuracy:0.56(best:0.58)
09/18/2019 02:02:59 AM,757 root INFO Validation Root accuracy:0.54(best:0.69)
09/18/2019 02:03:00 AM,946 root INFO Training All-nodes accuracy:0.59(best:0.59)
09/18/2019 02:03:00 AM,947 root INFO Training Root accuracy:0.65(best:0.65)
09/18/2019 02:03:00 AM,948 root INFO Epoch: 18
09/18/2019 02:03:01 AM,993 root INFO Loss = tensor([27.8495])
09/18/2019 02:03:05 AM,354 root INFO Validation All-nodes accuracy:0.55(best:0.58)
09/18/2019 02:03:05 AM,355 root INFO Validation Root accuracy:0.54(best:0.69)
09/18/2019 02:03:07 AM,129 root INFO Training All-nodes accuracy:0.59(best:0.59)
09/18/2019 02:03:07 AM,130 root INFO Training Root accuracy:0.67(best:0.67)
09/18/2019 02:03:07 AM,131 root INFO Epoch: 19
09/18/2019 02:03:08 AM,705 root INFO Loss = tensor([27.8265])
09/18/2019 02:03:12 AM,746 root INFO Validation All-nodes accuracy:0.53(best:0.58)
09/18/2019 02:03:12 AM,746 root INFO Validation Root accuracy:0.54(best:0.69)
09/18/2019 02:03:14 AM,125 root INFO Training All-nodes accuracy:0.61(best:0.61)
09/18/2019 02:03:14 AM,126 root INFO Training Root accuracy:0.73(best:0.73)
09/18/2019 02:03:14 AM,127 root INFO Epoch: 20
09/18/2019 02:03:15 AM,392 root INFO Loss = tensor([27.5881])
09/18/2019 02:03:18 AM,398 root INFO Validation All-nodes accuracy:0.55(best:0.58)
09/18/2019 02:03:18 AM,398 root INFO Validation Root accuracy:0.62(best:0.69)
09/18/2019 02:03:19 AM,580 root INFO Training All-nodes accuracy:0.61(best:0.61)
09/18/2019 02:03:19 AM,580 root INFO Training Root accuracy:0.74(best:0.74)
09/18/2019 02:03:19 AM,581 root INFO Epoch: 21
09/18/2019 02:03:20 AM,658 root INFO Loss = tensor([27.4251])
09/18/2019 02:03:23 AM,938 root INFO Validation All-nodes accuracy:0.51(best:0.58)
09/18/2019 02:03:23 AM,940 root INFO Validation Root accuracy:0.38(best:0.69)
09/18/2019 02:03:25 AM,277 root INFO Training All-nodes accuracy:0.62(best:0.62)
09/18/2019 02:03:25 AM,277 root INFO Training Root accuracy:0.79(best:0.79)
09/18/2019 02:03:25 AM,278 root INFO Epoch: 22
09/18/2019 02:03:26 AM,378 root INFO Loss = tensor([27.1767])
09/18/2019 02:03:29 AM,534 root INFO Validation All-nodes accuracy:0.57(best:0.58)
09/18/2019 02:03:29 AM,535 root INFO Validation Root accuracy:0.62(best:0.69)
09/18/2019 02:03:30 AM,731 root INFO Training All-nodes accuracy:0.6(best:0.62)
09/18/2019 02:03:30 AM,731 root INFO Training Root accuracy:0.66(best:0.79)
09/18/2019 02:03:30 AM,732 root INFO Epoch: 23
09/18/2019 02:03:31 AM,789 root INFO Loss = tensor([27.2904])
09/18/2019 02:03:34 AM,756 root INFO Validation All-nodes accuracy:0.5(best:0.58)
09/18/2019 02:03:34 AM,756 root INFO Validation Root accuracy:0.38(best:0.69)
09/18/2019 02:03:36 AM,288 root INFO Training All-nodes accuracy:0.63(best:0.63)
09/18/2019 02:03:36 AM,289 root INFO Training Root accuracy:0.78(best:0.79)
09/18/2019 02:03:36 AM,290 root INFO Epoch: 24
09/18/2019 02:03:37 AM,459 root INFO Loss = tensor([26.7657])
09/18/2019 02:03:40 AM,974 root INFO Validation All-nodes accuracy:0.53(best:0.58)
09/18/2019 02:03:40 AM,974 root INFO Validation Root accuracy:0.38(best:0.69)
09/18/2019 02:03:42 AM,387 root INFO Training All-nodes accuracy:0.63(best:0.63)
09/18/2019 02:03:42 AM,388 root INFO Training Root accuracy:0.77(best:0.79)
09/18/2019 02:03:42 AM,389 root INFO Epoch: 25
09/18/2019 02:03:43 AM,636 root INFO Loss = tensor([26.6287])
09/18/2019 02:03:46 AM,970 root INFO Validation All-nodes accuracy:0.53(best:0.58)
09/18/2019 02:03:46 AM,971 root INFO Validation Root accuracy:0.46(best:0.69)
09/18/2019 02:03:48 AM,490 root INFO Training All-nodes accuracy:0.63(best:0.63)
09/18/2019 02:03:48 AM,491 root INFO Training Root accuracy:0.73(best:0.79)
09/18/2019 02:03:48 AM,492 root INFO Epoch: 26
09/18/2019 02:03:49 AM,739 root INFO Loss = tensor([26.8362])
09/18/2019 02:03:52 AM,977 root INFO Validation All-nodes accuracy:0.54(best:0.58)
09/18/2019 02:03:52 AM,977 root INFO Validation Root accuracy:0.46(best:0.69)
09/18/2019 02:03:54 AM,422 root INFO Training All-nodes accuracy:0.65(best:0.65)
09/18/2019 02:03:54 AM,423 root INFO Training Root accuracy:0.8(best:0.8)
09/18/2019 02:03:54 AM,424 root INFO Epoch: 27
09/18/2019 02:03:55 AM,569 root INFO Loss = tensor([26.2736])
09/18/2019 02:03:58 AM,672 root INFO Validation All-nodes accuracy:0.58(best:0.58)
09/18/2019 02:03:58 AM,672 root INFO Validation Root accuracy:0.69(best:0.69)
09/18/2019 02:04:00 AM,917 root INFO Training All-nodes accuracy:0.61(best:0.65)
09/18/2019 02:04:00 AM,919 root INFO Training Root accuracy:0.65(best:0.8)
09/18/2019 02:04:00 AM,920 root INFO Epoch: 28
09/18/2019 02:04:02 AM,386 root INFO Loss = tensor([26.9679])
09/18/2019 02:04:05 AM,416 root INFO Validation All-nodes accuracy:0.56(best:0.58)
09/18/2019 02:04:05 AM,416 root INFO Validation Root accuracy:0.54(best:0.69)
09/18/2019 02:04:07 AM,172 root INFO Training All-nodes accuracy:0.63(best:0.65)
09/18/2019 02:04:07 AM,174 root INFO Training Root accuracy:0.74(best:0.8)
09/18/2019 02:04:07 AM,175 root INFO Epoch: 29
09/18/2019 02:04:09 AM,124 root INFO Loss = tensor([26.3852])
09/18/2019 02:04:12 AM,204 root INFO Validation All-nodes accuracy:0.52(best:0.58)
09/18/2019 02:04:12 AM,205 root INFO Validation Root accuracy:0.38(best:0.69)
09/18/2019 02:04:13 AM,455 root INFO Training All-nodes accuracy:0.65(best:0.65)
09/18/2019 02:04:13 AM,456 root INFO Training Root accuracy:0.79(best:0.8)
09/18/2019 02:04:13 AM,456 root INFO Epoch: 30
09/18/2019 02:04:14 AM,546 root INFO Loss = tensor([25.9604])
09/18/2019 02:04:17 AM,639 root INFO Validation All-nodes accuracy:0.52(best:0.58)
09/18/2019 02:04:17 AM,639 root INFO Validation Root accuracy:0.38(best:0.69)
09/18/2019 02:04:18 AM,948 root INFO Training All-nodes accuracy:0.65(best:0.65)
09/18/2019 02:04:18 AM,949 root INFO Training Root accuracy:0.8(best:0.8)
09/18/2019 02:04:18 AM,950 root INFO Epoch: 31
09/18/2019 02:04:20 AM,214 root INFO Loss = tensor([25.8458])
09/18/2019 02:04:23 AM,985 root INFO Validation All-nodes accuracy:0.55(best:0.58)
09/18/2019 02:04:23 AM,987 root INFO Validation Root accuracy:0.46(best:0.69)
09/18/2019 02:04:25 AM,399 root INFO Training All-nodes accuracy:0.66(best:0.66)
09/18/2019 02:04:25 AM,400 root INFO Training Root accuracy:0.8(best:0.8)
09/18/2019 02:04:25 AM,402 root INFO Epoch: 32
09/18/2019 02:04:26 AM,806 root INFO Loss = tensor([25.6670])
09/18/2019 02:04:29 AM,874 root INFO Validation All-nodes accuracy:0.55(best:0.58)
09/18/2019 02:04:29 AM,874 root INFO Validation Root accuracy:0.46(best:0.69)
09/18/2019 02:04:31 AM,159 root INFO Training All-nodes accuracy:0.67(best:0.67)
09/18/2019 02:04:31 AM,159 root INFO Training Root accuracy:0.82(best:0.82)
09/18/2019 02:04:31 AM,161 root INFO Epoch: 33
09/18/2019 02:04:32 AM,356 root INFO Loss = tensor([25.3915])
09/18/2019 02:04:35 AM,592 root INFO Validation All-nodes accuracy:0.53(best:0.58)
09/18/2019 02:04:35 AM,592 root INFO Validation Root accuracy:0.38(best:0.69)
09/18/2019 02:04:37 AM,206 root INFO Training All-nodes accuracy:0.66(best:0.67)
09/18/2019 02:04:37 AM,206 root INFO Training Root accuracy:0.82(best:0.82)
09/18/2019 02:04:37 AM,207 root INFO Epoch: 34
09/18/2019 02:04:38 AM,817 root INFO Loss = tensor([25.5302])
09/18/2019 02:04:42 AM,387 root INFO Validation All-nodes accuracy:0.53(best:0.58)
09/18/2019 02:04:42 AM,388 root INFO Validation Root accuracy:0.38(best:0.69)
09/18/2019 02:04:43 AM,729 root INFO Training All-nodes accuracy:0.67(best:0.67)
09/18/2019 02:04:43 AM,729 root INFO Training Root accuracy:0.83(best:0.83)
09/18/2019 02:04:43 AM,730 root INFO Epoch: 35
09/18/2019 02:04:45 AM,40 root INFO Loss = tensor([25.2434])
09/18/2019 02:04:48 AM,602 root INFO Validation All-nodes accuracy:0.56(best:0.58)
09/18/2019 02:04:48 AM,604 root INFO Validation Root accuracy:0.46(best:0.69)
09/18/2019 02:04:49 AM,847 root INFO Training All-nodes accuracy:0.68(best:0.68)
09/18/2019 02:04:49 AM,850 root INFO Training Root accuracy:0.88(best:0.88)
09/18/2019 02:04:49 AM,851 root INFO Epoch: 36
09/18/2019 02:04:50 AM,900 root INFO Loss = tensor([24.7846])
09/18/2019 02:04:53 AM,813 root INFO Validation All-nodes accuracy:0.57(best:0.58)
09/18/2019 02:04:53 AM,815 root INFO Validation Root accuracy:0.54(best:0.69)
09/18/2019 02:04:55 AM,90 root INFO Training All-nodes accuracy:0.69(best:0.69)
09/18/2019 02:04:55 AM,91 root INFO Training Root accuracy:0.89(best:0.89)
09/18/2019 02:04:55 AM,93 root INFO Epoch: 37
09/18/2019 02:04:56 AM,151 root INFO Loss = tensor([24.4461])
09/18/2019 02:04:58 AM,976 root INFO Validation All-nodes accuracy:0.52(best:0.58)
09/18/2019 02:04:58 AM,977 root INFO Validation Root accuracy:0.38(best:0.69)
09/18/2019 02:05:00 AM,245 root INFO Training All-nodes accuracy:0.68(best:0.69)
09/18/2019 02:05:00 AM,246 root INFO Training Root accuracy:0.87(best:0.89)
09/18/2019 02:05:00 AM,246 root INFO Epoch: 38
09/18/2019 02:05:01 AM,358 root INFO Loss = tensor([24.5744])
09/18/2019 02:05:04 AM,252 root INFO Validation All-nodes accuracy:0.5(best:0.58)
09/18/2019 02:05:04 AM,252 root INFO Validation Root accuracy:0.31(best:0.69)
09/18/2019 02:05:05 AM,528 root INFO Training All-nodes accuracy:0.69(best:0.69)
09/18/2019 02:05:05 AM,529 root INFO Training Root accuracy:0.88(best:0.89)
09/18/2019 02:05:05 AM,529 root INFO Epoch: 39
09/18/2019 02:05:06 AM,649 root INFO Loss = tensor([24.4365])
09/18/2019 02:05:10 AM,52 root INFO Validation All-nodes accuracy:0.57(best:0.58)
09/18/2019 02:05:10 AM,53 root INFO Validation Root accuracy:0.54(best:0.69)
09/18/2019 02:05:11 AM,586 root INFO Training All-nodes accuracy:0.7(best:0.7)
09/18/2019 02:05:11 AM,587 root INFO Training Root accuracy:0.9(best:0.9)
09/18/2019 02:05:11 AM,588 root INFO Epoch: 40
09/18/2019 02:05:12 AM,694 root INFO Loss = tensor([24.1016])
09/18/2019 02:05:15 AM,570 root INFO Validation All-nodes accuracy:0.57(best:0.58)
09/18/2019 02:05:15 AM,570 root INFO Validation Root accuracy:0.54(best:0.69)
09/18/2019 02:05:16 AM,711 root INFO Training All-nodes accuracy:0.7(best:0.7)
09/18/2019 02:05:16 AM,711 root INFO Training Root accuracy:0.92(best:0.92)
09/18/2019 02:05:16 AM,712 root INFO Epoch: 41
09/18/2019 02:05:18 AM,253 root INFO Loss = tensor([23.8368])
09/18/2019 02:05:21 AM,778 root INFO Validation All-nodes accuracy:0.49(best:0.58)
09/18/2019 02:05:21 AM,779 root INFO Validation Root accuracy:0.31(best:0.69)
09/18/2019 02:05:23 AM,537 root INFO Training All-nodes accuracy:0.7(best:0.7)
09/18/2019 02:05:23 AM,538 root INFO Training Root accuracy:0.9(best:0.92)
09/18/2019 02:05:23 AM,539 root INFO Epoch: 42
09/18/2019 02:05:24 AM,854 root INFO Loss = tensor([23.8615])
09/18/2019 02:05:28 AM,290 root INFO Validation All-nodes accuracy:0.49(best:0.58)
09/18/2019 02:05:28 AM,290 root INFO Validation Root accuracy:0.31(best:0.69)
09/18/2019 02:05:29 AM,722 root INFO Training All-nodes accuracy:0.7(best:0.7)
09/18/2019 02:05:29 AM,723 root INFO Training Root accuracy:0.93(best:0.93)
09/18/2019 02:05:29 AM,724 root INFO Epoch: 43
09/18/2019 02:05:30 AM,819 root INFO Loss = tensor([23.5585])
09/18/2019 02:05:33 AM,717 root INFO Validation All-nodes accuracy:0.54(best:0.58)
09/18/2019 02:05:33 AM,719 root INFO Validation Root accuracy:0.46(best:0.69)
09/18/2019 02:05:35 AM,120 root INFO Training All-nodes accuracy:0.71(best:0.71)
09/18/2019 02:05:35 AM,120 root INFO Training Root accuracy:0.93(best:0.93)
09/18/2019 02:05:35 AM,121 root INFO Epoch: 44
09/18/2019 02:05:36 AM,376 root INFO Loss = tensor([23.2619])
09/18/2019 02:05:39 AM,296 root INFO Validation All-nodes accuracy:0.56(best:0.58)
09/18/2019 02:05:39 AM,296 root INFO Validation Root accuracy:0.54(best:0.69)
09/18/2019 02:05:41 AM,339 root INFO Training All-nodes accuracy:0.71(best:0.71)
09/18/2019 02:05:41 AM,342 root INFO Training Root accuracy:0.92(best:0.93)
09/18/2019 02:05:41 AM,343 root INFO Epoch: 45
09/18/2019 02:05:42 AM,889 root INFO Loss = tensor([23.3291])
09/18/2019 02:05:46 AM,555 root INFO Validation All-nodes accuracy:0.52(best:0.58)
09/18/2019 02:05:46 AM,556 root INFO Validation Root accuracy:0.31(best:0.69)
09/18/2019 02:05:48 AM,406 root INFO Training All-nodes accuracy:0.72(best:0.72)
09/18/2019 02:05:48 AM,407 root INFO Training Root accuracy:0.97(best:0.97)
09/18/2019 02:05:48 AM,408 root INFO Epoch: 46
09/18/2019 02:05:49 AM,752 root INFO Loss = tensor([22.8239])
09/18/2019 02:05:52 AM,722 root INFO Validation All-nodes accuracy:0.5(best:0.58)
09/18/2019 02:05:52 AM,723 root INFO Validation Root accuracy:0.31(best:0.69)
09/18/2019 02:05:53 AM,945 root INFO Training All-nodes accuracy:0.71(best:0.72)
09/18/2019 02:05:53 AM,945 root INFO Training Root accuracy:0.96(best:0.97)
09/18/2019 02:05:53 AM,946 root INFO Epoch: 47
09/18/2019 02:05:54 AM,952 root INFO Loss = tensor([22.9186])
09/18/2019 02:05:57 AM,773 root INFO Validation All-nodes accuracy:0.48(best:0.58)
09/18/2019 02:05:57 AM,773 root INFO Validation Root accuracy:0.23(best:0.69)
09/18/2019 02:05:58 AM,902 root INFO Training All-nodes accuracy:0.72(best:0.72)
09/18/2019 02:05:58 AM,903 root INFO Training Root accuracy:0.98(best:0.98)
09/18/2019 02:05:58 AM,904 root INFO Epoch: 48
09/18/2019 02:05:59 AM,901 root INFO Loss = tensor([22.4370])
09/18/2019 02:06:02 AM,651 root INFO Validation All-nodes accuracy:0.48(best:0.58)
09/18/2019 02:06:02 AM,651 root INFO Validation Root accuracy:0.23(best:0.69)
09/18/2019 02:06:03 AM,845 root INFO Training All-nodes accuracy:0.72(best:0.72)
09/18/2019 02:06:03 AM,845 root INFO Training Root accuracy:0.98(best:0.98)
09/18/2019 02:06:03 AM,846 root INFO Epoch: 49
09/18/2019 02:06:04 AM,863 root INFO Loss = tensor([22.3848])
09/18/2019 02:06:07 AM,602 root INFO Validation All-nodes accuracy:0.52(best:0.58)
09/18/2019 02:06:07 AM,603 root INFO Validation Root accuracy:0.38(best:0.69)
09/18/2019 02:06:08 AM,781 root INFO Training All-nodes accuracy:0.73(best:0.73)
09/18/2019 02:06:08 AM,782 root INFO Training Root accuracy:0.98(best:0.98)
09/18/2019 02:06:08 AM,782 root INFO Epoch: 50
09/18/2019 02:06:09 AM,804 root INFO Loss = tensor([22.2155])
09/18/2019 02:06:12 AM,626 root INFO Validation All-nodes accuracy:0.54(best:0.58)
09/18/2019 02:06:12 AM,626 root INFO Validation Root accuracy:0.38(best:0.69)
09/18/2019 02:06:13 AM,810 root INFO Training All-nodes accuracy:0.73(best:0.73)
09/18/2019 02:06:13 AM,811 root INFO Training Root accuracy:0.98(best:0.98)
09/18/2019 02:06:13 AM,812 root INFO Epoch: 51
09/18/2019 02:06:14 AM,853 root INFO Loss = tensor([21.9081])
09/18/2019 02:06:17 AM,848 root INFO Validation All-nodes accuracy:0.52(best:0.58)
09/18/2019 02:06:17 AM,848 root INFO Validation Root accuracy:0.31(best:0.69)
09/18/2019 02:06:19 AM,33 root INFO Training All-nodes accuracy:0.73(best:0.73)
09/18/2019 02:06:19 AM,34 root INFO Training Root accuracy:0.98(best:0.98)
09/18/2019 02:06:19 AM,35 root INFO Epoch: 52
09/18/2019 02:06:20 AM,108 root INFO Loss = tensor([21.7007])
09/18/2019 02:06:22 AM,793 root INFO Validation All-nodes accuracy:0.55(best:0.58)
09/18/2019 02:06:22 AM,794 root INFO Validation Root accuracy:0.38(best:0.69)
09/18/2019 02:06:23 AM,899 root INFO Training All-nodes accuracy:0.73(best:0.73)
09/18/2019 02:06:23 AM,899 root INFO Training Root accuracy:0.98(best:0.98)
09/18/2019 02:06:23 AM,899 root INFO Epoch: 53
09/18/2019 02:06:24 AM,940 root INFO Loss = tensor([21.5192])
09/18/2019 02:06:27 AM,918 root INFO Validation All-nodes accuracy:0.53(best:0.58)
09/18/2019 02:06:27 AM,918 root INFO Validation Root accuracy:0.31(best:0.69)
09/18/2019 02:06:29 AM,257 root INFO Training All-nodes accuracy:0.74(best:0.74)
09/18/2019 02:06:29 AM,258 root INFO Training Root accuracy:0.99(best:0.99)
09/18/2019 02:06:29 AM,259 root INFO Epoch: 54
09/18/2019 02:06:30 AM,311 root INFO Loss = tensor([21.2573])
09/18/2019 02:06:33 AM,30 root INFO Validation All-nodes accuracy:0.54(best:0.58)
09/18/2019 02:06:33 AM,31 root INFO Validation Root accuracy:0.38(best:0.69)
09/18/2019 02:06:34 AM,238 root INFO Training All-nodes accuracy:0.74(best:0.74)
09/18/2019 02:06:34 AM,239 root INFO Training Root accuracy:0.98(best:0.99)
09/18/2019 02:06:34 AM,240 root INFO Epoch: 55
09/18/2019 02:06:35 AM,272 root INFO Loss = tensor([21.3352])
09/18/2019 02:06:37 AM,991 root INFO Validation All-nodes accuracy:0.55(best:0.58)
09/18/2019 02:06:37 AM,992 root INFO Validation Root accuracy:0.38(best:0.69)
09/18/2019 02:06:39 AM,153 root INFO Training All-nodes accuracy:0.74(best:0.74)
09/18/2019 02:06:39 AM,154 root INFO Training Root accuracy:0.99(best:0.99)
09/18/2019 02:06:39 AM,157 root INFO Epoch: 56
09/18/2019 02:06:40 AM,140 root INFO Loss = tensor([21.0957])
09/18/2019 02:06:43 AM,355 root INFO Validation All-nodes accuracy:0.56(best:0.58)
09/18/2019 02:06:43 AM,356 root INFO Validation Root accuracy:0.46(best:0.69)
09/18/2019 02:06:44 AM,837 root INFO Training All-nodes accuracy:0.74(best:0.74)
09/18/2019 02:06:44 AM,838 root INFO Training Root accuracy:0.98(best:0.99)
09/18/2019 02:06:44 AM,838 root INFO Epoch: 57
09/18/2019 02:06:46 AM,127 root INFO Loss = tensor([20.9682])
09/18/2019 02:06:50 AM,182 root INFO Validation All-nodes accuracy:0.58(best:0.58)
09/18/2019 02:06:50 AM,183 root INFO Validation Root accuracy:0.54(best:0.69)
09/18/2019 02:06:51 AM,553 root INFO Training All-nodes accuracy:0.74(best:0.74)
09/18/2019 02:06:51 AM,553 root INFO Training Root accuracy:0.98(best:0.99)
09/18/2019 02:06:51 AM,554 root INFO Epoch: 58
09/18/2019 02:06:52 AM,601 root INFO Loss = tensor([20.7861])
09/18/2019 02:06:55 AM,520 root INFO Validation All-nodes accuracy:0.55(best:0.58)
09/18/2019 02:06:55 AM,521 root INFO Validation Root accuracy:0.38(best:0.69)
09/18/2019 02:06:57 AM,70 root INFO Training All-nodes accuracy:0.74(best:0.74)
09/18/2019 02:06:57 AM,71 root INFO Training Root accuracy:0.99(best:0.99)
09/18/2019 02:06:57 AM,73 root INFO Epoch: 59
09/18/2019 02:06:58 AM,337 root INFO Loss = tensor([21.1261])
09/18/2019 02:07:01 AM,887 root INFO Validation All-nodes accuracy:0.56(best:0.58)
09/18/2019 02:07:01 AM,887 root INFO Validation Root accuracy:0.46(best:0.69)
09/18/2019 02:07:03 AM,470 root INFO Training All-nodes accuracy:0.75(best:0.75)
09/18/2019 02:07:03 AM,470 root INFO Training Root accuracy:1.0(best:1.0)
09/18/2019 02:07:03 AM,471 root INFO Epoch: 60
09/18/2019 02:07:04 AM,532 root INFO Loss = tensor([20.5078])
09/18/2019 02:07:07 AM,438 root INFO Validation All-nodes accuracy:0.57(best:0.58)
09/18/2019 02:07:07 AM,439 root INFO Validation Root accuracy:0.62(best:0.69)
09/18/2019 02:07:08 AM,768 root INFO Training All-nodes accuracy:0.74(best:0.75)
09/18/2019 02:07:08 AM,769 root INFO Training Root accuracy:0.98(best:1.0)
09/18/2019 02:07:08 AM,772 root INFO Epoch: 61
09/18/2019 02:07:09 AM,961 root INFO Loss = tensor([21.0249])
09/18/2019 02:07:13 AM,539 root INFO Validation All-nodes accuracy:0.59(best:0.59)
09/18/2019 02:07:13 AM,541 root INFO Validation Root accuracy:0.69(best:0.69)
09/18/2019 02:07:14 AM,843 root INFO Training All-nodes accuracy:0.74(best:0.75)
09/18/2019 02:07:14 AM,844 root INFO Training Root accuracy:0.98(best:1.0)
09/18/2019 02:07:14 AM,845 root INFO Epoch: 62
09/18/2019 02:07:16 AM,467 root INFO Loss = tensor([21.1083])
09/18/2019 02:07:20 AM,134 root INFO Validation All-nodes accuracy:0.59(best:0.59)
09/18/2019 02:07:20 AM,135 root INFO Validation Root accuracy:0.54(best:0.69)
09/18/2019 02:07:21 AM,477 root INFO Training All-nodes accuracy:0.75(best:0.75)
09/18/2019 02:07:21 AM,477 root INFO Training Root accuracy:1.0(best:1.0)
09/18/2019 02:07:21 AM,478 root INFO Epoch: 63
09/18/2019 02:07:22 AM,581 root INFO Loss = tensor([20.2594])
09/18/2019 02:07:25 AM,620 root INFO Validation All-nodes accuracy:0.55(best:0.59)
09/18/2019 02:07:25 AM,620 root INFO Validation Root accuracy:0.38(best:0.69)
09/18/2019 02:07:26 AM,831 root INFO Training All-nodes accuracy:0.73(best:0.75)
09/18/2019 02:07:26 AM,831 root INFO Training Root accuracy:0.96(best:1.0)
09/18/2019 02:07:26 AM,832 root INFO Epoch: 64
09/18/2019 02:07:28 AM,96 root INFO Loss = tensor([21.4922])
09/18/2019 02:07:31 AM,111 root INFO Validation All-nodes accuracy:0.53(best:0.59)
09/18/2019 02:07:31 AM,112 root INFO Validation Root accuracy:0.38(best:0.69)
09/18/2019 02:07:32 AM,669 root INFO Training All-nodes accuracy:0.71(best:0.75)
09/18/2019 02:07:32 AM,671 root INFO Training Root accuracy:0.89(best:1.0)
09/18/2019 02:07:32 AM,672 root INFO Epoch: 65
09/18/2019 02:07:33 AM,937 root INFO Loss = tensor([24.1078])
09/18/2019 02:07:37 AM,50 root INFO Validation All-nodes accuracy:0.56(best:0.59)
09/18/2019 02:07:37 AM,51 root INFO Validation Root accuracy:0.46(best:0.69)
09/18/2019 02:07:38 AM,375 root INFO Training All-nodes accuracy:0.74(best:0.75)
09/18/2019 02:07:38 AM,375 root INFO Training Root accuracy:0.98(best:1.0)
09/18/2019 02:07:38 AM,376 root INFO Epoch: 66
09/18/2019 02:07:39 AM,573 root INFO Loss = tensor([20.8488])
09/18/2019 02:07:42 AM,987 root INFO Validation All-nodes accuracy:0.57(best:0.59)
09/18/2019 02:07:42 AM,989 root INFO Validation Root accuracy:0.62(best:0.69)
09/18/2019 02:07:45 AM,13 root INFO Training All-nodes accuracy:0.75(best:0.75)
09/18/2019 02:07:45 AM,13 root INFO Training Root accuracy:1.0(best:1.0)
09/18/2019 02:07:45 AM,14 root INFO Epoch: 67
09/18/2019 02:07:46 AM,708 root INFO Loss = tensor([20.2507])
09/18/2019 02:07:50 AM,168 root INFO Validation All-nodes accuracy:0.58(best:0.59)
09/18/2019 02:07:50 AM,168 root INFO Validation Root accuracy:0.62(best:0.69)
09/18/2019 02:07:51 AM,784 root INFO Training All-nodes accuracy:0.75(best:0.75)
09/18/2019 02:07:51 AM,785 root INFO Training Root accuracy:1.0(best:1.0)
09/18/2019 02:07:51 AM,786 root INFO Epoch: 68
09/18/2019 02:07:53 AM,31 root INFO Loss = tensor([20.1219])
09/18/2019 02:07:56 AM,766 root INFO Validation All-nodes accuracy:0.59(best:0.59)
09/18/2019 02:07:56 AM,766 root INFO Validation Root accuracy:0.54(best:0.69)
09/18/2019 02:07:58 AM,496 root INFO Training All-nodes accuracy:0.75(best:0.75)
09/18/2019 02:07:58 AM,497 root INFO Training Root accuracy:1.0(best:1.0)
09/18/2019 02:07:58 AM,498 root INFO Epoch: 69
09/18/2019 02:07:59 AM,677 root INFO Loss = tensor([20.0114])
09/18/2019 02:08:02 AM,608 root INFO Validation All-nodes accuracy:0.59(best:0.59)
09/18/2019 02:08:02 AM,608 root INFO Validation Root accuracy:0.54(best:0.69)
09/18/2019 02:08:03 AM,819 root INFO Training All-nodes accuracy:0.75(best:0.75)
09/18/2019 02:08:03 AM,819 root INFO Training Root accuracy:1.0(best:1.0)
09/18/2019 02:08:03 AM,820 root INFO Epoch: 70
09/18/2019 02:08:04 AM,844 root INFO Loss = tensor([20.0522])
09/18/2019 02:08:07 AM,695 root INFO Validation All-nodes accuracy:0.59(best:0.59)
09/18/2019 02:08:07 AM,696 root INFO Validation Root accuracy:0.54(best:0.69)
09/18/2019 02:08:09 AM,63 root INFO Training All-nodes accuracy:0.75(best:0.75)
09/18/2019 02:08:09 AM,64 root INFO Training Root accuracy:1.0(best:1.0)
09/18/2019 02:08:09 AM,65 root INFO Epoch: 71
09/18/2019 02:08:10 AM,125 root INFO Loss = tensor([19.9567])
09/18/2019 02:08:12 AM,920 root INFO Validation All-nodes accuracy:0.59(best:0.59)
09/18/2019 02:08:12 AM,922 root INFO Validation Root accuracy:0.69(best:0.69)
09/18/2019 02:08:14 AM,196 root INFO Training All-nodes accuracy:0.75(best:0.75)
09/18/2019 02:08:14 AM,197 root INFO Training Root accuracy:1.0(best:1.0)
09/18/2019 02:08:14 AM,198 root INFO Epoch: 72
09/18/2019 02:08:15 AM,348 root INFO Loss = tensor([19.9413])
09/18/2019 02:08:18 AM,348 root INFO Validation All-nodes accuracy:0.59(best:0.59)
09/18/2019 02:08:18 AM,349 root INFO Validation Root accuracy:0.69(best:0.69)
09/18/2019 02:08:19 AM,849 root INFO Training All-nodes accuracy:0.75(best:0.75)
09/18/2019 02:08:19 AM,850 root INFO Training Root accuracy:1.0(best:1.0)
09/18/2019 02:08:19 AM,851 root INFO Epoch: 73
09/18/2019 02:08:21 AM,246 root INFO Loss = tensor([20.0094])
09/18/2019 02:08:24 AM,267 root INFO Validation All-nodes accuracy:0.57(best:0.59)
09/18/2019 02:08:24 AM,267 root INFO Validation Root accuracy:0.54(best:0.69)
09/18/2019 02:08:25 AM,472 root INFO Training All-nodes accuracy:0.75(best:0.75)
09/18/2019 02:08:25 AM,472 root INFO Training Root accuracy:1.0(best:1.0)
09/18/2019 02:08:25 AM,473 root INFO Epoch: 74
09/18/2019 02:08:26 AM,526 root INFO Loss = tensor([19.7512])
09/18/2019 02:08:29 AM,300 root INFO Validation All-nodes accuracy:0.56(best:0.59)
09/18/2019 02:08:29 AM,301 root INFO Validation Root accuracy:0.46(best:0.69)
09/18/2019 02:08:30 AM,450 root INFO Training All-nodes accuracy:0.74(best:0.75)
09/18/2019 02:08:30 AM,450 root INFO Training Root accuracy:0.98(best:1.0)
09/18/2019 02:08:30 AM,451 root INFO Epoch: 75
09/18/2019 02:08:31 AM,491 root INFO Loss = tensor([20.5635])
09/18/2019 02:08:34 AM,216 root INFO Validation All-nodes accuracy:0.55(best:0.59)
09/18/2019 02:08:34 AM,217 root INFO Validation Root accuracy:0.46(best:0.69)
09/18/2019 02:08:35 AM,367 root INFO Training All-nodes accuracy:0.74(best:0.75)
09/18/2019 02:08:35 AM,368 root INFO Training Root accuracy:0.98(best:1.0)
09/18/2019 02:08:35 AM,368 root INFO Epoch: 76
09/18/2019 02:08:36 AM,384 root INFO Loss = tensor([20.6966])
09/18/2019 02:08:39 AM,104 root INFO Validation All-nodes accuracy:0.6(best:0.6)
09/18/2019 02:08:39 AM,105 root INFO Validation Root accuracy:0.54(best:0.69)
09/18/2019 02:08:40 AM,393 root INFO Training All-nodes accuracy:0.75(best:0.75)
09/18/2019 02:08:40 AM,394 root INFO Training Root accuracy:0.99(best:1.0)
09/18/2019 02:08:40 AM,394 root INFO Epoch: 77
09/18/2019 02:08:41 AM,495 root INFO Loss = tensor([19.9562])
09/18/2019 02:08:44 AM,328 root INFO Validation All-nodes accuracy:0.59(best:0.6)
09/18/2019 02:08:44 AM,329 root INFO Validation Root accuracy:0.62(best:0.69)
09/18/2019 02:08:45 AM,470 root INFO Training All-nodes accuracy:0.75(best:0.75)
09/18/2019 02:08:45 AM,470 root INFO Training Root accuracy:0.99(best:1.0)
09/18/2019 02:08:45 AM,473 root INFO Epoch: 78
09/18/2019 02:08:46 AM,618 root INFO Loss = tensor([19.8778])
09/18/2019 02:08:49 AM,958 root INFO Validation All-nodes accuracy:0.6(best:0.6)
09/18/2019 02:08:49 AM,960 root INFO Validation Root accuracy:0.69(best:0.69)
09/18/2019 02:08:51 AM,650 root INFO Training All-nodes accuracy:0.75(best:0.75)
09/18/2019 02:08:51 AM,650 root INFO Training Root accuracy:0.99(best:1.0)
09/18/2019 02:08:51 AM,652 root INFO Epoch: 79
09/18/2019 02:08:53 AM,59 root INFO Loss = tensor([20.1849])
09/18/2019 02:08:56 AM,141 root INFO Validation All-nodes accuracy:0.59(best:0.6)
09/18/2019 02:08:56 AM,142 root INFO Validation Root accuracy:0.62(best:0.69)
09/18/2019 02:08:57 AM,739 root INFO Training All-nodes accuracy:0.76(best:0.76)
09/18/2019 02:08:57 AM,740 root INFO Training Root accuracy:1.0(best:1.0)
09/18/2019 02:08:57 AM,741 root INFO Epoch: 80
09/18/2019 02:08:59 AM,279 root INFO Loss = tensor([19.6059])
09/18/2019 02:09:02 AM,773 root INFO Validation All-nodes accuracy:0.6(best:0.6)
09/18/2019 02:09:02 AM,773 root INFO Validation Root accuracy:0.54(best:0.69)
09/18/2019 02:09:04 AM,90 root INFO Training All-nodes accuracy:0.76(best:0.76)
09/18/2019 02:09:04 AM,91 root INFO Training Root accuracy:1.0(best:1.0)
09/18/2019 02:09:04 AM,92 root INFO Epoch: 81
09/18/2019 02:09:05 AM,140 root INFO Loss = tensor([19.5999])
09/18/2019 02:09:08 AM,67 root INFO Validation All-nodes accuracy:0.57(best:0.6)
09/18/2019 02:09:08 AM,67 root INFO Validation Root accuracy:0.46(best:0.69)
09/18/2019 02:09:09 AM,392 root INFO Training All-nodes accuracy:0.76(best:0.76)
09/18/2019 02:09:09 AM,393 root INFO Training Root accuracy:1.0(best:1.0)
09/18/2019 02:09:09 AM,394 root INFO Epoch: 82
09/18/2019 02:09:10 AM,913 root INFO Loss = tensor([19.5854])
09/18/2019 02:09:14 AM,74 root INFO Validation All-nodes accuracy:0.59(best:0.6)
09/18/2019 02:09:14 AM,75 root INFO Validation Root accuracy:0.54(best:0.69)
09/18/2019 02:09:15 AM,430 root INFO Training All-nodes accuracy:0.76(best:0.76)
09/18/2019 02:09:15 AM,431 root INFO Training Root accuracy:1.0(best:1.0)
09/18/2019 02:09:15 AM,432 root INFO Epoch: 83
09/18/2019 02:09:16 AM,581 root INFO Loss = tensor([19.4676])
09/18/2019 02:09:19 AM,547 root INFO Validation All-nodes accuracy:0.62(best:0.62)
09/18/2019 02:09:19 AM,547 root INFO Validation Root accuracy:0.69(best:0.69)
09/18/2019 02:09:20 AM,911 root INFO Training All-nodes accuracy:0.76(best:0.76)
09/18/2019 02:09:20 AM,911 root INFO Training Root accuracy:1.0(best:1.0)
09/18/2019 02:09:20 AM,912 root INFO Epoch: 84
09/18/2019 02:09:22 AM,178 root INFO Loss = tensor([19.5372])
09/18/2019 02:09:25 AM,165 root INFO Validation All-nodes accuracy:0.62(best:0.62)
09/18/2019 02:09:25 AM,166 root INFO Validation Root accuracy:0.69(best:0.69)
09/18/2019 02:09:26 AM,400 root INFO Training All-nodes accuracy:0.76(best:0.76)
09/18/2019 02:09:26 AM,400 root INFO Training Root accuracy:1.0(best:1.0)
09/18/2019 02:09:26 AM,401 root INFO Epoch: 85
09/18/2019 02:09:27 AM,413 root INFO Loss = tensor([19.4775])
09/18/2019 02:09:30 AM,282 root INFO Validation All-nodes accuracy:0.6(best:0.62)
09/18/2019 02:09:30 AM,283 root INFO Validation Root accuracy:0.54(best:0.69)
09/18/2019 02:09:31 AM,665 root INFO Training All-nodes accuracy:0.76(best:0.76)
09/18/2019 02:09:31 AM,665 root INFO Training Root accuracy:1.0(best:1.0)
09/18/2019 02:09:31 AM,666 root INFO Epoch: 86
09/18/2019 02:09:33 AM,56 root INFO Loss = tensor([19.3046])
09/18/2019 02:09:36 AM,721 root INFO Validation All-nodes accuracy:0.57(best:0.62)
09/18/2019 02:09:36 AM,722 root INFO Validation Root accuracy:0.46(best:0.69)
09/18/2019 02:09:38 AM,199 root INFO Training All-nodes accuracy:0.76(best:0.76)
09/18/2019 02:09:38 AM,200 root INFO Training Root accuracy:1.0(best:1.0)
09/18/2019 02:09:38 AM,200 root INFO Epoch: 87
09/18/2019 02:09:39 AM,390 root INFO Loss = tensor([19.3518])
09/18/2019 02:09:42 AM,453 root INFO Validation All-nodes accuracy:0.6(best:0.62)
09/18/2019 02:09:42 AM,453 root INFO Validation Root accuracy:0.54(best:0.69)
09/18/2019 02:09:43 AM,936 root INFO Training All-nodes accuracy:0.76(best:0.76)
09/18/2019 02:09:43 AM,936 root INFO Training Root accuracy:1.0(best:1.0)
09/18/2019 02:09:43 AM,937 root INFO Epoch: 88
09/18/2019 02:09:45 AM,213 root INFO Loss = tensor([19.3331])
09/18/2019 02:09:48 AM,755 root INFO Validation All-nodes accuracy:0.63(best:0.63)
09/18/2019 02:09:48 AM,755 root INFO Validation Root accuracy:0.69(best:0.69)
09/18/2019 02:09:50 AM,499 root INFO Training All-nodes accuracy:0.76(best:0.76)
09/18/2019 02:09:50 AM,499 root INFO Training Root accuracy:1.0(best:1.0)
09/18/2019 02:09:50 AM,500 root INFO Epoch: 89
09/18/2019 02:09:51 AM,862 root INFO Loss = tensor([19.2493])
09/18/2019 02:09:55 AM,622 root INFO Validation All-nodes accuracy:0.63(best:0.63)
09/18/2019 02:09:55 AM,623 root INFO Validation Root accuracy:0.69(best:0.69)
09/18/2019 02:09:57 AM,166 root INFO Training All-nodes accuracy:0.76(best:0.76)
09/18/2019 02:09:57 AM,167 root INFO Training Root accuracy:1.0(best:1.0)
09/18/2019 02:09:57 AM,170 root INFO Epoch: 90
09/18/2019 02:09:58 AM,651 root INFO Loss = tensor([19.2386])
09/18/2019 02:10:02 AM,36 root INFO Validation All-nodes accuracy:0.63(best:0.63)
09/18/2019 02:10:02 AM,37 root INFO Validation Root accuracy:0.69(best:0.69)
09/18/2019 02:10:03 AM,379 root INFO Training All-nodes accuracy:0.76(best:0.76)
09/18/2019 02:10:03 AM,380 root INFO Training Root accuracy:1.0(best:1.0)
09/18/2019 02:10:03 AM,381 root INFO Epoch: 91
09/18/2019 02:10:04 AM,461 root INFO Loss = tensor([19.1247])
09/18/2019 02:10:07 AM,226 root INFO Validation All-nodes accuracy:0.57(best:0.63)
09/18/2019 02:10:07 AM,227 root INFO Validation Root accuracy:0.46(best:0.69)
09/18/2019 02:10:08 AM,423 root INFO Training All-nodes accuracy:0.76(best:0.76)
09/18/2019 02:10:08 AM,424 root INFO Training Root accuracy:0.98(best:1.0)
09/18/2019 02:10:08 AM,424 root INFO Epoch: 92
09/18/2019 02:10:09 AM,440 root INFO Loss = tensor([19.4662])
09/18/2019 02:10:12 AM,329 root INFO Validation All-nodes accuracy:0.57(best:0.63)
09/18/2019 02:10:12 AM,329 root INFO Validation Root accuracy:0.46(best:0.69)
09/18/2019 02:10:13 AM,492 root INFO Training All-nodes accuracy:0.76(best:0.76)
09/18/2019 02:10:13 AM,493 root INFO Training Root accuracy:1.0(best:1.0)
09/18/2019 02:10:13 AM,494 root INFO Epoch: 93
09/18/2019 02:10:14 AM,602 root INFO Loss = tensor([19.0897])
09/18/2019 02:10:18 AM,582 root INFO Validation All-nodes accuracy:0.62(best:0.63)
09/18/2019 02:10:18 AM,584 root INFO Validation Root accuracy:0.69(best:0.69)
09/18/2019 02:10:20 AM,727 root INFO Training All-nodes accuracy:0.77(best:0.77)
09/18/2019 02:10:20 AM,727 root INFO Training Root accuracy:1.0(best:1.0)
09/18/2019 02:10:20 AM,729 root INFO Epoch: 94
09/18/2019 02:10:22 AM,62 root INFO Loss = tensor([18.9923])
09/18/2019 02:10:25 AM,482 root INFO Validation All-nodes accuracy:0.59(best:0.63)
09/18/2019 02:10:25 AM,483 root INFO Validation Root accuracy:0.62(best:0.69)
09/18/2019 02:10:26 AM,811 root INFO Training All-nodes accuracy:0.76(best:0.77)
09/18/2019 02:10:26 AM,811 root INFO Training Root accuracy:1.0(best:1.0)
09/18/2019 02:10:26 AM,812 root INFO Epoch: 95
09/18/2019 02:10:28 AM,100 root INFO Loss = tensor([19.1767])
09/18/2019 02:10:31 AM,349 root INFO Validation All-nodes accuracy:0.6(best:0.63)
09/18/2019 02:10:31 AM,350 root INFO Validation Root accuracy:0.62(best:0.69)
09/18/2019 02:10:32 AM,913 root INFO Training All-nodes accuracy:0.77(best:0.77)
09/18/2019 02:10:32 AM,914 root INFO Training Root accuracy:1.0(best:1.0)
09/18/2019 02:10:32 AM,916 root INFO Epoch: 96
09/18/2019 02:10:34 AM,220 root INFO Loss = tensor([19.0502])
09/18/2019 02:10:37 AM,334 root INFO Validation All-nodes accuracy:0.63(best:0.63)
09/18/2019 02:10:37 AM,336 root INFO Validation Root accuracy:0.62(best:0.69)
09/18/2019 02:10:38 AM,624 root INFO Training All-nodes accuracy:0.77(best:0.77)
09/18/2019 02:10:38 AM,624 root INFO Training Root accuracy:1.0(best:1.0)
09/18/2019 02:10:38 AM,625 root INFO Epoch: 97
09/18/2019 02:10:40 AM,137 root INFO Loss = tensor([19.0089])
09/18/2019 02:10:43 AM,76 root INFO Validation All-nodes accuracy:0.57(best:0.63)
09/18/2019 02:10:43 AM,77 root INFO Validation Root accuracy:0.46(best:0.69)
09/18/2019 02:10:44 AM,362 root INFO Training All-nodes accuracy:0.77(best:0.77)
09/18/2019 02:10:44 AM,362 root INFO Training Root accuracy:1.0(best:1.0)
09/18/2019 02:10:44 AM,363 root INFO Epoch: 98
09/18/2019 02:10:45 AM,453 root INFO Loss = tensor([19.0833])
09/18/2019 02:10:49 AM,382 root INFO Validation All-nodes accuracy:0.64(best:0.64)
09/18/2019 02:10:49 AM,382 root INFO Validation Root accuracy:0.69(best:0.69)
09/18/2019 02:10:51 AM,664 root INFO Training All-nodes accuracy:0.77(best:0.77)
09/18/2019 02:10:51 AM,664 root INFO Training Root accuracy:1.0(best:1.0)
09/18/2019 02:10:51 AM,666 root INFO Epoch: 99
09/18/2019 02:10:53 AM,621 root INFO Loss = tensor([18.9383])
09/18/2019 02:10:58 AM,285 root INFO Validation All-nodes accuracy:0.63(best:0.64)
09/18/2019 02:10:58 AM,285 root INFO Validation Root accuracy:0.69(best:0.69)
09/18/2019 02:11:00 AM,418 root INFO Training All-nodes accuracy:0.77(best:0.77)
09/18/2019 02:11:00 AM,419 root INFO Training Root accuracy:1.0(best:1.0)
