05/24/2020 06:05:49 PM,632 root INFO Start logging
05/24/2020 06:05:54 PM,237 root INFO Epoch: 0
05/24/2020 06:05:59 PM,29 root INFO Loss = tensor([28.1094])
05/24/2020 06:06:22 PM,395 root INFO Loss = tensor([29.3421])
05/24/2020 06:06:39 PM,562 root INFO Loss = tensor([28.0735])
05/24/2020 06:06:59 PM,886 root INFO Loss = tensor([30.7754])
05/24/2020 06:07:20 PM,869 root INFO Loss = tensor([30.1449])
05/24/2020 06:07:40 PM,84 root INFO Loss = tensor([29.8449])
05/24/2020 06:08:03 PM,693 root INFO Loss = tensor([28.9194])
05/24/2020 06:08:24 PM,909 root INFO Loss = tensor([30.8550])
05/24/2020 06:08:46 PM,796 root INFO Loss = tensor([29.9962])
05/24/2020 06:09:19 PM,218 root INFO Validation All-nodes accuracy:0.86(best:0.86)
05/24/2020 06:09:19 PM,219 root INFO Validation Root accuracy:0.84(best:0.84)
05/24/2020 06:09:19 PM,219 root INFO F1:[0.5, 0.91](best:0.5 , 0.91)
05/24/2020 06:09:49 PM,337 root INFO Training All-nodes accuracy:0.53(best:0.53)
05/24/2020 06:09:49 PM,343 root INFO Training Root accuracy:0.5(best:0.5)
05/24/2020 06:09:49 PM,343 root INFO Training F1:[0.5, 0.67](best:0.5 , 0.67)
05/24/2020 06:09:49 PM,345 root INFO Epoch: 1
05/24/2020 06:09:51 PM,39 root INFO Loss = tensor([30.0540])
05/24/2020 06:09:59 PM,980 root INFO Loss = tensor([28.6780])
05/24/2020 06:10:08 PM,382 root INFO Loss = tensor([29.4552])
05/24/2020 06:10:17 PM,810 root INFO Loss = tensor([28.8124])
05/24/2020 06:10:29 PM,753 root INFO Loss = tensor([30.8019])
05/24/2020 06:10:41 PM,539 root INFO Loss = tensor([29.0237])
05/24/2020 06:10:55 PM,223 root INFO Loss = tensor([29.2942])
05/24/2020 06:11:06 PM,362 root INFO Loss = tensor([29.0449])
05/24/2020 06:11:17 PM,80 root INFO Loss = tensor([29.2919])
05/24/2020 06:11:26 PM,407 root INFO Validation All-nodes accuracy:0.62(best:0.86)
05/24/2020 06:11:26 PM,408 root INFO Validation Root accuracy:0.47(best:0.84)
05/24/2020 06:11:26 PM,408 root INFO F1:[0.29, 0.92](best:0.5 , 0.92)
05/24/2020 06:11:46 PM,776 root INFO Training All-nodes accuracy:0.53(best:0.53)
05/24/2020 06:11:46 PM,784 root INFO Training Root accuracy:0.52(best:0.52)
05/24/2020 06:11:46 PM,784 root INFO Training F1:[0.68, 0.69](best:0.68 , 0.69)
05/24/2020 06:11:46 PM,802 root INFO Epoch: 2
05/24/2020 06:11:49 PM,240 root INFO Loss = tensor([29.5618])
05/24/2020 06:11:59 PM,319 root INFO Loss = tensor([30.6190])
05/24/2020 06:12:10 PM,291 root INFO Loss = tensor([30.1030])
05/24/2020 06:12:20 PM,432 root INFO Loss = tensor([31.4554])
05/24/2020 06:12:28 PM,748 root INFO Loss = tensor([31.5729])
05/24/2020 06:12:37 PM,914 root INFO Loss = tensor([31.7608])
05/24/2020 06:12:47 PM,525 root INFO Loss = tensor([28.8527])
05/24/2020 06:12:58 PM,402 root INFO Loss = tensor([27.8156])
05/24/2020 06:13:09 PM,952 root INFO Loss = tensor([28.7781])
05/24/2020 06:13:20 PM,476 root INFO Validation All-nodes accuracy:0.86(best:0.86)
05/24/2020 06:13:20 PM,476 root INFO Validation Root accuracy:0.84(best:0.84)
05/24/2020 06:13:20 PM,477 root INFO F1:[0.5, 0.91](best:0.5 , 0.92)
05/24/2020 06:13:52 PM,139 root INFO Training All-nodes accuracy:0.53(best:0.53)
05/24/2020 06:13:52 PM,139 root INFO Training Root accuracy:0.5(best:0.52)
05/24/2020 06:13:52 PM,140 root INFO Training F1:[0.5, 0.67](best:0.68 , 0.69)
05/24/2020 06:13:52 PM,142 root INFO Epoch: 3
05/24/2020 06:13:58 PM,314 root INFO Loss = tensor([28.9290])
05/24/2020 06:14:12 PM,989 root INFO Loss = tensor([28.7923])
05/24/2020 06:14:25 PM,198 root INFO Loss = tensor([27.9117])
05/24/2020 06:14:36 PM,368 root INFO Loss = tensor([31.8803])
05/24/2020 06:14:49 PM,188 root INFO Loss = tensor([30.6668])
05/24/2020 06:15:00 PM,820 root INFO Loss = tensor([30.1153])
05/24/2020 06:15:12 PM,117 root INFO Loss = tensor([27.7952])
05/24/2020 06:15:25 PM,823 root INFO Loss = tensor([28.8763])
05/24/2020 06:15:39 PM,102 root INFO Loss = tensor([28.0761])
05/24/2020 06:15:50 PM,393 root INFO Validation All-nodes accuracy:0.75(best:0.86)
05/24/2020 06:15:50 PM,393 root INFO Validation Root accuracy:0.8(best:0.84)
05/24/2020 06:15:50 PM,394 root INFO F1:[0.5, 0.93](best:0.5 , 0.93)
05/24/2020 06:16:20 PM,562 root INFO Training All-nodes accuracy:0.55(best:0.55)
05/24/2020 06:16:20 PM,562 root INFO Training Root accuracy:0.54(best:0.54)
05/24/2020 06:16:20 PM,562 root INFO Training F1:[0.79, 0.69](best:0.79 , 0.69)
05/24/2020 06:16:20 PM,566 root INFO Epoch: 4
05/24/2020 06:16:23 PM,14 root INFO Loss = tensor([27.7571])
05/24/2020 06:16:38 PM,362 root INFO Loss = tensor([28.4186])
05/24/2020 06:16:55 PM,83 root INFO Loss = tensor([29.8681])
05/24/2020 06:17:11 PM,668 root INFO Loss = tensor([30.2192])
05/24/2020 06:17:26 PM,348 root INFO Loss = tensor([30.5003])
05/24/2020 06:17:39 PM,324 root INFO Loss = tensor([28.4608])
05/24/2020 06:17:50 PM,936 root INFO Loss = tensor([29.0859])
05/24/2020 06:18:08 PM,114 root INFO Loss = tensor([28.7411])
05/24/2020 06:18:25 PM,217 root INFO Loss = tensor([29.9901])
05/24/2020 06:18:35 PM,271 root INFO Validation All-nodes accuracy:0.82(best:0.86)
05/24/2020 06:18:35 PM,272 root INFO Validation Root accuracy:0.84(best:0.84)
05/24/2020 06:18:35 PM,272 root INFO F1:[0.5, 0.91](best:0.5 , 0.93)
05/24/2020 06:18:58 PM,498 root INFO Training All-nodes accuracy:0.54(best:0.55)
05/24/2020 06:18:58 PM,500 root INFO Training Root accuracy:0.5(best:0.54)
05/24/2020 06:18:58 PM,500 root INFO Training F1:[0.5, 0.67](best:0.79 , 0.69)
05/24/2020 06:18:58 PM,503 root INFO Epoch: 5
05/24/2020 06:19:00 PM,936 root INFO Loss = tensor([28.3842])
05/24/2020 06:26:38 PM,353 root INFO Loss = tensor([29.3347])
05/24/2020 06:26:54 PM,596 root INFO Loss = tensor([27.8519])
05/24/2020 06:27:06 PM,45 root INFO Loss = tensor([30.0151])
05/24/2020 06:27:18 PM,13 root INFO Loss = tensor([28.8971])
05/24/2020 06:27:27 PM,770 root INFO Loss = tensor([28.6138])
05/24/2020 06:27:39 PM,607 root INFO Loss = tensor([29.1873])
05/24/2020 06:27:55 PM,23 root INFO Loss = tensor([29.7156])
05/24/2020 06:28:06 PM,600 root INFO Loss = tensor([30.7831])
05/24/2020 06:28:17 PM,322 root INFO Validation All-nodes accuracy:0.82(best:0.86)
05/24/2020 06:28:17 PM,323 root INFO Validation Root accuracy:0.86(best:0.86)
05/24/2020 06:28:17 PM,323 root INFO F1:[0.77, 0.93](best:0.77 , 0.93)
05/24/2020 06:28:46 PM,754 root INFO Training All-nodes accuracy:0.54(best:0.55)
05/24/2020 06:28:46 PM,756 root INFO Training Root accuracy:0.58(best:0.58)
05/24/2020 06:28:46 PM,756 root INFO Training F1:[0.91, 0.71](best:0.91 , 0.71)
05/24/2020 06:28:46 PM,759 root INFO Epoch: 6
05/24/2020 06:28:49 PM,89 root INFO Loss = tensor([28.3450])
05/24/2020 06:29:00 PM,721 root INFO Loss = tensor([27.7765])
05/24/2020 06:29:13 PM,133 root INFO Loss = tensor([28.5635])
05/24/2020 06:29:24 PM,563 root INFO Loss = tensor([30.6310])
05/24/2020 06:29:36 PM,413 root INFO Loss = tensor([30.2781])
05/24/2020 06:29:48 PM,198 root INFO Loss = tensor([29.1575])
05/24/2020 06:29:58 PM,756 root INFO Loss = tensor([29.5715])
05/24/2020 06:30:09 PM,812 root INFO Loss = tensor([29.3708])
05/24/2020 06:30:22 PM,160 root INFO Loss = tensor([28.2887])
05/24/2020 06:30:32 PM,678 root INFO Validation All-nodes accuracy:0.81(best:0.86)
05/24/2020 06:30:32 PM,678 root INFO Validation Root accuracy:0.84(best:0.86)
05/24/2020 06:30:32 PM,678 root INFO F1:[0.5, 0.91](best:0.77 , 0.93)
05/24/2020 06:30:56 PM,59 root INFO Training All-nodes accuracy:0.54(best:0.55)
05/24/2020 06:30:56 PM,59 root INFO Training Root accuracy:0.5(best:0.58)
05/24/2020 06:30:56 PM,60 root INFO Training F1:[0.5, 0.67](best:0.91 , 0.71)
05/24/2020 06:30:56 PM,64 root INFO Epoch: 7
05/24/2020 06:30:58 PM,199 root INFO Loss = tensor([27.3933])
05/24/2020 06:31:09 PM,908 root INFO Loss = tensor([29.8408])
05/24/2020 06:31:22 PM,315 root INFO Loss = tensor([28.6139])
05/24/2020 06:31:34 PM,378 root INFO Loss = tensor([28.6389])
05/24/2020 06:31:44 PM,741 root INFO Loss = tensor([28.6771])
05/24/2020 06:31:55 PM,518 root INFO Loss = tensor([28.1013])
05/24/2020 06:32:06 PM,6 root INFO Loss = tensor([28.3714])
05/24/2020 06:32:17 PM,550 root INFO Loss = tensor([30.3378])
05/24/2020 06:32:29 PM,148 root INFO Loss = tensor([29.3992])
05/24/2020 06:32:39 PM,0 root INFO Validation All-nodes accuracy:0.8(best:0.86)
05/24/2020 06:32:39 PM,1 root INFO Validation Root accuracy:0.85(best:0.86)
05/24/2020 06:32:39 PM,1 root INFO F1:[0.99, 0.92](best:0.99 , 0.93)
05/24/2020 06:33:00 PM,169 root INFO Training All-nodes accuracy:0.55(best:0.55)
05/24/2020 06:33:00 PM,169 root INFO Training Root accuracy:0.57(best:0.58)
05/24/2020 06:33:00 PM,170 root INFO Training F1:[0.96, 0.7](best:0.96 , 0.71)
05/24/2020 06:33:00 PM,172 root INFO Epoch: 8
05/24/2020 06:33:02 PM,570 root INFO Loss = tensor([29.4364])
05/24/2020 06:33:13 PM,501 root INFO Loss = tensor([28.1498])
05/24/2020 06:33:24 PM,403 root INFO Loss = tensor([30.5831])
05/24/2020 06:33:35 PM,416 root INFO Loss = tensor([27.4151])
05/24/2020 06:33:45 PM,952 root INFO Loss = tensor([29.3273])
05/24/2020 06:33:57 PM,193 root INFO Loss = tensor([27.5541])
05/24/2020 06:34:09 PM,43 root INFO Loss = tensor([27.8875])
05/24/2020 06:34:19 PM,656 root INFO Loss = tensor([28.2920])
05/24/2020 06:34:30 PM,188 root INFO Loss = tensor([29.9305])
05/24/2020 06:34:40 PM,855 root INFO Validation All-nodes accuracy:0.78(best:0.86)
05/24/2020 06:34:40 PM,855 root INFO Validation Root accuracy:0.78(best:0.86)
05/24/2020 06:34:40 PM,856 root INFO F1:[0.45, 0.93](best:0.99 , 0.93)
05/24/2020 06:35:04 PM,946 root INFO Training All-nodes accuracy:0.58(best:0.58)
05/24/2020 06:35:04 PM,948 root INFO Training Root accuracy:0.74(best:0.74)
05/24/2020 06:35:04 PM,948 root INFO Training F1:[0.92, 0.81](best:0.96 , 0.81)
05/24/2020 06:35:04 PM,951 root INFO Epoch: 9
05/24/2020 06:35:07 PM,745 root INFO Loss = tensor([29.0704])
05/24/2020 06:35:20 PM,917 root INFO Loss = tensor([30.3243])
05/24/2020 06:35:33 PM,429 root INFO Loss = tensor([28.9174])
05/24/2020 06:35:45 PM,793 root INFO Loss = tensor([29.6183])
05/24/2020 06:35:58 PM,216 root INFO Loss = tensor([29.3513])
05/24/2020 06:36:11 PM,144 root INFO Loss = tensor([29.0277])
05/24/2020 06:36:23 PM,842 root INFO Loss = tensor([29.6267])
05/24/2020 06:36:35 PM,532 root INFO Loss = tensor([30.1085])
05/24/2020 06:36:46 PM,958 root INFO Loss = tensor([30.1410])
05/24/2020 06:36:57 PM,380 root INFO Validation All-nodes accuracy:0.6(best:0.86)
05/24/2020 06:36:57 PM,381 root INFO Validation Root accuracy:0.17(best:0.86)
05/24/2020 06:36:57 PM,381 root INFO F1:[0.28, 0.99](best:0.99 , 0.99)
05/24/2020 06:37:21 PM,626 root INFO Training All-nodes accuracy:0.52(best:0.58)
05/24/2020 06:37:21 PM,626 root INFO Training Root accuracy:0.5(best:0.74)
05/24/2020 06:37:21 PM,627 root INFO Training F1:[0.67, 0.5](best:0.96 , 0.81)
05/24/2020 06:37:21 PM,631 root INFO Epoch: 10
05/24/2020 06:37:24 PM,216 root INFO Loss = tensor([29.6527])
05/24/2020 06:37:36 PM,402 root INFO Loss = tensor([29.7605])
05/24/2020 06:37:49 PM,331 root INFO Loss = tensor([28.9827])
05/24/2020 06:38:02 PM,535 root INFO Loss = tensor([28.1407])
05/24/2020 06:38:14 PM,275 root INFO Loss = tensor([28.3028])
05/24/2020 06:38:26 PM,904 root INFO Loss = tensor([29.1069])
05/24/2020 06:38:40 PM,333 root INFO Loss = tensor([29.0285])
05/24/2020 06:38:55 PM,92 root INFO Loss = tensor([30.0137])
05/24/2020 06:39:11 PM,497 root INFO Loss = tensor([28.9782])
05/24/2020 06:39:23 PM,988 root INFO Validation All-nodes accuracy:0.83(best:0.86)
05/24/2020 06:39:23 PM,988 root INFO Validation Root accuracy:0.84(best:0.86)
05/24/2020 06:39:23 PM,988 root INFO F1:[0.5, 0.91](best:0.99 , 0.99)
05/24/2020 06:39:54 PM,926 root INFO Training All-nodes accuracy:0.54(best:0.58)
05/24/2020 06:39:54 PM,926 root INFO Training Root accuracy:0.5(best:0.74)
05/24/2020 06:39:54 PM,926 root INFO Training F1:[0.5, 0.67](best:0.96 , 0.81)
05/24/2020 06:39:54 PM,929 root INFO Epoch: 11
05/24/2020 06:39:57 PM,550 root INFO Loss = tensor([27.6877])
05/24/2020 06:40:09 PM,329 root INFO Loss = tensor([28.1056])
05/24/2020 06:40:22 PM,254 root INFO Loss = tensor([29.8039])
05/24/2020 06:40:34 PM,721 root INFO Loss = tensor([29.9056])
05/24/2020 06:40:47 PM,737 root INFO Loss = tensor([31.0088])
05/24/2020 06:41:02 PM,905 root INFO Loss = tensor([30.2614])
05/24/2020 06:41:17 PM,844 root INFO Loss = tensor([29.3712])
05/24/2020 06:41:34 PM,328 root INFO Loss = tensor([28.2567])
05/24/2020 06:41:49 PM,485 root INFO Loss = tensor([28.3994])
05/24/2020 06:42:13 PM,773 root INFO Validation All-nodes accuracy:0.7(best:0.86)
05/24/2020 06:42:13 PM,773 root INFO Validation Root accuracy:0.83(best:0.86)
05/24/2020 06:42:13 PM,774 root INFO F1:[0.02, 0.91](best:0.99 , 0.99)
05/24/2020 06:42:58 PM,151 root INFO Training All-nodes accuracy:0.57(best:0.58)
05/24/2020 06:42:58 PM,152 root INFO Training Root accuracy:0.57(best:0.74)
05/24/2020 06:42:58 PM,152 root INFO Training F1:[0.95, 0.7](best:0.96 , 0.81)
05/24/2020 06:42:58 PM,156 root INFO Epoch: 12
05/24/2020 06:43:02 PM,448 root INFO Loss = tensor([29.5512])
05/24/2020 06:43:17 PM,773 root INFO Loss = tensor([28.6066])
05/24/2020 06:43:30 PM,947 root INFO Loss = tensor([27.4392])
05/24/2020 06:43:43 PM,953 root INFO Loss = tensor([30.2091])
05/24/2020 06:44:01 PM,138 root INFO Loss = tensor([27.5212])
05/24/2020 06:44:16 PM,435 root INFO Loss = tensor([30.6490])
05/24/2020 06:44:48 PM,665 root INFO Loss = tensor([30.3629])
05/24/2020 06:45:08 PM,213 root INFO Loss = tensor([27.5481])
05/24/2020 06:45:23 PM,60 root INFO Loss = tensor([27.7696])
05/24/2020 06:45:43 PM,635 root INFO Validation All-nodes accuracy:0.8(best:0.86)
05/24/2020 06:45:43 PM,636 root INFO Validation Root accuracy:0.83(best:0.86)
05/24/2020 06:45:43 PM,636 root INFO F1:[0.02, 0.91](best:0.99 , 0.99)
05/24/2020 06:46:36 PM,867 root INFO Training All-nodes accuracy:0.55(best:0.58)
05/24/2020 06:46:36 PM,876 root INFO Training Root accuracy:0.54(best:0.74)
05/24/2020 06:46:36 PM,876 root INFO Training F1:[0.94, 0.68](best:0.96 , 0.81)
05/24/2020 06:46:36 PM,879 root INFO Epoch: 13
05/24/2020 06:46:40 PM,352 root INFO Loss = tensor([28.2844])
05/24/2020 06:46:56 PM,354 root INFO Loss = tensor([28.8348])
05/24/2020 06:47:15 PM,421 root INFO Loss = tensor([28.6386])
05/24/2020 06:47:28 PM,694 root INFO Loss = tensor([28.2641])
05/24/2020 06:47:42 PM,186 root INFO Loss = tensor([28.7034])
05/24/2020 06:47:56 PM,140 root INFO Loss = tensor([28.7684])
05/24/2020 06:48:09 PM,891 root INFO Loss = tensor([27.4951])
05/24/2020 06:48:22 PM,871 root INFO Loss = tensor([27.1675])
05/24/2020 06:48:35 PM,875 root INFO Loss = tensor([28.8020])
05/24/2020 06:48:47 PM,840 root INFO Validation All-nodes accuracy:0.7(best:0.86)
05/24/2020 06:48:47 PM,840 root INFO Validation Root accuracy:0.82(best:0.86)
05/24/2020 06:48:47 PM,841 root INFO F1:[0.5, 0.92](best:0.99 , 0.99)
05/24/2020 06:49:14 PM,905 root INFO Training All-nodes accuracy:0.61(best:0.61)
05/24/2020 06:49:14 PM,905 root INFO Training Root accuracy:0.76(best:0.76)
05/24/2020 06:49:14 PM,905 root INFO Training F1:[0.95, 0.81](best:0.96 , 0.81)
05/24/2020 06:49:14 PM,908 root INFO Epoch: 14
05/24/2020 06:49:18 PM,77 root INFO Loss = tensor([28.0323])
05/24/2020 06:49:32 PM,28 root INFO Loss = tensor([28.1981])
05/24/2020 06:49:45 PM,573 root INFO Loss = tensor([27.6708])
05/24/2020 06:49:58 PM,969 root INFO Loss = tensor([27.8810])
05/24/2020 06:50:12 PM,534 root INFO Loss = tensor([27.2264])
05/24/2020 06:50:25 PM,655 root INFO Loss = tensor([28.3259])
05/24/2020 06:50:38 PM,592 root INFO Loss = tensor([29.0063])
05/24/2020 06:50:51 PM,497 root INFO Loss = tensor([25.3297])
05/24/2020 06:51:03 PM,555 root INFO Loss = tensor([28.3527])
05/24/2020 06:51:15 PM,563 root INFO Validation All-nodes accuracy:0.69(best:0.86)
05/24/2020 06:51:15 PM,563 root INFO Validation Root accuracy:0.61(best:0.86)
05/24/2020 06:51:15 PM,564 root INFO F1:[0.34, 0.93](best:0.99 , 0.99)
05/24/2020 06:51:43 PM,193 root INFO Training All-nodes accuracy:0.61(best:0.61)
05/24/2020 06:51:43 PM,194 root INFO Training Root accuracy:0.82(best:0.82)
05/24/2020 06:51:43 PM,194 root INFO Training F1:[0.89, 0.92](best:0.96 , 0.92)
05/24/2020 06:51:43 PM,197 root INFO Epoch: 15
05/24/2020 06:51:45 PM,745 root INFO Loss = tensor([24.9617])
05/24/2020 06:51:58 PM,591 root INFO Loss = tensor([27.8048])
05/24/2020 06:52:11 PM,697 root INFO Loss = tensor([30.3902])
05/24/2020 06:52:25 PM,311 root INFO Loss = tensor([27.0203])
05/24/2020 06:52:38 PM,671 root INFO Loss = tensor([28.1365])
05/24/2020 06:52:52 PM,1 root INFO Loss = tensor([29.7635])
05/24/2020 06:53:05 PM,761 root INFO Loss = tensor([31.4092])
05/24/2020 06:53:19 PM,334 root INFO Loss = tensor([27.4270])
05/24/2020 06:53:32 PM,487 root INFO Loss = tensor([31.6571])
05/24/2020 06:53:45 PM,115 root INFO Validation All-nodes accuracy:0.64(best:0.86)
05/24/2020 06:53:45 PM,115 root INFO Validation Root accuracy:0.58(best:0.86)
05/24/2020 06:53:45 PM,115 root INFO F1:[0.33, 0.93](best:0.99 , 0.99)
05/24/2020 06:54:11 PM,844 root INFO Training All-nodes accuracy:0.63(best:0.63)
05/24/2020 06:54:11 PM,845 root INFO Training Root accuracy:0.82(best:0.82)
05/24/2020 06:54:11 PM,845 root INFO Training F1:[0.87, 0.94](best:0.96 , 0.94)
05/24/2020 06:54:11 PM,848 root INFO Epoch: 16
05/24/2020 06:54:14 PM,791 root INFO Loss = tensor([27.2282])
05/24/2020 06:54:28 PM,240 root INFO Loss = tensor([25.9169])
05/24/2020 06:54:42 PM,110 root INFO Loss = tensor([26.6960])
05/24/2020 06:54:59 PM,965 root INFO Loss = tensor([25.8009])
05/24/2020 06:55:18 PM,297 root INFO Loss = tensor([27.0062])
05/24/2020 06:55:34 PM,268 root INFO Loss = tensor([26.6974])
05/24/2020 06:55:51 PM,570 root INFO Loss = tensor([26.6787])
05/24/2020 06:56:09 PM,728 root INFO Loss = tensor([26.6597])
05/24/2020 06:56:23 PM,376 root INFO Loss = tensor([28.5738])
05/24/2020 06:56:38 PM,141 root INFO Validation All-nodes accuracy:0.66(best:0.86)
05/24/2020 06:56:38 PM,142 root INFO Validation Root accuracy:0.59(best:0.86)
05/24/2020 06:56:38 PM,142 root INFO F1:[0.32, 0.92](best:0.99 , 0.99)
05/24/2020 06:57:14 PM,226 root INFO Training All-nodes accuracy:0.63(best:0.63)
05/24/2020 06:57:14 PM,227 root INFO Training Root accuracy:0.84(best:0.84)
05/24/2020 06:57:14 PM,228 root INFO Training F1:[0.9, 0.93](best:0.96 , 0.94)
05/24/2020 06:57:14 PM,231 root INFO Epoch: 17
05/24/2020 06:57:17 PM,549 root INFO Loss = tensor([24.9992])
05/24/2020 06:57:36 PM,782 root INFO Loss = tensor([28.3503])
05/24/2020 06:57:54 PM,336 root INFO Loss = tensor([27.6221])
05/24/2020 06:58:11 PM,780 root INFO Loss = tensor([26.5052])
05/24/2020 06:58:25 PM,489 root INFO Loss = tensor([26.6870])
05/24/2020 06:58:45 PM,14 root INFO Loss = tensor([26.0340])
05/24/2020 06:59:01 PM,277 root INFO Loss = tensor([26.0474])
05/24/2020 06:59:16 PM,319 root INFO Loss = tensor([26.7678])
05/24/2020 06:59:29 PM,559 root INFO Loss = tensor([25.9684])
05/24/2020 06:59:50 PM,29 root INFO Validation All-nodes accuracy:0.72(best:0.86)
05/24/2020 06:59:50 PM,30 root INFO Validation Root accuracy:0.73(best:0.86)
05/24/2020 06:59:50 PM,30 root INFO F1:[0.32, 0.92](best:0.99 , 0.99)
05/24/2020 07:00:26 PM,570 root INFO Training All-nodes accuracy:0.64(best:0.64)
05/24/2020 07:00:26 PM,571 root INFO Training Root accuracy:0.86(best:0.86)
05/24/2020 07:00:26 PM,571 root INFO Training F1:[0.96, 0.9](best:0.96 , 0.94)
05/24/2020 07:00:26 PM,574 root INFO Epoch: 18
05/24/2020 07:00:30 PM,635 root INFO Loss = tensor([25.6164])
05/24/2020 07:00:51 PM,634 root INFO Loss = tensor([28.7924])
05/24/2020 07:01:10 PM,764 root INFO Loss = tensor([26.0933])
05/24/2020 07:01:28 PM,304 root INFO Loss = tensor([26.1843])
05/24/2020 07:01:48 PM,577 root INFO Loss = tensor([26.1735])
05/24/2020 07:02:04 PM,812 root INFO Loss = tensor([25.1493])
05/24/2020 07:02:28 PM,614 root INFO Loss = tensor([25.4637])
05/24/2020 07:02:50 PM,990 root INFO Loss = tensor([24.7646])
05/24/2020 07:03:12 PM,152 root INFO Loss = tensor([24.9614])
05/24/2020 07:03:30 PM,6 root INFO Validation All-nodes accuracy:0.71(best:0.86)
05/24/2020 07:03:30 PM,7 root INFO Validation Root accuracy:0.71(best:0.86)
05/24/2020 07:03:30 PM,7 root INFO F1:[0.33, 0.92](best:0.99 , 0.99)
05/24/2020 07:04:04 PM,934 root INFO Training All-nodes accuracy:0.65(best:0.65)
05/24/2020 07:04:04 PM,935 root INFO Training Root accuracy:0.89(best:0.89)
05/24/2020 07:04:04 PM,935 root INFO Training F1:[0.95, 0.94](best:0.96 , 0.94)
05/24/2020 07:04:04 PM,950 root INFO Epoch: 19
05/24/2020 07:04:12 PM,508 root INFO Loss = tensor([25.5182])
05/24/2020 07:04:32 PM,160 root INFO Loss = tensor([24.9796])
05/24/2020 07:04:48 PM,368 root INFO Loss = tensor([24.8565])
05/24/2020 07:05:03 PM,380 root INFO Loss = tensor([27.8488])
05/24/2020 07:05:18 PM,591 root INFO Loss = tensor([28.0431])
05/24/2020 07:05:32 PM,565 root INFO Loss = tensor([26.9529])
05/24/2020 07:05:47 PM,365 root INFO Loss = tensor([28.8475])
05/24/2020 07:06:03 PM,694 root INFO Loss = tensor([31.1051])
05/24/2020 07:06:20 PM,582 root INFO Loss = tensor([31.0156])
05/24/2020 07:06:40 PM,91 root INFO Validation All-nodes accuracy:0.73(best:0.86)
05/24/2020 07:06:40 PM,91 root INFO Validation Root accuracy:0.8(best:0.86)
05/24/2020 07:06:40 PM,94 root INFO F1:[0.36, 0.92](best:0.99 , 0.99)
05/24/2020 07:07:12 PM,327 root INFO Training All-nodes accuracy:0.65(best:0.65)
05/24/2020 07:07:12 PM,327 root INFO Training Root accuracy:0.85(best:0.89)
05/24/2020 07:07:12 PM,328 root INFO Training F1:[0.97, 0.88](best:0.97 , 0.94)
05/24/2020 07:07:12 PM,331 root INFO Epoch: 20
05/24/2020 07:07:16 PM,45 root INFO Loss = tensor([24.5741])
05/24/2020 07:07:34 PM,419 root INFO Loss = tensor([29.2162])
05/24/2020 07:07:57 PM,813 root INFO Loss = tensor([32.6552])
05/24/2020 07:08:16 PM,952 root INFO Loss = tensor([30.8429])
05/24/2020 07:08:38 PM,326 root INFO Loss = tensor([28.2123])
05/24/2020 07:08:59 PM,951 root INFO Loss = tensor([27.2550])
05/24/2020 07:09:21 PM,442 root INFO Loss = tensor([32.1690])
05/24/2020 07:09:42 PM,644 root INFO Loss = tensor([33.4042])
05/24/2020 07:09:59 PM,987 root INFO Loss = tensor([34.7772])
05/24/2020 07:10:13 PM,836 root INFO Validation All-nodes accuracy:0.77(best:0.86)
05/24/2020 07:10:13 PM,837 root INFO Validation Root accuracy:0.81(best:0.86)
05/24/2020 07:10:13 PM,837 root INFO F1:[0.4, 0.92](best:0.99 , 0.99)
05/24/2020 07:10:56 PM,46 root INFO Training All-nodes accuracy:0.64(best:0.65)
05/24/2020 07:10:56 PM,47 root INFO Training Root accuracy:0.81(best:0.89)
05/24/2020 07:10:56 PM,47 root INFO Training F1:[0.96, 0.85](best:0.97 , 0.94)
05/24/2020 07:10:56 PM,54 root INFO Epoch: 21
05/24/2020 07:11:00 PM,486 root INFO Loss = tensor([24.5959])
05/24/2020 07:11:16 PM,104 root INFO Loss = tensor([25.3887])
05/24/2020 07:11:32 PM,930 root INFO Loss = tensor([25.5671])
05/24/2020 07:11:50 PM,480 root INFO Loss = tensor([26.4226])
05/24/2020 07:12:08 PM,121 root INFO Loss = tensor([26.3388])
05/24/2020 07:12:26 PM,308 root INFO Loss = tensor([26.2006])
05/24/2020 07:12:44 PM,795 root INFO Loss = tensor([29.0081])
05/24/2020 07:13:06 PM,747 root INFO Loss = tensor([26.5097])
05/24/2020 07:13:28 PM,933 root INFO Loss = tensor([29.0932])
05/24/2020 07:13:56 PM,651 root INFO Validation All-nodes accuracy:0.55(best:0.86)
05/24/2020 07:13:56 PM,651 root INFO Validation Root accuracy:0.81(best:0.86)
05/24/2020 07:13:56 PM,652 root INFO F1:[0.5, 0.92](best:0.99 , 0.99)
05/24/2020 07:14:36 PM,615 root INFO Training All-nodes accuracy:0.65(best:0.65)
05/24/2020 07:14:36 PM,615 root INFO Training Root accuracy:0.87(best:0.89)
05/24/2020 07:14:36 PM,615 root INFO Training F1:[0.96, 0.91](best:0.97 , 0.94)
05/24/2020 07:14:36 PM,623 root INFO Epoch: 22
05/24/2020 07:14:42 PM,434 root INFO Loss = tensor([25.7987])
05/24/2020 07:15:10 PM,302 root INFO Loss = tensor([27.5763])
05/24/2020 07:15:32 PM,914 root INFO Loss = tensor([25.5614])
05/24/2020 07:15:56 PM,574 root INFO Loss = tensor([24.7682])
05/24/2020 07:16:21 PM,586 root INFO Loss = tensor([28.9099])
05/24/2020 07:16:44 PM,182 root INFO Loss = tensor([29.0174])
05/24/2020 07:17:06 PM,261 root INFO Loss = tensor([28.4583])
05/24/2020 07:17:28 PM,353 root INFO Loss = tensor([25.8210])
05/24/2020 07:17:48 PM,691 root INFO Loss = tensor([27.5036])
05/24/2020 07:18:07 PM,442 root INFO Validation All-nodes accuracy:0.61(best:0.86)
05/24/2020 07:18:07 PM,442 root INFO Validation Root accuracy:0.74(best:0.86)
05/24/2020 07:18:07 PM,443 root INFO F1:[0.33, 0.92](best:0.99 , 0.99)
05/24/2020 07:18:40 PM,577 root INFO Training All-nodes accuracy:0.67(best:0.67)
05/24/2020 07:18:40 PM,578 root INFO Training Root accuracy:0.91(best:0.91)
05/24/2020 07:18:40 PM,579 root INFO Training F1:[0.96, 0.95](best:0.97 , 0.95)
05/24/2020 07:18:40 PM,583 root INFO Epoch: 23
05/24/2020 07:18:48 PM,92 root INFO Loss = tensor([25.4421])
05/24/2020 07:19:06 PM,446 root INFO Loss = tensor([23.6179])
05/24/2020 07:19:22 PM,831 root INFO Loss = tensor([24.0354])
05/24/2020 07:19:36 PM,356 root INFO Loss = tensor([24.7856])
05/24/2020 07:19:53 PM,503 root INFO Loss = tensor([24.4655])
05/24/2020 07:20:16 PM,449 root INFO Loss = tensor([26.3430])
05/24/2020 07:20:40 PM,186 root INFO Loss = tensor([25.9837])
05/24/2020 07:20:58 PM,414 root INFO Loss = tensor([25.9644])
05/24/2020 07:21:23 PM,88 root INFO Loss = tensor([25.8578])
05/24/2020 07:21:39 PM,527 root INFO Validation All-nodes accuracy:0.7(best:0.86)
05/24/2020 07:21:39 PM,528 root INFO Validation Root accuracy:0.73(best:0.86)
05/24/2020 07:21:39 PM,528 root INFO F1:[0.36, 0.92](best:0.99 , 0.99)
05/24/2020 07:22:27 PM,24 root INFO Training All-nodes accuracy:0.67(best:0.67)
05/24/2020 07:22:27 PM,26 root INFO Training Root accuracy:0.91(best:0.91)
05/24/2020 07:22:27 PM,26 root INFO Training F1:[0.96, 0.95](best:0.97 , 0.95)
05/24/2020 07:22:27 PM,32 root INFO Epoch: 24
05/24/2020 07:22:34 PM,680 root INFO Loss = tensor([23.4877])
05/24/2020 07:22:54 PM,0 root INFO Loss = tensor([27.4789])
05/24/2020 07:23:13 PM,626 root INFO Loss = tensor([27.9771])
05/24/2020 07:23:33 PM,819 root INFO Loss = tensor([26.3053])
05/24/2020 07:23:50 PM,791 root INFO Loss = tensor([26.1924])
05/24/2020 07:24:21 PM,171 root INFO Loss = tensor([27.7757])
05/24/2020 07:24:43 PM,242 root INFO Loss = tensor([26.8963])
05/24/2020 07:25:07 PM,234 root INFO Loss = tensor([25.0049])
05/24/2020 07:25:21 PM,845 root INFO Loss = tensor([26.3486])
05/24/2020 07:25:35 PM,575 root INFO Validation All-nodes accuracy:0.65(best:0.86)
05/24/2020 07:25:35 PM,576 root INFO Validation Root accuracy:0.68(best:0.86)
05/24/2020 07:25:35 PM,576 root INFO F1:[0.29, 0.92](best:0.99 , 0.99)
05/24/2020 07:26:00 PM,739 root INFO Training All-nodes accuracy:0.67(best:0.67)
05/24/2020 07:26:00 PM,740 root INFO Training Root accuracy:0.9(best:0.91)
05/24/2020 07:26:00 PM,740 root INFO Training F1:[0.95, 0.95](best:0.97 , 0.95)
05/24/2020 07:26:00 PM,743 root INFO Epoch: 25
05/24/2020 07:26:03 PM,308 root INFO Loss = tensor([23.6231])
05/24/2020 07:26:15 PM,656 root INFO Loss = tensor([25.8279])
05/24/2020 07:26:28 PM,265 root INFO Loss = tensor([27.4156])
05/24/2020 07:26:40 PM,774 root INFO Loss = tensor([24.6366])
05/24/2020 07:26:52 PM,671 root INFO Loss = tensor([25.7558])
05/24/2020 07:27:04 PM,514 root INFO Loss = tensor([29.0102])
05/24/2020 07:27:16 PM,652 root INFO Loss = tensor([25.7570])
05/24/2020 07:27:28 PM,358 root INFO Loss = tensor([26.0304])
05/24/2020 07:27:40 PM,319 root INFO Loss = tensor([28.5405])
05/24/2020 07:27:51 PM,888 root INFO Validation All-nodes accuracy:0.66(best:0.86)
05/24/2020 07:27:51 PM,889 root INFO Validation Root accuracy:0.79(best:0.86)
05/24/2020 07:27:51 PM,889 root INFO F1:[0.4, 0.92](best:0.99 , 0.99)
05/24/2020 07:28:17 PM,719 root INFO Training All-nodes accuracy:0.67(best:0.67)
05/24/2020 07:28:17 PM,719 root INFO Training Root accuracy:0.87(best:0.91)
05/24/2020 07:28:17 PM,720 root INFO Training F1:[0.97, 0.91](best:0.97 , 0.95)
05/24/2020 07:28:17 PM,722 root INFO Epoch: 26
05/24/2020 07:28:20 PM,393 root INFO Loss = tensor([25.1624])
05/24/2020 07:28:33 PM,456 root INFO Loss = tensor([25.1666])
05/24/2020 07:28:45 PM,997 root INFO Loss = tensor([24.6169])
05/24/2020 07:28:58 PM,788 root INFO Loss = tensor([24.9892])
05/24/2020 07:29:11 PM,721 root INFO Loss = tensor([25.2310])
05/24/2020 07:29:24 PM,378 root INFO Loss = tensor([23.0816])
05/24/2020 07:29:36 PM,273 root INFO Loss = tensor([25.7480])
05/24/2020 07:29:49 PM,106 root INFO Loss = tensor([25.5440])
05/24/2020 07:30:01 PM,117 root INFO Loss = tensor([24.6660])
05/24/2020 07:30:12 PM,444 root INFO Validation All-nodes accuracy:0.64(best:0.86)
05/24/2020 07:30:12 PM,444 root INFO Validation Root accuracy:0.77(best:0.86)
05/24/2020 07:30:12 PM,445 root INFO F1:[0.43, 0.93](best:0.99 , 0.99)
05/24/2020 07:30:37 PM,515 root INFO Training All-nodes accuracy:0.68(best:0.68)
05/24/2020 07:30:37 PM,515 root INFO Training Root accuracy:0.91(best:0.91)
05/24/2020 07:30:37 PM,516 root INFO Training F1:[0.97, 0.94](best:0.97 , 0.95)
05/24/2020 07:30:37 PM,519 root INFO Epoch: 27
05/24/2020 07:30:40 PM,115 root INFO Loss = tensor([22.8320])
05/24/2020 07:30:51 PM,994 root INFO Loss = tensor([29.4451])
05/24/2020 07:31:04 PM,79 root INFO Loss = tensor([31.9300])
05/24/2020 07:31:16 PM,420 root INFO Loss = tensor([29.7684])
05/24/2020 07:31:28 PM,732 root INFO Loss = tensor([27.2353])
05/24/2020 07:31:41 PM,591 root INFO Loss = tensor([28.6246])
05/24/2020 07:31:54 PM,744 root INFO Loss = tensor([33.6160])
05/24/2020 07:32:07 PM,656 root INFO Loss = tensor([29.7978])
05/24/2020 07:32:19 PM,815 root INFO Loss = tensor([25.7299])
05/24/2020 07:32:30 PM,721 root INFO Validation All-nodes accuracy:0.6(best:0.86)
05/24/2020 07:32:30 PM,722 root INFO Validation Root accuracy:0.69(best:0.86)
05/24/2020 07:32:30 PM,722 root INFO F1:[0.3, 0.92](best:0.99 , 0.99)
05/24/2020 07:32:56 PM,226 root INFO Training All-nodes accuracy:0.66(best:0.68)
05/24/2020 07:32:56 PM,227 root INFO Training Root accuracy:0.84(best:0.91)
05/24/2020 07:32:56 PM,227 root INFO Training F1:[0.93, 0.9](best:0.97 , 0.95)
05/24/2020 07:32:56 PM,230 root INFO Epoch: 28
05/24/2020 07:32:58 PM,822 root INFO Loss = tensor([24.1483])
05/24/2020 07:51:41 PM,51 root INFO Loss = tensor([26.9300])
05/24/2020 07:51:55 PM,686 root INFO Loss = tensor([25.5706])
05/24/2020 07:52:08 PM,775 root INFO Loss = tensor([26.4891])
05/24/2020 07:52:33 PM,394 root INFO Loss = tensor([27.1013])
05/24/2020 07:52:52 PM,578 root INFO Loss = tensor([28.9647])
05/24/2020 07:53:06 PM,249 root INFO Loss = tensor([26.4585])
05/24/2020 07:53:20 PM,214 root INFO Loss = tensor([24.1085])
05/24/2020 07:53:33 PM,430 root INFO Loss = tensor([26.0404])
05/24/2020 07:53:43 PM,816 root INFO Validation All-nodes accuracy:0.64(best:0.86)
05/24/2020 07:53:43 PM,817 root INFO Validation Root accuracy:0.8(best:0.86)
05/24/2020 07:53:43 PM,817 root INFO F1:[0.43, 0.92](best:0.99 , 0.99)
05/24/2020 07:54:06 PM,277 root INFO Training All-nodes accuracy:0.68(best:0.68)
05/24/2020 07:54:06 PM,278 root INFO Training Root accuracy:0.91(best:0.91)
05/24/2020 07:54:06 PM,278 root INFO Training F1:[0.97, 0.94](best:0.97 , 0.95)
05/24/2020 07:54:06 PM,280 root INFO Epoch: 29
05/24/2020 07:54:08 PM,563 root INFO Loss = tensor([23.7665])
05/24/2020 07:54:18 PM,899 root INFO Loss = tensor([22.9192])
05/24/2020 07:54:29 PM,943 root INFO Loss = tensor([23.8961])
05/24/2020 07:54:39 PM,676 root INFO Loss = tensor([23.9907])
05/24/2020 07:54:52 PM,925 root INFO Loss = tensor([25.1253])
05/24/2020 07:55:08 PM,852 root INFO Loss = tensor([25.0541])
05/24/2020 07:55:20 PM,634 root INFO Loss = tensor([24.8233])
05/24/2020 07:55:32 PM,787 root INFO Loss = tensor([24.1406])
05/24/2020 07:55:43 PM,602 root INFO Loss = tensor([23.6375])
05/24/2020 07:55:54 PM,217 root INFO Validation All-nodes accuracy:0.6(best:0.86)
05/24/2020 07:55:54 PM,217 root INFO Validation Root accuracy:0.78(best:0.86)
05/24/2020 07:55:54 PM,218 root INFO F1:[0.38, 0.92](best:0.99 , 0.99)
05/24/2020 07:56:17 PM,806 root INFO Training All-nodes accuracy:0.69(best:0.69)
05/24/2020 07:56:17 PM,808 root INFO Training Root accuracy:0.92(best:0.92)
05/24/2020 07:56:17 PM,808 root INFO Training F1:[0.98, 0.94](best:0.98 , 0.95)
05/24/2020 07:56:17 PM,810 root INFO Epoch: 30
05/24/2020 07:56:20 PM,405 root INFO Loss = tensor([23.8768])
05/24/2020 07:56:32 PM,878 root INFO Loss = tensor([23.1440])
05/24/2020 07:56:43 PM,854 root INFO Loss = tensor([23.3435])
05/24/2020 07:56:55 PM,694 root INFO Loss = tensor([22.8115])
05/24/2020 07:57:06 PM,914 root INFO Loss = tensor([23.8286])
05/24/2020 07:57:17 PM,884 root INFO Loss = tensor([24.1330])
05/24/2020 07:57:30 PM,458 root INFO Loss = tensor([24.4245])
05/24/2020 07:57:42 PM,7 root INFO Loss = tensor([23.2122])
05/24/2020 07:57:54 PM,133 root INFO Loss = tensor([25.0279])
05/24/2020 07:58:04 PM,801 root INFO Validation All-nodes accuracy:0.7(best:0.86)
05/24/2020 07:58:04 PM,802 root INFO Validation Root accuracy:0.78(best:0.86)
05/24/2020 07:58:04 PM,802 root INFO F1:[0.2, 0.91](best:0.99 , 0.99)
05/24/2020 07:58:28 PM,705 root INFO Training All-nodes accuracy:0.69(best:0.69)
05/24/2020 07:58:28 PM,705 root INFO Training Root accuracy:0.93(best:0.93)
05/24/2020 07:58:28 PM,705 root INFO Training F1:[0.98, 0.95](best:0.98 , 0.95)
05/24/2020 07:58:28 PM,709 root INFO Epoch: 31
05/24/2020 07:58:31 PM,0 root INFO Loss = tensor([21.1872])
05/24/2020 07:58:41 PM,932 root INFO Loss = tensor([26.5679])
05/24/2020 07:58:54 PM,398 root INFO Loss = tensor([23.3315])
05/24/2020 07:59:06 PM,595 root INFO Loss = tensor([23.1166])
05/24/2020 07:59:19 PM,660 root INFO Loss = tensor([22.8848])
05/24/2020 07:59:32 PM,433 root INFO Loss = tensor([22.7457])
05/24/2020 07:59:43 PM,540 root INFO Loss = tensor([23.6299])
05/24/2020 07:59:56 PM,436 root INFO Loss = tensor([23.0604])
05/24/2020 08:00:07 PM,237 root INFO Loss = tensor([23.8704])
05/24/2020 08:00:17 PM,726 root INFO Validation All-nodes accuracy:0.65(best:0.86)
05/24/2020 08:00:17 PM,727 root INFO Validation Root accuracy:0.76(best:0.86)
05/24/2020 08:00:17 PM,728 root INFO F1:[0.27, 0.91](best:0.99 , 0.99)
05/24/2020 08:00:41 PM,565 root INFO Training All-nodes accuracy:0.7(best:0.7)
05/24/2020 08:00:41 PM,566 root INFO Training Root accuracy:0.95(best:0.95)
05/24/2020 08:00:41 PM,566 root INFO Training F1:[0.99, 0.96](best:0.99 , 0.96)
05/24/2020 08:00:41 PM,568 root INFO Epoch: 32
05/24/2020 08:00:44 PM,6 root INFO Loss = tensor([22.3714])
05/24/2020 08:00:55 PM,848 root INFO Loss = tensor([24.6333])
05/24/2020 08:01:06 PM,849 root INFO Loss = tensor([22.4324])
05/24/2020 08:01:17 PM,292 root INFO Loss = tensor([24.0167])
05/24/2020 08:01:29 PM,774 root INFO Loss = tensor([23.4330])
05/24/2020 08:01:40 PM,652 root INFO Loss = tensor([22.5935])
05/24/2020 08:01:51 PM,731 root INFO Loss = tensor([25.0056])
05/24/2020 08:02:04 PM,23 root INFO Loss = tensor([22.8347])
05/24/2020 08:02:15 PM,556 root INFO Loss = tensor([22.9048])
05/24/2020 08:02:25 PM,475 root INFO Validation All-nodes accuracy:0.66(best:0.86)
05/24/2020 08:02:25 PM,476 root INFO Validation Root accuracy:0.81(best:0.86)
05/24/2020 08:02:25 PM,476 root INFO F1:[0.46, 0.92](best:0.99 , 0.99)
05/24/2020 08:02:53 PM,743 root INFO Training All-nodes accuracy:0.7(best:0.7)
05/24/2020 08:02:53 PM,743 root INFO Training Root accuracy:0.96(best:0.96)
05/24/2020 08:02:53 PM,744 root INFO Training F1:[0.99, 0.97](best:0.99 , 0.97)
05/24/2020 08:02:53 PM,748 root INFO Epoch: 33
05/24/2020 08:02:57 PM,324 root INFO Loss = tensor([22.0049])
05/24/2020 08:03:13 PM,736 root INFO Loss = tensor([22.1831])
05/24/2020 08:03:29 PM,312 root INFO Loss = tensor([21.4182])
05/24/2020 08:03:40 PM,306 root INFO Loss = tensor([22.2460])
05/24/2020 08:03:52 PM,226 root INFO Loss = tensor([22.8702])
05/24/2020 08:04:06 PM,62 root INFO Loss = tensor([23.6984])
05/24/2020 08:04:17 PM,586 root INFO Loss = tensor([23.5956])
05/24/2020 08:04:32 PM,439 root INFO Loss = tensor([27.1029])
05/24/2020 08:04:45 PM,787 root INFO Loss = tensor([28.7324])
05/24/2020 08:04:57 PM,707 root INFO Validation All-nodes accuracy:0.73(best:0.86)
05/24/2020 08:04:57 PM,707 root INFO Validation Root accuracy:0.81(best:0.86)
05/24/2020 08:04:57 PM,707 root INFO F1:[0.4, 0.92](best:0.99 , 0.99)
05/24/2020 08:05:25 PM,926 root INFO Training All-nodes accuracy:0.7(best:0.7)
05/24/2020 08:05:25 PM,927 root INFO Training Root accuracy:0.96(best:0.96)
05/24/2020 08:05:25 PM,927 root INFO Training F1:[0.99, 0.97](best:0.99 , 0.97)
05/24/2020 08:05:25 PM,929 root INFO Epoch: 34
05/24/2020 08:05:28 PM,263 root INFO Loss = tensor([21.6905])
05/24/2020 08:05:38 PM,855 root INFO Loss = tensor([24.6523])
05/24/2020 08:05:49 PM,917 root INFO Loss = tensor([26.8636])
05/24/2020 08:06:02 PM,191 root INFO Loss = tensor([24.0798])
05/24/2020 08:06:13 PM,509 root INFO Loss = tensor([25.2381])
05/24/2020 08:06:25 PM,535 root INFO Loss = tensor([30.5406])
05/24/2020 08:06:36 PM,726 root INFO Loss = tensor([28.1549])
05/24/2020 08:06:47 PM,729 root INFO Loss = tensor([23.7130])
05/24/2020 08:06:59 PM,969 root INFO Loss = tensor([25.4438])
05/24/2020 08:07:10 PM,337 root INFO Validation All-nodes accuracy:0.72(best:0.86)
05/24/2020 08:07:10 PM,337 root INFO Validation Root accuracy:0.76(best:0.86)
05/24/2020 08:07:10 PM,338 root INFO F1:[0.33, 0.92](best:0.99 , 0.99)
05/24/2020 08:07:34 PM,316 root INFO Training All-nodes accuracy:0.7(best:0.7)
05/24/2020 08:07:34 PM,317 root INFO Training Root accuracy:0.95(best:0.96)
05/24/2020 08:07:34 PM,317 root INFO Training F1:[0.98, 0.97](best:0.99 , 0.97)
05/24/2020 08:07:34 PM,321 root INFO Epoch: 35
05/24/2020 08:07:36 PM,783 root INFO Loss = tensor([21.7863])
05/24/2020 08:07:48 PM,123 root INFO Loss = tensor([21.4816])
05/24/2020 08:08:00 PM,433 root INFO Loss = tensor([24.0478])
05/24/2020 08:08:12 PM,317 root INFO Loss = tensor([24.1888])
05/24/2020 08:08:23 PM,871 root INFO Loss = tensor([22.3358])
05/24/2020 08:08:35 PM,867 root INFO Loss = tensor([23.4961])
05/24/2020 08:08:46 PM,877 root INFO Loss = tensor([22.7093])
05/24/2020 08:08:59 PM,389 root INFO Loss = tensor([23.5928])
05/24/2020 08:09:10 PM,125 root INFO Loss = tensor([21.5592])
05/24/2020 08:09:20 PM,118 root INFO Validation All-nodes accuracy:0.72(best:0.86)
05/24/2020 08:09:20 PM,119 root INFO Validation Root accuracy:0.79(best:0.86)
05/24/2020 08:09:20 PM,119 root INFO F1:[0.4, 0.92](best:0.99 , 0.99)
05/24/2020 08:09:44 PM,160 root INFO Training All-nodes accuracy:0.7(best:0.7)
05/24/2020 08:09:44 PM,160 root INFO Training Root accuracy:0.94(best:0.96)
05/24/2020 08:09:44 PM,161 root INFO Training F1:[0.99, 0.95](best:0.99 , 0.97)
05/24/2020 08:09:44 PM,163 root INFO Epoch: 36
05/24/2020 08:09:46 PM,694 root INFO Loss = tensor([21.4035])
05/24/2020 08:09:58 PM,866 root INFO Loss = tensor([22.3889])
05/24/2020 08:10:09 PM,931 root INFO Loss = tensor([21.2044])
05/24/2020 08:10:20 PM,599 root INFO Loss = tensor([24.6678])
05/24/2020 08:10:33 PM,243 root INFO Loss = tensor([25.0377])
05/24/2020 08:10:44 PM,182 root INFO Loss = tensor([23.0284])
05/24/2020 08:10:56 PM,601 root INFO Loss = tensor([28.4262])
05/24/2020 08:11:08 PM,24 root INFO Loss = tensor([30.6436])
05/24/2020 08:11:19 PM,533 root INFO Loss = tensor([29.0931])
05/24/2020 08:11:30 PM,685 root INFO Validation All-nodes accuracy:0.66(best:0.86)
05/24/2020 08:11:30 PM,686 root INFO Validation Root accuracy:0.83(best:0.86)
05/24/2020 08:11:30 PM,686 root INFO F1:[0.6, 0.92](best:0.99 , 0.99)
05/24/2020 08:11:55 PM,264 root INFO Training All-nodes accuracy:0.69(best:0.7)
05/24/2020 08:11:55 PM,264 root INFO Training Root accuracy:0.92(best:0.96)
05/24/2020 08:11:55 PM,264 root INFO Training F1:[0.98, 0.94](best:0.99 , 0.97)
05/24/2020 08:11:55 PM,267 root INFO Epoch: 37
05/24/2020 08:11:58 PM,642 root INFO Loss = tensor([23.5904])
05/24/2020 08:12:10 PM,244 root INFO Loss = tensor([29.6548])
05/24/2020 08:12:22 PM,46 root INFO Loss = tensor([35.5039])
05/24/2020 08:12:33 PM,951 root INFO Loss = tensor([35.4766])
05/24/2020 08:12:48 PM,793 root INFO Loss = tensor([31.7406])
05/24/2020 08:13:03 PM,571 root INFO Loss = tensor([22.1865])
05/24/2020 08:13:20 PM,900 root INFO Loss = tensor([36.3936])
05/24/2020 08:13:33 PM,627 root INFO Loss = tensor([38.5879])
05/24/2020 08:13:45 PM,151 root INFO Loss = tensor([37.6838])
05/24/2020 08:13:55 PM,299 root INFO Validation All-nodes accuracy:0.7(best:0.86)
05/24/2020 08:13:55 PM,299 root INFO Validation Root accuracy:0.84(best:0.86)
05/24/2020 08:13:55 PM,299 root INFO F1:[0.67, 0.92](best:0.99 , 0.99)
05/24/2020 08:14:19 PM,593 root INFO Training All-nodes accuracy:0.7(best:0.7)
05/24/2020 08:14:19 PM,594 root INFO Training Root accuracy:0.94(best:0.96)
05/24/2020 08:14:19 PM,594 root INFO Training F1:[0.99, 0.95](best:0.99 , 0.97)
05/24/2020 08:14:19 PM,597 root INFO Epoch: 38
05/24/2020 08:14:22 PM,280 root INFO Loss = tensor([23.0146])
05/24/2020 08:14:34 PM,869 root INFO Loss = tensor([22.8983])
05/24/2020 08:14:46 PM,227 root INFO Loss = tensor([24.8723])
05/24/2020 08:14:58 PM,840 root INFO Loss = tensor([21.9404])
05/24/2020 08:15:10 PM,674 root INFO Loss = tensor([26.0703])
05/24/2020 08:15:21 PM,855 root INFO Loss = tensor([28.1946])
05/24/2020 08:15:34 PM,492 root INFO Loss = tensor([24.9722])
05/24/2020 08:15:45 PM,760 root INFO Loss = tensor([23.0388])
05/24/2020 08:15:57 PM,944 root INFO Loss = tensor([24.0189])
05/24/2020 08:16:09 PM,97 root INFO Validation All-nodes accuracy:0.61(best:0.86)
05/24/2020 08:16:09 PM,98 root INFO Validation Root accuracy:0.82(best:0.86)
05/24/2020 08:16:09 PM,98 root INFO F1:[0.5, 0.92](best:0.99 , 0.99)
05/24/2020 08:16:33 PM,513 root INFO Training All-nodes accuracy:0.7(best:0.7)
05/24/2020 08:16:33 PM,513 root INFO Training Root accuracy:0.96(best:0.96)
05/24/2020 08:16:33 PM,513 root INFO Training F1:[0.99, 0.97](best:0.99 , 0.97)
05/24/2020 08:16:33 PM,515 root INFO Epoch: 39
05/24/2020 08:16:36 PM,134 root INFO Loss = tensor([22.1834])
05/24/2020 08:16:47 PM,827 root INFO Loss = tensor([21.1580])
05/24/2020 08:16:59 PM,813 root INFO Loss = tensor([22.4594])
05/24/2020 08:17:12 PM,70 root INFO Loss = tensor([24.1597])
05/24/2020 08:17:23 PM,428 root INFO Loss = tensor([22.3483])
05/24/2020 08:17:36 PM,871 root INFO Loss = tensor([22.9345])
05/24/2020 08:17:50 PM,13 root INFO Loss = tensor([23.4892])
05/24/2020 08:18:03 PM,246 root INFO Loss = tensor([22.8080])
05/24/2020 08:18:14 PM,602 root INFO Loss = tensor([22.9557])
05/24/2020 08:18:24 PM,974 root INFO Validation All-nodes accuracy:0.68(best:0.86)
05/24/2020 08:18:24 PM,975 root INFO Validation Root accuracy:0.8(best:0.86)
05/24/2020 08:18:24 PM,975 root INFO F1:[0.36, 0.92](best:0.99 , 0.99)
05/24/2020 08:18:50 PM,105 root INFO Training All-nodes accuracy:0.7(best:0.7)
05/24/2020 08:18:50 PM,106 root INFO Training Root accuracy:0.96(best:0.96)
05/24/2020 08:18:50 PM,106 root INFO Training F1:[0.99, 0.97](best:0.99 , 0.97)
05/24/2020 08:18:50 PM,108 root INFO Epoch: 40
05/24/2020 08:18:52 PM,776 root INFO Loss = tensor([23.3583])
05/24/2020 08:19:06 PM,477 root INFO Loss = tensor([22.5366])
05/24/2020 08:19:18 PM,431 root INFO Loss = tensor([22.5188])
05/24/2020 08:19:31 PM,797 root INFO Loss = tensor([21.1802])
05/24/2020 08:19:43 PM,644 root INFO Loss = tensor([22.3160])
05/24/2020 08:19:55 PM,939 root INFO Loss = tensor([21.4677])
05/24/2020 08:20:07 PM,937 root INFO Loss = tensor([21.0918])
05/24/2020 08:20:18 PM,326 root INFO Loss = tensor([22.9129])
05/24/2020 08:20:29 PM,252 root INFO Loss = tensor([21.2567])
05/24/2020 08:20:39 PM,697 root INFO Validation All-nodes accuracy:0.66(best:0.86)
05/24/2020 08:20:39 PM,697 root INFO Validation Root accuracy:0.79(best:0.86)
05/24/2020 08:20:39 PM,697 root INFO F1:[0.33, 0.92](best:0.99 , 0.99)
05/24/2020 08:21:03 PM,186 root INFO Training All-nodes accuracy:0.71(best:0.71)
05/24/2020 08:21:03 PM,187 root INFO Training Root accuracy:0.97(best:0.97)
05/24/2020 08:21:03 PM,187 root INFO Training F1:[0.99, 0.98](best:0.99 , 0.98)
05/24/2020 08:21:03 PM,189 root INFO Epoch: 41
05/24/2020 08:21:05 PM,723 root INFO Loss = tensor([21.5555])
05/24/2020 08:21:16 PM,684 root INFO Loss = tensor([26.8806])
05/24/2020 08:21:28 PM,0 root INFO Loss = tensor([31.8922])
05/24/2020 08:21:40 PM,294 root INFO Loss = tensor([24.5090])
05/24/2020 08:21:51 PM,485 root INFO Loss = tensor([22.4538])
05/24/2020 08:22:03 PM,530 root INFO Loss = tensor([24.4626])
05/24/2020 08:22:15 PM,161 root INFO Loss = tensor([20.0805])
05/24/2020 08:22:27 PM,95 root INFO Loss = tensor([23.2608])
05/24/2020 08:22:40 PM,343 root INFO Loss = tensor([21.3769])
05/24/2020 08:22:51 PM,842 root INFO Validation All-nodes accuracy:0.69(best:0.86)
05/24/2020 08:22:51 PM,843 root INFO Validation Root accuracy:0.82(best:0.86)
05/24/2020 08:22:51 PM,843 root INFO F1:[0.5, 0.92](best:0.99 , 0.99)
05/24/2020 08:23:18 PM,452 root INFO Training All-nodes accuracy:0.7(best:0.71)
05/24/2020 08:23:18 PM,452 root INFO Training Root accuracy:0.96(best:0.97)
05/24/2020 08:23:18 PM,453 root INFO Training F1:[1.0, 0.96](best:1.0 , 0.98)
05/24/2020 08:23:18 PM,458 root INFO Epoch: 42
05/24/2020 08:23:21 PM,398 root INFO Loss = tensor([22.9218])
05/24/2020 08:23:35 PM,106 root INFO Loss = tensor([23.1839])
05/24/2020 08:23:47 PM,785 root INFO Loss = tensor([23.0635])
05/24/2020 08:23:59 PM,987 root INFO Loss = tensor([21.0430])
05/24/2020 08:24:13 PM,606 root INFO Loss = tensor([25.0603])
05/24/2020 08:24:25 PM,730 root INFO Loss = tensor([27.0002])
05/24/2020 08:24:39 PM,617 root INFO Loss = tensor([23.1595])
05/24/2020 08:24:52 PM,486 root INFO Loss = tensor([24.2521])
05/24/2020 08:25:06 PM,674 root INFO Loss = tensor([24.5477])
05/24/2020 08:25:18 PM,560 root INFO Validation All-nodes accuracy:0.63(best:0.86)
05/24/2020 08:25:18 PM,560 root INFO Validation Root accuracy:0.76(best:0.86)
05/24/2020 08:25:18 PM,560 root INFO F1:[0.32, 0.92](best:0.99 , 0.99)
05/24/2020 08:25:46 PM,444 root INFO Training All-nodes accuracy:0.7(best:0.71)
05/24/2020 08:25:46 PM,444 root INFO Training Root accuracy:0.96(best:0.97)
05/24/2020 08:25:46 PM,444 root INFO Training F1:[0.98, 0.98](best:1.0 , 0.98)
05/24/2020 08:25:46 PM,447 root INFO Epoch: 43
05/24/2020 08:25:49 PM,429 root INFO Loss = tensor([21.9014])
05/24/2020 08:26:02 PM,954 root INFO Loss = tensor([21.3707])
05/24/2020 08:26:17 PM,149 root INFO Loss = tensor([22.8338])
05/24/2020 08:26:31 PM,93 root INFO Loss = tensor([22.6714])
05/24/2020 08:26:46 PM,47 root INFO Loss = tensor([25.0516])
05/24/2020 08:27:00 PM,316 root INFO Loss = tensor([24.3536])
05/24/2020 08:27:13 PM,518 root INFO Loss = tensor([20.8984])
05/24/2020 08:27:24 PM,632 root INFO Loss = tensor([22.2418])
05/24/2020 08:27:36 PM,815 root INFO Loss = tensor([21.5715])
05/24/2020 08:27:47 PM,694 root INFO Validation All-nodes accuracy:0.65(best:0.86)
05/24/2020 08:27:47 PM,694 root INFO Validation Root accuracy:0.81(best:0.86)
05/24/2020 08:27:47 PM,694 root INFO F1:[0.46, 0.92](best:0.99 , 0.99)
05/24/2020 08:28:12 PM,448 root INFO Training All-nodes accuracy:0.71(best:0.71)
05/24/2020 08:28:12 PM,448 root INFO Training Root accuracy:0.96(best:0.97)
05/24/2020 08:28:12 PM,448 root INFO Training F1:[0.99, 0.97](best:1.0 , 0.98)
05/24/2020 08:28:12 PM,452 root INFO Epoch: 44
05/24/2020 08:28:15 PM,197 root INFO Loss = tensor([20.1024])
05/24/2020 08:28:27 PM,189 root INFO Loss = tensor([20.4604])
05/24/2020 08:28:39 PM,7 root INFO Loss = tensor([22.3273])
05/24/2020 08:28:51 PM,586 root INFO Loss = tensor([22.7163])
05/24/2020 08:29:03 PM,573 root INFO Loss = tensor([22.5883])
05/24/2020 08:29:16 PM,511 root INFO Loss = tensor([23.0503])
05/24/2020 08:29:28 PM,871 root INFO Loss = tensor([24.6873])
05/24/2020 08:29:41 PM,737 root INFO Loss = tensor([21.9854])
05/24/2020 08:29:53 PM,979 root INFO Loss = tensor([23.5382])
05/24/2020 08:30:05 PM,767 root INFO Validation All-nodes accuracy:0.7(best:0.86)
05/24/2020 08:30:05 PM,768 root INFO Validation Root accuracy:0.76(best:0.86)
05/24/2020 08:30:05 PM,768 root INFO F1:[0.25, 0.91](best:0.99 , 0.99)
05/24/2020 08:30:31 PM,138 root INFO Training All-nodes accuracy:0.71(best:0.71)
05/24/2020 08:30:31 PM,138 root INFO Training Root accuracy:0.97(best:0.97)
05/24/2020 08:30:31 PM,139 root INFO Training F1:[0.98, 0.98](best:1.0 , 0.98)
05/24/2020 08:30:31 PM,141 root INFO Epoch: 45
05/24/2020 08:30:34 PM,137 root INFO Loss = tensor([22.4755])
05/24/2020 08:30:46 PM,989 root INFO Loss = tensor([20.3400])
05/24/2020 08:30:59 PM,320 root INFO Loss = tensor([22.5097])
05/24/2020 08:31:11 PM,810 root INFO Loss = tensor([20.7694])
05/24/2020 08:31:23 PM,710 root INFO Loss = tensor([23.2240])
05/24/2020 08:31:36 PM,181 root INFO Loss = tensor([23.0366])
05/24/2020 08:31:49 PM,426 root INFO Loss = tensor([22.8188])
05/24/2020 08:32:02 PM,352 root INFO Loss = tensor([21.8185])
05/24/2020 08:32:14 PM,974 root INFO Loss = tensor([20.8125])
05/24/2020 08:32:26 PM,45 root INFO Validation All-nodes accuracy:0.69(best:0.86)
05/24/2020 08:32:26 PM,45 root INFO Validation Root accuracy:0.81(best:0.86)
05/24/2020 08:32:26 PM,45 root INFO F1:[0.4, 0.92](best:0.99 , 0.99)
05/24/2020 08:32:52 PM,485 root INFO Training All-nodes accuracy:0.71(best:0.71)
05/24/2020 08:32:52 PM,485 root INFO Training Root accuracy:0.97(best:0.97)
05/24/2020 08:32:52 PM,486 root INFO Training F1:[1.0, 0.98](best:1.0 , 0.98)
05/24/2020 08:32:52 PM,488 root INFO Epoch: 46
05/24/2020 08:32:55 PM,436 root INFO Loss = tensor([22.5548])
05/24/2020 08:33:08 PM,506 root INFO Loss = tensor([21.2335])
05/24/2020 08:33:21 PM,420 root INFO Loss = tensor([22.4901])
05/24/2020 08:33:34 PM,657 root INFO Loss = tensor([20.7793])
05/24/2020 08:33:47 PM,447 root INFO Loss = tensor([21.8235])
05/24/2020 08:34:00 PM,848 root INFO Loss = tensor([24.0961])
05/24/2020 08:34:14 PM,725 root INFO Loss = tensor([20.7563])
05/24/2020 08:34:27 PM,839 root INFO Loss = tensor([21.0841])
05/24/2020 08:34:41 PM,68 root INFO Loss = tensor([21.3021])
05/24/2020 08:38:35 PM,792 root INFO Validation All-nodes accuracy:0.66(best:0.86)
05/24/2020 08:38:35 PM,792 root INFO Validation Root accuracy:0.81(best:0.86)
05/24/2020 08:38:35 PM,793 root INFO F1:[0.4, 0.92](best:0.99 , 0.99)
05/24/2020 08:38:59 PM,873 root INFO Training All-nodes accuracy:0.71(best:0.71)
05/24/2020 08:38:59 PM,873 root INFO Training Root accuracy:0.97(best:0.97)
05/24/2020 08:38:59 PM,873 root INFO Training F1:[0.99, 0.98](best:1.0 , 0.98)
05/24/2020 08:38:59 PM,875 root INFO Epoch: 47
05/24/2020 08:39:03 PM,181 root INFO Loss = tensor([20.9846])
05/24/2020 08:39:14 PM,326 root INFO Loss = tensor([22.1138])
05/24/2020 08:39:25 PM,340 root INFO Loss = tensor([21.4600])
05/24/2020 08:39:37 PM,657 root INFO Loss = tensor([25.6477])
05/24/2020 08:39:48 PM,610 root INFO Loss = tensor([23.6595])
05/24/2020 08:39:59 PM,110 root INFO Loss = tensor([22.8729])
05/24/2020 08:40:10 PM,898 root INFO Loss = tensor([23.8467])
05/24/2020 08:40:21 PM,644 root INFO Loss = tensor([27.1628])
05/24/2020 08:40:32 PM,939 root INFO Loss = tensor([23.6811])
05/24/2020 08:40:43 PM,456 root INFO Validation All-nodes accuracy:0.62(best:0.86)
05/24/2020 08:40:43 PM,456 root INFO Validation Root accuracy:0.78(best:0.86)
05/24/2020 08:40:43 PM,456 root INFO F1:[0.31, 0.91](best:0.99 , 0.99)
05/24/2020 08:41:07 PM,131 root INFO Training All-nodes accuracy:0.71(best:0.71)
05/24/2020 08:41:07 PM,131 root INFO Training Root accuracy:0.98(best:0.98)
05/24/2020 08:41:07 PM,132 root INFO Training F1:[0.99, 0.98](best:1.0 , 0.98)
05/24/2020 08:41:07 PM,134 root INFO Epoch: 48
05/24/2020 08:41:09 PM,476 root INFO Loss = tensor([20.1815])
05/24/2020 08:41:19 PM,973 root INFO Loss = tensor([24.1024])
05/24/2020 08:41:31 PM,350 root INFO Loss = tensor([22.9830])
05/24/2020 08:41:43 PM,62 root INFO Loss = tensor([20.7038])
05/24/2020 08:41:53 PM,761 root INFO Loss = tensor([24.2281])
05/24/2020 08:42:05 PM,514 root INFO Loss = tensor([26.7011])
05/24/2020 08:42:16 PM,123 root INFO Loss = tensor([24.1694])
05/24/2020 08:42:26 PM,681 root INFO Loss = tensor([23.6363])
05/24/2020 08:42:37 PM,726 root INFO Loss = tensor([27.8707])
05/24/2020 08:42:47 PM,500 root INFO Validation All-nodes accuracy:0.63(best:0.86)
05/24/2020 08:42:47 PM,501 root INFO Validation Root accuracy:0.8(best:0.86)
05/24/2020 08:42:47 PM,501 root INFO F1:[0.36, 0.92](best:0.99 , 0.99)
05/24/2020 08:43:10 PM,921 root INFO Training All-nodes accuracy:0.71(best:0.71)
05/24/2020 08:43:10 PM,921 root INFO Training Root accuracy:0.98(best:0.98)
05/24/2020 08:43:10 PM,922 root INFO Training F1:[0.99, 0.99](best:1.0 , 0.99)
05/24/2020 08:43:10 PM,923 root INFO Epoch: 49
05/24/2020 08:43:13 PM,481 root INFO Loss = tensor([21.8089])
05/24/2020 08:43:24 PM,247 root INFO Loss = tensor([20.1370])
05/24/2020 08:43:35 PM,481 root INFO Loss = tensor([20.4378])
05/24/2020 08:43:47 PM,636 root INFO Loss = tensor([20.3135])
05/24/2020 08:43:58 PM,74 root INFO Loss = tensor([22.9979])
05/24/2020 08:44:11 PM,438 root INFO Loss = tensor([21.5831])
05/24/2020 08:44:23 PM,744 root INFO Loss = tensor([21.5169])
05/24/2020 08:44:36 PM,932 root INFO Loss = tensor([22.6236])
05/24/2020 08:44:49 PM,378 root INFO Loss = tensor([20.9084])
05/24/2020 08:44:59 PM,922 root INFO Validation All-nodes accuracy:0.65(best:0.86)
05/24/2020 08:44:59 PM,922 root INFO Validation Root accuracy:0.77(best:0.86)
05/24/2020 08:44:59 PM,922 root INFO F1:[0.29, 0.91](best:0.99 , 0.99)
05/24/2020 08:45:44 PM,44 root INFO Training All-nodes accuracy:0.72(best:0.72)
05/24/2020 08:45:44 PM,44 root INFO Training Root accuracy:0.98(best:0.98)
05/24/2020 08:45:44 PM,45 root INFO Training F1:[0.99, 0.99](best:1.0 , 0.99)
