02/16/2020 11:13:44 PM,247 gensim.models.utils_any2vec INFO loading projection weights from /MTP/makeCollections/GoogleNews-vectors-negative300.bin
02/16/2020 11:16:56 PM,613 gensim.models.utils_any2vec INFO loading projection weights from /MTP/finetune-word2vec/w2v-models/GoogleNews-vectors-negative300.bin
02/16/2020 11:19:42 PM,434 gensim.models.utils_any2vec INFO loaded (3000000, 300) matrix from /MTP/finetune-word2vec/w2v-models/GoogleNews-vectors-negative300.bin
02/16/2020 11:35:13 PM,324 root INFO Using an existing server http://localhost:9000
02/16/2020 11:35:14 PM,349 root INFO The server is available.
02/16/2020 11:40:22 PM,281 root INFO Using an existing server http://localhost:9000
02/16/2020 11:40:23 PM,285 root INFO The server is available.
02/17/2020 12:33:31 AM,739 root INFO Using an existing server http://localhost:9000
02/17/2020 12:33:32 AM,754 root INFO The server is available.
02/17/2020 01:42:25 AM,628 root INFO Using an existing server http://localhost:9000
02/17/2020 01:42:26 AM,691 root INFO The server is available.
02/17/2020 02:05:47 AM,526 root INFO Start logging
02/17/2020 02:05:53 AM,742 root INFO Epoch: 0
02/17/2020 02:05:57 AM,237 root INFO Loss = tensor([32.7473])
02/17/2020 02:06:15 AM,182 root INFO Loss = tensor([30.9307])
02/17/2020 02:06:38 AM,405 root INFO Loss = tensor([29.9817])
02/17/2020 02:06:57 AM,237 root INFO Loss = tensor([29.2538])
02/17/2020 02:07:15 AM,950 root INFO Loss = tensor([29.9497])
02/17/2020 02:07:33 AM,263 root INFO Loss = tensor([27.4865])
02/17/2020 02:07:54 AM,362 root INFO Loss = tensor([33.3710])
02/17/2020 02:08:13 AM,817 root INFO Loss = tensor([29.1159])
02/17/2020 02:08:34 AM,53 root INFO Loss = tensor([32.4265])
02/17/2020 02:08:56 AM,180 root INFO Loss = tensor([33.8951])
02/17/2020 02:09:32 AM,289 root INFO Loss = tensor([33.3058])
02/17/2020 02:09:52 AM,705 root INFO Loss = tensor([31.9944])
02/17/2020 02:10:11 AM,329 root INFO Loss = tensor([29.8640])
02/17/2020 02:10:31 AM,76 root INFO Loss = tensor([31.8313])
02/17/2020 02:10:53 AM,272 root INFO Loss = tensor([32.8038])
02/17/2020 02:11:12 AM,567 root INFO Loss = tensor([29.2277])
02/17/2020 02:11:30 AM,111 root INFO Loss = tensor([31.4178])
02/17/2020 02:11:50 AM,297 root INFO Loss = tensor([31.2649])
02/17/2020 02:12:09 AM,971 root INFO Loss = tensor([28.0196])
02/17/2020 02:12:29 AM,923 root INFO Loss = tensor([24.9873])
02/17/2020 02:12:52 AM,818 root INFO Validation All-nodes accuracy:0.66(best:0.66)
02/17/2020 02:12:52 AM,818 root INFO Validation Root accuracy:0.66(best:0.66)
02/17/2020 02:12:52 AM,819 root INFO F1:[0.79, 0.5](best:0.79 , 0.5)
02/17/2020 02:13:53 AM,478 root INFO Training All-nodes accuracy:0.65(best:0.65)
02/17/2020 02:13:53 AM,481 root INFO Training Root accuracy:0.66(best:0.66)
02/17/2020 02:13:53 AM,481 root INFO Training F1:[0.79, 0.5](best:0.79 , 0.5)
02/17/2020 02:13:53 AM,489 root INFO Epoch: 1
02/17/2020 02:13:56 AM,414 root INFO Loss = tensor([28.6728])
02/17/2020 02:14:18 AM,923 root INFO Loss = tensor([26.8734])
02/17/2020 02:14:41 AM,380 root INFO Loss = tensor([28.3048])
02/17/2020 02:15:03 AM,619 root INFO Loss = tensor([38.9800])
02/17/2020 02:15:25 AM,260 root INFO Loss = tensor([35.1739])
02/17/2020 02:15:46 AM,455 root INFO Loss = tensor([31.7074])
02/17/2020 02:16:07 AM,790 root INFO Loss = tensor([35.4546])
02/17/2020 02:16:31 AM,195 root INFO Loss = tensor([30.9330])
02/17/2020 02:16:54 AM,828 root INFO Loss = tensor([29.8698])
02/17/2020 02:17:15 AM,173 root INFO Loss = tensor([33.7328])
02/17/2020 02:17:36 AM,572 root INFO Loss = tensor([30.1484])
02/17/2020 02:17:57 AM,584 root INFO Loss = tensor([31.0937])
02/17/2020 02:18:19 AM,690 root INFO Loss = tensor([31.7363])
02/17/2020 02:18:41 AM,459 root INFO Loss = tensor([31.1808])
02/17/2020 02:19:02 AM,581 root INFO Loss = tensor([32.8879])
02/17/2020 02:19:24 AM,669 root INFO Loss = tensor([31.3511])
02/17/2020 02:19:45 AM,929 root INFO Loss = tensor([31.3108])
02/17/2020 02:20:17 AM,123 root INFO Loss = tensor([32.5395])
02/17/2020 02:20:42 AM,310 root INFO Loss = tensor([28.3729])
02/17/2020 02:21:03 AM,935 root INFO Loss = tensor([30.6773])
02/17/2020 02:21:25 AM,813 root INFO Validation All-nodes accuracy:0.66(best:0.66)
02/17/2020 02:21:25 AM,814 root INFO Validation Root accuracy:0.66(best:0.66)
02/17/2020 02:21:25 AM,814 root INFO F1:[0.79, 0.5](best:0.79 , 0.5)
02/17/2020 02:22:18 AM,589 root INFO Training All-nodes accuracy:0.65(best:0.65)
02/17/2020 02:22:18 AM,591 root INFO Training Root accuracy:0.66(best:0.66)
02/17/2020 02:22:18 AM,591 root INFO Training F1:[0.79, 0.5](best:0.79 , 0.5)
02/17/2020 02:22:18 AM,595 root INFO Epoch: 2
02/17/2020 02:22:21 AM,116 root INFO Loss = tensor([30.0541])
02/17/2020 02:22:42 AM,837 root INFO Loss = tensor([27.1800])
02/17/2020 02:23:05 AM,308 root INFO Loss = tensor([28.9157])
02/17/2020 02:23:30 AM,234 root INFO Loss = tensor([33.4135])
02/17/2020 02:23:53 AM,78 root INFO Loss = tensor([29.8828])
02/17/2020 02:24:19 AM,385 root INFO Loss = tensor([30.2495])
02/17/2020 02:24:42 AM,22 root INFO Loss = tensor([32.1994])
02/17/2020 02:25:08 AM,563 root INFO Loss = tensor([30.8098])
02/17/2020 02:25:32 AM,693 root INFO Loss = tensor([31.0768])
02/17/2020 02:26:03 AM,80 root INFO Loss = tensor([31.1039])
02/17/2020 02:26:32 AM,442 root INFO Loss = tensor([29.1693])
02/17/2020 02:27:00 AM,729 root INFO Loss = tensor([30.0778])
02/17/2020 02:27:29 AM,783 root INFO Loss = tensor([31.5548])
02/17/2020 02:28:00 AM,728 root INFO Loss = tensor([30.5221])
02/17/2020 02:28:29 AM,616 root INFO Loss = tensor([28.8737])
02/17/2020 02:28:50 AM,888 root INFO Loss = tensor([30.5519])
02/17/2020 02:29:13 AM,79 root INFO Loss = tensor([32.8196])
02/17/2020 02:29:34 AM,406 root INFO Loss = tensor([31.6809])
02/17/2020 02:29:55 AM,418 root INFO Loss = tensor([28.1139])
02/17/2020 02:30:14 AM,681 root INFO Loss = tensor([28.2831])
02/17/2020 02:30:32 AM,813 root INFO Validation All-nodes accuracy:0.66(best:0.66)
02/17/2020 02:30:32 AM,814 root INFO Validation Root accuracy:0.66(best:0.66)
02/17/2020 02:30:32 AM,814 root INFO F1:[0.79, 0.5](best:0.79 , 0.5)
02/17/2020 02:31:22 AM,605 root INFO Training All-nodes accuracy:0.65(best:0.65)
02/17/2020 02:31:22 AM,607 root INFO Training Root accuracy:0.66(best:0.66)
02/17/2020 02:31:22 AM,607 root INFO Training F1:[0.79, 0.5](best:0.79 , 0.5)
02/17/2020 02:31:22 AM,612 root INFO Epoch: 3
02/17/2020 02:31:25 AM,354 root INFO Loss = tensor([29.7125])
02/17/2020 02:31:47 AM,979 root INFO Loss = tensor([31.2299])
02/17/2020 02:32:09 AM,90 root INFO Loss = tensor([29.3611])
02/17/2020 02:32:45 AM,76 root INFO Loss = tensor([27.4156])
02/17/2020 02:33:13 AM,845 root INFO Loss = tensor([30.6188])
02/17/2020 02:33:41 AM,31 root INFO Loss = tensor([29.1123])
02/17/2020 02:34:13 AM,110 root INFO Loss = tensor([29.1566])
02/17/2020 02:34:46 AM,931 root INFO Loss = tensor([28.5198])
02/17/2020 02:35:21 AM,337 root INFO Loss = tensor([29.6356])
02/17/2020 02:35:59 AM,747 root INFO Loss = tensor([30.6134])
02/17/2020 02:36:29 AM,622 root INFO Loss = tensor([32.2855])
02/17/2020 02:36:54 AM,689 root INFO Loss = tensor([33.2695])
02/17/2020 02:37:21 AM,32 root INFO Loss = tensor([29.4092])
02/17/2020 02:37:45 AM,245 root INFO Loss = tensor([31.4005])
02/17/2020 02:38:10 AM,61 root INFO Loss = tensor([30.8985])
02/17/2020 02:38:34 AM,271 root INFO Loss = tensor([28.5557])
02/17/2020 02:38:57 AM,621 root INFO Loss = tensor([28.9296])
02/17/2020 02:39:20 AM,301 root INFO Loss = tensor([31.0496])
02/17/2020 02:39:44 AM,267 root INFO Loss = tensor([29.8006])
02/17/2020 02:40:07 AM,150 root INFO Loss = tensor([29.3325])
02/17/2020 02:40:28 AM,105 root INFO Validation All-nodes accuracy:0.66(best:0.66)
02/17/2020 02:40:28 AM,106 root INFO Validation Root accuracy:0.66(best:0.66)
02/17/2020 02:40:28 AM,106 root INFO F1:[0.79, 0.5](best:0.79 , 0.5)
02/17/2020 02:41:24 AM,776 root INFO Training All-nodes accuracy:0.65(best:0.65)
02/17/2020 02:41:24 AM,778 root INFO Training Root accuracy:0.66(best:0.66)
02/17/2020 02:41:24 AM,778 root INFO Training F1:[0.79, 0.5](best:0.79 , 0.5)
02/17/2020 02:41:24 AM,786 root INFO Epoch: 4
02/17/2020 02:41:27 AM,471 root INFO Loss = tensor([28.6900])
02/17/2020 02:41:51 AM,340 root INFO Loss = tensor([29.0353])
02/17/2020 02:42:15 AM,578 root INFO Loss = tensor([29.9833])
02/17/2020 02:42:40 AM,564 root INFO Loss = tensor([29.9496])
02/17/2020 02:43:12 AM,483 root INFO Loss = tensor([28.3445])
02/17/2020 02:43:36 AM,659 root INFO Loss = tensor([29.1702])
02/17/2020 02:43:59 AM,212 root INFO Loss = tensor([27.2234])
02/17/2020 02:44:21 AM,797 root INFO Loss = tensor([31.7099])
02/17/2020 02:44:47 AM,76 root INFO Loss = tensor([28.3364])
02/17/2020 02:45:12 AM,119 root INFO Loss = tensor([31.2833])
02/17/2020 02:45:33 AM,700 root INFO Loss = tensor([28.5876])
02/17/2020 02:45:57 AM,355 root INFO Loss = tensor([29.3059])
02/17/2020 02:46:19 AM,515 root INFO Loss = tensor([29.7362])
02/17/2020 02:46:41 AM,940 root INFO Loss = tensor([30.9440])
02/17/2020 02:47:06 AM,390 root INFO Loss = tensor([31.9275])
02/17/2020 02:47:28 AM,341 root INFO Loss = tensor([30.4164])
02/17/2020 02:47:50 AM,104 root INFO Loss = tensor([32.9581])
02/17/2020 02:48:14 AM,95 root INFO Loss = tensor([29.3204])
02/17/2020 02:48:35 AM,32 root INFO Loss = tensor([32.3007])
02/17/2020 02:48:58 AM,714 root INFO Loss = tensor([29.8448])
02/17/2020 02:49:18 AM,735 root INFO Validation All-nodes accuracy:0.66(best:0.66)
02/17/2020 02:49:18 AM,736 root INFO Validation Root accuracy:0.66(best:0.66)
02/17/2020 02:49:18 AM,736 root INFO F1:[0.79, 0.5](best:0.79 , 0.5)
02/17/2020 02:50:21 AM,115 root INFO Training All-nodes accuracy:0.65(best:0.65)
02/17/2020 02:50:21 AM,123 root INFO Training Root accuracy:0.66(best:0.66)
02/17/2020 02:50:21 AM,123 root INFO Training F1:[0.79, 0.5](best:0.79 , 0.5)
02/17/2020 02:50:21 AM,128 root INFO Epoch: 5
02/17/2020 02:50:24 AM,373 root INFO Loss = tensor([31.6428])
02/17/2020 02:50:49 AM,59 root INFO Loss = tensor([31.9890])
02/17/2020 02:51:14 AM,72 root INFO Loss = tensor([27.0800])
02/17/2020 02:51:35 AM,207 root INFO Loss = tensor([30.5512])
02/17/2020 02:52:02 AM,810 root INFO Loss = tensor([31.3292])
02/17/2020 02:52:27 AM,909 root INFO Loss = tensor([29.8778])
02/17/2020 02:52:52 AM,992 root INFO Loss = tensor([27.7420])
02/17/2020 02:53:16 AM,633 root INFO Loss = tensor([32.2831])
02/17/2020 02:53:40 AM,50 root INFO Loss = tensor([30.8553])
02/17/2020 02:54:02 AM,836 root INFO Loss = tensor([31.7609])
02/17/2020 02:54:27 AM,66 root INFO Loss = tensor([31.3494])
02/17/2020 02:54:51 AM,186 root INFO Loss = tensor([27.8804])
02/17/2020 02:55:14 AM,564 root INFO Loss = tensor([30.9012])
02/17/2020 02:55:39 AM,680 root INFO Loss = tensor([28.2735])
02/17/2020 02:56:01 AM,955 root INFO Loss = tensor([29.2828])
02/17/2020 02:56:24 AM,685 root INFO Loss = tensor([29.6042])
02/17/2020 02:56:49 AM,892 root INFO Loss = tensor([29.1907])
02/17/2020 02:57:14 AM,235 root INFO Loss = tensor([31.3914])
02/17/2020 02:57:40 AM,78 root INFO Loss = tensor([30.6325])
02/17/2020 02:58:03 AM,55 root INFO Loss = tensor([30.8545])
02/17/2020 02:58:24 AM,308 root INFO Validation All-nodes accuracy:0.66(best:0.66)
02/17/2020 02:58:24 AM,308 root INFO Validation Root accuracy:0.66(best:0.66)
02/17/2020 02:58:24 AM,309 root INFO F1:[0.79, 0.5](best:0.79 , 0.5)
02/17/2020 02:59:32 AM,280 root INFO Training All-nodes accuracy:0.65(best:0.65)
02/17/2020 02:59:32 AM,282 root INFO Training Root accuracy:0.66(best:0.66)
02/17/2020 02:59:32 AM,282 root INFO Training F1:[0.79, 0.5](best:0.79 , 0.5)
02/17/2020 02:59:32 AM,287 root INFO Epoch: 6
02/17/2020 02:59:34 AM,982 root INFO Loss = tensor([27.3723])
02/17/2020 02:59:56 AM,480 root INFO Loss = tensor([29.3906])
02/17/2020 03:00:18 AM,868 root INFO Loss = tensor([31.0088])
02/17/2020 03:00:41 AM,409 root INFO Loss = tensor([30.2124])
02/17/2020 03:01:04 AM,340 root INFO Loss = tensor([29.8745])
02/17/2020 03:01:27 AM,379 root INFO Loss = tensor([29.7944])
02/17/2020 03:01:49 AM,498 root INFO Loss = tensor([30.6677])
02/17/2020 03:02:12 AM,725 root INFO Loss = tensor([27.8940])
02/17/2020 03:02:34 AM,567 root INFO Loss = tensor([30.0716])
02/17/2020 03:02:57 AM,679 root INFO Loss = tensor([30.8820])
02/17/2020 03:03:19 AM,715 root INFO Loss = tensor([27.5867])
02/17/2020 03:03:41 AM,766 root INFO Loss = tensor([30.3602])
02/17/2020 03:04:03 AM,264 root INFO Loss = tensor([32.3790])
02/17/2020 03:04:25 AM,167 root INFO Loss = tensor([31.0842])
02/17/2020 03:04:54 AM,214 root INFO Loss = tensor([30.8119])
02/17/2020 03:05:18 AM,751 root INFO Loss = tensor([32.7437])
02/17/2020 03:05:43 AM,961 root INFO Loss = tensor([31.2667])
02/17/2020 03:06:12 AM,539 root INFO Loss = tensor([31.3742])
02/17/2020 03:06:44 AM,7 root INFO Loss = tensor([30.5424])
02/17/2020 03:07:13 AM,548 root INFO Loss = tensor([26.6809])
02/17/2020 03:07:42 AM,651 root INFO Validation All-nodes accuracy:0.66(best:0.66)
02/17/2020 03:07:42 AM,651 root INFO Validation Root accuracy:0.66(best:0.66)
02/17/2020 03:07:42 AM,651 root INFO F1:[0.79, 0.5](best:0.79 , 0.5)
02/17/2020 03:09:03 AM,877 root INFO Training All-nodes accuracy:0.65(best:0.65)
02/17/2020 03:09:03 AM,878 root INFO Training Root accuracy:0.66(best:0.66)
02/17/2020 03:09:03 AM,878 root INFO Training F1:[0.79, 0.5](best:0.79 , 0.5)
02/17/2020 03:09:03 AM,885 root INFO Epoch: 7
02/17/2020 03:09:08 AM,576 root INFO Loss = tensor([29.2572])
02/17/2020 03:09:43 AM,813 root INFO Loss = tensor([29.0582])
02/17/2020 03:10:13 AM,899 root INFO Loss = tensor([33.8950])
02/17/2020 03:10:47 AM,400 root INFO Loss = tensor([29.0022])
02/17/2020 03:11:20 AM,998 root INFO Loss = tensor([29.8176])
02/17/2020 03:11:55 AM,222 root INFO Loss = tensor([31.1151])
02/17/2020 03:12:28 AM,489 root INFO Loss = tensor([32.4284])
02/17/2020 03:12:59 AM,869 root INFO Loss = tensor([31.7013])
02/17/2020 03:13:29 AM,504 root INFO Loss = tensor([29.1912])
02/17/2020 03:14:02 AM,30 root INFO Loss = tensor([30.2997])
02/17/2020 03:14:40 AM,200 root INFO Loss = tensor([30.1007])
02/17/2020 03:15:10 AM,836 root INFO Loss = tensor([29.1389])
02/17/2020 03:15:42 AM,862 root INFO Loss = tensor([30.3373])
02/17/2020 03:16:17 AM,598 root INFO Loss = tensor([30.6069])
02/17/2020 03:16:48 AM,498 root INFO Loss = tensor([30.3024])
02/17/2020 03:17:23 AM,569 root INFO Loss = tensor([29.1659])
02/17/2020 03:17:55 AM,359 root INFO Loss = tensor([31.4778])
02/17/2020 03:18:27 AM,45 root INFO Loss = tensor([28.8764])
02/17/2020 03:18:57 AM,753 root INFO Loss = tensor([30.2279])
02/17/2020 03:19:28 AM,208 root INFO Loss = tensor([29.5417])
02/17/2020 03:19:56 AM,340 root INFO Validation All-nodes accuracy:0.66(best:0.66)
02/17/2020 03:19:56 AM,340 root INFO Validation Root accuracy:0.66(best:0.66)
02/17/2020 03:19:56 AM,341 root INFO F1:[0.79, 0.5](best:0.79 , 0.5)
02/17/2020 03:21:18 AM,508 root INFO Training All-nodes accuracy:0.65(best:0.65)
02/17/2020 03:21:18 AM,510 root INFO Training Root accuracy:0.66(best:0.66)
02/17/2020 03:21:18 AM,511 root INFO Training F1:[0.79, 0.5](best:0.79 , 0.5)
02/17/2020 03:21:18 AM,524 root INFO Epoch: 8
02/17/2020 03:21:22 AM,739 root INFO Loss = tensor([28.1998])
02/17/2020 03:21:59 AM,218 root INFO Loss = tensor([29.6515])
02/17/2020 03:22:38 AM,76 root INFO Loss = tensor([32.0503])
02/17/2020 03:23:12 AM,902 root INFO Loss = tensor([30.9563])
02/17/2020 03:23:46 AM,321 root INFO Loss = tensor([30.3176])
02/17/2020 03:24:14 AM,307 root INFO Loss = tensor([29.3423])
02/17/2020 03:24:46 AM,57 root INFO Loss = tensor([30.2614])
02/17/2020 03:25:16 AM,587 root INFO Loss = tensor([31.0289])
02/17/2020 03:25:52 AM,426 root INFO Loss = tensor([29.6437])
02/17/2020 03:26:31 AM,985 root INFO Loss = tensor([30.4265])
02/17/2020 03:27:09 AM,874 root INFO Loss = tensor([29.5870])
02/17/2020 03:27:44 AM,236 root INFO Loss = tensor([31.1976])
02/17/2020 03:28:24 AM,806 root INFO Loss = tensor([30.1854])
02/17/2020 03:29:04 AM,566 root INFO Loss = tensor([31.1524])
02/17/2020 03:29:42 AM,389 root INFO Loss = tensor([32.4066])
02/17/2020 03:30:16 AM,895 root INFO Loss = tensor([30.3327])
02/17/2020 03:30:54 AM,769 root INFO Loss = tensor([31.7208])
02/17/2020 03:31:29 AM,51 root INFO Loss = tensor([32.7366])
02/17/2020 03:33:22 AM,424 root INFO Loss = tensor([28.6758])
02/17/2020 03:34:00 AM,156 root INFO Loss = tensor([30.4694])
02/17/2020 03:34:36 AM,115 root INFO Validation All-nodes accuracy:0.66(best:0.66)
02/17/2020 03:34:36 AM,116 root INFO Validation Root accuracy:0.66(best:0.66)
02/17/2020 03:34:36 AM,116 root INFO F1:[0.79, 0.5](best:0.79 , 0.5)
02/17/2020 03:36:08 AM,185 root INFO Training All-nodes accuracy:0.65(best:0.65)
02/17/2020 03:36:08 AM,185 root INFO Training Root accuracy:0.66(best:0.66)
02/17/2020 03:36:08 AM,185 root INFO Training F1:[0.79, 0.5](best:0.79 , 0.5)
02/17/2020 03:36:08 AM,191 root INFO Epoch: 9
02/17/2020 03:36:11 AM,893 root INFO Loss = tensor([28.1849])
02/17/2020 03:36:52 AM,894 root INFO Loss = tensor([27.8430])
02/17/2020 03:37:26 AM,586 root INFO Loss = tensor([28.0468])
02/17/2020 03:38:06 AM,960 root INFO Loss = tensor([31.9703])
02/17/2020 03:38:39 AM,350 root INFO Loss = tensor([27.0378])
02/17/2020 03:39:12 AM,109 root INFO Loss = tensor([31.8948])
02/17/2020 03:39:47 AM,965 root INFO Loss = tensor([31.5133])
02/17/2020 03:40:25 AM,198 root INFO Loss = tensor([27.4730])
02/17/2020 03:40:55 AM,872 root INFO Loss = tensor([29.5168])
02/17/2020 03:41:32 AM,919 root INFO Loss = tensor([28.9133])
02/17/2020 03:42:10 AM,620 root INFO Loss = tensor([31.2552])
02/17/2020 03:42:46 AM,286 root INFO Loss = tensor([32.1443])
02/17/2020 03:43:24 AM,500 root INFO Loss = tensor([32.7170])
02/17/2020 03:44:07 AM,646 root INFO Loss = tensor([31.3643])
02/17/2020 03:44:46 AM,262 root INFO Loss = tensor([30.4151])
02/17/2020 03:45:16 AM,631 root INFO Loss = tensor([31.7138])
02/17/2020 03:45:47 AM,626 root INFO Loss = tensor([28.6536])
02/17/2020 03:46:15 AM,273 root INFO Loss = tensor([30.9892])
02/17/2020 03:46:45 AM,329 root INFO Loss = tensor([31.0479])
02/17/2020 03:47:17 AM,711 root INFO Loss = tensor([28.7623])
02/17/2020 03:47:48 AM,534 root INFO Validation All-nodes accuracy:0.66(best:0.66)
02/17/2020 03:47:48 AM,535 root INFO Validation Root accuracy:0.66(best:0.66)
02/17/2020 03:47:48 AM,536 root INFO F1:[0.79, 0.5](best:0.79 , 0.5)
02/17/2020 03:49:17 AM,479 root INFO Training All-nodes accuracy:0.65(best:0.65)
02/17/2020 03:49:17 AM,481 root INFO Training Root accuracy:0.66(best:0.66)
02/17/2020 03:49:17 AM,481 root INFO Training F1:[0.79, 0.5](best:0.79 , 0.5)
02/17/2020 03:49:17 AM,486 root INFO Epoch: 10
02/17/2020 03:49:20 AM,662 root INFO Loss = tensor([29.3557])
02/17/2020 03:51:03 AM,811 root INFO Loss = tensor([30.8532])
02/17/2020 03:51:30 AM,489 root INFO Loss = tensor([29.5287])
02/17/2020 03:51:58 AM,115 root INFO Loss = tensor([31.0041])
02/17/2020 03:52:24 AM,101 root INFO Loss = tensor([32.5033])
02/17/2020 03:52:52 AM,181 root INFO Loss = tensor([30.7613])
02/17/2020 03:53:18 AM,885 root INFO Loss = tensor([29.3038])
02/17/2020 03:53:42 AM,729 root INFO Loss = tensor([29.0552])
02/17/2020 01:25:31 PM,448 root INFO Loss = tensor([29.2591])
02/17/2020 01:25:56 PM,57 root INFO Loss = tensor([30.1618])
02/17/2020 01:26:21 PM,29 root INFO Loss = tensor([31.8721])
02/17/2020 01:26:42 PM,392 root INFO Loss = tensor([28.1520])
02/17/2020 01:27:06 PM,476 root INFO Loss = tensor([31.0091])
02/17/2020 01:27:31 PM,889 root INFO Loss = tensor([30.1833])
02/17/2020 01:27:57 PM,747 root INFO Loss = tensor([31.6211])
02/17/2020 01:28:24 PM,395 root INFO Loss = tensor([31.0973])
02/17/2020 01:28:48 PM,195 root INFO Loss = tensor([29.0934])
02/17/2020 01:29:20 PM,516 root INFO Loss = tensor([29.6967])
02/17/2020 01:29:44 PM,0 root INFO Loss = tensor([32.2469])
02/17/2020 01:30:04 PM,517 root INFO Loss = tensor([33.0975])
02/17/2020 01:30:27 PM,781 root INFO Validation All-nodes accuracy:0.66(best:0.66)
02/17/2020 01:30:27 PM,782 root INFO Validation Root accuracy:0.66(best:0.66)
02/17/2020 01:30:27 PM,782 root INFO F1:[0.79, 0.5](best:0.79 , 0.5)
02/17/2020 01:31:26 PM,443 root INFO Training All-nodes accuracy:0.65(best:0.65)
02/17/2020 01:31:26 PM,443 root INFO Training Root accuracy:0.66(best:0.66)
02/17/2020 01:31:26 PM,443 root INFO Training F1:[0.79, 0.5](best:0.79 , 0.5)
02/17/2020 01:31:26 PM,450 root INFO Epoch: 11
02/17/2020 01:31:29 PM,791 root INFO Loss = tensor([32.5409])
02/17/2020 01:31:57 PM,114 root INFO Loss = tensor([28.1043])
02/17/2020 01:32:21 PM,861 root INFO Loss = tensor([31.1454])
02/17/2020 01:32:49 PM,364 root INFO Loss = tensor([32.7011])
02/17/2020 01:33:18 PM,296 root INFO Loss = tensor([31.9587])
02/17/2020 01:33:43 PM,206 root INFO Loss = tensor([29.8179])
02/17/2020 01:34:08 PM,489 root INFO Loss = tensor([30.7562])
02/17/2020 01:34:32 PM,869 root INFO Loss = tensor([31.0945])
02/17/2020 01:35:05 PM,344 root INFO Loss = tensor([30.9687])
02/17/2020 01:35:30 PM,375 root INFO Loss = tensor([31.7441])
02/17/2020 01:35:58 PM,610 root INFO Loss = tensor([29.2833])
02/17/2020 01:36:25 PM,132 root INFO Loss = tensor([27.8302])
02/17/2020 01:36:48 PM,549 root INFO Loss = tensor([29.4002])
02/17/2020 01:37:13 PM,700 root INFO Loss = tensor([27.2363])
02/17/2020 01:37:38 PM,344 root INFO Loss = tensor([30.6978])
02/17/2020 01:38:03 PM,471 root INFO Loss = tensor([29.5664])
02/17/2020 01:38:28 PM,139 root INFO Loss = tensor([29.7959])
02/17/2020 01:39:11 PM,650 root INFO Loss = tensor([33.1174])
02/17/2020 01:39:40 PM,260 root INFO Loss = tensor([29.6126])
02/17/2020 01:40:03 PM,979 root INFO Loss = tensor([31.6530])
02/17/2020 01:40:30 PM,587 root INFO Validation All-nodes accuracy:0.66(best:0.66)
02/17/2020 01:40:30 PM,589 root INFO Validation Root accuracy:0.66(best:0.66)
02/17/2020 01:40:30 PM,589 root INFO F1:[0.79, 0.5](best:0.79 , 0.5)
02/17/2020 01:42:01 PM,885 root INFO Training All-nodes accuracy:0.65(best:0.65)
02/17/2020 01:42:01 PM,886 root INFO Training Root accuracy:0.66(best:0.66)
02/17/2020 01:42:01 PM,886 root INFO Training F1:[0.79, 0.5](best:0.79 , 0.5)
02/17/2020 01:42:01 PM,892 root INFO Epoch: 12
02/17/2020 01:42:06 PM,477 root INFO Loss = tensor([28.9199])
02/17/2020 01:42:38 PM,505 root INFO Loss = tensor([28.5488])
02/17/2020 01:43:27 PM,290 root INFO Loss = tensor([31.4867])
02/17/2020 01:44:04 PM,124 root INFO Loss = tensor([28.7257])
02/17/2020 01:44:45 PM,443 root INFO Loss = tensor([30.6914])
02/17/2020 01:45:17 PM,285 root INFO Loss = tensor([28.9708])
02/17/2020 01:45:48 PM,713 root INFO Loss = tensor([29.2065])
02/17/2020 01:46:19 PM,813 root INFO Loss = tensor([26.9106])
02/17/2020 01:46:47 PM,489 root INFO Loss = tensor([29.6704])
02/17/2020 01:47:18 PM,533 root INFO Loss = tensor([29.3840])
02/17/2020 01:47:47 PM,995 root INFO Loss = tensor([30.6243])
02/17/2020 01:48:20 PM,523 root INFO Loss = tensor([33.6704])
02/17/2020 01:48:54 PM,99 root INFO Loss = tensor([30.1402])
02/17/2020 01:49:28 PM,186 root INFO Loss = tensor([30.5074])
02/17/2020 01:50:02 PM,994 root INFO Loss = tensor([29.3769])
02/17/2020 01:50:36 PM,144 root INFO Loss = tensor([31.2193])
02/17/2020 01:51:13 PM,349 root INFO Loss = tensor([32.7639])
02/17/2020 01:51:48 PM,913 root INFO Loss = tensor([28.2155])
02/17/2020 01:52:20 PM,583 root INFO Loss = tensor([30.3929])
02/17/2020 01:52:53 PM,144 root INFO Loss = tensor([29.8117])
02/17/2020 01:53:30 PM,133 root INFO Validation All-nodes accuracy:0.66(best:0.66)
02/17/2020 01:53:30 PM,134 root INFO Validation Root accuracy:0.66(best:0.66)
02/17/2020 01:53:30 PM,134 root INFO F1:[0.79, 0.5](best:0.79 , 0.5)
02/17/2020 01:54:57 PM,610 root INFO Training All-nodes accuracy:0.65(best:0.65)
02/17/2020 01:54:57 PM,612 root INFO Training Root accuracy:0.66(best:0.66)
02/17/2020 01:54:57 PM,612 root INFO Training F1:[0.79, 0.5](best:0.79 , 0.5)
02/17/2020 01:54:57 PM,618 root INFO Epoch: 13
02/17/2020 01:55:01 PM,834 root INFO Loss = tensor([32.6770])
02/17/2020 01:55:37 PM,154 root INFO Loss = tensor([28.6130])
02/17/2020 01:56:15 PM,398 root INFO Loss = tensor([32.5922])
02/17/2020 01:56:49 PM,425 root INFO Loss = tensor([30.5562])
02/17/2020 01:57:25 PM,758 root INFO Loss = tensor([31.0556])
02/17/2020 01:58:00 PM,965 root INFO Loss = tensor([30.7575])
02/17/2020 01:58:35 PM,923 root INFO Loss = tensor([28.3343])
02/17/2020 01:59:19 PM,663 root INFO Loss = tensor([27.4976])
02/17/2020 01:59:56 PM,587 root INFO Loss = tensor([28.8363])
02/17/2020 02:00:29 PM,864 root INFO Loss = tensor([30.0852])
02/17/2020 02:01:03 PM,822 root INFO Loss = tensor([28.6908])
02/17/2020 02:01:33 PM,19 root INFO Loss = tensor([30.2872])
02/17/2020 02:02:04 PM,872 root INFO Loss = tensor([32.1472])
02/17/2020 02:02:37 PM,157 root INFO Loss = tensor([27.0480])
02/17/2020 02:03:04 PM,107 root INFO Loss = tensor([28.8682])
02/17/2020 02:03:31 PM,847 root INFO Loss = tensor([31.3818])
02/17/2020 02:03:58 PM,724 root INFO Loss = tensor([31.4280])
02/17/2020 02:04:24 PM,12 root INFO Loss = tensor([31.6447])
02/17/2020 02:04:50 PM,708 root INFO Loss = tensor([28.2094])
02/17/2020 02:05:13 PM,854 root INFO Loss = tensor([29.5424])
02/17/2020 02:05:33 PM,994 root INFO Validation All-nodes accuracy:0.66(best:0.66)
02/17/2020 02:05:33 PM,994 root INFO Validation Root accuracy:0.66(best:0.66)
02/17/2020 02:05:33 PM,996 root INFO F1:[0.79, 0.5](best:0.79 , 0.5)
02/17/2020 02:06:31 PM,369 root INFO Training All-nodes accuracy:0.65(best:0.65)
02/17/2020 02:06:31 PM,371 root INFO Training Root accuracy:0.66(best:0.66)
02/17/2020 02:06:31 PM,371 root INFO Training F1:[0.79, 0.5](best:0.79 , 0.5)
02/17/2020 02:06:31 PM,375 root INFO Epoch: 14
02/17/2020 02:06:34 PM,247 root INFO Loss = tensor([29.6522])
02/17/2020 02:06:57 PM,477 root INFO Loss = tensor([29.9082])
02/17/2020 02:07:22 PM,345 root INFO Loss = tensor([28.5441])
02/17/2020 02:07:46 PM,969 root INFO Loss = tensor([31.9120])
02/17/2020 02:08:09 PM,905 root INFO Loss = tensor([31.0917])
02/17/2020 02:08:39 PM,629 root INFO Loss = tensor([29.1046])
02/17/2020 02:09:06 PM,167 root INFO Loss = tensor([28.8455])
02/17/2020 02:09:30 PM,886 root INFO Loss = tensor([32.1448])
02/17/2020 02:09:58 PM,489 root INFO Loss = tensor([27.1411])
02/17/2020 02:10:22 PM,488 root INFO Loss = tensor([26.0981])
02/17/2020 02:10:44 PM,496 root INFO Loss = tensor([29.7280])
02/17/2020 02:11:07 PM,636 root INFO Loss = tensor([29.6715])
02/17/2020 02:11:32 PM,757 root INFO Loss = tensor([29.4470])
02/17/2020 02:11:54 PM,955 root INFO Loss = tensor([30.2921])
02/17/2020 02:12:18 PM,603 root INFO Loss = tensor([34.3669])
02/17/2020 02:12:42 PM,944 root INFO Loss = tensor([30.7767])
02/17/2020 02:13:05 PM,705 root INFO Loss = tensor([29.0324])
02/17/2020 02:13:35 PM,199 root INFO Loss = tensor([31.2272])
02/17/2020 02:14:01 PM,559 root INFO Loss = tensor([30.8305])
02/17/2020 02:14:22 PM,210 root INFO Loss = tensor([29.9068])
02/17/2020 02:14:42 PM,725 root INFO Validation All-nodes accuracy:0.66(best:0.66)
02/17/2020 02:14:42 PM,726 root INFO Validation Root accuracy:0.66(best:0.66)
02/17/2020 02:14:42 PM,726 root INFO F1:[0.79, 0.5](best:0.79 , 0.5)
02/17/2020 02:15:51 PM,182 root INFO Training All-nodes accuracy:0.65(best:0.65)
02/17/2020 02:15:51 PM,184 root INFO Training Root accuracy:0.66(best:0.66)
02/17/2020 02:15:51 PM,184 root INFO Training F1:[0.79, 0.5](best:0.79 , 0.5)
02/17/2020 02:15:51 PM,190 root INFO Epoch: 15
02/17/2020 02:15:54 PM,430 root INFO Loss = tensor([29.5919])
02/17/2020 02:16:19 PM,730 root INFO Loss = tensor([29.1577])
02/17/2020 02:16:53 PM,27 root INFO Loss = tensor([28.3039])
02/17/2020 02:17:24 PM,823 root INFO Loss = tensor([30.7977])
02/17/2020 02:18:02 PM,851 root INFO Loss = tensor([32.7891])
02/17/2020 02:18:40 PM,283 root INFO Loss = tensor([29.3966])
02/17/2020 02:19:15 PM,62 root INFO Loss = tensor([30.3654])
02/17/2020 02:19:45 PM,410 root INFO Loss = tensor([28.6933])
02/17/2020 02:20:15 PM,667 root INFO Loss = tensor([29.2887])
02/17/2020 02:20:47 PM,123 root INFO Loss = tensor([27.4676])
02/17/2020 02:21:19 PM,846 root INFO Loss = tensor([31.7279])
02/17/2020 02:21:56 PM,722 root INFO Loss = tensor([25.5732])
02/17/2020 02:22:28 PM,29 root INFO Loss = tensor([27.5058])
02/17/2020 02:22:57 PM,52 root INFO Loss = tensor([29.9028])
02/17/2020 02:23:35 PM,984 root INFO Loss = tensor([33.5435])
02/17/2020 02:24:12 PM,4 root INFO Loss = tensor([31.5176])
02/17/2020 02:24:43 PM,470 root INFO Loss = tensor([29.4302])
02/17/2020 02:25:10 PM,324 root INFO Loss = tensor([31.7304])
02/17/2020 02:25:38 PM,741 root INFO Loss = tensor([32.0321])
02/17/2020 02:26:16 PM,726 root INFO Loss = tensor([27.5466])
02/17/2020 02:27:00 PM,935 root INFO Validation All-nodes accuracy:0.66(best:0.66)
02/17/2020 02:27:00 PM,935 root INFO Validation Root accuracy:0.66(best:0.66)
02/17/2020 02:27:00 PM,936 root INFO F1:[0.79, 0.5](best:0.79 , 0.5)
02/17/2020 02:28:47 PM,860 root INFO Training All-nodes accuracy:0.65(best:0.65)
02/17/2020 02:28:47 PM,863 root INFO Training Root accuracy:0.66(best:0.66)
02/17/2020 02:28:47 PM,863 root INFO Training F1:[0.79, 0.99](best:0.79 , 0.99)
02/17/2020 02:28:47 PM,871 root INFO Epoch: 16
02/17/2020 02:28:51 PM,708 root INFO Loss = tensor([30.8801])
02/17/2020 02:29:22 PM,739 root INFO Loss = tensor([31.8582])
02/17/2020 02:29:52 PM,572 root INFO Loss = tensor([30.7280])
02/17/2020 02:30:30 PM,625 root INFO Loss = tensor([28.5462])
02/17/2020 02:31:00 PM,228 root INFO Loss = tensor([30.3938])
02/17/2020 02:31:31 PM,785 root INFO Loss = tensor([29.7061])
02/17/2020 02:32:03 PM,82 root INFO Loss = tensor([28.7258])
02/17/2020 02:32:33 PM,513 root INFO Loss = tensor([30.9199])
02/17/2020 02:33:05 PM,412 root INFO Loss = tensor([32.4031])
02/17/2020 02:33:36 PM,937 root INFO Loss = tensor([27.8355])
02/17/2020 02:34:07 PM,789 root INFO Loss = tensor([29.6699])
02/17/2020 02:34:37 PM,691 root INFO Loss = tensor([30.6701])
02/17/2020 02:35:10 PM,338 root INFO Loss = tensor([29.1060])
02/17/2020 02:35:44 PM,595 root INFO Loss = tensor([30.0252])
02/17/2020 02:36:17 PM,870 root INFO Loss = tensor([30.8659])
02/17/2020 02:36:53 PM,373 root INFO Loss = tensor([25.6878])
02/17/2020 02:37:36 PM,200 root INFO Loss = tensor([33.0833])
02/17/2020 02:38:08 PM,165 root INFO Loss = tensor([30.8714])
02/17/2020 02:38:50 PM,917 root INFO Loss = tensor([27.6328])
02/17/2020 02:39:22 PM,816 root INFO Loss = tensor([31.5660])
02/17/2020 02:39:51 PM,734 root INFO Validation All-nodes accuracy:0.66(best:0.66)
02/17/2020 02:39:51 PM,735 root INFO Validation Root accuracy:0.68(best:0.68)
02/17/2020 02:39:51 PM,735 root INFO F1:[0.81, 0.78](best:0.81 , 0.78)
02/17/2020 02:41:13 PM,855 root INFO Training All-nodes accuracy:0.66(best:0.66)
02/17/2020 02:41:13 PM,857 root INFO Training Root accuracy:0.72(best:0.72)
02/17/2020 02:41:13 PM,857 root INFO Training F1:[0.84, 0.87](best:0.84 , 0.99)
02/17/2020 02:41:13 PM,869 root INFO Epoch: 17
02/17/2020 02:41:17 PM,357 root INFO Loss = tensor([31.5114])
02/17/2020 02:41:45 PM,319 root INFO Loss = tensor([29.0435])
02/17/2020 02:42:09 PM,863 root INFO Loss = tensor([28.5575])
02/17/2020 02:42:35 PM,440 root INFO Loss = tensor([30.9349])
02/17/2020 02:43:00 PM,720 root INFO Loss = tensor([27.6714])
02/17/2020 02:43:28 PM,2 root INFO Loss = tensor([30.0592])
02/17/2020 02:43:57 PM,466 root INFO Loss = tensor([29.2728])
02/17/2020 02:44:22 PM,531 root INFO Loss = tensor([28.8638])
02/17/2020 02:44:44 PM,830 root INFO Loss = tensor([35.7705])
02/17/2020 02:45:10 PM,341 root INFO Loss = tensor([30.3115])
02/17/2020 02:45:41 PM,248 root INFO Loss = tensor([31.3901])
02/17/2020 02:46:06 PM,766 root INFO Loss = tensor([29.9637])
02/17/2020 02:46:31 PM,89 root INFO Loss = tensor([31.5216])
02/17/2020 02:46:56 PM,16 root INFO Loss = tensor([29.5644])
02/17/2020 02:47:18 PM,610 root INFO Loss = tensor([29.5268])
02/17/2020 02:47:42 PM,248 root INFO Loss = tensor([27.5107])
02/17/2020 02:48:08 PM,920 root INFO Loss = tensor([27.1657])
02/17/2020 02:48:36 PM,25 root INFO Loss = tensor([29.9647])
02/17/2020 02:49:01 PM,755 root INFO Loss = tensor([30.9414])
02/17/2020 02:49:27 PM,170 root INFO Loss = tensor([30.9579])
02/17/2020 02:49:50 PM,120 root INFO Validation All-nodes accuracy:0.66(best:0.66)
02/17/2020 02:49:50 PM,121 root INFO Validation Root accuracy:0.67(best:0.68)
02/17/2020 02:49:50 PM,122 root INFO F1:[0.81, 0.71](best:0.81 , 0.78)
02/17/2020 02:51:00 PM,335 root INFO Training All-nodes accuracy:0.66(best:0.66)
02/17/2020 02:51:00 PM,337 root INFO Training Root accuracy:0.71(best:0.72)
02/17/2020 02:51:00 PM,337 root INFO Training F1:[0.83, 0.85](best:0.84 , 0.99)
02/17/2020 02:51:00 PM,342 root INFO Epoch: 18
02/17/2020 02:51:03 PM,880 root INFO Loss = tensor([29.1276])
02/17/2020 02:51:31 PM,457 root INFO Loss = tensor([28.9971])
02/17/2020 02:52:00 PM,881 root INFO Loss = tensor([28.3681])
02/17/2020 02:52:27 PM,817 root INFO Loss = tensor([31.4193])
02/17/2020 02:52:54 PM,771 root INFO Loss = tensor([29.5156])
02/17/2020 02:53:21 PM,647 root INFO Loss = tensor([28.3033])
02/17/2020 02:53:47 PM,640 root INFO Loss = tensor([30.8989])
02/17/2020 02:54:14 PM,563 root INFO Loss = tensor([28.3324])
02/17/2020 02:54:39 PM,818 root INFO Loss = tensor([30.6654])
02/17/2020 02:55:03 PM,387 root INFO Loss = tensor([29.3056])
02/17/2020 02:55:28 PM,266 root INFO Loss = tensor([26.2598])
02/17/2020 02:55:54 PM,527 root INFO Loss = tensor([31.2731])
02/17/2020 02:56:19 PM,888 root INFO Loss = tensor([28.5278])
02/17/2020 02:56:44 PM,966 root INFO Loss = tensor([32.8991])
02/17/2020 02:57:07 PM,756 root INFO Loss = tensor([29.6710])
02/17/2020 02:57:30 PM,161 root INFO Loss = tensor([30.0447])
02/17/2020 02:57:54 PM,213 root INFO Loss = tensor([28.5983])
02/17/2020 02:58:17 PM,867 root INFO Loss = tensor([29.8413])
02/17/2020 02:58:40 PM,277 root INFO Loss = tensor([32.4987])
02/17/2020 02:59:03 PM,664 root INFO Loss = tensor([33.3631])
02/17/2020 02:59:24 PM,623 root INFO Validation All-nodes accuracy:0.66(best:0.66)
02/17/2020 02:59:24 PM,625 root INFO Validation Root accuracy:0.67(best:0.68)
02/17/2020 02:59:24 PM,625 root INFO F1:[0.83, 0.7](best:0.83 , 0.78)
02/17/2020 03:00:21 PM,470 root INFO Training All-nodes accuracy:0.66(best:0.66)
02/17/2020 03:00:21 PM,472 root INFO Training Root accuracy:0.75(best:0.75)
02/17/2020 03:00:21 PM,472 root INFO Training F1:[0.87, 0.82](best:0.87 , 0.99)
02/17/2020 03:00:21 PM,482 root INFO Epoch: 19
02/17/2020 03:00:24 PM,334 root INFO Loss = tensor([28.1048])
02/17/2020 03:00:51 PM,447 root INFO Loss = tensor([28.4760])
02/17/2020 03:01:19 PM,381 root INFO Loss = tensor([30.5870])
02/17/2020 03:01:47 PM,970 root INFO Loss = tensor([30.3637])
02/17/2020 03:02:12 PM,705 root INFO Loss = tensor([28.8789])
02/17/2020 03:02:40 PM,620 root INFO Loss = tensor([28.6061])
02/17/2020 03:03:09 PM,608 root INFO Loss = tensor([29.9512])
02/17/2020 03:03:38 PM,312 root INFO Loss = tensor([26.4225])
02/17/2020 03:04:03 PM,516 root INFO Loss = tensor([27.5186])
02/17/2020 03:04:31 PM,26 root INFO Loss = tensor([33.3739])
02/17/2020 03:04:58 PM,272 root INFO Loss = tensor([32.1811])
02/17/2020 03:05:26 PM,656 root INFO Loss = tensor([26.4471])
02/17/2020 03:05:56 PM,655 root INFO Loss = tensor([29.2570])
02/17/2020 03:06:25 PM,727 root INFO Loss = tensor([30.8245])
02/17/2020 03:06:48 PM,85 root INFO Loss = tensor([31.6347])
02/17/2020 03:07:11 PM,332 root INFO Loss = tensor([27.3282])
02/17/2020 03:07:33 PM,864 root INFO Loss = tensor([28.0709])
02/17/2020 03:07:56 PM,694 root INFO Loss = tensor([29.1237])
02/17/2020 03:08:19 PM,237 root INFO Loss = tensor([33.4642])
02/17/2020 03:08:41 PM,601 root INFO Loss = tensor([31.5253])
02/17/2020 03:09:00 PM,750 root INFO Validation All-nodes accuracy:0.66(best:0.66)
02/17/2020 03:09:00 PM,751 root INFO Validation Root accuracy:0.68(best:0.68)
02/17/2020 03:09:00 PM,751 root INFO F1:[0.82, 0.75](best:0.83 , 0.78)
02/17/2020 03:10:00 PM,178 root INFO Training All-nodes accuracy:0.67(best:0.67)
02/17/2020 03:10:00 PM,178 root INFO Training Root accuracy:0.77(best:0.77)
02/17/2020 03:10:00 PM,179 root INFO Training F1:[0.86, 0.91](best:0.87 , 0.99)
02/17/2020 03:10:00 PM,183 root INFO Epoch: 20
02/17/2020 03:10:02 PM,842 root INFO Loss = tensor([29.6199])
02/17/2020 03:10:24 PM,249 root INFO Loss = tensor([30.0060])
02/17/2020 03:10:48 PM,956 root INFO Loss = tensor([32.9326])
02/17/2020 03:11:15 PM,336 root INFO Loss = tensor([30.4193])
02/17/2020 03:11:40 PM,525 root INFO Loss = tensor([32.3257])
02/17/2020 03:12:08 PM,589 root INFO Loss = tensor([30.3576])
02/17/2020 03:12:34 PM,609 root INFO Loss = tensor([27.3862])
02/17/2020 03:12:56 PM,691 root INFO Loss = tensor([28.7177])
02/17/2020 03:13:21 PM,459 root INFO Loss = tensor([29.6642])
02/17/2020 03:13:47 PM,689 root INFO Loss = tensor([31.6961])
02/17/2020 03:14:10 PM,75 root INFO Loss = tensor([34.3742])
02/17/2020 03:14:34 PM,739 root INFO Loss = tensor([28.6422])
02/17/2020 03:14:59 PM,288 root INFO Loss = tensor([28.5773])
02/17/2020 03:15:19 PM,86 root INFO Loss = tensor([29.5519])
02/17/2020 03:15:37 PM,854 root INFO Loss = tensor([30.4772])
02/17/2020 03:15:56 PM,891 root INFO Loss = tensor([31.5011])
02/17/2020 03:16:14 PM,723 root INFO Loss = tensor([30.8457])
02/17/2020 03:16:32 PM,535 root INFO Loss = tensor([32.7144])
02/17/2020 03:16:51 PM,17 root INFO Loss = tensor([30.9868])
02/17/2020 03:17:07 PM,887 root INFO Loss = tensor([26.5390])
02/17/2020 03:17:27 PM,324 root INFO Validation All-nodes accuracy:0.66(best:0.66)
02/17/2020 03:17:27 PM,325 root INFO Validation Root accuracy:0.66(best:0.68)
02/17/2020 03:17:27 PM,325 root INFO F1:[0.79, 0.5](best:0.83 , 0.78)
02/17/2020 03:18:13 PM,660 root INFO Training All-nodes accuracy:0.65(best:0.67)
02/17/2020 03:18:13 PM,661 root INFO Training Root accuracy:0.66(best:0.77)
02/17/2020 03:18:13 PM,662 root INFO Training F1:[0.79, 0.5](best:0.87 , 0.99)
02/17/2020 03:18:13 PM,666 root INFO Epoch: 21
02/17/2020 03:18:15 PM,884 root INFO Loss = tensor([30.4974])
02/17/2020 03:18:36 PM,972 root INFO Loss = tensor([29.0989])
02/17/2020 03:18:57 PM,512 root INFO Loss = tensor([30.0976])
02/17/2020 03:19:16 PM,652 root INFO Loss = tensor([30.7474])
02/17/2020 03:19:36 PM,142 root INFO Loss = tensor([29.1602])
02/17/2020 03:19:53 PM,989 root INFO Loss = tensor([27.3501])
02/17/2020 03:20:12 PM,277 root INFO Loss = tensor([32.2820])
02/17/2020 03:20:30 PM,284 root INFO Loss = tensor([29.6334])
02/17/2020 03:20:48 PM,79 root INFO Loss = tensor([29.8432])
02/17/2020 03:21:09 PM,218 root INFO Loss = tensor([27.9432])
02/17/2020 03:21:31 PM,142 root INFO Loss = tensor([27.6075])
02/17/2020 03:21:49 PM,786 root INFO Loss = tensor([30.7995])
02/17/2020 03:22:06 PM,986 root INFO Loss = tensor([26.9293])
02/17/2020 03:22:28 PM,18 root INFO Loss = tensor([31.5710])
02/17/2020 03:22:47 PM,916 root INFO Loss = tensor([28.3691])
02/17/2020 03:23:05 PM,314 root INFO Loss = tensor([30.7773])
02/17/2020 03:23:22 PM,113 root INFO Loss = tensor([29.1395])
02/17/2020 03:23:39 PM,21 root INFO Loss = tensor([31.8066])
02/17/2020 03:23:57 PM,598 root INFO Loss = tensor([31.0946])
02/17/2020 03:24:13 PM,260 root INFO Loss = tensor([31.9445])
02/17/2020 03:24:29 PM,58 root INFO Validation All-nodes accuracy:0.66(best:0.66)
02/17/2020 03:24:29 PM,59 root INFO Validation Root accuracy:0.65(best:0.68)
02/17/2020 03:24:29 PM,59 root INFO F1:[0.83, 0.66](best:0.83 , 0.78)
02/17/2020 03:25:10 PM,124 root INFO Training All-nodes accuracy:0.67(best:0.67)
02/17/2020 03:25:10 PM,124 root INFO Training Root accuracy:0.76(best:0.77)
02/17/2020 03:25:10 PM,125 root INFO Training F1:[0.88, 0.8](best:0.88 , 0.99)
02/17/2020 03:25:10 PM,129 root INFO Epoch: 22
02/17/2020 03:25:12 PM,361 root INFO Loss = tensor([29.3015])
02/17/2020 03:25:30 PM,989 root INFO Loss = tensor([32.3098])
02/17/2020 03:25:48 PM,599 root INFO Loss = tensor([29.8674])
02/17/2020 03:26:06 PM,923 root INFO Loss = tensor([30.9264])
02/17/2020 03:26:30 PM,309 root INFO Loss = tensor([28.6194])
02/17/2020 03:26:51 PM,419 root INFO Loss = tensor([28.9198])
02/17/2020 03:27:11 PM,410 root INFO Loss = tensor([28.2571])
02/17/2020 03:27:31 PM,979 root INFO Loss = tensor([29.5199])
02/17/2020 03:27:55 PM,477 root INFO Loss = tensor([28.4216])
02/17/2020 03:28:14 PM,578 root INFO Loss = tensor([28.7110])
02/17/2020 03:28:32 PM,124 root INFO Loss = tensor([27.4771])
02/17/2020 03:28:52 PM,579 root INFO Loss = tensor([27.7414])
02/17/2020 03:29:11 PM,97 root INFO Loss = tensor([30.9408])
02/17/2020 03:29:30 PM,884 root INFO Loss = tensor([30.3809])
02/17/2020 03:29:49 PM,92 root INFO Loss = tensor([31.0929])
02/17/2020 03:30:07 PM,290 root INFO Loss = tensor([30.8445])
02/17/2020 03:30:26 PM,347 root INFO Loss = tensor([29.3023])
02/17/2020 03:30:51 PM,927 root INFO Loss = tensor([30.5577])
02/17/2020 03:31:19 PM,662 root INFO Loss = tensor([29.2481])
02/17/2020 03:31:43 PM,322 root INFO Loss = tensor([28.9355])
02/17/2020 03:32:05 PM,244 root INFO Validation All-nodes accuracy:0.66(best:0.66)
02/17/2020 03:32:05 PM,249 root INFO Validation Root accuracy:0.67(best:0.68)
02/17/2020 03:32:05 PM,249 root INFO F1:[0.8, 0.78](best:0.83 , 0.78)
02/17/2020 03:33:07 PM,983 root INFO Training All-nodes accuracy:0.66(best:0.67)
02/17/2020 03:33:07 PM,998 root INFO Training Root accuracy:0.71(best:0.77)
02/17/2020 03:33:07 PM,998 root INFO Training F1:[0.82, 0.96](best:0.88 , 0.99)
02/17/2020 03:33:08 PM,25 root INFO Epoch: 23
02/17/2020 03:33:11 PM,74 root INFO Loss = tensor([27.7036])
02/17/2020 03:33:31 PM,346 root INFO Loss = tensor([29.3606])
02/17/2020 03:33:50 PM,387 root INFO Loss = tensor([27.3177])
02/17/2020 03:34:10 PM,295 root INFO Loss = tensor([29.0367])
02/17/2020 03:34:29 PM,793 root INFO Loss = tensor([30.9581])
02/17/2020 03:34:48 PM,245 root INFO Loss = tensor([34.1545])
02/17/2020 03:35:09 PM,532 root INFO Loss = tensor([29.7360])
02/17/2020 03:35:29 PM,558 root INFO Loss = tensor([30.2563])
02/17/2020 03:35:49 PM,356 root INFO Loss = tensor([30.3421])
02/17/2020 03:36:08 PM,628 root INFO Loss = tensor([30.8156])
02/17/2020 03:36:35 PM,157 root INFO Loss = tensor([30.1606])
02/17/2020 03:37:01 PM,170 root INFO Loss = tensor([28.5600])
02/17/2020 03:37:27 PM,201 root INFO Loss = tensor([26.7702])
02/17/2020 03:37:50 PM,907 root INFO Loss = tensor([28.6585])
02/17/2020 03:38:19 PM,525 root INFO Loss = tensor([28.0382])
02/17/2020 03:38:55 PM,315 root INFO Loss = tensor([28.4017])
02/17/2020 03:39:27 PM,848 root INFO Loss = tensor([31.2507])
02/17/2020 03:40:17 PM,150 root INFO Loss = tensor([28.2314])
02/17/2020 03:40:56 PM,956 root INFO Loss = tensor([31.8576])
02/17/2020 03:41:35 PM,316 root INFO Loss = tensor([31.0715])
02/17/2020 03:42:14 PM,852 root INFO Validation All-nodes accuracy:0.65(best:0.66)
02/17/2020 03:42:14 PM,859 root INFO Validation Root accuracy:0.63(best:0.68)
02/17/2020 03:42:14 PM,859 root INFO F1:[0.82, 0.62](best:0.83 , 0.78)
02/17/2020 03:44:10 PM,256 root INFO Training All-nodes accuracy:0.67(best:0.67)
02/17/2020 03:44:10 PM,405 root INFO Training Root accuracy:0.76(best:0.77)
02/17/2020 03:44:10 PM,405 root INFO Training F1:[0.89, 0.81](best:0.89 , 0.99)
02/17/2020 03:44:10 PM,510 root INFO Epoch: 24
02/17/2020 03:44:19 PM,209 root INFO Loss = tensor([28.9617])
02/17/2020 03:45:09 PM,282 root INFO Loss = tensor([29.1013])
02/17/2020 03:46:19 PM,708 root INFO Loss = tensor([31.9566])
02/17/2020 03:47:37 PM,972 root INFO Loss = tensor([26.9093])
02/17/2020 03:48:20 PM,946 root INFO Loss = tensor([29.8756])
02/17/2020 03:49:01 PM,797 root INFO Loss = tensor([29.7944])
02/17/2020 03:49:46 PM,579 root INFO Loss = tensor([28.3514])
02/17/2020 03:50:23 PM,715 root INFO Loss = tensor([26.8947])
02/17/2020 03:50:48 PM,91 root INFO Loss = tensor([32.2726])
02/17/2020 03:51:13 PM,357 root INFO Loss = tensor([29.5369])
02/17/2020 03:51:35 PM,444 root INFO Loss = tensor([28.8559])
02/17/2020 03:51:55 PM,284 root INFO Loss = tensor([29.7528])
02/17/2020 03:52:15 PM,461 root INFO Loss = tensor([26.9452])
02/17/2020 03:52:33 PM,455 root INFO Loss = tensor([31.7668])
02/17/2020 03:52:54 PM,153 root INFO Loss = tensor([30.4759])
02/17/2020 03:53:15 PM,281 root INFO Loss = tensor([28.7060])
02/17/2020 03:53:33 PM,714 root INFO Loss = tensor([30.4294])
02/17/2020 03:53:53 PM,484 root INFO Loss = tensor([29.0920])
02/17/2020 03:54:13 PM,147 root INFO Loss = tensor([30.4796])
02/17/2020 03:54:30 PM,698 root INFO Loss = tensor([30.1416])
02/17/2020 03:54:46 PM,772 root INFO Validation All-nodes accuracy:0.66(best:0.66)
02/17/2020 03:54:46 PM,773 root INFO Validation Root accuracy:0.65(best:0.68)
02/17/2020 03:54:46 PM,773 root INFO F1:[0.82, 0.65](best:0.83 , 0.78)
02/17/2020 03:55:30 PM,281 root INFO Training All-nodes accuracy:0.68(best:0.68)
02/17/2020 03:55:30 PM,283 root INFO Training Root accuracy:0.78(best:0.78)
02/17/2020 03:55:30 PM,283 root INFO Training F1:[0.89, 0.84](best:0.89 , 0.99)
02/17/2020 03:55:30 PM,287 root INFO Epoch: 25
02/17/2020 03:55:32 PM,576 root INFO Loss = tensor([29.7599])
02/17/2020 03:55:53 PM,692 root INFO Loss = tensor([26.7331])
02/17/2020 03:56:13 PM,330 root INFO Loss = tensor([30.2175])
02/17/2020 03:56:34 PM,860 root INFO Loss = tensor([32.8704])
02/17/2020 03:56:55 PM,133 root INFO Loss = tensor([31.0137])
02/17/2020 03:57:14 PM,808 root INFO Loss = tensor([29.6506])
02/17/2020 03:57:34 PM,222 root INFO Loss = tensor([31.1691])
02/17/2020 03:57:55 PM,778 root INFO Loss = tensor([31.0756])
02/17/2020 03:58:16 PM,310 root INFO Loss = tensor([29.6959])
02/17/2020 03:58:37 PM,430 root INFO Loss = tensor([29.2776])
02/17/2020 03:58:57 PM,104 root INFO Loss = tensor([28.1279])
02/17/2020 03:59:17 PM,520 root INFO Loss = tensor([26.8804])
02/17/2020 03:59:38 PM,890 root INFO Loss = tensor([29.1127])
02/17/2020 04:00:00 PM,457 root INFO Loss = tensor([27.5118])
02/17/2020 04:00:23 PM,382 root INFO Loss = tensor([28.7520])
02/17/2020 04:00:42 PM,865 root INFO Loss = tensor([27.6625])
02/17/2020 04:01:02 PM,277 root INFO Loss = tensor([26.8676])
02/17/2020 04:01:21 PM,764 root INFO Loss = tensor([32.1729])
02/17/2020 04:01:43 PM,700 root INFO Loss = tensor([29.6113])
02/17/2020 04:02:03 PM,441 root INFO Loss = tensor([33.5321])
02/17/2020 04:02:25 PM,663 root INFO Validation All-nodes accuracy:0.65(best:0.66)
02/17/2020 04:02:25 PM,663 root INFO Validation Root accuracy:0.64(best:0.68)
02/17/2020 04:02:25 PM,664 root INFO F1:[0.81, 0.63](best:0.83 , 0.78)
02/17/2020 04:03:29 PM,574 root INFO Training All-nodes accuracy:0.67(best:0.68)
02/17/2020 04:03:29 PM,574 root INFO Training Root accuracy:0.76(best:0.78)
02/17/2020 04:03:29 PM,574 root INFO Training F1:[0.86, 0.85](best:0.89 , 0.99)
02/17/2020 04:03:29 PM,583 root INFO Epoch: 26
02/17/2020 04:03:32 PM,574 root INFO Loss = tensor([27.8654])
02/17/2020 04:04:07 PM,491 root INFO Loss = tensor([29.3455])
02/17/2020 04:04:48 PM,859 root INFO Loss = tensor([28.3134])
02/17/2020 04:05:33 PM,658 root INFO Loss = tensor([29.5231])
02/17/2020 04:06:17 PM,842 root INFO Loss = tensor([29.2222])
02/17/2020 04:07:06 PM,538 root INFO Loss = tensor([28.1435])
02/17/2020 07:25:00 PM,858 root INFO Loss = tensor([29.0383])
02/17/2020 07:25:22 PM,934 root INFO Loss = tensor([25.9802])
02/17/2020 07:27:45 PM,543 root INFO Loss = tensor([26.2207])
02/17/2020 07:28:04 PM,540 root INFO Loss = tensor([27.4025])
02/17/2020 07:28:25 PM,230 root INFO Loss = tensor([27.6148])
02/17/2020 07:28:46 PM,703 root INFO Loss = tensor([29.6408])
02/17/2020 07:29:08 PM,146 root INFO Loss = tensor([31.1283])
02/17/2020 07:29:29 PM,98 root INFO Loss = tensor([29.8908])
02/17/2020 07:29:52 PM,600 root INFO Loss = tensor([28.8160])
02/17/2020 07:30:17 PM,78 root INFO Loss = tensor([30.8739])
02/17/2020 07:30:44 PM,336 root INFO Loss = tensor([28.7093])
02/17/2020 07:31:14 PM,227 root INFO Loss = tensor([28.3877])
02/17/2020 07:31:37 PM,755 root INFO Loss = tensor([29.7948])
02/17/2020 07:32:05 PM,223 root INFO Loss = tensor([34.7216])
02/17/2020 07:32:30 PM,935 root INFO Validation All-nodes accuracy:0.65(best:0.66)
02/17/2020 07:32:30 PM,936 root INFO Validation Root accuracy:0.65(best:0.68)
02/17/2020 07:32:30 PM,936 root INFO F1:[0.83, 0.65](best:0.83 , 0.78)
02/17/2020 07:33:41 PM,428 root INFO Training All-nodes accuracy:0.68(best:0.68)
02/17/2020 07:33:41 PM,429 root INFO Training Root accuracy:0.8(best:0.8)
02/17/2020 07:33:41 PM,429 root INFO Training F1:[0.9, 0.84](best:0.9 , 0.99)
02/17/2020 07:33:41 PM,433 root INFO Epoch: 27
02/17/2020 07:33:45 PM,252 root INFO Loss = tensor([28.1823])
02/17/2020 07:34:15 PM,420 root INFO Loss = tensor([30.9722])
02/17/2020 07:34:39 PM,470 root INFO Loss = tensor([33.3700])
02/17/2020 07:35:03 PM,182 root INFO Loss = tensor([28.4563])
02/17/2020 07:35:23 PM,388 root INFO Loss = tensor([28.1523])
02/17/2020 07:35:45 PM,390 root INFO Loss = tensor([30.6851])
02/17/2020 07:36:08 PM,843 root INFO Loss = tensor([28.2065])
02/17/2020 07:36:41 PM,875 root INFO Loss = tensor([28.1976])
02/17/2020 07:37:15 PM,374 root INFO Loss = tensor([31.0204])
02/17/2020 07:37:41 PM,292 root INFO Loss = tensor([28.8104])
02/17/2020 07:38:07 PM,263 root INFO Loss = tensor([30.2053])
02/17/2020 07:38:38 PM,255 root INFO Loss = tensor([32.2174])
02/17/2020 07:39:03 PM,764 root INFO Loss = tensor([29.1863])
02/17/2020 07:39:27 PM,232 root INFO Loss = tensor([26.4627])
02/17/2020 07:39:51 PM,519 root INFO Loss = tensor([28.9605])
02/17/2020 07:40:18 PM,276 root INFO Loss = tensor([28.9187])
02/17/2020 07:40:43 PM,725 root INFO Loss = tensor([28.1786])
02/17/2020 07:41:09 PM,967 root INFO Loss = tensor([28.3392])
02/17/2020 07:41:35 PM,916 root INFO Loss = tensor([30.4056])
02/17/2020 07:42:03 PM,301 root INFO Loss = tensor([30.5100])
02/17/2020 07:42:28 PM,958 root INFO Validation All-nodes accuracy:0.65(best:0.66)
02/17/2020 07:42:28 PM,959 root INFO Validation Root accuracy:0.65(best:0.68)
02/17/2020 07:42:28 PM,960 root INFO F1:[0.82, 0.65](best:0.83 , 0.78)
02/17/2020 07:43:38 PM,590 root INFO Training All-nodes accuracy:0.68(best:0.68)
02/17/2020 07:43:38 PM,590 root INFO Training Root accuracy:0.8(best:0.8)
02/17/2020 07:43:38 PM,590 root INFO Training F1:[0.9, 0.85](best:0.9 , 0.99)
02/17/2020 07:43:38 PM,595 root INFO Epoch: 28
02/17/2020 07:43:42 PM,185 root INFO Loss = tensor([27.9197])
02/17/2020 07:44:07 PM,953 root INFO Loss = tensor([27.1714])
02/17/2020 07:44:34 PM,174 root INFO Loss = tensor([28.4764])
02/17/2020 07:45:01 PM,89 root INFO Loss = tensor([29.3726])
02/17/2020 07:45:29 PM,670 root INFO Loss = tensor([29.2534])
02/17/2020 07:46:01 PM,97 root INFO Loss = tensor([26.7403])
02/17/2020 07:46:28 PM,391 root INFO Loss = tensor([28.0855])
02/17/2020 07:46:53 PM,232 root INFO Loss = tensor([25.0692])
02/17/2020 07:47:19 PM,919 root INFO Loss = tensor([28.4846])
02/17/2020 07:47:45 PM,289 root INFO Loss = tensor([29.7736])
02/17/2020 07:48:14 PM,439 root INFO Loss = tensor([28.5167])
02/17/2020 07:48:41 PM,764 root INFO Loss = tensor([30.1649])
02/17/2020 07:49:08 PM,173 root INFO Loss = tensor([29.1101])
02/17/2020 07:49:34 PM,610 root INFO Loss = tensor([28.1223])
02/17/2020 07:50:00 PM,667 root INFO Loss = tensor([27.0292])
02/17/2020 07:50:24 PM,478 root INFO Loss = tensor([28.7120])
02/17/2020 07:50:49 PM,69 root INFO Loss = tensor([28.2017])
02/17/2020 07:51:12 PM,738 root INFO Loss = tensor([30.7439])
02/17/2020 07:51:37 PM,143 root INFO Loss = tensor([30.1970])
02/17/2020 07:52:01 PM,105 root INFO Loss = tensor([26.7405])
02/17/2020 07:52:25 PM,529 root INFO Validation All-nodes accuracy:0.65(best:0.66)
02/17/2020 07:52:25 PM,530 root INFO Validation Root accuracy:0.65(best:0.68)
02/17/2020 07:52:25 PM,530 root INFO F1:[0.83, 0.66](best:0.83 , 0.78)
02/17/2020 07:53:31 PM,134 root INFO Training All-nodes accuracy:0.69(best:0.69)
02/17/2020 07:53:31 PM,134 root INFO Training Root accuracy:0.81(best:0.81)
02/17/2020 07:53:31 PM,134 root INFO Training F1:[0.92, 0.85](best:0.92 , 0.99)
02/17/2020 07:53:31 PM,138 root INFO Epoch: 29
02/17/2020 07:53:35 PM,149 root INFO Loss = tensor([30.3494])
02/17/2020 07:54:07 PM,96 root INFO Loss = tensor([27.3607])
02/17/2020 07:54:34 PM,827 root INFO Loss = tensor([27.5794])
02/17/2020 07:55:04 PM,464 root INFO Loss = tensor([26.3433])
02/17/2020 07:55:31 PM,429 root INFO Loss = tensor([27.0233])
02/17/2020 07:55:59 PM,179 root INFO Loss = tensor([28.3435])
02/17/2020 07:56:27 PM,106 root INFO Loss = tensor([27.9094])
02/17/2020 07:56:56 PM,650 root INFO Loss = tensor([29.2208])
02/17/2020 07:57:24 PM,933 root INFO Loss = tensor([27.8837])
02/17/2020 07:57:54 PM,287 root INFO Loss = tensor([28.4381])
02/17/2020 07:58:22 PM,241 root INFO Loss = tensor([27.1043])
02/17/2020 07:58:51 PM,916 root INFO Loss = tensor([29.8205])
02/17/2020 07:59:21 PM,403 root INFO Loss = tensor([26.7695])
02/17/2020 07:59:49 PM,84 root INFO Loss = tensor([29.3575])
02/17/2020 08:00:19 PM,865 root INFO Loss = tensor([31.4460])
02/17/2020 08:00:48 PM,993 root INFO Loss = tensor([30.2412])
02/17/2020 08:01:17 PM,687 root INFO Loss = tensor([29.5974])
02/17/2020 08:01:45 PM,728 root INFO Loss = tensor([26.7481])
02/17/2020 08:02:15 PM,218 root INFO Loss = tensor([30.7969])
02/17/2020 08:02:44 PM,232 root INFO Loss = tensor([30.3118])
02/17/2020 08:03:11 PM,954 root INFO Validation All-nodes accuracy:0.65(best:0.66)
02/17/2020 08:03:11 PM,955 root INFO Validation Root accuracy:0.64(best:0.68)
02/17/2020 08:03:11 PM,955 root INFO F1:[0.82, 0.63](best:0.83 , 0.78)
02/17/2020 08:04:29 PM,330 root INFO Training All-nodes accuracy:0.69(best:0.69)
02/17/2020 08:04:29 PM,330 root INFO Training Root accuracy:0.83(best:0.83)
02/17/2020 08:04:29 PM,331 root INFO Training F1:[0.91, 0.88](best:0.92 , 0.99)
02/17/2020 08:04:29 PM,336 root INFO Epoch: 30
02/17/2020 08:04:33 PM,589 root INFO Loss = tensor([30.5855])
02/17/2020 08:05:04 PM,511 root INFO Loss = tensor([28.8716])
02/17/2020 08:05:27 PM,791 root INFO Loss = tensor([31.5127])
02/17/2020 08:05:53 PM,256 root INFO Loss = tensor([28.6209])
02/17/2020 08:06:22 PM,350 root INFO Loss = tensor([28.7423])
02/17/2020 08:06:48 PM,578 root INFO Loss = tensor([31.2615])
02/17/2020 08:07:18 PM,241 root INFO Loss = tensor([27.3348])
02/17/2020 08:07:48 PM,229 root INFO Loss = tensor([29.8039])
02/17/2020 08:08:22 PM,34 root INFO Loss = tensor([27.5369])
02/17/2020 08:08:52 PM,145 root INFO Loss = tensor([27.4424])
02/17/2020 08:09:20 PM,254 root INFO Loss = tensor([27.8796])
02/17/2020 08:09:50 PM,954 root INFO Loss = tensor([30.9529])
02/17/2020 08:10:16 PM,399 root INFO Loss = tensor([27.5183])
02/17/2020 08:10:39 PM,856 root INFO Loss = tensor([30.1253])
02/17/2020 08:11:09 PM,951 root INFO Loss = tensor([28.6452])
02/17/2020 08:11:37 PM,375 root INFO Loss = tensor([29.6236])
02/17/2020 08:12:06 PM,524 root INFO Loss = tensor([29.0357])
02/17/2020 08:12:35 PM,388 root INFO Loss = tensor([25.3099])
02/17/2020 08:13:05 PM,826 root INFO Loss = tensor([26.9068])
02/17/2020 08:13:44 PM,494 root INFO Loss = tensor([36.6861])
02/17/2020 08:14:18 PM,661 root INFO Validation All-nodes accuracy:0.65(best:0.66)
02/17/2020 08:14:18 PM,661 root INFO Validation Root accuracy:0.63(best:0.68)
02/17/2020 08:14:18 PM,661 root INFO F1:[0.81, 0.61](best:0.83 , 0.78)
02/17/2020 08:15:47 PM,198 root INFO Training All-nodes accuracy:0.69(best:0.69)
02/17/2020 08:15:47 PM,211 root INFO Training Root accuracy:0.84(best:0.84)
02/17/2020 08:15:47 PM,211 root INFO Training F1:[0.92, 0.89](best:0.92 , 0.99)
02/17/2020 08:15:47 PM,224 root INFO Epoch: 31
02/17/2020 08:15:51 PM,93 root INFO Loss = tensor([23.1483])
02/17/2020 08:16:22 PM,279 root INFO Loss = tensor([25.9084])
02/17/2020 08:16:59 PM,611 root INFO Loss = tensor([28.4339])
02/17/2020 08:17:44 PM,34 root INFO Loss = tensor([26.9758])
02/17/2020 08:18:18 PM,248 root INFO Loss = tensor([26.6848])
02/17/2020 08:18:49 PM,727 root INFO Loss = tensor([28.4596])
02/17/2020 08:19:25 PM,500 root INFO Loss = tensor([30.1877])
02/17/2020 08:20:01 PM,910 root INFO Loss = tensor([29.4650])
02/17/2020 08:20:50 PM,276 root INFO Loss = tensor([27.4282])
02/17/2020 08:21:35 PM,655 root INFO Loss = tensor([29.7976])
02/17/2020 08:22:09 PM,310 root INFO Loss = tensor([28.2775])
02/17/2020 08:22:44 PM,611 root INFO Loss = tensor([25.5333])
02/17/2020 08:23:18 PM,344 root INFO Loss = tensor([31.1297])
02/17/2020 08:23:45 PM,369 root INFO Loss = tensor([30.5811])
02/17/2020 08:24:25 PM,27 root INFO Loss = tensor([29.0395])
02/17/2020 08:25:05 PM,88 root INFO Loss = tensor([28.1193])
02/17/2020 08:25:39 PM,135 root INFO Loss = tensor([28.9601])
02/17/2020 08:26:10 PM,827 root INFO Loss = tensor([28.0870])
02/17/2020 08:26:49 PM,102 root INFO Loss = tensor([30.1402])
02/17/2020 08:27:19 PM,971 root INFO Loss = tensor([32.2168])
02/17/2020 08:27:49 PM,341 root INFO Validation All-nodes accuracy:0.65(best:0.66)
02/17/2020 08:27:49 PM,344 root INFO Validation Root accuracy:0.64(best:0.68)
02/17/2020 08:27:49 PM,344 root INFO F1:[0.83, 0.65](best:0.83 , 0.78)
02/17/2020 08:28:56 PM,280 root INFO Training All-nodes accuracy:0.69(best:0.69)
02/17/2020 08:28:56 PM,282 root INFO Training Root accuracy:0.84(best:0.84)
02/17/2020 08:28:56 PM,282 root INFO Training F1:[0.94, 0.86](best:0.94 , 0.99)
02/17/2020 08:28:56 PM,291 root INFO Epoch: 32
02/17/2020 08:28:59 PM,659 root INFO Loss = tensor([26.4699])
02/17/2020 08:29:25 PM,928 root INFO Loss = tensor([29.4934])
02/17/2020 08:29:52 PM,285 root INFO Loss = tensor([28.3826])
02/17/2020 08:30:20 PM,228 root INFO Loss = tensor([27.0694])
02/17/2020 08:30:50 PM,390 root INFO Loss = tensor([27.1552])
02/17/2020 08:31:14 PM,409 root INFO Loss = tensor([28.3620])
02/17/2020 08:31:49 PM,131 root INFO Loss = tensor([26.5675])
02/17/2020 08:32:14 PM,754 root INFO Loss = tensor([30.0041])
02/17/2020 08:32:41 PM,552 root INFO Loss = tensor([29.5088])
02/17/2020 08:33:11 PM,848 root INFO Loss = tensor([32.5872])
02/17/2020 08:33:38 PM,472 root INFO Loss = tensor([26.5910])
02/17/2020 08:34:06 PM,391 root INFO Loss = tensor([28.1764])
02/17/2020 08:34:34 PM,520 root INFO Loss = tensor([27.9651])
02/17/2020 08:35:02 PM,615 root INFO Loss = tensor([26.4138])
02/17/2020 08:35:30 PM,924 root INFO Loss = tensor([27.2036])
02/17/2020 08:35:58 PM,47 root INFO Loss = tensor([29.5409])
02/17/2020 08:36:26 PM,508 root INFO Loss = tensor([28.1555])
02/17/2020 08:36:50 PM,942 root INFO Loss = tensor([28.3510])
02/17/2020 08:37:13 PM,333 root INFO Loss = tensor([25.6623])
02/17/2020 08:37:37 PM,198 root INFO Loss = tensor([31.4259])
02/17/2020 08:38:02 PM,313 root INFO Validation All-nodes accuracy:0.65(best:0.66)
02/17/2020 08:38:02 PM,314 root INFO Validation Root accuracy:0.66(best:0.68)
02/17/2020 08:38:02 PM,314 root INFO F1:[0.83, 0.68](best:0.83 , 0.78)
02/17/2020 08:39:05 PM,610 root INFO Training All-nodes accuracy:0.69(best:0.69)
02/17/2020 08:39:05 PM,610 root INFO Training Root accuracy:0.84(best:0.84)
02/17/2020 08:39:05 PM,610 root INFO Training F1:[0.93, 0.88](best:0.94 , 0.99)
02/17/2020 08:39:05 PM,620 root INFO Epoch: 33
02/17/2020 08:39:08 PM,784 root INFO Loss = tensor([28.2100])
02/17/2020 08:39:35 PM,891 root INFO Loss = tensor([27.5805])
02/17/2020 08:40:01 PM,486 root INFO Loss = tensor([26.2110])
02/17/2020 08:40:31 PM,219 root INFO Loss = tensor([26.0264])
02/17/2020 08:40:59 PM,730 root INFO Loss = tensor([31.6794])
02/17/2020 08:41:36 PM,83 root INFO Loss = tensor([28.3268])
02/17/2020 08:42:05 PM,403 root INFO Loss = tensor([30.3750])
02/17/2020 08:42:46 PM,674 root INFO Loss = tensor([30.6080])
02/17/2020 08:43:29 PM,181 root INFO Loss = tensor([27.9150])
02/17/2020 08:44:04 PM,369 root INFO Loss = tensor([27.6693])
02/17/2020 08:44:53 PM,161 root INFO Loss = tensor([28.0300])
02/17/2020 08:45:25 PM,208 root INFO Loss = tensor([23.9326])
02/17/2020 08:45:53 PM,360 root INFO Loss = tensor([28.8599])
02/17/2020 08:46:21 PM,276 root INFO Loss = tensor([29.7531])
02/17/2020 08:46:49 PM,509 root INFO Loss = tensor([28.8032])
02/17/2020 08:47:17 PM,544 root INFO Loss = tensor([29.9327])
02/17/2020 08:47:44 PM,76 root INFO Loss = tensor([28.8675])
02/17/2020 08:48:13 PM,479 root INFO Loss = tensor([27.8500])
02/17/2020 08:48:47 PM,757 root INFO Loss = tensor([27.2718])
02/17/2020 08:49:18 PM,655 root INFO Loss = tensor([38.0941])
02/17/2020 08:49:48 PM,868 root INFO Validation All-nodes accuracy:0.65(best:0.66)
02/17/2020 08:49:48 PM,870 root INFO Validation Root accuracy:0.67(best:0.68)
02/17/2020 08:49:48 PM,870 root INFO F1:[0.83, 0.69](best:0.83 , 0.78)
02/17/2020 08:51:32 PM,234 root INFO Training All-nodes accuracy:0.69(best:0.69)
02/17/2020 08:51:32 PM,236 root INFO Training Root accuracy:0.84(best:0.84)
02/17/2020 08:51:32 PM,236 root INFO Training F1:[0.93, 0.89](best:0.94 , 0.99)
02/17/2020 08:51:32 PM,246 root INFO Epoch: 34
02/17/2020 08:51:36 PM,4 root INFO Loss = tensor([28.5188])
02/17/2020 08:52:20 PM,516 root INFO Loss = tensor([27.8000])
02/17/2020 08:52:55 PM,127 root INFO Loss = tensor([27.7685])
02/17/2020 08:53:30 PM,235 root INFO Loss = tensor([26.6320])
02/17/2020 08:54:10 PM,337 root INFO Loss = tensor([27.2651])
02/17/2020 08:54:48 PM,311 root INFO Loss = tensor([28.2543])
02/17/2020 08:55:32 PM,254 root INFO Loss = tensor([26.2626])
02/17/2020 08:56:35 PM,465 root INFO Loss = tensor([30.1755])
02/17/2020 08:57:13 PM,342 root INFO Loss = tensor([27.0319])
02/17/2020 08:57:50 PM,703 root INFO Loss = tensor([26.9913])
02/17/2020 08:58:24 PM,494 root INFO Loss = tensor([27.4234])
02/17/2020 08:58:52 PM,851 root INFO Loss = tensor([29.0248])
02/17/2020 08:59:24 PM,191 root INFO Loss = tensor([28.3237])
02/17/2020 08:59:55 PM,49 root INFO Loss = tensor([27.4628])
02/17/2020 09:00:22 PM,862 root INFO Loss = tensor([29.7834])
02/17/2020 09:00:53 PM,937 root INFO Loss = tensor([26.5414])
02/17/2020 09:01:25 PM,91 root INFO Loss = tensor([31.5685])
02/17/2020 09:01:59 PM,18 root INFO Loss = tensor([25.6889])
02/17/2020 09:02:30 PM,747 root INFO Loss = tensor([27.0982])
02/17/2020 09:03:01 PM,793 root INFO Loss = tensor([31.1365])
02/17/2020 09:03:29 PM,146 root INFO Validation All-nodes accuracy:0.65(best:0.66)
02/17/2020 09:03:29 PM,148 root INFO Validation Root accuracy:0.65(best:0.68)
02/17/2020 09:03:29 PM,148 root INFO F1:[0.83, 0.66](best:0.83 , 0.78)
02/17/2020 09:05:26 PM,388 root INFO Training All-nodes accuracy:0.7(best:0.7)
02/17/2020 09:05:26 PM,405 root INFO Training Root accuracy:0.85(best:0.85)
02/17/2020 09:05:26 PM,405 root INFO Training F1:[0.94, 0.88](best:0.94 , 0.99)
02/17/2020 09:05:26 PM,434 root INFO Epoch: 35
02/17/2020 09:05:31 PM,459 root INFO Loss = tensor([28.7531])
02/17/2020 09:06:07 PM,874 root INFO Loss = tensor([27.5293])
02/17/2020 09:06:52 PM,29 root INFO Loss = tensor([27.5571])
02/17/2020 09:07:28 PM,433 root INFO Loss = tensor([28.1467])
02/17/2020 09:08:06 PM,29 root INFO Loss = tensor([28.2724])
02/17/2020 09:08:43 PM,811 root INFO Loss = tensor([27.0411])
02/17/2020 09:09:15 PM,113 root INFO Loss = tensor([27.2795])
02/17/2020 09:09:42 PM,596 root INFO Loss = tensor([25.7973])
02/17/2020 09:10:10 PM,172 root INFO Loss = tensor([26.1302])
02/17/2020 09:10:36 PM,916 root INFO Loss = tensor([26.8095])
02/17/2020 09:11:21 PM,661 root INFO Loss = tensor([25.8862])
02/17/2020 09:11:57 PM,455 root INFO Loss = tensor([30.1262])
02/17/2020 09:12:36 PM,512 root INFO Loss = tensor([28.1798])
02/17/2020 09:13:18 PM,882 root INFO Loss = tensor([27.5513])
02/17/2020 09:13:56 PM,628 root INFO Loss = tensor([26.8026])
02/17/2020 09:14:35 PM,719 root INFO Loss = tensor([31.2423])
02/17/2020 09:15:13 PM,466 root INFO Loss = tensor([28.0735])
02/17/2020 09:15:53 PM,640 root INFO Loss = tensor([29.3007])
02/17/2020 09:16:33 PM,168 root INFO Loss = tensor([30.4155])
02/17/2020 09:17:08 PM,768 root INFO Loss = tensor([28.6791])
02/17/2020 09:17:58 PM,213 root INFO Validation All-nodes accuracy:0.65(best:0.66)
02/17/2020 09:17:58 PM,214 root INFO Validation Root accuracy:0.65(best:0.68)
02/17/2020 09:17:58 PM,215 root INFO F1:[0.84, 0.65](best:0.84 , 0.78)
02/17/2020 09:20:07 PM,979 root INFO Training All-nodes accuracy:0.7(best:0.7)
02/17/2020 09:20:07 PM,984 root INFO Training Root accuracy:0.85(best:0.85)
02/17/2020 09:20:07 PM,984 root INFO Training F1:[0.95, 0.86](best:0.95 , 0.99)
02/17/2020 09:20:07 PM,992 root INFO Epoch: 36
02/17/2020 09:20:14 PM,517 root INFO Loss = tensor([26.8295])
02/17/2020 09:20:44 PM,467 root INFO Loss = tensor([30.3737])
02/17/2020 09:21:14 PM,366 root INFO Loss = tensor([31.6001])
02/17/2020 09:21:42 PM,362 root INFO Loss = tensor([35.6958])
02/17/2020 09:22:11 PM,832 root INFO Loss = tensor([32.7566])
02/17/2020 09:23:13 PM,530 root INFO Loss = tensor([27.0132])
02/17/2020 09:23:51 PM,776 root INFO Loss = tensor([27.7361])
02/17/2020 09:24:20 PM,276 root INFO Loss = tensor([29.3607])
02/17/2020 09:24:52 PM,831 root INFO Loss = tensor([25.5020])
02/17/2020 09:25:21 PM,5 root INFO Loss = tensor([26.8729])
02/17/2020 09:25:51 PM,31 root INFO Loss = tensor([28.6454])
02/17/2020 09:26:25 PM,452 root INFO Loss = tensor([26.8902])
02/17/2020 09:26:53 PM,639 root INFO Loss = tensor([28.6484])
02/17/2020 09:27:22 PM,632 root INFO Loss = tensor([32.3404])
02/17/2020 09:27:56 PM,74 root INFO Loss = tensor([30.8402])
02/17/2020 09:28:21 PM,288 root INFO Loss = tensor([28.4265])
02/17/2020 09:28:45 PM,943 root INFO Loss = tensor([26.8697])
02/17/2020 09:29:09 PM,728 root INFO Loss = tensor([28.3568])
02/17/2020 09:29:34 PM,837 root INFO Loss = tensor([32.2363])
02/17/2020 09:29:58 PM,630 root INFO Loss = tensor([32.5671])
02/17/2020 09:30:21 PM,422 root INFO Validation All-nodes accuracy:0.66(best:0.66)
02/17/2020 09:30:21 PM,424 root INFO Validation Root accuracy:0.65(best:0.68)
02/17/2020 09:30:21 PM,424 root INFO F1:[0.82, 0.66](best:0.84 , 0.78)
02/17/2020 09:31:26 PM,423 root INFO Training All-nodes accuracy:0.69(best:0.7)
02/17/2020 09:31:26 PM,425 root INFO Training Root accuracy:0.84(best:0.85)
02/17/2020 09:31:26 PM,426 root INFO Training F1:[0.91, 0.92](best:0.95 , 0.99)
02/17/2020 09:31:26 PM,431 root INFO Epoch: 37
02/17/2020 09:31:29 PM,885 root INFO Loss = tensor([28.8108])
02/17/2020 09:31:56 PM,831 root INFO Loss = tensor([29.7006])
02/17/2020 09:32:22 PM,486 root INFO Loss = tensor([28.6980])
02/17/2020 09:32:48 PM,233 root INFO Loss = tensor([29.0114])
02/17/2020 09:33:14 PM,884 root INFO Loss = tensor([27.2474])
02/17/2020 09:33:41 PM,297 root INFO Loss = tensor([28.1019])
02/17/2020 09:34:06 PM,812 root INFO Loss = tensor([28.9686])
02/17/2020 09:34:30 PM,839 root INFO Loss = tensor([27.2625])
02/17/2020 09:34:56 PM,957 root INFO Loss = tensor([27.1357])
02/17/2020 09:35:22 PM,573 root INFO Loss = tensor([27.6071])
02/17/2020 09:35:48 PM,508 root INFO Loss = tensor([28.2754])
02/17/2020 09:36:14 PM,640 root INFO Loss = tensor([26.6796])
02/17/2020 09:36:39 PM,195 root INFO Loss = tensor([27.8144])
02/17/2020 09:37:12 PM,153 root INFO Loss = tensor([25.1717])
02/17/2020 09:37:39 PM,291 root INFO Loss = tensor([29.3623])
02/17/2020 09:38:12 PM,43 root INFO Loss = tensor([28.9893])
02/17/2020 09:38:43 PM,364 root INFO Loss = tensor([27.4666])
02/17/2020 09:39:13 PM,501 root INFO Loss = tensor([27.9133])
02/17/2020 09:39:41 PM,396 root INFO Loss = tensor([24.1596])
02/17/2020 09:40:05 PM,507 root INFO Loss = tensor([27.7854])
02/17/2020 09:40:39 PM,801 root INFO Validation All-nodes accuracy:0.65(best:0.66)
02/17/2020 09:40:39 PM,803 root INFO Validation Root accuracy:0.65(best:0.68)
02/17/2020 09:40:39 PM,803 root INFO F1:[0.83, 0.65](best:0.84 , 0.78)
02/17/2020 09:42:14 PM,995 root INFO Training All-nodes accuracy:0.7(best:0.7)
02/17/2020 09:42:14 PM,996 root INFO Training Root accuracy:0.85(best:0.85)
02/17/2020 09:42:14 PM,996 root INFO Training F1:[0.94, 0.88](best:0.95 , 0.99)
02/17/2020 09:42:15 PM,14 root INFO Epoch: 38
02/17/2020 09:42:22 PM,691 root INFO Loss = tensor([26.6531])
02/17/2020 09:42:59 PM,331 root INFO Loss = tensor([26.5779])
02/17/2020 09:43:33 PM,751 root INFO Loss = tensor([25.5745])
02/17/2020 09:44:02 PM,645 root INFO Loss = tensor([26.5842])
02/17/2020 09:44:33 PM,550 root INFO Loss = tensor([26.4919])
02/17/2020 09:45:00 PM,543 root INFO Loss = tensor([26.7290])
02/17/2020 09:45:29 PM,395 root INFO Loss = tensor([29.6109])
02/17/2020 09:45:57 PM,904 root INFO Loss = tensor([26.8249])
02/17/2020 09:46:31 PM,245 root INFO Loss = tensor([29.1245])
02/17/2020 09:47:08 PM,604 root INFO Loss = tensor([28.4578])
02/17/2020 09:47:42 PM,372 root INFO Loss = tensor([32.4975])
02/17/2020 09:48:15 PM,387 root INFO Loss = tensor([27.8143])
02/17/2020 09:48:45 PM,100 root INFO Loss = tensor([26.8302])
02/17/2020 09:49:30 PM,700 root INFO Loss = tensor([28.4155])
02/17/2020 09:50:04 PM,518 root INFO Loss = tensor([27.8146])
02/17/2020 09:50:36 PM,602 root INFO Loss = tensor([25.8547])
02/17/2020 09:51:11 PM,618 root INFO Loss = tensor([31.5262])
02/17/2020 09:51:47 PM,971 root INFO Loss = tensor([25.9113])
02/17/2020 09:52:21 PM,118 root INFO Loss = tensor([27.0651])
02/17/2020 09:52:52 PM,325 root INFO Loss = tensor([25.9164])
02/17/2020 09:53:23 PM,264 root INFO Validation All-nodes accuracy:0.65(best:0.66)
02/17/2020 09:53:23 PM,265 root INFO Validation Root accuracy:0.65(best:0.68)
02/17/2020 09:53:23 PM,266 root INFO F1:[0.84, 0.66](best:0.84 , 0.78)
02/17/2020 09:54:58 PM,511 root INFO Training All-nodes accuracy:0.7(best:0.7)
02/17/2020 09:54:58 PM,513 root INFO Training Root accuracy:0.86(best:0.86)
02/17/2020 09:54:58 PM,513 root INFO Training F1:[0.95, 0.89](best:0.95 , 0.99)
02/17/2020 09:54:58 PM,527 root INFO Epoch: 39
02/17/2020 09:55:01 PM,613 root INFO Loss = tensor([26.3426])
02/17/2020 09:55:26 PM,408 root INFO Loss = tensor([26.0309])
02/17/2020 09:56:02 PM,814 root INFO Loss = tensor([28.9334])
02/17/2020 09:56:41 PM,113 root INFO Loss = tensor([27.7485])
02/17/2020 09:57:18 PM,588 root INFO Loss = tensor([27.7157])
02/17/2020 09:57:56 PM,98 root INFO Loss = tensor([27.0325])
02/17/2020 09:58:31 PM,137 root INFO Loss = tensor([29.0741])
02/17/2020 09:59:08 PM,213 root INFO Loss = tensor([26.7715])
02/17/2020 09:59:41 PM,446 root INFO Loss = tensor([24.7433])
02/17/2020 10:00:23 PM,331 root INFO Loss = tensor([24.5231])
02/17/2020 10:01:00 PM,295 root INFO Loss = tensor([28.5502])
02/17/2020 10:01:37 PM,232 root INFO Loss = tensor([28.4709])
02/17/2020 10:02:12 PM,399 root INFO Loss = tensor([26.0131])
02/17/2020 10:02:57 PM,165 root INFO Loss = tensor([28.1042])
02/17/2020 10:03:33 PM,238 root INFO Loss = tensor([27.2689])
02/17/2020 10:04:10 PM,346 root INFO Loss = tensor([24.9361])
02/17/2020 10:04:49 PM,229 root INFO Loss = tensor([29.9738])
02/17/2020 10:05:29 PM,672 root INFO Loss = tensor([31.7151])
02/17/2020 10:06:10 PM,808 root INFO Loss = tensor([28.4526])
02/17/2020 10:06:40 PM,770 root INFO Loss = tensor([24.4222])
02/17/2020 10:07:14 PM,424 root INFO Validation All-nodes accuracy:0.65(best:0.66)
02/17/2020 10:07:14 PM,425 root INFO Validation Root accuracy:0.65(best:0.68)
02/17/2020 10:07:14 PM,425 root INFO F1:[0.82, 0.65](best:0.84 , 0.78)
02/17/2020 10:08:39 PM,155 root INFO Training All-nodes accuracy:0.7(best:0.7)
02/17/2020 10:08:39 PM,164 root INFO Training Root accuracy:0.88(best:0.88)
02/17/2020 10:08:39 PM,164 root INFO Training F1:[0.95, 0.91](best:0.95 , 0.99)
02/17/2020 10:08:39 PM,176 root INFO Epoch: 40
02/17/2020 10:08:42 PM,459 root INFO Loss = tensor([26.9466])
02/17/2020 10:09:08 PM,597 root INFO Loss = tensor([26.7818])
02/17/2020 10:09:35 PM,159 root INFO Loss = tensor([25.4874])
02/17/2020 10:10:02 PM,69 root INFO Loss = tensor([27.5884])
02/17/2020 10:10:29 PM,47 root INFO Loss = tensor([27.9596])
02/17/2020 10:10:55 PM,788 root INFO Loss = tensor([24.8258])
02/17/2020 10:11:20 PM,497 root INFO Loss = tensor([27.7428])
02/17/2020 10:11:47 PM,477 root INFO Loss = tensor([27.9753])
02/17/2020 10:12:14 PM,756 root INFO Loss = tensor([26.7194])
02/17/2020 10:12:40 PM,355 root INFO Loss = tensor([28.5768])
02/17/2020 10:13:07 PM,823 root INFO Loss = tensor([26.2109])
02/17/2020 10:13:33 PM,553 root INFO Loss = tensor([25.2808])
02/17/2020 10:13:59 PM,542 root INFO Loss = tensor([25.3764])
02/17/2020 10:14:25 PM,979 root INFO Loss = tensor([27.2352])
02/17/2020 10:14:53 PM,672 root INFO Loss = tensor([27.5935])
02/17/2020 10:15:22 PM,217 root INFO Loss = tensor([27.9083])
02/17/2020 10:15:49 PM,894 root INFO Loss = tensor([28.8158])
02/17/2020 10:16:25 PM,256 root INFO Loss = tensor([27.3709])
02/17/2020 10:16:59 PM,576 root INFO Loss = tensor([28.8417])
02/17/2020 10:17:33 PM,274 root INFO Loss = tensor([26.9675])
02/17/2020 10:18:06 PM,66 root INFO Validation All-nodes accuracy:0.65(best:0.66)
02/17/2020 10:18:06 PM,67 root INFO Validation Root accuracy:0.66(best:0.68)
02/17/2020 10:18:06 PM,67 root INFO F1:[0.84, 0.67](best:0.84 , 0.78)
02/17/2020 10:19:38 PM,188 root INFO Training All-nodes accuracy:0.7(best:0.7)
02/17/2020 10:19:38 PM,195 root INFO Training Root accuracy:0.89(best:0.89)
02/17/2020 10:19:38 PM,195 root INFO Training F1:[0.96, 0.91](best:0.96 , 0.99)
02/17/2020 10:19:38 PM,200 root INFO Epoch: 41
02/17/2020 10:19:42 PM,814 root INFO Loss = tensor([24.6469])
02/17/2020 10:20:18 PM,263 root INFO Loss = tensor([25.4043])
02/17/2020 10:20:53 PM,232 root INFO Loss = tensor([24.7590])
02/17/2020 10:21:26 PM,958 root INFO Loss = tensor([27.6121])
02/17/2020 10:28:42 PM,772 root INFO Loss = tensor([27.3045])
02/17/2020 10:29:31 PM,348 root INFO Loss = tensor([25.7736])
02/17/2020 10:30:05 PM,934 root INFO Loss = tensor([29.3452])
02/17/2020 10:30:39 PM,720 root INFO Loss = tensor([29.7015])
02/17/2020 10:31:14 PM,695 root INFO Loss = tensor([26.3939])
02/17/2020 10:31:49 PM,434 root INFO Loss = tensor([28.9803])
02/17/2020 10:32:23 PM,446 root INFO Loss = tensor([30.7469])
02/17/2020 10:33:02 PM,587 root INFO Loss = tensor([28.6354])
02/17/2020 10:33:36 PM,603 root INFO Loss = tensor([27.4704])
02/17/2020 10:34:10 PM,2 root INFO Loss = tensor([24.5573])
02/17/2020 10:34:42 PM,303 root INFO Loss = tensor([29.0469])
02/17/2020 10:35:15 PM,729 root INFO Loss = tensor([24.6157])
02/17/2020 10:35:49 PM,705 root INFO Loss = tensor([30.6009])
02/17/2020 10:36:24 PM,744 root INFO Loss = tensor([30.6394])
02/17/2020 10:36:59 PM,775 root INFO Loss = tensor([27.1212])
02/17/2020 10:37:32 PM,998 root INFO Loss = tensor([27.6927])
02/17/2020 10:38:04 PM,222 root INFO Validation All-nodes accuracy:0.65(best:0.66)
02/17/2020 10:38:04 PM,223 root INFO Validation Root accuracy:0.63(best:0.68)
02/17/2020 10:38:04 PM,223 root INFO F1:[0.83, 0.63](best:0.84 , 0.78)
02/17/2020 10:39:38 PM,803 root INFO Training All-nodes accuracy:0.7(best:0.7)
02/17/2020 10:39:38 PM,805 root INFO Training Root accuracy:0.88(best:0.89)
02/17/2020 10:39:38 PM,805 root INFO Training F1:[0.96, 0.9](best:0.96 , 0.99)
02/17/2020 10:39:38 PM,812 root INFO Epoch: 42
02/17/2020 10:39:44 PM,173 root INFO Loss = tensor([27.4849])
02/17/2020 10:40:21 PM,586 root INFO Loss = tensor([24.7204])
02/17/2020 10:40:54 PM,739 root INFO Loss = tensor([29.1411])
02/17/2020 10:41:30 PM,231 root INFO Loss = tensor([27.4513])
02/17/2020 10:42:04 PM,996 root INFO Loss = tensor([28.7670])
02/17/2020 10:42:40 PM,456 root INFO Loss = tensor([29.7583])
02/17/2020 10:43:15 PM,522 root INFO Loss = tensor([28.5700])
02/17/2020 10:43:51 PM,799 root INFO Loss = tensor([27.4460])
02/17/2020 10:44:26 PM,695 root INFO Loss = tensor([26.7395])
02/17/2020 10:45:03 PM,376 root INFO Loss = tensor([30.2955])
02/17/2020 10:45:37 PM,807 root INFO Loss = tensor([27.4917])
02/17/2020 10:46:03 PM,831 root INFO Loss = tensor([28.6437])
02/17/2020 10:46:29 PM,746 root INFO Loss = tensor([25.4672])
02/17/2020 10:46:53 PM,566 root INFO Loss = tensor([27.9606])
02/17/2020 10:47:18 PM,555 root INFO Loss = tensor([25.2307])
02/17/2020 10:47:44 PM,332 root INFO Loss = tensor([26.4155])
02/17/2020 10:48:12 PM,175 root INFO Loss = tensor([24.7561])
02/17/2020 10:48:36 PM,844 root INFO Loss = tensor([28.6244])
02/17/2020 10:49:01 PM,564 root INFO Loss = tensor([26.9838])
02/17/2020 10:49:25 PM,793 root INFO Loss = tensor([27.7272])
02/17/2020 10:49:48 PM,898 root INFO Validation All-nodes accuracy:0.65(best:0.66)
02/17/2020 10:49:48 PM,899 root INFO Validation Root accuracy:0.64(best:0.68)
02/17/2020 10:49:48 PM,900 root INFO F1:[0.84, 0.65](best:0.84 , 0.78)
02/17/2020 10:50:53 PM,27 root INFO Training All-nodes accuracy:0.7(best:0.7)
02/17/2020 10:50:53 PM,41 root INFO Training Root accuracy:0.88(best:0.89)
02/17/2020 10:50:53 PM,41 root INFO Training F1:[0.96, 0.9](best:0.96 , 0.99)
02/17/2020 10:50:53 PM,51 root INFO Epoch: 43
02/17/2020 10:50:56 PM,77 root INFO Loss = tensor([26.2751])
02/17/2020 10:51:22 PM,178 root INFO Loss = tensor([27.2686])
02/17/2020 10:51:49 PM,634 root INFO Loss = tensor([34.4487])
02/17/2020 10:52:16 PM,485 root INFO Loss = tensor([30.3387])
02/17/2020 10:52:44 PM,91 root INFO Loss = tensor([28.0123])
02/17/2020 10:53:17 PM,763 root INFO Loss = tensor([28.1886])
02/17/2020 10:54:12 PM,775 root INFO Loss = tensor([27.9602])
02/17/2020 10:54:53 PM,71 root INFO Loss = tensor([28.6220])
02/17/2020 10:55:30 PM,434 root INFO Loss = tensor([26.2621])
02/17/2020 10:56:06 PM,64 root INFO Loss = tensor([26.5920])
02/17/2020 10:56:43 PM,396 root INFO Loss = tensor([29.1054])
02/17/2020 10:57:22 PM,741 root INFO Loss = tensor([29.0181])
02/17/2020 10:58:03 PM,369 root INFO Loss = tensor([25.7480])
02/17/2020 11:39:21 PM,882 root INFO Loss = tensor([26.4424])
02/17/2020 11:39:53 PM,397 root INFO Loss = tensor([24.7502])
02/17/2020 11:40:26 PM,865 root INFO Loss = tensor([26.2220])
02/17/2020 11:41:21 PM,661 root INFO Loss = tensor([28.4535])
02/17/2020 11:41:53 PM,503 root INFO Loss = tensor([25.3425])
02/17/2020 11:42:25 PM,184 root INFO Loss = tensor([29.6714])
02/17/2020 11:42:56 PM,945 root INFO Loss = tensor([26.3161])
02/17/2020 11:43:32 PM,898 root INFO Validation All-nodes accuracy:0.65(best:0.66)
02/17/2020 11:43:32 PM,905 root INFO Validation Root accuracy:0.65(best:0.68)
02/17/2020 11:43:32 PM,905 root INFO F1:[0.83, 0.65](best:0.84 , 0.78)
02/17/2020 11:45:03 PM,518 root INFO Training All-nodes accuracy:0.7(best:0.7)
02/17/2020 11:45:03 PM,520 root INFO Training Root accuracy:0.89(best:0.89)
02/17/2020 11:45:03 PM,520 root INFO Training F1:[0.95, 0.92](best:0.96 , 0.99)
02/17/2020 11:45:03 PM,541 root INFO Epoch: 44
02/17/2020 11:45:10 PM,168 root INFO Loss = tensor([26.5170])
02/17/2020 11:46:07 PM,994 root INFO Loss = tensor([25.6203])
02/17/2020 11:46:59 PM,308 root INFO Loss = tensor([26.9659])
02/17/2020 11:47:45 PM,824 root INFO Loss = tensor([26.7430])
02/17/2020 11:48:20 PM,593 root INFO Loss = tensor([27.2827])
02/17/2020 11:49:14 PM,434 root INFO Loss = tensor([26.6278])
02/17/2020 11:50:08 PM,140 root INFO Loss = tensor([27.6733])
02/17/2020 11:51:16 PM,106 root INFO Loss = tensor([27.8878])
02/17/2020 11:52:13 PM,423 root INFO Loss = tensor([26.2063])
02/17/2020 11:53:05 PM,440 root INFO Loss = tensor([25.5433])
02/17/2020 11:54:05 PM,785 root INFO Loss = tensor([27.2170])
02/17/2020 11:54:52 PM,517 root INFO Loss = tensor([26.7660])
02/17/2020 11:55:44 PM,888 root INFO Loss = tensor([26.8433])
02/17/2020 11:56:33 PM,375 root INFO Loss = tensor([27.7345])
02/17/2020 11:57:15 PM,206 root INFO Loss = tensor([27.1646])
02/17/2020 11:58:21 PM,384 root INFO Loss = tensor([26.2556])
02/17/2020 11:59:19 PM,184 root INFO Loss = tensor([29.3792])
02/17/2020 11:59:52 PM,241 root INFO Loss = tensor([27.5080])
02/18/2020 12:00:28 AM,14 root INFO Loss = tensor([27.1221])
02/18/2020 12:01:02 AM,10 root INFO Loss = tensor([31.2752])
02/18/2020 12:01:42 AM,283 root INFO Validation All-nodes accuracy:0.65(best:0.66)
02/18/2020 12:01:42 AM,290 root INFO Validation Root accuracy:0.65(best:0.68)
02/18/2020 12:01:42 AM,290 root INFO F1:[0.84, 0.66](best:0.84 , 0.78)
02/18/2020 12:03:28 AM,736 root INFO Training All-nodes accuracy:0.71(best:0.71)
02/18/2020 12:03:28 AM,737 root INFO Training Root accuracy:0.9(best:0.9)
02/18/2020 12:03:28 AM,738 root INFO Training F1:[0.96, 0.92](best:0.96 , 0.99)
02/18/2020 12:03:28 AM,743 root INFO Epoch: 45
02/18/2020 12:03:33 AM,171 root INFO Loss = tensor([25.7396])
02/18/2020 12:04:09 AM,47 root INFO Loss = tensor([29.6468])
02/18/2020 12:04:45 AM,574 root INFO Loss = tensor([24.5745])
02/18/2020 12:05:19 AM,445 root INFO Loss = tensor([26.5193])
02/18/2020 12:05:51 AM,741 root INFO Loss = tensor([28.3459])
02/18/2020 12:06:39 AM,745 root INFO Loss = tensor([26.7091])
02/18/2020 12:07:24 AM,572 root INFO Loss = tensor([28.7243])
02/18/2020 12:08:32 AM,482 root INFO Loss = tensor([26.3756])
02/18/2020 12:09:13 AM,118 root INFO Loss = tensor([27.7204])
02/18/2020 12:09:44 AM,423 root INFO Loss = tensor([29.5812])
02/18/2020 12:10:24 AM,534 root INFO Loss = tensor([32.5859])
02/18/2020 12:11:03 AM,289 root INFO Loss = tensor([29.6610])
02/18/2020 12:11:41 AM,589 root INFO Loss = tensor([27.7674])
02/18/2020 12:12:18 AM,247 root INFO Loss = tensor([27.4018])
02/18/2020 12:12:51 AM,618 root INFO Loss = tensor([24.2144])
02/18/2020 12:13:22 AM,907 root INFO Loss = tensor([26.4564])
02/18/2020 12:13:54 AM,571 root INFO Loss = tensor([27.5662])
02/18/2020 12:14:37 AM,740 root INFO Loss = tensor([28.7540])
02/18/2020 12:15:38 AM,289 root INFO Loss = tensor([26.3677])
02/18/2020 12:16:48 AM,498 root INFO Loss = tensor([27.1451])
02/18/2020 12:17:39 AM,777 root INFO Validation All-nodes accuracy:0.65(best:0.66)
02/18/2020 12:17:39 AM,779 root INFO Validation Root accuracy:0.64(best:0.68)
02/18/2020 12:17:39 AM,779 root INFO F1:[0.84, 0.64](best:0.84 , 0.78)
02/18/2020 12:19:53 AM,579 root INFO Training All-nodes accuracy:0.71(best:0.71)
02/18/2020 12:19:53 AM,582 root INFO Training Root accuracy:0.89(best:0.9)
02/18/2020 12:19:53 AM,582 root INFO Training F1:[0.96, 0.9](best:0.96 , 0.99)
02/18/2020 12:19:53 AM,590 root INFO Epoch: 46
02/18/2020 12:20:02 AM,29 root INFO Loss = tensor([26.7513])
02/18/2020 12:20:50 AM,181 root INFO Loss = tensor([24.4343])
02/18/2020 12:21:36 AM,605 root INFO Loss = tensor([25.8188])
02/18/2020 12:22:17 AM,442 root INFO Loss = tensor([28.2311])
02/18/2020 12:22:53 AM,954 root INFO Loss = tensor([26.9104])
02/18/2020 12:23:29 AM,312 root INFO Loss = tensor([28.0976])
02/18/2020 12:24:04 AM,523 root INFO Loss = tensor([24.2111])
02/18/2020 12:24:54 AM,341 root INFO Loss = tensor([29.3997])
02/18/2020 12:25:34 AM,548 root INFO Loss = tensor([26.3927])
02/18/2020 12:26:19 AM,112 root INFO Loss = tensor([28.2844])
02/18/2020 12:27:10 AM,223 root INFO Loss = tensor([26.5350])
02/18/2020 12:27:48 AM,571 root INFO Loss = tensor([29.9393])
02/18/2020 12:28:24 AM,713 root INFO Loss = tensor([28.1551])
02/18/2020 12:28:59 AM,357 root INFO Loss = tensor([25.8222])
02/18/2020 12:29:32 AM,141 root INFO Loss = tensor([27.3188])
02/18/2020 12:30:06 AM,651 root INFO Loss = tensor([27.7892])
02/18/2020 12:30:41 AM,715 root INFO Loss = tensor([29.5768])
02/18/2020 12:31:17 AM,155 root INFO Loss = tensor([30.0143])
02/18/2020 12:31:54 AM,84 root INFO Loss = tensor([28.7241])
02/18/2020 12:32:28 AM,566 root INFO Loss = tensor([28.2255])
02/18/2020 12:32:54 AM,634 root INFO Validation All-nodes accuracy:0.65(best:0.66)
02/18/2020 12:32:54 AM,635 root INFO Validation Root accuracy:0.65(best:0.68)
02/18/2020 12:32:54 AM,636 root INFO F1:[0.84, 0.65](best:0.84 , 0.78)
02/18/2020 12:33:57 AM,265 root INFO Training All-nodes accuracy:0.71(best:0.71)
02/18/2020 12:33:57 AM,265 root INFO Training Root accuracy:0.9(best:0.9)
02/18/2020 12:33:57 AM,265 root INFO Training F1:[0.96, 0.92](best:0.96 , 0.99)
02/18/2020 12:33:57 AM,271 root INFO Epoch: 47
02/18/2020 12:34:00 AM,405 root INFO Loss = tensor([25.1580])
02/18/2020 12:34:24 AM,860 root INFO Loss = tensor([28.5981])
02/18/2020 12:34:49 AM,786 root INFO Loss = tensor([25.6688])
02/18/2020 12:35:13 AM,33 root INFO Loss = tensor([28.6150])
02/18/2020 12:35:41 AM,250 root INFO Loss = tensor([26.6555])
02/18/2020 12:36:14 AM,323 root INFO Loss = tensor([26.8368])
02/18/2020 08:36:42 AM,823 root INFO Loss = tensor([25.2327])
02/18/2020 01:59:48 PM,644 root INFO Loss = tensor([25.4037])
02/18/2020 02:00:33 PM,801 root INFO Loss = tensor([25.5967])
02/18/2020 02:01:03 PM,699 root INFO Loss = tensor([27.9898])
02/18/2020 02:01:29 PM,942 root INFO Loss = tensor([28.0891])
