05/26/2020 02:15:23 PM,714 gensim.utils INFO loading Word2VecKeyedVectors object from Users/navreetkaur/MTP/finetune-word2vec/w2v-models/economic-word2vec-ner
05/26/2020 02:15:55 PM,655 gensim.utils INFO loading Word2VecKeyedVectors object from /Users/navreetkaur/MTP/finetune-word2vec/w2v-models/economic-word2vec-ner
05/26/2020 02:15:57 PM,351 gensim.utils INFO loading vectors from /Users/navreetkaur/MTP/finetune-word2vec/w2v-models/economic-word2vec-ner.vectors.npy with mmap=None
05/26/2020 02:15:57 PM,879 gensim.utils INFO setting ignored attribute vectors_norm to None
05/26/2020 02:15:57 PM,879 gensim.utils INFO loaded /Users/navreetkaur/MTP/finetune-word2vec/w2v-models/economic-word2vec-ner
05/26/2020 02:15:57 PM,879 gensim.models.utils_any2vec INFO loading projection weights from /Users/navreetkaur/MTP/finetune-word2vec/w2v-models/GoogleNews-vectors-negative300.bin
05/26/2020 02:18:32 PM,908 gensim.models.utils_any2vec INFO loaded (3000000, 300) matrix from /Users/navreetkaur/MTP/finetune-word2vec/w2v-models/GoogleNews-vectors-negative300.bin
05/26/2020 04:55:45 PM,148 root INFO Start logging
05/26/2020 04:55:55 PM,49 root INFO Epoch: 0
05/26/2020 04:55:59 PM,314 root INFO Loss = tensor([28.6716])
05/26/2020 04:56:24 PM,679 root INFO Loss = tensor([29.2780])
05/26/2020 04:56:44 PM,294 root INFO Loss = tensor([30.9149])
05/26/2020 04:57:03 PM,655 root INFO Loss = tensor([31.2382])
05/26/2020 04:57:23 PM,687 root INFO Loss = tensor([30.9575])
05/26/2020 04:57:43 PM,325 root INFO Loss = tensor([31.2406])
05/26/2020 04:58:03 PM,173 root INFO Loss = tensor([31.1724])
05/26/2020 04:58:22 PM,925 root INFO Loss = tensor([30.5903])
05/26/2020 04:58:42 PM,393 root INFO Loss = tensor([29.1935])
05/26/2020 04:59:04 PM,284 root INFO Loss = tensor([31.8247])
05/26/2020 04:59:26 PM,602 root INFO Loss = tensor([32.0630])
05/26/2020 04:59:58 PM,265 root INFO Validation All-nodes accuracy:0.77(best:0.77)
05/26/2020 04:59:58 PM,266 root INFO Validation Root accuracy:0.78(best:0.78)
05/26/2020 04:59:58 PM,266 root INFO F1:[0.02, 0.88](best:0.02 , 0.88)
05/26/2020 05:00:34 PM,663 root INFO Training All-nodes accuracy:0.52(best:0.52)
05/26/2020 05:00:34 PM,664 root INFO Training Root accuracy:0.5(best:0.5)
05/26/2020 05:00:34 PM,664 root INFO Training F1:[0.5, 0.67](best:0.5 , 0.67)
05/26/2020 05:00:34 PM,667 root INFO Epoch: 1
05/26/2020 05:00:38 PM,275 root INFO Loss = tensor([31.9350])
05/26/2020 05:01:01 PM,574 root INFO Loss = tensor([30.9949])
05/26/2020 05:01:24 PM,362 root INFO Loss = tensor([31.4554])
05/26/2020 05:01:47 PM,970 root INFO Loss = tensor([32.5858])
05/26/2020 05:02:11 PM,269 root INFO Loss = tensor([28.8906])
05/26/2020 05:02:32 PM,434 root INFO Loss = tensor([30.3444])
05/26/2020 05:02:54 PM,878 root INFO Loss = tensor([30.4793])
05/26/2020 05:03:17 PM,458 root INFO Loss = tensor([30.1810])
05/26/2020 05:03:40 PM,12 root INFO Loss = tensor([30.6528])
05/26/2020 05:04:03 PM,903 root INFO Loss = tensor([30.8606])
05/26/2020 05:07:37 PM,476 root INFO Loss = tensor([30.0837])
05/26/2020 05:08:21 PM,751 root INFO Validation All-nodes accuracy:0.76(best:0.77)
05/26/2020 05:08:21 PM,753 root INFO Validation Root accuracy:0.75(best:0.78)
05/26/2020 05:08:21 PM,754 root INFO F1:[0.29, 0.88](best:0.29 , 0.88)
05/26/2020 05:08:57 PM,462 root INFO Training All-nodes accuracy:0.52(best:0.52)
05/26/2020 05:08:57 PM,462 root INFO Training Root accuracy:0.5(best:0.5)
05/26/2020 05:08:57 PM,462 root INFO Training F1:[0.67, 0.67](best:0.67 , 0.67)
05/26/2020 05:08:57 PM,465 root INFO Epoch: 2
05/26/2020 05:09:01 PM,594 root INFO Loss = tensor([29.7305])
05/26/2020 05:09:20 PM,811 root INFO Loss = tensor([32.2203])
05/26/2020 05:09:45 PM,400 root INFO Loss = tensor([29.7224])
05/26/2020 05:10:13 PM,125 root INFO Loss = tensor([31.7084])
05/26/2020 05:10:36 PM,315 root INFO Loss = tensor([30.0188])
05/26/2020 05:11:04 PM,960 root INFO Loss = tensor([29.1022])
05/26/2020 05:11:30 PM,210 root INFO Loss = tensor([30.3519])
05/26/2020 05:11:52 PM,258 root INFO Loss = tensor([32.6170])
05/26/2020 05:12:21 PM,216 root INFO Loss = tensor([30.8478])
05/26/2020 05:12:40 PM,229 root INFO Loss = tensor([29.8499])
05/26/2020 05:12:58 PM,839 root INFO Loss = tensor([30.7843])
05/26/2020 05:13:26 PM,132 root INFO Validation All-nodes accuracy:0.73(best:0.77)
05/26/2020 05:13:26 PM,132 root INFO Validation Root accuracy:0.77(best:0.78)
05/26/2020 05:13:26 PM,132 root INFO F1:[0.17, 0.88](best:0.29 , 0.88)
05/26/2020 05:14:02 PM,742 root INFO Training All-nodes accuracy:0.52(best:0.52)
05/26/2020 05:14:02 PM,742 root INFO Training Root accuracy:0.5(best:0.5)
05/26/2020 05:14:02 PM,743 root INFO Training F1:[0.64, 0.67](best:0.67 , 0.67)
05/26/2020 05:14:02 PM,747 root INFO Epoch: 3
05/26/2020 05:14:05 PM,671 root INFO Loss = tensor([29.5560])
05/26/2020 05:14:26 PM,995 root INFO Loss = tensor([30.4759])
05/26/2020 05:14:56 PM,249 root INFO Loss = tensor([29.9455])
05/26/2020 05:15:31 PM,245 root INFO Loss = tensor([31.1617])
05/26/2020 05:15:59 PM,730 root INFO Loss = tensor([31.9543])
05/26/2020 05:16:28 PM,260 root INFO Loss = tensor([31.4605])
05/26/2020 05:16:57 PM,390 root INFO Loss = tensor([31.5425])
05/26/2020 05:17:26 PM,712 root INFO Loss = tensor([31.7611])
05/26/2020 05:17:52 PM,329 root INFO Loss = tensor([30.4352])
05/26/2020 05:18:17 PM,579 root INFO Loss = tensor([29.2843])
05/26/2020 05:18:39 PM,432 root INFO Loss = tensor([29.3024])
05/26/2020 05:19:12 PM,136 root INFO Validation All-nodes accuracy:0.76(best:0.77)
05/26/2020 05:19:12 PM,136 root INFO Validation Root accuracy:0.78(best:0.78)
05/26/2020 05:19:12 PM,136 root INFO F1:[0.5, 0.88](best:0.5 , 0.88)
05/26/2020 05:20:00 PM,33 root INFO Training All-nodes accuracy:0.52(best:0.52)
05/26/2020 05:20:00 PM,35 root INFO Training Root accuracy:0.5(best:0.5)
05/26/2020 05:20:00 PM,35 root INFO Training F1:[0.71, 0.67](best:0.71 , 0.67)
05/26/2020 05:20:00 PM,39 root INFO Epoch: 4
05/26/2020 05:20:05 PM,686 root INFO Loss = tensor([30.2881])
05/26/2020 05:20:32 PM,226 root INFO Loss = tensor([29.8627])
05/26/2020 05:21:06 PM,572 root INFO Loss = tensor([30.6136])
05/26/2020 05:21:36 PM,275 root INFO Loss = tensor([31.9581])
05/26/2020 05:22:10 PM,724 root INFO Loss = tensor([30.1866])
05/26/2020 05:22:32 PM,763 root INFO Loss = tensor([32.4494])
05/26/2020 05:22:57 PM,891 root INFO Loss = tensor([31.9281])
05/26/2020 05:23:22 PM,747 root INFO Loss = tensor([29.7600])
05/26/2020 05:23:49 PM,114 root INFO Loss = tensor([29.1035])
05/26/2020 05:24:25 PM,492 root INFO Loss = tensor([31.5511])
05/26/2020 05:25:03 PM,277 root INFO Loss = tensor([29.9515])
05/26/2020 05:25:35 PM,300 root INFO Validation All-nodes accuracy:0.73(best:0.77)
05/26/2020 05:25:35 PM,301 root INFO Validation Root accuracy:0.78(best:0.78)
05/26/2020 05:25:35 PM,302 root INFO F1:[0.5, 0.88](best:0.5 , 0.88)
05/26/2020 05:26:21 PM,880 root INFO Training All-nodes accuracy:0.53(best:0.53)
05/26/2020 05:26:21 PM,881 root INFO Training Root accuracy:0.5(best:0.5)
05/26/2020 05:26:21 PM,881 root INFO Training F1:[0.86, 0.67](best:0.86 , 0.67)
05/26/2020 05:26:21 PM,888 root INFO Epoch: 5
05/26/2020 05:26:25 PM,894 root INFO Loss = tensor([30.5620])
05/26/2020 05:26:49 PM,109 root INFO Loss = tensor([31.0664])
05/26/2020 05:27:15 PM,42 root INFO Loss = tensor([30.6819])
05/26/2020 05:27:41 PM,631 root INFO Loss = tensor([30.7774])
05/26/2020 05:28:15 PM,252 root INFO Loss = tensor([31.7701])
05/26/2020 05:28:49 PM,567 root INFO Loss = tensor([28.6111])
05/26/2020 05:29:19 PM,461 root INFO Loss = tensor([30.5603])
05/26/2020 05:29:49 PM,829 root INFO Loss = tensor([30.9353])
05/26/2020 05:30:28 PM,529 root INFO Loss = tensor([30.7574])
05/26/2020 05:31:02 PM,330 root INFO Loss = tensor([30.7177])
05/26/2020 05:31:27 PM,899 root INFO Loss = tensor([28.8924])
05/26/2020 05:32:06 PM,647 root INFO Validation All-nodes accuracy:0.7(best:0.77)
05/26/2020 05:32:06 PM,648 root INFO Validation Root accuracy:0.69(best:0.78)
05/26/2020 05:32:06 PM,648 root INFO F1:[0.38, 0.88](best:0.5 , 0.88)
05/26/2020 05:33:02 PM,356 root INFO Training All-nodes accuracy:0.54(best:0.54)
05/26/2020 05:33:02 PM,357 root INFO Training Root accuracy:0.55(best:0.55)
05/26/2020 05:33:02 PM,358 root INFO Training F1:[0.78, 0.69](best:0.86 , 0.69)
05/26/2020 05:33:02 PM,371 root INFO Epoch: 6
05/26/2020 05:33:08 PM,997 root INFO Loss = tensor([32.1426])
05/26/2020 05:33:44 PM,123 root INFO Loss = tensor([29.8614])
05/26/2020 05:34:13 PM,916 root INFO Loss = tensor([30.1872])
05/26/2020 05:34:46 PM,69 root INFO Loss = tensor([29.0858])
05/26/2020 05:35:14 PM,998 root INFO Loss = tensor([30.0221])
05/26/2020 05:35:47 PM,414 root INFO Loss = tensor([31.5048])
05/26/2020 05:36:21 PM,336 root INFO Loss = tensor([29.8558])
05/26/2020 05:37:14 PM,659 root INFO Loss = tensor([30.1282])
05/26/2020 05:37:50 PM,304 root INFO Loss = tensor([30.6387])
05/26/2020 05:38:26 PM,476 root INFO Loss = tensor([29.8283])
05/26/2020 05:39:03 PM,612 root INFO Loss = tensor([30.8246])
05/26/2020 05:39:45 PM,733 root INFO Validation All-nodes accuracy:0.7(best:0.77)
05/26/2020 05:39:45 PM,733 root INFO Validation Root accuracy:0.65(best:0.78)
05/26/2020 05:39:45 PM,733 root INFO F1:[0.3, 0.87](best:0.5 , 0.88)
05/26/2020 05:40:48 PM,682 root INFO Training All-nodes accuracy:0.54(best:0.54)
05/26/2020 05:40:48 PM,683 root INFO Training Root accuracy:0.58(best:0.58)
05/26/2020 05:40:48 PM,684 root INFO Training F1:[0.81, 0.71](best:0.86 , 0.71)
05/26/2020 05:40:48 PM,688 root INFO Epoch: 7
05/26/2020 05:40:52 PM,722 root INFO Loss = tensor([31.4577])
05/26/2020 05:41:23 PM,979 root INFO Loss = tensor([31.0338])
05/26/2020 05:42:04 PM,615 root INFO Loss = tensor([31.6756])
05/26/2020 05:42:40 PM,102 root INFO Loss = tensor([30.2853])
05/26/2020 05:43:12 PM,8 root INFO Loss = tensor([30.9594])
05/26/2020 05:43:38 PM,69 root INFO Loss = tensor([29.6665])
05/26/2020 05:43:59 PM,346 root INFO Loss = tensor([30.7992])
05/26/2020 05:44:31 PM,852 root INFO Loss = tensor([31.0656])
05/26/2020 05:44:55 PM,966 root INFO Loss = tensor([31.8117])
05/26/2020 05:45:17 PM,784 root INFO Loss = tensor([29.8664])
05/26/2020 05:45:37 PM,665 root INFO Loss = tensor([29.3712])
05/26/2020 05:46:06 PM,87 root INFO Validation All-nodes accuracy:0.58(best:0.77)
05/26/2020 05:46:06 PM,88 root INFO Validation Root accuracy:0.58(best:0.78)
05/26/2020 05:46:06 PM,88 root INFO F1:[0.37, 0.88](best:0.5 , 0.88)
05/26/2020 05:46:50 PM,191 root INFO Training All-nodes accuracy:0.55(best:0.55)
05/26/2020 05:46:50 PM,191 root INFO Training Root accuracy:0.66(best:0.66)
05/26/2020 05:46:50 PM,192 root INFO Training F1:[0.82, 0.78](best:0.86 , 0.78)
05/26/2020 05:46:50 PM,194 root INFO Epoch: 8
05/26/2020 05:46:54 PM,73 root INFO Loss = tensor([29.9110])
05/26/2020 05:47:16 PM,446 root INFO Loss = tensor([30.8053])
05/26/2020 05:47:38 PM,360 root INFO Loss = tensor([30.6434])
05/26/2020 05:48:02 PM,279 root INFO Loss = tensor([30.5690])
05/26/2020 05:48:24 PM,435 root INFO Loss = tensor([29.9043])
05/26/2020 05:48:47 PM,977 root INFO Loss = tensor([30.8628])
05/26/2020 05:49:08 PM,548 root INFO Loss = tensor([31.1178])
05/26/2020 05:49:28 PM,935 root INFO Loss = tensor([32.9930])
05/26/2020 05:49:48 PM,835 root INFO Loss = tensor([30.6801])
05/26/2020 05:50:06 PM,889 root INFO Loss = tensor([30.8235])
05/26/2020 05:50:24 PM,113 root INFO Loss = tensor([28.6539])
05/26/2020 05:50:47 PM,899 root INFO Validation All-nodes accuracy:0.7(best:0.77)
05/26/2020 05:50:47 PM,899 root INFO Validation Root accuracy:0.58(best:0.78)
05/26/2020 05:50:47 PM,900 root INFO F1:[0.37, 0.88](best:0.5 , 0.88)
05/26/2020 05:51:16 PM,404 root INFO Training All-nodes accuracy:0.56(best:0.56)
05/26/2020 05:51:16 PM,405 root INFO Training Root accuracy:0.66(best:0.66)
05/26/2020 05:51:16 PM,405 root INFO Training F1:[0.82, 0.78](best:0.86 , 0.78)
05/26/2020 05:51:16 PM,408 root INFO Epoch: 9
05/26/2020 05:51:18 PM,903 root INFO Loss = tensor([29.7052])
05/26/2020 05:51:36 PM,257 root INFO Loss = tensor([31.3552])
05/26/2020 05:51:56 PM,499 root INFO Loss = tensor([30.8522])
05/26/2020 05:52:16 PM,325 root INFO Loss = tensor([29.7179])
05/26/2020 05:52:35 PM,216 root INFO Loss = tensor([29.2003])
05/26/2020 05:52:54 PM,303 root INFO Loss = tensor([30.5318])
05/26/2020 05:53:13 PM,435 root INFO Loss = tensor([31.7859])
05/26/2020 05:53:33 PM,80 root INFO Loss = tensor([31.5012])
05/26/2020 05:53:52 PM,489 root INFO Loss = tensor([29.2576])
05/26/2020 05:54:11 PM,273 root INFO Loss = tensor([30.1768])
05/26/2020 05:54:30 PM,70 root INFO Loss = tensor([29.5134])
05/26/2020 05:54:56 PM,289 root INFO Validation All-nodes accuracy:0.52(best:0.77)
05/26/2020 05:54:56 PM,289 root INFO Validation Root accuracy:0.75(best:0.78)
05/26/2020 05:54:56 PM,290 root INFO F1:[0.32, 0.88](best:0.5 , 0.88)
05/26/2020 05:55:27 PM,537 root INFO Training All-nodes accuracy:0.54(best:0.56)
05/26/2020 05:55:27 PM,538 root INFO Training Root accuracy:0.53(best:0.66)
05/26/2020 05:55:27 PM,538 root INFO Training F1:[0.87, 0.68](best:0.87 , 0.78)
05/26/2020 05:55:27 PM,541 root INFO Epoch: 10
05/26/2020 05:55:30 PM,385 root INFO Loss = tensor([30.5054])
05/26/2020 05:55:50 PM,307 root INFO Loss = tensor([30.3131])
05/26/2020 05:56:10 PM,217 root INFO Loss = tensor([30.4620])
05/26/2020 05:56:29 PM,719 root INFO Loss = tensor([30.8231])
05/26/2020 05:56:49 PM,494 root INFO Loss = tensor([31.5782])
05/26/2020 05:57:09 PM,150 root INFO Loss = tensor([34.7108])
05/26/2020 05:57:28 PM,312 root INFO Loss = tensor([29.6426])
05/26/2020 05:57:48 PM,421 root INFO Loss = tensor([28.6987])
05/26/2020 05:58:07 PM,791 root INFO Loss = tensor([31.2402])
05/26/2020 05:58:27 PM,265 root INFO Loss = tensor([32.6767])
05/26/2020 05:58:46 PM,888 root INFO Loss = tensor([30.1637])
05/26/2020 05:59:13 PM,487 root INFO Validation All-nodes accuracy:0.67(best:0.77)
05/26/2020 05:59:13 PM,487 root INFO Validation Root accuracy:0.28(best:0.78)
05/26/2020 05:59:13 PM,488 root INFO F1:[0.35, 0.86](best:0.5 , 0.88)
05/26/2020 05:59:45 PM,62 root INFO Training All-nodes accuracy:0.54(best:0.56)
05/26/2020 05:59:45 PM,62 root INFO Training Root accuracy:0.57(best:0.66)
05/26/2020 05:59:45 PM,63 root INFO Training F1:[0.7, 0.89](best:0.87 , 0.89)
05/26/2020 05:59:45 PM,65 root INFO Epoch: 11
05/26/2020 05:59:47 PM,888 root INFO Loss = tensor([29.5104])
05/26/2020 06:00:07 PM,513 root INFO Loss = tensor([32.7939])
05/26/2020 06:00:27 PM,460 root INFO Loss = tensor([26.9568])
05/26/2020 06:00:45 PM,626 root INFO Loss = tensor([31.2444])
05/26/2020 06:01:05 PM,266 root INFO Loss = tensor([30.4863])
05/26/2020 06:01:25 PM,28 root INFO Loss = tensor([31.2644])
05/26/2020 06:01:45 PM,200 root INFO Loss = tensor([30.7596])
05/26/2020 06:02:04 PM,762 root INFO Loss = tensor([31.2234])
05/26/2020 06:02:24 PM,533 root INFO Loss = tensor([33.9981])
05/26/2020 06:02:45 PM,517 root INFO Loss = tensor([29.3214])
05/26/2020 06:03:04 PM,742 root INFO Loss = tensor([33.1732])
05/26/2020 06:03:33 PM,209 root INFO Validation All-nodes accuracy:0.44(best:0.77)
05/26/2020 06:03:33 PM,209 root INFO Validation Root accuracy:0.62(best:0.78)
05/26/2020 06:03:33 PM,209 root INFO F1:[0.32, 0.87](best:0.5 , 0.88)
05/26/2020 06:04:05 PM,4 root INFO Training All-nodes accuracy:0.55(best:0.56)
05/26/2020 06:04:05 PM,5 root INFO Training Root accuracy:0.62(best:0.66)
05/26/2020 06:04:05 PM,5 root INFO Training F1:[0.82, 0.74](best:0.87 , 0.89)
05/26/2020 06:04:05 PM,9 root INFO Epoch: 12
05/26/2020 06:04:08 PM,55 root INFO Loss = tensor([30.2230])
05/26/2020 06:04:27 PM,964 root INFO Loss = tensor([30.1532])
05/26/2020 06:04:48 PM,363 root INFO Loss = tensor([30.2865])
05/26/2020 06:05:07 PM,910 root INFO Loss = tensor([29.7318])
05/26/2020 06:05:27 PM,405 root INFO Loss = tensor([29.1873])
05/26/2020 06:05:47 PM,404 root INFO Loss = tensor([29.8660])
05/26/2020 06:36:43 PM,103 root INFO Loss = tensor([31.6002])
05/26/2020 06:49:24 PM,706 root INFO Loss = tensor([31.8430])
05/26/2020 06:49:51 PM,199 root INFO Loss = tensor([29.6279])
05/26/2020 06:50:06 PM,946 root INFO Loss = tensor([30.7128])
05/26/2020 06:58:22 PM,124 root INFO Loss = tensor([29.6423])
05/26/2020 06:58:46 PM,719 root INFO Validation All-nodes accuracy:0.75(best:0.77)
05/26/2020 06:58:46 PM,720 root INFO Validation Root accuracy:0.65(best:0.78)
05/26/2020 06:58:46 PM,720 root INFO F1:[0.38, 0.88](best:0.5 , 0.88)
05/26/2020 06:59:11 PM,612 root INFO Training All-nodes accuracy:0.55(best:0.56)
05/26/2020 06:59:11 PM,613 root INFO Training Root accuracy:0.65(best:0.66)
05/26/2020 06:59:11 PM,613 root INFO Training F1:[0.85, 0.75](best:0.87 , 0.89)
05/26/2020 06:59:11 PM,615 root INFO Epoch: 13
05/26/2020 06:59:13 PM,855 root INFO Loss = tensor([29.2647])
05/26/2020 06:59:27 PM,812 root INFO Loss = tensor([29.1707])
05/26/2020 06:59:41 PM,805 root INFO Loss = tensor([28.9495])
05/26/2020 06:59:55 PM,810 root INFO Loss = tensor([30.4761])
05/26/2020 07:00:10 PM,338 root INFO Loss = tensor([29.4502])
05/26/2020 07:00:24 PM,781 root INFO Loss = tensor([30.0390])
05/26/2020 07:00:41 PM,16 root INFO Loss = tensor([31.2063])
05/26/2020 07:00:56 PM,916 root INFO Loss = tensor([31.6778])
05/26/2020 07:01:13 PM,202 root INFO Loss = tensor([30.3669])
05/26/2020 07:01:29 PM,116 root INFO Loss = tensor([31.8590])
05/26/2020 07:01:44 PM,773 root INFO Loss = tensor([29.5846])
05/26/2020 07:02:13 PM,139 root INFO Validation All-nodes accuracy:0.43(best:0.77)
05/26/2020 07:02:13 PM,139 root INFO Validation Root accuracy:0.64(best:0.78)
05/26/2020 07:02:13 PM,139 root INFO F1:[0.42, 0.89](best:0.5 , 0.89)
05/26/2020 07:02:39 PM,995 root INFO Training All-nodes accuracy:0.56(best:0.56)
05/26/2020 07:02:39 PM,997 root INFO Training Root accuracy:0.66(best:0.66)
05/26/2020 07:02:39 PM,997 root INFO Training F1:[0.86, 0.77](best:0.87 , 0.89)
05/26/2020 07:02:39 PM,999 root INFO Epoch: 14
05/26/2020 07:02:42 PM,442 root INFO Loss = tensor([30.2731])
05/26/2020 07:03:06 PM,876 root INFO Loss = tensor([30.7343])
05/26/2020 07:03:32 PM,681 root INFO Loss = tensor([31.1379])
05/26/2020 07:03:59 PM,658 root INFO Loss = tensor([28.6218])
05/26/2020 07:04:24 PM,968 root INFO Loss = tensor([31.9297])
05/26/2020 07:04:47 PM,368 root INFO Loss = tensor([32.0074])
05/26/2020 07:05:06 PM,233 root INFO Loss = tensor([31.2709])
05/26/2020 07:05:24 PM,866 root INFO Loss = tensor([31.8476])
05/26/2020 07:05:44 PM,362 root INFO Loss = tensor([29.6815])
05/26/2020 07:06:03 PM,334 root INFO Loss = tensor([29.5697])
05/26/2020 07:06:19 PM,241 root INFO Loss = tensor([28.6328])
05/26/2020 07:06:42 PM,537 root INFO Validation All-nodes accuracy:0.7(best:0.77)
05/26/2020 07:06:42 PM,537 root INFO Validation Root accuracy:0.52(best:0.78)
05/26/2020 07:06:42 PM,538 root INFO F1:[0.4, 0.9](best:0.5 , 0.9)
05/26/2020 07:07:28 PM,492 root INFO Training All-nodes accuracy:0.57(best:0.57)
05/26/2020 07:07:28 PM,493 root INFO Training Root accuracy:0.67(best:0.67)
05/26/2020 07:07:28 PM,494 root INFO Training F1:[0.79, 0.82](best:0.87 , 0.89)
05/26/2020 07:07:28 PM,496 root INFO Epoch: 15
05/26/2020 07:07:31 PM,169 root INFO Loss = tensor([28.8783])
05/26/2020 07:07:55 PM,336 root INFO Loss = tensor([30.3527])
05/26/2020 07:08:17 PM,958 root INFO Loss = tensor([32.9141])
05/26/2020 07:08:41 PM,184 root INFO Loss = tensor([32.2846])
05/26/2020 07:09:04 PM,598 root INFO Loss = tensor([29.8383])
05/26/2020 07:09:21 PM,478 root INFO Loss = tensor([28.8091])
05/26/2020 07:09:39 PM,649 root INFO Loss = tensor([30.8561])
05/26/2020 07:09:57 PM,732 root INFO Loss = tensor([31.5244])
05/26/2020 07:10:16 PM,550 root INFO Loss = tensor([30.6570])
05/26/2020 07:10:35 PM,155 root INFO Loss = tensor([31.8025])
05/26/2020 07:10:53 PM,696 root INFO Loss = tensor([29.6714])
05/26/2020 07:11:19 PM,63 root INFO Validation All-nodes accuracy:0.61(best:0.77)
05/26/2020 07:11:19 PM,63 root INFO Validation Root accuracy:0.22(best:0.78)
05/26/2020 07:11:19 PM,64 root INFO F1:[0.36, 1.0](best:0.5 , 1.0)
05/26/2020 07:11:50 PM,263 root INFO Training All-nodes accuracy:0.53(best:0.57)
05/26/2020 07:11:50 PM,264 root INFO Training Root accuracy:0.5(best:0.67)
05/26/2020 07:11:50 PM,264 root INFO Training F1:[0.67, 1.0](best:0.87 , 1.0)
05/26/2020 07:11:50 PM,267 root INFO Epoch: 16
05/26/2020 07:11:52 PM,945 root INFO Loss = tensor([30.3584])
05/26/2020 07:12:12 PM,158 root INFO Loss = tensor([30.5171])
05/26/2020 07:12:32 PM,457 root INFO Loss = tensor([30.7728])
05/26/2020 07:12:51 PM,983 root INFO Loss = tensor([29.7750])
05/26/2020 07:13:11 PM,593 root INFO Loss = tensor([33.4588])
05/26/2020 07:13:32 PM,43 root INFO Loss = tensor([31.1048])
05/26/2020 07:13:51 PM,198 root INFO Loss = tensor([29.4070])
05/26/2020 07:14:10 PM,188 root INFO Loss = tensor([29.8041])
05/26/2020 07:14:29 PM,876 root INFO Loss = tensor([30.1006])
05/26/2020 07:14:49 PM,479 root INFO Loss = tensor([30.3233])
05/26/2020 07:15:09 PM,722 root INFO Loss = tensor([30.3393])
05/26/2020 07:15:44 PM,59 root INFO Validation All-nodes accuracy:0.56(best:0.77)
05/26/2020 07:15:44 PM,59 root INFO Validation Root accuracy:0.58(best:0.78)
05/26/2020 07:15:44 PM,60 root INFO F1:[0.38, 0.89](best:0.5 , 1.0)
05/26/2020 07:16:18 PM,49 root INFO Training All-nodes accuracy:0.55(best:0.57)
05/26/2020 07:16:18 PM,49 root INFO Training Root accuracy:0.62(best:0.67)
05/26/2020 07:16:18 PM,49 root INFO Training F1:[0.77, 0.75](best:0.87 , 1.0)
05/26/2020 07:16:18 PM,53 root INFO Epoch: 17
05/26/2020 07:16:20 PM,747 root INFO Loss = tensor([28.9747])
05/26/2020 07:16:43 PM,674 root INFO Loss = tensor([30.3972])
05/26/2020 07:17:02 PM,609 root INFO Loss = tensor([30.5012])
05/26/2020 07:17:20 PM,698 root INFO Loss = tensor([29.7775])
05/26/2020 07:17:39 PM,749 root INFO Loss = tensor([31.6280])
05/26/2020 07:18:00 PM,49 root INFO Loss = tensor([29.0983])
05/26/2020 07:18:18 PM,186 root INFO Loss = tensor([29.4208])
05/26/2020 07:18:36 PM,895 root INFO Loss = tensor([29.3827])
05/26/2020 07:18:54 PM,840 root INFO Loss = tensor([30.2267])
05/26/2020 07:19:14 PM,452 root INFO Loss = tensor([31.5100])
05/26/2020 07:19:36 PM,16 root INFO Loss = tensor([29.9569])
05/26/2020 07:20:06 PM,248 root INFO Validation All-nodes accuracy:0.58(best:0.77)
05/26/2020 07:20:06 PM,249 root INFO Validation Root accuracy:0.62(best:0.78)
05/26/2020 07:20:06 PM,249 root INFO F1:[0.36, 0.88](best:0.5 , 1.0)
05/26/2020 07:20:43 PM,393 root INFO Training All-nodes accuracy:0.58(best:0.58)
05/26/2020 07:20:43 PM,394 root INFO Training Root accuracy:0.67(best:0.67)
05/26/2020 07:20:43 PM,394 root INFO Training F1:[0.85, 0.78](best:0.87 , 1.0)
05/26/2020 07:20:43 PM,397 root INFO Epoch: 18
05/26/2020 07:20:46 PM,625 root INFO Loss = tensor([29.7583])
05/26/2020 07:21:09 PM,321 root INFO Loss = tensor([29.4827])
05/26/2020 07:21:31 PM,700 root INFO Loss = tensor([31.4880])
05/26/2020 07:21:53 PM,906 root INFO Loss = tensor([30.7047])
05/26/2020 07:22:16 PM,635 root INFO Loss = tensor([29.6110])
05/26/2020 07:22:39 PM,590 root INFO Loss = tensor([30.1158])
05/26/2020 07:23:00 PM,902 root INFO Loss = tensor([30.8015])
05/26/2020 07:23:23 PM,482 root INFO Loss = tensor([30.7423])
05/26/2020 07:23:46 PM,903 root INFO Loss = tensor([30.4121])
05/26/2020 07:24:10 PM,879 root INFO Loss = tensor([31.0433])
05/26/2020 07:24:32 PM,277 root INFO Loss = tensor([31.8205])
05/26/2020 07:25:22 PM,462 root INFO Validation All-nodes accuracy:0.43(best:0.77)
05/26/2020 07:25:22 PM,464 root INFO Validation Root accuracy:0.52(best:0.78)
05/26/2020 07:25:22 PM,465 root INFO F1:[0.4, 0.9](best:0.5 , 1.0)
05/26/2020 07:26:00 PM,671 root INFO Training All-nodes accuracy:0.57(best:0.58)
05/26/2020 07:26:00 PM,672 root INFO Training Root accuracy:0.7(best:0.7)
05/26/2020 07:26:00 PM,672 root INFO Training F1:[0.81, 0.84](best:0.87 , 1.0)
05/26/2020 07:26:00 PM,675 root INFO Epoch: 19
05/26/2020 07:26:04 PM,90 root INFO Loss = tensor([29.6708])
05/26/2020 07:26:27 PM,696 root INFO Loss = tensor([29.3993])
05/26/2020 07:26:52 PM,536 root INFO Loss = tensor([31.0577])
05/26/2020 07:27:16 PM,904 root INFO Loss = tensor([29.3128])
05/26/2020 07:27:40 PM,921 root INFO Loss = tensor([28.3051])
05/26/2020 07:28:06 PM,17 root INFO Loss = tensor([29.9932])
05/26/2020 07:28:30 PM,524 root INFO Loss = tensor([30.4526])
05/26/2020 07:28:56 PM,825 root INFO Loss = tensor([29.4514])
05/26/2020 07:29:21 PM,800 root INFO Loss = tensor([29.7081])
05/26/2020 07:29:45 PM,603 root INFO Loss = tensor([32.6826])
05/26/2020 07:30:11 PM,214 root INFO Loss = tensor([29.3425])
05/26/2020 07:30:44 PM,878 root INFO Validation All-nodes accuracy:0.68(best:0.77)
05/26/2020 07:30:44 PM,878 root INFO Validation Root accuracy:0.49(best:0.78)
05/26/2020 07:30:44 PM,878 root INFO F1:[0.4, 0.91](best:0.5 , 1.0)
05/26/2020 07:31:31 PM,169 root INFO Training All-nodes accuracy:0.58(best:0.58)
05/26/2020 07:31:31 PM,171 root INFO Training Root accuracy:0.71(best:0.71)
05/26/2020 07:31:31 PM,172 root INFO Training F1:[0.8, 0.86](best:0.87 , 1.0)
05/26/2020 07:31:31 PM,179 root INFO Epoch: 20
05/26/2020 07:31:36 PM,12 root INFO Loss = tensor([27.6453])
05/26/2020 07:32:02 PM,898 root INFO Loss = tensor([28.9557])
05/26/2020 07:32:32 PM,948 root INFO Loss = tensor([30.8848])
05/26/2020 07:33:04 PM,596 root INFO Loss = tensor([32.2997])
05/26/2020 07:33:36 PM,308 root INFO Loss = tensor([30.4899])
05/26/2020 07:34:02 PM,758 root INFO Loss = tensor([29.6553])
05/26/2020 07:34:30 PM,906 root INFO Loss = tensor([29.6922])
05/26/2020 07:35:01 PM,298 root INFO Loss = tensor([30.5472])
05/26/2020 07:35:31 PM,105 root INFO Loss = tensor([31.9622])
05/26/2020 07:35:59 PM,941 root INFO Loss = tensor([29.9269])
05/26/2020 07:36:26 PM,171 root INFO Loss = tensor([29.6387])
05/26/2020 07:37:01 PM,828 root INFO Validation All-nodes accuracy:0.73(best:0.77)
05/26/2020 07:37:01 PM,828 root INFO Validation Root accuracy:0.64(best:0.78)
05/26/2020 07:37:01 PM,829 root INFO F1:[0.39, 0.88](best:0.5 , 1.0)
05/26/2020 07:37:42 PM,747 root INFO Training All-nodes accuracy:0.58(best:0.58)
05/26/2020 07:37:42 PM,747 root INFO Training Root accuracy:0.7(best:0.71)
05/26/2020 07:37:42 PM,748 root INFO Training F1:[0.88, 0.79](best:0.88 , 1.0)
05/26/2020 07:37:42 PM,751 root INFO Epoch: 21
05/26/2020 07:37:47 PM,306 root INFO Loss = tensor([28.2493])
05/26/2020 07:38:14 PM,471 root INFO Loss = tensor([29.2964])
05/26/2020 07:38:41 PM,280 root INFO Loss = tensor([31.2578])
05/26/2020 07:39:09 PM,901 root INFO Loss = tensor([30.1789])
05/26/2020 07:39:36 PM,656 root INFO Loss = tensor([29.5340])
05/26/2020 07:40:01 PM,230 root INFO Loss = tensor([29.8174])
05/26/2020 07:40:23 PM,796 root INFO Loss = tensor([31.3480])
05/26/2020 07:40:47 PM,503 root INFO Loss = tensor([29.5640])
05/26/2020 07:41:17 PM,724 root INFO Loss = tensor([29.3259])
05/26/2020 07:41:40 PM,275 root INFO Loss = tensor([28.9706])
05/26/2020 07:42:01 PM,323 root INFO Loss = tensor([30.4097])
05/26/2020 07:42:34 PM,545 root INFO Validation All-nodes accuracy:0.44(best:0.77)
05/26/2020 07:42:34 PM,546 root INFO Validation Root accuracy:0.57(best:0.78)
05/26/2020 07:42:34 PM,547 root INFO F1:[0.42, 0.9](best:0.5 , 1.0)
05/26/2020 07:43:16 PM,607 root INFO Training All-nodes accuracy:0.57(best:0.58)
05/26/2020 07:43:16 PM,608 root INFO Training Root accuracy:0.72(best:0.72)
05/26/2020 07:43:16 PM,609 root INFO Training F1:[0.84, 0.83](best:0.88 , 1.0)
05/26/2020 07:43:16 PM,612 root INFO Epoch: 22
05/26/2020 07:43:20 PM,393 root INFO Loss = tensor([29.3024])
05/26/2020 07:43:50 PM,407 root INFO Loss = tensor([29.0825])
05/26/2020 07:44:17 PM,469 root INFO Loss = tensor([29.7413])
05/26/2020 07:44:42 PM,163 root INFO Loss = tensor([29.9919])
05/26/2020 07:45:07 PM,392 root INFO Loss = tensor([28.6828])
05/26/2020 07:45:31 PM,668 root INFO Loss = tensor([29.3832])
05/26/2020 07:45:55 PM,926 root INFO Loss = tensor([29.9161])
05/26/2020 07:46:21 PM,130 root INFO Loss = tensor([30.7830])
05/26/2020 07:46:46 PM,621 root INFO Loss = tensor([27.6140])
05/26/2020 07:47:09 PM,730 root INFO Loss = tensor([31.5166])
05/26/2020 07:47:34 PM,261 root INFO Loss = tensor([30.2131])
05/26/2020 07:48:19 PM,845 root INFO Validation All-nodes accuracy:0.6(best:0.77)
05/26/2020 07:48:19 PM,846 root INFO Validation Root accuracy:0.43(best:0.78)
05/26/2020 07:48:19 PM,846 root INFO F1:[0.38, 0.9](best:0.5 , 1.0)
05/26/2020 07:49:10 PM,222 root INFO Training All-nodes accuracy:0.58(best:0.58)
05/26/2020 07:49:10 PM,222 root INFO Training Root accuracy:0.7(best:0.72)
05/26/2020 07:49:10 PM,223 root INFO Training F1:[0.79, 0.89](best:0.88 , 1.0)
05/26/2020 07:49:10 PM,226 root INFO Epoch: 23
05/26/2020 07:49:13 PM,864 root INFO Loss = tensor([30.4408])
05/26/2020 07:49:39 PM,884 root INFO Loss = tensor([28.7382])
05/26/2020 07:50:04 PM,648 root INFO Loss = tensor([28.5660])
05/26/2020 07:50:29 PM,106 root INFO Loss = tensor([30.3211])
05/26/2020 07:50:55 PM,914 root INFO Loss = tensor([29.9266])
05/26/2020 07:51:22 PM,491 root INFO Loss = tensor([29.1611])
05/26/2020 07:51:48 PM,291 root INFO Loss = tensor([29.8557])
05/26/2020 07:52:14 PM,640 root INFO Loss = tensor([27.4860])
05/26/2020 07:52:38 PM,814 root INFO Loss = tensor([29.6051])
05/26/2020 07:53:09 PM,182 root INFO Loss = tensor([29.2019])
05/26/2020 07:53:37 PM,46 root INFO Loss = tensor([29.1596])
05/26/2020 07:54:13 PM,370 root INFO Validation All-nodes accuracy:0.68(best:0.77)
05/26/2020 07:54:13 PM,371 root INFO Validation Root accuracy:0.63(best:0.78)
05/26/2020 07:54:13 PM,371 root INFO F1:[0.43, 0.9](best:0.5 , 1.0)
05/26/2020 07:55:07 PM,68 root INFO Training All-nodes accuracy:0.6(best:0.6)
05/26/2020 07:55:07 PM,70 root INFO Training Root accuracy:0.76(best:0.76)
05/26/2020 07:55:07 PM,70 root INFO Training F1:[0.88, 0.84](best:0.88 , 1.0)
05/26/2020 07:55:07 PM,74 root INFO Epoch: 24
05/26/2020 07:55:10 PM,921 root INFO Loss = tensor([28.0574])
05/26/2020 07:55:39 PM,608 root INFO Loss = tensor([31.2826])
05/26/2020 07:56:10 PM,252 root INFO Loss = tensor([29.4036])
05/26/2020 07:56:38 PM,639 root INFO Loss = tensor([30.8378])
05/26/2020 07:57:08 PM,509 root INFO Loss = tensor([30.8319])
05/26/2020 07:57:42 PM,173 root INFO Loss = tensor([29.2779])
05/26/2020 07:58:17 PM,26 root INFO Loss = tensor([32.4795])
05/26/2020 07:58:48 PM,296 root INFO Loss = tensor([29.7350])
05/26/2020 07:59:18 PM,293 root INFO Loss = tensor([29.5115])
05/26/2020 07:59:49 PM,93 root INFO Loss = tensor([28.6686])
05/26/2020 08:00:16 PM,717 root INFO Loss = tensor([29.4324])
05/26/2020 08:00:58 PM,581 root INFO Validation All-nodes accuracy:0.58(best:0.77)
05/26/2020 08:00:58 PM,582 root INFO Validation Root accuracy:0.53(best:0.78)
05/26/2020 08:00:58 PM,582 root INFO F1:[0.4, 0.9](best:0.5 , 1.0)
05/26/2020 08:01:46 PM,84 root INFO Training All-nodes accuracy:0.6(best:0.6)
05/26/2020 08:01:46 PM,85 root INFO Training Root accuracy:0.74(best:0.76)
05/26/2020 08:01:46 PM,86 root INFO Training F1:[0.83, 0.88](best:0.88 , 1.0)
05/26/2020 08:01:46 PM,100 root INFO Epoch: 25
05/26/2020 08:01:51 PM,515 root INFO Loss = tensor([26.3801])
05/26/2020 08:02:19 PM,660 root INFO Loss = tensor([30.3043])
05/26/2020 08:02:49 PM,876 root INFO Loss = tensor([31.8577])
05/26/2020 08:03:19 PM,832 root INFO Loss = tensor([29.6118])
05/26/2020 08:03:55 PM,100 root INFO Loss = tensor([27.5845])
05/26/2020 08:04:24 PM,753 root INFO Loss = tensor([31.8146])
05/26/2020 08:04:56 PM,317 root INFO Loss = tensor([29.0965])
05/26/2020 08:05:34 PM,752 root INFO Loss = tensor([32.1796])
05/26/2020 08:06:29 PM,656 root INFO Loss = tensor([31.0739])
05/26/2020 08:07:02 PM,940 root INFO Loss = tensor([32.2522])
05/26/2020 08:07:28 PM,784 root INFO Loss = tensor([33.0077])
05/26/2020 08:08:07 PM,817 root INFO Validation All-nodes accuracy:0.41(best:0.77)
05/26/2020 08:08:07 PM,820 root INFO Validation Root accuracy:0.44(best:0.78)
05/26/2020 08:08:07 PM,820 root INFO F1:[0.38, 0.9](best:0.5 , 1.0)
05/26/2020 08:08:51 PM,777 root INFO Training All-nodes accuracy:0.58(best:0.6)
05/26/2020 08:08:51 PM,777 root INFO Training Root accuracy:0.73(best:0.76)
05/26/2020 08:08:51 PM,778 root INFO Training F1:[0.81, 0.9](best:0.88 , 1.0)
05/26/2020 08:08:51 PM,781 root INFO Epoch: 26
05/26/2020 08:08:55 PM,390 root INFO Loss = tensor([28.7157])
05/26/2020 08:09:22 PM,64 root INFO Loss = tensor([27.4883])
05/26/2020 08:09:48 PM,750 root INFO Loss = tensor([31.3935])
05/26/2020 08:10:22 PM,391 root INFO Loss = tensor([29.4358])
05/26/2020 08:10:54 PM,876 root INFO Loss = tensor([31.6555])
05/26/2020 08:11:27 PM,980 root INFO Loss = tensor([29.0328])
05/26/2020 08:11:58 PM,950 root INFO Loss = tensor([28.5141])
05/26/2020 08:12:27 PM,763 root INFO Loss = tensor([29.7313])
05/26/2020 08:13:01 PM,524 root INFO Loss = tensor([31.9095])
05/26/2020 08:13:34 PM,972 root INFO Loss = tensor([30.3579])
05/26/2020 08:14:05 PM,347 root INFO Loss = tensor([29.3754])
05/26/2020 08:14:50 PM,344 root INFO Validation All-nodes accuracy:0.63(best:0.77)
05/26/2020 08:14:50 PM,345 root INFO Validation Root accuracy:0.67(best:0.78)
05/26/2020 08:14:50 PM,345 root INFO F1:[0.43, 0.89](best:0.5 , 1.0)
05/26/2020 08:15:44 PM,431 root INFO Training All-nodes accuracy:0.59(best:0.6)
05/26/2020 08:15:44 PM,431 root INFO Training Root accuracy:0.73(best:0.76)
05/26/2020 08:15:44 PM,431 root INFO Training F1:[0.9, 0.81](best:0.9 , 1.0)
05/26/2020 08:15:44 PM,435 root INFO Epoch: 27
05/26/2020 08:15:48 PM,875 root INFO Loss = tensor([28.4860])
05/26/2020 08:16:23 PM,189 root INFO Loss = tensor([28.7370])
05/26/2020 08:16:55 PM,421 root INFO Loss = tensor([33.3684])
05/26/2020 08:17:45 PM,983 root INFO Loss = tensor([30.5610])
05/26/2020 08:18:23 PM,267 root INFO Loss = tensor([30.7144])
05/26/2020 08:19:03 PM,547 root INFO Loss = tensor([28.5779])
05/26/2020 08:19:38 PM,397 root INFO Loss = tensor([31.8043])
05/26/2020 08:20:10 PM,403 root INFO Loss = tensor([31.8016])
05/26/2020 08:20:40 PM,804 root INFO Loss = tensor([29.1398])
05/26/2020 08:21:10 PM,82 root INFO Loss = tensor([30.1255])
05/26/2020 08:21:40 PM,370 root INFO Loss = tensor([30.8942])
05/26/2020 08:22:24 PM,89 root INFO Validation All-nodes accuracy:0.57(best:0.77)
05/26/2020 08:22:24 PM,89 root INFO Validation Root accuracy:0.45(best:0.78)
05/26/2020 08:22:24 PM,90 root INFO F1:[0.36, 0.88](best:0.5 , 1.0)
05/26/2020 08:23:13 PM,814 root INFO Training All-nodes accuracy:0.59(best:0.6)
05/26/2020 08:23:13 PM,816 root INFO Training Root accuracy:0.71(best:0.76)
05/26/2020 08:23:13 PM,816 root INFO Training F1:[0.8, 0.86](best:0.9 , 1.0)
05/26/2020 08:23:13 PM,820 root INFO Epoch: 28
05/26/2020 08:23:18 PM,153 root INFO Loss = tensor([28.1749])
05/26/2020 08:23:49 PM,154 root INFO Loss = tensor([30.1172])
05/26/2020 08:24:19 PM,657 root INFO Loss = tensor([31.2338])
05/26/2020 08:24:51 PM,238 root INFO Loss = tensor([29.9892])
05/26/2020 08:25:22 PM,773 root INFO Loss = tensor([30.8931])
05/26/2020 08:25:54 PM,187 root INFO Loss = tensor([28.7016])
05/26/2020 08:26:23 PM,135 root INFO Loss = tensor([31.2012])
05/26/2020 08:26:57 PM,495 root INFO Loss = tensor([32.3561])
05/26/2020 08:27:28 PM,345 root INFO Loss = tensor([31.9238])
05/26/2020 08:28:13 PM,987 root INFO Loss = tensor([31.7006])
05/26/2020 08:28:48 PM,393 root INFO Loss = tensor([29.1660])
05/26/2020 08:29:34 PM,419 root INFO Validation All-nodes accuracy:0.68(best:0.77)
05/26/2020 08:29:34 PM,419 root INFO Validation Root accuracy:0.47(best:0.78)
05/26/2020 08:29:34 PM,419 root INFO F1:[0.37, 0.89](best:0.5 , 1.0)
05/26/2020 08:30:28 PM,328 root INFO Training All-nodes accuracy:0.58(best:0.6)
05/26/2020 08:30:28 PM,329 root INFO Training Root accuracy:0.7(best:0.76)
05/26/2020 08:30:28 PM,331 root INFO Training F1:[0.8, 0.86](best:0.9 , 1.0)
05/26/2020 08:30:28 PM,336 root INFO Epoch: 29
05/26/2020 08:30:33 PM,292 root INFO Loss = tensor([28.9284])
05/26/2020 08:31:06 PM,300 root INFO Loss = tensor([29.9569])
05/26/2020 08:31:40 PM,866 root INFO Loss = tensor([29.4385])
05/26/2020 08:32:13 PM,445 root INFO Loss = tensor([28.9335])
05/26/2020 08:32:47 PM,196 root INFO Loss = tensor([30.0752])
05/26/2020 08:33:21 PM,460 root INFO Loss = tensor([27.5865])
05/26/2020 08:33:54 PM,105 root INFO Loss = tensor([30.0841])
05/26/2020 08:34:30 PM,833 root INFO Loss = tensor([29.9906])
05/26/2020 08:35:08 PM,489 root INFO Loss = tensor([29.0953])
05/26/2020 08:35:41 PM,902 root INFO Loss = tensor([29.3491])
05/26/2020 08:36:14 PM,861 root INFO Loss = tensor([30.6286])
05/26/2020 08:37:02 PM,860 root INFO Validation All-nodes accuracy:0.58(best:0.77)
05/26/2020 08:37:02 PM,861 root INFO Validation Root accuracy:0.46(best:0.78)
05/26/2020 08:37:02 PM,861 root INFO F1:[0.34, 0.87](best:0.5 , 1.0)
05/26/2020 08:37:49 PM,912 root INFO Training All-nodes accuracy:0.6(best:0.6)
05/26/2020 08:37:49 PM,913 root INFO Training Root accuracy:0.75(best:0.76)
05/26/2020 08:37:49 PM,914 root INFO Training F1:[0.83, 0.88](best:0.9 , 1.0)
05/26/2020 08:37:49 PM,918 root INFO Epoch: 30
05/26/2020 08:37:56 PM,270 root INFO Loss = tensor([28.9441])
05/26/2020 08:38:25 PM,262 root INFO Loss = tensor([29.1358])
05/26/2020 08:38:56 PM,733 root INFO Loss = tensor([28.4401])
05/26/2020 08:39:37 PM,828 root INFO Loss = tensor([27.6652])
05/26/2020 08:40:27 PM,609 root INFO Loss = tensor([28.3792])
05/26/2020 08:40:57 PM,215 root INFO Loss = tensor([28.9831])
05/26/2020 08:41:29 PM,792 root INFO Loss = tensor([31.4927])
05/26/2020 08:42:02 PM,777 root INFO Loss = tensor([29.8336])
05/26/2020 08:42:32 PM,494 root INFO Loss = tensor([29.6033])
05/26/2020 08:43:03 PM,888 root INFO Loss = tensor([29.1369])
05/26/2020 08:43:33 PM,997 root INFO Loss = tensor([30.6922])
05/26/2020 08:44:15 PM,10 root INFO Validation All-nodes accuracy:0.61(best:0.77)
05/26/2020 08:44:15 PM,11 root INFO Validation Root accuracy:0.59(best:0.78)
05/26/2020 08:44:15 PM,11 root INFO F1:[0.41, 0.89](best:0.5 , 1.0)
05/26/2020 08:45:01 PM,74 root INFO Training All-nodes accuracy:0.6(best:0.6)
05/26/2020 08:45:01 PM,75 root INFO Training Root accuracy:0.77(best:0.77)
05/26/2020 08:45:01 PM,75 root INFO Training F1:[0.89, 0.86](best:0.9 , 1.0)
05/26/2020 08:45:01 PM,78 root INFO Epoch: 31
05/26/2020 08:45:04 PM,873 root INFO Loss = tensor([29.1540])
05/26/2020 08:45:29 PM,308 root INFO Loss = tensor([28.0691])
05/26/2020 08:45:52 PM,559 root INFO Loss = tensor([27.7170])
05/26/2020 08:46:23 PM,537 root INFO Loss = tensor([30.2189])
05/26/2020 08:47:02 PM,264 root INFO Loss = tensor([29.6613])
05/26/2020 08:47:24 PM,587 root INFO Loss = tensor([30.5407])
05/26/2020 08:47:47 PM,541 root INFO Loss = tensor([29.3797])
05/26/2020 08:48:18 PM,376 root INFO Loss = tensor([28.1049])
05/26/2020 08:48:42 PM,921 root INFO Loss = tensor([30.7423])
05/26/2020 08:49:07 PM,850 root INFO Loss = tensor([32.1855])
05/26/2020 08:49:32 PM,663 root INFO Loss = tensor([27.9821])
05/26/2020 08:50:05 PM,911 root INFO Validation All-nodes accuracy:0.66(best:0.77)
05/26/2020 08:50:05 PM,911 root INFO Validation Root accuracy:0.49(best:0.78)
05/26/2020 08:50:05 PM,911 root INFO F1:[0.41, 0.91](best:0.5 , 1.0)
05/26/2020 08:50:44 PM,568 root INFO Training All-nodes accuracy:0.6(best:0.6)
05/26/2020 08:50:44 PM,568 root INFO Training Root accuracy:0.76(best:0.77)
05/26/2020 08:50:44 PM,568 root INFO Training F1:[0.84, 0.9](best:0.9 , 1.0)
05/26/2020 08:50:44 PM,571 root INFO Epoch: 32
05/26/2020 08:50:48 PM,206 root INFO Loss = tensor([29.7569])
05/26/2020 08:51:10 PM,38 root INFO Loss = tensor([27.3488])
05/26/2020 08:51:34 PM,211 root INFO Loss = tensor([28.6101])
05/26/2020 08:52:01 PM,148 root INFO Loss = tensor([30.1521])
05/26/2020 08:52:35 PM,374 root INFO Loss = tensor([28.6746])
05/26/2020 08:52:59 PM,554 root INFO Loss = tensor([27.6200])
05/26/2020 08:53:22 PM,801 root INFO Loss = tensor([29.9742])
05/26/2020 08:53:51 PM,232 root INFO Loss = tensor([29.2358])
05/26/2020 08:54:27 PM,470 root INFO Loss = tensor([26.9532])
05/26/2020 08:54:52 PM,867 root INFO Loss = tensor([30.4245])
05/26/2020 08:55:14 PM,232 root INFO Loss = tensor([30.0829])
05/26/2020 08:55:41 PM,822 root INFO Validation All-nodes accuracy:0.6(best:0.77)
05/26/2020 08:55:41 PM,822 root INFO Validation Root accuracy:0.55(best:0.78)
05/26/2020 08:55:41 PM,822 root INFO F1:[0.39, 0.89](best:0.5 , 1.0)
05/26/2020 08:56:33 PM,155 root INFO Training All-nodes accuracy:0.61(best:0.61)
05/26/2020 08:56:33 PM,157 root INFO Training Root accuracy:0.79(best:0.79)
05/26/2020 08:56:33 PM,157 root INFO Training F1:[0.88, 0.88](best:0.9 , 1.0)
05/26/2020 08:56:33 PM,162 root INFO Epoch: 33
05/26/2020 08:56:37 PM,452 root INFO Loss = tensor([30.3684])
05/26/2020 08:57:04 PM,114 root INFO Loss = tensor([29.3159])
05/26/2020 08:57:32 PM,768 root INFO Loss = tensor([27.9392])
05/26/2020 08:58:15 PM,596 root INFO Loss = tensor([27.5888])
05/26/2020 08:58:39 PM,390 root INFO Loss = tensor([29.1212])
05/26/2020 08:59:04 PM,35 root INFO Loss = tensor([27.8943])
05/26/2020 08:59:27 PM,756 root INFO Loss = tensor([29.3892])
05/26/2020 08:59:54 PM,30 root INFO Loss = tensor([28.6021])
05/26/2020 09:00:28 PM,579 root INFO Loss = tensor([28.7735])
05/26/2020 09:00:52 PM,623 root INFO Loss = tensor([29.1432])
05/26/2020 09:01:13 PM,358 root INFO Loss = tensor([26.9871])
05/26/2020 09:01:46 PM,286 root INFO Validation All-nodes accuracy:0.6(best:0.77)
05/26/2020 09:01:46 PM,286 root INFO Validation Root accuracy:0.6(best:0.78)
05/26/2020 09:01:46 PM,286 root INFO F1:[0.4, 0.89](best:0.5 , 1.0)
05/26/2020 09:02:23 PM,342 root INFO Training All-nodes accuracy:0.61(best:0.61)
05/26/2020 09:02:23 PM,342 root INFO Training Root accuracy:0.81(best:0.81)
05/26/2020 09:02:23 PM,342 root INFO Training F1:[0.91, 0.88](best:0.91 , 1.0)
05/26/2020 09:02:23 PM,345 root INFO Epoch: 34
05/26/2020 09:02:26 PM,224 root INFO Loss = tensor([28.7655])
05/26/2020 09:02:44 PM,748 root INFO Loss = tensor([28.2295])
05/26/2020 09:03:02 PM,2 root INFO Loss = tensor([27.9324])
05/26/2020 09:03:18 PM,168 root INFO Loss = tensor([28.0886])
05/26/2020 09:03:35 PM,544 root INFO Loss = tensor([31.6698])
05/26/2020 09:03:53 PM,178 root INFO Loss = tensor([29.4936])
05/26/2020 09:04:09 PM,948 root INFO Loss = tensor([27.8284])
05/26/2020 09:04:29 PM,623 root INFO Loss = tensor([29.6566])
05/26/2020 09:04:46 PM,714 root INFO Loss = tensor([31.0566])
05/26/2020 09:05:07 PM,412 root INFO Loss = tensor([29.3976])
05/26/2020 09:05:25 PM,871 root INFO Loss = tensor([28.5533])
05/26/2020 09:05:53 PM,65 root INFO Validation All-nodes accuracy:0.59(best:0.77)
05/26/2020 09:05:53 PM,65 root INFO Validation Root accuracy:0.53(best:0.78)
05/26/2020 09:05:53 PM,65 root INFO F1:[0.4, 0.9](best:0.5 , 1.0)
05/26/2020 09:06:24 PM,501 root INFO Training All-nodes accuracy:0.62(best:0.62)
05/26/2020 09:06:24 PM,501 root INFO Training Root accuracy:0.81(best:0.81)
05/26/2020 09:06:24 PM,502 root INFO Training F1:[0.88, 0.91](best:0.91 , 1.0)
05/26/2020 09:06:24 PM,505 root INFO Epoch: 35
05/26/2020 09:06:27 PM,431 root INFO Loss = tensor([27.5351])
05/26/2020 09:06:47 PM,609 root INFO Loss = tensor([31.4009])
05/26/2020 09:07:07 PM,808 root INFO Loss = tensor([32.3488])
05/26/2020 09:07:27 PM,95 root INFO Loss = tensor([36.2720])
05/26/2020 09:07:48 PM,63 root INFO Loss = tensor([32.1951])
05/26/2020 09:08:08 PM,20 root INFO Loss = tensor([31.4669])
05/26/2020 09:08:28 PM,460 root INFO Loss = tensor([31.8388])
05/26/2020 09:08:49 PM,603 root INFO Loss = tensor([29.2200])
05/26/2020 09:09:12 PM,993 root INFO Loss = tensor([32.2558])
05/26/2020 09:09:43 PM,777 root INFO Loss = tensor([35.6354])
05/26/2020 09:10:01 PM,884 root INFO Loss = tensor([34.2020])
05/26/2020 09:10:26 PM,25 root INFO Validation All-nodes accuracy:0.45(best:0.77)
05/26/2020 09:10:26 PM,26 root INFO Validation Root accuracy:0.74(best:0.78)
05/26/2020 09:10:26 PM,26 root INFO F1:[0.46, 0.88](best:0.5 , 1.0)
05/26/2020 09:10:53 PM,806 root INFO Training All-nodes accuracy:0.56(best:0.62)
05/26/2020 09:10:53 PM,807 root INFO Training Root accuracy:0.65(best:0.81)
05/26/2020 09:10:53 PM,807 root INFO Training F1:[0.96, 0.74](best:0.96 , 1.0)
05/26/2020 09:10:53 PM,810 root INFO Epoch: 36
05/26/2020 09:10:56 PM,371 root INFO Loss = tensor([30.3047])
05/26/2020 09:11:14 PM,63 root INFO Loss = tensor([29.2080])
05/26/2020 09:11:32 PM,12 root INFO Loss = tensor([28.2432])
05/26/2020 09:11:50 PM,376 root INFO Loss = tensor([29.9271])
05/26/2020 09:12:08 PM,816 root INFO Loss = tensor([28.7343])
05/26/2020 09:12:27 PM,119 root INFO Loss = tensor([28.6055])
05/26/2020 09:12:46 PM,42 root INFO Loss = tensor([28.4247])
05/26/2020 09:13:05 PM,112 root INFO Loss = tensor([27.7521])
05/26/2020 09:13:24 PM,234 root INFO Loss = tensor([29.5405])
05/26/2020 09:13:44 PM,475 root INFO Loss = tensor([30.8476])
05/26/2020 09:14:04 PM,503 root INFO Loss = tensor([30.6322])
05/26/2020 09:14:34 PM,131 root INFO Validation All-nodes accuracy:0.53(best:0.77)
05/26/2020 09:14:34 PM,133 root INFO Validation Root accuracy:0.48(best:0.78)
05/26/2020 09:14:34 PM,134 root INFO F1:[0.4, 0.91](best:0.5 , 1.0)
05/26/2020 09:15:09 PM,968 root INFO Training All-nodes accuracy:0.61(best:0.62)
05/26/2020 09:15:09 PM,968 root INFO Training Root accuracy:0.77(best:0.81)
05/26/2020 09:15:09 PM,969 root INFO Training F1:[0.84, 0.92](best:0.96 , 1.0)
05/26/2020 09:15:09 PM,973 root INFO Epoch: 37
05/26/2020 09:15:13 PM,222 root INFO Loss = tensor([29.5662])
05/26/2020 09:15:39 PM,143 root INFO Loss = tensor([27.8583])
05/26/2020 09:15:54 PM,900 root INFO Loss = tensor([29.5910])
05/26/2020 09:16:11 PM,300 root INFO Loss = tensor([28.1655])
05/26/2020 09:16:28 PM,853 root INFO Loss = tensor([28.4261])
05/26/2020 09:16:47 PM,291 root INFO Loss = tensor([29.3384])
05/26/2020 09:17:06 PM,226 root INFO Loss = tensor([27.6623])
05/26/2020 09:17:24 PM,315 root INFO Loss = tensor([27.8469])
05/26/2020 09:17:43 PM,117 root INFO Loss = tensor([27.6287])
05/26/2020 09:18:03 PM,227 root INFO Loss = tensor([31.0348])
05/26/2020 09:18:23 PM,809 root INFO Loss = tensor([30.8667])
05/26/2020 09:18:53 PM,412 root INFO Validation All-nodes accuracy:0.69(best:0.77)
05/26/2020 09:18:53 PM,412 root INFO Validation Root accuracy:0.51(best:0.78)
05/26/2020 09:18:53 PM,413 root INFO F1:[0.39, 0.89](best:0.5 , 1.0)
05/26/2020 09:19:27 PM,856 root INFO Training All-nodes accuracy:0.61(best:0.62)
05/26/2020 09:19:27 PM,857 root INFO Training Root accuracy:0.8(best:0.81)
05/26/2020 09:19:27 PM,857 root INFO Training F1:[0.87, 0.9](best:0.96 , 1.0)
05/26/2020 09:19:27 PM,861 root INFO Epoch: 38
05/26/2020 09:19:30 PM,785 root INFO Loss = tensor([27.8714])
05/26/2020 09:19:53 PM,48 root INFO Loss = tensor([29.9594])
05/26/2020 09:20:17 PM,263 root INFO Loss = tensor([26.8772])
05/26/2020 09:20:40 PM,284 root INFO Loss = tensor([27.3848])
05/26/2020 09:21:04 PM,946 root INFO Loss = tensor([29.7803])
05/26/2020 09:21:31 PM,591 root INFO Loss = tensor([28.1521])
05/26/2020 09:21:55 PM,564 root INFO Loss = tensor([32.8900])
05/26/2020 09:22:20 PM,333 root INFO Loss = tensor([32.0825])
05/26/2020 09:22:45 PM,991 root INFO Loss = tensor([30.2403])
05/26/2020 09:23:11 PM,900 root INFO Loss = tensor([28.7894])
05/26/2020 09:23:37 PM,21 root INFO Loss = tensor([29.4988])
05/26/2020 09:57:41 PM,279 root INFO Validation All-nodes accuracy:0.41(best:0.77)
05/26/2020 09:57:41 PM,287 root INFO Validation Root accuracy:0.54(best:0.78)
05/26/2020 09:57:41 PM,287 root INFO F1:[0.41, 0.9](best:0.5 , 1.0)
05/26/2020 10:11:04 PM,661 root INFO Training All-nodes accuracy:0.6(best:0.62)
05/26/2020 10:11:04 PM,663 root INFO Training Root accuracy:0.78(best:0.81)
05/26/2020 10:11:04 PM,663 root INFO Training F1:[0.87, 0.89](best:0.96 , 1.0)
05/26/2020 10:11:04 PM,667 root INFO Epoch: 39
05/26/2020 10:11:09 PM,971 root INFO Loss = tensor([30.8827])
05/26/2020 10:11:30 PM,729 root INFO Loss = tensor([30.0037])
05/26/2020 10:11:50 PM,241 root INFO Loss = tensor([28.3955])
05/26/2020 10:12:07 PM,432 root INFO Loss = tensor([29.4984])
05/26/2020 10:12:23 PM,585 root INFO Loss = tensor([28.8689])
05/26/2020 10:12:41 PM,799 root INFO Loss = tensor([29.3626])
05/26/2020 10:13:01 PM,50 root INFO Loss = tensor([29.1488])
05/26/2020 10:13:19 PM,900 root INFO Loss = tensor([29.0303])
05/26/2020 10:13:38 PM,748 root INFO Loss = tensor([29.2025])
05/26/2020 10:14:02 PM,253 root INFO Loss = tensor([26.9314])
05/26/2020 10:14:21 PM,354 root INFO Loss = tensor([28.4830])
05/26/2020 10:14:45 PM,132 root INFO Validation All-nodes accuracy:0.68(best:0.77)
05/26/2020 10:14:45 PM,134 root INFO Validation Root accuracy:0.5(best:0.78)
05/26/2020 10:14:45 PM,134 root INFO F1:[0.37, 0.88](best:0.5 , 1.0)
05/26/2020 10:15:12 PM,106 root INFO Training All-nodes accuracy:0.61(best:0.62)
05/26/2020 10:15:12 PM,106 root INFO Training Root accuracy:0.78(best:0.81)
05/26/2020 10:15:12 PM,106 root INFO Training F1:[0.86, 0.9](best:0.96 , 1.0)
05/26/2020 10:15:12 PM,109 root INFO Epoch: 40
05/26/2020 10:15:14 PM,601 root INFO Loss = tensor([27.1926])
05/26/2020 10:15:31 PM,477 root INFO Loss = tensor([28.2396])
05/26/2020 10:15:49 PM,14 root INFO Loss = tensor([27.5596])
05/26/2020 10:16:06 PM,628 root INFO Loss = tensor([28.8427])
05/26/2020 10:16:24 PM,164 root INFO Loss = tensor([29.6868])
05/26/2020 10:16:46 PM,655 root INFO Loss = tensor([29.3396])
05/26/2020 10:17:09 PM,967 root INFO Loss = tensor([32.6641])
05/26/2020 10:17:33 PM,498 root INFO Loss = tensor([29.1978])
05/26/2020 10:17:56 PM,428 root INFO Loss = tensor([29.1787])
05/26/2020 10:18:18 PM,848 root INFO Loss = tensor([28.5998])
05/26/2020 10:18:40 PM,154 root INFO Loss = tensor([30.0717])
05/26/2020 10:19:15 PM,19 root INFO Validation All-nodes accuracy:0.5(best:0.77)
05/26/2020 10:19:15 PM,19 root INFO Validation Root accuracy:0.61(best:0.78)
05/26/2020 10:19:15 PM,19 root INFO F1:[0.41, 0.89](best:0.5 , 1.0)
05/26/2020 10:19:58 PM,671 root INFO Training All-nodes accuracy:0.6(best:0.62)
05/26/2020 10:19:58 PM,672 root INFO Training Root accuracy:0.77(best:0.81)
05/26/2020 10:19:58 PM,673 root INFO Training F1:[0.91, 0.84](best:0.96 , 1.0)
05/26/2020 10:19:58 PM,678 root INFO Epoch: 41
05/26/2020 10:20:02 PM,977 root INFO Loss = tensor([29.7735])
05/26/2020 10:20:30 PM,962 root INFO Loss = tensor([27.4031])
05/26/2020 10:20:57 PM,144 root INFO Loss = tensor([30.2164])
05/26/2020 10:21:26 PM,658 root INFO Loss = tensor([27.4870])
05/26/2020 10:21:54 PM,57 root INFO Loss = tensor([27.6631])
05/26/2020 10:22:21 PM,515 root INFO Loss = tensor([27.6486])
05/26/2020 10:22:50 PM,856 root INFO Loss = tensor([28.0017])
05/26/2020 10:23:14 PM,995 root INFO Loss = tensor([28.9390])
05/26/2020 10:23:41 PM,943 root INFO Loss = tensor([27.6674])
05/26/2020 10:24:10 PM,121 root INFO Loss = tensor([28.5983])
05/26/2020 10:24:38 PM,276 root INFO Loss = tensor([28.0370])
05/26/2020 10:25:19 PM,342 root INFO Validation All-nodes accuracy:0.59(best:0.77)
05/26/2020 10:25:19 PM,342 root INFO Validation Root accuracy:0.55(best:0.78)
05/26/2020 10:25:19 PM,342 root INFO F1:[0.4, 0.9](best:0.5 , 1.0)
05/26/2020 10:26:08 PM,476 root INFO Training All-nodes accuracy:0.62(best:0.62)
05/26/2020 10:26:08 PM,476 root INFO Training Root accuracy:0.84(best:0.84)
05/26/2020 10:26:08 PM,477 root INFO Training F1:[0.9, 0.93](best:0.96 , 1.0)
05/26/2020 10:26:08 PM,481 root INFO Epoch: 42
05/26/2020 10:26:12 PM,415 root INFO Loss = tensor([29.6547])
05/26/2020 10:26:42 PM,176 root INFO Loss = tensor([30.5913])
05/26/2020 10:27:09 PM,83 root INFO Loss = tensor([30.5081])
05/26/2020 10:27:30 PM,671 root INFO Loss = tensor([30.7504])
05/26/2020 10:27:52 PM,342 root INFO Loss = tensor([27.8708])
05/26/2020 10:28:13 PM,680 root INFO Loss = tensor([29.1257])
05/26/2020 10:28:36 PM,865 root INFO Loss = tensor([30.9981])
05/26/2020 10:29:03 PM,836 root INFO Loss = tensor([30.7866])
05/26/2020 10:29:27 PM,973 root INFO Loss = tensor([28.4791])
05/26/2020 10:29:50 PM,850 root INFO Loss = tensor([26.9329])
05/26/2020 10:30:09 PM,704 root INFO Loss = tensor([30.4629])
05/26/2020 10:30:38 PM,277 root INFO Validation All-nodes accuracy:0.57(best:0.77)
05/26/2020 10:30:38 PM,278 root INFO Validation Root accuracy:0.65(best:0.78)
05/26/2020 10:30:38 PM,278 root INFO F1:[0.46, 0.9](best:0.5 , 1.0)
05/26/2020 10:31:11 PM,798 root INFO Training All-nodes accuracy:0.61(best:0.62)
05/26/2020 10:31:11 PM,798 root INFO Training Root accuracy:0.81(best:0.84)
05/26/2020 10:31:11 PM,799 root INFO Training F1:[0.93, 0.86](best:0.96 , 1.0)
05/26/2020 10:31:11 PM,802 root INFO Epoch: 43
05/26/2020 10:31:14 PM,952 root INFO Loss = tensor([29.1785])
05/26/2020 10:31:35 PM,767 root INFO Loss = tensor([28.4971])
05/26/2020 10:31:56 PM,84 root INFO Loss = tensor([27.5059])
05/26/2020 10:32:13 PM,510 root INFO Loss = tensor([28.8906])
05/26/2020 10:32:28 PM,928 root INFO Loss = tensor([27.4105])
05/26/2020 10:32:43 PM,834 root INFO Loss = tensor([28.1059])
05/26/2020 10:32:59 PM,373 root INFO Loss = tensor([27.3996])
05/26/2020 10:33:14 PM,166 root INFO Loss = tensor([28.4359])
05/26/2020 10:33:29 PM,204 root INFO Loss = tensor([27.4336])
05/26/2020 10:33:43 PM,909 root INFO Loss = tensor([27.6583])
05/26/2020 10:33:58 PM,408 root INFO Loss = tensor([27.0662])
05/26/2020 10:34:18 PM,586 root INFO Validation All-nodes accuracy:0.58(best:0.77)
05/26/2020 10:34:18 PM,586 root INFO Validation Root accuracy:0.58(best:0.78)
05/26/2020 10:34:18 PM,587 root INFO F1:[0.41, 0.9](best:0.5 , 1.0)
05/26/2020 10:34:41 PM,757 root INFO Training All-nodes accuracy:0.63(best:0.63)
05/26/2020 10:34:41 PM,757 root INFO Training Root accuracy:0.84(best:0.84)
05/26/2020 10:34:41 PM,758 root INFO Training F1:[0.91, 0.92](best:0.96 , 1.0)
05/26/2020 10:34:41 PM,760 root INFO Epoch: 44
05/26/2020 10:34:43 PM,782 root INFO Loss = tensor([26.9083])
05/26/2020 10:34:58 PM,541 root INFO Loss = tensor([27.8980])
05/26/2020 10:35:13 PM,500 root INFO Loss = tensor([26.0340])
05/26/2020 10:35:28 PM,113 root INFO Loss = tensor([28.4347])
05/26/2020 10:35:43 PM,270 root INFO Loss = tensor([28.4556])
05/26/2020 10:35:58 PM,621 root INFO Loss = tensor([27.9943])
05/26/2020 10:36:14 PM,187 root INFO Loss = tensor([30.0511])
05/26/2020 10:36:30 PM,53 root INFO Loss = tensor([28.9104])
05/26/2020 10:36:45 PM,610 root INFO Loss = tensor([28.2295])
05/26/2020 10:37:01 PM,369 root INFO Loss = tensor([27.3328])
05/26/2020 10:37:16 PM,208 root INFO Loss = tensor([26.7105])
05/26/2020 10:37:36 PM,305 root INFO Validation All-nodes accuracy:0.68(best:0.77)
05/26/2020 10:37:36 PM,305 root INFO Validation Root accuracy:0.6(best:0.78)
05/26/2020 10:37:36 PM,305 root INFO F1:[0.43, 0.9](best:0.5 , 1.0)
05/26/2020 10:37:59 PM,963 root INFO Training All-nodes accuracy:0.63(best:0.63)
05/26/2020 10:37:59 PM,963 root INFO Training Root accuracy:0.86(best:0.86)
05/26/2020 10:37:59 PM,963 root INFO Training F1:[0.93, 0.92](best:0.96 , 1.0)
05/26/2020 10:37:59 PM,965 root INFO Epoch: 45
05/26/2020 10:38:01 PM,964 root INFO Loss = tensor([27.6980])
05/26/2020 10:38:16 PM,972 root INFO Loss = tensor([27.4828])
05/26/2020 10:38:31 PM,690 root INFO Loss = tensor([27.5667])
05/26/2020 10:38:47 PM,99 root INFO Loss = tensor([29.7414])
05/26/2020 10:39:03 PM,600 root INFO Loss = tensor([26.2411])
05/26/2020 10:39:18 PM,559 root INFO Loss = tensor([28.1258])
05/26/2020 10:39:34 PM,479 root INFO Loss = tensor([27.9198])
05/26/2020 10:39:49 PM,687 root INFO Loss = tensor([27.4428])
05/26/2020 10:40:05 PM,33 root INFO Loss = tensor([28.0690])
05/26/2020 10:40:20 PM,540 root INFO Loss = tensor([28.4525])
05/26/2020 10:40:35 PM,683 root INFO Loss = tensor([30.4255])
05/26/2020 10:40:57 PM,398 root INFO Validation All-nodes accuracy:0.52(best:0.77)
05/26/2020 10:40:57 PM,398 root INFO Validation Root accuracy:0.53(best:0.78)
05/26/2020 10:40:57 PM,398 root INFO F1:[0.4, 0.9](best:0.5 , 1.0)
05/26/2020 10:41:20 PM,228 root INFO Training All-nodes accuracy:0.63(best:0.63)
05/26/2020 10:41:20 PM,228 root INFO Training Root accuracy:0.87(best:0.87)
05/26/2020 10:41:20 PM,228 root INFO Training F1:[0.92, 0.94](best:0.96 , 1.0)
05/26/2020 10:41:20 PM,230 root INFO Epoch: 46
05/26/2020 10:41:22 PM,82 root INFO Loss = tensor([27.9371])
05/26/2020 10:41:36 PM,13 root INFO Loss = tensor([28.3736])
05/26/2020 10:41:49 PM,48 root INFO Loss = tensor([28.4659])
05/26/2020 10:42:01 PM,872 root INFO Loss = tensor([29.1423])
05/26/2020 10:42:18 PM,795 root INFO Loss = tensor([28.0468])
05/26/2020 10:42:33 PM,981 root INFO Loss = tensor([28.7179])
05/26/2020 10:42:49 PM,339 root INFO Loss = tensor([28.2851])
05/26/2020 10:43:04 PM,864 root INFO Loss = tensor([29.1222])
05/26/2020 10:43:19 PM,912 root INFO Loss = tensor([28.7738])
05/26/2020 10:43:34 PM,620 root INFO Loss = tensor([27.2781])
05/26/2020 10:43:47 PM,600 root INFO Loss = tensor([28.4063])
05/26/2020 10:44:08 PM,899 root INFO Validation All-nodes accuracy:0.61(best:0.77)
05/26/2020 10:44:08 PM,901 root INFO Validation Root accuracy:0.6(best:0.78)
05/26/2020 10:44:08 PM,901 root INFO F1:[0.4, 0.89](best:0.5 , 1.0)
05/26/2020 10:44:31 PM,901 root INFO Training All-nodes accuracy:0.63(best:0.63)
05/26/2020 10:44:31 PM,901 root INFO Training Root accuracy:0.86(best:0.87)
05/26/2020 10:44:31 PM,902 root INFO Training F1:[0.93, 0.91](best:0.96 , 1.0)
05/26/2020 10:44:31 PM,904 root INFO Epoch: 47
05/26/2020 10:44:34 PM,39 root INFO Loss = tensor([27.2105])
05/26/2020 10:44:49 PM,908 root INFO Loss = tensor([27.3292])
05/26/2020 10:45:04 PM,572 root INFO Loss = tensor([26.5560])
05/26/2020 10:45:19 PM,334 root INFO Loss = tensor([26.8812])
05/26/2020 10:45:35 PM,200 root INFO Loss = tensor([28.7834])
05/26/2020 10:45:49 PM,793 root INFO Loss = tensor([27.3479])
05/26/2020 10:46:05 PM,336 root INFO Loss = tensor([29.1220])
05/26/2020 10:46:21 PM,444 root INFO Loss = tensor([28.7296])
05/26/2020 10:46:36 PM,779 root INFO Loss = tensor([31.2144])
05/26/2020 10:46:52 PM,263 root INFO Loss = tensor([30.7208])
05/26/2020 10:47:07 PM,134 root INFO Loss = tensor([26.7258])
05/26/2020 10:47:27 PM,724 root INFO Validation All-nodes accuracy:0.52(best:0.77)
05/26/2020 10:47:27 PM,725 root INFO Validation Root accuracy:0.55(best:0.78)
05/26/2020 10:47:27 PM,725 root INFO F1:[0.41, 0.9](best:0.5 , 1.0)
05/26/2020 10:47:51 PM,0 root INFO Training All-nodes accuracy:0.63(best:0.63)
05/26/2020 10:47:51 PM,0 root INFO Training Root accuracy:0.85(best:0.87)
05/26/2020 10:47:51 PM,0 root INFO Training F1:[0.91, 0.93](best:0.96 , 1.0)
05/26/2020 10:47:51 PM,2 root INFO Epoch: 48
05/26/2020 10:47:53 PM,353 root INFO Loss = tensor([28.7507])
05/26/2020 10:48:08 PM,441 root INFO Loss = tensor([27.1613])
05/26/2020 10:48:22 PM,632 root INFO Loss = tensor([28.1177])
05/26/2020 10:48:37 PM,904 root INFO Loss = tensor([26.4727])
05/26/2020 10:48:53 PM,257 root INFO Loss = tensor([28.4092])
05/26/2020 10:49:08 PM,611 root INFO Loss = tensor([28.7763])
05/26/2020 10:49:23 PM,736 root INFO Loss = tensor([28.6079])
05/26/2020 10:49:39 PM,95 root INFO Loss = tensor([26.3419])
05/26/2020 10:49:53 PM,733 root INFO Loss = tensor([26.8393])
05/26/2020 10:50:08 PM,169 root INFO Loss = tensor([29.6636])
05/26/2020 10:50:23 PM,309 root INFO Loss = tensor([28.5015])
05/26/2020 10:50:44 PM,41 root INFO Validation All-nodes accuracy:0.58(best:0.77)
05/26/2020 10:50:44 PM,41 root INFO Validation Root accuracy:0.56(best:0.78)
05/26/2020 10:50:44 PM,42 root INFO F1:[0.41, 0.9](best:0.5 , 1.0)
05/26/2020 10:51:06 PM,918 root INFO Training All-nodes accuracy:0.63(best:0.63)
05/26/2020 10:51:06 PM,919 root INFO Training Root accuracy:0.86(best:0.87)
05/26/2020 10:51:06 PM,919 root INFO Training F1:[0.93, 0.93](best:0.96 , 1.0)
05/26/2020 10:51:06 PM,922 root INFO Epoch: 49
05/26/2020 10:51:09 PM,28 root INFO Loss = tensor([27.9244])
05/26/2020 10:51:24 PM,408 root INFO Loss = tensor([28.2061])
05/26/2020 10:51:39 PM,950 root INFO Loss = tensor([27.1842])
05/26/2020 10:51:54 PM,527 root INFO Loss = tensor([27.0820])
05/26/2020 10:52:09 PM,474 root INFO Loss = tensor([27.8400])
05/26/2020 10:52:24 PM,5 root INFO Loss = tensor([25.2080])
05/26/2020 10:52:37 PM,985 root INFO Loss = tensor([28.6087])
05/26/2020 10:52:53 PM,230 root INFO Loss = tensor([25.6445])
05/26/2020 10:53:06 PM,739 root INFO Loss = tensor([27.6181])
05/26/2020 10:53:21 PM,203 root INFO Loss = tensor([28.4203])
05/26/2020 10:53:35 PM,128 root INFO Loss = tensor([27.8795])
05/26/2020 10:53:54 PM,394 root INFO Validation All-nodes accuracy:0.6(best:0.77)
05/26/2020 10:53:54 PM,394 root INFO Validation Root accuracy:0.59(best:0.78)
05/26/2020 10:53:54 PM,394 root INFO F1:[0.42, 0.9](best:0.5 , 1.0)
05/26/2020 10:54:17 PM,108 root INFO Training All-nodes accuracy:0.64(best:0.64)
05/26/2020 10:54:17 PM,108 root INFO Training Root accuracy:0.88(best:0.88)
05/26/2020 10:54:17 PM,109 root INFO Training F1:[0.94, 0.93](best:0.96 , 1.0)
06/13/2020 02:41:09 PM,51 root ERROR Invalid alias: The name clear can't be aliased because it is another magic command.
06/13/2020 02:41:09 PM,52 root ERROR Invalid alias: The name more can't be aliased because it is another magic command.
06/13/2020 02:41:09 PM,52 root ERROR Invalid alias: The name less can't be aliased because it is another magic command.
06/13/2020 02:41:09 PM,53 root ERROR Invalid alias: The name man can't be aliased because it is another magic command.
