03/05/2020 01:17:23 PM,24 gensim.models.utils_any2vec INFO loading projection weights from /Users/navreetkaur/MTP/finetune-word2vec/w2v-models/GoogleNews-vectors-negative300.bin
03/05/2020 01:19:04 PM,674 gensim.models.utils_any2vec INFO loaded (3000000, 300) matrix from /Users/navreetkaur/MTP/finetune-word2vec/w2v-models/GoogleNews-vectors-negative300.bin
03/05/2020 01:19:06 PM,223 root INFO Start logging
03/05/2020 01:19:06 PM,253 root INFO Epoch: 0
03/05/2020 01:19:09 PM,645 root INFO Loss = tensor([31.7977])
03/05/2020 01:19:18 PM,496 root INFO Loss = tensor([31.7105])
03/05/2020 01:19:27 PM,767 root INFO Loss = tensor([32.1756])
03/05/2020 01:19:36 PM,275 root INFO Loss = tensor([31.7180])
03/05/2020 01:19:45 PM,328 root INFO Loss = tensor([31.5113])
03/05/2020 01:19:53 PM,780 root INFO Loss = tensor([30.0674])
03/05/2020 01:20:01 PM,677 root INFO Loss = tensor([29.4592])
03/05/2020 01:20:09 PM,193 root INFO Loss = tensor([35.2239])
03/05/2020 01:20:13 PM,817 root INFO Validation All-nodes accuracy:0.45(best:0.45)
03/05/2020 01:20:13 PM,817 root INFO Validation Root accuracy:0.51(best:0.51)
03/05/2020 01:20:13 PM,817 root INFO F1:[0.94, 0.35](best:0.94 , 0.35)
03/05/2020 01:20:27 PM,486 root INFO Training All-nodes accuracy:0.52(best:0.52)
03/05/2020 01:20:27 PM,487 root INFO Training Root accuracy:0.59(best:0.59)
03/05/2020 01:20:27 PM,487 root INFO Training F1:[0.76, 0.74](best:0.76 , 0.74)
03/05/2020 01:20:27 PM,489 root INFO Epoch: 1
03/05/2020 01:20:29 PM,240 root INFO Loss = tensor([31.0270])
03/05/2020 01:20:37 PM,639 root INFO Loss = tensor([32.1560])
03/05/2020 01:20:45 PM,991 root INFO Loss = tensor([31.3092])
03/05/2020 01:20:54 PM,230 root INFO Loss = tensor([30.0269])
03/05/2020 01:21:02 PM,159 root INFO Loss = tensor([30.1170])
03/05/2020 01:21:10 PM,202 root INFO Loss = tensor([30.9905])
03/05/2020 01:21:18 PM,568 root INFO Loss = tensor([32.7639])
03/05/2020 01:21:26 PM,780 root INFO Loss = tensor([32.6668])
03/05/2020 01:21:31 PM,453 root INFO Validation All-nodes accuracy:0.39(best:0.45)
03/05/2020 01:21:31 PM,453 root INFO Validation Root accuracy:0.54(best:0.54)
03/05/2020 01:21:31 PM,453 root INFO F1:[0.92, 0.34](best:0.94 , 0.35)
03/05/2020 01:21:45 PM,382 root INFO Training All-nodes accuracy:0.54(best:0.54)
03/05/2020 01:21:45 PM,384 root INFO Training Root accuracy:0.62(best:0.62)
03/05/2020 01:21:45 PM,384 root INFO Training F1:[0.77, 0.76](best:0.77 , 0.76)
03/05/2020 01:21:45 PM,385 root INFO Epoch: 2
03/05/2020 01:21:47 PM,321 root INFO Loss = tensor([31.8829])
03/05/2020 01:21:58 PM,708 root INFO Loss = tensor([30.6809])
03/05/2020 01:22:08 PM,67 root INFO Loss = tensor([30.0675])
03/05/2020 01:22:18 PM,362 root INFO Loss = tensor([30.7098])
03/05/2020 01:22:29 PM,674 root INFO Loss = tensor([31.5635])
03/05/2020 01:22:40 PM,42 root INFO Loss = tensor([31.2988])
03/05/2020 01:22:49 PM,69 root INFO Loss = tensor([31.9702])
03/05/2020 01:22:56 PM,999 root INFO Loss = tensor([32.7820])
03/05/2020 01:23:02 PM,98 root INFO Validation All-nodes accuracy:0.31(best:0.45)
03/05/2020 01:23:02 PM,100 root INFO Validation Root accuracy:0.42(best:0.54)
03/05/2020 01:23:02 PM,100 root INFO F1:[0.92, 0.32](best:0.94 , 0.35)
03/05/2020 01:23:26 PM,184 root INFO Training All-nodes accuracy:0.54(best:0.54)
03/05/2020 01:23:26 PM,185 root INFO Training Root accuracy:0.6(best:0.62)
03/05/2020 01:23:26 PM,186 root INFO Training F1:[0.79, 0.73](best:0.79 , 0.76)
03/05/2020 01:23:26 PM,190 root INFO Epoch: 3
03/05/2020 01:23:28 PM,761 root INFO Loss = tensor([32.7716])
03/05/2020 01:23:42 PM,398 root INFO Loss = tensor([31.3886])
03/05/2020 01:23:51 PM,198 root INFO Loss = tensor([30.6719])
03/05/2020 01:24:00 PM,144 root INFO Loss = tensor([29.4307])
03/05/2020 01:24:11 PM,337 root INFO Loss = tensor([30.8206])
03/05/2020 01:24:21 PM,180 root INFO Loss = tensor([31.7369])
03/05/2020 01:24:30 PM,430 root INFO Loss = tensor([30.6525])
03/05/2020 01:24:37 PM,614 root INFO Loss = tensor([29.8625])
03/05/2020 01:24:41 PM,534 root INFO Validation All-nodes accuracy:0.47(best:0.47)
03/05/2020 01:24:41 PM,534 root INFO Validation Root accuracy:0.65(best:0.65)
03/05/2020 01:24:41 PM,534 root INFO F1:[0.91, 0.33](best:0.94 , 0.35)
03/05/2020 01:24:56 PM,123 root INFO Training All-nodes accuracy:0.57(best:0.57)
03/05/2020 01:24:56 PM,123 root INFO Training Root accuracy:0.62(best:0.62)
03/05/2020 01:24:56 PM,123 root INFO Training F1:[0.75, 0.8](best:0.79 , 0.8)
03/05/2020 01:24:56 PM,125 root INFO Epoch: 4
03/05/2020 01:24:58 PM,86 root INFO Loss = tensor([31.3399])
03/05/2020 01:25:07 PM,864 root INFO Loss = tensor([28.9169])
03/05/2020 01:25:16 PM,659 root INFO Loss = tensor([31.8609])
03/05/2020 01:25:25 PM,934 root INFO Loss = tensor([30.9644])
03/05/2020 01:25:35 PM,89 root INFO Loss = tensor([31.6162])
03/05/2020 01:25:44 PM,507 root INFO Loss = tensor([31.1223])
03/05/2020 01:25:53 PM,881 root INFO Loss = tensor([31.4795])
03/05/2020 01:26:02 PM,663 root INFO Loss = tensor([33.5860])
03/05/2020 01:26:07 PM,471 root INFO Validation All-nodes accuracy:0.59(best:0.59)
03/05/2020 01:26:07 PM,472 root INFO Validation Root accuracy:0.23(best:0.65)
03/05/2020 01:26:07 PM,473 root INFO F1:[0.93, 0.3](best:0.94 , 0.35)
03/05/2020 01:26:23 PM,590 root INFO Training All-nodes accuracy:0.54(best:0.57)
03/05/2020 01:26:23 PM,592 root INFO Training Root accuracy:0.52(best:0.62)
03/05/2020 01:26:23 PM,592 root INFO Training F1:[0.78, 0.67](best:0.79 , 0.8)
03/05/2020 01:26:23 PM,594 root INFO Epoch: 5
03/05/2020 01:26:25 PM,749 root INFO Loss = tensor([32.5990])
03/05/2020 01:26:35 PM,443 root INFO Loss = tensor([30.8521])
03/05/2020 01:26:44 PM,771 root INFO Loss = tensor([32.6744])
03/05/2020 01:26:54 PM,511 root INFO Loss = tensor([30.8453])
03/05/2020 01:27:02 PM,869 root INFO Loss = tensor([32.9238])
03/05/2020 01:27:12 PM,829 root INFO Loss = tensor([30.6263])
03/05/2020 01:27:22 PM,245 root INFO Loss = tensor([31.6239])
03/05/2020 01:27:31 PM,44 root INFO Loss = tensor([28.3818])
03/05/2020 01:27:35 PM,371 root INFO Validation All-nodes accuracy:0.61(best:0.61)
03/05/2020 01:27:35 PM,372 root INFO Validation Root accuracy:0.8(best:0.8)
03/05/2020 01:27:35 PM,372 root INFO F1:[0.9, 0.01](best:0.94 , 0.35)
03/05/2020 01:27:51 PM,270 root INFO Training All-nodes accuracy:0.57(best:0.57)
03/05/2020 01:27:51 PM,271 root INFO Training Root accuracy:0.57(best:0.62)
03/05/2020 01:27:51 PM,271 root INFO Training F1:[0.7, 0.96](best:0.79 , 0.96)
03/05/2020 01:27:51 PM,274 root INFO Epoch: 6
03/05/2020 01:27:53 PM,153 root INFO Loss = tensor([31.1323])
03/05/2020 01:28:02 PM,458 root INFO Loss = tensor([30.7100])
03/05/2020 01:28:11 PM,104 root INFO Loss = tensor([31.4902])
03/05/2020 01:28:20 PM,671 root INFO Loss = tensor([30.2768])
03/05/2020 01:28:29 PM,621 root INFO Loss = tensor([31.2367])
03/05/2020 01:28:39 PM,45 root INFO Loss = tensor([30.3450])
03/05/2020 01:28:47 PM,448 root INFO Loss = tensor([30.3097])
03/05/2020 01:28:55 PM,48 root INFO Loss = tensor([32.6923])
03/05/2020 01:28:59 PM,431 root INFO Validation All-nodes accuracy:0.42(best:0.61)
03/05/2020 01:28:59 PM,431 root INFO Validation Root accuracy:0.73(best:0.8)
03/05/2020 01:28:59 PM,433 root INFO F1:[0.93, 0.47](best:0.94 , 0.47)
03/05/2020 01:29:16 PM,450 root INFO Training All-nodes accuracy:0.59(best:0.59)
03/05/2020 01:29:16 PM,452 root INFO Training Root accuracy:0.75(best:0.75)
03/05/2020 01:29:16 PM,452 root INFO Training F1:[0.83, 0.91](best:0.83 , 0.96)
03/05/2020 01:29:16 PM,453 root INFO Epoch: 7
03/05/2020 01:29:18 PM,190 root INFO Loss = tensor([29.8480])
03/05/2020 01:29:31 PM,480 root INFO Loss = tensor([29.6237])
03/05/2020 01:29:44 PM,137 root INFO Loss = tensor([31.1558])
03/05/2020 01:29:56 PM,844 root INFO Loss = tensor([29.6354])
03/05/2020 01:30:09 PM,507 root INFO Loss = tensor([31.0007])
03/05/2020 01:30:21 PM,311 root INFO Loss = tensor([29.9669])
03/05/2020 01:30:29 PM,832 root INFO Loss = tensor([30.4299])
03/05/2020 01:30:38 PM,784 root INFO Loss = tensor([30.5391])
03/05/2020 01:30:43 PM,663 root INFO Validation All-nodes accuracy:0.56(best:0.61)
03/05/2020 01:30:43 PM,665 root INFO Validation Root accuracy:0.55(best:0.8)
03/05/2020 01:30:43 PM,666 root INFO F1:[0.93, 0.36](best:0.94 , 0.47)
03/05/2020 01:31:04 PM,755 root INFO Training All-nodes accuracy:0.61(best:0.61)
03/05/2020 01:31:04 PM,758 root INFO Training Root accuracy:0.74(best:0.75)
03/05/2020 01:31:04 PM,758 root INFO Training F1:[0.89, 0.83](best:0.89 , 0.96)
03/05/2020 01:31:04 PM,760 root INFO Epoch: 8
03/05/2020 01:31:07 PM,893 root INFO Loss = tensor([29.3356])
03/05/2020 01:31:22 PM,66 root INFO Loss = tensor([30.1182])
03/05/2020 01:31:36 PM,331 root INFO Loss = tensor([29.8855])
03/05/2020 01:31:48 PM,546 root INFO Loss = tensor([28.5202])
03/05/2020 01:31:58 PM,769 root INFO Loss = tensor([30.0661])
03/05/2020 01:32:09 PM,110 root INFO Loss = tensor([31.6952])
03/05/2020 01:32:18 PM,479 root INFO Loss = tensor([29.3275])
03/05/2020 01:32:27 PM,426 root INFO Loss = tensor([29.9415])
03/05/2020 01:32:32 PM,342 root INFO Validation All-nodes accuracy:0.43(best:0.61)
03/05/2020 01:32:32 PM,343 root INFO Validation Root accuracy:0.73(best:0.8)
03/05/2020 01:32:32 PM,343 root INFO F1:[0.92, 0.43](best:0.94 , 0.47)
03/05/2020 01:32:47 PM,39 root INFO Training All-nodes accuracy:0.61(best:0.61)
03/05/2020 01:32:47 PM,40 root INFO Training Root accuracy:0.83(best:0.83)
03/05/2020 01:32:47 PM,40 root INFO Training F1:[0.89, 0.93](best:0.89 , 0.96)
03/05/2020 01:32:47 PM,43 root INFO Epoch: 9
03/05/2020 01:32:48 PM,944 root INFO Loss = tensor([28.5565])
03/05/2020 01:32:58 PM,587 root INFO Loss = tensor([29.9525])
03/05/2020 01:33:07 PM,718 root INFO Loss = tensor([31.4964])
03/05/2020 01:33:17 PM,390 root INFO Loss = tensor([30.5262])
03/05/2020 01:33:26 PM,706 root INFO Loss = tensor([28.9659])
03/05/2020 01:33:35 PM,691 root INFO Loss = tensor([32.0836])
03/05/2020 01:33:44 PM,995 root INFO Loss = tensor([31.5678])
03/05/2020 01:33:52 PM,966 root INFO Loss = tensor([27.3884])
03/05/2020 01:33:57 PM,123 root INFO Validation All-nodes accuracy:0.45(best:0.61)
03/05/2020 01:33:57 PM,124 root INFO Validation Root accuracy:0.75(best:0.8)
03/05/2020 01:33:57 PM,124 root INFO F1:[0.94, 0.5](best:0.94 , 0.5)
03/05/2020 01:34:11 PM,940 root INFO Training All-nodes accuracy:0.63(best:0.63)
03/05/2020 01:34:11 PM,940 root INFO Training Root accuracy:0.86(best:0.86)
03/05/2020 01:34:11 PM,941 root INFO Training F1:[0.92, 0.93](best:0.92 , 0.96)
03/05/2020 01:34:11 PM,945 root INFO Epoch: 10
03/05/2020 01:34:13 PM,879 root INFO Loss = tensor([28.3520])
03/05/2020 01:34:23 PM,548 root INFO Loss = tensor([30.9258])
03/05/2020 01:34:32 PM,393 root INFO Loss = tensor([30.2212])
03/05/2020 01:34:41 PM,364 root INFO Loss = tensor([27.7439])
03/05/2020 01:34:50 PM,390 root INFO Loss = tensor([29.2072])
03/05/2020 01:34:59 PM,722 root INFO Loss = tensor([28.8762])
03/05/2020 01:35:10 PM,166 root INFO Loss = tensor([28.7887])
03/05/2020 01:35:18 PM,532 root INFO Loss = tensor([28.0590])
03/05/2020 01:35:27 PM,841 root INFO Validation All-nodes accuracy:0.46(best:0.61)
03/05/2020 01:35:27 PM,842 root INFO Validation Root accuracy:0.71(best:0.8)
03/05/2020 01:35:27 PM,844 root INFO F1:[0.97, 0.51](best:0.97 , 0.51)
03/05/2020 01:35:42 PM,49 root INFO Training All-nodes accuracy:0.64(best:0.64)
03/05/2020 01:35:42 PM,49 root INFO Training Root accuracy:0.87(best:0.87)
03/05/2020 01:35:42 PM,49 root INFO Training F1:[0.94, 0.92](best:0.94 , 0.96)
03/05/2020 01:35:42 PM,51 root INFO Epoch: 11
03/05/2020 01:35:43 PM,971 root INFO Loss = tensor([28.4485])
03/05/2020 01:35:52 PM,663 root INFO Loss = tensor([30.3352])
03/05/2020 01:36:01 PM,803 root INFO Loss = tensor([34.7875])
03/05/2020 01:36:17 PM,663 root INFO Loss = tensor([30.8695])
03/05/2020 01:36:32 PM,401 root INFO Loss = tensor([29.4835])
03/05/2020 01:36:47 PM,858 root INFO Loss = tensor([31.4654])
03/05/2020 01:36:59 PM,626 root INFO Loss = tensor([32.3799])
03/05/2020 01:37:07 PM,854 root INFO Loss = tensor([32.8818])
03/05/2020 01:37:12 PM,511 root INFO Validation All-nodes accuracy:0.45(best:0.61)
03/05/2020 01:37:12 PM,512 root INFO Validation Root accuracy:0.56(best:0.8)
03/05/2020 01:37:12 PM,512 root INFO F1:[0.94, 0.38](best:0.97 , 0.51)
03/05/2020 01:37:31 PM,528 root INFO Training All-nodes accuracy:0.63(best:0.64)
03/05/2020 01:37:31 PM,529 root INFO Training Root accuracy:0.83(best:0.87)
03/05/2020 01:37:31 PM,529 root INFO Training F1:[0.97, 0.87](best:0.97 , 0.96)
03/05/2020 01:37:31 PM,531 root INFO Epoch: 12
03/05/2020 01:37:34 PM,540 root INFO Loss = tensor([27.1051])
03/05/2020 01:37:48 PM,793 root INFO Loss = tensor([30.0724])
03/05/2020 01:38:00 PM,16 root INFO Loss = tensor([30.5206])
03/05/2020 01:38:09 PM,298 root INFO Loss = tensor([28.7796])
03/05/2020 01:38:18 PM,43 root INFO Loss = tensor([28.3681])
03/05/2020 01:38:29 PM,190 root INFO Loss = tensor([32.8786])
03/05/2020 01:38:38 PM,395 root INFO Loss = tensor([31.6225])
03/05/2020 01:38:46 PM,247 root INFO Loss = tensor([30.9672])
03/05/2020 01:38:50 PM,164 root INFO Validation All-nodes accuracy:0.6(best:0.61)
03/05/2020 01:38:50 PM,165 root INFO Validation Root accuracy:0.64(best:0.8)
03/05/2020 01:38:50 PM,165 root INFO F1:[0.95, 0.42](best:0.97 , 0.51)
03/05/2020 01:39:06 PM,334 root INFO Training All-nodes accuracy:0.65(best:0.65)
03/05/2020 01:39:06 PM,336 root INFO Training Root accuracy:0.87(best:0.87)
03/05/2020 01:39:06 PM,336 root INFO Training F1:[0.94, 0.92](best:0.97 , 0.96)
03/05/2020 01:39:06 PM,338 root INFO Epoch: 13
03/05/2020 01:39:08 PM,361 root INFO Loss = tensor([26.4592])
03/05/2020 01:39:17 PM,13 root INFO Loss = tensor([32.6435])
03/05/2020 01:39:26 PM,882 root INFO Loss = tensor([31.8906])
03/05/2020 01:39:35 PM,435 root INFO Loss = tensor([32.0660])
03/05/2020 01:39:43 PM,898 root INFO Loss = tensor([27.7854])
03/05/2020 01:39:54 PM,181 root INFO Loss = tensor([28.5245])
03/05/2020 01:40:03 PM,8 root INFO Loss = tensor([36.1967])
03/05/2020 01:40:11 PM,147 root INFO Loss = tensor([31.2732])
03/05/2020 01:40:16 PM,47 root INFO Validation All-nodes accuracy:0.51(best:0.61)
03/05/2020 01:40:16 PM,47 root INFO Validation Root accuracy:0.69(best:0.8)
03/05/2020 01:40:16 PM,47 root INFO F1:[0.93, 0.42](best:0.97 , 0.51)
03/05/2020 01:40:31 PM,618 root INFO Training All-nodes accuracy:0.66(best:0.66)
03/05/2020 01:40:31 PM,619 root INFO Training Root accuracy:0.88(best:0.88)
03/05/2020 01:40:31 PM,619 root INFO Training F1:[0.94, 0.93](best:0.97 , 0.96)
03/05/2020 01:40:31 PM,622 root INFO Epoch: 14
03/05/2020 01:40:33 PM,592 root INFO Loss = tensor([27.4321])
03/05/2020 01:40:43 PM,489 root INFO Loss = tensor([29.8719])
03/05/2020 01:40:53 PM,844 root INFO Loss = tensor([32.3868])
03/05/2020 01:41:02 PM,715 root INFO Loss = tensor([32.7412])
03/05/2020 01:41:12 PM,193 root INFO Loss = tensor([26.7909])
03/05/2020 01:41:20 PM,885 root INFO Loss = tensor([28.8208])
03/05/2020 01:41:29 PM,699 root INFO Loss = tensor([30.2323])
03/05/2020 01:41:37 PM,415 root INFO Loss = tensor([33.5183])
03/05/2020 01:41:41 PM,898 root INFO Validation All-nodes accuracy:0.53(best:0.61)
03/05/2020 01:41:41 PM,899 root INFO Validation Root accuracy:0.7(best:0.8)
03/05/2020 01:41:41 PM,899 root INFO F1:[0.93, 0.41](best:0.97 , 0.51)
03/05/2020 01:41:56 PM,479 root INFO Training All-nodes accuracy:0.66(best:0.66)
03/05/2020 01:41:56 PM,479 root INFO Training Root accuracy:0.88(best:0.88)
03/05/2020 01:41:56 PM,479 root INFO Training F1:[0.94, 0.93](best:0.97 , 0.96)
03/05/2020 01:41:56 PM,481 root INFO Epoch: 15
03/05/2020 01:41:58 PM,293 root INFO Loss = tensor([26.4888])
03/05/2020 01:42:07 PM,207 root INFO Loss = tensor([30.3024])
03/05/2020 01:42:16 PM,320 root INFO Loss = tensor([30.3345])
03/05/2020 01:42:26 PM,649 root INFO Loss = tensor([32.4370])
03/05/2020 01:42:37 PM,19 root INFO Loss = tensor([27.5895])
03/05/2020 01:42:47 PM,23 root INFO Loss = tensor([29.6731])
03/05/2020 01:42:57 PM,7 root INFO Loss = tensor([29.1172])
03/05/2020 01:43:05 PM,416 root INFO Loss = tensor([33.2404])
03/05/2020 01:43:09 PM,620 root INFO Validation All-nodes accuracy:0.5(best:0.61)
03/05/2020 01:43:09 PM,625 root INFO Validation Root accuracy:0.73(best:0.8)
03/05/2020 01:43:09 PM,625 root INFO F1:[0.93, 0.47](best:0.97 , 0.51)
03/05/2020 01:43:24 PM,593 root INFO Training All-nodes accuracy:0.66(best:0.66)
03/05/2020 01:43:24 PM,593 root INFO Training Root accuracy:0.88(best:0.88)
03/05/2020 01:43:24 PM,593 root INFO Training F1:[0.93, 0.94](best:0.97 , 0.96)
03/05/2020 01:43:24 PM,595 root INFO Epoch: 16
03/05/2020 01:43:26 PM,304 root INFO Loss = tensor([26.6404])
03/05/2020 01:43:34 PM,766 root INFO Loss = tensor([29.7881])
03/05/2020 01:43:44 PM,826 root INFO Loss = tensor([30.7154])
03/05/2020 01:43:55 PM,461 root INFO Loss = tensor([29.0773])
03/05/2020 01:44:04 PM,0 root INFO Loss = tensor([29.4274])
03/05/2020 01:44:13 PM,217 root INFO Loss = tensor([28.6911])
03/05/2020 01:44:23 PM,111 root INFO Loss = tensor([30.0934])
03/05/2020 01:44:32 PM,739 root INFO Loss = tensor([31.4471])
03/05/2020 01:44:38 PM,347 root INFO Validation All-nodes accuracy:0.54(best:0.61)
03/05/2020 01:44:38 PM,354 root INFO Validation Root accuracy:0.72(best:0.8)
03/05/2020 01:44:38 PM,354 root INFO F1:[0.93, 0.44](best:0.97 , 0.51)
03/05/2020 01:44:54 PM,566 root INFO Training All-nodes accuracy:0.66(best:0.66)
03/05/2020 01:44:54 PM,566 root INFO Training Root accuracy:0.87(best:0.88)
03/05/2020 01:44:54 PM,567 root INFO Training F1:[0.93, 0.93](best:0.97 , 0.96)
03/05/2020 01:44:54 PM,569 root INFO Epoch: 17
03/05/2020 01:44:56 PM,634 root INFO Loss = tensor([28.1543])
03/05/2020 01:45:05 PM,803 root INFO Loss = tensor([30.4330])
03/05/2020 01:45:16 PM,808 root INFO Loss = tensor([29.9211])
03/05/2020 01:45:26 PM,726 root INFO Loss = tensor([27.8935])
03/05/2020 01:45:37 PM,499 root INFO Loss = tensor([27.0817])
03/05/2020 01:45:46 PM,646 root INFO Loss = tensor([27.4515])
03/05/2020 01:45:56 PM,215 root INFO Loss = tensor([27.8853])
03/05/2020 01:46:05 PM,495 root INFO Loss = tensor([29.7465])
03/05/2020 01:46:10 PM,214 root INFO Validation All-nodes accuracy:0.61(best:0.61)
03/05/2020 01:46:10 PM,214 root INFO Validation Root accuracy:0.76(best:0.8)
03/05/2020 01:46:10 PM,214 root INFO F1:[0.92, 0.45](best:0.97 , 0.51)
03/05/2020 01:46:27 PM,680 root INFO Training All-nodes accuracy:0.66(best:0.66)
03/05/2020 01:46:27 PM,681 root INFO Training Root accuracy:0.87(best:0.88)
03/05/2020 01:46:27 PM,681 root INFO Training F1:[0.91, 0.96](best:0.97 , 0.96)
03/05/2020 01:46:27 PM,683 root INFO Epoch: 18
03/05/2020 01:46:29 PM,543 root INFO Loss = tensor([27.9996])
03/05/2020 01:46:39 PM,500 root INFO Loss = tensor([27.0192])
03/05/2020 01:46:49 PM,499 root INFO Loss = tensor([27.9287])
03/05/2020 01:46:58 PM,259 root INFO Loss = tensor([27.5351])
03/05/2020 01:47:11 PM,345 root INFO Loss = tensor([27.4985])
03/05/2020 01:47:22 PM,104 root INFO Loss = tensor([27.1435])
03/05/2020 01:47:31 PM,614 root INFO Loss = tensor([26.2461])
03/05/2020 01:47:39 PM,617 root INFO Loss = tensor([26.2577])
03/05/2020 01:47:43 PM,945 root INFO Validation All-nodes accuracy:0.46(best:0.61)
03/05/2020 01:47:43 PM,946 root INFO Validation Root accuracy:0.7(best:0.8)
03/05/2020 01:47:43 PM,946 root INFO F1:[0.93, 0.41](best:0.97 , 0.51)
03/05/2020 01:48:00 PM,615 root INFO Training All-nodes accuracy:0.66(best:0.66)
03/05/2020 01:48:00 PM,615 root INFO Training Root accuracy:0.91(best:0.91)
03/05/2020 01:48:00 PM,615 root INFO Training F1:[0.95, 0.96](best:0.97 , 0.96)
03/05/2020 01:48:00 PM,617 root INFO Epoch: 19
03/05/2020 01:48:02 PM,427 root INFO Loss = tensor([26.3853])
03/05/2020 01:48:11 PM,741 root INFO Loss = tensor([27.1479])
03/05/2020 01:48:21 PM,513 root INFO Loss = tensor([25.1539])
03/05/2020 01:48:30 PM,460 root INFO Loss = tensor([25.8921])
03/05/2020 01:48:39 PM,341 root INFO Loss = tensor([27.5300])
03/05/2020 01:48:48 PM,311 root INFO Loss = tensor([27.6510])
03/05/2020 01:48:57 PM,206 root INFO Loss = tensor([27.0906])
03/05/2020 01:49:05 PM,395 root INFO Loss = tensor([27.9679])
03/05/2020 01:49:09 PM,835 root INFO Validation All-nodes accuracy:0.53(best:0.61)
03/05/2020 01:49:09 PM,835 root INFO Validation Root accuracy:0.82(best:0.82)
03/05/2020 01:49:09 PM,836 root INFO F1:[0.94, 0.64](best:0.97 , 0.64)
03/05/2020 01:49:25 PM,88 root INFO Training All-nodes accuracy:0.68(best:0.68)
03/05/2020 01:49:25 PM,88 root INFO Training Root accuracy:0.93(best:0.93)
03/05/2020 01:49:25 PM,88 root INFO Training F1:[0.95, 0.98](best:0.97 , 0.98)
03/05/2020 01:49:25 PM,90 root INFO Epoch: 20
03/05/2020 01:49:27 PM,217 root INFO Loss = tensor([27.0571])
03/05/2020 01:49:37 PM,335 root INFO Loss = tensor([29.4999])
03/05/2020 01:49:46 PM,981 root INFO Loss = tensor([32.3031])
03/05/2020 01:49:59 PM,804 root INFO Loss = tensor([27.7367])
03/05/2020 01:50:10 PM,653 root INFO Loss = tensor([26.2643])
03/05/2020 01:50:19 PM,610 root INFO Loss = tensor([26.8591])
03/05/2020 01:50:28 PM,380 root INFO Loss = tensor([24.4629])
03/05/2020 01:50:35 PM,546 root INFO Loss = tensor([28.9395])
03/05/2020 01:50:39 PM,869 root INFO Validation All-nodes accuracy:0.53(best:0.61)
03/05/2020 01:50:39 PM,869 root INFO Validation Root accuracy:0.81(best:0.82)
03/05/2020 01:50:39 PM,869 root INFO F1:[0.92, 0.57](best:0.97 , 0.64)
03/05/2020 01:50:54 PM,121 root INFO Training All-nodes accuracy:0.67(best:0.68)
03/05/2020 01:50:54 PM,122 root INFO Training Root accuracy:0.9(best:0.93)
03/05/2020 01:50:54 PM,122 root INFO Training F1:[0.91, 0.99](best:0.97 , 0.99)
03/05/2020 01:50:54 PM,124 root INFO Epoch: 21
03/05/2020 01:50:56 PM,354 root INFO Loss = tensor([28.2019])
03/05/2020 01:51:07 PM,70 root INFO Loss = tensor([27.0340])
03/05/2020 01:51:17 PM,622 root INFO Loss = tensor([25.6252])
03/05/2020 01:51:29 PM,239 root INFO Loss = tensor([26.8403])
03/05/2020 01:51:43 PM,659 root INFO Loss = tensor([24.1805])
03/05/2020 01:51:55 PM,655 root INFO Loss = tensor([24.3385])
03/05/2020 01:52:07 PM,206 root INFO Loss = tensor([26.1964])
03/05/2020 01:52:18 PM,692 root INFO Loss = tensor([22.8962])
03/05/2020 01:52:24 PM,588 root INFO Validation All-nodes accuracy:0.58(best:0.61)
03/05/2020 01:52:24 PM,590 root INFO Validation Root accuracy:0.76(best:0.82)
03/05/2020 01:52:24 PM,590 root INFO F1:[0.93, 0.5](best:0.97 , 0.64)
03/05/2020 01:52:50 PM,775 root INFO Training All-nodes accuracy:0.69(best:0.69)
03/05/2020 01:52:50 PM,778 root INFO Training Root accuracy:0.96(best:0.96)
03/05/2020 01:52:50 PM,778 root INFO Training F1:[0.97, 0.99](best:0.97 , 0.99)
03/05/2020 01:52:50 PM,781 root INFO Epoch: 22
03/05/2020 01:52:53 PM,845 root INFO Loss = tensor([25.5158])
03/05/2020 01:53:11 PM,180 root INFO Loss = tensor([27.2989])
03/05/2020 01:53:24 PM,862 root INFO Loss = tensor([24.6383])
03/05/2020 01:53:36 PM,553 root INFO Loss = tensor([24.1544])
03/05/2020 01:53:46 PM,596 root INFO Loss = tensor([25.3076])
03/05/2020 01:54:04 PM,800 root INFO Loss = tensor([23.8287])
03/05/2020 01:54:14 PM,278 root INFO Loss = tensor([26.0721])
03/05/2020 01:54:22 PM,98 root INFO Loss = tensor([23.2512])
03/05/2020 01:54:25 PM,945 root INFO Validation All-nodes accuracy:0.56(best:0.61)
03/05/2020 01:54:25 PM,946 root INFO Validation Root accuracy:0.73(best:0.82)
03/05/2020 01:54:25 PM,946 root INFO F1:[0.93, 0.45](best:0.97 , 0.64)
03/05/2020 01:54:39 PM,506 root INFO Training All-nodes accuracy:0.7(best:0.7)
03/05/2020 01:54:39 PM,506 root INFO Training Root accuracy:0.96(best:0.96)
03/05/2020 01:54:39 PM,507 root INFO Training F1:[0.98, 0.98](best:0.98 , 0.99)
03/05/2020 01:54:39 PM,508 root INFO Epoch: 23
03/05/2020 01:54:41 PM,242 root INFO Loss = tensor([24.3498])
03/05/2020 01:54:49 PM,431 root INFO Loss = tensor([24.7819])
03/05/2020 01:54:57 PM,912 root INFO Loss = tensor([25.4107])
03/05/2020 01:55:08 PM,11 root INFO Loss = tensor([23.3593])
03/05/2020 01:55:16 PM,781 root INFO Loss = tensor([25.0784])
03/05/2020 01:55:27 PM,405 root INFO Loss = tensor([27.2176])
03/05/2020 01:55:38 PM,455 root INFO Loss = tensor([27.0502])
03/05/2020 01:55:48 PM,180 root INFO Loss = tensor([25.5348])
03/05/2020 01:55:53 PM,35 root INFO Validation All-nodes accuracy:0.6(best:0.61)
03/05/2020 01:55:53 PM,36 root INFO Validation Root accuracy:0.79(best:0.82)
03/05/2020 01:55:53 PM,36 root INFO F1:[0.93, 0.55](best:0.97 , 0.64)
03/05/2020 01:56:11 PM,61 root INFO Training All-nodes accuracy:0.7(best:0.7)
03/05/2020 01:56:11 PM,61 root INFO Training Root accuracy:0.95(best:0.96)
03/05/2020 01:56:11 PM,61 root INFO Training F1:[0.96, 0.99](best:0.98 , 0.99)
03/05/2020 01:56:11 PM,63 root INFO Epoch: 24
03/05/2020 01:56:13 PM,87 root INFO Loss = tensor([24.5805])
03/05/2020 01:56:23 PM,503 root INFO Loss = tensor([23.7214])
03/05/2020 01:56:31 PM,799 root INFO Loss = tensor([23.9764])
03/05/2020 01:56:40 PM,264 root INFO Loss = tensor([26.2791])
03/05/2020 01:56:48 PM,902 root INFO Loss = tensor([23.4709])
03/05/2020 01:56:56 PM,722 root INFO Loss = tensor([27.5808])
03/05/2020 01:57:05 PM,280 root INFO Loss = tensor([25.8787])
03/05/2020 01:57:12 PM,576 root INFO Loss = tensor([25.5284])
03/05/2020 01:57:16 PM,723 root INFO Validation All-nodes accuracy:0.55(best:0.61)
03/05/2020 01:57:16 PM,723 root INFO Validation Root accuracy:0.74(best:0.82)
03/05/2020 01:57:16 PM,723 root INFO F1:[0.92, 0.44](best:0.97 , 0.64)
03/05/2020 01:57:30 PM,139 root INFO Training All-nodes accuracy:0.7(best:0.7)
03/05/2020 01:57:30 PM,139 root INFO Training Root accuracy:0.96(best:0.96)
03/05/2020 01:57:30 PM,139 root INFO Training F1:[0.98, 0.98](best:0.98 , 0.99)
03/05/2020 01:57:30 PM,141 root INFO Epoch: 25
03/05/2020 01:57:31 PM,920 root INFO Loss = tensor([24.6921])
03/05/2020 01:57:40 PM,234 root INFO Loss = tensor([31.6564])
03/05/2020 01:57:49 PM,385 root INFO Loss = tensor([30.2160])
03/05/2020 01:57:57 PM,571 root INFO Loss = tensor([24.6404])
03/05/2020 01:58:05 PM,822 root INFO Loss = tensor([24.7571])
03/05/2020 01:58:14 PM,299 root INFO Loss = tensor([25.7788])
03/05/2020 01:58:22 PM,888 root INFO Loss = tensor([24.6830])
03/05/2020 01:58:30 PM,110 root INFO Loss = tensor([24.3279])
03/05/2020 01:58:34 PM,59 root INFO Validation All-nodes accuracy:0.59(best:0.61)
03/05/2020 01:58:34 PM,59 root INFO Validation Root accuracy:0.82(best:0.82)
03/05/2020 01:58:34 PM,59 root INFO F1:[0.93, 0.63](best:0.97 , 0.64)
03/05/2020 01:58:47 PM,475 root INFO Training All-nodes accuracy:0.69(best:0.7)
03/05/2020 01:58:47 PM,475 root INFO Training Root accuracy:0.96(best:0.96)
03/05/2020 01:58:47 PM,475 root INFO Training F1:[0.96, 1.0](best:0.98 , 1.0)
03/05/2020 01:58:47 PM,477 root INFO Epoch: 26
03/05/2020 01:58:49 PM,284 root INFO Loss = tensor([25.0704])
03/05/2020 01:58:57 PM,764 root INFO Loss = tensor([23.8809])
03/05/2020 01:59:06 PM,57 root INFO Loss = tensor([23.6886])
03/05/2020 01:59:14 PM,55 root INFO Loss = tensor([23.6003])
03/05/2020 01:59:22 PM,350 root INFO Loss = tensor([24.6185])
03/05/2020 01:59:30 PM,750 root INFO Loss = tensor([24.4821])
03/05/2020 01:59:39 PM,50 root INFO Loss = tensor([24.2602])
03/05/2020 01:59:46 PM,184 root INFO Loss = tensor([27.6631])
03/05/2020 01:59:51 PM,299 root INFO Validation All-nodes accuracy:0.51(best:0.61)
03/05/2020 01:59:51 PM,299 root INFO Validation Root accuracy:0.8(best:0.82)
03/05/2020 01:59:51 PM,299 root INFO F1:[0.93, 0.57](best:0.97 , 0.64)
03/05/2020 02:00:06 PM,752 root INFO Training All-nodes accuracy:0.7(best:0.7)
03/05/2020 02:00:06 PM,752 root INFO Training Root accuracy:0.97(best:0.97)
03/05/2020 02:00:06 PM,753 root INFO Training F1:[0.97, 1.0](best:0.98 , 1.0)
03/05/2020 02:00:06 PM,754 root INFO Epoch: 27
03/05/2020 02:00:08 PM,488 root INFO Loss = tensor([23.3667])
03/05/2020 02:00:17 PM,90 root INFO Loss = tensor([25.0243])
03/05/2020 02:00:25 PM,577 root INFO Loss = tensor([24.1064])
03/05/2020 02:00:33 PM,972 root INFO Loss = tensor([25.8518])
03/05/2020 02:00:42 PM,524 root INFO Loss = tensor([25.6767])
03/05/2020 02:00:50 PM,722 root INFO Loss = tensor([25.5450])
03/05/2020 02:00:59 PM,63 root INFO Loss = tensor([27.8270])
03/05/2020 02:01:06 PM,167 root INFO Loss = tensor([38.0286])
03/05/2020 02:01:10 PM,234 root INFO Validation All-nodes accuracy:0.6(best:0.61)
03/05/2020 02:01:10 PM,234 root INFO Validation Root accuracy:0.81(best:0.82)
03/05/2020 02:01:10 PM,234 root INFO F1:[0.93, 0.6](best:0.97 , 0.64)
03/05/2020 02:01:23 PM,753 root INFO Training All-nodes accuracy:0.7(best:0.7)
03/05/2020 02:01:23 PM,754 root INFO Training Root accuracy:0.97(best:0.97)
03/05/2020 02:01:23 PM,754 root INFO Training F1:[0.97, 1.0](best:0.98 , 1.0)
03/05/2020 02:01:23 PM,755 root INFO Epoch: 28
03/05/2020 02:01:25 PM,674 root INFO Loss = tensor([24.4084])
03/05/2020 02:01:36 PM,1 root INFO Loss = tensor([25.6115])
03/05/2020 02:01:45 PM,937 root INFO Loss = tensor([25.9379])
03/05/2020 02:01:55 PM,213 root INFO Loss = tensor([24.0756])
03/05/2020 02:02:05 PM,592 root INFO Loss = tensor([26.8539])
03/05/2020 02:02:19 PM,902 root INFO Loss = tensor([32.8569])
03/05/2020 02:02:33 PM,117 root INFO Loss = tensor([26.3913])
03/05/2020 02:02:44 PM,238 root INFO Loss = tensor([22.1780])
03/05/2020 02:02:51 PM,427 root INFO Validation All-nodes accuracy:0.58(best:0.61)
03/05/2020 02:02:51 PM,427 root INFO Validation Root accuracy:0.76(best:0.82)
03/05/2020 02:02:51 PM,428 root INFO F1:[0.93, 0.48](best:0.97 , 0.64)
03/05/2020 02:03:08 PM,757 root INFO Training All-nodes accuracy:0.71(best:0.71)
03/05/2020 02:03:08 PM,758 root INFO Training Root accuracy:0.99(best:0.99)
03/05/2020 02:03:08 PM,758 root INFO Training F1:[0.99, 1.0](best:0.99 , 1.0)
03/05/2020 02:03:08 PM,759 root INFO Epoch: 29
03/05/2020 02:03:10 PM,501 root INFO Loss = tensor([22.9254])
03/05/2020 02:03:20 PM,847 root INFO Loss = tensor([23.4848])
03/05/2020 02:03:36 PM,43 root INFO Loss = tensor([24.7127])
03/05/2020 02:03:47 PM,884 root INFO Loss = tensor([22.2532])
03/05/2020 02:04:07 PM,46 root INFO Loss = tensor([24.8249])
03/05/2020 02:04:25 PM,849 root INFO Loss = tensor([25.3498])
03/05/2020 02:04:42 PM,473 root INFO Loss = tensor([22.2744])
03/05/2020 02:04:59 PM,172 root INFO Loss = tensor([24.1521])
03/05/2020 02:05:08 PM,745 root INFO Validation All-nodes accuracy:0.57(best:0.61)
03/05/2020 02:05:08 PM,746 root INFO Validation Root accuracy:0.77(best:0.82)
03/05/2020 02:05:08 PM,746 root INFO F1:[0.93, 0.5](best:0.97 , 0.64)
03/05/2020 02:05:38 PM,859 root INFO Training All-nodes accuracy:0.71(best:0.71)
03/05/2020 02:05:38 PM,860 root INFO Training Root accuracy:0.99(best:0.99)
03/05/2020 02:05:38 PM,860 root INFO Training F1:[0.99, 1.0](best:0.99 , 1.0)
03/05/2020 02:05:38 PM,864 root INFO Epoch: 30
03/05/2020 02:05:43 PM,542 root INFO Loss = tensor([22.8719])
03/05/2020 02:06:04 PM,256 root INFO Loss = tensor([30.2014])
03/05/2020 02:06:24 PM,964 root INFO Loss = tensor([34.0397])
03/05/2020 02:06:45 PM,10 root INFO Loss = tensor([34.1822])
03/05/2020 02:07:04 PM,999 root INFO Loss = tensor([22.6281])
03/05/2020 02:07:25 PM,167 root INFO Loss = tensor([28.2096])
03/05/2020 02:07:47 PM,717 root INFO Loss = tensor([29.4583])
03/05/2020 02:08:06 PM,50 root INFO Loss = tensor([22.4109])
03/05/2020 02:08:15 PM,754 root INFO Validation All-nodes accuracy:0.59(best:0.61)
03/05/2020 02:08:15 PM,755 root INFO Validation Root accuracy:0.8(best:0.82)
03/05/2020 02:08:15 PM,757 root INFO F1:[0.92, 0.56](best:0.97 , 0.64)
03/05/2020 02:08:51 PM,601 root INFO Training All-nodes accuracy:0.71(best:0.71)
03/05/2020 02:08:51 PM,602 root INFO Training Root accuracy:0.98(best:0.99)
03/05/2020 02:08:51 PM,602 root INFO Training F1:[0.99, 1.0](best:0.99 , 1.0)
03/05/2020 02:08:51 PM,610 root INFO Epoch: 31
03/05/2020 02:08:56 PM,780 root INFO Loss = tensor([21.5605])
03/05/2020 02:09:15 PM,871 root INFO Loss = tensor([25.0010])
03/05/2020 02:09:36 PM,172 root INFO Loss = tensor([22.9697])
03/05/2020 02:09:56 PM,47 root INFO Loss = tensor([24.2098])
03/05/2020 02:10:17 PM,657 root INFO Loss = tensor([24.2984])
03/05/2020 02:10:36 PM,359 root INFO Loss = tensor([23.5632])
03/05/2020 02:10:55 PM,513 root INFO Loss = tensor([28.8179])
03/05/2020 02:11:12 PM,887 root INFO Loss = tensor([30.9633])
03/05/2020 02:11:21 PM,882 root INFO Validation All-nodes accuracy:0.59(best:0.61)
03/05/2020 02:11:21 PM,883 root INFO Validation Root accuracy:0.79(best:0.82)
03/05/2020 02:11:21 PM,883 root INFO F1:[0.92, 0.53](best:0.97 , 0.64)
03/05/2020 02:11:53 PM,670 root INFO Training All-nodes accuracy:0.71(best:0.71)
03/05/2020 02:11:53 PM,671 root INFO Training Root accuracy:0.99(best:0.99)
03/05/2020 02:11:53 PM,671 root INFO Training F1:[0.99, 1.0](best:0.99 , 1.0)
03/05/2020 02:11:53 PM,675 root INFO Epoch: 32
03/05/2020 02:11:57 PM,857 root INFO Loss = tensor([23.4321])
03/05/2020 02:12:18 PM,522 root INFO Loss = tensor([26.6025])
03/05/2020 02:12:38 PM,701 root INFO Loss = tensor([25.2651])
03/05/2020 02:12:57 PM,239 root INFO Loss = tensor([25.1632])
03/05/2020 02:13:17 PM,885 root INFO Loss = tensor([23.2147])
03/05/2020 02:13:29 PM,884 root INFO Loss = tensor([26.3625])
03/05/2020 02:13:38 PM,472 root INFO Loss = tensor([21.4714])
03/05/2020 02:13:45 PM,784 root INFO Loss = tensor([26.5875])
03/05/2020 02:13:50 PM,77 root INFO Validation All-nodes accuracy:0.55(best:0.61)
03/05/2020 02:13:50 PM,77 root INFO Validation Root accuracy:0.69(best:0.82)
03/05/2020 02:13:50 PM,77 root INFO F1:[0.92, 0.38](best:0.97 , 0.64)
03/05/2020 02:14:05 PM,611 root INFO Training All-nodes accuracy:0.71(best:0.71)
03/05/2020 02:14:05 PM,613 root INFO Training Root accuracy:0.98(best:0.99)
03/05/2020 02:14:05 PM,613 root INFO Training F1:[1.0, 0.99](best:1.0 , 1.0)
03/05/2020 02:14:05 PM,615 root INFO Epoch: 33
03/05/2020 02:14:07 PM,667 root INFO Loss = tensor([24.1834])
03/05/2020 02:14:22 PM,68 root INFO Loss = tensor([21.6990])
03/05/2020 03:02:38 PM,637 root INFO Loss = tensor([27.9560])
03/05/2020 03:03:05 PM,339 root INFO Loss = tensor([31.0785])
03/05/2020 03:03:21 PM,715 root INFO Loss = tensor([23.3561])
03/05/2020 03:03:33 PM,27 root INFO Loss = tensor([24.8514])
03/05/2020 03:03:44 PM,274 root INFO Loss = tensor([26.1952])
03/05/2020 03:03:53 PM,792 root INFO Loss = tensor([25.0822])
03/05/2020 03:03:59 PM,342 root INFO Validation All-nodes accuracy:0.56(best:0.61)
03/05/2020 03:03:59 PM,343 root INFO Validation Root accuracy:0.82(best:0.82)
03/05/2020 03:03:59 PM,343 root INFO F1:[0.93, 0.62](best:0.97 , 0.64)
03/05/2020 03:04:16 PM,518 root INFO Training All-nodes accuracy:0.72(best:0.72)
03/05/2020 03:04:16 PM,519 root INFO Training Root accuracy:0.99(best:0.99)
03/05/2020 03:04:16 PM,519 root INFO Training F1:[0.99, 1.0](best:1.0 , 1.0)
03/05/2020 03:04:16 PM,521 root INFO Epoch: 34
03/05/2020 03:04:18 PM,716 root INFO Loss = tensor([22.1083])
03/05/2020 03:04:28 PM,19 root INFO Loss = tensor([21.3821])
03/05/2020 03:04:38 PM,408 root INFO Loss = tensor([21.9489])
03/05/2020 03:04:47 PM,479 root INFO Loss = tensor([22.9780])
03/05/2020 03:04:57 PM,59 root INFO Loss = tensor([24.8914])
03/05/2020 03:05:07 PM,430 root INFO Loss = tensor([21.9972])
03/05/2020 03:05:16 PM,709 root INFO Loss = tensor([23.0712])
03/05/2020 03:05:24 PM,655 root INFO Loss = tensor([23.9232])
03/05/2020 03:05:29 PM,253 root INFO Validation All-nodes accuracy:0.53(best:0.61)
03/05/2020 03:05:29 PM,254 root INFO Validation Root accuracy:0.78(best:0.82)
03/05/2020 03:05:29 PM,254 root INFO F1:[0.92, 0.5](best:0.97 , 0.64)
03/05/2020 03:05:43 PM,675 root INFO Training All-nodes accuracy:0.71(best:0.72)
03/05/2020 03:05:43 PM,675 root INFO Training Root accuracy:0.99(best:0.99)
03/05/2020 03:05:43 PM,675 root INFO Training F1:[1.0, 1.0](best:1.0 , 1.0)
03/05/2020 03:05:43 PM,677 root INFO Epoch: 35
03/05/2020 03:05:45 PM,969 root INFO Loss = tensor([23.9401])
03/05/2020 03:05:55 PM,763 root INFO Loss = tensor([22.6815])
03/05/2020 03:06:07 PM,844 root INFO Loss = tensor([22.5989])
03/05/2020 03:06:17 PM,867 root INFO Loss = tensor([23.4745])
03/05/2020 03:06:29 PM,20 root INFO Loss = tensor([24.0116])
03/05/2020 03:06:37 PM,679 root INFO Loss = tensor([22.3694])
03/05/2020 03:06:48 PM,60 root INFO Loss = tensor([22.3149])
03/05/2020 03:06:56 PM,38 root INFO Loss = tensor([21.3998])
03/05/2020 03:07:00 PM,715 root INFO Validation All-nodes accuracy:0.6(best:0.61)
03/05/2020 03:07:00 PM,715 root INFO Validation Root accuracy:0.75(best:0.82)
03/05/2020 03:07:00 PM,715 root INFO F1:[0.92, 0.43](best:0.97 , 0.64)
03/05/2020 03:07:17 PM,888 root INFO Training All-nodes accuracy:0.72(best:0.72)
03/05/2020 03:07:17 PM,888 root INFO Training Root accuracy:0.99(best:0.99)
03/05/2020 03:07:17 PM,889 root INFO Training F1:[1.0, 0.99](best:1.0 , 1.0)
03/05/2020 03:07:17 PM,890 root INFO Epoch: 36
03/05/2020 03:07:20 PM,176 root INFO Loss = tensor([23.9104])
03/05/2020 03:07:30 PM,792 root INFO Loss = tensor([22.6381])
03/05/2020 03:07:41 PM,860 root INFO Loss = tensor([22.6278])
03/05/2020 03:07:51 PM,53 root INFO Loss = tensor([22.6736])
03/05/2020 03:07:59 PM,931 root INFO Loss = tensor([22.1985])
03/05/2020 03:08:08 PM,665 root INFO Loss = tensor([21.5169])
03/05/2020 03:08:16 PM,725 root INFO Loss = tensor([20.9689])
03/05/2020 03:08:23 PM,584 root INFO Loss = tensor([19.8806])
03/05/2020 03:08:27 PM,284 root INFO Validation All-nodes accuracy:0.58(best:0.61)
03/05/2020 03:08:27 PM,285 root INFO Validation Root accuracy:0.78(best:0.82)
03/05/2020 03:08:27 PM,285 root INFO F1:[0.92, 0.5](best:0.97 , 0.64)
03/05/2020 03:08:40 PM,848 root INFO Training All-nodes accuracy:0.72(best:0.72)
03/05/2020 03:08:40 PM,848 root INFO Training Root accuracy:0.99(best:0.99)
03/05/2020 03:08:40 PM,849 root INFO Training F1:[1.0, 1.0](best:1.0 , 1.0)
03/05/2020 03:08:40 PM,850 root INFO Epoch: 37
03/05/2020 03:08:42 PM,658 root INFO Loss = tensor([21.8536])
03/05/2020 03:08:50 PM,846 root INFO Loss = tensor([21.5972])
03/05/2020 03:08:59 PM,540 root INFO Loss = tensor([20.9653])
03/05/2020 03:09:08 PM,289 root INFO Loss = tensor([25.5446])
03/05/2020 03:09:18 PM,753 root INFO Loss = tensor([24.0978])
03/05/2020 03:09:29 PM,391 root INFO Loss = tensor([23.0263])
03/05/2020 03:09:38 PM,480 root INFO Loss = tensor([24.2104])
03/05/2020 03:09:45 PM,864 root INFO Loss = tensor([21.3423])
03/05/2020 03:09:49 PM,638 root INFO Validation All-nodes accuracy:0.52(best:0.61)
03/05/2020 03:09:49 PM,638 root INFO Validation Root accuracy:0.77(best:0.82)
03/05/2020 03:09:49 PM,638 root INFO F1:[0.92, 0.48](best:0.97 , 0.64)
03/05/2020 03:10:04 PM,444 root INFO Training All-nodes accuracy:0.71(best:0.72)
03/05/2020 03:10:04 PM,444 root INFO Training Root accuracy:0.99(best:0.99)
03/05/2020 03:10:04 PM,445 root INFO Training F1:[1.0, 1.0](best:1.0 , 1.0)
03/05/2020 03:10:04 PM,446 root INFO Epoch: 38
03/05/2020 03:10:06 PM,300 root INFO Loss = tensor([22.1187])
03/05/2020 03:10:14 PM,956 root INFO Loss = tensor([25.7736])
03/05/2020 03:10:26 PM,84 root INFO Loss = tensor([24.9336])
03/05/2020 03:10:36 PM,62 root INFO Loss = tensor([20.8537])
03/05/2020 03:10:45 PM,80 root INFO Loss = tensor([22.1181])
03/05/2020 03:10:54 PM,69 root INFO Loss = tensor([22.8213])
03/05/2020 03:11:05 PM,820 root INFO Loss = tensor([20.6419])
03/05/2020 03:11:13 PM,516 root INFO Loss = tensor([24.0389])
03/05/2020 03:11:17 PM,352 root INFO Validation All-nodes accuracy:0.54(best:0.61)
03/05/2020 03:11:17 PM,352 root INFO Validation Root accuracy:0.77(best:0.82)
03/05/2020 03:11:17 PM,352 root INFO F1:[0.92, 0.48](best:0.97 , 0.64)
03/05/2020 03:11:30 PM,742 root INFO Training All-nodes accuracy:0.72(best:0.72)
03/05/2020 03:11:30 PM,742 root INFO Training Root accuracy:0.99(best:0.99)
03/05/2020 03:11:30 PM,742 root INFO Training F1:[1.0, 1.0](best:1.0 , 1.0)
03/05/2020 03:11:30 PM,744 root INFO Epoch: 39
03/05/2020 03:11:32 PM,559 root INFO Loss = tensor([21.6517])
03/05/2020 03:11:40 PM,854 root INFO Loss = tensor([22.1250])
03/05/2020 03:11:49 PM,393 root INFO Loss = tensor([22.2269])
03/05/2020 03:11:58 PM,112 root INFO Loss = tensor([23.2068])
03/05/2020 03:12:06 PM,902 root INFO Loss = tensor([21.3162])
03/05/2020 03:12:15 PM,727 root INFO Loss = tensor([21.3989])
03/05/2020 03:12:24 PM,535 root INFO Loss = tensor([22.8813])
03/05/2020 03:12:33 PM,198 root INFO Loss = tensor([22.4159])
03/05/2020 03:12:37 PM,55 root INFO Validation All-nodes accuracy:0.57(best:0.61)
03/05/2020 03:12:37 PM,55 root INFO Validation Root accuracy:0.74(best:0.82)
03/05/2020 03:12:37 PM,55 root INFO F1:[0.92, 0.42](best:0.97 , 0.64)
03/05/2020 03:12:50 PM,697 root INFO Training All-nodes accuracy:0.72(best:0.72)
03/05/2020 03:12:50 PM,697 root INFO Training Root accuracy:0.99(best:0.99)
03/05/2020 03:12:50 PM,697 root INFO Training F1:[1.0, 1.0](best:1.0 , 1.0)
03/05/2020 03:12:50 PM,698 root INFO Epoch: 40
03/05/2020 03:12:52 PM,490 root INFO Loss = tensor([22.3733])
03/05/2020 03:13:00 PM,873 root INFO Loss = tensor([24.4480])
03/05/2020 03:13:09 PM,299 root INFO Loss = tensor([21.7280])
03/05/2020 03:13:17 PM,408 root INFO Loss = tensor([21.5827])
03/05/2020 03:13:25 PM,659 root INFO Loss = tensor([21.3865])
03/05/2020 03:13:33 PM,870 root INFO Loss = tensor([25.3520])
03/05/2020 03:13:42 PM,576 root INFO Loss = tensor([22.9707])
03/05/2020 03:13:49 PM,634 root INFO Loss = tensor([22.3325])
03/05/2020 03:13:53 PM,355 root INFO Validation All-nodes accuracy:0.59(best:0.61)
03/05/2020 03:13:53 PM,356 root INFO Validation Root accuracy:0.8(best:0.82)
03/05/2020 03:13:53 PM,356 root INFO F1:[0.92, 0.5](best:0.97 , 0.64)
03/05/2020 03:14:07 PM,650 root INFO Training All-nodes accuracy:0.73(best:0.73)
03/05/2020 03:14:07 PM,651 root INFO Training Root accuracy:0.99(best:0.99)
03/05/2020 03:14:07 PM,651 root INFO Training F1:[0.99, 1.0](best:1.0 , 1.0)
03/05/2020 03:14:07 PM,652 root INFO Epoch: 41
03/05/2020 03:14:09 PM,844 root INFO Loss = tensor([22.2796])
03/05/2020 03:14:20 PM,65 root INFO Loss = tensor([22.4945])
03/05/2020 03:14:29 PM,766 root INFO Loss = tensor([21.1307])
03/05/2020 03:14:39 PM,249 root INFO Loss = tensor([22.2621])
03/05/2020 03:14:48 PM,301 root INFO Loss = tensor([23.7279])
03/05/2020 03:14:56 PM,414 root INFO Loss = tensor([22.9514])
03/05/2020 03:15:04 PM,803 root INFO Loss = tensor([21.8449])
03/05/2020 03:15:12 PM,142 root INFO Loss = tensor([25.4461])
03/05/2020 03:15:16 PM,25 root INFO Validation All-nodes accuracy:0.59(best:0.61)
03/05/2020 03:15:16 PM,25 root INFO Validation Root accuracy:0.74(best:0.82)
03/05/2020 03:15:16 PM,25 root INFO F1:[0.92, 0.44](best:0.97 , 0.64)
03/05/2020 03:15:29 PM,676 root INFO Training All-nodes accuracy:0.73(best:0.73)
03/05/2020 03:15:29 PM,678 root INFO Training Root accuracy:0.99(best:0.99)
03/05/2020 03:15:29 PM,678 root INFO Training F1:[0.99, 1.0](best:1.0 , 1.0)
03/05/2020 03:15:29 PM,679 root INFO Epoch: 42
03/05/2020 03:15:31 PM,617 root INFO Loss = tensor([22.4813])
03/05/2020 03:15:40 PM,712 root INFO Loss = tensor([20.7478])
03/05/2020 03:15:49 PM,273 root INFO Loss = tensor([20.8617])
03/05/2020 03:15:57 PM,713 root INFO Loss = tensor([21.7769])
03/05/2020 03:16:06 PM,99 root INFO Loss = tensor([22.4911])
03/05/2020 03:16:15 PM,564 root INFO Loss = tensor([22.0143])
03/05/2020 03:16:24 PM,73 root INFO Loss = tensor([24.4889])
03/05/2020 03:16:31 PM,35 root INFO Loss = tensor([27.7184])
03/05/2020 03:16:35 PM,78 root INFO Validation All-nodes accuracy:0.58(best:0.61)
03/05/2020 03:16:35 PM,79 root INFO Validation Root accuracy:0.74(best:0.82)
03/05/2020 03:16:35 PM,79 root INFO F1:[0.91, 0.38](best:0.97 , 0.64)
03/05/2020 03:16:55 PM,592 root INFO Training All-nodes accuracy:0.73(best:0.73)
03/05/2020 03:16:55 PM,594 root INFO Training Root accuracy:1.0(best:1.0)
03/05/2020 03:16:55 PM,594 root INFO Training F1:[1.0, 1.0](best:1.0 , 1.0)
03/05/2020 03:16:55 PM,596 root INFO Epoch: 43
03/05/2020 03:16:57 PM,590 root INFO Loss = tensor([21.3789])
03/05/2020 03:17:08 PM,649 root INFO Loss = tensor([36.4968])
03/05/2020 03:17:17 PM,113 root INFO Loss = tensor([43.3773])
03/05/2020 03:17:25 PM,469 root INFO Loss = tensor([39.1096])
03/05/2020 03:17:34 PM,764 root INFO Loss = tensor([23.8230])
03/05/2020 03:17:44 PM,576 root INFO Loss = tensor([27.5433])
03/05/2020 03:17:53 PM,836 root INFO Loss = tensor([40.6977])
03/05/2020 03:18:01 PM,289 root INFO Loss = tensor([34.8055])
03/05/2020 03:18:05 PM,6 root INFO Validation All-nodes accuracy:0.57(best:0.61)
03/05/2020 03:18:05 PM,6 root INFO Validation Root accuracy:0.76(best:0.82)
03/05/2020 03:18:05 PM,6 root INFO F1:[0.92, 0.45](best:0.97 , 0.64)
03/05/2020 03:18:18 PM,836 root INFO Training All-nodes accuracy:0.73(best:0.73)
03/05/2020 03:18:18 PM,836 root INFO Training Root accuracy:0.99(best:1.0)
03/05/2020 03:18:18 PM,836 root INFO Training F1:[0.99, 0.99](best:1.0 , 1.0)
03/05/2020 03:18:18 PM,838 root INFO Epoch: 44
03/05/2020 03:18:20 PM,532 root INFO Loss = tensor([21.7488])
03/05/2020 03:18:29 PM,992 root INFO Loss = tensor([30.7470])
03/05/2020 03:18:37 PM,792 root INFO Loss = tensor([37.8569])
03/05/2020 03:18:46 PM,205 root INFO Loss = tensor([33.9838])
03/05/2020 03:18:54 PM,957 root INFO Loss = tensor([22.0736])
03/05/2020 03:19:04 PM,132 root INFO Loss = tensor([22.4159])
03/05/2020 03:19:14 PM,270 root INFO Loss = tensor([20.6379])
03/05/2020 03:19:21 PM,700 root INFO Loss = tensor([20.8404])
03/05/2020 03:19:25 PM,398 root INFO Validation All-nodes accuracy:0.6(best:0.61)
03/05/2020 03:19:25 PM,399 root INFO Validation Root accuracy:0.8(best:0.82)
03/05/2020 03:19:25 PM,399 root INFO F1:[0.92, 0.53](best:0.97 , 0.64)
03/05/2020 03:19:40 PM,82 root INFO Training All-nodes accuracy:0.72(best:0.73)
03/05/2020 03:19:40 PM,83 root INFO Training Root accuracy:0.99(best:1.0)
03/05/2020 03:19:40 PM,83 root INFO Training F1:[0.99, 1.0](best:1.0 , 1.0)
03/05/2020 03:19:40 PM,85 root INFO Epoch: 45
03/05/2020 03:19:42 PM,633 root INFO Loss = tensor([22.1519])
03/05/2020 03:19:51 PM,869 root INFO Loss = tensor([20.7695])
03/05/2020 03:20:01 PM,616 root INFO Loss = tensor([21.5501])
03/05/2020 03:20:10 PM,982 root INFO Loss = tensor([21.2000])
03/05/2020 03:20:20 PM,23 root INFO Loss = tensor([23.0038])
03/05/2020 03:20:28 PM,413 root INFO Loss = tensor([21.4199])
03/05/2020 03:20:36 PM,638 root INFO Loss = tensor([25.2185])
03/05/2020 03:20:44 PM,145 root INFO Loss = tensor([20.9447])
03/05/2020 03:20:47 PM,946 root INFO Validation All-nodes accuracy:0.59(best:0.61)
03/05/2020 03:20:47 PM,946 root INFO Validation Root accuracy:0.76(best:0.82)
03/05/2020 03:20:47 PM,947 root INFO F1:[0.92, 0.45](best:0.97 , 0.64)
03/05/2020 03:21:01 PM,40 root INFO Training All-nodes accuracy:0.73(best:0.73)
03/05/2020 03:21:01 PM,41 root INFO Training Root accuracy:0.99(best:1.0)
03/05/2020 03:21:01 PM,41 root INFO Training F1:[1.0, 1.0](best:1.0 , 1.0)
03/05/2020 03:21:01 PM,42 root INFO Epoch: 46
03/05/2020 03:21:02 PM,814 root INFO Loss = tensor([21.3652])
03/05/2020 03:21:11 PM,267 root INFO Loss = tensor([21.8217])
03/05/2020 03:21:20 PM,2 root INFO Loss = tensor([22.9128])
03/05/2020 03:21:28 PM,288 root INFO Loss = tensor([21.5180])
03/05/2020 03:21:36 PM,762 root INFO Loss = tensor([22.4214])
03/05/2020 03:21:46 PM,408 root INFO Loss = tensor([22.6150])
03/05/2020 03:22:02 PM,153 root INFO Loss = tensor([21.0158])
03/05/2020 03:22:10 PM,194 root INFO Loss = tensor([23.8149])
03/05/2020 03:22:14 PM,603 root INFO Validation All-nodes accuracy:0.6(best:0.61)
03/05/2020 03:22:14 PM,604 root INFO Validation Root accuracy:0.81(best:0.82)
03/05/2020 03:22:14 PM,604 root INFO F1:[0.92, 0.57](best:0.97 , 0.64)
03/05/2020 03:22:32 PM,747 root INFO Training All-nodes accuracy:0.73(best:0.73)
03/05/2020 03:22:32 PM,749 root INFO Training Root accuracy:0.99(best:1.0)
03/05/2020 03:22:32 PM,749 root INFO Training F1:[0.99, 1.0](best:1.0 , 1.0)
03/05/2020 03:22:32 PM,751 root INFO Epoch: 47
03/05/2020 03:22:34 PM,951 root INFO Loss = tensor([21.4404])
03/05/2020 03:22:48 PM,66 root INFO Loss = tensor([22.9194])
03/05/2020 03:23:20 PM,841 root INFO Loss = tensor([21.9939])
03/05/2020 03:23:42 PM,599 root INFO Loss = tensor([21.9746])
03/05/2020 03:23:53 PM,76 root INFO Loss = tensor([23.8004])
03/05/2020 03:24:03 PM,292 root INFO Loss = tensor([23.3393])
03/05/2020 03:24:13 PM,899 root INFO Loss = tensor([20.8998])
03/05/2020 03:24:22 PM,396 root INFO Loss = tensor([21.3601])
03/05/2020 03:24:27 PM,14 root INFO Validation All-nodes accuracy:0.52(best:0.61)
03/05/2020 03:24:27 PM,15 root INFO Validation Root accuracy:0.77(best:0.82)
03/05/2020 03:24:27 PM,15 root INFO F1:[0.92, 0.48](best:0.97 , 0.64)
03/05/2020 03:24:47 PM,437 root INFO Training All-nodes accuracy:0.72(best:0.73)
03/05/2020 03:24:47 PM,438 root INFO Training Root accuracy:1.0(best:1.0)
03/05/2020 03:24:47 PM,438 root INFO Training F1:[1.0, 1.0](best:1.0 , 1.0)
03/05/2020 03:24:47 PM,439 root INFO Epoch: 48
03/05/2020 03:24:50 PM,53 root INFO Loss = tensor([20.4461])
03/05/2020 03:25:01 PM,98 root INFO Loss = tensor([21.5443])
03/05/2020 03:25:19 PM,296 root INFO Loss = tensor([24.3058])
03/05/2020 03:25:46 PM,444 root INFO Loss = tensor([22.1889])
03/05/2020 03:26:11 PM,671 root INFO Loss = tensor([24.1989])
03/05/2020 03:26:41 PM,642 root INFO Loss = tensor([24.1073])
03/05/2020 03:26:53 PM,69 root INFO Loss = tensor([22.6267])
03/05/2020 03:27:06 PM,163 root INFO Loss = tensor([22.9466])
03/05/2020 03:27:11 PM,680 root INFO Validation All-nodes accuracy:0.61(best:0.61)
03/05/2020 03:27:11 PM,680 root INFO Validation Root accuracy:0.81(best:0.82)
03/05/2020 03:27:11 PM,680 root INFO F1:[0.93, 0.59](best:0.97 , 0.64)
03/05/2020 03:27:31 PM,199 root INFO Training All-nodes accuracy:0.72(best:0.73)
03/05/2020 03:27:31 PM,200 root INFO Training Root accuracy:0.99(best:1.0)
03/05/2020 03:27:31 PM,200 root INFO Training F1:[0.99, 1.0](best:1.0 , 1.0)
03/05/2020 03:27:31 PM,201 root INFO Epoch: 49
03/05/2020 03:27:33 PM,35 root INFO Loss = tensor([21.7835])
03/05/2020 03:27:41 PM,765 root INFO Loss = tensor([22.2227])
03/05/2020 03:27:51 PM,334 root INFO Loss = tensor([21.9272])
03/05/2020 03:28:00 PM,35 root INFO Loss = tensor([22.1270])
03/05/2020 03:28:09 PM,399 root INFO Loss = tensor([22.7525])
03/05/2020 03:28:18 PM,100 root INFO Loss = tensor([23.5296])
03/05/2020 03:28:27 PM,111 root INFO Loss = tensor([22.5760])
03/05/2020 03:28:35 PM,490 root INFO Loss = tensor([24.9035])
03/05/2020 03:28:39 PM,927 root INFO Validation All-nodes accuracy:0.57(best:0.61)
03/05/2020 03:28:39 PM,929 root INFO Validation Root accuracy:0.73(best:0.82)
03/05/2020 03:28:39 PM,929 root INFO F1:[0.92, 0.43](best:0.97 , 0.64)
03/05/2020 03:28:54 PM,785 root INFO Training All-nodes accuracy:0.73(best:0.73)
03/05/2020 03:28:54 PM,786 root INFO Training Root accuracy:0.99(best:1.0)
03/05/2020 03:28:54 PM,786 root INFO Training F1:[1.0, 0.99](best:1.0 , 1.0)
