03/18/2020 02:07:29 AM,955 gensim.models.utils_any2vec INFO loading projection weights from /Users/navreetkaur/MTP/finetune-word2vec/w2v-models/GoogleNews-vectors-negative300.bin
03/18/2020 02:08:45 AM,768 gensim.models.utils_any2vec INFO loaded (3000000, 300) matrix from /Users/navreetkaur/MTP/finetune-word2vec/w2v-models/GoogleNews-vectors-negative300.bin
03/18/2020 02:08:46 AM,646 root INFO Start logging
03/18/2020 02:08:46 AM,678 root INFO Epoch: 0
03/18/2020 02:08:48 AM,625 root INFO Loss = tensor([31.6041])
03/18/2020 02:08:56 AM,857 root INFO Loss = tensor([30.2012])
03/18/2020 02:09:04 AM,899 root INFO Loss = tensor([32.2923])
03/18/2020 02:09:13 AM,426 root INFO Loss = tensor([31.8461])
03/18/2020 02:09:21 AM,936 root INFO Loss = tensor([31.1860])
03/18/2020 02:09:30 AM,335 root INFO Loss = tensor([32.0806])
03/18/2020 02:09:38 AM,746 root INFO Loss = tensor([30.2465])
03/18/2020 02:09:45 AM,683 root INFO Loss = tensor([30.2896])
03/18/2020 02:09:49 AM,564 root INFO Validation All-nodes accuracy:0.32(best:0.32)
03/18/2020 02:09:49 AM,564 root INFO Validation Root accuracy:0.18(best:0.18)
03/18/2020 02:09:49 AM,564 root INFO F1:[0.99, 0.3](best:0.99 , 0.3)
03/18/2020 02:10:02 AM,944 root INFO Training All-nodes accuracy:0.5(best:0.5)
03/18/2020 02:10:02 AM,944 root INFO Training Root accuracy:0.5(best:0.5)
03/18/2020 02:10:02 AM,945 root INFO Training F1:[1.0, 0.67](best:1.0 , 0.67)
03/18/2020 02:10:02 AM,947 root INFO Epoch: 1
03/18/2020 02:10:04 AM,640 root INFO Loss = tensor([30.6685])
03/18/2020 02:10:13 AM,6 root INFO Loss = tensor([32.5266])
03/18/2020 02:10:21 AM,568 root INFO Loss = tensor([31.3230])
03/18/2020 02:10:29 AM,984 root INFO Loss = tensor([32.6168])
03/18/2020 02:10:38 AM,672 root INFO Loss = tensor([31.8675])
03/18/2020 02:10:47 AM,178 root INFO Loss = tensor([31.3301])
03/18/2020 02:10:55 AM,452 root INFO Loss = tensor([30.0659])
03/18/2020 02:11:02 AM,493 root INFO Loss = tensor([29.5484])
03/18/2020 02:11:06 AM,312 root INFO Validation All-nodes accuracy:0.29(best:0.32)
03/18/2020 02:11:06 AM,312 root INFO Validation Root accuracy:0.32(best:0.32)
03/18/2020 02:11:06 AM,312 root INFO F1:[0.92, 0.3](best:0.99 , 0.3)
03/18/2020 02:11:19 AM,724 root INFO Training All-nodes accuracy:0.53(best:0.53)
03/18/2020 02:11:19 AM,724 root INFO Training Root accuracy:0.56(best:0.56)
03/18/2020 02:11:19 AM,724 root INFO Training F1:[0.8, 0.7](best:1.0 , 0.7)
03/18/2020 02:11:19 AM,727 root INFO Epoch: 2
03/18/2020 02:11:21 AM,643 root INFO Loss = tensor([33.9087])
03/18/2020 02:11:30 AM,540 root INFO Loss = tensor([30.6322])
03/18/2020 02:11:38 AM,653 root INFO Loss = tensor([30.9215])
03/18/2020 02:11:47 AM,410 root INFO Loss = tensor([30.4747])
03/18/2020 02:11:55 AM,620 root INFO Loss = tensor([31.3443])
03/18/2020 02:12:04 AM,48 root INFO Loss = tensor([32.0080])
03/18/2020 02:12:12 AM,661 root INFO Loss = tensor([30.6642])
03/18/2020 02:12:19 AM,836 root INFO Loss = tensor([31.2611])
03/18/2020 02:12:23 AM,828 root INFO Validation All-nodes accuracy:0.69(best:0.69)
03/18/2020 02:12:23 AM,828 root INFO Validation Root accuracy:0.79(best:0.79)
03/18/2020 02:12:23 AM,829 root INFO F1:[0.91, 0.46](best:0.99 , 0.46)
03/18/2020 02:12:37 AM,161 root INFO Training All-nodes accuracy:0.54(best:0.54)
03/18/2020 02:12:37 AM,161 root INFO Training Root accuracy:0.54(best:0.56)
03/18/2020 02:12:37 AM,162 root INFO Training F1:[0.69, 0.75](best:1.0 , 0.75)
03/18/2020 02:12:37 AM,164 root INFO Epoch: 3
03/18/2020 02:12:38 AM,999 root INFO Loss = tensor([32.4921])
03/18/2020 02:12:47 AM,906 root INFO Loss = tensor([31.0731])
03/18/2020 02:12:56 AM,387 root INFO Loss = tensor([30.7671])
03/18/2020 02:13:04 AM,890 root INFO Loss = tensor([32.0721])
03/18/2020 02:13:13 AM,617 root INFO Loss = tensor([30.1633])
03/18/2020 02:13:22 AM,6 root INFO Loss = tensor([31.0407])
03/18/2020 02:13:30 AM,554 root INFO Loss = tensor([30.3128])
03/18/2020 02:13:37 AM,841 root INFO Loss = tensor([31.4849])
03/18/2020 02:13:41 AM,849 root INFO Validation All-nodes accuracy:0.55(best:0.69)
03/18/2020 02:13:41 AM,849 root INFO Validation Root accuracy:0.68(best:0.79)
03/18/2020 02:13:41 AM,849 root INFO F1:[0.93, 0.41](best:0.99 , 0.46)
03/18/2020 02:13:55 AM,0 root INFO Training All-nodes accuracy:0.58(best:0.58)
03/18/2020 02:13:55 AM,0 root INFO Training Root accuracy:0.61(best:0.61)
03/18/2020 02:13:55 AM,0 root INFO Training F1:[0.76, 0.76](best:1.0 , 0.76)
03/18/2020 02:13:55 AM,2 root INFO Epoch: 4
03/18/2020 02:13:56 AM,727 root INFO Loss = tensor([30.6020])
03/18/2020 02:14:05 AM,429 root INFO Loss = tensor([31.6284])
03/18/2020 02:14:14 AM,277 root INFO Loss = tensor([30.5145])
03/18/2020 02:14:22 AM,790 root INFO Loss = tensor([30.4828])
03/18/2020 02:14:31 AM,356 root INFO Loss = tensor([31.5839])
03/18/2020 02:14:40 AM,159 root INFO Loss = tensor([32.9490])
03/18/2020 02:14:49 AM,272 root INFO Loss = tensor([29.1467])
03/18/2020 02:14:56 AM,499 root INFO Loss = tensor([32.2798])
03/18/2020 02:15:00 AM,582 root INFO Validation All-nodes accuracy:0.62(best:0.69)
03/18/2020 02:15:00 AM,582 root INFO Validation Root accuracy:0.71(best:0.79)
03/18/2020 02:15:00 AM,582 root INFO F1:[0.92, 0.4](best:0.99 , 0.46)
03/18/2020 02:15:13 AM,896 root INFO Training All-nodes accuracy:0.6(best:0.6)
03/18/2020 02:15:13 AM,896 root INFO Training Root accuracy:0.72(best:0.72)
03/18/2020 02:15:13 AM,896 root INFO Training F1:[0.82, 0.87](best:1.0 , 0.87)
03/18/2020 02:15:13 AM,898 root INFO Epoch: 5
03/18/2020 02:15:15 AM,629 root INFO Loss = tensor([30.3203])
03/18/2020 02:15:24 AM,480 root INFO Loss = tensor([29.1827])
03/18/2020 02:15:32 AM,915 root INFO Loss = tensor([30.6904])
03/18/2020 02:15:41 AM,779 root INFO Loss = tensor([29.8861])
03/18/2020 02:15:50 AM,286 root INFO Loss = tensor([31.1437])
03/18/2020 02:15:59 AM,209 root INFO Loss = tensor([32.0893])
03/18/2020 02:16:08 AM,18 root INFO Loss = tensor([31.0189])
03/18/2020 02:16:15 AM,444 root INFO Loss = tensor([31.7506])
03/18/2020 02:16:19 AM,632 root INFO Validation All-nodes accuracy:0.39(best:0.69)
03/18/2020 02:16:19 AM,632 root INFO Validation Root accuracy:0.58(best:0.79)
03/18/2020 02:16:19 AM,633 root INFO F1:[0.94, 0.38](best:0.99 , 0.46)
03/18/2020 02:16:33 AM,49 root INFO Training All-nodes accuracy:0.59(best:0.6)
03/18/2020 02:16:33 AM,49 root INFO Training Root accuracy:0.72(best:0.72)
03/18/2020 02:16:33 AM,49 root INFO Training F1:[0.89, 0.8](best:1.0 , 0.87)
03/18/2020 02:16:33 AM,51 root INFO Epoch: 6
03/18/2020 02:16:34 AM,975 root INFO Loss = tensor([32.4141])
03/18/2020 02:16:44 AM,663 root INFO Loss = tensor([30.3725])
03/18/2020 02:16:53 AM,766 root INFO Loss = tensor([30.8135])
03/18/2020 02:17:02 AM,522 root INFO Loss = tensor([30.7602])
03/18/2020 02:17:11 AM,178 root INFO Loss = tensor([28.0487])
03/18/2020 02:17:19 AM,724 root INFO Loss = tensor([29.5689])
03/18/2020 02:17:28 AM,249 root INFO Loss = tensor([30.6217])
03/18/2020 02:17:35 AM,840 root INFO Loss = tensor([30.4589])
03/18/2020 02:17:39 AM,757 root INFO Validation All-nodes accuracy:0.57(best:0.69)
03/18/2020 02:17:39 AM,757 root INFO Validation Root accuracy:0.74(best:0.79)
03/18/2020 02:17:39 AM,758 root INFO F1:[0.95, 0.51](best:0.99 , 0.51)
03/18/2020 02:17:53 AM,586 root INFO Training All-nodes accuracy:0.62(best:0.62)
03/18/2020 02:17:53 AM,586 root INFO Training Root accuracy:0.76(best:0.76)
03/18/2020 02:17:53 AM,586 root INFO Training F1:[0.87, 0.86](best:1.0 , 0.87)
03/18/2020 02:17:53 AM,588 root INFO Epoch: 7
03/18/2020 02:17:55 AM,457 root INFO Loss = tensor([30.2659])
03/18/2020 02:18:04 AM,722 root INFO Loss = tensor([32.9701])
03/18/2020 02:18:13 AM,702 root INFO Loss = tensor([31.0389])
03/18/2020 02:18:22 AM,430 root INFO Loss = tensor([30.2210])
03/18/2020 02:18:31 AM,167 root INFO Loss = tensor([29.4676])
03/18/2020 02:18:40 AM,74 root INFO Loss = tensor([32.4601])
03/18/2020 02:18:48 AM,780 root INFO Loss = tensor([31.5739])
03/18/2020 02:18:56 AM,553 root INFO Loss = tensor([31.6181])
03/18/2020 02:19:00 AM,603 root INFO Validation All-nodes accuracy:0.46(best:0.69)
03/18/2020 02:19:00 AM,603 root INFO Validation Root accuracy:0.39(best:0.79)
03/18/2020 02:19:00 AM,603 root INFO F1:[0.93, 0.32](best:0.99 , 0.51)
03/18/2020 02:19:14 AM,395 root INFO Training All-nodes accuracy:0.59(best:0.62)
03/18/2020 02:19:14 AM,396 root INFO Training Root accuracy:0.65(best:0.76)
03/18/2020 02:19:14 AM,396 root INFO Training F1:[0.99, 0.74](best:1.0 , 0.87)
03/18/2020 02:19:14 AM,397 root INFO Epoch: 8
03/18/2020 02:19:16 AM,142 root INFO Loss = tensor([28.5534])
03/18/2020 02:19:25 AM,256 root INFO Loss = tensor([31.1327])
03/18/2020 02:19:34 AM,579 root INFO Loss = tensor([28.5903])
03/18/2020 02:19:43 AM,127 root INFO Loss = tensor([27.6293])
03/18/2020 02:19:51 AM,554 root INFO Loss = tensor([30.3493])
03/18/2020 02:20:00 AM,641 root INFO Loss = tensor([29.0902])
03/18/2020 02:20:09 AM,292 root INFO Loss = tensor([29.4067])
03/18/2020 02:20:17 AM,45 root INFO Loss = tensor([31.0601])
03/18/2020 02:20:21 AM,296 root INFO Validation All-nodes accuracy:0.74(best:0.74)
03/18/2020 02:20:21 AM,296 root INFO Validation Root accuracy:0.79(best:0.79)
03/18/2020 02:20:21 AM,296 root INFO F1:[0.91, 0.46](best:0.99 , 0.51)
03/18/2020 02:20:34 AM,884 root INFO Training All-nodes accuracy:0.61(best:0.62)
03/18/2020 02:20:34 AM,884 root INFO Training Root accuracy:0.79(best:0.79)
03/18/2020 02:20:34 AM,884 root INFO Training F1:[0.86, 0.9](best:1.0 , 0.9)
03/18/2020 02:20:34 AM,886 root INFO Epoch: 9
03/18/2020 02:20:36 AM,747 root INFO Loss = tensor([29.5715])
03/18/2020 02:20:46 AM,104 root INFO Loss = tensor([31.0612])
03/18/2020 02:20:55 AM,333 root INFO Loss = tensor([27.2023])
03/18/2020 02:21:03 AM,829 root INFO Loss = tensor([28.4443])
03/18/2020 02:21:12 AM,835 root INFO Loss = tensor([29.0353])
03/18/2020 02:21:21 AM,839 root INFO Loss = tensor([28.3820])
03/18/2020 02:21:30 AM,987 root INFO Loss = tensor([28.1358])
03/18/2020 02:21:38 AM,484 root INFO Loss = tensor([28.2489])
03/18/2020 02:21:42 AM,677 root INFO Validation All-nodes accuracy:0.55(best:0.74)
03/18/2020 02:21:42 AM,677 root INFO Validation Root accuracy:0.8(best:0.8)
03/18/2020 02:21:42 AM,677 root INFO F1:[0.92, 0.53](best:0.99 , 0.53)
03/18/2020 02:21:56 AM,281 root INFO Training All-nodes accuracy:0.64(best:0.64)
03/18/2020 02:21:56 AM,281 root INFO Training Root accuracy:0.84(best:0.84)
03/18/2020 02:21:56 AM,281 root INFO Training F1:[0.91, 0.91](best:1.0 , 0.91)
03/18/2020 02:21:56 AM,283 root INFO Epoch: 10
03/18/2020 02:21:58 AM,69 root INFO Loss = tensor([27.8445])
03/18/2020 02:22:07 AM,297 root INFO Loss = tensor([29.4308])
03/18/2020 02:22:16 AM,436 root INFO Loss = tensor([29.5615])
03/18/2020 02:22:25 AM,450 root INFO Loss = tensor([27.4809])
03/18/2020 02:22:34 AM,272 root INFO Loss = tensor([29.3047])
03/18/2020 02:22:43 AM,128 root INFO Loss = tensor([31.0238])
03/18/2020 02:22:52 AM,377 root INFO Loss = tensor([27.8411])
03/18/2020 02:22:59 AM,893 root INFO Loss = tensor([32.7059])
03/18/2020 02:23:04 AM,123 root INFO Validation All-nodes accuracy:0.59(best:0.74)
03/18/2020 02:23:04 AM,123 root INFO Validation Root accuracy:0.83(best:0.83)
03/18/2020 02:23:04 AM,123 root INFO F1:[0.92, 0.67](best:0.99 , 0.67)
03/18/2020 02:23:17 AM,722 root INFO Training All-nodes accuracy:0.65(best:0.65)
03/18/2020 02:23:17 AM,722 root INFO Training Root accuracy:0.85(best:0.85)
03/18/2020 02:23:17 AM,722 root INFO Training F1:[0.89, 0.95](best:1.0 , 0.95)
03/18/2020 02:23:17 AM,724 root INFO Epoch: 11
03/18/2020 02:23:19 AM,469 root INFO Loss = tensor([26.0391])
03/18/2020 02:23:28 AM,439 root INFO Loss = tensor([27.0904])
03/18/2020 02:23:37 AM,389 root INFO Loss = tensor([28.5371])
03/18/2020 02:23:46 AM,789 root INFO Loss = tensor([27.9838])
03/18/2020 02:23:55 AM,941 root INFO Loss = tensor([27.4865])
03/18/2020 02:24:05 AM,45 root INFO Loss = tensor([28.2846])
03/18/2020 02:24:14 AM,147 root INFO Loss = tensor([26.8161])
03/18/2020 02:24:21 AM,721 root INFO Loss = tensor([25.3268])
03/18/2020 02:24:25 AM,703 root INFO Validation All-nodes accuracy:0.6(best:0.74)
03/18/2020 02:24:25 AM,704 root INFO Validation Root accuracy:0.78(best:0.83)
03/18/2020 02:24:25 AM,704 root INFO F1:[0.92, 0.47](best:0.99 , 0.67)
03/18/2020 02:24:39 AM,448 root INFO Training All-nodes accuracy:0.66(best:0.66)
03/18/2020 02:24:39 AM,449 root INFO Training Root accuracy:0.86(best:0.86)
03/18/2020 02:24:39 AM,449 root INFO Training F1:[0.92, 0.93](best:1.0 , 0.95)
03/18/2020 02:24:39 AM,451 root INFO Epoch: 12
03/18/2020 02:24:41 AM,312 root INFO Loss = tensor([26.9867])
03/18/2020 02:24:50 AM,654 root INFO Loss = tensor([26.3537])
03/18/2020 02:25:00 AM,168 root INFO Loss = tensor([28.8475])
03/18/2020 02:25:09 AM,816 root INFO Loss = tensor([26.6901])
03/18/2020 02:25:19 AM,84 root INFO Loss = tensor([27.5923])
03/18/2020 02:25:28 AM,50 root INFO Loss = tensor([27.2887])
03/18/2020 02:25:37 AM,12 root INFO Loss = tensor([29.6750])
03/18/2020 02:25:44 AM,833 root INFO Loss = tensor([27.0825])
03/18/2020 02:25:48 AM,959 root INFO Validation All-nodes accuracy:0.56(best:0.74)
03/18/2020 02:25:48 AM,960 root INFO Validation Root accuracy:0.83(best:0.83)
03/18/2020 02:25:48 AM,960 root INFO F1:[0.91, 0.66](best:0.99 , 0.67)
03/18/2020 02:26:02 AM,846 root INFO Training All-nodes accuracy:0.66(best:0.66)
03/18/2020 02:26:02 AM,847 root INFO Training Root accuracy:0.88(best:0.88)
03/18/2020 02:26:02 AM,847 root INFO Training F1:[0.91, 0.98](best:1.0 , 0.98)
03/18/2020 02:26:02 AM,849 root INFO Epoch: 13
03/18/2020 02:26:04 AM,643 root INFO Loss = tensor([26.3456])
03/18/2020 02:26:13 AM,850 root INFO Loss = tensor([29.3461])
03/18/2020 02:26:22 AM,828 root INFO Loss = tensor([32.8718])
03/18/2020 02:26:31 AM,955 root INFO Loss = tensor([30.2659])
03/18/2020 02:26:41 AM,250 root INFO Loss = tensor([27.4357])
03/18/2020 02:26:50 AM,524 root INFO Loss = tensor([27.0158])
03/18/2020 02:26:59 AM,374 root INFO Loss = tensor([25.4889])
03/18/2020 02:27:07 AM,102 root INFO Loss = tensor([31.8871])
03/18/2020 02:27:11 AM,526 root INFO Validation All-nodes accuracy:0.49(best:0.74)
03/18/2020 02:27:11 AM,526 root INFO Validation Root accuracy:0.64(best:0.83)
03/18/2020 02:27:11 AM,527 root INFO F1:[0.93, 0.39](best:0.99 , 0.67)
03/18/2020 02:27:25 AM,540 root INFO Training All-nodes accuracy:0.64(best:0.66)
03/18/2020 02:27:25 AM,540 root INFO Training Root accuracy:0.8(best:0.88)
03/18/2020 02:27:25 AM,540 root INFO Training F1:[0.95, 0.85](best:1.0 , 0.98)
03/18/2020 02:27:25 AM,542 root INFO Epoch: 14
03/18/2020 02:27:27 AM,371 root INFO Loss = tensor([28.9064])
03/18/2020 02:27:36 AM,795 root INFO Loss = tensor([32.0712])
03/18/2020 02:27:46 AM,620 root INFO Loss = tensor([29.8855])
03/18/2020 02:27:56 AM,50 root INFO Loss = tensor([26.1008])
03/18/2020 02:28:04 AM,945 root INFO Loss = tensor([29.6890])
03/18/2020 02:28:13 AM,817 root INFO Loss = tensor([31.7446])
03/18/2020 02:28:23 AM,15 root INFO Loss = tensor([34.4739])
03/18/2020 02:28:31 AM,217 root INFO Loss = tensor([27.9500])
03/18/2020 02:28:35 AM,482 root INFO Validation All-nodes accuracy:0.6(best:0.74)
03/18/2020 02:28:35 AM,482 root INFO Validation Root accuracy:0.8(best:0.83)
03/18/2020 02:28:35 AM,483 root INFO F1:[0.92, 0.53](best:0.99 , 0.67)
03/18/2020 02:28:49 AM,518 root INFO Training All-nodes accuracy:0.67(best:0.67)
03/18/2020 02:28:49 AM,519 root INFO Training Root accuracy:0.9(best:0.9)
03/18/2020 02:28:49 AM,519 root INFO Training F1:[0.94, 0.96](best:1.0 , 0.98)
03/18/2020 02:28:49 AM,521 root INFO Epoch: 15
03/18/2020 02:28:51 AM,459 root INFO Loss = tensor([26.4091])
03/18/2020 02:29:01 AM,12 root INFO Loss = tensor([28.2689])
03/18/2020 02:29:10 AM,270 root INFO Loss = tensor([28.6765])
03/18/2020 02:29:19 AM,409 root INFO Loss = tensor([26.3144])
03/18/2020 02:29:28 AM,523 root INFO Loss = tensor([28.7964])
03/18/2020 02:29:37 AM,727 root INFO Loss = tensor([26.3151])
03/18/2020 02:29:47 AM,71 root INFO Loss = tensor([28.2057])
03/18/2020 02:29:55 AM,215 root INFO Loss = tensor([31.9484])
03/18/2020 02:29:59 AM,911 root INFO Validation All-nodes accuracy:0.57(best:0.74)
03/18/2020 02:29:59 AM,911 root INFO Validation Root accuracy:0.75(best:0.83)
03/18/2020 02:29:59 AM,912 root INFO F1:[0.93, 0.46](best:0.99 , 0.67)
03/18/2020 02:30:14 AM,87 root INFO Training All-nodes accuracy:0.67(best:0.67)
03/18/2020 02:30:14 AM,87 root INFO Training Root accuracy:0.86(best:0.9)
03/18/2020 02:30:14 AM,88 root INFO Training F1:[0.94, 0.91](best:1.0 , 0.98)
03/18/2020 02:30:14 AM,90 root INFO Epoch: 16
03/18/2020 02:30:16 AM,30 root INFO Loss = tensor([27.5370])
03/18/2020 02:30:25 AM,661 root INFO Loss = tensor([26.4885])
03/18/2020 02:30:34 AM,701 root INFO Loss = tensor([29.9612])
03/18/2020 02:30:44 AM,152 root INFO Loss = tensor([27.9479])
03/18/2020 02:30:53 AM,335 root INFO Loss = tensor([29.3708])
03/18/2020 02:31:02 AM,659 root INFO Loss = tensor([29.0113])
03/18/2020 02:31:11 AM,990 root INFO Loss = tensor([27.5652])
03/18/2020 02:31:20 AM,25 root INFO Loss = tensor([26.9864])
03/18/2020 02:31:24 AM,392 root INFO Validation All-nodes accuracy:0.62(best:0.74)
03/18/2020 02:31:24 AM,392 root INFO Validation Root accuracy:0.83(best:0.83)
03/18/2020 02:31:24 AM,392 root INFO F1:[0.93, 0.67](best:0.99 , 0.67)
03/18/2020 02:31:38 AM,556 root INFO Training All-nodes accuracy:0.67(best:0.67)
03/18/2020 02:31:38 AM,556 root INFO Training Root accuracy:0.88(best:0.9)
03/18/2020 02:31:38 AM,556 root INFO Training F1:[0.92, 0.96](best:1.0 , 0.98)
03/18/2020 02:31:38 AM,558 root INFO Epoch: 17
03/18/2020 02:31:40 AM,434 root INFO Loss = tensor([26.0724])
03/18/2020 02:31:49 AM,827 root INFO Loss = tensor([28.1088])
03/18/2020 02:31:59 AM,811 root INFO Loss = tensor([26.1344])
03/18/2020 02:32:09 AM,231 root INFO Loss = tensor([23.6213])
03/18/2020 02:32:18 AM,82 root INFO Loss = tensor([25.7843])
03/18/2020 02:32:27 AM,581 root INFO Loss = tensor([26.5729])
03/18/2020 02:32:37 AM,118 root INFO Loss = tensor([25.3115])
03/18/2020 02:32:45 AM,282 root INFO Loss = tensor([25.7514])
03/18/2020 02:32:49 AM,709 root INFO Validation All-nodes accuracy:0.59(best:0.74)
03/18/2020 02:32:49 AM,709 root INFO Validation Root accuracy:0.82(best:0.83)
03/18/2020 02:32:49 AM,709 root INFO F1:[0.93, 0.63](best:0.99 , 0.67)
03/18/2020 02:33:03 AM,880 root INFO Training All-nodes accuracy:0.68(best:0.68)
03/18/2020 02:33:03 AM,880 root INFO Training Root accuracy:0.92(best:0.92)
03/18/2020 02:33:03 AM,881 root INFO Training F1:[0.96, 0.96](best:1.0 , 0.98)
03/18/2020 02:33:03 AM,882 root INFO Epoch: 18
03/18/2020 02:33:05 AM,656 root INFO Loss = tensor([24.2474])
03/18/2020 02:33:14 AM,953 root INFO Loss = tensor([25.7094])
03/18/2020 02:33:24 AM,575 root INFO Loss = tensor([25.8830])
03/18/2020 02:33:34 AM,31 root INFO Loss = tensor([26.1900])
03/18/2020 02:33:43 AM,691 root INFO Loss = tensor([27.0469])
03/18/2020 02:33:53 AM,479 root INFO Loss = tensor([26.5393])
03/18/2020 02:34:03 AM,287 root INFO Loss = tensor([26.0087])
03/18/2020 02:34:11 AM,972 root INFO Loss = tensor([29.4188])
03/18/2020 02:34:16 AM,863 root INFO Validation All-nodes accuracy:0.58(best:0.74)
03/18/2020 02:34:16 AM,863 root INFO Validation Root accuracy:0.86(best:0.86)
03/18/2020 02:34:16 AM,863 root INFO F1:[0.93, 0.89](best:0.99 , 0.89)
03/18/2020 02:34:31 AM,252 root INFO Training All-nodes accuracy:0.69(best:0.69)
03/18/2020 02:34:31 AM,252 root INFO Training Root accuracy:0.94(best:0.94)
03/18/2020 02:34:31 AM,252 root INFO Training F1:[0.96, 0.98](best:1.0 , 0.98)
03/18/2020 02:34:31 AM,254 root INFO Epoch: 19
03/18/2020 02:34:33 AM,68 root INFO Loss = tensor([24.4422])
03/18/2020 02:34:42 AM,927 root INFO Loss = tensor([26.6827])
03/18/2020 02:34:53 AM,508 root INFO Loss = tensor([25.6640])
03/18/2020 02:35:03 AM,486 root INFO Loss = tensor([25.3831])
03/18/2020 02:35:13 AM,520 root INFO Loss = tensor([25.1790])
03/18/2020 02:35:23 AM,493 root INFO Loss = tensor([26.3620])
03/18/2020 02:35:33 AM,700 root INFO Loss = tensor([26.2767])
03/18/2020 02:35:42 AM,632 root INFO Loss = tensor([25.2504])
03/18/2020 02:35:47 AM,598 root INFO Validation All-nodes accuracy:0.63(best:0.74)
03/18/2020 02:35:47 AM,598 root INFO Validation Root accuracy:0.84(best:0.86)
03/18/2020 02:35:47 AM,599 root INFO F1:[0.93, 0.71](best:0.99 , 0.89)
03/18/2020 02:36:02 AM,523 root INFO Training All-nodes accuracy:0.69(best:0.69)
03/18/2020 02:36:02 AM,523 root INFO Training Root accuracy:0.92(best:0.94)
03/18/2020 02:36:02 AM,523 root INFO Training F1:[0.95, 0.97](best:1.0 , 0.98)
03/18/2020 02:36:02 AM,525 root INFO Epoch: 20
03/18/2020 02:36:04 AM,508 root INFO Loss = tensor([24.8455])
03/18/2020 02:36:15 AM,126 root INFO Loss = tensor([25.4590])
03/18/2020 02:36:25 AM,597 root INFO Loss = tensor([25.3015])
03/18/2020 02:36:36 AM,390 root INFO Loss = tensor([29.4629])
03/18/2020 02:36:46 AM,985 root INFO Loss = tensor([30.5242])
03/18/2020 02:36:57 AM,633 root INFO Loss = tensor([28.6835])
03/18/2020 02:37:09 AM,398 root INFO Loss = tensor([26.5298])
03/18/2020 02:37:18 AM,901 root INFO Loss = tensor([29.2211])
03/18/2020 02:37:23 AM,968 root INFO Validation All-nodes accuracy:0.6(best:0.74)
03/18/2020 02:37:23 AM,968 root INFO Validation Root accuracy:0.84(best:0.86)
03/18/2020 02:37:23 AM,968 root INFO F1:[0.93, 0.71](best:0.99 , 0.89)
03/18/2020 02:37:39 AM,703 root INFO Training All-nodes accuracy:0.68(best:0.69)
03/18/2020 02:37:39 AM,704 root INFO Training Root accuracy:0.92(best:0.94)
03/18/2020 02:37:39 AM,704 root INFO Training F1:[0.95, 0.97](best:1.0 , 0.98)
03/18/2020 02:37:39 AM,706 root INFO Epoch: 21
03/18/2020 02:37:41 AM,910 root INFO Loss = tensor([25.3566])
03/18/2020 02:37:53 AM,586 root INFO Loss = tensor([24.3455])
03/18/2020 02:38:05 AM,170 root INFO Loss = tensor([25.1246])
03/18/2020 02:38:17 AM,40 root INFO Loss = tensor([24.7564])
03/18/2020 02:38:28 AM,749 root INFO Loss = tensor([27.3130])
03/18/2020 02:38:40 AM,656 root INFO Loss = tensor([27.1004])
03/18/2020 02:38:52 AM,686 root INFO Loss = tensor([24.4633])
03/18/2020 02:39:02 AM,894 root INFO Loss = tensor([23.2092])
03/18/2020 02:39:08 AM,523 root INFO Validation All-nodes accuracy:0.59(best:0.74)
03/18/2020 02:39:08 AM,523 root INFO Validation Root accuracy:0.81(best:0.86)
03/18/2020 02:39:08 AM,523 root INFO F1:[0.94, 0.61](best:0.99 , 0.89)
03/18/2020 02:39:25 AM,392 root INFO Training All-nodes accuracy:0.69(best:0.69)
03/18/2020 02:39:25 AM,392 root INFO Training Root accuracy:0.94(best:0.94)
03/18/2020 02:39:25 AM,393 root INFO Training F1:[0.96, 0.97](best:1.0 , 0.98)
03/18/2020 02:39:25 AM,395 root INFO Epoch: 22
03/18/2020 02:39:27 AM,671 root INFO Loss = tensor([25.7418])
03/18/2020 02:39:40 AM,267 root INFO Loss = tensor([23.9576])
03/18/2020 02:39:52 AM,455 root INFO Loss = tensor([29.2981])
03/18/2020 02:40:04 AM,688 root INFO Loss = tensor([28.3001])
03/18/2020 02:40:17 AM,88 root INFO Loss = tensor([24.2273])
03/18/2020 02:40:30 AM,156 root INFO Loss = tensor([28.4638])
03/18/2020 02:40:43 AM,720 root INFO Loss = tensor([32.7680])
03/18/2020 02:40:55 AM,611 root INFO Loss = tensor([30.3630])
03/18/2020 02:41:01 AM,797 root INFO Validation All-nodes accuracy:0.56(best:0.74)
03/18/2020 02:41:01 AM,797 root INFO Validation Root accuracy:0.84(best:0.86)
03/18/2020 02:41:01 AM,798 root INFO F1:[0.94, 0.7](best:0.99 , 0.89)
03/18/2020 02:41:20 AM,540 root INFO Training All-nodes accuracy:0.69(best:0.69)
03/18/2020 02:41:20 AM,541 root INFO Training Root accuracy:0.93(best:0.94)
03/18/2020 02:41:20 AM,541 root INFO Training F1:[0.96, 0.96](best:1.0 , 0.98)
03/18/2020 02:41:20 AM,543 root INFO Epoch: 23
03/18/2020 02:41:22 AM,991 root INFO Loss = tensor([24.6570])
03/18/2020 02:41:36 AM,518 root INFO Loss = tensor([32.8405])
03/18/2020 02:41:50 AM,415 root INFO Loss = tensor([35.7041])
03/18/2020 02:42:04 AM,260 root INFO Loss = tensor([37.5288])
03/18/2020 02:42:18 AM,805 root INFO Loss = tensor([28.4649])
03/18/2020 02:42:33 AM,770 root INFO Loss = tensor([25.1584])
03/18/2020 02:42:50 AM,99 root INFO Loss = tensor([28.3004])
03/18/2020 02:43:04 AM,176 root INFO Loss = tensor([27.8412])
03/18/2020 02:43:11 AM,961 root INFO Validation All-nodes accuracy:0.59(best:0.74)
03/18/2020 02:43:11 AM,961 root INFO Validation Root accuracy:0.84(best:0.86)
03/18/2020 02:43:11 AM,962 root INFO F1:[0.92, 0.75](best:0.99 , 0.89)
03/18/2020 02:43:34 AM,129 root INFO Training All-nodes accuracy:0.67(best:0.69)
03/18/2020 02:43:34 AM,129 root INFO Training Root accuracy:0.88(best:0.94)
03/18/2020 02:43:34 AM,129 root INFO Training F1:[0.9, 0.99](best:1.0 , 0.99)
03/18/2020 02:43:34 AM,132 root INFO Epoch: 24
03/18/2020 02:43:36 AM,912 root INFO Loss = tensor([26.4484])
03/18/2020 02:43:52 AM,153 root INFO Loss = tensor([24.4864])
03/18/2020 02:44:09 AM,456 root INFO Loss = tensor([26.1837])
03/18/2020 02:44:28 AM,266 root INFO Loss = tensor([25.5902])
03/18/2020 02:44:47 AM,570 root INFO Loss = tensor([24.4225])
03/18/2020 02:45:06 AM,509 root INFO Loss = tensor([27.1508])
03/18/2020 02:45:26 AM,979 root INFO Loss = tensor([28.7009])
03/18/2020 02:45:45 AM,296 root INFO Loss = tensor([26.8867])
03/18/2020 02:45:56 AM,122 root INFO Validation All-nodes accuracy:0.61(best:0.74)
03/18/2020 02:45:56 AM,122 root INFO Validation Root accuracy:0.83(best:0.86)
03/18/2020 02:45:56 AM,123 root INFO F1:[0.92, 0.67](best:0.99 , 0.89)
03/18/2020 02:46:24 AM,227 root INFO Training All-nodes accuracy:0.69(best:0.69)
03/18/2020 02:46:24 AM,227 root INFO Training Root accuracy:0.94(best:0.94)
03/18/2020 02:46:24 AM,228 root INFO Training F1:[0.96, 0.98](best:1.0 , 0.99)
03/18/2020 02:46:24 AM,231 root INFO Epoch: 25
03/18/2020 02:46:27 AM,812 root INFO Loss = tensor([24.4762])
03/18/2020 02:46:50 AM,159 root INFO Loss = tensor([30.8755])
03/18/2020 02:47:15 AM,524 root INFO Loss = tensor([35.2538])
03/18/2020 02:47:38 AM,244 root INFO Loss = tensor([33.4746])
03/18/2020 02:48:02 AM,983 root INFO Loss = tensor([33.4395])
03/18/2020 02:48:28 AM,499 root INFO Loss = tensor([24.2458])
03/18/2020 02:48:54 AM,954 root INFO Loss = tensor([31.3566])
03/18/2020 02:49:21 AM,435 root INFO Loss = tensor([35.1649])
03/18/2020 02:49:33 AM,664 root INFO Validation All-nodes accuracy:0.64(best:0.74)
03/18/2020 02:49:33 AM,665 root INFO Validation Root accuracy:0.79(best:0.86)
03/18/2020 02:49:33 AM,665 root INFO F1:[0.92, 0.53](best:0.99 , 0.89)
03/18/2020 02:50:05 AM,838 root INFO Training All-nodes accuracy:0.69(best:0.69)
03/18/2020 02:50:05 AM,839 root INFO Training Root accuracy:0.92(best:0.94)
03/18/2020 02:50:05 AM,839 root INFO Training F1:[0.97, 0.95](best:1.0 , 0.99)
03/18/2020 02:50:05 AM,843 root INFO Epoch: 26
03/18/2020 02:50:09 AM,421 root INFO Loss = tensor([23.2953])
03/18/2020 02:50:32 AM,633 root INFO Loss = tensor([25.7255])
03/18/2020 02:51:00 AM,756 root INFO Loss = tensor([25.7013])
03/18/2020 02:51:27 AM,935 root INFO Loss = tensor([25.0782])
03/18/2020 02:51:54 AM,209 root INFO Loss = tensor([24.5331])
03/18/2020 02:52:20 AM,113 root INFO Loss = tensor([24.4764])
03/18/2020 02:52:46 AM,774 root INFO Loss = tensor([24.8648])
03/18/2020 02:53:11 AM,472 root INFO Loss = tensor([22.6508])
03/18/2020 02:53:23 AM,42 root INFO Validation All-nodes accuracy:0.65(best:0.74)
03/18/2020 02:53:23 AM,42 root INFO Validation Root accuracy:0.84(best:0.86)
03/18/2020 02:53:23 AM,43 root INFO F1:[0.93, 0.71](best:0.99 , 0.89)
03/18/2020 02:53:53 AM,871 root INFO Training All-nodes accuracy:0.7(best:0.7)
03/18/2020 02:53:53 AM,872 root INFO Training Root accuracy:0.94(best:0.94)
03/18/2020 02:53:53 AM,872 root INFO Training F1:[0.97, 0.97](best:1.0 , 0.99)
03/18/2020 02:53:53 AM,876 root INFO Epoch: 27
03/18/2020 02:53:57 AM,811 root INFO Loss = tensor([25.3900])
03/18/2020 02:54:21 AM,646 root INFO Loss = tensor([24.9618])
03/18/2020 02:54:47 AM,355 root INFO Loss = tensor([23.6655])
03/18/2020 02:55:12 AM,45 root INFO Loss = tensor([25.1226])
03/18/2020 02:55:36 AM,251 root INFO Loss = tensor([28.0652])
03/18/2020 02:56:02 AM,303 root INFO Loss = tensor([25.2758])
03/18/2020 02:56:35 AM,233 root INFO Loss = tensor([23.7352])
03/18/2020 02:56:55 AM,223 root INFO Loss = tensor([26.7131])
03/18/2020 02:57:06 AM,917 root INFO Validation All-nodes accuracy:0.6(best:0.74)
03/18/2020 02:57:06 AM,917 root INFO Validation Root accuracy:0.83(best:0.86)
03/18/2020 02:57:06 AM,918 root INFO F1:[0.93, 0.67](best:0.99 , 0.89)
03/18/2020 02:57:36 AM,520 root INFO Training All-nodes accuracy:0.7(best:0.7)
03/18/2020 02:57:36 AM,520 root INFO Training Root accuracy:0.95(best:0.95)
03/18/2020 02:57:36 AM,521 root INFO Training F1:[0.97, 0.98](best:1.0 , 0.99)
03/18/2020 02:57:36 AM,524 root INFO Epoch: 28
03/18/2020 02:57:39 AM,930 root INFO Loss = tensor([23.5139])
03/18/2020 02:58:03 AM,192 root INFO Loss = tensor([26.1405])
03/18/2020 02:58:29 AM,423 root INFO Loss = tensor([27.9457])
03/18/2020 02:58:53 AM,365 root INFO Loss = tensor([25.1730])
03/18/2020 02:59:17 AM,25 root INFO Loss = tensor([23.7818])
03/18/2020 02:59:39 AM,766 root INFO Loss = tensor([25.8169])
03/18/2020 03:00:03 AM,7 root INFO Loss = tensor([26.9911])
03/18/2020 03:00:23 AM,517 root INFO Loss = tensor([25.4180])
03/18/2020 03:00:35 AM,283 root INFO Validation All-nodes accuracy:0.6(best:0.74)
03/18/2020 03:00:35 AM,283 root INFO Validation Root accuracy:0.86(best:0.86)
03/18/2020 03:00:35 AM,284 root INFO F1:[0.93, 0.83](best:0.99 , 0.89)
03/18/2020 03:01:03 AM,979 root INFO Training All-nodes accuracy:0.7(best:0.7)
03/18/2020 03:01:03 AM,980 root INFO Training Root accuracy:0.96(best:0.96)
03/18/2020 03:01:03 AM,980 root INFO Training F1:[0.97, 0.99](best:1.0 , 0.99)
03/18/2020 03:01:03 AM,983 root INFO Epoch: 29
03/18/2020 03:01:07 AM,608 root INFO Loss = tensor([24.6505])
03/18/2020 03:01:29 AM,221 root INFO Loss = tensor([24.4417])
03/18/2020 03:01:52 AM,140 root INFO Loss = tensor([23.9435])
03/18/2020 03:02:14 AM,703 root INFO Loss = tensor([23.5001])
03/18/2020 03:02:37 AM,16 root INFO Loss = tensor([25.2760])
03/18/2020 03:03:01 AM,245 root INFO Loss = tensor([21.7258])
03/18/2020 03:03:24 AM,278 root INFO Loss = tensor([23.3726])
03/18/2020 03:03:45 AM,51 root INFO Loss = tensor([24.1872])
03/18/2020 03:03:55 AM,619 root INFO Validation All-nodes accuracy:0.64(best:0.74)
03/18/2020 03:03:55 AM,620 root INFO Validation Root accuracy:0.84(best:0.86)
03/18/2020 03:03:55 AM,620 root INFO F1:[0.92, 0.73](best:0.99 , 0.89)
03/18/2020 03:04:22 AM,873 root INFO Training All-nodes accuracy:0.71(best:0.71)
03/18/2020 03:04:22 AM,874 root INFO Training Root accuracy:0.97(best:0.97)
03/18/2020 03:04:22 AM,874 root INFO Training F1:[0.98, 0.99](best:1.0 , 0.99)
03/18/2020 03:04:22 AM,878 root INFO Epoch: 30
03/18/2020 03:04:26 AM,287 root INFO Loss = tensor([24.0578])
03/18/2020 03:04:46 AM,280 root INFO Loss = tensor([23.1430])
03/18/2020 03:05:07 AM,128 root INFO Loss = tensor([23.6516])
03/18/2020 03:05:27 AM,975 root INFO Loss = tensor([23.2528])
03/18/2020 03:05:49 AM,29 root INFO Loss = tensor([24.9039])
03/18/2020 03:06:10 AM,656 root INFO Loss = tensor([23.6663])
03/18/2020 03:06:31 AM,705 root INFO Loss = tensor([22.4005])
03/18/2020 03:06:49 AM,97 root INFO Loss = tensor([23.7448])
03/18/2020 03:06:59 AM,58 root INFO Validation All-nodes accuracy:0.61(best:0.74)
03/18/2020 03:06:59 AM,58 root INFO Validation Root accuracy:0.82(best:0.86)
03/18/2020 03:06:59 AM,59 root INFO F1:[0.93, 0.62](best:0.99 , 0.89)
03/18/2020 03:07:25 AM,599 root INFO Training All-nodes accuracy:0.71(best:0.71)
03/18/2020 03:07:25 AM,600 root INFO Training Root accuracy:0.96(best:0.97)
03/18/2020 03:07:25 AM,600 root INFO Training F1:[0.98, 0.98](best:1.0 , 0.99)
03/18/2020 03:07:25 AM,603 root INFO Epoch: 31
03/18/2020 03:07:28 AM,702 root INFO Loss = tensor([22.9681])
03/18/2020 03:07:47 AM,975 root INFO Loss = tensor([30.9485])
03/18/2020 03:08:09 AM,769 root INFO Loss = tensor([29.8163])
03/18/2020 03:08:30 AM,535 root INFO Loss = tensor([26.3613])
03/18/2020 03:08:50 AM,336 root INFO Loss = tensor([23.5461])
03/18/2020 03:09:10 AM,413 root INFO Loss = tensor([24.0129])
03/18/2020 03:09:30 AM,578 root INFO Loss = tensor([22.8080])
03/18/2020 03:09:47 AM,555 root INFO Loss = tensor([25.9289])
03/18/2020 03:09:57 AM,313 root INFO Validation All-nodes accuracy:0.61(best:0.74)
03/18/2020 03:09:57 AM,314 root INFO Validation Root accuracy:0.85(best:0.86)
03/18/2020 03:09:57 AM,314 root INFO F1:[0.92, 1.0](best:0.99 , 1.0)
03/18/2020 03:10:22 AM,727 root INFO Training All-nodes accuracy:0.71(best:0.71)
03/18/2020 03:10:22 AM,727 root INFO Training Root accuracy:0.96(best:0.97)
03/18/2020 03:10:22 AM,727 root INFO Training F1:[0.96, 0.99](best:1.0 , 0.99)
03/18/2020 03:10:22 AM,730 root INFO Epoch: 32
03/18/2020 03:10:25 AM,856 root INFO Loss = tensor([23.7842])
03/18/2020 03:10:44 AM,154 root INFO Loss = tensor([22.7339])
03/18/2020 03:11:04 AM,396 root INFO Loss = tensor([27.5681])
03/18/2020 03:11:24 AM,556 root INFO Loss = tensor([26.7314])
03/18/2020 03:11:44 AM,139 root INFO Loss = tensor([24.8686])
03/18/2020 03:12:04 AM,286 root INFO Loss = tensor([26.9214])
03/18/2020 03:12:23 AM,516 root INFO Loss = tensor([30.0721])
03/18/2020 03:12:39 AM,392 root INFO Loss = tensor([25.1891])
03/18/2020 03:12:48 AM,884 root INFO Validation All-nodes accuracy:0.62(best:0.74)
03/18/2020 03:12:48 AM,885 root INFO Validation Root accuracy:0.85(best:0.86)
03/18/2020 03:12:48 AM,885 root INFO F1:[0.92, 0.8](best:0.99 , 1.0)
03/18/2020 03:13:14 AM,441 root INFO Training All-nodes accuracy:0.71(best:0.71)
03/18/2020 03:13:14 AM,441 root INFO Training Root accuracy:0.98(best:0.98)
03/18/2020 03:13:14 AM,441 root INFO Training F1:[0.99, 0.99](best:1.0 , 0.99)
03/18/2020 03:13:14 AM,445 root INFO Epoch: 33
03/18/2020 03:13:17 AM,700 root INFO Loss = tensor([22.5553])
03/18/2020 03:13:35 AM,738 root INFO Loss = tensor([26.0605])
03/18/2020 03:13:54 AM,874 root INFO Loss = tensor([30.0073])
03/18/2020 03:14:14 AM,353 root INFO Loss = tensor([24.3489])
03/18/2020 03:14:32 AM,734 root INFO Loss = tensor([23.5636])
03/18/2020 03:14:51 AM,736 root INFO Loss = tensor([24.6882])
03/18/2020 03:15:10 AM,184 root INFO Loss = tensor([22.8946])
03/18/2020 03:15:26 AM,769 root INFO Loss = tensor([26.2166])
03/18/2020 03:15:36 AM,446 root INFO Validation All-nodes accuracy:0.58(best:0.74)
03/18/2020 03:15:36 AM,446 root INFO Validation Root accuracy:0.8(best:0.86)
03/18/2020 03:15:36 AM,447 root INFO F1:[0.92, 0.53](best:0.99 , 1.0)
03/18/2020 03:16:05 AM,248 root INFO Training All-nodes accuracy:0.7(best:0.71)
03/18/2020 03:16:05 AM,248 root INFO Training Root accuracy:0.97(best:0.98)
03/18/2020 03:16:05 AM,249 root INFO Training F1:[1.0, 0.97](best:1.0 , 0.99)
03/18/2020 03:16:05 AM,252 root INFO Epoch: 34
03/18/2020 03:16:09 AM,167 root INFO Loss = tensor([24.5491])
03/18/2020 03:16:27 AM,142 root INFO Loss = tensor([23.2184])
03/18/2020 03:16:45 AM,115 root INFO Loss = tensor([23.1299])
03/18/2020 03:17:02 AM,704 root INFO Loss = tensor([22.3081])
03/18/2020 03:17:20 AM,18 root INFO Loss = tensor([22.4886])
03/18/2020 03:17:37 AM,40 root INFO Loss = tensor([22.6263])
03/18/2020 03:17:54 AM,618 root INFO Loss = tensor([21.5512])
03/18/2020 03:18:12 AM,907 root INFO Loss = tensor([24.0052])
03/18/2020 03:18:24 AM,275 root INFO Validation All-nodes accuracy:0.63(best:0.74)
03/18/2020 03:18:24 AM,275 root INFO Validation Root accuracy:0.85(best:0.86)
03/18/2020 03:18:24 AM,275 root INFO F1:[0.92, 0.8](best:0.99 , 1.0)
03/18/2020 03:18:53 AM,580 root INFO Training All-nodes accuracy:0.72(best:0.72)
03/18/2020 03:18:53 AM,580 root INFO Training Root accuracy:0.99(best:0.99)
03/18/2020 03:18:53 AM,581 root INFO Training F1:[1.0, 0.99](best:1.0 , 0.99)
03/18/2020 03:18:53 AM,584 root INFO Epoch: 35
03/18/2020 03:18:57 AM,349 root INFO Loss = tensor([22.1246])
03/18/2020 03:19:14 AM,755 root INFO Loss = tensor([22.2326])
03/18/2020 03:19:33 AM,971 root INFO Loss = tensor([23.5198])
03/18/2020 03:19:54 AM,803 root INFO Loss = tensor([26.3467])
03/18/2020 03:20:17 AM,175 root INFO Loss = tensor([22.6375])
03/18/2020 03:20:38 AM,654 root INFO Loss = tensor([24.4261])
03/18/2020 03:21:00 AM,347 root INFO Loss = tensor([24.3285])
03/18/2020 03:21:17 AM,894 root INFO Loss = tensor([22.2710])
03/18/2020 03:21:27 AM,926 root INFO Validation All-nodes accuracy:0.66(best:0.74)
03/18/2020 03:21:27 AM,926 root INFO Validation Root accuracy:0.83(best:0.86)
03/18/2020 03:21:27 AM,927 root INFO F1:[0.92, 0.67](best:0.99 , 1.0)
03/18/2020 03:21:57 AM,185 root INFO Training All-nodes accuracy:0.72(best:0.72)
03/18/2020 03:21:57 AM,185 root INFO Training Root accuracy:0.99(best:0.99)
03/18/2020 03:21:57 AM,185 root INFO Training F1:[1.0, 1.0](best:1.0 , 1.0)
03/18/2020 03:21:57 AM,189 root INFO Epoch: 36
03/18/2020 03:22:01 AM,215 root INFO Loss = tensor([23.7401])
03/18/2020 03:22:19 AM,570 root INFO Loss = tensor([29.1485])
03/18/2020 03:22:37 AM,868 root INFO Loss = tensor([31.9796])
03/18/2020 03:22:59 AM,542 root INFO Loss = tensor([27.3626])
03/18/2020 03:23:20 AM,661 root INFO Loss = tensor([22.6054])
03/18/2020 03:23:41 AM,647 root INFO Loss = tensor([22.6851])
03/18/2020 03:24:02 AM,70 root INFO Loss = tensor([21.9179])
03/18/2020 03:24:19 AM,387 root INFO Loss = tensor([25.8284])
03/18/2020 03:24:29 AM,526 root INFO Validation All-nodes accuracy:0.67(best:0.74)
03/18/2020 03:24:29 AM,527 root INFO Validation Root accuracy:0.86(best:0.86)
03/18/2020 03:24:29 AM,528 root INFO F1:[0.93, 0.89](best:0.99 , 1.0)
03/18/2020 03:24:58 AM,648 root INFO Training All-nodes accuracy:0.71(best:0.72)
03/18/2020 03:24:58 AM,648 root INFO Training Root accuracy:0.97(best:0.99)
03/18/2020 03:24:58 AM,649 root INFO Training F1:[0.98, 1.0](best:1.0 , 1.0)
03/18/2020 03:24:58 AM,652 root INFO Epoch: 37
03/18/2020 03:25:02 AM,507 root INFO Loss = tensor([23.3398])
03/18/2020 03:25:20 AM,299 root INFO Loss = tensor([23.2487])
03/18/2020 03:25:38 AM,682 root INFO Loss = tensor([26.2978])
03/18/2020 03:25:59 AM,637 root INFO Loss = tensor([24.9865])
03/18/2020 03:26:19 AM,890 root INFO Loss = tensor([22.9662])
03/18/2020 03:26:40 AM,357 root INFO Loss = tensor([25.4417])
03/18/2020 03:27:00 AM,618 root INFO Loss = tensor([29.3636])
03/18/2020 03:27:18 AM,142 root INFO Loss = tensor([27.4561])
03/18/2020 03:27:28 AM,103 root INFO Validation All-nodes accuracy:0.67(best:0.74)
03/18/2020 03:27:28 AM,103 root INFO Validation Root accuracy:0.85(best:0.86)
03/18/2020 03:27:28 AM,104 root INFO F1:[0.92, 0.8](best:0.99 , 1.0)
03/18/2020 03:27:57 AM,562 root INFO Training All-nodes accuracy:0.72(best:0.72)
03/18/2020 03:27:57 AM,562 root INFO Training Root accuracy:0.99(best:0.99)
03/18/2020 03:27:57 AM,563 root INFO Training F1:[0.99, 1.0](best:1.0 , 1.0)
03/18/2020 03:27:57 AM,566 root INFO Epoch: 38
03/18/2020 03:28:01 AM,436 root INFO Loss = tensor([21.5101])
03/18/2020 03:28:19 AM,57 root INFO Loss = tensor([23.9097])
03/18/2020 03:28:36 AM,517 root INFO Loss = tensor([24.4523])
03/18/2020 03:28:56 AM,685 root INFO Loss = tensor([22.5420])
03/18/2020 03:29:17 AM,445 root INFO Loss = tensor([27.2730])
03/18/2020 03:29:37 AM,906 root INFO Loss = tensor([28.5025])
03/18/2020 03:29:58 AM,561 root INFO Loss = tensor([24.2081])
03/18/2020 03:30:16 AM,308 root INFO Loss = tensor([23.7690])
03/18/2020 03:30:26 AM,223 root INFO Validation All-nodes accuracy:0.61(best:0.74)
03/18/2020 03:30:26 AM,223 root INFO Validation Root accuracy:0.82(best:0.86)
03/18/2020 03:30:26 AM,225 root INFO F1:[0.92, 0.62](best:0.99 , 1.0)
03/18/2020 03:30:55 AM,290 root INFO Training All-nodes accuracy:0.71(best:0.72)
03/18/2020 03:30:55 AM,291 root INFO Training Root accuracy:0.99(best:0.99)
03/18/2020 03:30:55 AM,291 root INFO Training F1:[1.0, 0.99](best:1.0 , 1.0)
03/18/2020 03:30:55 AM,295 root INFO Epoch: 39
03/18/2020 03:30:59 AM,251 root INFO Loss = tensor([23.5914])
03/18/2020 03:31:17 AM,342 root INFO Loss = tensor([22.0701])
03/18/2020 03:31:34 AM,940 root INFO Loss = tensor([24.2596])
03/18/2020 03:31:54 AM,59 root INFO Loss = tensor([24.5117])
03/18/2020 03:32:15 AM,537 root INFO Loss = tensor([22.4342])
03/18/2020 03:32:35 AM,693 root INFO Loss = tensor([23.3097])
03/18/2020 03:32:56 AM,147 root INFO Loss = tensor([21.4656])
03/18/2020 03:33:13 AM,129 root INFO Loss = tensor([25.2803])
03/18/2020 03:33:23 AM,65 root INFO Validation All-nodes accuracy:0.65(best:0.74)
03/18/2020 03:33:23 AM,65 root INFO Validation Root accuracy:0.85(best:0.86)
03/18/2020 03:33:23 AM,66 root INFO F1:[0.92, 0.86](best:0.99 , 1.0)
03/18/2020 03:33:52 AM,138 root INFO Training All-nodes accuracy:0.72(best:0.72)
03/18/2020 03:33:52 AM,139 root INFO Training Root accuracy:0.98(best:0.99)
03/18/2020 03:33:52 AM,140 root INFO Training F1:[0.99, 1.0](best:1.0 , 1.0)
03/18/2020 03:33:52 AM,143 root INFO Epoch: 40
03/18/2020 03:33:56 AM,195 root INFO Loss = tensor([24.2630])
03/18/2020 03:34:14 AM,574 root INFO Loss = tensor([21.6278])
03/18/2020 03:34:31 AM,921 root INFO Loss = tensor([21.4742])
03/18/2020 03:34:50 AM,822 root INFO Loss = tensor([23.2854])
03/18/2020 03:35:11 AM,324 root INFO Loss = tensor([21.8835])
03/18/2020 03:35:31 AM,643 root INFO Loss = tensor([22.9206])
03/18/2020 03:35:51 AM,888 root INFO Loss = tensor([21.3661])
03/18/2020 03:36:09 AM,149 root INFO Loss = tensor([22.2882])
03/18/2020 03:36:18 AM,979 root INFO Validation All-nodes accuracy:0.68(best:0.74)
03/18/2020 03:36:18 AM,979 root INFO Validation Root accuracy:0.83(best:0.86)
03/18/2020 03:36:18 AM,979 root INFO F1:[0.92, 0.67](best:0.99 , 1.0)
03/18/2020 03:36:47 AM,951 root INFO Training All-nodes accuracy:0.72(best:0.72)
03/18/2020 03:36:47 AM,951 root INFO Training Root accuracy:1.0(best:1.0)
03/18/2020 03:36:47 AM,952 root INFO Training F1:[1.0, 1.0](best:1.0 , 1.0)
03/18/2020 03:36:47 AM,955 root INFO Epoch: 41
03/18/2020 03:36:52 AM,121 root INFO Loss = tensor([23.6876])
03/18/2020 03:37:10 AM,869 root INFO Loss = tensor([22.2056])
03/18/2020 03:37:28 AM,443 root INFO Loss = tensor([21.4187])
03/18/2020 03:37:47 AM,575 root INFO Loss = tensor([21.8043])
03/18/2020 03:38:08 AM,168 root INFO Loss = tensor([22.6402])
03/18/2020 03:38:28 AM,558 root INFO Loss = tensor([20.6769])
03/18/2020 03:38:48 AM,142 root INFO Loss = tensor([21.5894])
03/18/2020 03:39:05 AM,380 root INFO Loss = tensor([24.5555])
03/18/2020 03:39:15 AM,215 root INFO Validation All-nodes accuracy:0.64(best:0.74)
03/18/2020 03:39:15 AM,215 root INFO Validation Root accuracy:0.84(best:0.86)
03/18/2020 03:39:15 AM,216 root INFO F1:[0.92, 0.75](best:0.99 , 1.0)
03/18/2020 03:39:44 AM,238 root INFO Training All-nodes accuracy:0.72(best:0.72)
03/18/2020 03:39:44 AM,239 root INFO Training Root accuracy:0.99(best:1.0)
03/18/2020 03:39:44 AM,239 root INFO Training F1:[0.99, 1.0](best:1.0 , 1.0)
03/18/2020 03:39:44 AM,243 root INFO Epoch: 42
03/18/2020 03:39:48 AM,9 root INFO Loss = tensor([21.6970])
03/18/2020 03:40:05 AM,335 root INFO Loss = tensor([21.7440])
03/18/2020 03:40:23 AM,72 root INFO Loss = tensor([25.9044])
03/18/2020 03:40:42 AM,686 root INFO Loss = tensor([21.4035])
03/18/2020 03:41:03 AM,133 root INFO Loss = tensor([22.0524])
03/18/2020 03:41:23 AM,723 root INFO Loss = tensor([21.8639])
03/18/2020 03:41:43 AM,778 root INFO Loss = tensor([21.1069])
03/18/2020 03:42:00 AM,582 root INFO Loss = tensor([22.3150])
03/18/2020 03:42:10 AM,407 root INFO Validation All-nodes accuracy:0.61(best:0.74)
03/18/2020 03:42:10 AM,408 root INFO Validation Root accuracy:0.86(best:0.86)
03/18/2020 03:42:10 AM,409 root INFO F1:[0.93, 0.83](best:0.99 , 1.0)
03/18/2020 03:42:39 AM,420 root INFO Training All-nodes accuracy:0.72(best:0.72)
03/18/2020 03:42:39 AM,420 root INFO Training Root accuracy:0.99(best:1.0)
03/18/2020 03:42:39 AM,421 root INFO Training F1:[1.0, 1.0](best:1.0 , 1.0)
03/18/2020 03:42:39 AM,424 root INFO Epoch: 43
03/18/2020 03:42:43 AM,245 root INFO Loss = tensor([21.8676])
03/18/2020 03:43:01 AM,187 root INFO Loss = tensor([22.5304])
03/18/2020 03:43:18 AM,940 root INFO Loss = tensor([21.8269])
03/18/2020 03:43:38 AM,414 root INFO Loss = tensor([24.0967])
03/18/2020 03:43:59 AM,965 root INFO Loss = tensor([23.6107])
03/18/2020 03:44:20 AM,759 root INFO Loss = tensor([21.0264])
03/18/2020 03:44:40 AM,975 root INFO Loss = tensor([25.0727])
03/18/2020 03:44:57 AM,928 root INFO Loss = tensor([23.8000])
03/18/2020 03:45:07 AM,749 root INFO Validation All-nodes accuracy:0.68(best:0.74)
03/18/2020 03:45:07 AM,750 root INFO Validation Root accuracy:0.83(best:0.86)
03/18/2020 03:45:07 AM,751 root INFO F1:[0.93, 0.67](best:0.99 , 1.0)
03/18/2020 03:45:40 AM,941 root INFO Training All-nodes accuracy:0.72(best:0.72)
03/18/2020 03:45:40 AM,943 root INFO Training Root accuracy:0.99(best:1.0)
03/18/2020 03:45:40 AM,943 root INFO Training F1:[1.0, 0.99](best:1.0 , 1.0)
03/18/2020 03:45:40 AM,954 root INFO Epoch: 44
03/18/2020 03:45:53 AM,706 root INFO Loss = tensor([20.7526])
03/18/2020 03:46:20 AM,180 root INFO Loss = tensor([26.5845])
03/18/2020 03:46:46 AM,442 root INFO Loss = tensor([30.7927])
03/18/2020 03:47:12 AM,685 root INFO Loss = tensor([23.8120])
03/18/2020 03:47:38 AM,207 root INFO Loss = tensor([22.4354])
03/18/2020 03:48:05 AM,238 root INFO Loss = tensor([24.6799])
03/18/2020 03:48:31 AM,110 root INFO Loss = tensor([24.0570])
03/18/2020 03:48:52 AM,500 root INFO Loss = tensor([20.2841])
03/18/2020 03:49:04 AM,95 root INFO Validation All-nodes accuracy:0.64(best:0.74)
03/18/2020 03:49:04 AM,95 root INFO Validation Root accuracy:0.84(best:0.86)
03/18/2020 03:49:04 AM,96 root INFO F1:[0.92, 0.73](best:0.99 , 1.0)
03/18/2020 03:49:49 AM,196 root INFO Training All-nodes accuracy:0.72(best:0.72)
03/18/2020 03:49:49 AM,196 root INFO Training Root accuracy:1.0(best:1.0)
03/18/2020 03:49:49 AM,197 root INFO Training F1:[1.0, 1.0](best:1.0 , 1.0)
03/18/2020 03:49:49 AM,203 root INFO Epoch: 45
03/18/2020 03:49:55 AM,63 root INFO Loss = tensor([21.4703])
03/18/2020 03:50:20 AM,887 root INFO Loss = tensor([21.5785])
03/18/2020 03:50:45 AM,836 root INFO Loss = tensor([20.6012])
03/18/2020 03:51:10 AM,584 root INFO Loss = tensor([21.5718])
03/18/2020 03:51:36 AM,877 root INFO Loss = tensor([22.0353])
03/18/2020 03:52:03 AM,186 root INFO Loss = tensor([22.1636])
03/18/2020 03:52:29 AM,592 root INFO Loss = tensor([21.7947])
03/18/2020 03:52:51 AM,979 root INFO Loss = tensor([21.3419])
03/18/2020 03:53:04 AM,373 root INFO Validation All-nodes accuracy:0.66(best:0.74)
03/18/2020 03:53:04 AM,374 root INFO Validation Root accuracy:0.86(best:0.86)
03/18/2020 03:53:04 AM,375 root INFO F1:[0.93, 0.83](best:0.99 , 1.0)
03/18/2020 03:53:48 AM,65 root INFO Training All-nodes accuracy:0.73(best:0.73)
03/18/2020 03:53:48 AM,66 root INFO Training Root accuracy:0.99(best:1.0)
03/18/2020 03:53:48 AM,67 root INFO Training F1:[1.0, 1.0](best:1.0 , 1.0)
03/18/2020 03:53:48 AM,72 root INFO Epoch: 46
03/18/2020 03:53:54 AM,7 root INFO Loss = tensor([21.4892])
03/18/2020 03:54:20 AM,388 root INFO Loss = tensor([24.8018])
03/18/2020 03:54:46 AM,523 root INFO Loss = tensor([26.2012])
03/18/2020 03:55:12 AM,641 root INFO Loss = tensor([21.8007])
03/18/2020 03:55:38 AM,241 root INFO Loss = tensor([25.8861])
03/18/2020 03:56:04 AM,836 root INFO Loss = tensor([28.0210])
03/18/2020 03:56:30 AM,474 root INFO Loss = tensor([23.5746])
03/18/2020 03:56:52 AM,411 root INFO Loss = tensor([21.1610])
03/18/2020 03:57:04 AM,262 root INFO Validation All-nodes accuracy:0.67(best:0.74)
03/18/2020 03:57:04 AM,263 root INFO Validation Root accuracy:0.84(best:0.86)
03/18/2020 03:57:04 AM,263 root INFO F1:[0.92, 0.73](best:0.99 , 1.0)
03/18/2020 03:57:53 AM,228 root INFO Training All-nodes accuracy:0.73(best:0.73)
03/18/2020 03:57:53 AM,231 root INFO Training Root accuracy:1.0(best:1.0)
03/18/2020 03:57:53 AM,231 root INFO Training F1:[1.0, 1.0](best:1.0 , 1.0)
03/18/2020 03:57:53 AM,235 root INFO Epoch: 47
03/18/2020 03:57:58 AM,870 root INFO Loss = tensor([20.4788])
03/18/2020 03:58:24 AM,18 root INFO Loss = tensor([20.9979])
03/18/2020 03:58:49 AM,805 root INFO Loss = tensor([21.1516])
03/18/2020 03:59:15 AM,484 root INFO Loss = tensor([20.6155])
03/18/2020 03:59:40 AM,388 root INFO Loss = tensor([26.2834])
03/18/2020 04:00:06 AM,871 root INFO Loss = tensor([26.1715])
03/18/2020 04:00:33 AM,265 root INFO Loss = tensor([22.9755])
03/18/2020 04:00:56 AM,459 root INFO Loss = tensor([25.9282])
03/18/2020 04:01:08 AM,958 root INFO Validation All-nodes accuracy:0.61(best:0.74)
03/18/2020 04:01:08 AM,959 root INFO Validation Root accuracy:0.86(best:0.86)
03/18/2020 04:01:08 AM,959 root INFO F1:[0.93, 0.89](best:0.99 , 1.0)
03/18/2020 04:01:52 AM,715 root INFO Training All-nodes accuracy:0.73(best:0.73)
03/18/2020 04:01:52 AM,716 root INFO Training Root accuracy:1.0(best:1.0)
03/18/2020 04:01:52 AM,717 root INFO Training F1:[1.0, 1.0](best:1.0 , 1.0)
03/18/2020 04:01:52 AM,722 root INFO Epoch: 48
03/18/2020 04:01:58 AM,686 root INFO Loss = tensor([21.5713])
03/18/2020 04:02:24 AM,931 root INFO Loss = tensor([21.2696])
03/18/2020 04:02:51 AM,107 root INFO Loss = tensor([22.3355])
03/18/2020 04:03:17 AM,56 root INFO Loss = tensor([22.5233])
03/18/2020 04:03:44 AM,237 root INFO Loss = tensor([22.9237])
03/18/2020 04:04:09 AM,896 root INFO Loss = tensor([22.0774])
03/18/2020 04:04:34 AM,331 root INFO Loss = tensor([21.7341])
03/18/2020 04:04:56 AM,228 root INFO Loss = tensor([25.2496])
03/18/2020 04:05:08 AM,907 root INFO Validation All-nodes accuracy:0.64(best:0.74)
03/18/2020 04:05:08 AM,908 root INFO Validation Root accuracy:0.86(best:0.86)
03/18/2020 04:05:08 AM,909 root INFO F1:[0.93, 0.89](best:0.99 , 1.0)
03/18/2020 04:05:52 AM,858 root INFO Training All-nodes accuracy:0.73(best:0.73)
03/18/2020 04:05:52 AM,859 root INFO Training Root accuracy:0.99(best:1.0)
03/18/2020 04:05:52 AM,859 root INFO Training F1:[0.99, 1.0](best:1.0 , 1.0)
03/18/2020 04:05:52 AM,864 root INFO Epoch: 49
03/18/2020 04:05:58 AM,582 root INFO Loss = tensor([21.3818])
03/18/2020 04:06:24 AM,386 root INFO Loss = tensor([22.1749])
03/18/2020 04:06:51 AM,253 root INFO Loss = tensor([22.1451])
03/18/2020 04:07:17 AM,473 root INFO Loss = tensor([20.2586])
03/18/2020 04:07:42 AM,889 root INFO Loss = tensor([21.0907])
03/18/2020 04:08:09 AM,239 root INFO Loss = tensor([21.4411])
03/18/2020 04:08:34 AM,962 root INFO Loss = tensor([21.5833])
03/18/2020 04:08:56 AM,692 root INFO Loss = tensor([22.0165])
03/18/2020 04:09:09 AM,305 root INFO Validation All-nodes accuracy:0.64(best:0.74)
03/18/2020 04:09:09 AM,305 root INFO Validation Root accuracy:0.85(best:0.86)
03/18/2020 04:09:09 AM,306 root INFO F1:[0.92, 0.8](best:0.99 , 1.0)
03/18/2020 04:09:53 AM,80 root INFO Training All-nodes accuracy:0.73(best:0.73)
03/18/2020 04:09:53 AM,81 root INFO Training Root accuracy:1.0(best:1.0)
03/18/2020 04:09:53 AM,82 root INFO Training F1:[1.0, 1.0](best:1.0 , 1.0)
