03/25/2020 09:13:16 PM,444 gensim.utils INFO loading Word2VecKeyedVectors object from /Users/navreetkaur/MTP/finetune-word2vec/w2v-models/tech-word2vec-ner
03/25/2020 09:13:16 PM,715 gensim.utils INFO setting ignored attribute vectors_norm to None
03/25/2020 09:13:16 PM,715 gensim.utils INFO loaded /Users/navreetkaur/MTP/finetune-word2vec/w2v-models/tech-word2vec-ner
03/25/2020 09:13:16 PM,716 gensim.models.utils_any2vec INFO loading projection weights from /Users/navreetkaur/MTP/finetune-word2vec/w2v-models/GoogleNews-vectors-negative300.bin
03/25/2020 09:14:42 PM,443 gensim.models.utils_any2vec INFO loaded (3000000, 300) matrix from /Users/navreetkaur/MTP/finetune-word2vec/w2v-models/GoogleNews-vectors-negative300.bin
03/25/2020 09:18:00 PM,131 root INFO Start logging
03/25/2020 09:18:00 PM,771 root INFO Epoch: 0
03/25/2020 09:18:02 PM,477 root INFO Loss = tensor([22.9287])
03/25/2020 09:18:09 PM,280 root INFO Loss = tensor([22.6239])
03/25/2020 09:18:16 PM,976 root INFO Loss = tensor([23.4444])
03/25/2020 09:18:23 PM,320 root INFO Loss = tensor([22.6055])
03/25/2020 09:18:29 PM,723 root INFO Loss = tensor([24.5895])
03/25/2020 09:18:36 PM,446 root INFO Loss = tensor([21.9400])
03/25/2020 09:18:42 PM,614 root INFO Loss = tensor([23.2089])
03/25/2020 09:18:48 PM,973 root INFO Loss = tensor([23.0074])
03/25/2020 09:18:55 PM,443 root INFO Loss = tensor([23.5467])
03/25/2020 09:19:01 PM,886 root INFO Loss = tensor([23.0651])
03/25/2020 09:19:07 PM,983 root INFO Validation All-nodes accuracy:0.2(best:0.2)
03/25/2020 09:19:07 PM,984 root INFO Validation Root accuracy:0.13(best:0.13)
03/25/2020 09:19:07 PM,984 root INFO F1:[1.0, 0.18](best:1.0 , 0.18)
03/25/2020 09:19:37 PM,329 root INFO Training All-nodes accuracy:0.51(best:0.51)
03/25/2020 09:19:37 PM,336 root INFO Training Root accuracy:0.5(best:0.5)
03/25/2020 09:19:37 PM,336 root INFO Training F1:[0.71, 0.67](best:0.71 , 0.67)
03/25/2020 09:19:37 PM,339 root INFO Epoch: 1
03/25/2020 09:19:40 PM,394 root INFO Loss = tensor([23.1548])
03/25/2020 09:19:49 PM,279 root INFO Loss = tensor([24.5627])
03/25/2020 09:19:57 PM,802 root INFO Loss = tensor([22.8290])
03/25/2020 09:20:08 PM,931 root INFO Loss = tensor([23.0144])
03/25/2020 09:20:16 PM,941 root INFO Loss = tensor([23.4908])
03/25/2020 09:20:29 PM,94 root INFO Loss = tensor([23.5238])
03/25/2020 09:20:37 PM,7 root INFO Loss = tensor([22.7323])
03/25/2020 09:20:44 PM,412 root INFO Loss = tensor([23.9709])
03/25/2020 09:20:51 PM,876 root INFO Loss = tensor([22.3531])
03/25/2020 09:21:00 PM,37 root INFO Loss = tensor([22.8724])
03/25/2020 09:21:10 PM,669 root INFO Validation All-nodes accuracy:0.21(best:0.21)
03/25/2020 09:21:10 PM,670 root INFO Validation Root accuracy:0.13(best:0.13)
03/25/2020 09:21:10 PM,670 root INFO F1:[1.0, 0.18](best:1.0 , 0.18)
03/25/2020 09:21:40 PM,101 root INFO Training All-nodes accuracy:0.53(best:0.53)
03/25/2020 09:21:40 PM,103 root INFO Training Root accuracy:0.51(best:0.51)
03/25/2020 09:21:40 PM,104 root INFO Training F1:[1.0, 0.67](best:1.0 , 0.67)
03/25/2020 09:21:40 PM,106 root INFO Epoch: 2
03/25/2020 09:21:42 PM,699 root INFO Loss = tensor([23.6185])
03/25/2020 09:21:50 PM,442 root INFO Loss = tensor([23.5150])
03/25/2020 09:22:01 PM,635 root INFO Loss = tensor([22.2798])
03/25/2020 09:22:10 PM,144 root INFO Loss = tensor([23.6482])
03/25/2020 09:22:17 PM,906 root INFO Loss = tensor([21.8972])
03/25/2020 09:22:24 PM,558 root INFO Loss = tensor([22.5981])
03/25/2020 09:22:32 PM,758 root INFO Loss = tensor([22.2348])
03/25/2020 09:22:40 PM,650 root INFO Loss = tensor([24.9961])
03/25/2020 09:22:52 PM,573 root INFO Loss = tensor([23.6156])
03/25/2020 09:23:03 PM,514 root INFO Loss = tensor([23.1919])
03/25/2020 09:23:09 PM,421 root INFO Validation All-nodes accuracy:0.3(best:0.3)
03/25/2020 09:23:09 PM,421 root INFO Validation Root accuracy:0.38(best:0.38)
03/25/2020 09:23:09 PM,421 root INFO F1:[0.97, 0.21](best:1.0 , 0.21)
03/25/2020 09:23:28 PM,864 root INFO Training All-nodes accuracy:0.55(best:0.55)
03/25/2020 09:23:28 PM,864 root INFO Training Root accuracy:0.58(best:0.58)
03/25/2020 09:23:28 PM,865 root INFO Training F1:[0.78, 0.71](best:1.0 , 0.71)
03/25/2020 09:23:28 PM,869 root INFO Epoch: 3
03/25/2020 09:23:30 PM,483 root INFO Loss = tensor([22.5862])
03/25/2020 09:23:37 PM,897 root INFO Loss = tensor([23.3812])
03/25/2020 09:23:45 PM,597 root INFO Loss = tensor([22.6219])
03/25/2020 09:23:55 PM,495 root INFO Loss = tensor([23.6823])
03/25/2020 09:24:03 PM,405 root INFO Loss = tensor([22.6529])
03/25/2020 09:24:12 PM,992 root INFO Loss = tensor([22.9840])
03/25/2020 09:24:21 PM,726 root INFO Loss = tensor([24.0868])
03/25/2020 09:24:30 PM,526 root INFO Loss = tensor([22.6891])
03/25/2020 09:24:38 PM,834 root INFO Loss = tensor([23.0967])
03/25/2020 09:24:46 PM,599 root INFO Loss = tensor([22.9316])
03/25/2020 09:24:54 PM,540 root INFO Validation All-nodes accuracy:0.22(best:0.3)
03/25/2020 09:24:54 PM,541 root INFO Validation Root accuracy:0.21(best:0.38)
03/25/2020 09:24:54 PM,541 root INFO F1:[0.97, 0.19](best:1.0 , 0.21)
03/25/2020 09:25:10 PM,673 root INFO Training All-nodes accuracy:0.55(best:0.55)
03/25/2020 09:25:10 PM,674 root INFO Training Root accuracy:0.55(best:0.58)
03/25/2020 09:25:10 PM,674 root INFO Training F1:[0.82, 0.69](best:1.0 , 0.71)
03/25/2020 09:25:10 PM,676 root INFO Epoch: 4
03/25/2020 09:25:12 PM,304 root INFO Loss = tensor([23.1952])
03/25/2020 09:25:21 PM,294 root INFO Loss = tensor([22.8529])
03/25/2020 09:25:30 PM,419 root INFO Loss = tensor([21.9650])
03/25/2020 09:25:43 PM,104 root INFO Loss = tensor([23.6584])
03/25/2020 09:25:52 PM,189 root INFO Loss = tensor([23.5942])
03/25/2020 09:26:01 PM,389 root INFO Loss = tensor([21.6216])
03/25/2020 09:26:10 PM,408 root INFO Loss = tensor([23.1192])
03/25/2020 09:26:18 PM,418 root INFO Loss = tensor([22.2005])
03/25/2020 09:26:24 PM,821 root INFO Loss = tensor([21.5988])
03/25/2020 09:26:31 PM,431 root INFO Loss = tensor([25.2015])
03/25/2020 09:26:38 PM,573 root INFO Validation All-nodes accuracy:0.61(best:0.61)
03/25/2020 09:26:38 PM,573 root INFO Validation Root accuracy:0.8(best:0.8)
03/25/2020 09:26:38 PM,574 root INFO F1:[0.95, 0.22](best:1.0 , 0.22)
03/25/2020 09:26:53 PM,690 root INFO Training All-nodes accuracy:0.59(best:0.59)
03/25/2020 09:26:53 PM,691 root INFO Training Root accuracy:0.77(best:0.77)
03/25/2020 09:26:53 PM,691 root INFO Training F1:[0.83, 0.93](best:1.0 , 0.93)
03/25/2020 09:26:53 PM,696 root INFO Epoch: 5
03/25/2020 09:26:55 PM,120 root INFO Loss = tensor([22.8735])
03/25/2020 09:27:01 PM,345 root INFO Loss = tensor([22.6188])
03/25/2020 09:27:07 PM,730 root INFO Loss = tensor([23.6411])
03/25/2020 09:27:16 PM,245 root INFO Loss = tensor([21.7363])
03/25/2020 09:27:23 PM,143 root INFO Loss = tensor([21.6754])
03/25/2020 09:27:29 PM,209 root INFO Loss = tensor([21.5470])
03/25/2020 09:27:35 PM,121 root INFO Loss = tensor([22.2952])
03/25/2020 09:27:41 PM,202 root INFO Loss = tensor([21.3071])
03/25/2020 09:27:47 PM,495 root INFO Loss = tensor([23.9792])
03/25/2020 09:27:53 PM,741 root INFO Loss = tensor([22.7757])
03/25/2020 09:27:59 PM,346 root INFO Validation All-nodes accuracy:0.31(best:0.61)
03/25/2020 09:27:59 PM,346 root INFO Validation Root accuracy:0.57(best:0.8)
03/25/2020 09:27:59 PM,346 root INFO F1:[0.96, 0.23](best:1.0 , 0.23)
03/25/2020 09:28:13 PM,398 root INFO Training All-nodes accuracy:0.62(best:0.62)
03/25/2020 09:28:13 PM,398 root INFO Training Root accuracy:0.84(best:0.84)
03/25/2020 09:28:13 PM,399 root INFO Training F1:[0.94, 0.89](best:1.0 , 0.93)
03/25/2020 09:28:13 PM,402 root INFO Epoch: 6
03/25/2020 09:28:14 PM,826 root INFO Loss = tensor([21.6639])
03/25/2020 09:28:20 PM,991 root INFO Loss = tensor([22.8678])
03/25/2020 09:28:27 PM,376 root INFO Loss = tensor([21.0365])
03/25/2020 09:28:33 PM,267 root INFO Loss = tensor([22.3571])
03/25/2020 09:28:40 PM,35 root INFO Loss = tensor([22.8880])
03/25/2020 09:28:47 PM,355 root INFO Loss = tensor([20.8876])
03/25/2020 09:28:53 PM,835 root INFO Loss = tensor([23.0975])
03/25/2020 09:29:00 PM,320 root INFO Loss = tensor([22.5917])
03/25/2020 09:29:07 PM,5 root INFO Loss = tensor([21.7021])
03/25/2020 09:29:15 PM,428 root INFO Loss = tensor([21.2150])
03/25/2020 09:29:21 PM,623 root INFO Validation All-nodes accuracy:0.35(best:0.61)
03/25/2020 09:29:21 PM,623 root INFO Validation Root accuracy:0.8(best:0.8)
03/25/2020 09:29:21 PM,623 root INFO F1:[0.95, 0.13](best:1.0 , 0.23)
03/25/2020 09:29:45 PM,517 root INFO Training All-nodes accuracy:0.63(best:0.63)
03/25/2020 09:29:45 PM,517 root INFO Training Root accuracy:0.85(best:0.85)
03/25/2020 09:29:45 PM,517 root INFO Training F1:[0.89, 0.96](best:1.0 , 0.96)
03/25/2020 09:29:45 PM,521 root INFO Epoch: 7
03/25/2020 09:29:47 PM,652 root INFO Loss = tensor([22.0181])
03/25/2020 09:29:55 PM,944 root INFO Loss = tensor([20.8926])
03/25/2020 09:30:02 PM,562 root INFO Loss = tensor([20.9086])
03/25/2020 09:30:08 PM,680 root INFO Loss = tensor([20.3023])
03/25/2020 09:30:14 PM,788 root INFO Loss = tensor([21.3118])
03/25/2020 09:30:20 PM,909 root INFO Loss = tensor([21.3938])
03/25/2020 09:30:27 PM,112 root INFO Loss = tensor([19.6894])
03/25/2020 09:30:32 PM,823 root INFO Loss = tensor([21.7171])
03/25/2020 09:30:38 PM,838 root INFO Loss = tensor([19.1905])
03/25/2020 09:30:44 PM,612 root INFO Loss = tensor([22.9854])
03/25/2020 09:30:50 PM,642 root INFO Validation All-nodes accuracy:0.46(best:0.61)
03/25/2020 09:30:50 PM,642 root INFO Validation Root accuracy:0.72(best:0.8)
03/25/2020 09:30:50 PM,642 root INFO F1:[0.95, 0.19](best:1.0 , 0.23)
03/25/2020 09:31:04 PM,543 root INFO Training All-nodes accuracy:0.66(best:0.66)
03/25/2020 09:31:04 PM,543 root INFO Training Root accuracy:0.92(best:0.92)
03/25/2020 09:31:04 PM,544 root INFO Training F1:[0.98, 0.94](best:1.0 , 0.96)
03/25/2020 09:31:04 PM,546 root INFO Epoch: 8
03/25/2020 09:31:05 PM,966 root INFO Loss = tensor([21.3367])
03/25/2020 09:31:12 PM,395 root INFO Loss = tensor([19.4915])
03/25/2020 09:31:18 PM,200 root INFO Loss = tensor([21.4726])
03/25/2020 09:31:24 PM,562 root INFO Loss = tensor([23.9474])
03/25/2020 09:31:30 PM,708 root INFO Loss = tensor([22.8131])
03/25/2020 09:31:36 PM,739 root INFO Loss = tensor([22.1606])
03/25/2020 09:31:42 PM,990 root INFO Loss = tensor([21.8168])
03/25/2020 09:31:49 PM,285 root INFO Loss = tensor([23.1549])
03/25/2020 09:31:55 PM,237 root INFO Loss = tensor([20.4320])
03/25/2020 09:32:00 PM,968 root INFO Loss = tensor([22.1488])
03/25/2020 09:32:06 PM,589 root INFO Validation All-nodes accuracy:0.45(best:0.61)
03/25/2020 09:32:06 PM,589 root INFO Validation Root accuracy:0.78(best:0.8)
03/25/2020 09:32:06 PM,590 root INFO F1:[0.95, 0.11](best:1.0 , 0.23)
03/25/2020 09:32:20 PM,450 root INFO Training All-nodes accuracy:0.65(best:0.66)
03/25/2020 09:32:20 PM,451 root INFO Training Root accuracy:0.79(best:0.92)
03/25/2020 09:32:20 PM,451 root INFO Training F1:[0.84, 0.95](best:1.0 , 0.96)
03/25/2020 09:32:20 PM,453 root INFO Epoch: 9
03/25/2020 09:32:21 PM,775 root INFO Loss = tensor([20.0523])
03/25/2020 09:32:27 PM,911 root INFO Loss = tensor([19.7722])
03/25/2020 09:32:33 PM,996 root INFO Loss = tensor([21.0518])
03/25/2020 09:32:40 PM,525 root INFO Loss = tensor([20.2310])
03/25/2020 09:32:47 PM,757 root INFO Loss = tensor([19.2243])
03/25/2020 09:32:55 PM,115 root INFO Loss = tensor([21.9505])
03/25/2020 09:33:01 PM,749 root INFO Loss = tensor([23.6674])
03/25/2020 09:33:09 PM,593 root INFO Loss = tensor([20.3237])
03/25/2020 09:33:19 PM,338 root INFO Loss = tensor([21.6520])
03/25/2020 09:33:27 PM,839 root INFO Loss = tensor([22.1974])
03/25/2020 09:33:37 PM,516 root INFO Validation All-nodes accuracy:0.5(best:0.61)
03/25/2020 09:33:37 PM,521 root INFO Validation Root accuracy:0.71(best:0.8)
03/25/2020 09:33:37 PM,521 root INFO F1:[0.96, 0.26](best:1.0 , 0.26)
03/25/2020 09:33:58 PM,741 root INFO Training All-nodes accuracy:0.67(best:0.67)
03/25/2020 09:33:58 PM,742 root INFO Training Root accuracy:0.91(best:0.92)
03/25/2020 09:33:58 PM,743 root INFO Training F1:[0.99, 0.93](best:1.0 , 0.96)
03/25/2020 09:33:58 PM,746 root INFO Epoch: 10
03/25/2020 09:34:00 PM,931 root INFO Loss = tensor([19.9709])
03/25/2020 09:34:09 PM,120 root INFO Loss = tensor([17.9289])
03/25/2020 09:34:17 PM,939 root INFO Loss = tensor([21.5532])
03/25/2020 09:34:26 PM,386 root INFO Loss = tensor([19.2784])
03/25/2020 09:34:34 PM,357 root INFO Loss = tensor([22.4252])
03/25/2020 09:34:42 PM,830 root INFO Loss = tensor([24.0477])
03/25/2020 09:34:51 PM,811 root INFO Loss = tensor([18.9619])
03/25/2020 09:34:59 PM,921 root INFO Loss = tensor([21.9131])
03/25/2020 09:35:08 PM,225 root INFO Loss = tensor([22.4378])
03/25/2020 09:35:16 PM,214 root INFO Loss = tensor([18.9854])
03/25/2020 09:35:24 PM,82 root INFO Validation All-nodes accuracy:0.41(best:0.61)
03/25/2020 09:35:24 PM,83 root INFO Validation Root accuracy:0.73(best:0.8)
03/25/2020 09:35:24 PM,300 root INFO F1:[0.97, 0.31](best:1.0 , 0.31)
03/25/2020 09:35:38 PM,532 root INFO Training All-nodes accuracy:0.67(best:0.67)
03/25/2020 09:35:38 PM,533 root INFO Training Root accuracy:0.9(best:0.92)
03/25/2020 09:35:38 PM,533 root INFO Training F1:[0.96, 0.94](best:1.0 , 0.96)
03/25/2020 09:35:38 PM,535 root INFO Epoch: 11
03/25/2020 09:35:39 PM,981 root INFO Loss = tensor([19.1315])
03/25/2020 09:35:46 PM,163 root INFO Loss = tensor([22.3717])
03/25/2020 09:35:51 PM,949 root INFO Loss = tensor([23.8209])
03/25/2020 09:35:58 PM,267 root INFO Loss = tensor([25.8501])
03/25/2020 09:36:04 PM,585 root INFO Loss = tensor([18.2337])
03/25/2020 09:36:10 PM,351 root INFO Loss = tensor([18.0971])
03/25/2020 09:36:16 PM,87 root INFO Loss = tensor([20.0027])
03/25/2020 09:36:22 PM,275 root INFO Loss = tensor([23.2538])
03/25/2020 09:36:28 PM,580 root INFO Loss = tensor([22.5051])
03/25/2020 09:36:34 PM,328 root INFO Loss = tensor([20.0794])
03/25/2020 09:36:39 PM,872 root INFO Validation All-nodes accuracy:0.54(best:0.61)
03/25/2020 09:36:39 PM,872 root INFO Validation Root accuracy:0.89(best:0.89)
03/25/2020 09:36:39 PM,873 root INFO F1:[0.95, 0.4](best:1.0 , 0.4)
03/25/2020 09:36:53 PM,835 root INFO Training All-nodes accuracy:0.65(best:0.67)
03/25/2020 09:36:53 PM,836 root INFO Training Root accuracy:0.79(best:0.92)
03/25/2020 09:36:53 PM,836 root INFO Training F1:[0.83, 0.99](best:1.0 , 0.99)
03/25/2020 09:36:53 PM,839 root INFO Epoch: 12
03/25/2020 09:36:55 PM,101 root INFO Loss = tensor([19.6212])
03/25/2020 09:37:00 PM,840 root INFO Loss = tensor([24.3220])
03/25/2020 09:37:06 PM,858 root INFO Loss = tensor([26.6686])
03/25/2020 09:37:12 PM,987 root INFO Loss = tensor([24.0207])
03/25/2020 09:37:18 PM,897 root INFO Loss = tensor([24.2823])
03/25/2020 09:37:24 PM,935 root INFO Loss = tensor([21.6633])
03/25/2020 09:37:30 PM,867 root INFO Loss = tensor([21.7759])
03/25/2020 09:37:36 PM,927 root INFO Loss = tensor([25.2622])
03/25/2020 09:37:43 PM,107 root INFO Loss = tensor([24.6194])
03/25/2020 09:37:49 PM,800 root INFO Loss = tensor([23.0720])
03/25/2020 09:37:56 PM,97 root INFO Validation All-nodes accuracy:0.65(best:0.65)
03/25/2020 09:37:56 PM,98 root INFO Validation Root accuracy:0.45(best:0.89)
03/25/2020 09:37:56 PM,98 root INFO F1:[0.95, 0.18](best:1.0 , 0.4)
03/25/2020 09:38:11 PM,651 root INFO Training All-nodes accuracy:0.62(best:0.67)
03/25/2020 09:38:11 PM,651 root INFO Training Root accuracy:0.71(best:0.92)
03/25/2020 09:38:11 PM,652 root INFO Training F1:[0.96, 0.78](best:1.0 , 0.99)
03/25/2020 09:38:11 PM,654 root INFO Epoch: 13
03/25/2020 09:38:13 PM,163 root INFO Loss = tensor([20.0568])
03/25/2020 09:38:19 PM,152 root INFO Loss = tensor([22.3556])
03/25/2020 09:38:25 PM,411 root INFO Loss = tensor([22.9064])
03/25/2020 09:38:31 PM,961 root INFO Loss = tensor([22.0578])
03/25/2020 09:38:38 PM,436 root INFO Loss = tensor([21.4740])
03/25/2020 09:38:44 PM,552 root INFO Loss = tensor([19.5796])
03/25/2020 09:38:50 PM,442 root INFO Loss = tensor([20.3399])
03/25/2020 09:38:56 PM,647 root INFO Loss = tensor([18.9582])
03/25/2020 09:39:02 PM,744 root INFO Loss = tensor([18.5337])
03/25/2020 09:39:08 PM,557 root INFO Loss = tensor([17.8555])
03/25/2020 09:39:14 PM,71 root INFO Validation All-nodes accuracy:0.63(best:0.65)
03/25/2020 09:39:14 PM,71 root INFO Validation Root accuracy:0.75(best:0.89)
03/25/2020 09:39:14 PM,71 root INFO F1:[0.97, 0.32](best:1.0 , 0.4)
03/25/2020 09:39:28 PM,22 root INFO Training All-nodes accuracy:0.68(best:0.68)
03/25/2020 09:39:28 PM,23 root INFO Training Root accuracy:0.9(best:0.92)
03/25/2020 09:39:28 PM,23 root INFO Training F1:[0.99, 0.92](best:1.0 , 0.99)
03/25/2020 09:39:28 PM,25 root INFO Epoch: 14
03/25/2020 09:39:29 PM,411 root INFO Loss = tensor([19.8413])
03/25/2020 09:39:35 PM,641 root INFO Loss = tensor([18.2125])
03/25/2020 09:39:41 PM,536 root INFO Loss = tensor([17.6581])
03/25/2020 09:39:47 PM,399 root INFO Loss = tensor([18.6616])
03/25/2020 09:39:53 PM,291 root INFO Loss = tensor([17.8261])
03/25/2020 09:39:59 PM,530 root INFO Loss = tensor([19.3249])
03/25/2020 09:40:06 PM,23 root INFO Loss = tensor([21.3305])
03/25/2020 09:40:12 PM,218 root INFO Loss = tensor([20.5012])
03/25/2020 09:40:18 PM,314 root INFO Loss = tensor([20.2171])
03/25/2020 09:40:24 PM,542 root INFO Loss = tensor([22.5521])
03/25/2020 09:40:30 PM,104 root INFO Validation All-nodes accuracy:0.45(best:0.65)
03/25/2020 09:40:30 PM,104 root INFO Validation Root accuracy:0.8(best:0.89)
03/25/2020 09:40:30 PM,105 root INFO F1:[0.96, 0.29](best:1.0 , 0.4)
03/25/2020 09:40:44 PM,85 root INFO Training All-nodes accuracy:0.68(best:0.68)
03/25/2020 09:40:44 PM,85 root INFO Training Root accuracy:0.95(best:0.95)
03/25/2020 09:40:44 PM,85 root INFO Training F1:[0.97, 0.98](best:1.0 , 0.99)
03/25/2020 09:40:44 PM,87 root INFO Epoch: 15
03/25/2020 09:40:45 PM,415 root INFO Loss = tensor([18.2462])
03/25/2020 09:40:51 PM,346 root INFO Loss = tensor([18.3505])
03/25/2020 09:40:57 PM,143 root INFO Loss = tensor([18.3862])
03/25/2020 09:41:03 PM,162 root INFO Loss = tensor([16.9675])
03/25/2020 09:41:09 PM,172 root INFO Loss = tensor([19.7555])
03/25/2020 09:41:15 PM,294 root INFO Loss = tensor([17.0999])
03/25/2020 09:41:21 PM,204 root INFO Loss = tensor([18.8376])
03/25/2020 09:41:27 PM,94 root INFO Loss = tensor([20.0961])
03/25/2020 09:41:33 PM,439 root INFO Loss = tensor([18.5344])
03/25/2020 09:41:39 PM,503 root INFO Loss = tensor([18.8708])
03/25/2020 09:41:45 PM,312 root INFO Validation All-nodes accuracy:0.53(best:0.65)
03/25/2020 09:41:45 PM,313 root INFO Validation Root accuracy:0.83(best:0.89)
03/25/2020 09:41:45 PM,313 root INFO F1:[0.96, 0.38](best:1.0 , 0.4)
03/25/2020 09:41:59 PM,45 root INFO Training All-nodes accuracy:0.7(best:0.7)
03/25/2020 09:41:59 PM,46 root INFO Training Root accuracy:0.96(best:0.96)
03/25/2020 09:41:59 PM,46 root INFO Training F1:[0.99, 0.97](best:1.0 , 0.99)
03/25/2020 09:41:59 PM,48 root INFO Epoch: 16
03/25/2020 09:42:00 PM,426 root INFO Loss = tensor([18.5164])
03/25/2020 09:42:06 PM,895 root INFO Loss = tensor([18.7689])
03/25/2020 09:42:13 PM,105 root INFO Loss = tensor([23.5399])
03/25/2020 09:42:18 PM,867 root INFO Loss = tensor([19.4891])
03/25/2020 09:42:24 PM,515 root INFO Loss = tensor([18.1940])
03/25/2020 09:42:30 PM,821 root INFO Loss = tensor([20.3546])
03/25/2020 09:42:36 PM,931 root INFO Loss = tensor([20.8258])
03/25/2020 09:42:42 PM,974 root INFO Loss = tensor([18.6079])
03/25/2020 09:42:49 PM,45 root INFO Loss = tensor([20.0129])
03/25/2020 09:42:55 PM,164 root INFO Loss = tensor([22.5043])
03/25/2020 09:43:00 PM,887 root INFO Validation All-nodes accuracy:0.54(best:0.65)
03/25/2020 09:43:00 PM,887 root INFO Validation Root accuracy:0.86(best:0.89)
03/25/2020 09:43:00 PM,887 root INFO F1:[0.96, 0.47](best:1.0 , 0.47)
03/25/2020 09:43:15 PM,104 root INFO Training All-nodes accuracy:0.7(best:0.7)
03/25/2020 09:43:15 PM,104 root INFO Training Root accuracy:0.98(best:0.98)
03/25/2020 09:43:15 PM,104 root INFO Training F1:[0.99, 0.99](best:1.0 , 0.99)
03/25/2020 09:43:15 PM,106 root INFO Epoch: 17
03/25/2020 09:43:16 PM,545 root INFO Loss = tensor([16.3665])
03/25/2020 09:43:22 PM,833 root INFO Loss = tensor([21.1463])
03/25/2020 09:43:28 PM,987 root INFO Loss = tensor([21.0200])
03/25/2020 09:43:35 PM,27 root INFO Loss = tensor([18.5484])
03/25/2020 09:43:41 PM,189 root INFO Loss = tensor([20.3524])
03/25/2020 09:43:47 PM,790 root INFO Loss = tensor([22.0683])
03/25/2020 09:43:55 PM,768 root INFO Loss = tensor([19.4449])
03/25/2020 09:44:05 PM,147 root INFO Loss = tensor([19.1751])
03/25/2020 09:44:13 PM,232 root INFO Loss = tensor([18.9279])
03/25/2020 09:44:20 PM,847 root INFO Loss = tensor([18.5224])
03/25/2020 09:44:29 PM,467 root INFO Validation All-nodes accuracy:0.59(best:0.65)
03/25/2020 09:44:29 PM,467 root INFO Validation Root accuracy:0.8(best:0.89)
03/25/2020 09:44:29 PM,468 root INFO F1:[0.97, 0.4](best:1.0 , 0.47)
03/25/2020 09:44:50 PM,66 root INFO Training All-nodes accuracy:0.7(best:0.7)
03/25/2020 09:44:50 PM,67 root INFO Training Root accuracy:0.96(best:0.98)
03/25/2020 09:44:50 PM,67 root INFO Training F1:[0.99, 0.97](best:1.0 , 0.99)
03/25/2020 09:44:50 PM,70 root INFO Epoch: 18
03/25/2020 09:44:51 PM,415 root INFO Loss = tensor([17.4788])
03/25/2020 09:44:58 PM,756 root INFO Loss = tensor([25.2424])
03/25/2020 09:45:07 PM,420 root INFO Loss = tensor([29.0800])
03/25/2020 09:45:17 PM,814 root INFO Loss = tensor([25.9468])
03/25/2020 09:45:28 PM,91 root INFO Loss = tensor([24.9858])
03/25/2020 09:45:40 PM,488 root INFO Loss = tensor([18.7193])
03/25/2020 09:45:50 PM,474 root INFO Loss = tensor([20.5811])
03/25/2020 09:45:57 PM,293 root INFO Loss = tensor([26.6381])
03/25/2020 09:46:04 PM,163 root INFO Loss = tensor([27.7452])
03/25/2020 09:46:11 PM,50 root INFO Loss = tensor([23.2307])
03/25/2020 09:46:18 PM,134 root INFO Validation All-nodes accuracy:0.45(best:0.65)
03/25/2020 09:46:18 PM,135 root INFO Validation Root accuracy:0.64(best:0.89)
03/25/2020 09:46:18 PM,135 root INFO F1:[0.96, 0.24](best:1.0 , 0.47)
03/25/2020 09:46:33 PM,851 root INFO Training All-nodes accuracy:0.68(best:0.7)
03/25/2020 09:46:33 PM,851 root INFO Training Root accuracy:0.91(best:0.98)
03/25/2020 09:46:33 PM,851 root INFO Training F1:[0.97, 0.93](best:1.0 , 0.99)
03/25/2020 09:46:33 PM,853 root INFO Epoch: 19
03/25/2020 09:46:35 PM,284 root INFO Loss = tensor([17.5481])
03/25/2020 09:46:41 PM,581 root INFO Loss = tensor([20.9459])
03/25/2020 09:46:48 PM,897 root INFO Loss = tensor([24.3414])
03/25/2020 09:46:56 PM,448 root INFO Loss = tensor([20.3749])
03/25/2020 09:47:02 PM,806 root INFO Loss = tensor([17.6200])
03/25/2020 09:47:09 PM,353 root INFO Loss = tensor([18.6761])
03/25/2020 09:47:15 PM,706 root INFO Loss = tensor([18.6023])
03/25/2020 09:47:22 PM,35 root INFO Loss = tensor([20.3367])
03/25/2020 09:47:28 PM,668 root INFO Loss = tensor([21.1908])
03/25/2020 09:47:37 PM,337 root INFO Loss = tensor([19.4085])
03/25/2020 09:47:47 PM,794 root INFO Validation All-nodes accuracy:0.71(best:0.71)
03/25/2020 09:47:47 PM,794 root INFO Validation Root accuracy:0.86(best:0.89)
03/25/2020 09:47:47 PM,794 root INFO F1:[0.97, 0.5](best:1.0 , 0.5)
03/25/2020 09:48:04 PM,344 root INFO Training All-nodes accuracy:0.69(best:0.7)
03/25/2020 09:48:04 PM,344 root INFO Training Root accuracy:0.94(best:0.98)
03/25/2020 09:48:04 PM,344 root INFO Training F1:[0.96, 0.97](best:1.0 , 0.99)
03/25/2020 09:48:04 PM,347 root INFO Epoch: 20
03/25/2020 09:48:06 PM,116 root INFO Loss = tensor([19.2509])
03/25/2020 09:48:12 PM,897 root INFO Loss = tensor([19.8566])
03/25/2020 09:48:22 PM,200 root INFO Loss = tensor([24.2185])
03/25/2020 09:48:36 PM,82 root INFO Loss = tensor([26.7755])
03/25/2020 09:48:45 PM,654 root INFO Loss = tensor([22.0989])
03/25/2020 09:48:56 PM,100 root INFO Loss = tensor([18.4167])
03/25/2020 09:49:05 PM,907 root INFO Loss = tensor([25.0907])
03/25/2020 09:49:15 PM,128 root INFO Loss = tensor([30.2732])
03/25/2020 09:49:24 PM,523 root INFO Loss = tensor([28.1462])
03/25/2020 09:49:33 PM,663 root INFO Loss = tensor([25.7428])
03/25/2020 09:49:41 PM,893 root INFO Validation All-nodes accuracy:0.74(best:0.74)
03/25/2020 09:49:41 PM,893 root INFO Validation Root accuracy:0.85(best:0.89)
03/25/2020 09:49:41 PM,893 root INFO F1:[0.96, 0.44](best:1.0 , 0.5)
03/25/2020 09:50:04 PM,829 root INFO Training All-nodes accuracy:0.69(best:0.7)
03/25/2020 09:50:04 PM,829 root INFO Training Root accuracy:0.95(best:0.98)
03/25/2020 09:50:04 PM,830 root INFO Training F1:[0.97, 0.98](best:1.0 , 0.99)
03/25/2020 09:50:04 PM,833 root INFO Epoch: 21
03/25/2020 09:50:07 PM,60 root INFO Loss = tensor([18.5571])
03/25/2020 09:50:16 PM,579 root INFO Loss = tensor([20.7852])
03/25/2020 09:50:26 PM,38 root INFO Loss = tensor([22.9141])
03/25/2020 09:50:38 PM,983 root INFO Loss = tensor([24.6720])
03/25/2020 09:50:47 PM,819 root INFO Loss = tensor([23.2442])
03/25/2020 09:50:55 PM,939 root INFO Loss = tensor([18.6967])
03/25/2020 09:51:04 PM,148 root INFO Loss = tensor([20.6878])
03/25/2020 09:51:14 PM,126 root INFO Loss = tensor([22.3180])
03/25/2020 09:51:37 PM,99 root INFO Loss = tensor([24.1471])
03/25/2020 09:51:46 PM,443 root INFO Loss = tensor([22.1700])
03/25/2020 09:51:54 PM,517 root INFO Validation All-nodes accuracy:0.45(best:0.74)
03/25/2020 09:51:54 PM,518 root INFO Validation Root accuracy:0.74(best:0.89)
03/25/2020 09:51:54 PM,518 root INFO F1:[0.96, 0.25](best:1.0 , 0.5)
03/25/2020 09:52:29 PM,455 root INFO Training All-nodes accuracy:0.69(best:0.7)
03/25/2020 09:52:29 PM,457 root INFO Training Root accuracy:0.95(best:0.98)
03/25/2020 09:52:29 PM,457 root INFO Training F1:[0.98, 0.96](best:1.0 , 0.99)
03/25/2020 09:52:29 PM,461 root INFO Epoch: 22
03/25/2020 09:52:32 PM,422 root INFO Loss = tensor([18.5015])
03/25/2020 09:52:47 PM,311 root INFO Loss = tensor([18.5298])
03/25/2020 09:53:03 PM,268 root INFO Loss = tensor([18.0158])
03/25/2020 09:53:15 PM,255 root INFO Loss = tensor([19.1564])
03/25/2020 09:53:26 PM,660 root INFO Loss = tensor([17.5476])
03/25/2020 09:53:38 PM,406 root INFO Loss = tensor([17.5286])
03/25/2020 09:53:50 PM,513 root INFO Loss = tensor([18.4198])
03/25/2020 09:54:11 PM,451 root INFO Loss = tensor([17.8555])
03/25/2020 09:54:26 PM,482 root INFO Loss = tensor([17.5410])
03/25/2020 09:54:36 PM,530 root INFO Loss = tensor([18.5760])
03/25/2020 09:54:48 PM,24 root INFO Validation All-nodes accuracy:0.51(best:0.74)
03/25/2020 09:54:48 PM,26 root INFO Validation Root accuracy:0.82(best:0.89)
03/25/2020 09:54:48 PM,27 root INFO F1:[0.96, 0.36](best:1.0 , 0.5)
03/25/2020 09:55:18 PM,780 root INFO Training All-nodes accuracy:0.7(best:0.7)
03/25/2020 09:55:18 PM,782 root INFO Training Root accuracy:0.96(best:0.98)
03/25/2020 09:55:18 PM,782 root INFO Training F1:[0.99, 0.97](best:1.0 , 0.99)
03/25/2020 09:55:18 PM,796 root INFO Epoch: 23
03/25/2020 09:55:21 PM,515 root INFO Loss = tensor([17.4304])
03/25/2020 09:55:32 PM,672 root INFO Loss = tensor([20.4762])
03/25/2020 09:55:42 PM,508 root INFO Loss = tensor([19.9259])
03/25/2020 09:55:52 PM,402 root INFO Loss = tensor([18.0514])
03/25/2020 09:56:03 PM,825 root INFO Loss = tensor([17.7346])
03/25/2020 09:56:14 PM,895 root INFO Loss = tensor([18.2203])
03/25/2020 09:56:27 PM,47 root INFO Loss = tensor([17.3404])
03/25/2020 09:56:38 PM,431 root INFO Loss = tensor([18.2199])
03/25/2020 09:56:48 PM,648 root INFO Loss = tensor([19.7772])
03/25/2020 09:57:03 PM,1 root INFO Loss = tensor([17.5205])
03/25/2020 09:57:20 PM,223 root INFO Validation All-nodes accuracy:0.45(best:0.74)
03/25/2020 09:57:20 PM,224 root INFO Validation Root accuracy:0.79(best:0.89)
03/25/2020 09:57:20 PM,224 root INFO F1:[0.96, 0.31](best:1.0 , 0.5)
03/25/2020 09:57:44 PM,666 root INFO Training All-nodes accuracy:0.7(best:0.7)
03/25/2020 09:57:44 PM,666 root INFO Training Root accuracy:0.97(best:0.98)
03/25/2020 09:57:44 PM,667 root INFO Training F1:[1.0, 0.97](best:1.0 , 0.99)
03/25/2020 09:57:44 PM,669 root INFO Epoch: 24
03/25/2020 09:57:48 PM,160 root INFO Loss = tensor([17.3872])
03/25/2020 09:58:01 PM,372 root INFO Loss = tensor([23.2803])
03/25/2020 09:58:15 PM,242 root INFO Loss = tensor([24.4626])
03/25/2020 09:58:25 PM,238 root INFO Loss = tensor([26.4445])
03/25/2020 09:58:36 PM,814 root INFO Loss = tensor([24.2497])
03/25/2020 09:58:48 PM,582 root INFO Loss = tensor([16.2173])
03/25/2020 09:58:58 PM,795 root INFO Loss = tensor([20.2934])
03/25/2020 09:59:11 PM,319 root INFO Loss = tensor([23.0224])
03/25/2020 09:59:25 PM,23 root INFO Loss = tensor([25.9306])
03/25/2020 09:59:35 PM,426 root INFO Loss = tensor([21.2001])
03/25/2020 09:59:43 PM,657 root INFO Validation All-nodes accuracy:0.49(best:0.74)
03/25/2020 09:59:43 PM,657 root INFO Validation Root accuracy:0.88(best:0.89)
03/25/2020 09:59:43 PM,658 root INFO F1:[0.97, 0.56](best:1.0 , 0.56)
03/25/2020 10:00:08 PM,166 root INFO Training All-nodes accuracy:0.71(best:0.71)
03/25/2020 10:00:08 PM,166 root INFO Training Root accuracy:0.98(best:0.98)
03/25/2020 10:00:08 PM,166 root INFO Training F1:[1.0, 0.98](best:1.0 , 0.99)
03/25/2020 10:00:08 PM,169 root INFO Epoch: 25
03/25/2020 10:00:10 PM,336 root INFO Loss = tensor([16.9590])
03/25/2020 10:00:20 PM,402 root INFO Loss = tensor([23.1369])
03/25/2020 10:00:30 PM,977 root INFO Loss = tensor([24.6015])
03/25/2020 10:00:42 PM,109 root INFO Loss = tensor([24.1462])
03/25/2020 10:00:58 PM,279 root INFO Loss = tensor([18.4532])
03/25/2020 10:01:08 PM,40 root INFO Loss = tensor([19.1126])
03/25/2020 10:01:17 PM,348 root INFO Loss = tensor([19.3444])
03/25/2020 10:01:25 PM,969 root INFO Loss = tensor([18.5111])
03/25/2020 10:01:35 PM,252 root INFO Loss = tensor([15.8793])
03/25/2020 10:01:43 PM,96 root INFO Loss = tensor([19.3505])
03/25/2020 10:01:50 PM,772 root INFO Validation All-nodes accuracy:0.55(best:0.74)
03/25/2020 10:01:50 PM,773 root INFO Validation Root accuracy:0.89(best:0.89)
03/25/2020 10:01:50 PM,773 root INFO F1:[0.96, 0.6](best:1.0 , 0.6)
03/25/2020 10:02:13 PM,976 root INFO Training All-nodes accuracy:0.7(best:0.71)
03/25/2020 10:02:13 PM,976 root INFO Training Root accuracy:0.95(best:0.98)
03/25/2020 10:02:13 PM,976 root INFO Training F1:[0.96, 0.99](best:1.0 , 0.99)
03/25/2020 10:02:13 PM,979 root INFO Epoch: 26
03/25/2020 10:02:16 PM,263 root INFO Loss = tensor([17.4940])
03/25/2020 10:02:24 PM,791 root INFO Loss = tensor([17.1259])
03/25/2020 10:02:33 PM,745 root INFO Loss = tensor([17.4046])
03/25/2020 10:02:42 PM,334 root INFO Loss = tensor([16.8134])
03/25/2020 10:02:50 PM,700 root INFO Loss = tensor([16.7883])
03/25/2020 10:02:58 PM,826 root INFO Loss = tensor([17.5287])
03/25/2020 10:03:07 PM,152 root INFO Loss = tensor([19.2657])
03/25/2020 10:03:15 PM,20 root INFO Loss = tensor([15.5215])
03/25/2020 10:03:22 PM,529 root INFO Loss = tensor([17.8513])
03/25/2020 10:03:30 PM,390 root INFO Loss = tensor([18.4074])
03/25/2020 10:03:38 PM,422 root INFO Validation All-nodes accuracy:0.54(best:0.74)
03/25/2020 10:03:38 PM,424 root INFO Validation Root accuracy:0.88(best:0.89)
03/25/2020 10:03:38 PM,424 root INFO F1:[0.96, 0.53](best:1.0 , 0.6)
03/25/2020 10:03:59 PM,839 root INFO Training All-nodes accuracy:0.72(best:0.72)
03/25/2020 10:03:59 PM,839 root INFO Training Root accuracy:0.98(best:0.98)
03/25/2020 10:03:59 PM,839 root INFO Training F1:[1.0, 0.98](best:1.0 , 0.99)
03/25/2020 10:03:59 PM,843 root INFO Epoch: 27
03/25/2020 10:04:02 PM,12 root INFO Loss = tensor([17.0121])
03/25/2020 10:04:10 PM,612 root INFO Loss = tensor([20.9239])
03/25/2020 10:04:19 PM,26 root INFO Loss = tensor([20.8181])
03/25/2020 10:04:27 PM,715 root INFO Loss = tensor([17.8309])
03/25/2020 10:04:36 PM,384 root INFO Loss = tensor([16.3418])
03/25/2020 10:04:44 PM,419 root INFO Loss = tensor([18.3686])
03/25/2020 10:04:53 PM,269 root INFO Loss = tensor([16.6939])
03/25/2020 10:05:01 PM,855 root INFO Loss = tensor([17.0509])
03/25/2020 10:05:10 PM,304 root INFO Loss = tensor([17.2564])
03/25/2020 10:05:18 PM,334 root INFO Loss = tensor([15.6621])
03/25/2020 10:05:25 PM,808 root INFO Validation All-nodes accuracy:0.67(best:0.74)
03/25/2020 10:05:25 PM,809 root INFO Validation Root accuracy:0.92(best:0.92)
03/25/2020 10:05:25 PM,809 root INFO F1:[0.96, 0.8](best:1.0 , 0.8)
03/25/2020 10:05:47 PM,717 root INFO Training All-nodes accuracy:0.72(best:0.72)
03/25/2020 10:05:47 PM,718 root INFO Training Root accuracy:0.99(best:0.99)
03/25/2020 10:05:47 PM,718 root INFO Training F1:[1.0, 0.99](best:1.0 , 0.99)
03/25/2020 10:05:47 PM,721 root INFO Epoch: 28
03/25/2020 10:05:49 PM,679 root INFO Loss = tensor([16.7159])
03/25/2020 10:05:57 PM,673 root INFO Loss = tensor([15.8662])
03/25/2020 10:06:05 PM,661 root INFO Loss = tensor([17.8136])
03/25/2020 10:06:13 PM,740 root INFO Loss = tensor([17.8845])
03/25/2020 10:06:22 PM,989 root INFO Loss = tensor([16.4606])
03/25/2020 10:06:35 PM,926 root INFO Loss = tensor([18.4196])
03/25/2020 10:06:50 PM,151 root INFO Loss = tensor([16.2814])
03/25/2020 10:07:01 PM,774 root INFO Loss = tensor([15.5754])
03/25/2020 10:07:11 PM,49 root INFO Loss = tensor([15.3732])
03/25/2020 10:07:20 PM,57 root INFO Loss = tensor([18.1508])
03/25/2020 10:07:31 PM,68 root INFO Validation All-nodes accuracy:0.53(best:0.74)
03/25/2020 10:07:31 PM,69 root INFO Validation Root accuracy:0.89(best:0.92)
03/25/2020 10:07:31 PM,69 root INFO F1:[0.96, 0.62](best:1.0 , 0.8)
03/25/2020 10:08:01 PM,494 root INFO Training All-nodes accuracy:0.72(best:0.72)
03/25/2020 10:08:01 PM,501 root INFO Training Root accuracy:0.98(best:0.99)
03/25/2020 10:08:01 PM,501 root INFO Training F1:[1.0, 0.99](best:1.0 , 0.99)
03/25/2020 10:08:01 PM,504 root INFO Epoch: 29
03/25/2020 10:08:04 PM,43 root INFO Loss = tensor([16.9719])
03/25/2020 10:08:16 PM,744 root INFO Loss = tensor([16.8122])
03/25/2020 10:08:26 PM,867 root INFO Loss = tensor([16.8216])
03/25/2020 10:08:36 PM,419 root INFO Loss = tensor([15.8782])
03/25/2020 10:08:46 PM,581 root INFO Loss = tensor([18.7368])
03/25/2020 10:08:57 PM,468 root INFO Loss = tensor([17.1509])
03/25/2020 10:09:09 PM,677 root INFO Loss = tensor([17.4928])
03/25/2020 10:09:30 PM,84 root INFO Loss = tensor([16.2612])
03/25/2020 10:09:40 PM,948 root INFO Loss = tensor([17.7211])
03/25/2020 10:09:56 PM,368 root INFO Loss = tensor([16.2251])
03/25/2020 10:10:14 PM,633 root INFO Validation All-nodes accuracy:0.49(best:0.74)
03/25/2020 10:10:14 PM,643 root INFO Validation Root accuracy:0.85(best:0.92)
03/25/2020 10:10:14 PM,643 root INFO F1:[0.96, 0.38](best:1.0 , 0.8)
03/25/2020 10:10:42 PM,906 root INFO Training All-nodes accuracy:0.71(best:0.72)
03/25/2020 10:10:42 PM,910 root INFO Training Root accuracy:0.98(best:0.99)
03/25/2020 10:10:42 PM,910 root INFO Training F1:[1.0, 0.99](best:1.0 , 0.99)
03/25/2020 10:10:42 PM,914 root INFO Epoch: 30
03/25/2020 10:10:46 PM,741 root INFO Loss = tensor([16.0310])
03/25/2020 10:10:58 PM,708 root INFO Loss = tensor([17.0031])
03/25/2020 10:11:07 PM,543 root INFO Loss = tensor([15.5775])
03/25/2020 10:11:15 PM,682 root INFO Loss = tensor([19.6430])
03/25/2020 10:11:24 PM,194 root INFO Loss = tensor([17.6954])
03/25/2020 10:11:33 PM,306 root INFO Loss = tensor([16.5233])
03/25/2020 10:11:41 PM,971 root INFO Loss = tensor([18.9227])
03/25/2020 10:11:50 PM,911 root INFO Loss = tensor([19.8327])
03/25/2020 10:11:59 PM,469 root INFO Loss = tensor([21.0455])
03/25/2020 10:12:09 PM,147 root INFO Loss = tensor([16.1127])
03/25/2020 10:12:16 PM,857 root INFO Validation All-nodes accuracy:0.7(best:0.74)
03/25/2020 10:12:16 PM,858 root INFO Validation Root accuracy:0.88(best:0.92)
03/25/2020 10:12:16 PM,859 root INFO F1:[0.96, 0.5](best:1.0 , 0.8)
03/25/2020 10:12:38 PM,25 root INFO Training All-nodes accuracy:0.72(best:0.72)
03/25/2020 10:12:38 PM,26 root INFO Training Root accuracy:0.98(best:0.99)
03/25/2020 10:12:38 PM,26 root INFO Training F1:[1.0, 0.98](best:1.0 , 0.99)
03/25/2020 10:12:38 PM,30 root INFO Epoch: 31
03/25/2020 10:12:39 PM,989 root INFO Loss = tensor([15.3799])
03/25/2020 10:12:48 PM,351 root INFO Loss = tensor([27.6633])
03/25/2020 10:12:56 PM,387 root INFO Loss = tensor([27.1475])
03/25/2020 10:13:04 PM,192 root INFO Loss = tensor([32.7184])
03/25/2020 10:13:15 PM,913 root INFO Loss = tensor([32.8843])
03/25/2020 10:13:27 PM,842 root INFO Loss = tensor([20.5324])
03/25/2020 10:13:38 PM,476 root INFO Loss = tensor([17.7503])
03/25/2020 10:13:47 PM,940 root INFO Loss = tensor([19.9476])
03/25/2020 10:13:56 PM,726 root INFO Loss = tensor([18.0789])
03/25/2020 10:14:04 PM,707 root INFO Loss = tensor([19.1283])
03/25/2020 10:14:13 PM,549 root INFO Validation All-nodes accuracy:0.68(best:0.74)
03/25/2020 10:14:13 PM,550 root INFO Validation Root accuracy:0.91(best:0.92)
03/25/2020 10:14:13 PM,550 root INFO F1:[0.95, 0.99](best:1.0 , 0.99)
03/25/2020 10:15:04 PM,351 root INFO Training All-nodes accuracy:0.7(best:0.72)
03/25/2020 10:15:04 PM,352 root INFO Training Root accuracy:0.9(best:0.99)
03/25/2020 10:15:04 PM,352 root INFO Training F1:[0.91, 1.0](best:1.0 , 1.0)
03/25/2020 10:15:04 PM,355 root INFO Epoch: 32
03/25/2020 10:15:07 PM,501 root INFO Loss = tensor([17.4316])
03/25/2020 10:15:18 PM,768 root INFO Loss = tensor([19.9756])
03/25/2020 10:15:29 PM,248 root INFO Loss = tensor([18.0660])
03/25/2020 10:15:38 PM,96 root INFO Loss = tensor([16.9116])
03/25/2020 10:15:50 PM,699 root INFO Loss = tensor([15.6720])
03/25/2020 10:16:01 PM,788 root INFO Loss = tensor([15.4610])
03/25/2020 10:16:11 PM,959 root INFO Loss = tensor([16.8920])
03/25/2020 10:16:25 PM,795 root INFO Loss = tensor([16.6437])
03/25/2020 10:16:34 PM,353 root INFO Loss = tensor([16.5013])
03/25/2020 10:16:42 PM,806 root INFO Loss = tensor([15.7463])
03/25/2020 10:16:57 PM,891 root INFO Validation All-nodes accuracy:0.63(best:0.74)
03/25/2020 10:16:57 PM,891 root INFO Validation Root accuracy:0.9(best:0.92)
03/25/2020 10:16:57 PM,894 root INFO F1:[0.96, 0.67](best:1.0 , 0.99)
03/25/2020 10:17:26 PM,735 root INFO Training All-nodes accuracy:0.73(best:0.73)
03/25/2020 10:17:26 PM,735 root INFO Training Root accuracy:0.99(best:0.99)
03/25/2020 10:17:26 PM,736 root INFO Training F1:[1.0, 0.99](best:1.0 , 1.0)
03/25/2020 10:17:26 PM,738 root INFO Epoch: 33
03/25/2020 10:17:28 PM,632 root INFO Loss = tensor([15.1978])
03/25/2020 10:17:37 PM,43 root INFO Loss = tensor([16.4831])
03/25/2020 10:17:48 PM,950 root INFO Loss = tensor([16.3761])
03/25/2020 10:17:59 PM,640 root INFO Loss = tensor([16.3975])
03/25/2020 10:18:08 PM,435 root INFO Loss = tensor([17.1053])
03/25/2020 10:18:19 PM,94 root INFO Loss = tensor([15.7732])
03/25/2020 10:18:28 PM,133 root INFO Loss = tensor([17.2373])
03/25/2020 10:18:37 PM,19 root INFO Loss = tensor([17.9181])
03/25/2020 10:18:47 PM,606 root INFO Loss = tensor([17.6673])
03/25/2020 10:18:56 PM,868 root INFO Loss = tensor([17.0157])
03/25/2020 10:19:05 PM,164 root INFO Validation All-nodes accuracy:0.65(best:0.74)
03/25/2020 10:19:05 PM,164 root INFO Validation Root accuracy:0.89(best:0.92)
03/25/2020 10:19:05 PM,164 root INFO F1:[0.96, 0.57](best:1.0 , 0.99)
03/25/2020 10:19:52 PM,152 root INFO Training All-nodes accuracy:0.72(best:0.73)
03/25/2020 10:19:52 PM,153 root INFO Training Root accuracy:0.98(best:0.99)
03/25/2020 10:19:52 PM,154 root INFO Training F1:[0.99, 0.99](best:1.0 , 1.0)
03/25/2020 10:19:52 PM,157 root INFO Epoch: 34
03/25/2020 10:19:55 PM,394 root INFO Loss = tensor([15.7965])
03/25/2020 10:20:05 PM,458 root INFO Loss = tensor([16.5445])
03/25/2020 10:20:15 PM,901 root INFO Loss = tensor([17.0936])
03/25/2020 10:20:25 PM,31 root INFO Loss = tensor([15.8419])
03/25/2020 10:20:33 PM,548 root INFO Loss = tensor([15.1708])
03/25/2020 10:20:41 PM,784 root INFO Loss = tensor([16.1317])
03/25/2020 10:20:50 PM,762 root INFO Loss = tensor([16.9814])
03/25/2020 10:20:59 PM,832 root INFO Loss = tensor([15.5944])
03/25/2020 10:21:08 PM,355 root INFO Loss = tensor([15.7942])
03/25/2020 10:21:17 PM,625 root INFO Loss = tensor([17.1641])
03/25/2020 10:21:26 PM,550 root INFO Validation All-nodes accuracy:0.65(best:0.74)
03/25/2020 10:21:26 PM,550 root INFO Validation Root accuracy:0.91(best:0.92)
03/25/2020 10:21:26 PM,550 root INFO F1:[0.96, 0.8](best:1.0 , 0.99)
03/25/2020 10:21:49 PM,247 root INFO Training All-nodes accuracy:0.73(best:0.73)
03/25/2020 10:21:49 PM,247 root INFO Training Root accuracy:0.99(best:0.99)
03/25/2020 10:21:49 PM,247 root INFO Training F1:[1.0, 0.99](best:1.0 , 1.0)
03/25/2020 10:21:49 PM,250 root INFO Epoch: 35
03/25/2020 10:21:51 PM,385 root INFO Loss = tensor([15.4675])
03/25/2020 10:22:00 PM,442 root INFO Loss = tensor([15.3818])
03/25/2020 10:22:09 PM,830 root INFO Loss = tensor([15.1295])
03/25/2020 10:22:19 PM,504 root INFO Loss = tensor([15.0149])
03/25/2020 10:22:29 PM,628 root INFO Loss = tensor([15.6882])
03/25/2020 10:22:42 PM,305 root INFO Loss = tensor([16.1394])
03/25/2020 10:22:51 PM,645 root INFO Loss = tensor([16.2252])
03/25/2020 10:23:00 PM,996 root INFO Loss = tensor([17.2763])
03/25/2020 10:23:10 PM,25 root INFO Loss = tensor([14.7379])
03/25/2020 10:23:18 PM,171 root INFO Loss = tensor([16.4383])
03/25/2020 10:23:26 PM,242 root INFO Validation All-nodes accuracy:0.71(best:0.74)
03/25/2020 10:23:26 PM,243 root INFO Validation Root accuracy:0.88(best:0.92)
03/25/2020 10:23:26 PM,243 root INFO F1:[0.96, 0.5](best:1.0 , 0.99)
03/25/2020 10:23:46 PM,611 root INFO Training All-nodes accuracy:0.73(best:0.73)
03/25/2020 10:23:46 PM,611 root INFO Training Root accuracy:0.99(best:0.99)
03/25/2020 10:23:46 PM,612 root INFO Training F1:[1.0, 0.99](best:1.0 , 1.0)
03/25/2020 10:23:46 PM,614 root INFO Epoch: 36
03/25/2020 10:23:50 PM,865 root INFO Loss = tensor([15.2782])
03/25/2020 10:24:08 PM,105 root INFO Loss = tensor([18.6077])
03/25/2020 10:24:16 PM,938 root INFO Loss = tensor([20.1621])
03/25/2020 10:24:26 PM,3 root INFO Loss = tensor([16.5556])
03/25/2020 10:24:34 PM,735 root INFO Loss = tensor([15.9338])
03/25/2020 10:24:49 PM,651 root INFO Loss = tensor([18.0062])
03/25/2020 10:25:02 PM,224 root INFO Loss = tensor([15.8234])
03/25/2020 10:25:17 PM,447 root INFO Loss = tensor([15.2747])
03/25/2020 10:25:28 PM,530 root INFO Loss = tensor([16.7819])
03/25/2020 10:25:40 PM,607 root INFO Loss = tensor([16.2928])
03/25/2020 10:25:51 PM,243 root INFO Validation All-nodes accuracy:0.56(best:0.74)
03/25/2020 10:25:51 PM,243 root INFO Validation Root accuracy:0.9(best:0.92)
03/25/2020 10:25:51 PM,244 root INFO F1:[0.96, 0.67](best:1.0 , 0.99)
03/25/2020 10:26:20 PM,373 root INFO Training All-nodes accuracy:0.73(best:0.73)
03/25/2020 10:26:20 PM,374 root INFO Training Root accuracy:1.0(best:1.0)
03/25/2020 10:26:20 PM,374 root INFO Training F1:[1.0, 1.0](best:1.0 , 1.0)
03/25/2020 10:26:20 PM,378 root INFO Epoch: 37
03/25/2020 10:26:22 PM,769 root INFO Loss = tensor([14.2075])
03/25/2020 10:26:37 PM,228 root INFO Loss = tensor([19.4923])
03/25/2020 10:26:50 PM,525 root INFO Loss = tensor([23.2639])
03/25/2020 10:27:01 PM,578 root INFO Loss = tensor([19.4107])
03/25/2020 10:27:16 PM,243 root INFO Loss = tensor([14.8895])
03/25/2020 10:27:27 PM,332 root INFO Loss = tensor([20.3289])
03/25/2020 10:27:36 PM,958 root INFO Loss = tensor([28.9480])
03/25/2020 10:27:46 PM,916 root INFO Loss = tensor([25.9808])
03/25/2020 10:28:04 PM,462 root INFO Loss = tensor([20.9482])
03/25/2020 10:28:35 PM,614 root INFO Loss = tensor([16.3664])
03/25/2020 10:28:47 PM,560 root INFO Validation All-nodes accuracy:0.54(best:0.74)
03/25/2020 10:28:47 PM,561 root INFO Validation Root accuracy:0.89(best:0.92)
03/25/2020 10:28:47 PM,561 root INFO F1:[0.96, 0.6](best:1.0 , 0.99)
03/25/2020 10:29:18 PM,85 root INFO Training All-nodes accuracy:0.73(best:0.73)
03/25/2020 10:29:18 PM,87 root INFO Training Root accuracy:0.99(best:1.0)
03/25/2020 10:29:18 PM,87 root INFO Training F1:[1.0, 0.99](best:1.0 , 1.0)
03/25/2020 10:29:18 PM,90 root INFO Epoch: 38
03/25/2020 10:29:20 PM,718 root INFO Loss = tensor([14.4207])
03/25/2020 10:29:32 PM,96 root INFO Loss = tensor([16.8581])
03/25/2020 10:29:44 PM,885 root INFO Loss = tensor([16.7768])
03/25/2020 10:29:55 PM,214 root INFO Loss = tensor([16.7290])
03/25/2020 10:30:05 PM,977 root INFO Loss = tensor([16.3242])
03/25/2020 10:30:16 PM,717 root INFO Loss = tensor([16.0244])
03/25/2020 10:30:26 PM,952 root INFO Loss = tensor([16.3938])
03/25/2020 10:30:37 PM,271 root INFO Loss = tensor([15.2471])
03/25/2020 10:30:46 PM,778 root INFO Loss = tensor([13.8840])
03/25/2020 10:30:55 PM,796 root INFO Loss = tensor([14.7042])
03/25/2020 10:31:04 PM,668 root INFO Validation All-nodes accuracy:0.67(best:0.74)
03/25/2020 10:31:04 PM,669 root INFO Validation Root accuracy:0.89(best:0.92)
03/25/2020 10:31:04 PM,669 root INFO F1:[0.96, 0.55](best:1.0 , 0.99)
03/25/2020 10:31:28 PM,930 root INFO Training All-nodes accuracy:0.73(best:0.73)
03/25/2020 10:31:28 PM,932 root INFO Training Root accuracy:1.0(best:1.0)
03/25/2020 10:31:28 PM,932 root INFO Training F1:[1.0, 1.0](best:1.0 , 1.0)
03/25/2020 10:31:28 PM,935 root INFO Epoch: 39
03/25/2020 10:31:31 PM,140 root INFO Loss = tensor([15.4332])
03/25/2020 10:31:40 PM,201 root INFO Loss = tensor([15.9695])
03/25/2020 10:31:49 PM,637 root INFO Loss = tensor([15.5989])
03/25/2020 10:31:58 PM,861 root INFO Loss = tensor([18.0317])
03/25/2020 10:32:08 PM,357 root INFO Loss = tensor([16.4190])
03/25/2020 10:32:17 PM,953 root INFO Loss = tensor([15.5277])
03/25/2020 10:32:27 PM,433 root INFO Loss = tensor([15.0307])
03/25/2020 10:32:36 PM,835 root INFO Loss = tensor([15.6419])
03/25/2020 10:32:47 PM,71 root INFO Loss = tensor([17.6840])
03/25/2020 10:32:56 PM,642 root INFO Loss = tensor([19.2653])
03/25/2020 10:33:05 PM,352 root INFO Validation All-nodes accuracy:0.64(best:0.74)
03/25/2020 10:33:05 PM,353 root INFO Validation Root accuracy:0.91(best:0.92)
03/25/2020 10:33:05 PM,353 root INFO F1:[0.96, 0.8](best:1.0 , 0.99)
03/25/2020 10:33:30 PM,28 root INFO Training All-nodes accuracy:0.73(best:0.73)
03/25/2020 10:33:30 PM,29 root INFO Training Root accuracy:1.0(best:1.0)
03/25/2020 10:33:30 PM,30 root INFO Training F1:[1.0, 1.0](best:1.0 , 1.0)
03/25/2020 10:33:30 PM,33 root INFO Epoch: 40
03/25/2020 10:33:32 PM,527 root INFO Loss = tensor([15.1155])
03/25/2020 10:33:42 PM,644 root INFO Loss = tensor([15.4028])
03/25/2020 10:33:52 PM,467 root INFO Loss = tensor([15.0328])
03/25/2020 10:34:01 PM,999 root INFO Loss = tensor([16.2207])
03/25/2020 10:34:11 PM,671 root INFO Loss = tensor([15.6403])
03/25/2020 10:34:21 PM,352 root INFO Loss = tensor([16.1961])
03/25/2020 10:34:31 PM,578 root INFO Loss = tensor([15.7165])
03/25/2020 10:34:41 PM,84 root INFO Loss = tensor([15.9872])
03/25/2020 10:34:50 PM,165 root INFO Loss = tensor([15.5913])
03/25/2020 10:34:58 PM,421 root INFO Loss = tensor([19.4838])
03/25/2020 10:35:06 PM,355 root INFO Validation All-nodes accuracy:0.69(best:0.74)
03/25/2020 10:35:06 PM,355 root INFO Validation Root accuracy:0.89(best:0.92)
03/25/2020 10:35:06 PM,356 root INFO F1:[0.96, 0.6](best:1.0 , 0.99)
03/25/2020 10:35:27 PM,558 root INFO Training All-nodes accuracy:0.74(best:0.74)
03/25/2020 10:35:27 PM,558 root INFO Training Root accuracy:1.0(best:1.0)
03/25/2020 10:35:27 PM,559 root INFO Training F1:[1.0, 1.0](best:1.0 , 1.0)
03/25/2020 10:35:27 PM,562 root INFO Epoch: 41
03/25/2020 10:35:29 PM,735 root INFO Loss = tensor([14.8233])
03/25/2020 10:35:39 PM,193 root INFO Loss = tensor([15.7788])
03/25/2020 10:35:48 PM,453 root INFO Loss = tensor([14.2410])
03/25/2020 10:35:57 PM,573 root INFO Loss = tensor([15.1335])
03/25/2020 10:36:06 PM,800 root INFO Loss = tensor([14.3649])
03/25/2020 10:36:15 PM,533 root INFO Loss = tensor([16.1179])
03/25/2020 10:36:25 PM,430 root INFO Loss = tensor([15.6548])
03/25/2020 10:36:35 PM,260 root INFO Loss = tensor([16.3310])
03/25/2020 10:36:46 PM,382 root INFO Loss = tensor([15.6292])
03/25/2020 10:36:55 PM,393 root INFO Loss = tensor([14.0717])
03/25/2020 10:37:03 PM,299 root INFO Validation All-nodes accuracy:0.7(best:0.74)
03/25/2020 10:37:03 PM,299 root INFO Validation Root accuracy:0.92(best:0.92)
03/25/2020 10:37:03 PM,299 root INFO F1:[0.96, 1.0](best:1.0 , 1.0)
03/25/2020 10:37:31 PM,900 root INFO Training All-nodes accuracy:0.74(best:0.74)
03/25/2020 10:37:31 PM,901 root INFO Training Root accuracy:1.0(best:1.0)
03/25/2020 10:37:31 PM,901 root INFO Training F1:[1.0, 1.0](best:1.0 , 1.0)
03/25/2020 10:37:31 PM,904 root INFO Epoch: 42
03/25/2020 10:37:35 PM,315 root INFO Loss = tensor([14.3984])
03/25/2020 10:37:45 PM,699 root INFO Loss = tensor([14.5353])
03/25/2020 10:37:57 PM,634 root INFO Loss = tensor([15.1430])
03/25/2020 10:38:08 PM,410 root INFO Loss = tensor([15.1942])
03/25/2020 10:38:21 PM,123 root INFO Loss = tensor([14.5667])
03/25/2020 10:38:32 PM,450 root INFO Loss = tensor([14.7628])
03/25/2020 10:38:44 PM,602 root INFO Loss = tensor([16.3498])
03/25/2020 10:38:56 PM,332 root INFO Loss = tensor([14.6608])
03/25/2020 10:39:06 PM,851 root INFO Loss = tensor([18.3725])
03/25/2020 10:39:16 PM,726 root INFO Loss = tensor([16.4957])
03/25/2020 10:39:25 PM,215 root INFO Validation All-nodes accuracy:0.64(best:0.74)
03/25/2020 10:39:25 PM,215 root INFO Validation Root accuracy:0.92(best:0.92)
03/25/2020 10:39:25 PM,216 root INFO F1:[0.96, 1.0](best:1.0 , 1.0)
03/25/2020 10:39:48 PM,577 root INFO Training All-nodes accuracy:0.74(best:0.74)
03/25/2020 10:39:48 PM,578 root INFO Training Root accuracy:1.0(best:1.0)
03/25/2020 10:39:48 PM,578 root INFO Training F1:[1.0, 1.0](best:1.0 , 1.0)
03/25/2020 10:39:48 PM,581 root INFO Epoch: 43
03/25/2020 10:39:50 PM,968 root INFO Loss = tensor([15.1915])
03/25/2020 10:40:02 PM,281 root INFO Loss = tensor([17.2450])
03/25/2020 10:40:12 PM,499 root INFO Loss = tensor([19.5542])
03/25/2020 10:40:22 PM,484 root INFO Loss = tensor([14.9949])
03/25/2020 10:40:32 PM,17 root INFO Loss = tensor([14.8488])
03/25/2020 10:40:41 PM,798 root INFO Loss = tensor([15.4673])
03/25/2020 10:40:54 PM,580 root INFO Loss = tensor([15.1580])
03/25/2020 10:41:05 PM,720 root INFO Loss = tensor([14.6802])
03/25/2020 10:41:16 PM,271 root INFO Loss = tensor([17.8954])
03/25/2020 10:41:25 PM,61 root INFO Loss = tensor([16.5637])
03/25/2020 10:41:41 PM,382 root INFO Validation All-nodes accuracy:0.55(best:0.74)
03/25/2020 10:41:41 PM,383 root INFO Validation Root accuracy:0.89(best:0.92)
03/25/2020 10:41:41 PM,383 root INFO F1:[0.96, 0.57](best:1.0 , 1.0)
03/25/2020 10:42:03 PM,580 root INFO Training All-nodes accuracy:0.74(best:0.74)
03/25/2020 10:42:03 PM,580 root INFO Training Root accuracy:1.0(best:1.0)
03/25/2020 10:42:03 PM,580 root INFO Training F1:[1.0, 1.0](best:1.0 , 1.0)
03/25/2020 10:42:03 PM,582 root INFO Epoch: 44
03/25/2020 10:42:05 PM,634 root INFO Loss = tensor([15.4644])
03/25/2020 10:42:17 PM,505 root INFO Loss = tensor([14.9068])
03/25/2020 10:42:27 PM,448 root INFO Loss = tensor([15.2739])
03/25/2020 10:42:35 PM,737 root INFO Loss = tensor([14.8389])
03/25/2020 10:42:43 PM,911 root INFO Loss = tensor([15.4518])
03/25/2020 10:42:52 PM,983 root INFO Loss = tensor([15.1154])
03/25/2020 10:43:01 PM,708 root INFO Loss = tensor([14.2906])
03/25/2020 10:43:09 PM,887 root INFO Loss = tensor([22.7252])
03/25/2020 10:43:18 PM,783 root INFO Loss = tensor([27.3274])
03/25/2020 10:43:33 PM,169 root INFO Loss = tensor([21.0506])
03/25/2020 10:43:45 PM,60 root INFO Validation All-nodes accuracy:0.66(best:0.74)
03/25/2020 10:43:45 PM,61 root INFO Validation Root accuracy:0.92(best:0.92)
03/25/2020 10:43:45 PM,61 root INFO F1:[0.96, 1.0](best:1.0 , 1.0)
03/25/2020 10:44:20 PM,767 root INFO Training All-nodes accuracy:0.74(best:0.74)
03/25/2020 10:44:20 PM,768 root INFO Training Root accuracy:0.99(best:1.0)
03/25/2020 10:44:20 PM,771 root INFO Training F1:[1.0, 1.0](best:1.0 , 1.0)
03/25/2020 10:44:20 PM,775 root INFO Epoch: 45
03/25/2020 10:44:24 PM,161 root INFO Loss = tensor([14.7414])
03/25/2020 10:44:36 PM,423 root INFO Loss = tensor([17.7913])
03/25/2020 10:44:48 PM,600 root INFO Loss = tensor([23.9778])
03/25/2020 10:44:57 PM,529 root INFO Loss = tensor([25.0944])
03/25/2020 10:45:07 PM,264 root INFO Loss = tensor([19.8567])
03/25/2020 10:45:15 PM,422 root INFO Loss = tensor([13.9196])
03/25/2020 10:45:22 PM,522 root INFO Loss = tensor([30.2505])
03/25/2020 10:45:30 PM,260 root INFO Loss = tensor([37.9241])
03/25/2020 10:45:38 PM,416 root INFO Loss = tensor([33.6141])
03/25/2020 10:45:46 PM,237 root INFO Loss = tensor([28.5750])
03/25/2020 10:45:54 PM,100 root INFO Validation All-nodes accuracy:0.72(best:0.74)
03/25/2020 10:45:54 PM,100 root INFO Validation Root accuracy:0.89(best:0.92)
03/25/2020 10:45:54 PM,100 root INFO F1:[0.96, 0.5](best:1.0 , 1.0)
03/25/2020 10:46:14 PM,503 root INFO Training All-nodes accuracy:0.74(best:0.74)
03/25/2020 10:46:14 PM,503 root INFO Training Root accuracy:1.0(best:1.0)
03/25/2020 10:46:14 PM,504 root INFO Training F1:[1.0, 1.0](best:1.0 , 1.0)
03/25/2020 10:46:14 PM,506 root INFO Epoch: 46
03/25/2020 10:46:16 PM,381 root INFO Loss = tensor([14.8838])
03/25/2020 10:46:26 PM,56 root INFO Loss = tensor([20.2950])
03/25/2020 10:46:34 PM,394 root INFO Loss = tensor([27.6979])
03/25/2020 10:46:42 PM,539 root INFO Loss = tensor([31.0038])
03/25/2020 10:46:50 PM,938 root INFO Loss = tensor([26.4505])
03/25/2020 10:46:59 PM,933 root INFO Loss = tensor([17.4347])
03/25/2020 10:47:08 PM,924 root INFO Loss = tensor([17.7479])
03/25/2020 10:47:17 PM,127 root INFO Loss = tensor([25.9487])
03/25/2020 10:47:24 PM,798 root INFO Loss = tensor([24.6134])
03/25/2020 10:47:32 PM,476 root INFO Loss = tensor([20.2921])
03/25/2020 10:47:40 PM,281 root INFO Validation All-nodes accuracy:0.65(best:0.74)
03/25/2020 10:47:40 PM,282 root INFO Validation Root accuracy:0.85(best:0.92)
03/25/2020 10:47:40 PM,282 root INFO F1:[0.97, 0.48](best:1.0 , 1.0)
03/25/2020 10:48:11 PM,30 root INFO Training All-nodes accuracy:0.73(best:0.74)
03/25/2020 10:48:11 PM,30 root INFO Training Root accuracy:0.99(best:1.0)
03/25/2020 10:48:11 PM,31 root INFO Training F1:[1.0, 0.99](best:1.0 , 1.0)
03/25/2020 10:48:11 PM,33 root INFO Epoch: 47
03/25/2020 10:48:13 PM,301 root INFO Loss = tensor([16.6605])
03/25/2020 10:48:22 PM,648 root INFO Loss = tensor([16.9467])
03/25/2020 10:48:38 PM,116 root INFO Loss = tensor([15.7554])
03/25/2020 10:48:53 PM,455 root INFO Loss = tensor([14.9892])
03/25/2020 10:49:02 PM,460 root INFO Loss = tensor([15.6031])
03/25/2020 10:49:11 PM,573 root INFO Loss = tensor([15.5452])
03/25/2020 10:49:20 PM,85 root INFO Loss = tensor([15.3321])
03/25/2020 10:49:29 PM,194 root INFO Loss = tensor([14.2668])
03/25/2020 10:49:37 PM,275 root INFO Loss = tensor([14.1327])
03/25/2020 10:49:46 PM,519 root INFO Loss = tensor([14.9562])
03/25/2020 10:49:55 PM,486 root INFO Validation All-nodes accuracy:0.69(best:0.74)
03/25/2020 10:49:55 PM,487 root INFO Validation Root accuracy:0.91(best:0.92)
03/25/2020 10:49:55 PM,490 root INFO F1:[0.96, 0.75](best:1.0 , 1.0)
03/25/2020 10:50:16 PM,272 root INFO Training All-nodes accuracy:0.74(best:0.74)
03/25/2020 10:50:16 PM,273 root INFO Training Root accuracy:1.0(best:1.0)
03/25/2020 10:50:16 PM,273 root INFO Training F1:[1.0, 1.0](best:1.0 , 1.0)
03/25/2020 10:50:16 PM,275 root INFO Epoch: 48
03/25/2020 10:50:18 PM,103 root INFO Loss = tensor([14.6163])
03/25/2020 10:50:26 PM,469 root INFO Loss = tensor([14.0088])
03/25/2020 10:50:34 PM,90 root INFO Loss = tensor([14.6305])
03/25/2020 10:50:42 PM,639 root INFO Loss = tensor([14.5792])
03/25/2020 10:50:51 PM,770 root INFO Loss = tensor([15.7410])
03/25/2020 10:51:00 PM,565 root INFO Loss = tensor([15.6095])
03/25/2020 10:51:09 PM,930 root INFO Loss = tensor([19.2120])
03/25/2020 10:51:18 PM,472 root INFO Loss = tensor([25.5826])
03/25/2020 10:51:26 PM,894 root INFO Loss = tensor([15.4599])
03/25/2020 10:51:34 PM,901 root INFO Loss = tensor([15.4315])
03/25/2020 10:51:41 PM,906 root INFO Validation All-nodes accuracy:0.71(best:0.74)
03/25/2020 10:51:41 PM,906 root INFO Validation Root accuracy:0.93(best:0.93)
03/25/2020 10:51:41 PM,906 root INFO F1:[0.96, 1.0](best:1.0 , 1.0)
03/25/2020 10:52:01 PM,63 root INFO Training All-nodes accuracy:0.74(best:0.74)
03/25/2020 10:52:01 PM,64 root INFO Training Root accuracy:1.0(best:1.0)
03/25/2020 10:52:01 PM,64 root INFO Training F1:[1.0, 1.0](best:1.0 , 1.0)
03/25/2020 10:52:01 PM,67 root INFO Epoch: 49
03/25/2020 10:52:03 PM,89 root INFO Loss = tensor([15.0122])
03/25/2020 10:52:11 PM,524 root INFO Loss = tensor([14.9461])
03/25/2020 10:52:20 PM,276 root INFO Loss = tensor([14.7218])
03/25/2020 10:52:28 PM,857 root INFO Loss = tensor([14.8030])
03/25/2020 10:52:36 PM,993 root INFO Loss = tensor([18.3351])
03/25/2020 10:52:44 PM,986 root INFO Loss = tensor([23.0846])
03/25/2020 10:52:53 PM,845 root INFO Loss = tensor([19.6408])
03/25/2020 10:53:02 PM,59 root INFO Loss = tensor([14.4050])
03/25/2020 10:53:10 PM,390 root INFO Loss = tensor([19.0563])
03/25/2020 10:53:18 PM,588 root INFO Loss = tensor([23.8662])
03/25/2020 10:53:26 PM,48 root INFO Validation All-nodes accuracy:0.54(best:0.74)
03/25/2020 10:53:26 PM,49 root INFO Validation Root accuracy:0.87(best:0.93)
03/25/2020 10:53:26 PM,49 root INFO F1:[0.96, 0.5](best:1.0 , 1.0)
03/25/2020 10:53:45 PM,854 root INFO Training All-nodes accuracy:0.74(best:0.74)
03/25/2020 10:53:45 PM,854 root INFO Training Root accuracy:0.99(best:1.0)
03/25/2020 10:53:45 PM,854 root INFO Training F1:[1.0, 0.99](best:1.0 , 1.0)
