03/04/2020 10:44:26 PM,653 gensim.utils INFO loading Word2VecKeyedVectors object from /Users/navreetkaur/MTP/finetune-word2vec/w2v-models/tech-word2vec-ner
03/04/2020 10:44:26 PM,860 gensim.utils INFO setting ignored attribute vectors_norm to None
03/04/2020 10:44:26 PM,860 gensim.utils INFO loaded /Users/navreetkaur/MTP/finetune-word2vec/w2v-models/tech-word2vec-ner
03/04/2020 10:44:26 PM,860 gensim.models.utils_any2vec INFO loading projection weights from /Users/navreetkaur/MTP/finetune-word2vec/w2v-models/GoogleNews-vectors-negative300.bin
03/04/2020 10:45:49 PM,380 gensim.models.utils_any2vec INFO loaded (3000000, 300) matrix from /Users/navreetkaur/MTP/finetune-word2vec/w2v-models/GoogleNews-vectors-negative300.bin
03/04/2020 10:45:52 PM,619 root INFO Start logging
03/04/2020 10:49:03 PM,1 root INFO Epoch: 0
03/04/2020 10:49:05 PM,688 root INFO Loss = tensor([29.2696])
03/04/2020 10:49:15 PM,61 root INFO Loss = tensor([30.1228])
03/04/2020 10:49:31 PM,761 root INFO Loss = tensor([31.5935])
03/04/2020 10:49:43 PM,921 root INFO Loss = tensor([33.5426])
03/04/2020 10:49:56 PM,133 root INFO Loss = tensor([32.2218])
03/04/2020 10:50:07 PM,103 root INFO Loss = tensor([29.5477])
03/04/2020 10:50:18 PM,729 root INFO Loss = tensor([31.2462])
03/04/2020 10:50:28 PM,527 root INFO Loss = tensor([30.9966])
03/04/2020 10:50:33 PM,256 root INFO Validation All-nodes accuracy:0.63(best:0.63)
03/04/2020 10:50:33 PM,257 root INFO Validation Root accuracy:0.67(best:0.67)
03/04/2020 10:50:33 PM,257 root INFO F1:[0.89, 0.18](best:0.89 , 0.18)
03/04/2020 10:50:56 PM,68 root INFO Training All-nodes accuracy:0.51(best:0.51)
03/04/2020 10:50:56 PM,69 root INFO Training Root accuracy:0.56(best:0.56)
03/04/2020 10:50:56 PM,70 root INFO Training F1:[0.7, 0.77](best:0.7 , 0.77)
03/04/2020 10:50:56 PM,73 root INFO Epoch: 1
03/04/2020 10:51:30 PM,403 root INFO Loss = tensor([30.6512])
03/04/2020 10:51:46 PM,560 root INFO Loss = tensor([32.6331])
03/04/2020 10:52:01 PM,853 root INFO Loss = tensor([31.4782])
03/04/2020 10:52:16 PM,349 root INFO Loss = tensor([29.9429])
03/04/2020 10:52:28 PM,693 root INFO Loss = tensor([30.3774])
03/04/2020 10:52:46 PM,282 root INFO Loss = tensor([30.6627])
03/04/2020 10:53:02 PM,599 root INFO Loss = tensor([30.5349])
03/04/2020 10:53:13 PM,169 root INFO Loss = tensor([31.3511])
03/04/2020 10:53:18 PM,461 root INFO Validation All-nodes accuracy:0.44(best:0.63)
03/04/2020 10:53:18 PM,461 root INFO Validation Root accuracy:0.29(best:0.67)
03/04/2020 10:53:18 PM,461 root INFO F1:[1.0, 0.33](best:1.0 , 0.33)
03/04/2020 10:53:43 PM,158 root INFO Training All-nodes accuracy:0.52(best:0.52)
03/04/2020 10:53:43 PM,161 root INFO Training Root accuracy:0.5(best:0.56)
03/04/2020 10:53:43 PM,161 root INFO Training F1:[0.65, 0.66](best:0.7 , 0.77)
03/04/2020 10:53:43 PM,169 root INFO Epoch: 2
03/04/2020 10:53:46 PM,329 root INFO Loss = tensor([31.1172])
03/04/2020 10:53:58 PM,76 root INFO Loss = tensor([31.4453])
03/04/2020 10:54:08 PM,505 root INFO Loss = tensor([31.5764])
03/04/2020 10:54:20 PM,423 root INFO Loss = tensor([30.3712])
03/04/2020 10:54:34 PM,591 root INFO Loss = tensor([29.1527])
03/04/2020 10:54:46 PM,550 root INFO Loss = tensor([30.5948])
03/04/2020 10:54:56 PM,812 root INFO Loss = tensor([31.1290])
03/04/2020 10:55:06 PM,232 root INFO Loss = tensor([33.5727])
03/04/2020 10:55:11 PM,629 root INFO Validation All-nodes accuracy:0.34(best:0.63)
03/04/2020 10:55:11 PM,629 root INFO Validation Root accuracy:0.22(best:0.67)
03/04/2020 10:55:11 PM,629 root INFO F1:[0.87, 0.29](best:1.0 , 0.33)
03/04/2020 10:55:34 PM,648 root INFO Training All-nodes accuracy:0.53(best:0.53)
03/04/2020 10:55:34 PM,650 root INFO Training Root accuracy:0.52(best:0.56)
03/04/2020 10:55:34 PM,650 root INFO Training F1:[0.74, 0.68](best:0.74 , 0.77)
03/04/2020 10:55:34 PM,652 root INFO Epoch: 3
03/04/2020 10:55:37 PM,506 root INFO Loss = tensor([29.5740])
03/04/2020 10:55:49 PM,347 root INFO Loss = tensor([31.1821])
03/04/2020 10:55:59 PM,315 root INFO Loss = tensor([32.5149])
03/04/2020 10:56:12 PM,536 root INFO Loss = tensor([31.5626])
03/04/2020 10:56:24 PM,309 root INFO Loss = tensor([28.8206])
03/04/2020 10:56:33 PM,651 root INFO Loss = tensor([30.8087])
03/04/2020 10:56:44 PM,530 root INFO Loss = tensor([32.6332])
03/04/2020 10:56:57 PM,286 root INFO Loss = tensor([30.3501])
03/04/2020 10:57:02 PM,234 root INFO Validation All-nodes accuracy:0.32(best:0.63)
03/04/2020 10:57:02 PM,235 root INFO Validation Root accuracy:0.27(best:0.67)
03/04/2020 10:57:02 PM,235 root INFO F1:[0.9, 0.29](best:1.0 , 0.33)
03/04/2020 10:57:23 PM,787 root INFO Training All-nodes accuracy:0.54(best:0.54)
03/04/2020 10:57:23 PM,787 root INFO Training Root accuracy:0.55(best:0.56)
03/04/2020 10:57:23 PM,787 root INFO Training F1:[0.76, 0.7](best:0.76 , 0.77)
03/04/2020 10:57:23 PM,789 root INFO Epoch: 4
03/04/2020 10:57:27 PM,385 root INFO Loss = tensor([30.4010])
03/04/2020 10:57:38 PM,782 root INFO Loss = tensor([29.7026])
03/04/2020 10:57:49 PM,837 root INFO Loss = tensor([31.1453])
03/04/2020 10:58:02 PM,223 root INFO Loss = tensor([30.6264])
03/04/2020 10:58:17 PM,366 root INFO Loss = tensor([30.4671])
03/04/2020 10:58:31 PM,272 root INFO Loss = tensor([30.5593])
03/04/2020 10:58:43 PM,413 root INFO Loss = tensor([30.9036])
03/04/2020 10:58:52 PM,468 root INFO Loss = tensor([31.1643])
03/04/2020 10:58:58 PM,452 root INFO Validation All-nodes accuracy:0.53(best:0.63)
03/04/2020 10:58:58 PM,454 root INFO Validation Root accuracy:0.51(best:0.67)
03/04/2020 10:58:58 PM,454 root INFO F1:[0.94, 0.35](best:1.0 , 0.35)
03/04/2020 10:59:15 PM,280 root INFO Training All-nodes accuracy:0.57(best:0.57)
03/04/2020 10:59:15 PM,281 root INFO Training Root accuracy:0.63(best:0.63)
03/04/2020 10:59:15 PM,281 root INFO Training F1:[0.8, 0.75](best:0.8 , 0.77)
03/04/2020 10:59:15 PM,283 root INFO Epoch: 5
03/04/2020 10:59:17 PM,264 root INFO Loss = tensor([31.5134])
03/04/2020 10:59:26 PM,297 root INFO Loss = tensor([29.7542])
03/04/2020 10:59:36 PM,45 root INFO Loss = tensor([30.1784])
03/04/2020 10:59:45 PM,56 root INFO Loss = tensor([31.1530])
03/04/2020 10:59:54 PM,15 root INFO Loss = tensor([29.2375])
03/04/2020 11:00:03 PM,703 root INFO Loss = tensor([30.8412])
03/04/2020 11:00:14 PM,477 root INFO Loss = tensor([31.5355])
03/04/2020 11:00:26 PM,96 root INFO Loss = tensor([28.6768])
03/04/2020 11:00:31 PM,822 root INFO Validation All-nodes accuracy:0.46(best:0.63)
03/04/2020 11:00:31 PM,823 root INFO Validation Root accuracy:0.79(best:0.79)
03/04/2020 11:00:31 PM,823 root INFO F1:[0.93, 0.56](best:1.0 , 0.56)
03/04/2020 11:00:51 PM,84 root INFO Training All-nodes accuracy:0.58(best:0.58)
03/04/2020 11:00:51 PM,86 root INFO Training Root accuracy:0.77(best:0.77)
03/04/2020 11:00:51 PM,86 root INFO Training F1:[0.84, 0.92](best:0.84 , 0.92)
03/04/2020 11:00:51 PM,87 root INFO Epoch: 6
03/04/2020 11:00:53 PM,150 root INFO Loss = tensor([28.5370])
03/04/2020 11:01:04 PM,947 root INFO Loss = tensor([33.0214])
03/04/2020 11:01:17 PM,276 root INFO Loss = tensor([32.8542])
03/04/2020 11:01:29 PM,60 root INFO Loss = tensor([31.3004])
03/04/2020 11:01:40 PM,59 root INFO Loss = tensor([30.9651])
03/04/2020 11:01:56 PM,726 root INFO Loss = tensor([29.7295])
03/04/2020 11:02:09 PM,27 root INFO Loss = tensor([30.8912])
03/04/2020 11:02:18 PM,970 root INFO Loss = tensor([36.1988])
03/04/2020 11:02:24 PM,931 root INFO Validation All-nodes accuracy:0.59(best:0.63)
03/04/2020 11:02:24 PM,931 root INFO Validation Root accuracy:0.17(best:0.79)
03/04/2020 11:02:24 PM,931 root INFO F1:[0.5, 0.29](best:1.0 , 0.56)
03/04/2020 11:02:43 PM,882 root INFO Training All-nodes accuracy:0.52(best:0.58)
03/04/2020 11:02:43 PM,882 root INFO Training Root accuracy:0.5(best:0.77)
03/04/2020 11:02:43 PM,882 root INFO Training F1:[0.99, 0.67](best:0.99 , 0.92)
03/04/2020 11:02:43 PM,885 root INFO Epoch: 7
03/04/2020 11:02:47 PM,498 root INFO Loss = tensor([30.5471])
03/04/2020 11:02:57 PM,437 root INFO Loss = tensor([31.5545])
03/04/2020 11:03:09 PM,343 root INFO Loss = tensor([31.1772])
03/04/2020 11:03:20 PM,724 root INFO Loss = tensor([29.5209])
03/04/2020 11:03:32 PM,799 root INFO Loss = tensor([30.7356])
03/04/2020 11:03:44 PM,781 root INFO Loss = tensor([31.1003])
03/04/2020 11:03:54 PM,823 root INFO Loss = tensor([29.8934])
03/04/2020 11:04:05 PM,660 root INFO Loss = tensor([30.2949])
03/04/2020 11:04:11 PM,396 root INFO Validation All-nodes accuracy:0.65(best:0.65)
03/04/2020 11:04:11 PM,397 root INFO Validation Root accuracy:0.77(best:0.79)
03/04/2020 11:04:11 PM,397 root INFO F1:[0.94, 0.53](best:1.0 , 0.56)
03/04/2020 11:04:34 PM,388 root INFO Training All-nodes accuracy:0.56(best:0.58)
03/04/2020 11:04:34 PM,389 root INFO Training Root accuracy:0.53(best:0.77)
03/04/2020 11:04:34 PM,389 root INFO Training F1:[0.69, 0.73](best:0.99 , 0.92)
03/04/2020 11:04:34 PM,392 root INFO Epoch: 8
03/04/2020 11:04:36 PM,785 root INFO Loss = tensor([31.2446])
03/04/2020 11:04:46 PM,59 root INFO Loss = tensor([29.2943])
03/04/2020 11:04:56 PM,358 root INFO Loss = tensor([30.1946])
03/04/2020 11:05:08 PM,371 root INFO Loss = tensor([31.5282])
03/04/2020 11:05:21 PM,999 root INFO Loss = tensor([30.4648])
03/04/2020 11:05:32 PM,966 root INFO Loss = tensor([30.8230])
03/04/2020 11:05:43 PM,669 root INFO Loss = tensor([32.0667])
03/04/2020 11:05:52 PM,656 root INFO Loss = tensor([27.5821])
03/04/2020 11:05:57 PM,153 root INFO Validation All-nodes accuracy:0.42(best:0.65)
03/04/2020 11:05:57 PM,153 root INFO Validation Root accuracy:0.67(best:0.79)
03/04/2020 11:05:57 PM,154 root INFO F1:[0.93, 0.42](best:1.0 , 0.56)
03/04/2020 11:06:18 PM,6 root INFO Training All-nodes accuracy:0.58(best:0.58)
03/04/2020 11:06:18 PM,6 root INFO Training Root accuracy:0.76(best:0.77)
03/04/2020 11:06:18 PM,6 root INFO Training F1:[0.87, 0.86](best:0.99 , 0.92)
03/04/2020 11:06:18 PM,8 root INFO Epoch: 9
03/04/2020 11:06:20 PM,425 root INFO Loss = tensor([30.0602])
03/04/2020 11:06:34 PM,132 root INFO Loss = tensor([30.0096])
03/04/2020 11:06:51 PM,796 root INFO Loss = tensor([29.9740])
03/04/2020 11:07:05 PM,740 root INFO Loss = tensor([29.9945])
03/04/2020 11:07:19 PM,188 root INFO Loss = tensor([32.6750])
03/04/2020 11:07:29 PM,221 root INFO Loss = tensor([30.0307])
03/04/2020 11:07:42 PM,861 root INFO Loss = tensor([29.2650])
03/04/2020 11:07:56 PM,430 root INFO Loss = tensor([26.7054])
03/04/2020 11:08:01 PM,194 root INFO Validation All-nodes accuracy:0.47(best:0.65)
03/04/2020 11:08:01 PM,194 root INFO Validation Root accuracy:0.75(best:0.79)
03/04/2020 11:08:01 PM,195 root INFO F1:[0.95, 0.53](best:1.0 , 0.56)
03/04/2020 11:08:25 PM,751 root INFO Training All-nodes accuracy:0.59(best:0.59)
03/04/2020 11:08:25 PM,753 root INFO Training Root accuracy:0.74(best:0.77)
03/04/2020 11:08:25 PM,753 root INFO Training F1:[0.84, 0.86](best:0.99 , 0.92)
03/04/2020 11:08:25 PM,756 root INFO Epoch: 10
03/04/2020 11:08:28 PM,750 root INFO Loss = tensor([30.6536])
03/04/2020 11:08:40 PM,514 root INFO Loss = tensor([29.6349])
03/04/2020 11:08:51 PM,758 root INFO Loss = tensor([30.1398])
03/04/2020 11:09:01 PM,790 root INFO Loss = tensor([29.1618])
03/04/2020 11:09:11 PM,298 root INFO Loss = tensor([29.8923])
03/04/2020 11:09:20 PM,66 root INFO Loss = tensor([31.9101])
03/04/2020 11:09:30 PM,470 root INFO Loss = tensor([31.7919])
03/04/2020 11:09:40 PM,265 root INFO Loss = tensor([29.2256])
03/04/2020 11:09:47 PM,466 root INFO Validation All-nodes accuracy:0.47(best:0.65)
03/04/2020 11:09:47 PM,467 root INFO Validation Root accuracy:0.79(best:0.79)
03/04/2020 11:09:47 PM,467 root INFO F1:[0.95, 0.59](best:1.0 , 0.59)
03/04/2020 11:10:05 PM,863 root INFO Training All-nodes accuracy:0.61(best:0.61)
03/04/2020 11:10:05 PM,863 root INFO Training Root accuracy:0.81(best:0.81)
03/04/2020 11:10:05 PM,863 root INFO Training F1:[0.9, 0.9](best:0.99 , 0.92)
03/04/2020 11:10:05 PM,865 root INFO Epoch: 11
03/04/2020 11:10:08 PM,621 root INFO Loss = tensor([31.6331])
03/04/2020 11:10:21 PM,402 root INFO Loss = tensor([29.0512])
03/04/2020 11:10:36 PM,536 root INFO Loss = tensor([29.5400])
03/04/2020 11:10:48 PM,448 root INFO Loss = tensor([27.9248])
03/04/2020 11:10:59 PM,626 root INFO Loss = tensor([29.7809])
03/04/2020 11:11:09 PM,462 root INFO Loss = tensor([28.9288])
03/04/2020 11:11:21 PM,419 root INFO Loss = tensor([29.1786])
03/04/2020 11:11:30 PM,771 root INFO Loss = tensor([28.3569])
03/04/2020 11:11:36 PM,472 root INFO Validation All-nodes accuracy:0.66(best:0.66)
03/04/2020 11:11:36 PM,472 root INFO Validation Root accuracy:0.82(best:0.82)
03/04/2020 11:11:36 PM,472 root INFO F1:[0.93, 0.62](best:1.0 , 0.62)
03/04/2020 11:11:57 PM,135 root INFO Training All-nodes accuracy:0.63(best:0.63)
03/04/2020 11:11:57 PM,137 root INFO Training Root accuracy:0.81(best:0.81)
03/04/2020 11:11:57 PM,137 root INFO Training F1:[0.87, 0.93](best:0.99 , 0.93)
03/04/2020 11:11:57 PM,138 root INFO Epoch: 12
03/04/2020 11:12:00 PM,319 root INFO Loss = tensor([27.5400])
03/04/2020 11:12:11 PM,781 root INFO Loss = tensor([29.7337])
03/04/2020 11:12:25 PM,589 root INFO Loss = tensor([28.9602])
03/04/2020 11:12:37 PM,340 root INFO Loss = tensor([27.9496])
03/04/2020 11:12:48 PM,972 root INFO Loss = tensor([29.6977])
03/04/2020 11:13:04 PM,504 root INFO Loss = tensor([27.6473])
03/04/2020 11:13:14 PM,359 root INFO Loss = tensor([29.1899])
03/04/2020 11:13:27 PM,651 root INFO Loss = tensor([27.7872])
03/04/2020 11:13:32 PM,847 root INFO Validation All-nodes accuracy:0.67(best:0.67)
03/04/2020 11:13:32 PM,848 root INFO Validation Root accuracy:0.8(best:0.82)
03/04/2020 11:13:32 PM,848 root INFO F1:[0.95, 0.6](best:1.0 , 0.62)
03/04/2020 11:13:54 PM,636 root INFO Training All-nodes accuracy:0.64(best:0.64)
03/04/2020 11:13:54 PM,636 root INFO Training Root accuracy:0.84(best:0.84)
03/04/2020 11:13:54 PM,637 root INFO Training F1:[0.92, 0.91](best:0.99 , 0.93)
03/04/2020 11:13:54 PM,639 root INFO Epoch: 13
03/04/2020 11:13:57 PM,534 root INFO Loss = tensor([28.0303])
03/04/2020 11:14:10 PM,543 root INFO Loss = tensor([26.5025])
03/04/2020 11:14:19 PM,706 root INFO Loss = tensor([27.7396])
03/04/2020 11:14:31 PM,708 root INFO Loss = tensor([28.0189])
03/04/2020 11:14:41 PM,856 root INFO Loss = tensor([28.4912])
03/04/2020 11:14:57 PM,715 root INFO Loss = tensor([28.4264])
03/04/2020 11:15:08 PM,814 root INFO Loss = tensor([26.9952])
03/04/2020 11:15:16 PM,694 root INFO Loss = tensor([26.5002])
03/04/2020 11:15:22 PM,66 root INFO Validation All-nodes accuracy:0.61(best:0.67)
03/04/2020 11:15:22 PM,67 root INFO Validation Root accuracy:0.81(best:0.82)
03/04/2020 11:15:22 PM,67 root INFO F1:[0.93, 0.59](best:1.0 , 0.62)
03/04/2020 11:15:44 PM,815 root INFO Training All-nodes accuracy:0.65(best:0.65)
03/04/2020 11:15:44 PM,815 root INFO Training Root accuracy:0.87(best:0.87)
03/04/2020 11:15:44 PM,815 root INFO Training F1:[0.92, 0.94](best:0.99 , 0.94)
03/04/2020 11:15:44 PM,817 root INFO Epoch: 14
03/04/2020 11:15:47 PM,391 root INFO Loss = tensor([26.9290])
03/04/2020 11:16:00 PM,893 root INFO Loss = tensor([31.0851])
03/04/2020 11:16:12 PM,728 root INFO Loss = tensor([31.9818])
03/04/2020 11:16:24 PM,415 root INFO Loss = tensor([26.6573])
03/04/2020 11:16:36 PM,515 root INFO Loss = tensor([29.5998])
03/04/2020 11:16:49 PM,336 root INFO Loss = tensor([34.3278])
03/04/2020 11:16:58 PM,669 root INFO Loss = tensor([31.0601])
03/04/2020 11:17:06 PM,802 root INFO Loss = tensor([27.3755])
03/04/2020 11:17:11 PM,363 root INFO Validation All-nodes accuracy:0.54(best:0.67)
03/04/2020 11:17:11 PM,364 root INFO Validation Root accuracy:0.73(best:0.82)
03/04/2020 11:17:11 PM,364 root INFO F1:[0.93, 0.47](best:1.0 , 0.62)
03/04/2020 11:17:28 PM,46 root INFO Training All-nodes accuracy:0.64(best:0.65)
03/04/2020 11:17:28 PM,46 root INFO Training Root accuracy:0.86(best:0.87)
03/04/2020 11:17:28 PM,46 root INFO Training F1:[0.94, 0.91](best:0.99 , 0.94)
03/04/2020 11:17:28 PM,48 root INFO Epoch: 15
03/04/2020 11:17:29 PM,983 root INFO Loss = tensor([27.0477])
03/04/2020 11:17:39 PM,58 root INFO Loss = tensor([29.7188])
03/04/2020 11:17:51 PM,519 root INFO Loss = tensor([28.9898])
03/04/2020 11:18:02 PM,446 root INFO Loss = tensor([26.6754])
03/04/2020 11:18:16 PM,419 root INFO Loss = tensor([31.6258])
03/04/2020 11:18:27 PM,851 root INFO Loss = tensor([30.4629])
03/04/2020 11:18:36 PM,963 root INFO Loss = tensor([29.3229])
03/04/2020 11:18:46 PM,700 root INFO Loss = tensor([26.7664])
03/04/2020 11:18:52 PM,721 root INFO Validation All-nodes accuracy:0.59(best:0.67)
03/04/2020 11:18:52 PM,722 root INFO Validation Root accuracy:0.78(best:0.82)
03/04/2020 11:18:52 PM,722 root INFO F1:[0.93, 0.52](best:1.0 , 0.62)
03/04/2020 11:19:16 PM,276 root INFO Training All-nodes accuracy:0.66(best:0.66)
03/04/2020 11:19:16 PM,278 root INFO Training Root accuracy:0.89(best:0.89)
03/04/2020 11:19:16 PM,278 root INFO Training F1:[0.96, 0.92](best:0.99 , 0.94)
03/04/2020 11:19:16 PM,280 root INFO Epoch: 16
03/04/2020 11:19:18 PM,892 root INFO Loss = tensor([26.3443])
03/04/2020 11:19:30 PM,44 root INFO Loss = tensor([35.3200])
03/04/2020 11:19:42 PM,739 root INFO Loss = tensor([36.8899])
03/04/2020 11:19:54 PM,282 root INFO Loss = tensor([34.9835])
03/04/2020 11:20:04 PM,290 root INFO Loss = tensor([29.6250])
03/04/2020 11:20:13 PM,801 root INFO Loss = tensor([34.2536])
03/04/2020 11:20:25 PM,414 root INFO Loss = tensor([31.0663])
03/04/2020 11:20:32 PM,823 root INFO Loss = tensor([33.2042])
03/04/2020 11:20:37 PM,170 root INFO Validation All-nodes accuracy:0.51(best:0.67)
03/04/2020 11:20:37 PM,171 root INFO Validation Root accuracy:0.83(best:0.83)
03/04/2020 11:20:37 PM,171 root INFO F1:[0.91, 0.5](best:1.0 , 0.62)
03/04/2020 11:20:53 PM,160 root INFO Training All-nodes accuracy:0.52(best:0.66)
03/04/2020 11:20:53 PM,160 root INFO Training Root accuracy:0.5(best:0.89)
03/04/2020 11:20:53 PM,160 root INFO Training F1:[0.67, 0.5](best:0.99 , 0.94)
03/04/2020 11:20:53 PM,162 root INFO Epoch: 17
03/04/2020 11:20:55 PM,169 root INFO Loss = tensor([31.3729])
03/04/2020 11:21:04 PM,638 root INFO Loss = tensor([31.2000])
03/04/2020 11:21:13 PM,611 root INFO Loss = tensor([29.5539])
03/04/2020 11:21:22 PM,636 root INFO Loss = tensor([31.8617])
03/04/2020 11:21:32 PM,33 root INFO Loss = tensor([36.0184])
03/04/2020 11:21:41 PM,153 root INFO Loss = tensor([37.9079])
03/04/2020 11:21:50 PM,821 root INFO Loss = tensor([31.2523])
03/04/2020 11:21:58 PM,892 root INFO Loss = tensor([35.9009])
03/04/2020 11:22:03 PM,851 root INFO Validation All-nodes accuracy:0.17(best:0.67)
03/04/2020 11:22:03 PM,851 root INFO Validation Root accuracy:0.17(best:0.83)
03/04/2020 11:22:03 PM,851 root INFO F1:[0.5, 0.29](best:1.0 , 0.62)
03/04/2020 11:22:18 PM,768 root INFO Training All-nodes accuracy:0.5(best:0.66)
03/04/2020 11:22:18 PM,768 root INFO Training Root accuracy:0.5(best:0.89)
03/04/2020 11:22:18 PM,768 root INFO Training F1:[0.5, 0.67](best:0.99 , 0.94)
03/04/2020 11:22:18 PM,770 root INFO Epoch: 18
03/04/2020 11:22:20 PM,778 root INFO Loss = tensor([33.4354])
03/04/2020 11:22:31 PM,80 root INFO Loss = tensor([30.7052])
03/04/2020 11:22:40 PM,418 root INFO Loss = tensor([31.1921])
03/04/2020 11:22:51 PM,47 root INFO Loss = tensor([31.7695])
03/04/2020 11:23:00 PM,54 root INFO Loss = tensor([29.9422])
03/04/2020 11:23:11 PM,650 root INFO Loss = tensor([31.4538])
03/04/2020 11:23:23 PM,311 root INFO Loss = tensor([32.4787])
03/04/2020 11:23:31 PM,992 root INFO Loss = tensor([29.9572])
03/04/2020 11:23:36 PM,326 root INFO Validation All-nodes accuracy:0.82(best:0.82)
03/04/2020 11:23:36 PM,326 root INFO Validation Root accuracy:0.83(best:0.83)
03/04/2020 11:23:36 PM,326 root INFO F1:[0.91, 0.66](best:1.0 , 0.66)
03/04/2020 11:23:52 PM,280 root INFO Training All-nodes accuracy:0.57(best:0.66)
03/04/2020 11:23:52 PM,281 root INFO Training Root accuracy:0.7(best:0.89)
03/04/2020 11:23:52 PM,281 root INFO Training F1:[0.77, 0.99](best:0.99 , 0.99)
03/04/2020 11:23:52 PM,282 root INFO Epoch: 19
03/04/2020 11:23:54 PM,151 root INFO Loss = tensor([29.7305])
03/04/2020 11:24:03 PM,436 root INFO Loss = tensor([30.1707])
03/04/2020 11:24:17 PM,949 root INFO Loss = tensor([29.4803])
03/04/2020 11:24:28 PM,363 root INFO Loss = tensor([30.3835])
03/04/2020 11:24:42 PM,387 root INFO Loss = tensor([29.7381])
03/04/2020 11:24:56 PM,500 root INFO Loss = tensor([29.2776])
03/04/2020 11:25:05 PM,797 root INFO Loss = tensor([30.2828])
03/04/2020 11:25:14 PM,146 root INFO Loss = tensor([29.4398])
03/04/2020 11:25:20 PM,369 root INFO Validation All-nodes accuracy:0.45(best:0.82)
03/04/2020 11:25:20 PM,370 root INFO Validation Root accuracy:0.81(best:0.83)
03/04/2020 11:25:20 PM,370 root INFO F1:[0.94, 0.61](best:1.0 , 0.66)
03/04/2020 11:25:40 PM,907 root INFO Training All-nodes accuracy:0.63(best:0.66)
03/04/2020 11:25:40 PM,908 root INFO Training Root accuracy:0.87(best:0.89)
03/04/2020 11:25:40 PM,908 root INFO Training F1:[0.93, 0.94](best:0.99 , 0.99)
03/04/2020 11:25:40 PM,910 root INFO Epoch: 20
03/04/2020 11:25:43 PM,766 root INFO Loss = tensor([28.6509])
03/04/2020 11:26:00 PM,702 root INFO Loss = tensor([28.3177])
03/04/2020 11:26:16 PM,507 root INFO Loss = tensor([31.6189])
03/04/2020 11:26:26 PM,705 root INFO Loss = tensor([28.0958])
03/04/2020 11:26:37 PM,311 root INFO Loss = tensor([28.1412])
03/04/2020 11:26:47 PM,251 root INFO Loss = tensor([28.4948])
03/04/2020 11:26:59 PM,698 root INFO Loss = tensor([30.4045])
03/04/2020 11:27:06 PM,824 root INFO Loss = tensor([29.3063])
03/04/2020 11:27:11 PM,649 root INFO Validation All-nodes accuracy:0.68(best:0.82)
03/04/2020 11:27:11 PM,649 root INFO Validation Root accuracy:0.79(best:0.83)
03/04/2020 11:27:11 PM,649 root INFO F1:[0.92, 0.53](best:1.0 , 0.66)
03/04/2020 11:27:25 PM,102 root INFO Training All-nodes accuracy:0.66(best:0.66)
03/04/2020 11:27:25 PM,102 root INFO Training Root accuracy:0.86(best:0.89)
03/04/2020 11:27:25 PM,102 root INFO Training F1:[0.92, 0.94](best:0.99 , 0.99)
03/04/2020 11:27:25 PM,104 root INFO Epoch: 21
03/04/2020 11:27:26 PM,840 root INFO Loss = tensor([26.8928])
03/04/2020 11:27:34 PM,969 root INFO Loss = tensor([28.2428])
03/04/2020 11:27:43 PM,465 root INFO Loss = tensor([27.0698])
03/04/2020 11:27:51 PM,768 root INFO Loss = tensor([26.7832])
03/04/2020 11:27:59 PM,787 root INFO Loss = tensor([30.1567])
03/04/2020 11:28:08 PM,62 root INFO Loss = tensor([26.3328])
03/04/2020 11:28:16 PM,253 root INFO Loss = tensor([26.0111])
03/04/2020 11:28:23 PM,262 root INFO Loss = tensor([27.2156])
03/04/2020 11:28:27 PM,256 root INFO Validation All-nodes accuracy:0.68(best:0.82)
03/04/2020 11:28:27 PM,256 root INFO Validation Root accuracy:0.79(best:0.83)
03/04/2020 11:28:27 PM,256 root INFO F1:[0.91, 0.46](best:1.0 , 0.66)
03/04/2020 11:28:40 PM,609 root INFO Training All-nodes accuracy:0.66(best:0.66)
03/04/2020 11:28:40 PM,609 root INFO Training Root accuracy:0.87(best:0.89)
03/04/2020 11:28:40 PM,609 root INFO Training F1:[0.91, 0.96](best:0.99 , 0.99)
03/04/2020 11:28:40 PM,611 root INFO Epoch: 22
03/04/2020 11:28:42 PM,456 root INFO Loss = tensor([27.8230])
03/04/2020 11:28:51 PM,75 root INFO Loss = tensor([25.9574])
03/04/2020 11:28:59 PM,151 root INFO Loss = tensor([27.9786])
03/04/2020 11:29:09 PM,34 root INFO Loss = tensor([27.7396])
03/04/2020 11:29:18 PM,150 root INFO Loss = tensor([25.1972])
03/04/2020 11:29:26 PM,514 root INFO Loss = tensor([27.0261])
03/04/2020 11:29:34 PM,755 root INFO Loss = tensor([29.7542])
03/04/2020 11:29:41 PM,823 root INFO Loss = tensor([24.5765])
03/04/2020 11:29:45 PM,544 root INFO Validation All-nodes accuracy:0.7(best:0.82)
03/04/2020 11:29:45 PM,544 root INFO Validation Root accuracy:0.8(best:0.83)
03/04/2020 11:29:45 PM,545 root INFO F1:[0.92, 0.5](best:1.0 , 0.66)
03/04/2020 11:29:58 PM,827 root INFO Training All-nodes accuracy:0.67(best:0.67)
03/04/2020 11:29:58 PM,828 root INFO Training Root accuracy:0.89(best:0.89)
03/04/2020 11:29:58 PM,828 root INFO Training F1:[0.92, 0.97](best:0.99 , 0.99)
03/04/2020 11:29:58 PM,830 root INFO Epoch: 23
03/04/2020 11:30:00 PM,860 root INFO Loss = tensor([26.6623])
03/04/2020 11:30:09 PM,487 root INFO Loss = tensor([27.0386])
03/04/2020 11:30:18 PM,134 root INFO Loss = tensor([25.0744])
03/04/2020 11:30:26 PM,292 root INFO Loss = tensor([25.9503])
03/04/2020 11:30:34 PM,368 root INFO Loss = tensor([25.4421])
03/04/2020 11:30:42 PM,385 root INFO Loss = tensor([24.6156])
03/04/2020 11:30:50 PM,187 root INFO Loss = tensor([24.4302])
03/04/2020 11:31:00 PM,571 root INFO Loss = tensor([26.1260])
03/04/2020 11:31:06 PM,594 root INFO Validation All-nodes accuracy:0.68(best:0.82)
03/04/2020 11:31:06 PM,595 root INFO Validation Root accuracy:0.79(best:0.83)
03/04/2020 11:31:06 PM,595 root INFO F1:[0.91, 0.46](best:1.0 , 0.66)
03/04/2020 11:31:21 PM,110 root INFO Training All-nodes accuracy:0.68(best:0.68)
03/04/2020 11:31:21 PM,110 root INFO Training Root accuracy:0.94(best:0.94)
03/04/2020 11:31:21 PM,111 root INFO Training F1:[0.96, 0.97](best:0.99 , 0.99)
03/04/2020 11:31:21 PM,112 root INFO Epoch: 24
03/04/2020 11:31:22 PM,852 root INFO Loss = tensor([24.6114])
03/04/2020 11:31:30 PM,962 root INFO Loss = tensor([27.0857])
03/04/2020 11:31:38 PM,975 root INFO Loss = tensor([31.3004])
03/04/2020 11:31:47 PM,183 root INFO Loss = tensor([25.1748])
03/04/2020 11:31:54 PM,943 root INFO Loss = tensor([24.2967])
03/04/2020 11:32:02 PM,900 root INFO Loss = tensor([29.4353])
03/04/2020 11:32:11 PM,49 root INFO Loss = tensor([26.8275])
03/04/2020 11:32:18 PM,361 root INFO Loss = tensor([27.1451])
03/04/2020 11:32:22 PM,153 root INFO Validation All-nodes accuracy:0.62(best:0.82)
03/04/2020 11:32:22 PM,153 root INFO Validation Root accuracy:0.72(best:0.83)
03/04/2020 11:32:22 PM,153 root INFO F1:[0.91, 0.35](best:1.0 , 0.66)
03/04/2020 11:32:35 PM,306 root INFO Training All-nodes accuracy:0.68(best:0.68)
03/04/2020 11:32:35 PM,307 root INFO Training Root accuracy:0.91(best:0.94)
03/04/2020 11:32:35 PM,307 root INFO Training F1:[0.98, 0.93](best:0.99 , 0.99)
03/04/2020 11:32:35 PM,308 root INFO Epoch: 25
03/04/2020 11:32:37 PM,6 root INFO Loss = tensor([24.5529])
03/04/2020 11:32:45 PM,272 root INFO Loss = tensor([24.9130])
03/04/2020 11:32:53 PM,721 root INFO Loss = tensor([30.5934])
03/04/2020 11:33:02 PM,28 root INFO Loss = tensor([27.9132])
03/04/2020 11:33:09 PM,819 root INFO Loss = tensor([25.4163])
03/04/2020 11:33:18 PM,153 root INFO Loss = tensor([26.9577])
03/04/2020 11:33:26 PM,569 root INFO Loss = tensor([28.8159])
03/04/2020 11:33:33 PM,525 root INFO Loss = tensor([24.4403])
03/04/2020 11:33:37 PM,69 root INFO Validation All-nodes accuracy:0.67(best:0.82)
03/04/2020 11:33:37 PM,70 root INFO Validation Root accuracy:0.8(best:0.83)
03/04/2020 11:33:37 PM,70 root INFO F1:[0.92, 0.5](best:1.0 , 0.66)
03/04/2020 11:33:50 PM,156 root INFO Training All-nodes accuracy:0.69(best:0.69)
03/04/2020 11:33:50 PM,156 root INFO Training Root accuracy:0.96(best:0.96)
03/04/2020 11:33:50 PM,157 root INFO Training F1:[0.98, 0.97](best:0.99 , 0.99)
03/04/2020 11:33:50 PM,158 root INFO Epoch: 26
03/04/2020 11:33:51 PM,852 root INFO Loss = tensor([23.7426])
03/04/2020 11:33:59 PM,959 root INFO Loss = tensor([37.0397])
03/04/2020 11:34:08 PM,225 root INFO Loss = tensor([35.1127])
03/04/2020 11:34:16 PM,330 root INFO Loss = tensor([34.8963])
03/04/2020 11:34:24 PM,411 root INFO Loss = tensor([25.9141])
03/04/2020 11:34:32 PM,440 root INFO Loss = tensor([25.5655])
03/04/2020 11:34:40 PM,707 root INFO Loss = tensor([27.4279])
03/04/2020 11:34:47 PM,747 root INFO Loss = tensor([28.5136])
03/04/2020 11:34:51 PM,736 root INFO Validation All-nodes accuracy:0.63(best:0.82)
03/04/2020 11:34:51 PM,736 root INFO Validation Root accuracy:0.82(best:0.83)
03/04/2020 11:34:51 PM,737 root INFO F1:[0.91, 0.57](best:1.0 , 0.66)
03/04/2020 11:35:05 PM,0 root INFO Training All-nodes accuracy:0.68(best:0.69)
03/04/2020 11:35:05 PM,0 root INFO Training Root accuracy:0.88(best:0.96)
03/04/2020 11:35:05 PM,0 root INFO Training F1:[0.9, 0.99](best:0.99 , 0.99)
03/04/2020 11:35:05 PM,1 root INFO Epoch: 27
03/04/2020 11:35:06 PM,764 root INFO Loss = tensor([24.9853])
03/04/2020 11:35:15 PM,70 root INFO Loss = tensor([25.2721])
03/04/2020 11:35:23 PM,302 root INFO Loss = tensor([23.1502])
03/04/2020 11:35:31 PM,110 root INFO Loss = tensor([24.8745])
03/04/2020 11:35:39 PM,321 root INFO Loss = tensor([26.2196])
03/04/2020 11:35:47 PM,455 root INFO Loss = tensor([24.1417])
03/04/2020 11:35:55 PM,467 root INFO Loss = tensor([25.1573])
03/04/2020 11:36:02 PM,393 root INFO Loss = tensor([27.0126])
03/04/2020 11:36:06 PM,483 root INFO Validation All-nodes accuracy:0.58(best:0.82)
03/04/2020 11:36:06 PM,483 root INFO Validation Root accuracy:0.79(best:0.83)
03/04/2020 11:36:06 PM,483 root INFO F1:[0.91, 0.4](best:1.0 , 0.66)
03/04/2020 11:36:19 PM,618 root INFO Training All-nodes accuracy:0.69(best:0.69)
03/04/2020 11:36:19 PM,618 root INFO Training Root accuracy:0.95(best:0.96)
03/04/2020 11:36:19 PM,619 root INFO Training F1:[0.96, 0.98](best:0.99 , 0.99)
03/04/2020 11:36:19 PM,620 root INFO Epoch: 28
03/04/2020 11:36:21 PM,280 root INFO Loss = tensor([22.9765])
03/04/2020 11:36:29 PM,204 root INFO Loss = tensor([24.6695])
03/04/2020 11:36:37 PM,528 root INFO Loss = tensor([25.0845])
03/04/2020 11:36:45 PM,684 root INFO Loss = tensor([25.0749])
03/04/2020 11:36:54 PM,58 root INFO Loss = tensor([32.5061])
03/04/2020 11:37:02 PM,303 root INFO Loss = tensor([34.9312])
03/04/2020 11:37:10 PM,872 root INFO Loss = tensor([35.2066])
03/04/2020 11:37:17 PM,906 root INFO Loss = tensor([27.1287])
03/04/2020 11:37:21 PM,708 root INFO Validation All-nodes accuracy:0.61(best:0.82)
03/04/2020 11:37:21 PM,709 root INFO Validation Root accuracy:0.81(best:0.83)
03/04/2020 11:37:21 PM,709 root INFO F1:[0.91, 0.4](best:1.0 , 0.66)
03/04/2020 11:37:34 PM,838 root INFO Training All-nodes accuracy:0.68(best:0.69)
03/04/2020 11:37:34 PM,839 root INFO Training Root accuracy:0.87(best:0.96)
03/04/2020 11:37:34 PM,839 root INFO Training F1:[0.89, 0.99](best:0.99 , 0.99)
03/04/2020 11:37:34 PM,840 root INFO Epoch: 29
03/04/2020 11:37:36 PM,653 root INFO Loss = tensor([27.3654])
03/04/2020 11:37:45 PM,391 root INFO Loss = tensor([33.3980])
03/04/2020 11:37:53 PM,798 root INFO Loss = tensor([32.8452])
03/04/2020 11:38:01 PM,665 root INFO Loss = tensor([33.8224])
03/04/2020 11:38:09 PM,695 root INFO Loss = tensor([36.5488])
03/04/2020 11:38:17 PM,851 root INFO Loss = tensor([27.8612])
03/04/2020 11:38:25 PM,695 root INFO Loss = tensor([25.5562])
03/04/2020 11:38:32 PM,791 root INFO Loss = tensor([28.0294])
03/04/2020 11:38:36 PM,473 root INFO Validation All-nodes accuracy:0.62(best:0.82)
03/04/2020 11:38:36 PM,473 root INFO Validation Root accuracy:0.6(best:0.83)
03/04/2020 11:38:36 PM,473 root INFO F1:[0.93, 0.38](best:1.0 , 0.66)
03/04/2020 11:38:49 PM,926 root INFO Training All-nodes accuracy:0.65(best:0.69)
03/04/2020 11:38:49 PM,926 root INFO Training Root accuracy:0.81(best:0.96)
03/04/2020 11:38:49 PM,926 root INFO Training F1:[0.99, 0.85](best:0.99 , 0.99)
03/04/2020 11:38:49 PM,928 root INFO Epoch: 30
03/04/2020 11:38:51 PM,705 root INFO Loss = tensor([27.3209])
03/04/2020 11:39:00 PM,444 root INFO Loss = tensor([25.3897])
03/04/2020 11:39:08 PM,803 root INFO Loss = tensor([26.9102])
03/04/2020 11:39:16 PM,878 root INFO Loss = tensor([26.4057])
03/04/2020 11:39:25 PM,1 root INFO Loss = tensor([24.1363])
03/04/2020 11:39:33 PM,45 root INFO Loss = tensor([25.5278])
03/04/2020 11:39:41 PM,139 root INFO Loss = tensor([27.5538])
03/04/2020 11:39:47 PM,987 root INFO Loss = tensor([26.0734])
03/04/2020 11:39:51 PM,682 root INFO Validation All-nodes accuracy:0.71(best:0.82)
03/04/2020 11:39:51 PM,682 root INFO Validation Root accuracy:0.79(best:0.83)
03/04/2020 11:39:51 PM,682 root INFO F1:[0.91, 0.46](best:1.0 , 0.66)
03/04/2020 11:40:05 PM,37 root INFO Training All-nodes accuracy:0.69(best:0.69)
03/04/2020 11:40:05 PM,37 root INFO Training Root accuracy:0.96(best:0.96)
03/04/2020 11:40:05 PM,37 root INFO Training F1:[0.98, 0.98](best:0.99 , 0.99)
03/04/2020 11:40:05 PM,39 root INFO Epoch: 31
03/04/2020 11:40:06 PM,723 root INFO Loss = tensor([23.8042])
03/04/2020 11:40:15 PM,103 root INFO Loss = tensor([29.8119])
03/04/2020 11:40:24 PM,538 root INFO Loss = tensor([33.3270])
03/04/2020 11:40:33 PM,270 root INFO Loss = tensor([32.1074])
03/04/2020 11:40:41 PM,380 root INFO Loss = tensor([24.3912])
03/04/2020 11:40:49 PM,359 root INFO Loss = tensor([26.6345])
03/04/2020 11:40:57 PM,407 root INFO Loss = tensor([27.9229])
03/04/2020 11:41:04 PM,194 root INFO Loss = tensor([25.8341])
03/04/2020 11:41:07 PM,967 root INFO Validation All-nodes accuracy:0.65(best:0.82)
03/04/2020 11:41:07 PM,967 root INFO Validation Root accuracy:0.81(best:0.83)
03/04/2020 11:41:07 PM,967 root INFO F1:[0.92, 0.55](best:1.0 , 0.66)
03/04/2020 11:41:20 PM,973 root INFO Training All-nodes accuracy:0.7(best:0.7)
03/04/2020 11:41:20 PM,973 root INFO Training Root accuracy:0.96(best:0.96)
03/04/2020 11:41:20 PM,974 root INFO Training F1:[0.98, 0.98](best:0.99 , 0.99)
03/04/2020 11:41:20 PM,975 root INFO Epoch: 32
03/04/2020 11:41:22 PM,642 root INFO Loss = tensor([23.7126])
03/04/2020 11:41:30 PM,628 root INFO Loss = tensor([25.0958])
03/04/2020 11:41:38 PM,836 root INFO Loss = tensor([23.9666])
03/04/2020 11:41:47 PM,64 root INFO Loss = tensor([24.0502])
03/04/2020 11:41:55 PM,307 root INFO Loss = tensor([24.9747])
03/04/2020 11:42:03 PM,441 root INFO Loss = tensor([23.7185])
03/04/2020 11:42:11 PM,382 root INFO Loss = tensor([24.3815])
03/04/2020 11:42:18 PM,119 root INFO Loss = tensor([25.9986])
03/04/2020 11:42:21 PM,948 root INFO Validation All-nodes accuracy:0.61(best:0.82)
03/04/2020 11:42:21 PM,948 root INFO Validation Root accuracy:0.81(best:0.83)
03/04/2020 11:42:21 PM,948 root INFO F1:[0.91, 0.5](best:1.0 , 0.66)
03/04/2020 11:42:34 PM,901 root INFO Training All-nodes accuracy:0.7(best:0.7)
03/04/2020 11:42:34 PM,902 root INFO Training Root accuracy:0.97(best:0.97)
03/04/2020 11:42:34 PM,902 root INFO Training F1:[0.98, 0.98](best:0.99 , 0.99)
03/04/2020 11:42:34 PM,904 root INFO Epoch: 33
03/04/2020 11:42:36 PM,617 root INFO Loss = tensor([24.3309])
03/04/2020 11:42:44 PM,827 root INFO Loss = tensor([23.4450])
03/04/2020 11:42:53 PM,71 root INFO Loss = tensor([22.5409])
03/04/2020 11:43:00 PM,961 root INFO Loss = tensor([24.5981])
03/04/2020 11:43:09 PM,206 root INFO Loss = tensor([24.0559])
03/04/2020 11:43:17 PM,66 root INFO Loss = tensor([23.4625])
03/04/2020 11:43:25 PM,41 root INFO Loss = tensor([24.5459])
03/04/2020 11:43:32 PM,121 root INFO Loss = tensor([26.3619])
03/04/2020 11:43:35 PM,932 root INFO Validation All-nodes accuracy:0.7(best:0.82)
03/04/2020 11:43:35 PM,933 root INFO Validation Root accuracy:0.8(best:0.83)
03/04/2020 11:43:35 PM,933 root INFO F1:[0.91, 0.44](best:1.0 , 0.66)
03/04/2020 11:43:48 PM,854 root INFO Training All-nodes accuracy:0.7(best:0.7)
03/04/2020 11:43:48 PM,854 root INFO Training Root accuracy:0.97(best:0.97)
03/04/2020 11:43:48 PM,855 root INFO Training F1:[0.99, 0.98](best:0.99 , 0.99)
03/04/2020 11:43:48 PM,856 root INFO Epoch: 34
03/04/2020 11:43:50 PM,596 root INFO Loss = tensor([24.3371])
03/04/2020 11:43:58 PM,741 root INFO Loss = tensor([22.2395])
03/04/2020 11:44:06 PM,567 root INFO Loss = tensor([22.8311])
03/04/2020 11:44:14 PM,710 root INFO Loss = tensor([24.3950])
03/04/2020 11:44:22 PM,730 root INFO Loss = tensor([23.3748])
03/04/2020 11:44:30 PM,823 root INFO Loss = tensor([24.3041])
03/04/2020 11:44:38 PM,868 root INFO Loss = tensor([23.9087])
03/04/2020 11:44:45 PM,781 root INFO Loss = tensor([24.7225])
03/04/2020 11:44:49 PM,669 root INFO Validation All-nodes accuracy:0.59(best:0.82)
03/04/2020 11:44:49 PM,670 root INFO Validation Root accuracy:0.82(best:0.83)
03/04/2020 11:44:49 PM,670 root INFO F1:[0.92, 0.62](best:1.0 , 0.66)
03/04/2020 11:45:02 PM,591 root INFO Training All-nodes accuracy:0.7(best:0.7)
03/04/2020 11:45:02 PM,591 root INFO Training Root accuracy:0.97(best:0.97)
03/04/2020 11:45:02 PM,592 root INFO Training F1:[0.98, 0.98](best:0.99 , 0.99)
03/04/2020 11:45:02 PM,593 root INFO Epoch: 35
03/04/2020 11:45:04 PM,396 root INFO Loss = tensor([23.2822])
03/04/2020 11:45:12 PM,638 root INFO Loss = tensor([22.7019])
03/04/2020 11:45:20 PM,869 root INFO Loss = tensor([23.2502])
03/04/2020 11:45:28 PM,697 root INFO Loss = tensor([23.6583])
03/04/2020 11:45:36 PM,882 root INFO Loss = tensor([25.0195])
03/04/2020 11:45:46 PM,562 root INFO Loss = tensor([27.2682])
03/04/2020 11:45:54 PM,804 root INFO Loss = tensor([24.0951])
03/04/2020 11:46:03 PM,678 root INFO Loss = tensor([27.8635])
03/04/2020 11:46:13 PM,398 root INFO Validation All-nodes accuracy:0.54(best:0.82)
03/04/2020 11:46:13 PM,398 root INFO Validation Root accuracy:0.81(best:0.83)
03/04/2020 11:46:13 PM,399 root INFO F1:[0.92, 0.55](best:1.0 , 0.66)
03/04/2020 11:46:32 PM,692 root INFO Training All-nodes accuracy:0.69(best:0.7)
03/04/2020 11:46:32 PM,692 root INFO Training Root accuracy:0.96(best:0.97)
03/04/2020 11:46:32 PM,692 root INFO Training F1:[0.97, 0.99](best:0.99 , 0.99)
03/04/2020 11:46:32 PM,694 root INFO Epoch: 36
03/04/2020 11:46:35 PM,194 root INFO Loss = tensor([22.3420])
03/04/2020 11:46:43 PM,917 root INFO Loss = tensor([24.6291])
03/04/2020 11:46:52 PM,297 root INFO Loss = tensor([22.6713])
03/04/2020 11:47:00 PM,419 root INFO Loss = tensor([22.7278])
03/04/2020 11:47:08 PM,955 root INFO Loss = tensor([25.1196])
03/04/2020 11:47:17 PM,595 root INFO Loss = tensor([24.8767])
03/04/2020 11:47:25 PM,821 root INFO Loss = tensor([23.5036])
03/04/2020 11:47:32 PM,771 root INFO Loss = tensor([29.6527])
03/04/2020 11:47:36 PM,598 root INFO Validation All-nodes accuracy:0.6(best:0.82)
03/04/2020 11:47:36 PM,598 root INFO Validation Root accuracy:0.8(best:0.83)
03/04/2020 11:47:36 PM,598 root INFO F1:[0.91, 0.44](best:1.0 , 0.66)
03/04/2020 11:47:50 PM,385 root INFO Training All-nodes accuracy:0.7(best:0.7)
03/04/2020 11:47:50 PM,385 root INFO Training Root accuracy:0.97(best:0.97)
03/04/2020 11:47:50 PM,386 root INFO Training F1:[0.99, 0.98](best:0.99 , 0.99)
03/04/2020 11:47:50 PM,387 root INFO Epoch: 37
03/04/2020 11:47:52 PM,216 root INFO Loss = tensor([23.6051])
03/04/2020 11:48:00 PM,550 root INFO Loss = tensor([21.9460])
03/04/2020 11:48:08 PM,739 root INFO Loss = tensor([23.0262])
03/04/2020 11:48:17 PM,285 root INFO Loss = tensor([21.9443])
03/04/2020 11:48:25 PM,505 root INFO Loss = tensor([26.0602])
03/04/2020 11:48:33 PM,787 root INFO Loss = tensor([24.3216])
03/04/2020 11:48:42 PM,252 root INFO Loss = tensor([22.8781])
03/04/2020 11:48:49 PM,461 root INFO Loss = tensor([23.4054])
03/04/2020 11:48:53 PM,367 root INFO Validation All-nodes accuracy:0.6(best:0.82)
03/04/2020 11:48:53 PM,368 root INFO Validation Root accuracy:0.83(best:0.83)
03/04/2020 11:48:53 PM,368 root INFO F1:[0.91, 0.67](best:1.0 , 0.67)
03/04/2020 11:49:06 PM,930 root INFO Training All-nodes accuracy:0.7(best:0.7)
03/04/2020 11:49:06 PM,930 root INFO Training Root accuracy:0.97(best:0.97)
03/04/2020 11:49:06 PM,930 root INFO Training F1:[0.98, 0.99](best:0.99 , 0.99)
03/04/2020 11:49:06 PM,932 root INFO Epoch: 38
03/04/2020 11:49:08 PM,769 root INFO Loss = tensor([22.9010])
03/04/2020 11:49:17 PM,230 root INFO Loss = tensor([22.7315])
03/04/2020 11:49:25 PM,890 root INFO Loss = tensor([25.6958])
03/04/2020 11:49:34 PM,632 root INFO Loss = tensor([22.5699])
03/04/2020 11:49:43 PM,67 root INFO Loss = tensor([24.1187])
03/04/2020 11:49:51 PM,330 root INFO Loss = tensor([22.3595])
03/04/2020 11:49:59 PM,402 root INFO Loss = tensor([22.1352])
03/04/2020 11:50:06 PM,439 root INFO Loss = tensor([22.5376])
03/04/2020 11:50:10 PM,261 root INFO Validation All-nodes accuracy:0.65(best:0.82)
03/04/2020 11:50:10 PM,261 root INFO Validation Root accuracy:0.82(best:0.83)
03/04/2020 11:50:10 PM,261 root INFO F1:[0.92, 0.6](best:1.0 , 0.67)
03/04/2020 11:50:23 PM,841 root INFO Training All-nodes accuracy:0.71(best:0.71)
03/04/2020 11:50:23 PM,841 root INFO Training Root accuracy:0.97(best:0.97)
03/04/2020 11:50:23 PM,841 root INFO Training F1:[0.98, 0.99](best:0.99 , 0.99)
03/04/2020 11:50:23 PM,843 root INFO Epoch: 39
03/04/2020 11:50:25 PM,596 root INFO Loss = tensor([22.1639])
03/04/2020 11:50:33 PM,904 root INFO Loss = tensor([22.9500])
03/04/2020 11:50:42 PM,255 root INFO Loss = tensor([22.5110])
03/04/2020 11:50:50 PM,720 root INFO Loss = tensor([21.8656])
03/04/2020 11:50:58 PM,796 root INFO Loss = tensor([23.0020])
03/04/2020 11:51:07 PM,520 root INFO Loss = tensor([24.2458])
03/04/2020 11:51:15 PM,851 root INFO Loss = tensor([23.0272])
03/04/2020 11:51:22 PM,870 root INFO Loss = tensor([24.4551])
03/04/2020 11:51:26 PM,823 root INFO Validation All-nodes accuracy:0.61(best:0.82)
03/04/2020 11:51:26 PM,823 root INFO Validation Root accuracy:0.83(best:0.83)
03/04/2020 11:51:26 PM,823 root INFO F1:[0.91, 0.67](best:1.0 , 0.67)
03/04/2020 11:51:41 PM,140 root INFO Training All-nodes accuracy:0.71(best:0.71)
03/04/2020 11:51:41 PM,140 root INFO Training Root accuracy:0.98(best:0.98)
03/04/2020 11:51:41 PM,140 root INFO Training F1:[0.98, 0.99](best:0.99 , 0.99)
03/04/2020 11:51:41 PM,142 root INFO Epoch: 40
03/04/2020 11:51:43 PM,73 root INFO Loss = tensor([22.0896])
03/04/2020 11:51:51 PM,521 root INFO Loss = tensor([25.8416])
03/04/2020 11:52:00 PM,282 root INFO Loss = tensor([23.8437])
03/04/2020 11:52:08 PM,995 root INFO Loss = tensor([22.2308])
03/04/2020 11:52:18 PM,993 root INFO Loss = tensor([21.9822])
03/04/2020 11:52:28 PM,199 root INFO Loss = tensor([23.2842])
03/04/2020 11:52:36 PM,522 root INFO Loss = tensor([21.0925])
03/04/2020 11:52:43 PM,555 root INFO Loss = tensor([21.9930])
03/04/2020 11:52:47 PM,451 root INFO Validation All-nodes accuracy:0.65(best:0.82)
03/04/2020 11:52:47 PM,451 root INFO Validation Root accuracy:0.82(best:0.83)
03/04/2020 11:52:47 PM,452 root INFO F1:[0.92, 0.6](best:1.0 , 0.67)
03/04/2020 11:53:00 PM,981 root INFO Training All-nodes accuracy:0.72(best:0.72)
03/04/2020 11:53:00 PM,981 root INFO Training Root accuracy:0.99(best:0.99)
03/04/2020 11:53:00 PM,982 root INFO Training F1:[0.99, 0.99](best:0.99 , 0.99)
03/04/2020 11:53:00 PM,983 root INFO Epoch: 41
03/04/2020 11:53:02 PM,733 root INFO Loss = tensor([21.7993])
03/04/2020 11:53:11 PM,44 root INFO Loss = tensor([21.8223])
03/04/2020 11:53:19 PM,671 root INFO Loss = tensor([22.9142])
03/04/2020 11:53:28 PM,32 root INFO Loss = tensor([21.8875])
03/04/2020 11:53:36 PM,220 root INFO Loss = tensor([23.3212])
03/04/2020 11:53:44 PM,703 root INFO Loss = tensor([24.7935])
03/04/2020 11:53:53 PM,421 root INFO Loss = tensor([20.9125])
03/04/2020 11:54:00 PM,187 root INFO Loss = tensor([26.4452])
03/04/2020 11:54:04 PM,268 root INFO Validation All-nodes accuracy:0.68(best:0.82)
03/04/2020 11:54:04 PM,268 root INFO Validation Root accuracy:0.85(best:0.85)
03/04/2020 11:54:04 PM,268 root INFO F1:[0.92, 0.8](best:1.0 , 0.8)
03/04/2020 11:54:17 PM,920 root INFO Training All-nodes accuracy:0.71(best:0.72)
03/04/2020 11:54:17 PM,921 root INFO Training Root accuracy:0.98(best:0.99)
03/04/2020 11:54:17 PM,921 root INFO Training F1:[0.99, 0.99](best:0.99 , 0.99)
03/04/2020 11:54:17 PM,922 root INFO Epoch: 42
03/04/2020 11:54:19 PM,833 root INFO Loss = tensor([22.6634])
03/04/2020 11:54:28 PM,222 root INFO Loss = tensor([24.4659])
03/04/2020 11:54:36 PM,850 root INFO Loss = tensor([23.6752])
03/04/2020 11:54:45 PM,209 root INFO Loss = tensor([21.1003])
03/04/2020 11:54:53 PM,248 root INFO Loss = tensor([22.2217])
03/04/2020 11:55:01 PM,732 root INFO Loss = tensor([20.9026])
03/04/2020 11:55:09 PM,752 root INFO Loss = tensor([23.6457])
03/04/2020 11:55:17 PM,63 root INFO Loss = tensor([21.3667])
03/04/2020 11:55:20 PM,929 root INFO Validation All-nodes accuracy:0.68(best:0.82)
03/04/2020 11:55:20 PM,930 root INFO Validation Root accuracy:0.8(best:0.85)
03/04/2020 11:55:20 PM,930 root INFO F1:[0.91, 0.44](best:1.0 , 0.8)
03/04/2020 11:55:34 PM,759 root INFO Training All-nodes accuracy:0.72(best:0.72)
03/04/2020 11:55:34 PM,761 root INFO Training Root accuracy:0.99(best:0.99)
03/04/2020 11:55:34 PM,761 root INFO Training F1:[0.99, 0.99](best:0.99 , 0.99)
03/04/2020 11:55:34 PM,764 root INFO Epoch: 43
03/04/2020 11:55:36 PM,552 root INFO Loss = tensor([21.8485])
03/04/2020 11:55:44 PM,795 root INFO Loss = tensor([22.3290])
03/04/2020 11:55:52 PM,918 root INFO Loss = tensor([22.3723])
03/04/2020 11:56:01 PM,158 root INFO Loss = tensor([22.9437])
03/04/2020 11:56:09 PM,558 root INFO Loss = tensor([24.4135])
03/04/2020 11:56:17 PM,769 root INFO Loss = tensor([22.9696])
03/04/2020 11:56:26 PM,69 root INFO Loss = tensor([21.1846])
03/04/2020 11:56:33 PM,41 root INFO Loss = tensor([20.7848])
03/04/2020 11:56:36 PM,767 root INFO Validation All-nodes accuracy:0.73(best:0.82)
03/04/2020 11:56:36 PM,768 root INFO Validation Root accuracy:0.79(best:0.85)
03/04/2020 11:56:36 PM,768 root INFO F1:[0.91, 0.46](best:1.0 , 0.8)
03/04/2020 11:56:50 PM,280 root INFO Training All-nodes accuracy:0.71(best:0.72)
03/04/2020 11:56:50 PM,280 root INFO Training Root accuracy:0.98(best:0.99)
03/04/2020 11:56:50 PM,280 root INFO Training F1:[0.99, 0.99](best:0.99 , 0.99)
03/04/2020 11:56:50 PM,282 root INFO Epoch: 44
03/04/2020 11:56:52 PM,80 root INFO Loss = tensor([21.2994])
03/04/2020 11:57:00 PM,287 root INFO Loss = tensor([22.8984])
03/04/2020 11:57:08 PM,874 root INFO Loss = tensor([22.2177])
03/04/2020 11:57:17 PM,809 root INFO Loss = tensor([23.7761])
03/04/2020 11:57:26 PM,186 root INFO Loss = tensor([23.4980])
03/04/2020 11:57:34 PM,613 root INFO Loss = tensor([21.2308])
03/04/2020 11:57:42 PM,648 root INFO Loss = tensor([21.4141])
03/04/2020 11:57:49 PM,852 root INFO Loss = tensor([22.6408])
03/04/2020 11:57:53 PM,701 root INFO Validation All-nodes accuracy:0.68(best:0.82)
03/04/2020 11:57:53 PM,701 root INFO Validation Root accuracy:0.8(best:0.85)
03/04/2020 11:57:53 PM,701 root INFO F1:[0.91, 0.44](best:1.0 , 0.8)
03/04/2020 11:58:07 PM,456 root INFO Training All-nodes accuracy:0.71(best:0.72)
03/04/2020 11:58:07 PM,456 root INFO Training Root accuracy:0.98(best:0.99)
03/04/2020 11:58:07 PM,456 root INFO Training F1:[0.99, 0.99](best:0.99 , 0.99)
03/04/2020 11:58:07 PM,458 root INFO Epoch: 45
03/04/2020 11:58:09 PM,275 root INFO Loss = tensor([21.5732])
03/04/2020 11:58:17 PM,732 root INFO Loss = tensor([22.2424])
03/04/2020 11:58:26 PM,278 root INFO Loss = tensor([22.1487])
03/04/2020 11:58:36 PM,182 root INFO Loss = tensor([22.7088])
03/04/2020 11:58:44 PM,587 root INFO Loss = tensor([23.6499])
03/04/2020 11:58:52 PM,828 root INFO Loss = tensor([20.7434])
03/04/2020 11:59:00 PM,698 root INFO Loss = tensor([21.3062])
03/04/2020 11:59:07 PM,813 root INFO Loss = tensor([23.1590])
03/04/2020 11:59:11 PM,767 root INFO Validation All-nodes accuracy:0.66(best:0.82)
03/04/2020 11:59:11 PM,767 root INFO Validation Root accuracy:0.81(best:0.85)
03/04/2020 11:59:11 PM,767 root INFO F1:[0.91, 0.5](best:1.0 , 0.8)
03/04/2020 11:59:25 PM,360 root INFO Training All-nodes accuracy:0.72(best:0.72)
03/04/2020 11:59:25 PM,360 root INFO Training Root accuracy:0.99(best:0.99)
03/04/2020 11:59:25 PM,361 root INFO Training F1:[0.99, 0.99](best:0.99 , 0.99)
03/04/2020 11:59:25 PM,363 root INFO Epoch: 46
03/04/2020 11:59:27 PM,123 root INFO Loss = tensor([21.1748])
03/04/2020 11:59:35 PM,264 root INFO Loss = tensor([29.0139])
03/04/2020 11:59:43 PM,791 root INFO Loss = tensor([29.0315])
03/04/2020 11:59:51 PM,933 root INFO Loss = tensor([22.4738])
03/05/2020 12:00:00 AM,110 root INFO Loss = tensor([25.4031])
03/05/2020 12:00:08 AM,519 root INFO Loss = tensor([30.1018])
03/05/2020 12:00:16 AM,797 root INFO Loss = tensor([24.9327])
03/05/2020 12:00:23 AM,826 root INFO Loss = tensor([23.9759])
03/05/2020 12:00:27 AM,764 root INFO Validation All-nodes accuracy:0.59(best:0.82)
03/05/2020 12:00:27 AM,764 root INFO Validation Root accuracy:0.82(best:0.85)
03/05/2020 12:00:27 AM,764 root INFO F1:[0.91, 0.57](best:1.0 , 0.8)
03/05/2020 12:00:41 AM,331 root INFO Training All-nodes accuracy:0.71(best:0.72)
03/05/2020 12:00:41 AM,332 root INFO Training Root accuracy:0.98(best:0.99)
03/05/2020 12:00:41 AM,332 root INFO Training F1:[0.98, 1.0](best:0.99 , 1.0)
03/05/2020 12:00:41 AM,333 root INFO Epoch: 47
03/05/2020 12:00:43 AM,404 root INFO Loss = tensor([22.2579])
03/05/2020 12:00:51 AM,706 root INFO Loss = tensor([25.0902])
03/05/2020 12:00:59 AM,945 root INFO Loss = tensor([22.9753])
03/05/2020 12:01:08 AM,154 root INFO Loss = tensor([21.7613])
03/05/2020 12:01:16 AM,399 root INFO Loss = tensor([23.7255])
03/05/2020 12:01:25 AM,22 root INFO Loss = tensor([21.3967])
03/05/2020 12:01:33 AM,433 root INFO Loss = tensor([21.4529])
03/05/2020 12:01:40 AM,365 root INFO Loss = tensor([21.1023])
03/05/2020 12:01:44 AM,46 root INFO Validation All-nodes accuracy:0.6(best:0.82)
03/05/2020 12:01:44 AM,46 root INFO Validation Root accuracy:0.83(best:0.85)
03/05/2020 12:01:44 AM,46 root INFO F1:[0.91, 0.67](best:1.0 , 0.8)
03/05/2020 12:01:57 AM,734 root INFO Training All-nodes accuracy:0.71(best:0.72)
03/05/2020 12:01:57 AM,734 root INFO Training Root accuracy:0.98(best:0.99)
03/05/2020 12:01:57 AM,735 root INFO Training F1:[0.99, 1.0](best:0.99 , 1.0)
03/05/2020 12:01:57 AM,736 root INFO Epoch: 48
03/05/2020 12:01:59 AM,391 root INFO Loss = tensor([20.2119])
03/05/2020 12:05:51 AM,66 root INFO Loss = tensor([21.4925])
03/05/2020 12:05:59 AM,733 root INFO Loss = tensor([21.3646])
03/05/2020 12:06:07 AM,834 root INFO Loss = tensor([21.6095])
03/05/2020 12:06:16 AM,334 root INFO Loss = tensor([25.3329])
03/05/2020 12:06:26 AM,322 root INFO Loss = tensor([22.5857])
03/05/2020 12:06:35 AM,184 root INFO Loss = tensor([24.0540])
03/05/2020 12:06:42 AM,455 root INFO Loss = tensor([28.9867])
03/05/2020 12:06:46 AM,450 root INFO Validation All-nodes accuracy:0.69(best:0.82)
03/05/2020 12:06:46 AM,451 root INFO Validation Root accuracy:0.83(best:0.85)
03/05/2020 12:06:46 AM,451 root INFO F1:[0.92, 0.67](best:1.0 , 0.8)
03/05/2020 12:07:00 AM,319 root INFO Training All-nodes accuracy:0.72(best:0.72)
03/05/2020 12:07:00 AM,319 root INFO Training Root accuracy:0.98(best:0.99)
03/05/2020 12:07:00 AM,320 root INFO Training F1:[0.99, 0.99](best:0.99 , 1.0)
03/05/2020 12:07:00 AM,321 root INFO Epoch: 49
03/05/2020 12:07:02 AM,130 root INFO Loss = tensor([21.2891])
03/05/2020 12:07:10 AM,197 root INFO Loss = tensor([24.6309])
03/05/2020 12:07:18 AM,277 root INFO Loss = tensor([27.6464])
03/05/2020 12:07:26 AM,736 root INFO Loss = tensor([21.0669])
03/05/2020 12:07:35 AM,280 root INFO Loss = tensor([23.1781])
03/05/2020 12:07:43 AM,495 root INFO Loss = tensor([26.8156])
03/05/2020 12:07:51 AM,912 root INFO Loss = tensor([23.7592])
03/05/2020 12:07:59 AM,142 root INFO Loss = tensor([24.2305])
03/05/2020 12:08:03 AM,58 root INFO Validation All-nodes accuracy:0.74(best:0.82)
03/05/2020 12:08:03 AM,59 root INFO Validation Root accuracy:0.82(best:0.85)
03/05/2020 12:08:03 AM,59 root INFO F1:[0.91, 0.57](best:1.0 , 0.8)
03/05/2020 12:08:16 AM,577 root INFO Training All-nodes accuracy:0.72(best:0.72)
03/05/2020 12:08:16 AM,577 root INFO Training Root accuracy:0.99(best:0.99)
03/05/2020 12:08:16 AM,577 root INFO Training F1:[0.99, 1.0](best:0.99 , 1.0)
