05/26/2020 12:22:27 PM,218 gensim.utils INFO loading Word2VecKeyedVectors object from /Users/navreetkaur/MTP/finetune-word2vec/w2v-models/tech-word2vec-ner
05/26/2020 12:22:27 PM,463 gensim.utils INFO setting ignored attribute vectors_norm to None
05/26/2020 12:22:27 PM,463 gensim.utils INFO loaded /Users/navreetkaur/MTP/finetune-word2vec/w2v-models/tech-word2vec-ner
05/26/2020 12:22:27 PM,464 gensim.models.utils_any2vec INFO loading projection weights from /Users/navreetkaur/MTP/finetune-word2vec/w2v-models/GoogleNews-vectors-negative300.bin
05/26/2020 12:24:51 PM,314 gensim.models.utils_any2vec INFO loaded (3000000, 300) matrix from /Users/navreetkaur/MTP/finetune-word2vec/w2v-models/GoogleNews-vectors-negative300.bin
05/26/2020 12:24:58 PM,790 root INFO Start logging
05/26/2020 12:24:59 PM,321 root INFO Epoch: 0
05/26/2020 12:25:03 PM,777 root INFO Loss = tensor([28.0057])
05/26/2020 12:25:15 PM,702 root INFO Loss = tensor([31.7716])
05/26/2020 12:25:24 PM,162 root INFO Validation All-nodes accuracy:0.69(best:0.69)
05/26/2020 12:25:24 PM,162 root INFO Validation Root accuracy:0.81(best:0.81)
05/26/2020 12:25:24 PM,163 root INFO F1:[0.0, 0.91](best:0.0 , 0.91)
05/26/2020 12:25:30 PM,459 root INFO Training All-nodes accuracy:0.52(best:0.52)
05/26/2020 12:25:30 PM,460 root INFO Training Root accuracy:0.5(best:0.5)
05/26/2020 12:25:30 PM,460 root INFO Training F1:[0.5, 0.66](best:0.5 , 0.66)
05/26/2020 12:25:30 PM,462 root INFO Epoch: 1
05/26/2020 12:25:34 PM,850 root INFO Loss = tensor([30.3347])
05/26/2020 12:25:49 PM,644 root INFO Loss = tensor([28.4044])
05/26/2020 12:26:01 PM,532 root INFO Validation All-nodes accuracy:0.86(best:0.86)
05/26/2020 12:26:01 PM,533 root INFO Validation Root accuracy:0.84(best:0.84)
05/26/2020 12:26:01 PM,533 root INFO F1:[0.5, 0.91](best:0.5 , 0.91)
05/26/2020 12:26:08 PM,656 root INFO Training All-nodes accuracy:0.53(best:0.53)
05/26/2020 12:26:08 PM,656 root INFO Training Root accuracy:0.5(best:0.5)
05/26/2020 12:26:08 PM,656 root INFO Training F1:[0.5, 0.67](best:0.5 , 0.67)
05/26/2020 12:26:08 PM,658 root INFO Epoch: 2
05/26/2020 12:26:12 PM,335 root INFO Loss = tensor([29.9794])
05/26/2020 12:26:29 PM,446 root INFO Loss = tensor([28.7124])
05/26/2020 12:26:39 PM,31 root INFO Validation All-nodes accuracy:0.87(best:0.87)
05/26/2020 12:26:39 PM,33 root INFO Validation Root accuracy:0.84(best:0.84)
05/26/2020 12:26:39 PM,34 root INFO F1:[0.5, 0.91](best:0.5 , 0.91)
05/26/2020 12:26:47 PM,275 root INFO Training All-nodes accuracy:0.53(best:0.53)
05/26/2020 12:26:47 PM,275 root INFO Training Root accuracy:0.5(best:0.5)
05/26/2020 12:26:47 PM,276 root INFO Training F1:[0.5, 0.67](best:0.5 , 0.67)
05/26/2020 12:26:47 PM,277 root INFO Epoch: 3
05/26/2020 12:26:51 PM,620 root INFO Loss = tensor([29.3785])
05/26/2020 12:27:07 PM,263 root INFO Loss = tensor([29.5592])
05/26/2020 12:27:19 PM,528 root INFO Validation All-nodes accuracy:0.86(best:0.87)
05/26/2020 12:27:19 PM,529 root INFO Validation Root accuracy:0.84(best:0.84)
05/26/2020 12:27:19 PM,529 root INFO F1:[0.5, 0.91](best:0.5 , 0.91)
05/26/2020 12:27:37 PM,350 root INFO Training All-nodes accuracy:0.53(best:0.53)
05/26/2020 12:27:37 PM,351 root INFO Training Root accuracy:0.5(best:0.5)
05/26/2020 12:27:37 PM,351 root INFO Training F1:[0.5, 0.67](best:0.5 , 0.67)
05/26/2020 12:27:37 PM,354 root INFO Epoch: 4
05/26/2020 12:27:43 PM,672 root INFO Loss = tensor([28.9803])
05/26/2020 12:28:00 PM,304 root INFO Loss = tensor([30.3298])
05/26/2020 12:28:10 PM,706 root INFO Validation All-nodes accuracy:0.87(best:0.87)
05/26/2020 12:28:10 PM,706 root INFO Validation Root accuracy:0.84(best:0.84)
05/26/2020 12:28:10 PM,707 root INFO F1:[0.5, 0.91](best:0.5 , 0.91)
05/26/2020 12:28:19 PM,405 root INFO Training All-nodes accuracy:0.53(best:0.53)
05/26/2020 12:28:19 PM,406 root INFO Training Root accuracy:0.5(best:0.5)
05/26/2020 12:28:19 PM,406 root INFO Training F1:[0.5, 0.67](best:0.5 , 0.67)
05/26/2020 12:28:19 PM,408 root INFO Epoch: 5
05/26/2020 12:28:23 PM,519 root INFO Loss = tensor([29.2705])
05/26/2020 12:28:44 PM,293 root INFO Loss = tensor([29.6160])
05/26/2020 12:28:58 PM,130 root INFO Validation All-nodes accuracy:0.81(best:0.87)
05/26/2020 12:28:58 PM,131 root INFO Validation Root accuracy:0.76(best:0.84)
05/26/2020 12:28:58 PM,131 root INFO F1:[0.0, 0.9](best:0.5 , 0.91)
05/26/2020 12:29:11 PM,608 root INFO Training All-nodes accuracy:0.53(best:0.53)
05/26/2020 12:29:11 PM,609 root INFO Training Root accuracy:0.5(best:0.5)
05/26/2020 12:29:11 PM,609 root INFO Training F1:[0.62, 0.66](best:0.62 , 0.67)
05/26/2020 12:29:11 PM,622 root INFO Epoch: 6
05/26/2020 12:29:16 PM,732 root INFO Loss = tensor([29.6538])
05/26/2020 12:29:31 PM,485 root INFO Loss = tensor([29.4378])
05/26/2020 12:29:41 PM,284 root INFO Validation All-nodes accuracy:0.68(best:0.87)
05/26/2020 12:29:41 PM,285 root INFO Validation Root accuracy:0.51(best:0.84)
05/26/2020 12:29:41 PM,285 root INFO F1:[0.29, 0.92](best:0.5 , 0.92)
05/26/2020 12:29:47 PM,639 root INFO Training All-nodes accuracy:0.54(best:0.54)
05/26/2020 12:29:47 PM,639 root INFO Training Root accuracy:0.5(best:0.5)
05/26/2020 12:29:47 PM,639 root INFO Training F1:[0.67, 0.67](best:0.67 , 0.67)
05/26/2020 12:29:47 PM,641 root INFO Epoch: 7
05/26/2020 12:29:50 PM,942 root INFO Loss = tensor([30.2922])
05/26/2020 12:30:01 PM,990 root INFO Loss = tensor([28.1974])
05/26/2020 12:30:11 PM,724 root INFO Validation All-nodes accuracy:0.76(best:0.87)
05/26/2020 12:30:11 PM,725 root INFO Validation Root accuracy:0.7(best:0.84)
05/26/2020 12:30:11 PM,725 root INFO F1:[0.17, 0.9](best:0.5 , 0.92)
05/26/2020 12:30:18 PM,641 root INFO Training All-nodes accuracy:0.54(best:0.54)
05/26/2020 12:30:18 PM,643 root INFO Training Root accuracy:0.55(best:0.55)
05/26/2020 12:30:18 PM,644 root INFO Training F1:[0.79, 0.69](best:0.79 , 0.69)
05/26/2020 12:30:18 PM,647 root INFO Epoch: 8
05/26/2020 12:30:22 PM,850 root INFO Loss = tensor([28.9056])
05/26/2020 12:30:32 PM,927 root INFO Loss = tensor([29.8528])
05/26/2020 12:30:55 PM,686 root INFO Validation All-nodes accuracy:0.87(best:0.87)
05/26/2020 12:30:55 PM,687 root INFO Validation Root accuracy:0.84(best:0.84)
05/26/2020 12:30:55 PM,688 root INFO F1:[0.5, 0.91](best:0.5 , 0.92)
05/26/2020 12:31:15 PM,292 root INFO Training All-nodes accuracy:0.53(best:0.54)
05/26/2020 12:31:15 PM,301 root INFO Training Root accuracy:0.5(best:0.55)
05/26/2020 12:31:15 PM,302 root INFO Training F1:[0.5, 0.67](best:0.79 , 0.69)
05/26/2020 12:31:15 PM,303 root INFO Epoch: 9
05/26/2020 12:31:18 PM,982 root INFO Loss = tensor([29.6012])
05/26/2020 12:31:31 PM,473 root INFO Loss = tensor([29.1259])
05/26/2020 12:31:40 PM,259 root INFO Validation All-nodes accuracy:0.87(best:0.87)
05/26/2020 12:31:40 PM,261 root INFO Validation Root accuracy:0.84(best:0.84)
05/26/2020 12:31:40 PM,261 root INFO F1:[0.5, 0.91](best:0.5 , 0.92)
05/26/2020 12:31:47 PM,123 root INFO Training All-nodes accuracy:0.53(best:0.54)
05/26/2020 12:31:47 PM,123 root INFO Training Root accuracy:0.5(best:0.55)
05/26/2020 12:31:47 PM,123 root INFO Training F1:[0.5, 0.67](best:0.79 , 0.69)
05/26/2020 12:31:47 PM,125 root INFO Epoch: 10
05/26/2020 12:31:54 PM,425 root INFO Loss = tensor([29.4256])
05/26/2020 12:32:09 PM,405 root INFO Loss = tensor([29.7172])
05/26/2020 12:32:29 PM,870 root INFO Validation All-nodes accuracy:0.87(best:0.87)
05/26/2020 12:32:29 PM,871 root INFO Validation Root accuracy:0.84(best:0.84)
05/26/2020 12:32:29 PM,874 root INFO F1:[0.5, 0.91](best:0.5 , 0.92)
05/26/2020 12:32:36 PM,309 root INFO Training All-nodes accuracy:0.53(best:0.54)
05/26/2020 12:32:36 PM,311 root INFO Training Root accuracy:0.5(best:0.55)
05/26/2020 12:32:36 PM,312 root INFO Training F1:[0.5, 0.67](best:0.79 , 0.69)
05/26/2020 12:32:36 PM,313 root INFO Epoch: 11
05/26/2020 12:32:40 PM,409 root INFO Loss = tensor([28.8658])
05/26/2020 12:32:58 PM,377 root INFO Loss = tensor([30.4976])
05/26/2020 12:33:08 PM,213 root INFO Validation All-nodes accuracy:0.68(best:0.87)
05/26/2020 12:33:08 PM,213 root INFO Validation Root accuracy:0.6(best:0.84)
05/26/2020 12:33:08 PM,214 root INFO F1:[0.34, 0.93](best:0.5 , 0.93)
05/26/2020 12:33:18 PM,544 root INFO Training All-nodes accuracy:0.56(best:0.56)
05/26/2020 12:33:18 PM,545 root INFO Training Root accuracy:0.59(best:0.59)
05/26/2020 12:33:18 PM,545 root INFO Training F1:[0.78, 0.73](best:0.79 , 0.73)
05/26/2020 12:33:18 PM,547 root INFO Epoch: 12
05/26/2020 12:33:22 PM,623 root INFO Loss = tensor([30.1274])
05/26/2020 12:33:35 PM,487 root INFO Loss = tensor([28.5324])
05/26/2020 12:33:45 PM,26 root INFO Validation All-nodes accuracy:0.57(best:0.87)
05/26/2020 12:33:45 PM,26 root INFO Validation Root accuracy:0.42(best:0.84)
05/26/2020 12:33:45 PM,26 root INFO F1:[0.28, 0.92](best:0.5 , 0.93)
05/26/2020 12:33:51 PM,363 root INFO Training All-nodes accuracy:0.55(best:0.56)
05/26/2020 12:33:51 PM,364 root INFO Training Root accuracy:0.56(best:0.59)
05/26/2020 12:33:51 PM,364 root INFO Training F1:[0.71, 0.74](best:0.79 , 0.74)
05/26/2020 12:33:51 PM,366 root INFO Epoch: 13
05/26/2020 12:33:54 PM,771 root INFO Loss = tensor([28.6640])
05/26/2020 12:34:04 PM,981 root INFO Loss = tensor([29.9008])
05/26/2020 12:34:14 PM,767 root INFO Validation All-nodes accuracy:0.8(best:0.87)
05/26/2020 12:34:14 PM,768 root INFO Validation Root accuracy:0.84(best:0.84)
05/26/2020 12:34:14 PM,768 root INFO F1:[0.5, 0.91](best:0.5 , 0.93)
05/26/2020 12:34:26 PM,583 root INFO Training All-nodes accuracy:0.54(best:0.56)
05/26/2020 12:34:26 PM,584 root INFO Training Root accuracy:0.5(best:0.59)
05/26/2020 12:34:26 PM,584 root INFO Training F1:[0.5, 0.67](best:0.79 , 0.74)
05/26/2020 12:34:26 PM,586 root INFO Epoch: 14
05/26/2020 12:34:30 PM,225 root INFO Loss = tensor([29.0398])
05/26/2020 12:34:42 PM,51 root INFO Loss = tensor([29.3732])
05/26/2020 12:34:58 PM,216 root INFO Validation All-nodes accuracy:0.86(best:0.87)
05/26/2020 12:34:58 PM,217 root INFO Validation Root accuracy:0.84(best:0.84)
05/26/2020 12:34:58 PM,217 root INFO F1:[0.5, 0.91](best:0.5 , 0.93)
05/26/2020 12:35:09 PM,408 root INFO Training All-nodes accuracy:0.53(best:0.56)
05/26/2020 12:35:09 PM,409 root INFO Training Root accuracy:0.5(best:0.59)
05/26/2020 12:35:09 PM,409 root INFO Training F1:[0.5, 0.67](best:0.79 , 0.74)
05/26/2020 12:35:09 PM,418 root INFO Epoch: 15
05/26/2020 12:35:20 PM,686 root INFO Loss = tensor([30.0113])
05/26/2020 12:35:31 PM,891 root INFO Loss = tensor([28.3379])
05/26/2020 12:35:40 PM,174 root INFO Validation All-nodes accuracy:0.82(best:0.87)
05/26/2020 12:35:40 PM,175 root INFO Validation Root accuracy:0.83(best:0.84)
05/26/2020 12:35:40 PM,176 root INFO F1:[0.02, 0.91](best:0.5 , 0.93)
05/26/2020 12:35:48 PM,751 root INFO Training All-nodes accuracy:0.54(best:0.56)
05/26/2020 12:35:48 PM,751 root INFO Training Root accuracy:0.51(best:0.59)
05/26/2020 12:35:48 PM,751 root INFO Training F1:[1.0, 0.67](best:1.0 , 0.74)
05/26/2020 12:35:48 PM,753 root INFO Epoch: 16
05/26/2020 12:35:53 PM,600 root INFO Loss = tensor([30.0371])
05/26/2020 12:36:05 PM,876 root INFO Loss = tensor([28.0339])
05/26/2020 12:36:16 PM,81 root INFO Validation All-nodes accuracy:0.57(best:0.87)
05/26/2020 12:36:16 PM,81 root INFO Validation Root accuracy:0.22(best:0.84)
05/26/2020 12:36:16 PM,81 root INFO F1:[0.28, 0.94](best:0.5 , 0.94)
05/26/2020 12:36:25 PM,847 root INFO Training All-nodes accuracy:0.55(best:0.56)
05/26/2020 12:36:25 PM,848 root INFO Training Root accuracy:0.53(best:0.59)
05/26/2020 12:36:25 PM,848 root INFO Training F1:[0.68, 0.8](best:1.0 , 0.8)
05/26/2020 12:36:25 PM,849 root INFO Epoch: 17
05/26/2020 12:36:31 PM,226 root INFO Loss = tensor([29.5781])
05/26/2020 12:36:41 PM,680 root INFO Loss = tensor([29.2443])
05/26/2020 12:36:49 PM,673 root INFO Validation All-nodes accuracy:0.75(best:0.87)
05/26/2020 12:36:49 PM,674 root INFO Validation Root accuracy:0.72(best:0.84)
05/26/2020 12:36:49 PM,674 root INFO F1:[0.4, 0.93](best:0.5 , 0.94)
05/26/2020 12:36:55 PM,776 root INFO Training All-nodes accuracy:0.57(best:0.57)
05/26/2020 12:36:55 PM,776 root INFO Training Root accuracy:0.65(best:0.65)
05/26/2020 12:36:55 PM,776 root INFO Training F1:[0.93, 0.75](best:1.0 , 0.8)
05/26/2020 12:36:55 PM,778 root INFO Epoch: 18
05/26/2020 12:36:59 PM,189 root INFO Loss = tensor([28.9661])
05/26/2020 12:37:08 PM,843 root INFO Loss = tensor([29.5624])
05/26/2020 12:37:17 PM,317 root INFO Validation All-nodes accuracy:0.83(best:0.87)
05/26/2020 12:37:17 PM,318 root INFO Validation Root accuracy:0.84(best:0.84)
05/26/2020 12:37:17 PM,318 root INFO F1:[0.5, 0.91](best:0.5 , 0.94)
05/26/2020 12:37:23 PM,553 root INFO Training All-nodes accuracy:0.54(best:0.57)
05/26/2020 12:37:23 PM,554 root INFO Training Root accuracy:0.5(best:0.65)
05/26/2020 12:37:23 PM,554 root INFO Training F1:[0.5, 0.67](best:1.0 , 0.8)
05/26/2020 12:37:23 PM,555 root INFO Epoch: 19
05/26/2020 12:37:26 PM,692 root INFO Loss = tensor([28.9599])
05/26/2020 12:37:38 PM,795 root INFO Loss = tensor([28.9601])
05/26/2020 12:37:48 PM,895 root INFO Validation All-nodes accuracy:0.59(best:0.87)
05/26/2020 12:37:48 PM,897 root INFO Validation Root accuracy:0.2(best:0.84)
05/26/2020 12:37:48 PM,897 root INFO F1:[0.29, 1.0](best:0.5 , 1.0)
05/26/2020 12:37:54 PM,813 root INFO Training All-nodes accuracy:0.56(best:0.57)
05/26/2020 12:37:54 PM,813 root INFO Training Root accuracy:0.55(best:0.65)
05/26/2020 12:37:54 PM,813 root INFO Training F1:[0.69, 0.93](best:1.0 , 0.93)
05/26/2020 12:37:54 PM,815 root INFO Epoch: 20
05/26/2020 12:37:57 PM,920 root INFO Loss = tensor([29.6210])
05/26/2020 12:38:08 PM,28 root INFO Loss = tensor([29.0595])
05/26/2020 12:38:15 PM,950 root INFO Validation All-nodes accuracy:0.55(best:0.87)
05/26/2020 12:38:15 PM,950 root INFO Validation Root accuracy:0.16(best:0.84)
05/26/2020 12:38:15 PM,951 root INFO F1:[0.28, 0.5](best:0.5 , 1.0)
05/26/2020 12:38:21 PM,688 root INFO Training All-nodes accuracy:0.53(best:0.57)
05/26/2020 12:38:21 PM,688 root INFO Training Root accuracy:0.5(best:0.65)
05/26/2020 12:38:21 PM,688 root INFO Training F1:[0.67, 0.99](best:1.0 , 0.99)
05/26/2020 12:38:21 PM,691 root INFO Epoch: 21
05/26/2020 12:38:24 PM,459 root INFO Loss = tensor([28.3877])
05/26/2020 12:38:34 PM,464 root INFO Loss = tensor([29.0196])
05/26/2020 12:38:42 PM,521 root INFO Validation All-nodes accuracy:0.79(best:0.87)
05/26/2020 12:38:42 PM,521 root INFO Validation Root accuracy:0.81(best:0.84)
05/26/2020 12:38:42 PM,521 root INFO F1:[0.53, 0.93](best:0.53 , 1.0)
05/26/2020 12:38:48 PM,228 root INFO Training All-nodes accuracy:0.58(best:0.58)
05/26/2020 12:38:48 PM,229 root INFO Training Root accuracy:0.62(best:0.65)
05/26/2020 12:38:48 PM,229 root INFO Training F1:[0.98, 0.73](best:1.0 , 0.99)
05/26/2020 12:38:48 PM,230 root INFO Epoch: 22
05/26/2020 12:38:51 PM,226 root INFO Loss = tensor([28.8303])
05/26/2020 12:39:01 PM,866 root INFO Loss = tensor([27.7675])
05/26/2020 12:39:11 PM,907 root INFO Validation All-nodes accuracy:0.73(best:0.87)
05/26/2020 12:39:11 PM,907 root INFO Validation Root accuracy:0.59(best:0.84)
05/26/2020 12:39:11 PM,908 root INFO F1:[0.38, 0.95](best:0.53 , 1.0)
05/26/2020 12:39:18 PM,800 root INFO Training All-nodes accuracy:0.61(best:0.61)
05/26/2020 12:39:18 PM,800 root INFO Training Root accuracy:0.82(best:0.82)
05/26/2020 12:39:18 PM,801 root INFO Training F1:[0.93, 0.88](best:1.0 , 0.99)
05/26/2020 12:39:18 PM,802 root INFO Epoch: 23
05/26/2020 12:39:22 PM,746 root INFO Loss = tensor([28.0213])
05/26/2020 12:39:32 PM,748 root INFO Loss = tensor([27.9002])
05/26/2020 12:39:40 PM,290 root INFO Validation All-nodes accuracy:0.73(best:0.87)
05/26/2020 12:39:40 PM,290 root INFO Validation Root accuracy:0.6(best:0.84)
05/26/2020 12:39:40 PM,290 root INFO F1:[0.37, 0.94](best:0.53 , 1.0)
05/26/2020 12:39:46 PM,118 root INFO Training All-nodes accuracy:0.62(best:0.62)
05/26/2020 12:39:46 PM,120 root INFO Training Root accuracy:0.84(best:0.84)
05/26/2020 12:39:46 PM,120 root INFO Training F1:[0.94, 0.89](best:1.0 , 0.99)
05/26/2020 12:39:46 PM,122 root INFO Epoch: 24
05/26/2020 12:39:49 PM,290 root INFO Loss = tensor([27.2870])
05/26/2020 12:39:58 PM,822 root INFO Loss = tensor([27.9358])
05/26/2020 12:40:06 PM,187 root INFO Validation All-nodes accuracy:0.71(best:0.87)
05/26/2020 12:40:06 PM,187 root INFO Validation Root accuracy:0.55(best:0.84)
05/26/2020 12:40:06 PM,188 root INFO F1:[0.37, 0.95](best:0.53 , 1.0)
05/26/2020 12:40:11 PM,667 root INFO Training All-nodes accuracy:0.62(best:0.62)
05/26/2020 12:40:11 PM,668 root INFO Training Root accuracy:0.83(best:0.84)
05/26/2020 12:40:11 PM,668 root INFO Training F1:[0.91, 0.91](best:1.0 , 0.99)
05/26/2020 12:40:11 PM,669 root INFO Epoch: 25
05/26/2020 12:40:14 PM,689 root INFO Loss = tensor([26.7322])
05/26/2020 12:40:24 PM,357 root INFO Loss = tensor([28.5543])
05/26/2020 12:40:31 PM,848 root INFO Validation All-nodes accuracy:0.69(best:0.87)
05/26/2020 12:40:31 PM,849 root INFO Validation Root accuracy:0.53(best:0.84)
05/26/2020 12:40:31 PM,849 root INFO F1:[0.35, 0.95](best:0.53 , 1.0)
05/26/2020 12:40:37 PM,627 root INFO Training All-nodes accuracy:0.62(best:0.62)
05/26/2020 12:40:37 PM,627 root INFO Training Root accuracy:0.81(best:0.84)
05/26/2020 12:40:37 PM,628 root INFO Training F1:[0.88, 0.91](best:1.0 , 0.99)
05/26/2020 12:40:37 PM,629 root INFO Epoch: 26
05/26/2020 12:40:40 PM,655 root INFO Loss = tensor([27.0172])
05/26/2020 12:40:50 PM,200 root INFO Loss = tensor([27.0582])
05/26/2020 12:40:57 PM,572 root INFO Validation All-nodes accuracy:0.73(best:0.87)
05/26/2020 12:40:57 PM,573 root INFO Validation Root accuracy:0.69(best:0.84)
05/26/2020 12:40:57 PM,573 root INFO F1:[0.44, 0.95](best:0.53 , 1.0)
05/26/2020 12:41:03 PM,157 root INFO Training All-nodes accuracy:0.63(best:0.63)
05/26/2020 12:41:03 PM,158 root INFO Training Root accuracy:0.82(best:0.84)
05/26/2020 12:41:03 PM,158 root INFO Training F1:[0.94, 0.87](best:1.0 , 0.99)
05/26/2020 12:41:03 PM,159 root INFO Epoch: 27
05/26/2020 12:41:06 PM,92 root INFO Loss = tensor([26.0697])
05/26/2020 12:41:15 PM,760 root INFO Loss = tensor([29.7182])
05/26/2020 12:41:23 PM,106 root INFO Validation All-nodes accuracy:0.57(best:0.87)
05/26/2020 12:41:23 PM,106 root INFO Validation Root accuracy:0.2(best:0.84)
05/26/2020 12:41:23 PM,107 root INFO F1:[0.27, 0.87](best:0.53 , 1.0)
05/26/2020 12:41:28 PM,695 root INFO Training All-nodes accuracy:0.59(best:0.63)
05/26/2020 12:41:28 PM,695 root INFO Training Root accuracy:0.65(best:0.84)
05/26/2020 12:41:28 PM,696 root INFO Training F1:[0.74, 0.97](best:1.0 , 0.99)
05/26/2020 12:41:28 PM,699 root INFO Epoch: 28
05/26/2020 12:41:31 PM,658 root INFO Loss = tensor([28.9569])
05/26/2020 12:41:41 PM,563 root INFO Loss = tensor([27.2401])
05/26/2020 12:41:51 PM,621 root INFO Validation All-nodes accuracy:0.75(best:0.87)
05/26/2020 12:41:51 PM,623 root INFO Validation Root accuracy:0.82(best:0.84)
05/26/2020 12:41:51 PM,623 root INFO F1:[0.6, 0.93](best:0.6 , 1.0)
05/26/2020 12:42:00 PM,858 root INFO Training All-nodes accuracy:0.63(best:0.63)
05/26/2020 12:42:00 PM,862 root INFO Training Root accuracy:0.77(best:0.84)
05/26/2020 12:42:00 PM,862 root INFO Training F1:[0.98, 0.82](best:1.0 , 0.99)
05/26/2020 12:42:00 PM,863 root INFO Epoch: 29
05/26/2020 12:42:07 PM,143 root INFO Loss = tensor([26.3385])
05/26/2020 12:42:16 PM,912 root INFO Loss = tensor([27.5119])
05/26/2020 12:42:26 PM,546 root INFO Validation All-nodes accuracy:0.57(best:0.87)
05/26/2020 12:42:26 PM,546 root INFO Validation Root accuracy:0.26(best:0.84)
05/26/2020 12:42:26 PM,546 root INFO F1:[0.28, 0.93](best:0.6 , 1.0)
05/26/2020 12:42:35 PM,144 root INFO Training All-nodes accuracy:0.62(best:0.63)
05/26/2020 12:42:35 PM,145 root INFO Training Root accuracy:0.74(best:0.84)
05/26/2020 12:42:35 PM,146 root INFO Training F1:[0.8, 0.98](best:1.0 , 0.99)
05/26/2020 12:42:35 PM,148 root INFO Epoch: 30
05/26/2020 12:42:39 PM,128 root INFO Loss = tensor([28.0709])
05/26/2020 12:42:48 PM,847 root INFO Loss = tensor([26.1831])
05/26/2020 12:43:24 PM,416 root INFO Validation All-nodes accuracy:0.7(best:0.87)
05/26/2020 12:43:24 PM,417 root INFO Validation Root accuracy:0.73(best:0.84)
05/26/2020 12:43:24 PM,418 root INFO F1:[0.47, 0.94](best:0.6 , 1.0)
05/26/2020 12:44:09 PM,618 root INFO Training All-nodes accuracy:0.66(best:0.66)
05/26/2020 12:44:09 PM,620 root INFO Training Root accuracy:0.87(best:0.87)
05/26/2020 12:44:09 PM,621 root INFO Training F1:[0.98, 0.89](best:1.0 , 0.99)
05/26/2020 12:44:09 PM,623 root INFO Epoch: 31
05/26/2020 12:44:16 PM,155 root INFO Loss = tensor([26.6396])
05/26/2020 12:44:36 PM,967 root INFO Loss = tensor([29.4618])
05/26/2020 12:44:53 PM,596 root INFO Validation All-nodes accuracy:0.52(best:0.87)
05/26/2020 12:44:53 PM,598 root INFO Validation Root accuracy:0.18(best:0.84)
05/26/2020 12:44:53 PM,598 root INFO F1:[0.28, 1.0](best:0.6 , 1.0)
05/26/2020 12:45:07 PM,806 root INFO Training All-nodes accuracy:0.58(best:0.66)
05/26/2020 12:45:07 PM,808 root INFO Training Root accuracy:0.54(best:0.87)
05/26/2020 12:45:07 PM,808 root INFO Training F1:[0.69, 1.0](best:1.0 , 1.0)
05/26/2020 12:45:07 PM,810 root INFO Epoch: 32
05/26/2020 12:45:14 PM,343 root INFO Loss = tensor([29.4186])
05/26/2020 12:45:34 PM,341 root INFO Loss = tensor([25.8215])
05/26/2020 12:45:52 PM,35 root INFO Validation All-nodes accuracy:0.72(best:0.87)
05/26/2020 12:45:52 PM,36 root INFO Validation Root accuracy:0.76(best:0.84)
05/26/2020 12:45:52 PM,36 root INFO F1:[0.45, 0.93](best:0.6 , 1.0)
05/26/2020 12:46:01 PM,615 root INFO Training All-nodes accuracy:0.65(best:0.66)
05/26/2020 12:46:01 PM,615 root INFO Training Root accuracy:0.83(best:0.87)
05/26/2020 12:46:01 PM,616 root INFO Training F1:[0.98, 0.86](best:1.0 , 1.0)
05/26/2020 12:46:01 PM,619 root INFO Epoch: 33
05/26/2020 12:46:06 PM,868 root INFO Loss = tensor([26.6753])
05/26/2020 12:46:26 PM,258 root INFO Loss = tensor([24.7573])
05/26/2020 12:46:39 PM,683 root INFO Validation All-nodes accuracy:0.6(best:0.87)
05/26/2020 12:46:39 PM,684 root INFO Validation Root accuracy:0.29(best:0.84)
05/26/2020 12:46:39 PM,685 root INFO F1:[0.27, 0.91](best:0.6 , 1.0)
05/26/2020 12:46:51 PM,735 root INFO Training All-nodes accuracy:0.65(best:0.66)
05/26/2020 12:46:51 PM,736 root INFO Training Root accuracy:0.83(best:0.87)
05/26/2020 12:46:51 PM,737 root INFO Training F1:[0.85, 0.99](best:1.0 , 1.0)
05/26/2020 12:46:51 PM,739 root INFO Epoch: 34
05/26/2020 12:46:59 PM,141 root INFO Loss = tensor([25.4960])
05/26/2020 12:47:22 PM,339 root INFO Loss = tensor([26.9655])
05/26/2020 12:47:34 PM,101 root INFO Validation All-nodes accuracy:0.67(best:0.87)
05/26/2020 12:47:34 PM,101 root INFO Validation Root accuracy:0.61(best:0.84)
05/26/2020 12:47:34 PM,101 root INFO F1:[0.4, 0.96](best:0.6 , 1.0)
05/26/2020 12:47:41 PM,56 root INFO Training All-nodes accuracy:0.67(best:0.67)
05/26/2020 12:47:41 PM,58 root INFO Training Root accuracy:0.91(best:0.91)
05/26/2020 12:47:41 PM,58 root INFO Training F1:[0.95, 0.95](best:1.0 , 1.0)
05/26/2020 12:47:41 PM,62 root INFO Epoch: 35
05/26/2020 12:47:47 PM,81 root INFO Loss = tensor([25.1561])
05/26/2020 12:48:05 PM,366 root INFO Loss = tensor([30.5076])
05/26/2020 12:48:14 PM,802 root INFO Validation All-nodes accuracy:0.79(best:0.87)
05/26/2020 12:48:14 PM,802 root INFO Validation Root accuracy:0.82(best:0.84)
05/26/2020 12:48:14 PM,803 root INFO F1:[0.01, 0.91](best:0.6 , 1.0)
05/26/2020 12:48:22 PM,667 root INFO Training All-nodes accuracy:0.6(best:0.67)
05/26/2020 12:48:22 PM,667 root INFO Training Root accuracy:0.55(best:0.91)
05/26/2020 12:48:22 PM,667 root INFO Training F1:[1.0, 0.69](best:1.0 , 1.0)
05/26/2020 12:48:22 PM,669 root INFO Epoch: 36
05/26/2020 12:48:27 PM,477 root INFO Loss = tensor([28.2530])
05/26/2020 12:48:37 PM,993 root INFO Loss = tensor([26.0529])
05/26/2020 12:48:47 PM,198 root INFO Validation All-nodes accuracy:0.68(best:0.87)
05/26/2020 12:48:47 PM,199 root INFO Validation Root accuracy:0.49(best:0.84)
05/26/2020 12:48:47 PM,199 root INFO F1:[0.33, 0.95](best:0.6 , 1.0)
05/26/2020 12:48:55 PM,0 root INFO Training All-nodes accuracy:0.67(best:0.67)
05/26/2020 12:48:55 PM,0 root INFO Training Root accuracy:0.91(best:0.91)
05/26/2020 12:48:55 PM,0 root INFO Training F1:[0.93, 0.98](best:1.0 , 1.0)
05/26/2020 12:48:55 PM,1 root INFO Epoch: 37
05/26/2020 12:48:58 PM,281 root INFO Loss = tensor([23.9476])
05/26/2020 12:49:10 PM,960 root INFO Loss = tensor([27.8988])
05/26/2020 12:49:37 PM,18 root INFO Validation All-nodes accuracy:0.75(best:0.87)
05/26/2020 12:49:37 PM,21 root INFO Validation Root accuracy:0.71(best:0.84)
05/26/2020 12:49:37 PM,21 root INFO F1:[0.36, 0.92](best:0.6 , 1.0)
05/26/2020 12:49:51 PM,543 root INFO Training All-nodes accuracy:0.66(best:0.67)
05/26/2020 12:49:51 PM,544 root INFO Training Root accuracy:0.87(best:0.91)
05/26/2020 12:49:51 PM,544 root INFO Training F1:[0.98, 0.89](best:1.0 , 1.0)
05/26/2020 12:49:51 PM,546 root INFO Epoch: 38
05/26/2020 12:49:54 PM,561 root INFO Loss = tensor([25.5243])
05/26/2020 12:50:03 PM,5 root INFO Loss = tensor([27.3809])
05/26/2020 12:50:10 PM,786 root INFO Validation All-nodes accuracy:0.55(best:0.87)
05/26/2020 12:50:10 PM,787 root INFO Validation Root accuracy:0.18(best:0.84)
05/26/2020 12:50:10 PM,787 root INFO F1:[0.27, 0.89](best:0.6 , 1.0)
05/26/2020 12:50:19 PM,743 root INFO Training All-nodes accuracy:0.59(best:0.67)
05/26/2020 12:50:19 PM,744 root INFO Training Root accuracy:0.61(best:0.91)
05/26/2020 12:50:19 PM,745 root INFO Training F1:[0.72, 1.0](best:1.0 , 1.0)
05/26/2020 12:50:19 PM,747 root INFO Epoch: 39
05/26/2020 12:50:24 PM,562 root INFO Loss = tensor([28.7993])
05/26/2020 12:50:40 PM,216 root INFO Loss = tensor([26.1776])
05/26/2020 12:50:49 PM,974 root INFO Validation All-nodes accuracy:0.74(best:0.87)
05/26/2020 12:50:49 PM,975 root INFO Validation Root accuracy:0.7(best:0.84)
05/26/2020 12:50:49 PM,976 root INFO F1:[0.37, 0.93](best:0.6 , 1.0)
05/26/2020 12:50:56 PM,466 root INFO Training All-nodes accuracy:0.67(best:0.67)
05/26/2020 12:50:56 PM,467 root INFO Training Root accuracy:0.87(best:0.91)
05/26/2020 12:50:56 PM,467 root INFO Training F1:[0.97, 0.9](best:1.0 , 1.0)
05/26/2020 12:50:56 PM,468 root INFO Epoch: 40
05/26/2020 12:51:00 PM,94 root INFO Loss = tensor([25.8754])
05/26/2020 12:51:09 PM,79 root INFO Loss = tensor([24.2908])
05/26/2020 12:51:16 PM,102 root INFO Validation All-nodes accuracy:0.74(best:0.87)
05/26/2020 12:51:16 PM,102 root INFO Validation Root accuracy:0.71(best:0.84)
05/26/2020 12:51:16 PM,102 root INFO F1:[0.41, 0.93](best:0.6 , 1.0)
05/26/2020 12:51:24 PM,978 root INFO Training All-nodes accuracy:0.66(best:0.67)
05/26/2020 12:51:24 PM,981 root INFO Training Root accuracy:0.86(best:0.91)
05/26/2020 12:51:24 PM,981 root INFO Training F1:[0.98, 0.88](best:1.0 , 1.0)
05/26/2020 12:51:24 PM,983 root INFO Epoch: 41
05/26/2020 12:51:29 PM,455 root INFO Loss = tensor([25.1558])
05/26/2020 12:51:42 PM,896 root INFO Loss = tensor([27.0348])
05/26/2020 12:51:50 PM,291 root INFO Validation All-nodes accuracy:0.55(best:0.87)
05/26/2020 12:51:50 PM,291 root INFO Validation Root accuracy:0.2(best:0.84)
05/26/2020 12:51:50 PM,292 root INFO F1:[0.28, 0.92](best:0.6 , 1.0)
05/26/2020 12:51:55 PM,881 root INFO Training All-nodes accuracy:0.6(best:0.67)
05/26/2020 12:51:55 PM,881 root INFO Training Root accuracy:0.65(best:0.91)
05/26/2020 12:51:55 PM,882 root INFO Training F1:[0.74, 0.99](best:1.0 , 1.0)
05/26/2020 12:51:55 PM,883 root INFO Epoch: 42
05/26/2020 12:51:58 PM,683 root INFO Loss = tensor([28.0805])
05/26/2020 12:52:10 PM,163 root INFO Loss = tensor([25.3645])
05/26/2020 12:52:22 PM,674 root INFO Validation All-nodes accuracy:0.75(best:0.87)
05/26/2020 12:52:22 PM,675 root INFO Validation Root accuracy:0.73(best:0.84)
05/26/2020 12:52:22 PM,675 root INFO F1:[0.45, 0.94](best:0.6 , 1.0)
05/26/2020 12:52:29 PM,549 root INFO Training All-nodes accuracy:0.67(best:0.67)
05/26/2020 12:52:29 PM,550 root INFO Training Root accuracy:0.88(best:0.91)
05/26/2020 12:52:29 PM,550 root INFO Training F1:[0.99, 0.9](best:1.0 , 1.0)
05/26/2020 12:52:29 PM,554 root INFO Epoch: 43
05/26/2020 12:52:33 PM,549 root INFO Loss = tensor([23.7125])
05/26/2020 12:52:46 PM,86 root INFO Loss = tensor([27.8236])
05/26/2020 12:52:55 PM,220 root INFO Validation All-nodes accuracy:0.77(best:0.87)
05/26/2020 12:52:55 PM,221 root INFO Validation Root accuracy:0.76(best:0.84)
05/26/2020 12:52:55 PM,221 root INFO F1:[0.38, 0.92](best:0.6 , 1.0)
05/26/2020 12:53:00 PM,673 root INFO Training All-nodes accuracy:0.66(best:0.67)
05/26/2020 12:53:00 PM,673 root INFO Training Root accuracy:0.85(best:0.91)
05/26/2020 12:53:00 PM,673 root INFO Training F1:[0.99, 0.87](best:1.0 , 1.0)
05/26/2020 12:53:00 PM,674 root INFO Epoch: 44
05/26/2020 12:53:03 PM,762 root INFO Loss = tensor([24.5846])
05/26/2020 12:53:22 PM,395 root INFO Loss = tensor([26.2126])
05/26/2020 12:53:35 PM,396 root INFO Validation All-nodes accuracy:0.58(best:0.87)
05/26/2020 12:53:35 PM,396 root INFO Validation Root accuracy:0.24(best:0.84)
05/26/2020 12:53:35 PM,397 root INFO F1:[0.29, 0.95](best:0.6 , 1.0)
05/26/2020 12:53:44 PM,783 root INFO Training All-nodes accuracy:0.61(best:0.67)
05/26/2020 12:53:44 PM,783 root INFO Training Root accuracy:0.69(best:0.91)
05/26/2020 12:53:44 PM,784 root INFO Training F1:[0.76, 0.99](best:1.0 , 1.0)
05/26/2020 12:53:44 PM,785 root INFO Epoch: 45
05/26/2020 12:53:48 PM,7 root INFO Loss = tensor([28.0518])
05/26/2020 12:53:59 PM,603 root INFO Loss = tensor([25.1974])
05/26/2020 12:54:07 PM,290 root INFO Validation All-nodes accuracy:0.73(best:0.87)
05/26/2020 12:54:07 PM,290 root INFO Validation Root accuracy:0.65(best:0.84)
05/26/2020 12:54:07 PM,291 root INFO F1:[0.39, 0.94](best:0.6 , 1.0)
05/26/2020 12:54:12 PM,513 root INFO Training All-nodes accuracy:0.68(best:0.68)
05/26/2020 12:54:12 PM,513 root INFO Training Root accuracy:0.93(best:0.93)
05/26/2020 12:54:12 PM,513 root INFO Training F1:[0.98, 0.95](best:1.0 , 1.0)
05/26/2020 12:54:12 PM,515 root INFO Epoch: 46
05/26/2020 12:54:15 PM,349 root INFO Loss = tensor([24.2407])
05/26/2020 12:54:23 PM,811 root INFO Loss = tensor([23.6842])
05/26/2020 12:54:30 PM,629 root INFO Validation All-nodes accuracy:0.73(best:0.87)
05/26/2020 12:54:30 PM,630 root INFO Validation Root accuracy:0.61(best:0.84)
05/26/2020 12:54:30 PM,630 root INFO F1:[0.33, 0.93](best:0.6 , 1.0)
05/26/2020 12:54:35 PM,842 root INFO Training All-nodes accuracy:0.68(best:0.68)
05/26/2020 12:54:35 PM,842 root INFO Training Root accuracy:0.94(best:0.94)
05/26/2020 12:54:35 PM,843 root INFO Training F1:[0.99, 0.96](best:1.0 , 1.0)
05/26/2020 12:54:35 PM,846 root INFO Epoch: 47
05/26/2020 12:54:38 PM,625 root INFO Loss = tensor([24.2018])
05/26/2020 12:54:47 PM,142 root INFO Loss = tensor([29.2980])
05/26/2020 12:54:55 PM,895 root INFO Validation All-nodes accuracy:0.55(best:0.87)
05/26/2020 12:54:55 PM,895 root INFO Validation Root accuracy:0.18(best:0.84)
05/26/2020 12:54:55 PM,895 root INFO F1:[0.28, 1.0](best:0.6 , 1.0)
05/26/2020 12:55:01 PM,867 root INFO Training All-nodes accuracy:0.6(best:0.68)
05/26/2020 12:55:01 PM,868 root INFO Training Root accuracy:0.62(best:0.94)
05/26/2020 12:55:01 PM,868 root INFO Training F1:[0.72, 1.0](best:1.0 , 1.0)
05/26/2020 12:55:01 PM,869 root INFO Epoch: 48
05/26/2020 12:55:04 PM,774 root INFO Loss = tensor([28.8683])
05/26/2020 12:55:14 PM,825 root INFO Loss = tensor([25.3563])
05/26/2020 12:55:25 PM,772 root INFO Validation All-nodes accuracy:0.7(best:0.87)
05/26/2020 12:55:25 PM,772 root INFO Validation Root accuracy:0.58(best:0.84)
05/26/2020 12:55:25 PM,772 root INFO F1:[0.36, 0.94](best:0.6 , 1.0)
05/26/2020 12:55:35 PM,335 root INFO Training All-nodes accuracy:0.69(best:0.69)
05/26/2020 12:55:35 PM,336 root INFO Training Root accuracy:0.96(best:0.96)
05/26/2020 12:55:35 PM,336 root INFO Training F1:[0.99, 0.97](best:1.0 , 1.0)
05/26/2020 12:55:35 PM,338 root INFO Epoch: 49
05/26/2020 12:55:39 PM,696 root INFO Loss = tensor([22.9312])
05/26/2020 12:55:53 PM,197 root INFO Loss = tensor([24.6172])
05/26/2020 12:56:00 PM,939 root INFO Validation All-nodes accuracy:0.73(best:0.87)
05/26/2020 12:56:00 PM,940 root INFO Validation Root accuracy:0.69(best:0.84)
05/26/2020 12:56:00 PM,940 root INFO F1:[0.36, 0.93](best:0.6 , 1.0)
05/26/2020 12:56:06 PM,746 root INFO Training All-nodes accuracy:0.69(best:0.69)
05/26/2020 12:56:06 PM,747 root INFO Training Root accuracy:0.95(best:0.96)
05/26/2020 12:56:06 PM,747 root INFO Training F1:[1.0, 0.96](best:1.0 , 1.0)
