03/17/2020 08:04:16 PM,410 gensim.utils INFO loading Word2VecKeyedVectors object from /Users/navreetkaur/MTP/finetune-word2vec/w2v-models/tech-word2vec-ner
03/17/2020 08:04:16 PM,608 gensim.utils INFO setting ignored attribute vectors_norm to None
03/17/2020 08:04:16 PM,609 gensim.utils INFO loaded /Users/navreetkaur/MTP/finetune-word2vec/w2v-models/tech-word2vec-ner
03/17/2020 08:04:16 PM,609 gensim.models.utils_any2vec INFO loading projection weights from /Users/navreetkaur/MTP/finetune-word2vec/w2v-models/GoogleNews-vectors-negative300.bin
03/17/2020 08:05:31 PM,306 gensim.models.utils_any2vec INFO loaded (3000000, 300) matrix from /Users/navreetkaur/MTP/finetune-word2vec/w2v-models/GoogleNews-vectors-negative300.bin
03/17/2020 08:05:32 PM,347 root INFO Start logging
03/17/2020 08:05:48 PM,234 root INFO Epoch: 0
03/17/2020 08:05:51 PM,70 root INFO Loss = tensor([31.4700])
03/17/2020 08:05:57 PM,29 root INFO Loss = tensor([32.5988])
03/17/2020 08:06:00 PM,997 root INFO Validation All-nodes accuracy:0.68(best:0.68)
03/17/2020 08:06:00 PM,997 root INFO Validation Root accuracy:0.71(best:0.71)
03/17/2020 08:06:00 PM,997 root INFO F1:[0.92, 0.37](best:0.92 , 0.37)
03/17/2020 08:06:04 PM,97 root INFO Training All-nodes accuracy:0.5(best:0.5)
03/17/2020 08:06:04 PM,97 root INFO Training Root accuracy:0.48(best:0.48)
03/17/2020 08:06:04 PM,97 root INFO Training F1:[0.66, 0.62](best:0.66 , 0.62)
03/17/2020 08:06:04 PM,98 root INFO Epoch: 1
03/17/2020 08:06:05 PM,851 root INFO Loss = tensor([31.7499])
03/17/2020 08:06:10 PM,593 root INFO Loss = tensor([31.1071])
03/17/2020 08:06:14 PM,494 root INFO Validation All-nodes accuracy:0.29(best:0.68)
03/17/2020 08:06:14 PM,496 root INFO Validation Root accuracy:0.18(best:0.71)
03/17/2020 08:06:14 PM,496 root INFO F1:[0.8, 0.29](best:0.92 , 0.37)
03/17/2020 08:06:19 PM,118 root INFO Training All-nodes accuracy:0.5(best:0.5)
03/17/2020 08:06:19 PM,119 root INFO Training Root accuracy:0.48(best:0.48)
03/17/2020 08:06:19 PM,119 root INFO Training F1:[0.44, 0.66](best:0.66 , 0.66)
03/17/2020 08:06:19 PM,122 root INFO Epoch: 2
03/17/2020 08:06:23 PM,433 root INFO Loss = tensor([32.2276])
03/17/2020 08:06:29 PM,10 root INFO Loss = tensor([30.3451])
03/17/2020 08:06:32 PM,494 root INFO Validation All-nodes accuracy:0.2(best:0.68)
03/17/2020 08:06:32 PM,494 root INFO Validation Root accuracy:0.17(best:0.71)
03/17/2020 08:06:32 PM,495 root INFO F1:[0.5, 0.29](best:0.92 , 0.37)
03/17/2020 08:06:35 PM,535 root INFO Training All-nodes accuracy:0.51(best:0.51)
03/17/2020 08:06:35 PM,535 root INFO Training Root accuracy:0.5(best:0.5)
03/17/2020 08:06:35 PM,535 root INFO Training F1:[0.5, 0.67](best:0.66 , 0.67)
03/17/2020 08:06:35 PM,536 root INFO Epoch: 3
03/17/2020 08:06:37 PM,526 root INFO Loss = tensor([31.2598])
03/17/2020 08:06:43 PM,697 root INFO Loss = tensor([32.3608])
03/17/2020 08:06:47 PM,877 root INFO Validation All-nodes accuracy:0.25(best:0.68)
03/17/2020 08:06:47 PM,877 root INFO Validation Root accuracy:0.22(best:0.71)
03/17/2020 08:06:47 PM,878 root INFO F1:[0.92, 0.3](best:0.92 , 0.37)
03/17/2020 08:06:51 PM,107 root INFO Training All-nodes accuracy:0.51(best:0.51)
03/17/2020 08:06:51 PM,107 root INFO Training Root accuracy:0.5(best:0.5)
03/17/2020 08:06:51 PM,107 root INFO Training F1:[0.67, 0.67](best:0.67 , 0.67)
03/17/2020 08:06:51 PM,108 root INFO Epoch: 4
03/17/2020 08:06:52 PM,975 root INFO Loss = tensor([31.4190])
03/17/2020 08:07:00 PM,584 root INFO Loss = tensor([32.7147])
03/17/2020 08:07:06 PM,196 root INFO Validation All-nodes accuracy:0.7(best:0.7)
03/17/2020 08:07:06 PM,196 root INFO Validation Root accuracy:0.82(best:0.82)
03/17/2020 08:07:06 PM,196 root INFO F1:[0.91, 0.57](best:0.92 , 0.57)
03/17/2020 08:07:11 PM,247 root INFO Training All-nodes accuracy:0.51(best:0.51)
03/17/2020 08:07:11 PM,249 root INFO Training Root accuracy:0.51(best:0.51)
03/17/2020 08:07:11 PM,249 root INFO Training F1:[0.67, 0.8](best:0.67 , 0.8)
03/17/2020 08:07:11 PM,250 root INFO Epoch: 5
03/17/2020 08:07:13 PM,985 root INFO Loss = tensor([31.0912])
03/17/2020 08:07:23 PM,569 root INFO Loss = tensor([32.9367])
03/17/2020 08:07:27 PM,195 root INFO Validation All-nodes accuracy:0.55(best:0.7)
03/17/2020 08:07:27 PM,195 root INFO Validation Root accuracy:0.71(best:0.82)
03/17/2020 08:07:27 PM,195 root INFO F1:[0.91, 0.33](best:0.92 , 0.57)
03/17/2020 08:07:30 PM,382 root INFO Training All-nodes accuracy:0.53(best:0.53)
03/17/2020 08:07:30 PM,382 root INFO Training Root accuracy:0.55(best:0.55)
03/17/2020 08:07:30 PM,382 root INFO Training F1:[0.69, 0.78](best:0.69 , 0.8)
03/17/2020 08:07:30 PM,383 root INFO Epoch: 6
03/17/2020 08:07:32 PM,948 root INFO Loss = tensor([31.5596])
03/17/2020 08:07:38 PM,738 root INFO Loss = tensor([31.8376])
03/17/2020 08:07:42 PM,200 root INFO Validation All-nodes accuracy:0.21(best:0.7)
03/17/2020 08:07:42 PM,200 root INFO Validation Root accuracy:0.18(best:0.82)
03/17/2020 08:07:42 PM,200 root INFO F1:[0.99, 0.3](best:0.99 , 0.57)
03/17/2020 08:07:47 PM,409 root INFO Training All-nodes accuracy:0.52(best:0.53)
03/17/2020 08:07:47 PM,410 root INFO Training Root accuracy:0.49(best:0.55)
03/17/2020 08:07:47 PM,410 root INFO Training F1:[0.02, 0.66](best:0.69 , 0.8)
03/17/2020 08:07:47 PM,412 root INFO Epoch: 7
03/17/2020 08:07:50 PM,178 root INFO Loss = tensor([31.4374])
03/17/2020 08:07:58 PM,986 root INFO Loss = tensor([32.2395])
03/17/2020 08:08:04 PM,123 root INFO Validation All-nodes accuracy:0.18(best:0.7)
03/17/2020 08:08:04 PM,124 root INFO Validation Root accuracy:0.17(best:0.82)
03/17/2020 08:08:04 PM,124 root INFO F1:[0.5, 0.29](best:0.99 , 0.57)
03/17/2020 08:08:07 PM,568 root INFO Training All-nodes accuracy:0.51(best:0.53)
03/17/2020 08:08:07 PM,569 root INFO Training Root accuracy:0.5(best:0.55)
03/17/2020 08:08:07 PM,569 root INFO Training F1:[0.5, 0.67](best:0.69 , 0.8)
03/17/2020 08:08:07 PM,570 root INFO Epoch: 8
03/17/2020 08:08:09 PM,966 root INFO Loss = tensor([30.6595])
03/17/2020 08:08:17 PM,376 root INFO Loss = tensor([32.8835])
03/17/2020 08:08:21 PM,752 root INFO Validation All-nodes accuracy:0.49(best:0.7)
03/17/2020 08:08:21 PM,752 root INFO Validation Root accuracy:0.7(best:0.82)
03/17/2020 08:08:21 PM,752 root INFO F1:[0.92, 0.39](best:0.99 , 0.57)
03/17/2020 08:08:26 PM,105 root INFO Training All-nodes accuracy:0.55(best:0.55)
03/17/2020 08:08:26 PM,105 root INFO Training Root accuracy:0.61(best:0.61)
03/17/2020 08:08:26 PM,106 root INFO Training F1:[0.73, 0.83](best:0.73 , 0.83)
03/17/2020 08:08:26 PM,106 root INFO Epoch: 9
03/17/2020 08:08:30 PM,447 root INFO Loss = tensor([31.9188])
03/17/2020 08:08:40 PM,15 root INFO Loss = tensor([30.9973])
03/17/2020 08:08:44 PM,962 root INFO Validation All-nodes accuracy:0.49(best:0.7)
03/17/2020 08:08:44 PM,962 root INFO Validation Root accuracy:0.71(best:0.82)
03/17/2020 08:08:44 PM,963 root INFO F1:[0.93, 0.42](best:0.99 , 0.57)
03/17/2020 08:08:48 PM,502 root INFO Training All-nodes accuracy:0.56(best:0.56)
03/17/2020 08:08:48 PM,502 root INFO Training Root accuracy:0.63(best:0.63)
03/17/2020 08:08:48 PM,502 root INFO Training F1:[0.74, 0.83](best:0.74 , 0.83)
03/17/2020 08:08:48 PM,505 root INFO Epoch: 10
03/17/2020 08:08:50 PM,449 root INFO Loss = tensor([31.2607])
03/17/2020 08:08:56 PM,221 root INFO Loss = tensor([32.1214])
03/17/2020 08:08:59 PM,926 root INFO Validation All-nodes accuracy:0.48(best:0.7)
03/17/2020 08:08:59 PM,926 root INFO Validation Root accuracy:0.53(best:0.82)
03/17/2020 08:08:59 PM,927 root INFO F1:[0.92, 0.33](best:0.99 , 0.57)
03/17/2020 08:09:03 PM,204 root INFO Training All-nodes accuracy:0.57(best:0.57)
03/17/2020 08:09:03 PM,204 root INFO Training Root accuracy:0.66(best:0.66)
03/17/2020 08:09:03 PM,204 root INFO Training F1:[0.84, 0.77](best:0.84 , 0.83)
03/17/2020 08:09:03 PM,205 root INFO Epoch: 11
03/17/2020 08:09:05 PM,278 root INFO Loss = tensor([31.6704])
03/17/2020 08:09:11 PM,73 root INFO Loss = tensor([30.9660])
03/17/2020 08:09:14 PM,718 root INFO Validation All-nodes accuracy:0.35(best:0.7)
03/17/2020 08:09:14 PM,718 root INFO Validation Root accuracy:0.24(best:0.82)
03/17/2020 08:09:14 PM,718 root INFO F1:[0.94, 0.3](best:0.99 , 0.57)
03/17/2020 08:09:17 PM,984 root INFO Training All-nodes accuracy:0.57(best:0.57)
03/17/2020 08:09:17 PM,984 root INFO Training Root accuracy:0.52(best:0.66)
03/17/2020 08:09:17 PM,985 root INFO Training F1:[0.8, 0.67](best:0.84 , 0.83)
03/17/2020 08:09:17 PM,985 root INFO Epoch: 12
03/17/2020 08:09:19 PM,898 root INFO Loss = tensor([30.7803])
03/17/2020 08:09:25 PM,569 root INFO Loss = tensor([32.5422])
03/17/2020 08:09:29 PM,374 root INFO Validation All-nodes accuracy:0.28(best:0.7)
03/17/2020 08:09:29 PM,375 root INFO Validation Root accuracy:0.34(best:0.82)
03/17/2020 08:09:29 PM,375 root INFO F1:[0.97, 0.33](best:0.99 , 0.57)
03/17/2020 08:09:33 PM,221 root INFO Training All-nodes accuracy:0.57(best:0.57)
03/17/2020 08:09:33 PM,223 root INFO Training Root accuracy:0.64(best:0.66)
03/17/2020 08:09:33 PM,223 root INFO Training F1:[0.93, 0.74](best:0.93 , 0.83)
03/17/2020 08:09:33 PM,223 root INFO Epoch: 13
03/17/2020 08:09:35 PM,109 root INFO Loss = tensor([31.9528])
03/17/2020 08:09:40 PM,672 root INFO Loss = tensor([29.8088])
03/17/2020 08:09:44 PM,62 root INFO Validation All-nodes accuracy:0.35(best:0.7)
03/17/2020 08:09:44 PM,62 root INFO Validation Root accuracy:0.75(best:0.82)
03/17/2020 08:09:44 PM,63 root INFO F1:[0.94, 0.51](best:0.99 , 0.57)
03/17/2020 08:09:47 PM,150 root INFO Training All-nodes accuracy:0.58(best:0.58)
03/17/2020 08:09:47 PM,150 root INFO Training Root accuracy:0.74(best:0.74)
03/17/2020 08:09:47 PM,150 root INFO Training F1:[0.8, 0.96](best:0.93 , 0.96)
03/17/2020 08:09:47 PM,151 root INFO Epoch: 14
03/17/2020 08:09:48 PM,999 root INFO Loss = tensor([31.3282])
03/17/2020 08:09:54 PM,495 root INFO Loss = tensor([30.9667])
03/17/2020 08:09:58 PM,559 root INFO Validation All-nodes accuracy:0.23(best:0.7)
03/17/2020 08:09:58 PM,560 root INFO Validation Root accuracy:0.17(best:0.82)
03/17/2020 08:09:58 PM,560 root INFO F1:[0.5, 0.29](best:0.99 , 0.57)
03/17/2020 08:10:01 PM,841 root INFO Training All-nodes accuracy:0.54(best:0.58)
03/17/2020 08:10:01 PM,842 root INFO Training Root accuracy:0.5(best:0.74)
03/17/2020 08:10:01 PM,842 root INFO Training F1:[0.5, 0.67](best:0.93 , 0.96)
03/17/2020 08:10:01 PM,847 root INFO Epoch: 15
03/17/2020 08:10:04 PM,466 root INFO Loss = tensor([30.5837])
03/17/2020 08:10:13 PM,693 root INFO Loss = tensor([32.0464])
03/17/2020 08:10:18 PM,354 root INFO Validation All-nodes accuracy:0.5(best:0.7)
03/17/2020 08:10:18 PM,354 root INFO Validation Root accuracy:0.81(best:0.82)
03/17/2020 08:10:18 PM,354 root INFO F1:[0.92, 0.57](best:0.99 , 0.57)
03/17/2020 08:10:22 PM,43 root INFO Training All-nodes accuracy:0.58(best:0.58)
03/17/2020 08:10:22 PM,43 root INFO Training Root accuracy:0.62(best:0.74)
03/17/2020 08:10:22 PM,43 root INFO Training F1:[0.73, 1.0](best:0.93 , 1.0)
03/17/2020 08:10:22 PM,45 root INFO Epoch: 16
03/17/2020 08:10:24 PM,905 root INFO Loss = tensor([30.8358])
03/17/2020 08:10:32 PM,414 root INFO Loss = tensor([31.9371])
03/17/2020 08:10:36 PM,186 root INFO Validation All-nodes accuracy:0.57(best:0.7)
03/17/2020 08:10:36 PM,186 root INFO Validation Root accuracy:0.81(best:0.82)
03/17/2020 08:10:36 PM,187 root INFO F1:[0.9, 0.01](best:0.99 , 0.57)
03/17/2020 08:10:39 PM,490 root INFO Training All-nodes accuracy:0.55(best:0.58)
03/17/2020 08:10:39 PM,490 root INFO Training Root accuracy:0.54(best:0.74)
03/17/2020 08:10:39 PM,491 root INFO Training F1:[0.68, 1.0](best:0.93 , 1.0)
03/17/2020 08:10:39 PM,491 root INFO Epoch: 17
03/17/2020 08:10:41 PM,585 root INFO Loss = tensor([32.3628])
03/17/2020 08:10:47 PM,541 root INFO Loss = tensor([29.2199])
03/17/2020 08:10:51 PM,175 root INFO Validation All-nodes accuracy:0.38(best:0.7)
03/17/2020 08:10:51 PM,175 root INFO Validation Root accuracy:0.23(best:0.82)
03/17/2020 08:10:51 PM,175 root INFO F1:[1.0, 0.31](best:1.0 , 0.57)
03/17/2020 08:10:54 PM,407 root INFO Training All-nodes accuracy:0.59(best:0.59)
03/17/2020 08:10:54 PM,408 root INFO Training Root accuracy:0.65(best:0.74)
03/17/2020 08:10:54 PM,408 root INFO Training F1:[0.97, 0.74](best:0.97 , 1.0)
03/17/2020 08:10:54 PM,409 root INFO Epoch: 18
03/17/2020 08:10:56 PM,325 root INFO Loss = tensor([29.3837])
03/17/2020 08:11:02 PM,122 root INFO Loss = tensor([31.1889])
03/17/2020 08:11:05 PM,909 root INFO Validation All-nodes accuracy:0.49(best:0.7)
03/17/2020 08:11:05 PM,909 root INFO Validation Root accuracy:0.66(best:0.82)
03/17/2020 08:11:05 PM,909 root INFO F1:[0.95, 0.44](best:1.0 , 0.57)
03/17/2020 08:11:09 PM,151 root INFO Training All-nodes accuracy:0.61(best:0.61)
03/17/2020 08:11:09 PM,152 root INFO Training Root accuracy:0.79(best:0.79)
03/17/2020 08:11:09 PM,152 root INFO Training F1:[0.84, 0.94](best:0.97 , 1.0)
03/17/2020 08:11:09 PM,154 root INFO Epoch: 19
03/17/2020 08:11:11 PM,103 root INFO Loss = tensor([29.6845])
03/17/2020 08:11:16 PM,975 root INFO Loss = tensor([31.3231])
03/17/2020 08:11:21 PM,820 root INFO Validation All-nodes accuracy:0.4(best:0.7)
03/17/2020 08:11:21 PM,820 root INFO Validation Root accuracy:0.21(best:0.82)
03/17/2020 08:11:21 PM,821 root INFO F1:[1.0, 0.3](best:1.0 , 0.57)
03/17/2020 08:11:27 PM,750 root INFO Training All-nodes accuracy:0.59(best:0.61)
03/17/2020 08:11:27 PM,750 root INFO Training Root accuracy:0.66(best:0.79)
03/17/2020 08:11:27 PM,750 root INFO Training F1:[1.0, 0.75](best:1.0 , 1.0)
03/17/2020 08:11:27 PM,751 root INFO Epoch: 20
03/17/2020 08:11:29 PM,821 root INFO Loss = tensor([29.8646])
03/17/2020 08:11:37 PM,921 root INFO Loss = tensor([31.6059])
03/17/2020 08:11:42 PM,838 root INFO Validation All-nodes accuracy:0.63(best:0.7)
03/17/2020 08:11:42 PM,838 root INFO Validation Root accuracy:0.84(best:0.84)
03/17/2020 08:11:42 PM,838 root INFO F1:[0.94, 0.7](best:1.0 , 0.7)
03/17/2020 08:11:46 PM,839 root INFO Training All-nodes accuracy:0.59(best:0.61)
03/17/2020 08:11:46 PM,839 root INFO Training Root accuracy:0.66(best:0.79)
03/17/2020 08:11:46 PM,840 root INFO Training F1:[0.75, 1.0](best:1.0 , 1.0)
03/17/2020 08:11:46 PM,840 root INFO Epoch: 21
03/17/2020 08:11:48 PM,832 root INFO Loss = tensor([29.8406])
03/17/2020 08:11:55 PM,611 root INFO Loss = tensor([30.7698])
03/17/2020 08:11:59 PM,558 root INFO Validation All-nodes accuracy:0.5(best:0.7)
03/17/2020 08:11:59 PM,559 root INFO Validation Root accuracy:0.29(best:0.84)
03/17/2020 08:11:59 PM,559 root INFO F1:[1.0, 0.33](best:1.0 , 0.7)
03/17/2020 08:12:03 PM,39 root INFO Training All-nodes accuracy:0.61(best:0.61)
03/17/2020 08:12:03 PM,39 root INFO Training Root accuracy:0.75(best:0.79)
03/17/2020 08:12:03 PM,40 root INFO Training F1:[0.96, 0.81](best:1.0 , 1.0)
03/17/2020 08:12:03 PM,40 root INFO Epoch: 22
03/17/2020 08:12:05 PM,77 root INFO Loss = tensor([28.3228])
03/17/2020 08:12:11 PM,627 root INFO Loss = tensor([33.7989])
03/17/2020 08:12:16 PM,125 root INFO Validation All-nodes accuracy:0.71(best:0.71)
03/17/2020 08:12:16 PM,125 root INFO Validation Root accuracy:0.82(best:0.84)
03/17/2020 08:12:16 PM,125 root INFO F1:[0.93, 0.62](best:1.0 , 0.7)
03/17/2020 08:12:19 PM,483 root INFO Training All-nodes accuracy:0.58(best:0.61)
03/17/2020 08:12:19 PM,483 root INFO Training Root accuracy:0.63(best:0.79)
03/17/2020 08:12:19 PM,483 root INFO Training F1:[0.73, 1.0](best:1.0 , 1.0)
03/17/2020 08:12:19 PM,484 root INFO Epoch: 23
03/17/2020 08:12:21 PM,473 root INFO Loss = tensor([30.9230])
03/17/2020 08:12:28 PM,194 root INFO Loss = tensor([28.2761])
03/17/2020 08:12:31 PM,875 root INFO Validation All-nodes accuracy:0.49(best:0.71)
03/17/2020 08:12:31 PM,875 root INFO Validation Root accuracy:0.28(best:0.84)
03/17/2020 08:12:31 PM,875 root INFO F1:[0.96, 0.31](best:1.0 , 0.7)
03/17/2020 08:12:35 PM,590 root INFO Training All-nodes accuracy:0.62(best:0.62)
03/17/2020 08:12:35 PM,591 root INFO Training Root accuracy:0.78(best:0.79)
03/17/2020 08:12:35 PM,591 root INFO Training F1:[0.97, 0.83](best:1.0 , 1.0)
03/17/2020 08:12:35 PM,594 root INFO Epoch: 24
03/17/2020 08:12:37 PM,994 root INFO Loss = tensor([29.1718])
03/17/2020 08:12:46 PM,503 root INFO Loss = tensor([31.1530])
03/17/2020 08:12:50 PM,873 root INFO Validation All-nodes accuracy:0.57(best:0.71)
03/17/2020 08:12:50 PM,873 root INFO Validation Root accuracy:0.8(best:0.84)
03/17/2020 08:12:50 PM,873 root INFO F1:[0.93, 0.57](best:1.0 , 0.7)
03/17/2020 08:12:54 PM,377 root INFO Training All-nodes accuracy:0.61(best:0.62)
03/17/2020 08:12:54 PM,377 root INFO Training Root accuracy:0.7(best:0.79)
03/17/2020 08:12:54 PM,378 root INFO Training F1:[0.77, 0.99](best:1.0 , 1.0)
03/17/2020 08:12:54 PM,379 root INFO Epoch: 25
03/17/2020 08:12:56 PM,592 root INFO Loss = tensor([30.6406])
03/17/2020 08:13:04 PM,565 root INFO Loss = tensor([27.7833])
03/17/2020 08:13:08 PM,362 root INFO Validation All-nodes accuracy:0.4(best:0.71)
03/17/2020 08:13:08 PM,362 root INFO Validation Root accuracy:0.29(best:0.84)
03/17/2020 08:13:08 PM,362 root INFO F1:[0.96, 0.32](best:1.0 , 0.7)
03/17/2020 08:13:12 PM,365 root INFO Training All-nodes accuracy:0.63(best:0.63)
03/17/2020 08:13:12 PM,366 root INFO Training Root accuracy:0.78(best:0.79)
03/17/2020 08:13:12 PM,366 root INFO Training F1:[0.98, 0.82](best:1.0 , 1.0)
03/17/2020 08:13:12 PM,368 root INFO Epoch: 26
03/17/2020 08:13:14 PM,230 root INFO Loss = tensor([28.3097])
03/17/2020 08:13:21 PM,945 root INFO Loss = tensor([30.8957])
03/17/2020 08:13:28 PM,249 root INFO Validation All-nodes accuracy:0.47(best:0.71)
03/17/2020 08:13:28 PM,250 root INFO Validation Root accuracy:0.7(best:0.84)
03/17/2020 08:13:28 PM,251 root INFO F1:[0.94, 0.47](best:1.0 , 0.7)
03/17/2020 08:13:33 PM,30 root INFO Training All-nodes accuracy:0.63(best:0.63)
03/17/2020 08:13:33 PM,30 root INFO Training Root accuracy:0.78(best:0.79)
03/17/2020 08:13:33 PM,30 root INFO Training F1:[0.83, 0.98](best:1.0 , 1.0)
03/17/2020 08:13:33 PM,32 root INFO Epoch: 27
03/17/2020 08:13:35 PM,207 root INFO Loss = tensor([29.7607])
03/17/2020 08:13:41 PM,235 root INFO Loss = tensor([28.9257])
03/17/2020 08:13:44 PM,662 root INFO Validation All-nodes accuracy:0.32(best:0.71)
03/17/2020 08:13:44 PM,662 root INFO Validation Root accuracy:0.26(best:0.84)
03/17/2020 08:13:44 PM,662 root INFO F1:[0.95, 0.31](best:1.0 , 0.7)
03/17/2020 08:13:48 PM,630 root INFO Training All-nodes accuracy:0.62(best:0.63)
03/17/2020 08:13:48 PM,630 root INFO Training Root accuracy:0.73(best:0.79)
03/17/2020 08:13:48 PM,630 root INFO Training F1:[0.98, 0.79](best:1.0 , 1.0)
03/17/2020 08:13:48 PM,631 root INFO Epoch: 28
03/17/2020 08:13:50 PM,679 root INFO Loss = tensor([28.7058])
03/17/2020 08:13:56 PM,498 root INFO Loss = tensor([29.9837])
03/17/2020 08:14:01 PM,306 root INFO Validation All-nodes accuracy:0.41(best:0.71)
03/17/2020 08:14:01 PM,306 root INFO Validation Root accuracy:0.61(best:0.84)
03/17/2020 08:14:01 PM,307 root INFO F1:[0.94, 0.4](best:1.0 , 0.7)
03/17/2020 08:14:05 PM,142 root INFO Training All-nodes accuracy:0.64(best:0.64)
03/17/2020 08:14:05 PM,142 root INFO Training Root accuracy:0.85(best:0.85)
03/17/2020 08:14:05 PM,143 root INFO Training F1:[0.88, 0.97](best:1.0 , 1.0)
03/17/2020 08:14:05 PM,144 root INFO Epoch: 29
03/17/2020 08:14:08 PM,408 root INFO Loss = tensor([28.5720])
03/17/2020 08:14:16 PM,140 root INFO Loss = tensor([28.7686])
03/17/2020 08:14:20 PM,464 root INFO Validation All-nodes accuracy:0.31(best:0.71)
03/17/2020 08:14:20 PM,465 root INFO Validation Root accuracy:0.3(best:0.84)
03/17/2020 08:14:20 PM,465 root INFO F1:[0.96, 0.32](best:1.0 , 0.7)
03/17/2020 08:14:24 PM,430 root INFO Training All-nodes accuracy:0.63(best:0.64)
03/17/2020 08:14:24 PM,430 root INFO Training Root accuracy:0.78(best:0.85)
03/17/2020 08:14:24 PM,430 root INFO Training F1:[0.98, 0.83](best:1.0 , 1.0)
03/17/2020 08:14:24 PM,431 root INFO Epoch: 30
03/17/2020 08:14:26 PM,467 root INFO Loss = tensor([28.9664])
03/17/2020 08:14:32 PM,494 root INFO Loss = tensor([29.1095])
03/17/2020 08:14:36 PM,279 root INFO Validation All-nodes accuracy:0.44(best:0.71)
03/17/2020 08:14:36 PM,280 root INFO Validation Root accuracy:0.76(best:0.84)
03/17/2020 08:14:36 PM,280 root INFO F1:[0.93, 0.5](best:1.0 , 0.7)
03/17/2020 08:14:39 PM,551 root INFO Training All-nodes accuracy:0.64(best:0.64)
03/17/2020 08:14:39 PM,551 root INFO Training Root accuracy:0.83(best:0.85)
03/17/2020 08:14:39 PM,551 root INFO Training F1:[0.85, 1.0](best:1.0 , 1.0)
03/17/2020 08:14:39 PM,552 root INFO Epoch: 31
03/17/2020 08:14:41 PM,466 root INFO Loss = tensor([27.5606])
03/17/2020 08:14:47 PM,462 root INFO Loss = tensor([29.8005])
03/17/2020 08:14:51 PM,270 root INFO Validation All-nodes accuracy:0.35(best:0.71)
03/17/2020 08:14:51 PM,271 root INFO Validation Root accuracy:0.47(best:0.84)
03/17/2020 08:14:51 PM,271 root INFO F1:[0.97, 0.38](best:1.0 , 0.7)
03/17/2020 08:14:54 PM,470 root INFO Training All-nodes accuracy:0.64(best:0.64)
03/17/2020 08:14:54 PM,471 root INFO Training Root accuracy:0.87(best:0.87)
03/17/2020 08:14:54 PM,471 root INFO Training F1:[0.97, 0.89](best:1.0 , 1.0)
03/17/2020 08:14:54 PM,472 root INFO Epoch: 32
03/17/2020 08:14:56 PM,418 root INFO Loss = tensor([28.0014])
03/17/2020 08:15:03 PM,863 root INFO Loss = tensor([29.4035])
03/17/2020 08:15:09 PM,63 root INFO Validation All-nodes accuracy:0.47(best:0.71)
03/17/2020 08:15:09 PM,64 root INFO Validation Root accuracy:0.79(best:0.84)
03/17/2020 08:15:09 PM,64 root INFO F1:[0.93, 0.55](best:1.0 , 0.7)
03/17/2020 08:15:14 PM,89 root INFO Training All-nodes accuracy:0.63(best:0.64)
03/17/2020 08:15:14 PM,90 root INFO Training Root accuracy:0.78(best:0.87)
03/17/2020 08:15:14 PM,90 root INFO Training F1:[0.82, 1.0](best:1.0 , 1.0)
03/17/2020 08:15:14 PM,91 root INFO Epoch: 33
03/17/2020 08:15:16 PM,887 root INFO Loss = tensor([29.5359])
03/17/2020 08:15:24 PM,584 root INFO Loss = tensor([26.2679])
03/17/2020 08:15:29 PM,37 root INFO Validation All-nodes accuracy:0.36(best:0.71)
03/17/2020 08:15:29 PM,37 root INFO Validation Root accuracy:0.51(best:0.84)
03/17/2020 08:15:29 PM,39 root INFO F1:[0.99, 0.4](best:1.0 , 0.7)
03/17/2020 08:15:32 PM,971 root INFO Training All-nodes accuracy:0.65(best:0.65)
03/17/2020 08:15:32 PM,971 root INFO Training Root accuracy:0.88(best:0.88)
03/17/2020 08:15:32 PM,972 root INFO Training F1:[0.97, 0.91](best:1.0 , 1.0)
03/17/2020 08:15:32 PM,973 root INFO Epoch: 34
03/17/2020 08:15:35 PM,92 root INFO Loss = tensor([28.2769])
03/17/2020 08:15:41 PM,784 root INFO Loss = tensor([27.3553])
03/17/2020 08:15:47 PM,154 root INFO Validation All-nodes accuracy:0.46(best:0.71)
03/17/2020 08:15:47 PM,155 root INFO Validation Root accuracy:0.76(best:0.84)
03/17/2020 08:15:47 PM,156 root INFO F1:[0.94, 0.52](best:1.0 , 0.7)
03/17/2020 08:15:51 PM,418 root INFO Training All-nodes accuracy:0.65(best:0.65)
03/17/2020 08:15:51 PM,418 root INFO Training Root accuracy:0.87(best:0.88)
03/17/2020 08:15:51 PM,418 root INFO Training F1:[0.88, 1.0](best:1.0 , 1.0)
03/17/2020 08:15:51 PM,419 root INFO Epoch: 35
03/17/2020 08:15:53 PM,357 root INFO Loss = tensor([27.4044])
03/17/2020 08:15:59 PM,847 root INFO Loss = tensor([27.5042])
03/17/2020 08:16:04 PM,531 root INFO Validation All-nodes accuracy:0.33(best:0.71)
03/17/2020 08:16:04 PM,531 root INFO Validation Root accuracy:0.35(best:0.84)
03/17/2020 08:16:04 PM,532 root INFO F1:[0.97, 0.34](best:1.0 , 0.7)
03/17/2020 08:16:08 PM,38 root INFO Training All-nodes accuracy:0.65(best:0.65)
03/17/2020 08:16:08 PM,38 root INFO Training Root accuracy:0.85(best:0.88)
03/17/2020 08:16:08 PM,38 root INFO Training F1:[0.99, 0.87](best:1.0 , 1.0)
03/17/2020 08:16:08 PM,39 root INFO Epoch: 36
03/17/2020 08:16:10 PM,734 root INFO Loss = tensor([27.5308])
03/17/2020 08:16:17 PM,372 root INFO Loss = tensor([28.2328])
03/17/2020 08:16:21 PM,311 root INFO Validation All-nodes accuracy:0.43(best:0.71)
03/17/2020 08:16:21 PM,311 root INFO Validation Root accuracy:0.66(best:0.84)
03/17/2020 08:16:21 PM,311 root INFO F1:[0.93, 0.41](best:1.0 , 0.7)
03/17/2020 08:16:24 PM,743 root INFO Training All-nodes accuracy:0.66(best:0.66)
03/17/2020 08:16:24 PM,743 root INFO Training Root accuracy:0.92(best:0.92)
03/17/2020 08:16:24 PM,743 root INFO Training F1:[0.93, 0.99](best:1.0 , 1.0)
03/17/2020 08:16:24 PM,745 root INFO Epoch: 37
03/17/2020 08:16:26 PM,723 root INFO Loss = tensor([26.8188])
03/17/2020 08:16:33 PM,482 root INFO Loss = tensor([28.2418])
03/17/2020 08:16:37 PM,351 root INFO Validation All-nodes accuracy:0.31(best:0.71)
03/17/2020 08:16:37 PM,351 root INFO Validation Root accuracy:0.22(best:0.84)
03/17/2020 08:16:37 PM,351 root INFO F1:[0.92, 0.3](best:1.0 , 0.7)
03/17/2020 08:16:40 PM,601 root INFO Training All-nodes accuracy:0.65(best:0.66)
03/17/2020 08:16:40 PM,602 root INFO Training Root accuracy:0.85(best:0.92)
03/17/2020 08:16:40 PM,602 root INFO Training F1:[1.0, 0.87](best:1.0 , 1.0)
03/17/2020 08:16:40 PM,603 root INFO Epoch: 38
03/17/2020 08:16:42 PM,540 root INFO Loss = tensor([27.8528])
03/17/2020 08:16:48 PM,526 root INFO Loss = tensor([27.5808])
03/17/2020 08:16:52 PM,354 root INFO Validation All-nodes accuracy:0.44(best:0.71)
03/17/2020 08:16:52 PM,355 root INFO Validation Root accuracy:0.64(best:0.84)
03/17/2020 08:16:52 PM,355 root INFO F1:[0.92, 0.37](best:1.0 , 0.7)
03/17/2020 08:16:55 PM,528 root INFO Training All-nodes accuracy:0.67(best:0.67)
03/17/2020 08:16:55 PM,528 root INFO Training Root accuracy:0.94(best:0.94)
03/17/2020 08:16:55 PM,528 root INFO Training F1:[0.94, 1.0](best:1.0 , 1.0)
03/17/2020 08:16:55 PM,529 root INFO Epoch: 39
03/17/2020 08:16:57 PM,432 root INFO Loss = tensor([26.2344])
03/17/2020 08:17:03 PM,457 root INFO Loss = tensor([27.2974])
03/17/2020 08:17:07 PM,457 root INFO Validation All-nodes accuracy:0.33(best:0.71)
03/17/2020 08:17:07 PM,458 root INFO Validation Root accuracy:0.22(best:0.84)
03/17/2020 08:17:07 PM,458 root INFO F1:[0.92, 0.3](best:1.0 , 0.7)
03/17/2020 08:17:10 PM,699 root INFO Training All-nodes accuracy:0.66(best:0.67)
03/17/2020 08:17:10 PM,699 root INFO Training Root accuracy:0.87(best:0.94)
03/17/2020 08:17:10 PM,700 root INFO Training F1:[1.0, 0.89](best:1.0 , 1.0)
03/17/2020 08:17:10 PM,700 root INFO Epoch: 40
03/17/2020 08:17:12 PM,640 root INFO Loss = tensor([27.3989])
03/17/2020 08:17:18 PM,515 root INFO Loss = tensor([25.6747])
03/17/2020 08:17:22 PM,318 root INFO Validation All-nodes accuracy:0.48(best:0.71)
03/17/2020 08:17:22 PM,319 root INFO Validation Root accuracy:0.68(best:0.84)
03/17/2020 08:17:22 PM,319 root INFO F1:[0.93, 0.41](best:1.0 , 0.7)
03/17/2020 08:17:25 PM,501 root INFO Training All-nodes accuracy:0.68(best:0.68)
03/17/2020 08:17:25 PM,501 root INFO Training Root accuracy:0.94(best:0.94)
03/17/2020 08:17:25 PM,502 root INFO Training F1:[0.95, 1.0](best:1.0 , 1.0)
03/17/2020 08:17:25 PM,502 root INFO Epoch: 41
03/17/2020 08:17:27 PM,596 root INFO Loss = tensor([25.7842])
03/17/2020 08:17:34 PM,500 root INFO Loss = tensor([29.0452])
03/17/2020 08:17:38 PM,288 root INFO Validation All-nodes accuracy:0.36(best:0.71)
03/17/2020 08:17:38 PM,288 root INFO Validation Root accuracy:0.3(best:0.84)
03/17/2020 08:17:38 PM,288 root INFO F1:[0.96, 0.32](best:1.0 , 0.7)
03/17/2020 08:17:41 PM,476 root INFO Training All-nodes accuracy:0.67(best:0.68)
03/17/2020 08:17:41 PM,476 root INFO Training Root accuracy:0.9(best:0.94)
03/17/2020 08:17:41 PM,476 root INFO Training F1:[1.0, 0.91](best:1.0 , 1.0)
03/17/2020 08:17:41 PM,477 root INFO Epoch: 42
03/17/2020 08:17:43 PM,406 root INFO Loss = tensor([26.3928])
03/17/2020 08:17:49 PM,643 root INFO Loss = tensor([27.4328])
03/17/2020 08:17:54 PM,380 root INFO Validation All-nodes accuracy:0.5(best:0.71)
03/17/2020 08:17:54 PM,380 root INFO Validation Root accuracy:0.71(best:0.84)
03/17/2020 08:17:54 PM,380 root INFO F1:[0.93, 0.42](best:1.0 , 0.7)
03/17/2020 08:17:57 PM,800 root INFO Training All-nodes accuracy:0.67(best:0.68)
03/17/2020 08:17:57 PM,800 root INFO Training Root accuracy:0.93(best:0.94)
03/17/2020 08:17:57 PM,801 root INFO Training F1:[0.93, 1.0](best:1.0 , 1.0)
03/17/2020 08:17:57 PM,801 root INFO Epoch: 43
03/17/2020 08:17:59 PM,669 root INFO Loss = tensor([25.1379])
03/17/2020 08:18:06 PM,146 root INFO Loss = tensor([28.8628])
03/17/2020 08:18:10 PM,720 root INFO Validation All-nodes accuracy:0.39(best:0.71)
03/17/2020 08:18:10 PM,721 root INFO Validation Root accuracy:0.35(best:0.84)
03/17/2020 08:18:10 PM,721 root INFO F1:[0.95, 0.33](best:1.0 , 0.7)
03/17/2020 08:18:15 PM,680 root INFO Training All-nodes accuracy:0.67(best:0.68)
03/17/2020 08:18:15 PM,680 root INFO Training Root accuracy:0.93(best:0.94)
03/17/2020 08:18:15 PM,680 root INFO Training F1:[0.99, 0.94](best:1.0 , 1.0)
03/17/2020 08:18:15 PM,682 root INFO Epoch: 44
03/17/2020 08:18:17 PM,761 root INFO Loss = tensor([25.8460])
03/17/2020 08:18:24 PM,522 root INFO Loss = tensor([26.3364])
03/17/2020 08:18:28 PM,266 root INFO Validation All-nodes accuracy:0.5(best:0.71)
03/17/2020 08:18:28 PM,266 root INFO Validation Root accuracy:0.69(best:0.84)
03/17/2020 08:18:28 PM,266 root INFO F1:[0.94, 0.44](best:1.0 , 0.7)
03/17/2020 08:18:31 PM,687 root INFO Training All-nodes accuracy:0.68(best:0.68)
03/17/2020 08:18:31 PM,687 root INFO Training Root accuracy:0.96(best:0.96)
03/17/2020 08:18:31 PM,687 root INFO Training F1:[0.96, 1.0](best:1.0 , 1.0)
03/17/2020 08:18:31 PM,688 root INFO Epoch: 45
03/17/2020 08:18:33 PM,456 root INFO Loss = tensor([26.3432])
03/17/2020 08:18:39 PM,760 root INFO Loss = tensor([24.9701])
03/17/2020 08:18:43 PM,875 root INFO Validation All-nodes accuracy:0.36(best:0.71)
03/17/2020 08:18:43 PM,876 root INFO Validation Root accuracy:0.26(best:0.84)
03/17/2020 08:18:43 PM,876 root INFO F1:[0.95, 0.31](best:1.0 , 0.7)
03/17/2020 08:18:48 PM,510 root INFO Training All-nodes accuracy:0.67(best:0.68)
03/17/2020 08:18:48 PM,510 root INFO Training Root accuracy:0.89(best:0.96)
03/17/2020 08:18:48 PM,511 root INFO Training F1:[1.0, 0.9](best:1.0 , 1.0)
03/17/2020 08:18:48 PM,512 root INFO Epoch: 46
03/17/2020 08:18:50 PM,419 root INFO Loss = tensor([25.8364])
03/17/2020 08:18:55 PM,999 root INFO Loss = tensor([26.2453])
03/17/2020 08:18:59 PM,665 root INFO Validation All-nodes accuracy:0.51(best:0.71)
03/17/2020 08:18:59 PM,666 root INFO Validation Root accuracy:0.62(best:0.84)
03/17/2020 08:18:59 PM,666 root INFO F1:[0.93, 0.38](best:1.0 , 0.7)
03/17/2020 08:19:02 PM,920 root INFO Training All-nodes accuracy:0.68(best:0.68)
03/17/2020 08:19:02 PM,920 root INFO Training Root accuracy:0.96(best:0.96)
03/17/2020 08:19:02 PM,920 root INFO Training F1:[0.96, 0.99](best:1.0 , 1.0)
03/17/2020 08:19:02 PM,921 root INFO Epoch: 47
03/17/2020 08:19:04 PM,707 root INFO Loss = tensor([25.2958])
03/17/2020 08:19:11 PM,287 root INFO Loss = tensor([25.5935])
03/17/2020 08:19:15 PM,753 root INFO Validation All-nodes accuracy:0.47(best:0.71)
03/17/2020 08:19:15 PM,753 root INFO Validation Root accuracy:0.48(best:0.84)
03/17/2020 08:19:15 PM,754 root INFO F1:[0.96, 0.37](best:1.0 , 0.7)
03/17/2020 08:19:18 PM,905 root INFO Training All-nodes accuracy:0.69(best:0.69)
03/17/2020 08:19:18 PM,905 root INFO Training Root accuracy:0.98(best:0.98)
03/17/2020 08:19:18 PM,906 root INFO Training F1:[0.99, 0.99](best:1.0 , 1.0)
03/17/2020 08:19:18 PM,907 root INFO Epoch: 48
03/17/2020 08:19:20 PM,751 root INFO Loss = tensor([25.4167])
03/17/2020 08:19:28 PM,779 root INFO Loss = tensor([31.5985])
03/17/2020 08:19:33 PM,621 root INFO Validation All-nodes accuracy:0.37(best:0.71)
03/17/2020 08:19:33 PM,621 root INFO Validation Root accuracy:0.17(best:0.84)
03/17/2020 08:19:33 PM,622 root INFO F1:[0.5, 0.29](best:1.0 , 0.7)
03/17/2020 08:19:36 PM,896 root INFO Training All-nodes accuracy:0.58(best:0.69)
03/17/2020 08:19:36 PM,896 root INFO Training Root accuracy:0.53(best:0.98)
03/17/2020 08:19:36 PM,897 root INFO Training F1:[1.0, 0.68](best:1.0 , 1.0)
03/17/2020 08:19:36 PM,898 root INFO Epoch: 49
03/17/2020 08:19:38 PM,725 root INFO Loss = tensor([33.5528])
03/17/2020 08:19:44 PM,275 root INFO Loss = tensor([28.4072])
03/17/2020 08:19:47 PM,923 root INFO Validation All-nodes accuracy:0.48(best:0.71)
03/17/2020 08:19:47 PM,924 root INFO Validation Root accuracy:0.35(best:0.84)
03/17/2020 08:19:47 PM,925 root INFO F1:[1.0, 0.35](best:1.0 , 0.7)
03/17/2020 08:19:51 PM,99 root INFO Training All-nodes accuracy:0.67(best:0.69)
03/17/2020 08:19:51 PM,100 root INFO Training Root accuracy:0.94(best:0.98)
03/17/2020 08:19:51 PM,100 root INFO Training F1:[1.0, 0.95](best:1.0 , 1.0)
