02/17/2020 02:25:49 AM,250 gensim.models.utils_any2vec INFO loading projection weights from /MTP/finetune-word2vec/w2v-models/GoogleNews-vectors-negative300.bin
02/17/2020 02:28:27 AM,410 gensim.models.utils_any2vec INFO loaded (3000000, 300) matrix from /MTP/finetune-word2vec/w2v-models/GoogleNews-vectors-negative300.bin
02/17/2020 02:28:28 AM,171 root INFO Using an existing server http://localhost:9000
02/17/2020 02:28:29 AM,205 root INFO The server is available.
02/17/2020 03:05:58 AM,519 root INFO Start logging
02/17/2020 03:06:03 AM,581 root INFO Epoch: 0
02/17/2020 03:06:08 AM,635 root INFO Loss = tensor([31.6434])
02/17/2020 03:06:28 AM,581 root INFO Loss = tensor([30.4656])
02/17/2020 03:06:50 AM,887 root INFO Loss = tensor([28.8319])
02/17/2020 03:07:09 AM,380 root INFO Loss = tensor([25.0058])
02/17/2020 03:07:27 AM,59 root INFO Loss = tensor([22.2401])
02/17/2020 03:07:36 AM,754 root INFO Validation All-nodes accuracy:0.83(best:0.83)
02/17/2020 03:07:36 AM,754 root INFO Validation Root accuracy:0.83(best:0.83)
02/17/2020 03:07:36 AM,755 root INFO F1:[0.91, 0.5](best:0.91 , 0.5)
02/17/2020 03:07:56 AM,731 root INFO Training All-nodes accuracy:0.83(best:0.83)
02/17/2020 03:07:56 AM,784 root INFO Training Root accuracy:0.83(best:0.83)
02/17/2020 03:07:56 AM,785 root INFO Training F1:[0.91, 0.5](best:0.91 , 0.5)
02/17/2020 03:07:56 AM,787 root INFO Epoch: 1
02/17/2020 03:08:01 AM,334 root INFO Loss = tensor([24.2874])
02/17/2020 03:08:19 AM,781 root INFO Loss = tensor([22.3601])
02/17/2020 03:08:34 AM,859 root INFO Loss = tensor([23.1777])
02/17/2020 03:08:51 AM,737 root INFO Loss = tensor([19.6416])
02/17/2020 03:09:05 AM,605 root INFO Loss = tensor([22.9192])
02/17/2020 03:09:17 AM,769 root INFO Validation All-nodes accuracy:0.83(best:0.83)
02/17/2020 03:09:17 AM,769 root INFO Validation Root accuracy:0.83(best:0.83)
02/17/2020 03:09:17 AM,770 root INFO F1:[0.91, 0.5](best:0.91 , 0.5)
02/17/2020 03:09:39 AM,609 root INFO Training All-nodes accuracy:0.83(best:0.83)
02/17/2020 03:09:39 AM,617 root INFO Training Root accuracy:0.83(best:0.83)
02/17/2020 03:09:39 AM,617 root INFO Training F1:[0.91, 0.5](best:0.91 , 0.5)
02/17/2020 03:09:39 AM,619 root INFO Epoch: 2
02/17/2020 03:09:43 AM,481 root INFO Loss = tensor([20.0396])
02/17/2020 03:10:02 AM,742 root INFO Loss = tensor([21.9266])
02/17/2020 03:10:22 AM,627 root INFO Loss = tensor([25.0071])
02/17/2020 03:10:40 AM,805 root INFO Loss = tensor([20.7301])
02/17/2020 03:10:55 AM,815 root INFO Loss = tensor([17.5079])
02/17/2020 03:11:06 AM,260 root INFO Validation All-nodes accuracy:0.83(best:0.83)
02/17/2020 03:11:06 AM,260 root INFO Validation Root accuracy:0.83(best:0.83)
02/17/2020 03:11:06 AM,260 root INFO F1:[0.91, 0.5](best:0.91 , 0.5)
02/17/2020 03:11:23 AM,866 root INFO Training All-nodes accuracy:0.83(best:0.83)
02/17/2020 03:11:23 AM,867 root INFO Training Root accuracy:0.83(best:0.83)
02/17/2020 03:11:23 AM,867 root INFO Training F1:[0.91, 0.5](best:0.91 , 0.5)
02/17/2020 03:11:23 AM,869 root INFO Epoch: 3
02/17/2020 03:11:27 AM,418 root INFO Loss = tensor([22.8866])
02/17/2020 03:11:50 AM,837 root INFO Loss = tensor([19.6832])
02/17/2020 03:12:09 AM,819 root INFO Loss = tensor([20.2483])
02/17/2020 03:12:30 AM,81 root INFO Loss = tensor([20.9916])
02/17/2020 03:12:45 AM,822 root INFO Loss = tensor([25.0328])
02/17/2020 03:12:54 AM,294 root INFO Validation All-nodes accuracy:0.83(best:0.83)
02/17/2020 03:12:54 AM,295 root INFO Validation Root accuracy:0.83(best:0.83)
02/17/2020 03:12:54 AM,295 root INFO F1:[0.91, 0.5](best:0.91 , 0.5)
02/17/2020 03:13:10 AM,400 root INFO Training All-nodes accuracy:0.83(best:0.83)
02/17/2020 03:13:10 AM,400 root INFO Training Root accuracy:0.83(best:0.83)
02/17/2020 03:13:10 AM,400 root INFO Training F1:[0.91, 0.5](best:0.91 , 0.5)
02/17/2020 03:13:10 AM,401 root INFO Epoch: 4
02/17/2020 03:13:13 AM,862 root INFO Loss = tensor([19.9591])
02/17/2020 03:13:31 AM,891 root INFO Loss = tensor([19.2462])
02/17/2020 03:13:48 AM,252 root INFO Loss = tensor([20.1632])
02/17/2020 03:14:05 AM,980 root INFO Loss = tensor([22.2953])
02/17/2020 03:14:20 AM,972 root INFO Loss = tensor([24.9025])
02/17/2020 03:14:31 AM,939 root INFO Validation All-nodes accuracy:0.83(best:0.83)
02/17/2020 03:14:31 AM,939 root INFO Validation Root accuracy:0.83(best:0.83)
02/17/2020 03:14:31 AM,939 root INFO F1:[0.91, 0.5](best:0.91 , 0.5)
02/17/2020 03:14:55 AM,17 root INFO Training All-nodes accuracy:0.83(best:0.83)
02/17/2020 03:14:55 AM,17 root INFO Training Root accuracy:0.83(best:0.83)
02/17/2020 03:14:55 AM,17 root INFO Training F1:[0.91, 0.5](best:0.91 , 0.5)
02/17/2020 03:14:55 AM,20 root INFO Epoch: 5
02/17/2020 03:14:58 AM,773 root INFO Loss = tensor([21.3494])
02/17/2020 03:15:17 AM,328 root INFO Loss = tensor([20.3704])
02/17/2020 03:15:34 AM,485 root INFO Loss = tensor([19.3498])
02/17/2020 03:15:52 AM,25 root INFO Loss = tensor([24.1066])
02/17/2020 03:16:08 AM,623 root INFO Loss = tensor([17.2154])
02/17/2020 03:16:17 AM,919 root INFO Validation All-nodes accuracy:0.83(best:0.83)
02/17/2020 03:16:17 AM,920 root INFO Validation Root accuracy:0.83(best:0.83)
02/17/2020 03:16:17 AM,920 root INFO F1:[0.91, 0.5](best:0.91 , 0.5)
02/17/2020 03:16:36 AM,259 root INFO Training All-nodes accuracy:0.83(best:0.83)
02/17/2020 03:16:36 AM,260 root INFO Training Root accuracy:0.83(best:0.83)
02/17/2020 03:16:36 AM,260 root INFO Training F1:[0.91, 0.5](best:0.91 , 0.5)
02/17/2020 03:16:36 AM,263 root INFO Epoch: 6
02/17/2020 03:16:40 AM,958 root INFO Loss = tensor([22.0197])
02/17/2020 03:17:01 AM,438 root INFO Loss = tensor([24.0279])
02/17/2020 03:17:18 AM,920 root INFO Loss = tensor([18.4610])
02/17/2020 03:17:36 AM,917 root INFO Loss = tensor([17.6529])
02/17/2020 03:17:53 AM,93 root INFO Loss = tensor([22.7222])
02/17/2020 03:18:02 AM,807 root INFO Validation All-nodes accuracy:0.83(best:0.83)
02/17/2020 03:18:02 AM,808 root INFO Validation Root accuracy:0.83(best:0.83)
02/17/2020 03:18:02 AM,808 root INFO F1:[0.91, 0.5](best:0.91 , 0.5)
02/17/2020 03:18:21 AM,758 root INFO Training All-nodes accuracy:0.83(best:0.83)
02/17/2020 03:18:21 AM,759 root INFO Training Root accuracy:0.83(best:0.83)
02/17/2020 03:18:21 AM,759 root INFO Training F1:[0.91, 0.5](best:0.91 , 0.5)
02/17/2020 03:18:21 AM,761 root INFO Epoch: 7
02/17/2020 03:18:25 AM,642 root INFO Loss = tensor([17.8236])
02/17/2020 03:18:46 AM,914 root INFO Loss = tensor([20.6374])
02/17/2020 03:19:03 AM,805 root INFO Loss = tensor([28.9174])
02/17/2020 03:19:21 AM,265 root INFO Loss = tensor([17.7852])
02/17/2020 03:19:35 AM,384 root INFO Loss = tensor([17.6849])
02/17/2020 03:19:44 AM,659 root INFO Validation All-nodes accuracy:0.83(best:0.83)
02/17/2020 03:19:44 AM,660 root INFO Validation Root accuracy:0.83(best:0.83)
02/17/2020 03:19:44 AM,660 root INFO F1:[0.91, 0.5](best:0.91 , 0.5)
02/17/2020 03:20:05 AM,966 root INFO Training All-nodes accuracy:0.83(best:0.83)
02/17/2020 03:20:05 AM,967 root INFO Training Root accuracy:0.83(best:0.83)
02/17/2020 03:20:05 AM,967 root INFO Training F1:[0.91, 0.5](best:0.91 , 0.5)
02/17/2020 03:20:05 AM,969 root INFO Epoch: 8
02/17/2020 03:20:10 AM,131 root INFO Loss = tensor([21.8510])
02/17/2020 03:20:28 AM,662 root INFO Loss = tensor([23.0907])
02/17/2020 03:20:42 AM,968 root INFO Loss = tensor([18.0486])
02/17/2020 03:20:59 AM,988 root INFO Loss = tensor([21.5337])
02/17/2020 03:21:12 AM,809 root INFO Loss = tensor([18.2132])
02/17/2020 03:21:20 AM,658 root INFO Validation All-nodes accuracy:0.83(best:0.83)
02/17/2020 03:21:20 AM,659 root INFO Validation Root accuracy:0.83(best:0.83)
02/17/2020 03:21:20 AM,660 root INFO F1:[0.91, 0.5](best:0.91 , 0.5)
02/17/2020 03:21:42 AM,994 root INFO Training All-nodes accuracy:0.83(best:0.83)
02/17/2020 03:21:42 AM,994 root INFO Training Root accuracy:0.83(best:0.83)
02/17/2020 03:21:42 AM,994 root INFO Training F1:[0.91, 0.5](best:0.91 , 0.5)
02/17/2020 03:21:42 AM,996 root INFO Epoch: 9
02/17/2020 03:21:47 AM,528 root INFO Loss = tensor([21.1675])
02/17/2020 03:22:13 AM,672 root INFO Loss = tensor([18.7133])
02/17/2020 03:22:36 AM,559 root INFO Loss = tensor([19.6015])
02/17/2020 03:22:54 AM,994 root INFO Loss = tensor([22.6800])
02/17/2020 03:23:09 AM,382 root INFO Loss = tensor([23.4549])
02/17/2020 03:23:19 AM,241 root INFO Validation All-nodes accuracy:0.83(best:0.83)
02/17/2020 03:23:19 AM,242 root INFO Validation Root accuracy:0.83(best:0.83)
02/17/2020 03:23:19 AM,242 root INFO F1:[0.91, 0.5](best:0.91 , 0.5)
02/17/2020 03:23:39 AM,397 root INFO Training All-nodes accuracy:0.83(best:0.83)
02/17/2020 03:23:39 AM,399 root INFO Training Root accuracy:0.83(best:0.83)
02/17/2020 03:23:39 AM,399 root INFO Training F1:[0.91, 0.5](best:0.91 , 0.5)
02/17/2020 03:23:39 AM,401 root INFO Epoch: 10
02/17/2020 03:23:43 AM,4 root INFO Loss = tensor([18.8873])
02/17/2020 03:23:59 AM,261 root INFO Loss = tensor([20.9884])
02/17/2020 03:24:14 AM,501 root INFO Loss = tensor([21.4114])
02/17/2020 03:24:31 AM,407 root INFO Loss = tensor([23.1593])
02/17/2020 03:24:44 AM,952 root INFO Loss = tensor([17.9359])
02/17/2020 03:24:54 AM,845 root INFO Validation All-nodes accuracy:0.83(best:0.83)
02/17/2020 03:24:54 AM,845 root INFO Validation Root accuracy:0.83(best:0.83)
02/17/2020 03:24:54 AM,845 root INFO F1:[0.91, 0.5](best:0.91 , 0.5)
02/17/2020 03:25:13 AM,166 root INFO Training All-nodes accuracy:0.83(best:0.83)
02/17/2020 03:25:13 AM,168 root INFO Training Root accuracy:0.83(best:0.83)
02/17/2020 03:25:13 AM,168 root INFO Training F1:[0.91, 0.5](best:0.91 , 0.5)
02/17/2020 03:25:13 AM,170 root INFO Epoch: 11
02/17/2020 03:25:16 AM,879 root INFO Loss = tensor([17.3022])
02/17/2020 03:25:38 AM,551 root INFO Loss = tensor([22.1350])
02/17/2020 03:25:58 AM,82 root INFO Loss = tensor([20.5722])
02/17/2020 03:26:20 AM,181 root INFO Loss = tensor([22.4571])
02/17/2020 03:26:38 AM,490 root INFO Loss = tensor([22.9606])
02/17/2020 03:26:49 AM,609 root INFO Validation All-nodes accuracy:0.83(best:0.83)
02/17/2020 03:26:49 AM,610 root INFO Validation Root accuracy:0.83(best:0.83)
02/17/2020 03:26:49 AM,610 root INFO F1:[0.91, 0.5](best:0.91 , 0.5)
02/17/2020 03:27:13 AM,887 root INFO Training All-nodes accuracy:0.83(best:0.83)
02/17/2020 03:27:13 AM,887 root INFO Training Root accuracy:0.83(best:0.83)
02/17/2020 03:27:13 AM,887 root INFO Training F1:[0.91, 0.5](best:0.91 , 0.5)
02/17/2020 03:27:13 AM,889 root INFO Epoch: 12
02/17/2020 03:27:18 AM,328 root INFO Loss = tensor([25.3991])
02/17/2020 03:27:41 AM,113 root INFO Loss = tensor([23.4694])
02/17/2020 03:28:04 AM,622 root INFO Loss = tensor([19.9882])
02/17/2020 03:28:24 AM,775 root INFO Loss = tensor([16.8690])
02/17/2020 03:28:41 AM,122 root INFO Loss = tensor([18.9627])
02/17/2020 03:28:53 AM,718 root INFO Validation All-nodes accuracy:0.83(best:0.83)
02/17/2020 03:28:53 AM,720 root INFO Validation Root accuracy:0.83(best:0.83)
02/17/2020 03:28:53 AM,720 root INFO F1:[0.91, 0.5](best:0.91 , 0.5)
02/17/2020 03:29:21 AM,265 root INFO Training All-nodes accuracy:0.83(best:0.83)
02/17/2020 03:29:21 AM,267 root INFO Training Root accuracy:0.83(best:0.83)
02/17/2020 03:29:21 AM,267 root INFO Training F1:[0.91, 0.5](best:0.91 , 0.5)
02/17/2020 03:29:21 AM,269 root INFO Epoch: 13
02/17/2020 03:29:26 AM,80 root INFO Loss = tensor([24.1931])
02/17/2020 03:29:49 AM,419 root INFO Loss = tensor([21.1816])
02/17/2020 03:30:07 AM,635 root INFO Loss = tensor([16.3451])
02/17/2020 03:30:29 AM,575 root INFO Loss = tensor([21.2515])
02/17/2020 03:30:48 AM,886 root INFO Loss = tensor([21.2632])
02/17/2020 03:31:00 AM,3 root INFO Validation All-nodes accuracy:0.83(best:0.83)
02/17/2020 03:31:00 AM,4 root INFO Validation Root accuracy:0.83(best:0.83)
02/17/2020 03:31:00 AM,4 root INFO F1:[0.91, 0.5](best:0.91 , 0.5)
02/17/2020 03:31:23 AM,67 root INFO Training All-nodes accuracy:0.83(best:0.83)
02/17/2020 03:31:23 AM,68 root INFO Training Root accuracy:0.83(best:0.83)
02/17/2020 03:31:23 AM,68 root INFO Training F1:[0.91, 0.5](best:0.91 , 0.5)
02/17/2020 03:31:23 AM,70 root INFO Epoch: 14
02/17/2020 03:31:26 AM,806 root INFO Loss = tensor([20.5890])
02/17/2020 03:31:46 AM,276 root INFO Loss = tensor([22.5986])
02/17/2020 03:33:27 AM,404 root INFO Loss = tensor([19.9140])
02/17/2020 03:33:47 AM,150 root INFO Loss = tensor([17.6458])
02/17/2020 03:34:07 AM,337 root INFO Loss = tensor([26.3156])
02/17/2020 03:34:20 AM,8 root INFO Validation All-nodes accuracy:0.83(best:0.83)
02/17/2020 03:34:20 AM,219 root INFO Validation Root accuracy:0.83(best:0.83)
02/17/2020 03:34:20 AM,219 root INFO F1:[0.91, 0.5](best:0.91 , 0.5)
02/17/2020 03:34:43 AM,72 root INFO Training All-nodes accuracy:0.83(best:0.83)
02/17/2020 03:34:43 AM,72 root INFO Training Root accuracy:0.83(best:0.83)
02/17/2020 03:34:43 AM,72 root INFO Training F1:[0.91, 0.5](best:0.91 , 0.5)
02/17/2020 03:34:43 AM,74 root INFO Epoch: 15
02/17/2020 03:34:47 AM,316 root INFO Loss = tensor([21.2615])
02/17/2020 03:35:06 AM,664 root INFO Loss = tensor([21.7355])
02/17/2020 03:35:22 AM,622 root INFO Loss = tensor([17.8825])
02/17/2020 03:35:39 AM,606 root INFO Loss = tensor([20.2433])
02/17/2020 03:35:54 AM,949 root INFO Loss = tensor([25.3937])
02/17/2020 03:36:09 AM,347 root INFO Validation All-nodes accuracy:0.83(best:0.83)
02/17/2020 03:36:09 AM,348 root INFO Validation Root accuracy:0.83(best:0.83)
02/17/2020 03:36:09 AM,348 root INFO F1:[0.91, 0.5](best:0.91 , 0.5)
02/17/2020 03:36:40 AM,610 root INFO Training All-nodes accuracy:0.83(best:0.83)
02/17/2020 03:36:40 AM,610 root INFO Training Root accuracy:0.83(best:0.83)
02/17/2020 03:36:40 AM,611 root INFO Training F1:[0.91, 0.5](best:0.91 , 0.5)
02/17/2020 03:36:40 AM,612 root INFO Epoch: 16
02/17/2020 03:36:44 AM,289 root INFO Loss = tensor([18.3055])
02/17/2020 03:37:05 AM,183 root INFO Loss = tensor([23.4301])
02/17/2020 03:37:23 AM,873 root INFO Loss = tensor([18.9827])
02/17/2020 03:37:50 AM,51 root INFO Loss = tensor([22.2252])
02/17/2020 03:38:03 AM,974 root INFO Loss = tensor([21.8252])
02/17/2020 03:38:16 AM,32 root INFO Validation All-nodes accuracy:0.83(best:0.83)
02/17/2020 03:38:16 AM,34 root INFO Validation Root accuracy:0.83(best:0.83)
02/17/2020 03:38:16 AM,34 root INFO F1:[0.91, 0.5](best:0.91 , 0.5)
02/17/2020 03:38:34 AM,174 root INFO Training All-nodes accuracy:0.83(best:0.83)
02/17/2020 03:38:34 AM,175 root INFO Training Root accuracy:0.83(best:0.83)
02/17/2020 03:38:34 AM,175 root INFO Training F1:[0.91, 0.5](best:0.91 , 0.5)
02/17/2020 03:38:34 AM,176 root INFO Epoch: 17
02/17/2020 03:38:38 AM,280 root INFO Loss = tensor([19.8063])
02/17/2020 03:38:57 AM,434 root INFO Loss = tensor([20.1743])
02/17/2020 03:39:16 AM,127 root INFO Loss = tensor([22.5067])
02/17/2020 03:39:36 AM,144 root INFO Loss = tensor([23.5203])
02/17/2020 03:39:50 AM,265 root INFO Loss = tensor([20.5407])
02/17/2020 03:40:01 AM,312 root INFO Validation All-nodes accuracy:0.83(best:0.83)
02/17/2020 03:40:01 AM,313 root INFO Validation Root accuracy:0.83(best:0.83)
02/17/2020 03:40:01 AM,314 root INFO F1:[0.91, 0.5](best:0.91 , 0.5)
02/17/2020 03:40:25 AM,278 root INFO Training All-nodes accuracy:0.83(best:0.83)
02/17/2020 03:40:25 AM,279 root INFO Training Root accuracy:0.83(best:0.83)
02/17/2020 03:40:25 AM,279 root INFO Training F1:[0.91, 0.5](best:0.91 , 0.5)
02/17/2020 03:40:25 AM,280 root INFO Epoch: 18
02/17/2020 03:40:29 AM,616 root INFO Loss = tensor([22.9624])
02/17/2020 03:40:49 AM,109 root INFO Loss = tensor([16.9603])
02/17/2020 03:41:07 AM,179 root INFO Loss = tensor([20.9564])
02/17/2020 03:41:29 AM,382 root INFO Loss = tensor([24.9017])
02/17/2020 03:41:47 AM,513 root INFO Loss = tensor([23.9128])
02/17/2020 03:41:59 AM,397 root INFO Validation All-nodes accuracy:0.83(best:0.83)
02/17/2020 03:41:59 AM,399 root INFO Validation Root accuracy:0.83(best:0.83)
02/17/2020 03:41:59 AM,399 root INFO F1:[0.91, 0.5](best:0.91 , 0.5)
02/17/2020 03:42:22 AM,86 root INFO Training All-nodes accuracy:0.83(best:0.83)
02/17/2020 03:42:22 AM,88 root INFO Training Root accuracy:0.83(best:0.83)
02/17/2020 03:42:22 AM,88 root INFO Training F1:[0.91, 0.5](best:0.91 , 0.5)
02/17/2020 03:42:22 AM,90 root INFO Epoch: 19
02/17/2020 03:42:26 AM,47 root INFO Loss = tensor([22.9777])
02/17/2020 03:42:50 AM,158 root INFO Loss = tensor([22.6098])
02/17/2020 03:43:08 AM,901 root INFO Loss = tensor([18.4265])
02/17/2020 03:43:29 AM,258 root INFO Loss = tensor([19.5204])
02/17/2020 03:43:49 AM,239 root INFO Loss = tensor([21.6740])
02/17/2020 03:44:02 AM,635 root INFO Validation All-nodes accuracy:0.83(best:0.83)
02/17/2020 03:44:02 AM,636 root INFO Validation Root accuracy:0.83(best:0.83)
02/17/2020 03:44:02 AM,636 root INFO F1:[0.91, 0.5](best:0.91 , 0.5)
02/17/2020 03:44:27 AM,198 root INFO Training All-nodes accuracy:0.83(best:0.83)
02/17/2020 03:44:27 AM,200 root INFO Training Root accuracy:0.83(best:0.83)
02/17/2020 03:44:27 AM,200 root INFO Training F1:[0.91, 0.5](best:0.91 , 0.5)
02/17/2020 03:44:27 AM,203 root INFO Epoch: 20
02/17/2020 03:44:33 AM,548 root INFO Loss = tensor([16.2883])
02/17/2020 03:44:53 AM,11 root INFO Loss = tensor([21.3955])
02/17/2020 03:45:08 AM,22 root INFO Loss = tensor([21.9980])
02/17/2020 03:45:22 AM,332 root INFO Loss = tensor([25.6923])
02/17/2020 03:45:36 AM,117 root INFO Loss = tensor([17.4680])
02/17/2020 03:45:44 AM,627 root INFO Validation All-nodes accuracy:0.83(best:0.83)
02/17/2020 03:45:44 AM,628 root INFO Validation Root accuracy:0.83(best:0.83)
02/17/2020 03:45:44 AM,628 root INFO F1:[0.91, 0.5](best:0.91 , 0.5)
02/17/2020 03:46:01 AM,178 root INFO Training All-nodes accuracy:0.83(best:0.83)
02/17/2020 03:46:01 AM,178 root INFO Training Root accuracy:0.83(best:0.83)
02/17/2020 03:46:01 AM,178 root INFO Training F1:[0.91, 0.5](best:0.91 , 0.5)
02/17/2020 03:46:01 AM,180 root INFO Epoch: 21
02/17/2020 03:46:04 AM,911 root INFO Loss = tensor([21.0161])
02/17/2020 03:46:23 AM,957 root INFO Loss = tensor([24.3136])
02/17/2020 03:46:39 AM,494 root INFO Loss = tensor([20.2716])
02/17/2020 03:46:55 AM,522 root INFO Loss = tensor([19.3872])
02/17/2020 03:47:10 AM,43 root INFO Loss = tensor([16.4666])
02/17/2020 03:47:22 AM,75 root INFO Validation All-nodes accuracy:0.83(best:0.83)
02/17/2020 03:47:22 AM,76 root INFO Validation Root accuracy:0.83(best:0.83)
02/17/2020 03:47:22 AM,77 root INFO F1:[0.91, 0.5](best:0.91 , 0.5)
02/17/2020 03:47:41 AM,438 root INFO Training All-nodes accuracy:0.83(best:0.83)
02/17/2020 03:47:41 AM,439 root INFO Training Root accuracy:0.83(best:0.83)
02/17/2020 03:47:41 AM,440 root INFO Training F1:[0.91, 0.5](best:0.91 , 0.5)
02/17/2020 03:47:41 AM,449 root INFO Epoch: 22
02/17/2020 03:47:46 AM,404 root INFO Loss = tensor([21.1910])
02/17/2020 03:48:11 AM,373 root INFO Loss = tensor([24.2473])
02/17/2020 03:48:28 AM,562 root INFO Loss = tensor([18.3047])
02/17/2020 03:48:49 AM,189 root INFO Loss = tensor([19.1539])
02/17/2020 03:49:01 AM,633 root INFO Loss = tensor([20.0322])
02/17/2020 03:49:08 AM,471 root INFO Validation All-nodes accuracy:0.83(best:0.83)
02/17/2020 03:49:08 AM,472 root INFO Validation Root accuracy:0.83(best:0.83)
02/17/2020 03:49:08 AM,472 root INFO F1:[0.91, 0.5](best:0.91 , 0.5)
02/17/2020 03:49:22 AM,312 root INFO Training All-nodes accuracy:0.83(best:0.83)
02/17/2020 03:49:22 AM,312 root INFO Training Root accuracy:0.83(best:0.83)
02/17/2020 03:49:22 AM,312 root INFO Training F1:[0.91, 0.5](best:0.91 , 0.5)
02/17/2020 03:49:22 AM,313 root INFO Epoch: 23
02/17/2020 03:49:25 AM,292 root INFO Loss = tensor([21.5345])
02/17/2020 03:51:01 AM,97 root INFO Loss = tensor([20.2563])
02/17/2020 03:51:14 AM,212 root INFO Loss = tensor([20.3010])
02/17/2020 03:51:28 AM,641 root INFO Loss = tensor([23.1967])
02/17/2020 03:51:41 AM,36 root INFO Loss = tensor([23.1644])
02/17/2020 03:51:50 AM,293 root INFO Validation All-nodes accuracy:0.83(best:0.83)
02/17/2020 03:51:50 AM,294 root INFO Validation Root accuracy:0.83(best:0.83)
02/17/2020 03:51:50 AM,295 root INFO F1:[0.91, 0.5](best:0.91 , 0.5)
02/17/2020 03:52:05 AM,857 root INFO Training All-nodes accuracy:0.83(best:0.83)
02/17/2020 03:52:05 AM,857 root INFO Training Root accuracy:0.83(best:0.83)
02/17/2020 03:52:05 AM,858 root INFO Training F1:[0.91, 0.5](best:0.91 , 0.5)
02/17/2020 03:52:05 AM,859 root INFO Epoch: 24
02/17/2020 03:52:08 AM,907 root INFO Loss = tensor([21.8894])
02/17/2020 03:52:24 AM,499 root INFO Loss = tensor([25.2682])
02/17/2020 03:52:38 AM,197 root INFO Loss = tensor([21.0531])
02/17/2020 03:52:52 AM,281 root INFO Loss = tensor([16.5613])
02/17/2020 03:53:04 AM,706 root INFO Loss = tensor([18.9649])
02/17/2020 03:53:11 AM,899 root INFO Validation All-nodes accuracy:0.83(best:0.83)
02/17/2020 03:53:11 AM,900 root INFO Validation Root accuracy:0.83(best:0.83)
02/17/2020 03:53:11 AM,900 root INFO F1:[0.91, 0.5](best:0.91 , 0.5)
02/17/2020 03:53:24 AM,945 root INFO Training All-nodes accuracy:0.83(best:0.83)
02/17/2020 03:53:24 AM,946 root INFO Training Root accuracy:0.83(best:0.83)
02/17/2020 03:53:24 AM,946 root INFO Training F1:[0.91, 0.5](best:0.91 , 0.5)
02/17/2020 03:53:24 AM,948 root INFO Epoch: 25
02/17/2020 03:53:28 AM,99 root INFO Loss = tensor([20.5749])
02/17/2020 03:53:43 AM,587 root INFO Loss = tensor([24.7964])
02/17/2020 01:25:20 PM,427 root INFO Loss = tensor([18.7223])
02/17/2020 01:25:34 PM,356 root INFO Loss = tensor([21.9813])
02/17/2020 01:25:46 PM,63 root INFO Loss = tensor([13.3374])
02/17/2020 01:25:53 PM,140 root INFO Validation All-nodes accuracy:0.83(best:0.83)
02/17/2020 01:25:53 PM,140 root INFO Validation Root accuracy:0.83(best:0.83)
02/17/2020 01:25:53 PM,141 root INFO F1:[0.91, 0.5](best:0.91 , 0.5)
02/17/2020 01:26:08 PM,4 root INFO Training All-nodes accuracy:0.83(best:0.83)
02/17/2020 01:26:08 PM,4 root INFO Training Root accuracy:0.83(best:0.83)
02/17/2020 01:26:08 PM,4 root INFO Training F1:[0.91, 0.5](best:0.91 , 0.5)
02/17/2020 01:26:08 PM,6 root INFO Epoch: 26
02/17/2020 01:26:11 PM,25 root INFO Loss = tensor([20.3436])
02/17/2020 01:26:26 PM,232 root INFO Loss = tensor([21.3124])
02/17/2020 01:26:36 PM,961 root INFO Loss = tensor([22.1771])
02/17/2020 01:26:49 PM,36 root INFO Loss = tensor([20.5867])
02/17/2020 01:27:00 PM,718 root INFO Loss = tensor([17.7424])
02/17/2020 01:27:07 PM,126 root INFO Validation All-nodes accuracy:0.83(best:0.83)
02/17/2020 01:27:07 PM,131 root INFO Validation Root accuracy:0.83(best:0.83)
02/17/2020 01:27:07 PM,132 root INFO F1:[0.91, 0.5](best:0.91 , 0.5)
02/17/2020 01:27:22 PM,264 root INFO Training All-nodes accuracy:0.83(best:0.83)
02/17/2020 01:27:22 PM,265 root INFO Training Root accuracy:0.83(best:0.83)
02/17/2020 01:27:22 PM,265 root INFO Training F1:[0.91, 0.5](best:0.91 , 0.5)
02/17/2020 01:27:22 PM,267 root INFO Epoch: 27
02/17/2020 01:27:25 PM,556 root INFO Loss = tensor([21.2279])
02/17/2020 01:27:41 PM,115 root INFO Loss = tensor([19.0742])
02/17/2020 01:27:54 PM,717 root INFO Loss = tensor([17.4259])
02/17/2020 01:28:07 PM,923 root INFO Loss = tensor([23.2557])
02/17/2020 01:28:19 PM,502 root INFO Loss = tensor([24.5686])
02/17/2020 01:28:26 PM,386 root INFO Validation All-nodes accuracy:0.83(best:0.83)
02/17/2020 01:28:26 PM,386 root INFO Validation Root accuracy:0.83(best:0.83)
02/17/2020 01:28:26 PM,386 root INFO F1:[0.91, 0.5](best:0.91 , 0.5)
02/17/2020 01:28:40 PM,360 root INFO Training All-nodes accuracy:0.83(best:0.83)
02/17/2020 01:28:40 PM,360 root INFO Training Root accuracy:0.83(best:0.83)
02/17/2020 01:28:40 PM,360 root INFO Training F1:[0.91, 0.5](best:0.91 , 0.5)
02/17/2020 01:28:40 PM,362 root INFO Epoch: 28
02/17/2020 01:28:43 PM,300 root INFO Loss = tensor([22.2565])
02/17/2020 01:29:00 PM,593 root INFO Loss = tensor([17.4167])
02/17/2020 01:29:19 PM,774 root INFO Loss = tensor([20.2857])
02/17/2020 01:29:31 PM,797 root INFO Loss = tensor([19.1342])
02/17/2020 01:29:41 PM,577 root INFO Loss = tensor([29.3625])
02/17/2020 01:29:47 PM,625 root INFO Validation All-nodes accuracy:0.83(best:0.83)
02/17/2020 01:29:47 PM,626 root INFO Validation Root accuracy:0.83(best:0.83)
02/17/2020 01:29:47 PM,626 root INFO F1:[0.91, 0.5](best:0.91 , 0.5)
02/17/2020 01:29:59 PM,639 root INFO Training All-nodes accuracy:0.83(best:0.83)
02/17/2020 01:29:59 PM,639 root INFO Training Root accuracy:0.83(best:0.83)
02/17/2020 01:29:59 PM,640 root INFO Training F1:[0.91, 0.5](best:0.91 , 0.5)
02/17/2020 01:29:59 PM,641 root INFO Epoch: 29
02/17/2020 01:30:02 PM,96 root INFO Loss = tensor([21.5751])
02/17/2020 01:30:16 PM,602 root INFO Loss = tensor([21.4687])
02/17/2020 01:30:29 PM,98 root INFO Loss = tensor([20.2011])
02/17/2020 01:30:40 PM,307 root INFO Loss = tensor([21.4452])
02/17/2020 01:30:50 PM,74 root INFO Loss = tensor([14.5155])
02/17/2020 01:30:56 PM,547 root INFO Validation All-nodes accuracy:0.83(best:0.83)
02/17/2020 01:30:56 PM,548 root INFO Validation Root accuracy:0.83(best:0.83)
02/17/2020 01:30:56 PM,548 root INFO F1:[0.91, 0.5](best:0.91 , 0.5)
02/17/2020 01:31:09 PM,543 root INFO Training All-nodes accuracy:0.83(best:0.83)
02/17/2020 01:31:09 PM,544 root INFO Training Root accuracy:0.83(best:0.83)
02/17/2020 01:31:09 PM,544 root INFO Training F1:[0.91, 0.5](best:0.91 , 0.5)
02/17/2020 01:31:09 PM,547 root INFO Epoch: 30
02/17/2020 01:31:12 PM,665 root INFO Loss = tensor([16.9323])
02/17/2020 01:31:25 PM,943 root INFO Loss = tensor([23.1797])
02/17/2020 01:31:38 PM,602 root INFO Loss = tensor([19.5617])
02/17/2020 01:31:51 PM,795 root INFO Loss = tensor([20.7160])
02/17/2020 01:32:03 PM,12 root INFO Loss = tensor([28.0253])
02/17/2020 01:32:10 PM,136 root INFO Validation All-nodes accuracy:0.83(best:0.83)
02/17/2020 01:32:10 PM,136 root INFO Validation Root accuracy:0.83(best:0.83)
02/17/2020 01:32:10 PM,137 root INFO F1:[0.91, 0.5](best:0.91 , 0.5)
02/17/2020 01:32:23 PM,651 root INFO Training All-nodes accuracy:0.83(best:0.83)
02/17/2020 01:32:23 PM,652 root INFO Training Root accuracy:0.83(best:0.83)
02/17/2020 01:32:23 PM,652 root INFO Training F1:[0.91, 0.5](best:0.91 , 0.5)
02/17/2020 01:32:23 PM,653 root INFO Epoch: 31
02/17/2020 01:32:26 PM,154 root INFO Loss = tensor([20.3747])
02/17/2020 01:32:40 PM,515 root INFO Loss = tensor([18.4443])
02/17/2020 01:32:59 PM,931 root INFO Loss = tensor([26.1186])
02/17/2020 01:33:13 PM,370 root INFO Loss = tensor([19.5475])
02/17/2020 01:33:24 PM,314 root INFO Loss = tensor([22.7785])
02/17/2020 01:33:31 PM,378 root INFO Validation All-nodes accuracy:0.83(best:0.83)
02/17/2020 01:33:31 PM,380 root INFO Validation Root accuracy:0.83(best:0.83)
02/17/2020 01:33:31 PM,380 root INFO F1:[0.91, 0.5](best:0.91 , 0.5)
02/17/2020 01:33:45 PM,675 root INFO Training All-nodes accuracy:0.83(best:0.83)
02/17/2020 01:33:45 PM,675 root INFO Training Root accuracy:0.83(best:0.83)
02/17/2020 01:33:45 PM,676 root INFO Training F1:[0.91, 0.5](best:0.91 , 0.5)
02/17/2020 01:33:45 PM,678 root INFO Epoch: 32
02/17/2020 01:33:48 PM,941 root INFO Loss = tensor([19.7985])
02/17/2020 01:34:04 PM,560 root INFO Loss = tensor([18.3537])
02/17/2020 01:34:17 PM,89 root INFO Loss = tensor([24.1121])
02/17/2020 01:34:29 PM,252 root INFO Loss = tensor([25.0439])
02/17/2020 01:34:39 PM,649 root INFO Loss = tensor([14.5352])
02/17/2020 01:34:49 PM,0 root INFO Validation All-nodes accuracy:0.83(best:0.83)
02/17/2020 01:34:49 PM,0 root INFO Validation Root accuracy:0.83(best:0.83)
02/17/2020 01:34:49 PM,0 root INFO F1:[0.91, 0.5](best:0.91 , 0.5)
02/17/2020 01:35:08 PM,310 root INFO Training All-nodes accuracy:0.83(best:0.83)
02/17/2020 01:35:08 PM,310 root INFO Training Root accuracy:0.83(best:0.83)
02/17/2020 01:35:08 PM,310 root INFO Training F1:[0.91, 0.5](best:0.91 , 0.5)
02/17/2020 01:35:08 PM,312 root INFO Epoch: 33
02/17/2020 01:35:11 PM,667 root INFO Loss = tensor([21.6540])
02/17/2020 01:35:27 PM,376 root INFO Loss = tensor([23.5207])
02/17/2020 01:35:40 PM,312 root INFO Loss = tensor([22.7072])
02/17/2020 01:35:54 PM,564 root INFO Loss = tensor([20.0331])
02/17/2020 01:36:08 PM,994 root INFO Loss = tensor([16.2670])
02/17/2020 01:36:16 PM,173 root INFO Validation All-nodes accuracy:0.83(best:0.83)
02/17/2020 01:36:16 PM,174 root INFO Validation Root accuracy:0.83(best:0.83)
02/17/2020 01:36:16 PM,174 root INFO F1:[0.91, 0.5](best:0.91 , 0.5)
02/17/2020 01:36:29 PM,714 root INFO Training All-nodes accuracy:0.83(best:0.83)
02/17/2020 01:36:29 PM,715 root INFO Training Root accuracy:0.83(best:0.83)
02/17/2020 01:36:29 PM,715 root INFO Training F1:[0.91, 0.5](best:0.91 , 0.5)
02/17/2020 01:36:29 PM,717 root INFO Epoch: 34
02/17/2020 01:36:32 PM,729 root INFO Loss = tensor([17.4765])
02/17/2020 01:36:47 PM,241 root INFO Loss = tensor([23.3546])
02/17/2020 01:37:00 PM,518 root INFO Loss = tensor([23.2065])
02/17/2020 01:37:13 PM,68 root INFO Loss = tensor([19.4205])
02/17/2020 01:37:24 PM,258 root INFO Loss = tensor([17.9062])
02/17/2020 01:37:31 PM,299 root INFO Validation All-nodes accuracy:0.83(best:0.83)
02/17/2020 01:37:31 PM,300 root INFO Validation Root accuracy:0.83(best:0.83)
02/17/2020 01:37:31 PM,300 root INFO F1:[0.91, 0.5](best:0.91 , 0.5)
02/17/2020 01:37:44 PM,274 root INFO Training All-nodes accuracy:0.83(best:0.83)
02/17/2020 01:37:44 PM,274 root INFO Training Root accuracy:0.83(best:0.83)
02/17/2020 01:37:44 PM,275 root INFO Training F1:[0.91, 0.5](best:0.91 , 0.5)
02/17/2020 01:37:44 PM,276 root INFO Epoch: 35
02/17/2020 01:37:47 PM,761 root INFO Loss = tensor([19.2351])
02/17/2020 01:38:04 PM,333 root INFO Loss = tensor([18.9097])
02/17/2020 01:38:17 PM,220 root INFO Loss = tensor([22.1988])
02/17/2020 01:38:29 PM,761 root INFO Loss = tensor([22.1136])
02/17/2020 01:38:53 PM,864 root INFO Loss = tensor([21.1744])
02/17/2020 01:39:08 PM,838 root INFO Validation All-nodes accuracy:0.83(best:0.83)
02/17/2020 01:39:08 PM,840 root INFO Validation Root accuracy:0.83(best:0.83)
02/17/2020 01:39:08 PM,840 root INFO F1:[0.91, 0.5](best:0.91 , 0.5)
02/17/2020 01:39:25 PM,771 root INFO Training All-nodes accuracy:0.83(best:0.83)
02/17/2020 01:39:25 PM,771 root INFO Training Root accuracy:0.83(best:0.83)
02/17/2020 01:39:25 PM,771 root INFO Training F1:[0.91, 0.5](best:0.91 , 0.5)
02/17/2020 01:39:25 PM,773 root INFO Epoch: 36
02/17/2020 01:39:29 PM,93 root INFO Loss = tensor([16.9376])
02/17/2020 01:39:46 PM,50 root INFO Loss = tensor([19.8583])
02/17/2020 01:39:59 PM,714 root INFO Loss = tensor([21.8849])
02/17/2020 01:40:11 PM,971 root INFO Loss = tensor([21.7418])
02/17/2020 01:40:26 PM,454 root INFO Loss = tensor([21.0857])
02/17/2020 01:40:40 PM,110 root INFO Validation All-nodes accuracy:0.83(best:0.83)
02/17/2020 01:40:40 PM,110 root INFO Validation Root accuracy:0.83(best:0.83)
02/17/2020 01:40:40 PM,110 root INFO F1:[0.91, 0.5](best:0.91 , 0.5)
02/17/2020 01:41:00 PM,737 root INFO Training All-nodes accuracy:0.83(best:0.83)
02/17/2020 01:41:00 PM,737 root INFO Training Root accuracy:0.83(best:0.83)
02/17/2020 01:41:00 PM,737 root INFO Training F1:[0.91, 0.5](best:0.91 , 0.5)
02/17/2020 01:41:00 PM,740 root INFO Epoch: 37
02/17/2020 01:41:04 PM,764 root INFO Loss = tensor([24.6903])
02/17/2020 01:41:24 PM,779 root INFO Loss = tensor([23.6788])
02/17/2020 01:41:41 PM,75 root INFO Loss = tensor([18.2837])
02/17/2020 01:41:57 PM,571 root INFO Loss = tensor([17.7298])
02/17/2020 01:42:14 PM,381 root INFO Loss = tensor([19.4966])
02/17/2020 01:42:25 PM,128 root INFO Validation All-nodes accuracy:0.83(best:0.83)
02/17/2020 01:42:25 PM,129 root INFO Validation Root accuracy:0.83(best:0.83)
02/17/2020 01:42:25 PM,129 root INFO F1:[0.91, 0.5](best:0.91 , 0.5)
02/17/2020 01:42:42 PM,487 root INFO Training All-nodes accuracy:0.83(best:0.83)
02/17/2020 01:42:42 PM,488 root INFO Training Root accuracy:0.83(best:0.83)
02/17/2020 01:42:42 PM,489 root INFO Training F1:[0.91, 0.5](best:0.91 , 0.5)
02/17/2020 01:42:42 PM,491 root INFO Epoch: 38
02/17/2020 01:42:53 PM,389 root INFO Loss = tensor([20.1784])
02/17/2020 01:43:27 PM,505 root INFO Loss = tensor([22.0330])
02/17/2020 01:43:44 PM,805 root INFO Loss = tensor([20.1708])
02/17/2020 01:44:07 PM,705 root INFO Loss = tensor([17.2945])
02/17/2020 01:44:35 PM,43 root INFO Loss = tensor([19.6990])
02/17/2020 01:44:44 PM,18 root INFO Validation All-nodes accuracy:0.83(best:0.83)
02/17/2020 01:44:44 PM,19 root INFO Validation Root accuracy:0.83(best:0.83)
02/17/2020 01:44:44 PM,19 root INFO F1:[0.91, 0.5](best:0.91 , 0.5)
02/17/2020 01:45:04 PM,488 root INFO Training All-nodes accuracy:0.83(best:0.83)
02/17/2020 01:45:04 PM,488 root INFO Training Root accuracy:0.83(best:0.83)
02/17/2020 01:45:04 PM,489 root INFO Training F1:[0.91, 0.5](best:0.91 , 0.5)
02/17/2020 01:45:04 PM,491 root INFO Epoch: 39
02/17/2020 01:45:08 PM,130 root INFO Loss = tensor([19.8687])
02/17/2020 01:45:28 PM,905 root INFO Loss = tensor([20.8548])
02/17/2020 01:45:46 PM,431 root INFO Loss = tensor([18.7984])
02/17/2020 01:46:02 PM,766 root INFO Loss = tensor([18.8344])
02/17/2020 01:46:17 PM,687 root INFO Loss = tensor([18.3684])
02/17/2020 01:46:26 PM,1 root INFO Validation All-nodes accuracy:0.83(best:0.83)
02/17/2020 01:46:26 PM,1 root INFO Validation Root accuracy:0.83(best:0.83)
02/17/2020 01:46:26 PM,1 root INFO F1:[0.91, 0.5](best:0.91 , 0.5)
02/17/2020 01:46:43 PM,207 root INFO Training All-nodes accuracy:0.83(best:0.83)
02/17/2020 01:46:43 PM,208 root INFO Training Root accuracy:0.83(best:0.83)
02/17/2020 01:46:43 PM,208 root INFO Training F1:[0.91, 0.5](best:0.91 , 0.5)
02/17/2020 01:46:43 PM,209 root INFO Epoch: 40
02/17/2020 01:46:47 PM,140 root INFO Loss = tensor([17.8066])
02/17/2020 01:47:08 PM,546 root INFO Loss = tensor([16.3982])
02/17/2020 01:47:24 PM,219 root INFO Loss = tensor([20.0026])
02/17/2020 01:47:40 PM,395 root INFO Loss = tensor([22.9051])
02/17/2020 01:47:55 PM,868 root INFO Loss = tensor([20.1839])
02/17/2020 01:48:04 PM,567 root INFO Validation All-nodes accuracy:0.83(best:0.83)
02/17/2020 01:48:04 PM,567 root INFO Validation Root accuracy:0.83(best:0.83)
02/17/2020 01:48:04 PM,568 root INFO F1:[0.91, 0.5](best:0.91 , 0.5)
02/17/2020 01:48:22 PM,403 root INFO Training All-nodes accuracy:0.83(best:0.83)
02/17/2020 01:48:22 PM,405 root INFO Training Root accuracy:0.83(best:0.83)
02/17/2020 01:48:22 PM,405 root INFO Training F1:[0.91, 0.5](best:0.91 , 0.5)
02/17/2020 01:48:22 PM,407 root INFO Epoch: 41
02/17/2020 01:48:26 PM,915 root INFO Loss = tensor([22.4502])
02/17/2020 01:48:46 PM,441 root INFO Loss = tensor([18.6120])
02/17/2020 01:49:04 PM,275 root INFO Loss = tensor([18.5042])
02/17/2020 01:49:21 PM,909 root INFO Loss = tensor([21.1176])
02/17/2020 01:49:36 PM,100 root INFO Loss = tensor([13.7772])
02/17/2020 01:49:46 PM,717 root INFO Validation All-nodes accuracy:0.83(best:0.83)
02/17/2020 01:49:46 PM,717 root INFO Validation Root accuracy:0.84(best:0.84)
02/17/2020 01:49:46 PM,717 root INFO F1:[0.91, 0.99](best:0.91 , 0.99)
02/17/2020 01:50:07 PM,727 root INFO Training All-nodes accuracy:0.83(best:0.83)
02/17/2020 01:50:07 PM,728 root INFO Training Root accuracy:0.85(best:0.85)
02/17/2020 01:50:07 PM,728 root INFO Training F1:[0.92, 0.94](best:0.92 , 0.94)
02/17/2020 01:50:07 PM,729 root INFO Epoch: 42
02/17/2020 01:50:11 PM,272 root INFO Loss = tensor([18.3094])
02/17/2020 01:50:30 PM,891 root INFO Loss = tensor([20.3157])
02/17/2020 01:50:49 PM,533 root INFO Loss = tensor([17.6711])
02/17/2020 01:51:08 PM,410 root INFO Loss = tensor([19.4790])
02/17/2020 01:51:25 PM,420 root INFO Loss = tensor([24.1255])
02/17/2020 01:51:35 PM,922 root INFO Validation All-nodes accuracy:0.82(best:0.83)
02/17/2020 01:51:35 PM,922 root INFO Validation Root accuracy:0.76(best:0.84)
02/17/2020 01:51:35 PM,922 root INFO F1:[0.91, 0.38](best:0.91 , 0.99)
02/17/2020 01:51:54 PM,952 root INFO Training All-nodes accuracy:0.83(best:0.83)
02/17/2020 01:51:54 PM,952 root INFO Training Root accuracy:0.87(best:0.87)
02/17/2020 01:51:54 PM,952 root INFO Training F1:[0.96, 0.78](best:0.96 , 0.94)
02/17/2020 01:51:54 PM,954 root INFO Epoch: 43
02/17/2020 01:51:58 PM,865 root INFO Loss = tensor([22.0525])
02/17/2020 01:52:21 PM,357 root INFO Loss = tensor([16.6319])
02/17/2020 01:52:40 PM,77 root INFO Loss = tensor([20.5719])
02/17/2020 01:52:58 PM,707 root INFO Loss = tensor([22.1387])
02/17/2020 01:53:21 PM,264 root INFO Loss = tensor([21.2989])
02/17/2020 01:53:30 PM,837 root INFO Validation All-nodes accuracy:0.83(best:0.83)
02/17/2020 01:53:30 PM,837 root INFO Validation Root accuracy:0.83(best:0.84)
02/17/2020 01:53:30 PM,837 root INFO F1:[0.91, 0.66](best:0.91 , 0.99)
02/17/2020 01:53:50 PM,662 root INFO Training All-nodes accuracy:0.83(best:0.83)
02/17/2020 01:53:50 PM,662 root INFO Training Root accuracy:0.87(best:0.87)
02/17/2020 01:53:50 PM,662 root INFO Training F1:[0.93, 0.97](best:0.96 , 0.97)
02/17/2020 01:53:50 PM,664 root INFO Epoch: 44
02/17/2020 01:53:54 PM,772 root INFO Loss = tensor([21.5842])
02/17/2020 01:54:14 PM,697 root INFO Loss = tensor([20.9727])
02/17/2020 01:54:31 PM,27 root INFO Loss = tensor([22.3741])
02/17/2020 01:54:46 PM,368 root INFO Loss = tensor([20.7896])
02/17/2020 01:55:03 PM,852 root INFO Loss = tensor([20.9390])
02/17/2020 01:55:15 PM,390 root INFO Validation All-nodes accuracy:0.78(best:0.83)
02/17/2020 01:55:15 PM,391 root INFO Validation Root accuracy:0.56(best:0.84)
02/17/2020 01:55:15 PM,391 root INFO F1:[0.93, 0.35](best:0.93 , 0.99)
02/17/2020 01:55:35 PM,790 root INFO Training All-nodes accuracy:0.82(best:0.83)
02/17/2020 01:55:35 PM,790 root INFO Training Root accuracy:0.74(best:0.87)
02/17/2020 01:55:35 PM,790 root INFO Training F1:[0.97, 0.55](best:0.97 , 0.97)
02/17/2020 01:55:35 PM,792 root INFO Epoch: 45
02/17/2020 01:55:39 PM,373 root INFO Loss = tensor([18.4118])
02/17/2020 01:56:01 PM,551 root INFO Loss = tensor([21.6792])
02/17/2020 01:56:24 PM,936 root INFO Loss = tensor([20.5704])
02/17/2020 01:56:43 PM,41 root INFO Loss = tensor([24.9211])
02/17/2020 01:56:59 PM,147 root INFO Loss = tensor([27.0519])
02/17/2020 01:57:12 PM,722 root INFO Validation All-nodes accuracy:0.83(best:0.83)
02/17/2020 01:57:12 PM,723 root INFO Validation Root accuracy:0.83(best:0.84)
02/17/2020 01:57:12 PM,724 root INFO F1:[0.91, 0.5](best:0.93 , 0.99)
02/17/2020 01:57:28 PM,659 root INFO Training All-nodes accuracy:0.83(best:0.83)
02/17/2020 01:57:28 PM,659 root INFO Training Root accuracy:0.83(best:0.87)
02/17/2020 01:57:28 PM,659 root INFO Training F1:[0.91, 0.5](best:0.97 , 0.97)
02/17/2020 01:57:28 PM,661 root INFO Epoch: 46
02/17/2020 01:57:32 PM,115 root INFO Loss = tensor([17.8204])
02/17/2020 01:57:56 PM,673 root INFO Loss = tensor([22.9668])
02/17/2020 01:58:12 PM,940 root INFO Loss = tensor([23.1763])
02/17/2020 01:58:31 PM,145 root INFO Loss = tensor([21.1233])
02/17/2020 01:58:48 PM,759 root INFO Loss = tensor([27.3150])
02/17/2020 01:59:09 PM,194 root INFO Validation All-nodes accuracy:0.83(best:0.83)
02/17/2020 01:59:09 PM,194 root INFO Validation Root accuracy:0.83(best:0.84)
02/17/2020 01:59:09 PM,194 root INFO F1:[0.91, 0.5](best:0.93 , 0.99)
02/17/2020 01:59:30 PM,699 root INFO Training All-nodes accuracy:0.83(best:0.83)
02/17/2020 01:59:30 PM,703 root INFO Training Root accuracy:0.84(best:0.87)
02/17/2020 01:59:30 PM,704 root INFO Training F1:[0.92, 0.87](best:0.97 , 0.97)
02/17/2020 01:59:30 PM,711 root INFO Epoch: 47
02/17/2020 01:59:34 PM,957 root INFO Loss = tensor([18.8264])
02/17/2020 01:59:57 PM,669 root INFO Loss = tensor([19.4992])
02/17/2020 02:00:15 PM,525 root INFO Loss = tensor([19.1735])
02/17/2020 02:00:32 PM,924 root INFO Loss = tensor([21.1748])
02/17/2020 02:00:49 PM,59 root INFO Loss = tensor([23.2407])
02/17/2020 02:01:00 PM,371 root INFO Validation All-nodes accuracy:0.83(best:0.83)
02/17/2020 02:01:00 PM,372 root INFO Validation Root accuracy:0.84(best:0.84)
02/17/2020 02:01:00 PM,372 root INFO F1:[0.91, 0.99](best:0.93 , 0.99)
02/17/2020 02:01:19 PM,975 root INFO Training All-nodes accuracy:0.83(best:0.83)
02/17/2020 02:01:19 PM,975 root INFO Training Root accuracy:0.87(best:0.87)
02/17/2020 02:01:19 PM,975 root INFO Training F1:[0.93, 0.94](best:0.97 , 0.97)
02/17/2020 02:01:19 PM,978 root INFO Epoch: 48
02/17/2020 02:01:24 PM,288 root INFO Loss = tensor([22.8366])
02/17/2020 02:01:47 PM,645 root INFO Loss = tensor([18.5936])
02/17/2020 02:02:05 PM,454 root INFO Loss = tensor([15.8254])
02/17/2020 02:02:23 PM,96 root INFO Loss = tensor([17.5825])
02/17/2020 02:02:38 PM,132 root INFO Loss = tensor([21.7506])
02/17/2020 02:02:48 PM,594 root INFO Validation All-nodes accuracy:0.83(best:0.83)
02/17/2020 02:02:48 PM,595 root INFO Validation Root accuracy:0.83(best:0.84)
02/17/2020 02:02:48 PM,595 root INFO F1:[0.91, 0.5](best:0.93 , 0.99)
02/17/2020 02:03:03 PM,33 root INFO Training All-nodes accuracy:0.83(best:0.83)
02/17/2020 02:03:03 PM,33 root INFO Training Root accuracy:0.83(best:0.87)
02/17/2020 02:03:03 PM,34 root INFO Training F1:[0.91, 0.5](best:0.97 , 0.97)
02/17/2020 02:03:03 PM,36 root INFO Epoch: 49
02/17/2020 02:03:06 PM,530 root INFO Loss = tensor([16.1773])
02/17/2020 02:03:24 PM,715 root INFO Loss = tensor([25.0147])
02/17/2020 02:03:38 PM,755 root INFO Loss = tensor([20.6192])
02/17/2020 02:03:54 PM,66 root INFO Loss = tensor([17.5015])
02/17/2020 02:04:04 PM,687 root INFO Loss = tensor([17.1170])
02/17/2020 02:04:12 PM,502 root INFO Validation All-nodes accuracy:0.83(best:0.83)
02/17/2020 02:04:12 PM,503 root INFO Validation Root accuracy:0.83(best:0.84)
02/17/2020 02:04:12 PM,503 root INFO F1:[0.91, 0.5](best:0.93 , 0.99)
02/17/2020 02:04:25 PM,868 root INFO Training All-nodes accuracy:0.83(best:0.83)
02/17/2020 02:04:25 PM,870 root INFO Training Root accuracy:0.83(best:0.87)
02/17/2020 02:04:25 PM,870 root INFO Training F1:[0.91, 0.5](best:0.97 , 0.97)
02/17/2020 02:04:25 PM,871 root INFO Epoch: 50
02/17/2020 02:04:28 PM,617 root INFO Loss = tensor([18.9130])
02/17/2020 02:04:45 PM,828 root INFO Loss = tensor([20.2334])
02/17/2020 02:05:00 PM,16 root INFO Loss = tensor([18.3468])
02/17/2020 02:05:12 PM,365 root INFO Loss = tensor([17.8042])
02/17/2020 02:05:22 PM,844 root INFO Loss = tensor([22.6511])
02/17/2020 02:05:29 PM,436 root INFO Validation All-nodes accuracy:0.83(best:0.83)
02/17/2020 02:05:29 PM,437 root INFO Validation Root accuracy:0.83(best:0.84)
02/17/2020 02:05:29 PM,437 root INFO F1:[0.91, 0.5](best:0.93 , 0.99)
02/17/2020 02:05:41 PM,767 root INFO Training All-nodes accuracy:0.83(best:0.83)
02/17/2020 02:05:41 PM,768 root INFO Training Root accuracy:0.83(best:0.87)
02/17/2020 02:05:41 PM,768 root INFO Training F1:[0.91, 0.5](best:0.97 , 0.97)
02/17/2020 02:05:41 PM,769 root INFO Epoch: 51
02/17/2020 02:05:44 PM,532 root INFO Loss = tensor([21.4164])
02/17/2020 02:05:58 PM,53 root INFO Loss = tensor([20.2997])
02/17/2020 02:06:09 PM,361 root INFO Loss = tensor([16.5994])
02/17/2020 02:06:21 PM,97 root INFO Loss = tensor([16.0757])
02/17/2020 02:06:30 PM,397 root INFO Loss = tensor([24.3107])
02/17/2020 02:06:36 PM,808 root INFO Validation All-nodes accuracy:0.83(best:0.83)
02/17/2020 02:06:36 PM,810 root INFO Validation Root accuracy:0.83(best:0.84)
02/17/2020 02:06:36 PM,810 root INFO F1:[0.91, 0.5](best:0.93 , 0.99)
02/17/2020 02:06:49 PM,649 root INFO Training All-nodes accuracy:0.83(best:0.83)
02/17/2020 02:06:49 PM,650 root INFO Training Root accuracy:0.83(best:0.87)
02/17/2020 02:06:49 PM,650 root INFO Training F1:[0.91, 0.5](best:0.97 , 0.97)
02/17/2020 02:06:49 PM,652 root INFO Epoch: 52
02/17/2020 02:06:52 PM,423 root INFO Loss = tensor([19.8731])
02/17/2020 02:07:08 PM,673 root INFO Loss = tensor([16.1320])
02/17/2020 02:07:20 PM,695 root INFO Loss = tensor([18.4502])
02/17/2020 02:07:33 PM,661 root INFO Loss = tensor([19.8217])
02/17/2020 02:07:44 PM,254 root INFO Loss = tensor([20.5574])
02/17/2020 02:07:51 PM,820 root INFO Validation All-nodes accuracy:0.82(best:0.83)
02/17/2020 02:07:51 PM,821 root INFO Validation Root accuracy:0.84(best:0.84)
02/17/2020 02:07:51 PM,821 root INFO F1:[0.92, 0.75](best:0.93 , 0.99)
02/17/2020 02:08:04 PM,968 root INFO Training All-nodes accuracy:0.84(best:0.84)
02/17/2020 02:08:04 PM,969 root INFO Training Root accuracy:0.89(best:0.89)
02/17/2020 02:08:04 PM,969 root INFO Training F1:[0.94, 0.91](best:0.97 , 0.97)
02/17/2020 02:08:04 PM,972 root INFO Epoch: 53
02/17/2020 02:08:08 PM,28 root INFO Loss = tensor([20.1030])
02/17/2020 02:08:22 PM,984 root INFO Loss = tensor([17.1506])
02/17/2020 02:08:40 PM,368 root INFO Loss = tensor([21.7393])
02/17/2020 02:08:54 PM,413 root INFO Loss = tensor([19.6401])
02/17/2020 02:09:05 PM,161 root INFO Loss = tensor([18.7227])
02/17/2020 02:09:11 PM,917 root INFO Validation All-nodes accuracy:0.79(best:0.83)
02/17/2020 02:09:11 PM,918 root INFO Validation Root accuracy:0.77(best:0.84)
02/17/2020 02:09:11 PM,918 root INFO F1:[0.92, 0.48](best:0.93 , 0.99)
02/17/2020 02:09:27 PM,296 root INFO Training All-nodes accuracy:0.83(best:0.84)
02/17/2020 02:09:27 PM,296 root INFO Training Root accuracy:0.86(best:0.89)
02/17/2020 02:09:27 PM,296 root INFO Training F1:[0.99, 0.72](best:0.99 , 0.97)
02/17/2020 02:09:27 PM,298 root INFO Epoch: 54
02/17/2020 02:09:30 PM,17 root INFO Loss = tensor([15.5866])
02/17/2020 02:09:44 PM,168 root INFO Loss = tensor([21.0510])
02/17/2020 02:10:00 PM,147 root INFO Loss = tensor([21.9270])
02/17/2020 02:10:12 PM,24 root INFO Loss = tensor([17.7688])
02/17/2020 02:10:22 PM,330 root INFO Loss = tensor([17.8981])
02/17/2020 02:10:28 PM,820 root INFO Validation All-nodes accuracy:0.8(best:0.83)
02/17/2020 02:10:28 PM,820 root INFO Validation Root accuracy:0.82(best:0.84)
02/17/2020 02:10:28 PM,820 root INFO F1:[0.92, 0.6](best:0.93 , 0.99)
02/17/2020 02:10:41 PM,436 root INFO Training All-nodes accuracy:0.84(best:0.84)
02/17/2020 02:10:41 PM,436 root INFO Training Root accuracy:0.91(best:0.91)
02/17/2020 02:10:41 PM,436 root INFO Training F1:[0.98, 0.82](best:0.99 , 0.97)
02/17/2020 02:10:41 PM,438 root INFO Epoch: 55
02/17/2020 02:10:44 PM,35 root INFO Loss = tensor([16.1582])
02/17/2020 02:10:57 PM,935 root INFO Loss = tensor([17.3716])
02/17/2020 02:11:09 PM,400 root INFO Loss = tensor([18.0609])
02/17/2020 02:11:21 PM,899 root INFO Loss = tensor([20.4706])
02/17/2020 02:11:32 PM,152 root INFO Loss = tensor([18.3916])
02/17/2020 02:11:38 PM,608 root INFO Validation All-nodes accuracy:0.81(best:0.83)
02/17/2020 02:11:38 PM,609 root INFO Validation Root accuracy:0.83(best:0.84)
02/17/2020 02:11:38 PM,609 root INFO F1:[0.92, 0.67](best:0.93 , 0.99)
02/17/2020 02:11:50 PM,742 root INFO Training All-nodes accuracy:0.85(best:0.85)
02/17/2020 02:11:50 PM,743 root INFO Training Root accuracy:0.92(best:0.92)
02/17/2020 02:11:50 PM,743 root INFO Training F1:[0.97, 0.86](best:0.99 , 0.97)
02/17/2020 02:11:50 PM,744 root INFO Epoch: 56
02/17/2020 02:11:53 PM,292 root INFO Loss = tensor([17.1213])
02/17/2020 02:12:07 PM,428 root INFO Loss = tensor([25.0236])
02/17/2020 02:12:18 PM,750 root INFO Loss = tensor([15.9755])
02/17/2020 02:12:30 PM,97 root INFO Loss = tensor([20.0481])
02/17/2020 02:12:40 PM,139 root INFO Loss = tensor([24.4185])
02/17/2020 02:12:46 PM,763 root INFO Validation All-nodes accuracy:0.82(best:0.83)
02/17/2020 02:12:46 PM,764 root INFO Validation Root accuracy:0.84(best:0.84)
02/17/2020 02:12:46 PM,764 root INFO F1:[0.91, 0.99](best:0.93 , 0.99)
02/17/2020 02:12:59 PM,141 root INFO Training All-nodes accuracy:0.84(best:0.85)
02/17/2020 02:12:59 PM,142 root INFO Training Root accuracy:0.88(best:0.92)
02/17/2020 02:12:59 PM,142 root INFO Training F1:[0.93, 0.98](best:0.99 , 0.98)
02/17/2020 02:12:59 PM,143 root INFO Epoch: 57
02/17/2020 02:13:01 PM,672 root INFO Loss = tensor([20.8740])
02/17/2020 02:13:20 PM,475 root INFO Loss = tensor([22.4024])
02/17/2020 02:13:35 PM,962 root INFO Loss = tensor([26.3780])
02/17/2020 02:13:49 PM,677 root INFO Loss = tensor([26.0269])
02/17/2020 02:14:01 PM,384 root INFO Loss = tensor([20.5880])
02/17/2020 02:14:07 PM,784 root INFO Validation All-nodes accuracy:0.67(best:0.83)
02/17/2020 02:14:07 PM,785 root INFO Validation Root accuracy:0.21(best:0.84)
02/17/2020 02:14:07 PM,785 root INFO F1:[1.0, 0.3](best:1.0 , 0.99)
02/17/2020 02:14:20 PM,311 root INFO Training All-nodes accuracy:0.68(best:0.85)
02/17/2020 02:14:20 PM,311 root INFO Training Root accuracy:0.2(best:0.92)
02/17/2020 02:14:20 PM,311 root INFO Training F1:[0.95, 0.3](best:0.99 , 0.98)
02/17/2020 02:14:20 PM,313 root INFO Epoch: 58
02/17/2020 02:14:22 PM,961 root INFO Loss = tensor([24.1381])
02/17/2020 02:14:37 PM,821 root INFO Loss = tensor([22.0982])
02/17/2020 02:14:50 PM,491 root INFO Loss = tensor([13.9459])
02/17/2020 02:15:02 PM,486 root INFO Loss = tensor([20.9321])
02/17/2020 02:15:12 PM,609 root INFO Loss = tensor([29.9901])
02/17/2020 02:15:18 PM,895 root INFO Validation All-nodes accuracy:0.83(best:0.83)
02/17/2020 02:15:18 PM,896 root INFO Validation Root accuracy:0.83(best:0.84)
02/17/2020 02:15:18 PM,896 root INFO F1:[0.91, 0.5](best:1.0 , 0.99)
02/17/2020 02:15:38 PM,775 root INFO Training All-nodes accuracy:0.83(best:0.85)
02/17/2020 02:15:38 PM,776 root INFO Training Root accuracy:0.83(best:0.92)
02/17/2020 02:15:38 PM,776 root INFO Training F1:[0.91, 0.5](best:0.99 , 0.98)
02/17/2020 02:15:38 PM,778 root INFO Epoch: 59
02/17/2020 02:15:41 PM,773 root INFO Loss = tensor([17.9294])
02/17/2020 02:15:56 PM,775 root INFO Loss = tensor([18.2469])
02/17/2020 02:16:10 PM,274 root INFO Loss = tensor([18.5861])
02/17/2020 02:16:24 PM,351 root INFO Loss = tensor([22.1842])
02/17/2020 02:16:39 PM,889 root INFO Loss = tensor([18.8537])
02/17/2020 02:16:50 PM,821 root INFO Validation All-nodes accuracy:0.83(best:0.83)
02/17/2020 02:16:50 PM,823 root INFO Validation Root accuracy:0.83(best:0.84)
02/17/2020 02:16:50 PM,823 root INFO F1:[0.91, 0.5](best:1.0 , 0.99)
02/17/2020 02:17:11 PM,280 root INFO Training All-nodes accuracy:0.83(best:0.85)
02/17/2020 02:17:11 PM,281 root INFO Training Root accuracy:0.83(best:0.92)
02/17/2020 02:17:11 PM,281 root INFO Training F1:[0.91, 0.5](best:0.99 , 0.98)
02/17/2020 02:17:11 PM,282 root INFO Epoch: 60
02/17/2020 02:17:15 PM,73 root INFO Loss = tensor([17.9731])
02/17/2020 02:17:37 PM,998 root INFO Loss = tensor([19.5405])
02/17/2020 02:17:58 PM,440 root INFO Loss = tensor([18.5958])
02/17/2020 02:18:20 PM,99 root INFO Loss = tensor([19.9294])
02/17/2020 02:18:34 PM,764 root INFO Loss = tensor([16.6993])
02/17/2020 02:18:49 PM,419 root INFO Validation All-nodes accuracy:0.83(best:0.83)
02/17/2020 02:18:49 PM,420 root INFO Validation Root accuracy:0.83(best:0.84)
02/17/2020 02:18:49 PM,420 root INFO F1:[0.91, 0.5](best:1.0 , 0.99)
02/17/2020 02:19:10 PM,687 root INFO Training All-nodes accuracy:0.83(best:0.85)
02/17/2020 02:19:10 PM,688 root INFO Training Root accuracy:0.83(best:0.92)
02/17/2020 02:19:10 PM,688 root INFO Training F1:[0.91, 0.5](best:0.99 , 0.98)
02/17/2020 02:19:10 PM,689 root INFO Epoch: 61
02/17/2020 02:19:14 PM,100 root INFO Loss = tensor([18.0521])
02/17/2020 02:19:33 PM,186 root INFO Loss = tensor([18.1834])
02/17/2020 02:19:47 PM,409 root INFO Loss = tensor([19.6932])
02/17/2020 02:20:02 PM,814 root INFO Loss = tensor([16.5135])
02/17/2020 02:20:15 PM,567 root INFO Loss = tensor([23.9113])
02/17/2020 02:20:24 PM,244 root INFO Validation All-nodes accuracy:0.83(best:0.83)
02/17/2020 02:20:24 PM,245 root INFO Validation Root accuracy:0.83(best:0.84)
02/17/2020 02:20:24 PM,245 root INFO F1:[0.91, 0.5](best:1.0 , 0.99)
02/17/2020 02:20:41 PM,910 root INFO Training All-nodes accuracy:0.83(best:0.85)
02/17/2020 02:20:41 PM,911 root INFO Training Root accuracy:0.85(best:0.92)
02/17/2020 02:20:41 PM,911 root INFO Training F1:[0.92, 0.91](best:0.99 , 0.98)
02/17/2020 02:20:41 PM,913 root INFO Epoch: 62
02/17/2020 02:20:46 PM,25 root INFO Loss = tensor([13.3438])
02/17/2020 02:21:07 PM,954 root INFO Loss = tensor([20.4271])
02/17/2020 02:21:23 PM,156 root INFO Loss = tensor([21.9721])
02/17/2020 02:21:41 PM,482 root INFO Loss = tensor([14.9241])
02/17/2020 02:22:04 PM,256 root INFO Loss = tensor([24.0302])
02/17/2020 02:22:16 PM,576 root INFO Validation All-nodes accuracy:0.82(best:0.83)
02/17/2020 02:22:16 PM,578 root INFO Validation Root accuracy:0.86(best:0.86)
02/17/2020 02:22:16 PM,578 root INFO F1:[0.92, 1.0](best:1.0 , 1.0)
02/17/2020 02:22:33 PM,679 root INFO Training All-nodes accuracy:0.85(best:0.85)
02/17/2020 02:22:33 PM,681 root INFO Training Root accuracy:0.92(best:0.92)
02/17/2020 02:22:33 PM,681 root INFO Training F1:[0.96, 0.95](best:0.99 , 0.98)
02/17/2020 02:22:33 PM,683 root INFO Epoch: 63
02/17/2020 02:22:37 PM,177 root INFO Loss = tensor([17.0520])
02/17/2020 02:22:56 PM,770 root INFO Loss = tensor([19.5386])
02/17/2020 02:23:20 PM,617 root INFO Loss = tensor([16.4660])
02/17/2020 02:23:40 PM,95 root INFO Loss = tensor([17.3180])
02/17/2020 02:24:00 PM,414 root INFO Loss = tensor([20.7546])
02/17/2020 02:24:09 PM,252 root INFO Validation All-nodes accuracy:0.82(best:0.83)
02/17/2020 02:24:09 PM,257 root INFO Validation Root accuracy:0.86(best:0.86)
02/17/2020 02:24:09 PM,258 root INFO F1:[0.92, 1.0](best:1.0 , 1.0)
02/17/2020 02:24:25 PM,769 root INFO Training All-nodes accuracy:0.85(best:0.85)
02/17/2020 02:24:25 PM,769 root INFO Training Root accuracy:0.92(best:0.92)
02/17/2020 02:24:25 PM,769 root INFO Training F1:[0.96, 0.96](best:0.99 , 0.98)
02/17/2020 02:24:25 PM,771 root INFO Epoch: 64
02/17/2020 02:24:30 PM,723 root INFO Loss = tensor([15.0069])
02/17/2020 02:24:52 PM,751 root INFO Loss = tensor([15.1996])
02/17/2020 02:25:06 PM,627 root INFO Loss = tensor([22.6938])
02/17/2020 02:25:22 PM,403 root INFO Loss = tensor([16.8095])
02/17/2020 02:25:32 PM,282 root INFO Loss = tensor([15.6814])
02/17/2020 02:25:40 PM,363 root INFO Validation All-nodes accuracy:0.81(best:0.83)
02/17/2020 02:25:40 PM,364 root INFO Validation Root accuracy:0.85(best:0.86)
02/17/2020 02:25:40 PM,364 root INFO F1:[0.92, 0.86](best:1.0 , 1.0)
02/17/2020 02:26:05 PM,6 root INFO Training All-nodes accuracy:0.86(best:0.86)
02/17/2020 02:26:05 PM,6 root INFO Training Root accuracy:0.95(best:0.95)
02/17/2020 02:26:05 PM,6 root INFO Training F1:[0.98, 0.94](best:0.99 , 0.98)
02/17/2020 02:26:05 PM,8 root INFO Epoch: 65
02/17/2020 02:26:11 PM,718 root INFO Loss = tensor([18.4749])
02/17/2020 02:26:43 PM,511 root INFO Loss = tensor([17.0395])
02/17/2020 02:27:12 PM,493 root INFO Loss = tensor([14.2477])
02/17/2020 02:27:34 PM,118 root INFO Loss = tensor([16.9515])
02/17/2020 02:27:55 PM,43 root INFO Loss = tensor([20.9946])
02/17/2020 02:28:09 PM,201 root INFO Validation All-nodes accuracy:0.8(best:0.83)
02/17/2020 02:28:09 PM,203 root INFO Validation Root accuracy:0.81(best:0.86)
02/17/2020 02:28:09 PM,203 root INFO F1:[0.92, 0.57](best:1.0 , 1.0)
02/17/2020 02:28:31 PM,31 root INFO Training All-nodes accuracy:0.86(best:0.86)
02/17/2020 02:28:31 PM,32 root INFO Training Root accuracy:0.95(best:0.95)
02/17/2020 02:28:31 PM,33 root INFO Training F1:[0.99, 0.9](best:0.99 , 0.98)
02/17/2020 02:28:31 PM,34 root INFO Epoch: 66
02/17/2020 02:28:35 PM,841 root INFO Loss = tensor([19.7459])
02/17/2020 02:28:55 PM,38 root INFO Loss = tensor([16.6029])
02/17/2020 02:29:09 PM,771 root INFO Loss = tensor([16.3084])
02/17/2020 02:29:26 PM,217 root INFO Loss = tensor([15.3333])
02/17/2020 02:29:39 PM,452 root INFO Loss = tensor([18.6919])
02/17/2020 02:29:48 PM,40 root INFO Validation All-nodes accuracy:0.82(best:0.83)
02/17/2020 02:29:48 PM,41 root INFO Validation Root accuracy:0.84(best:0.86)
02/17/2020 02:29:48 PM,41 root INFO F1:[0.92, 0.8](best:1.0 , 1.0)
02/17/2020 02:30:03 PM,920 root INFO Training All-nodes accuracy:0.86(best:0.86)
02/17/2020 02:30:03 PM,921 root INFO Training Root accuracy:0.97(best:0.97)
02/17/2020 02:30:03 PM,921 root INFO Training F1:[0.99, 0.97](best:0.99 , 0.98)
02/17/2020 02:30:03 PM,923 root INFO Epoch: 67
02/17/2020 02:30:09 PM,520 root INFO Loss = tensor([13.6285])
02/17/2020 02:30:35 PM,114 root INFO Loss = tensor([17.9786])
02/17/2020 02:30:50 PM,449 root INFO Loss = tensor([18.1080])
02/17/2020 02:31:05 PM,464 root INFO Loss = tensor([20.7663])
02/17/2020 02:31:18 PM,970 root INFO Loss = tensor([18.3295])
02/17/2020 02:31:29 PM,61 root INFO Validation All-nodes accuracy:0.8(best:0.83)
02/17/2020 02:31:29 PM,62 root INFO Validation Root accuracy:0.83(best:0.86)
02/17/2020 02:31:29 PM,62 root INFO F1:[0.92, 0.67](best:1.0 , 1.0)
02/17/2020 02:31:45 PM,474 root INFO Training All-nodes accuracy:0.86(best:0.86)
02/17/2020 02:31:45 PM,474 root INFO Training Root accuracy:0.97(best:0.97)
02/17/2020 02:31:45 PM,474 root INFO Training F1:[0.99, 0.94](best:0.99 , 0.98)
02/17/2020 02:31:45 PM,476 root INFO Epoch: 68
02/17/2020 02:31:48 PM,974 root INFO Loss = tensor([17.8443])
02/17/2020 02:32:10 PM,842 root INFO Loss = tensor([19.0529])
02/17/2020 02:32:26 PM,172 root INFO Loss = tensor([17.0537])
02/17/2020 02:32:41 PM,362 root INFO Loss = tensor([15.8234])
02/17/2020 02:32:54 PM,424 root INFO Loss = tensor([15.8778])
02/17/2020 02:33:02 PM,666 root INFO Validation All-nodes accuracy:0.81(best:0.83)
02/17/2020 02:33:02 PM,666 root INFO Validation Root accuracy:0.83(best:0.86)
02/17/2020 02:33:02 PM,666 root INFO F1:[0.91, 0.67](best:1.0 , 1.0)
02/17/2020 02:33:19 PM,47 root INFO Training All-nodes accuracy:0.86(best:0.86)
02/17/2020 02:33:19 PM,48 root INFO Training Root accuracy:0.98(best:0.98)
02/17/2020 02:33:19 PM,48 root INFO Training F1:[0.99, 0.97](best:0.99 , 0.98)
02/17/2020 02:33:19 PM,50 root INFO Epoch: 69
02/17/2020 02:33:22 PM,668 root INFO Loss = tensor([15.5831])
02/17/2020 02:33:40 PM,498 root INFO Loss = tensor([16.1989])
02/17/2020 02:33:55 PM,958 root INFO Loss = tensor([15.5296])
02/17/2020 02:34:11 PM,953 root INFO Loss = tensor([16.6726])
02/17/2020 02:34:24 PM,863 root INFO Loss = tensor([20.6654])
02/17/2020 02:34:33 PM,621 root INFO Validation All-nodes accuracy:0.79(best:0.83)
02/17/2020 02:34:33 PM,623 root INFO Validation Root accuracy:0.74(best:0.86)
02/17/2020 02:34:33 PM,623 root INFO F1:[0.91, 0.38](best:1.0 , 1.0)
02/17/2020 02:34:53 PM,330 root INFO Training All-nodes accuracy:0.86(best:0.86)
02/17/2020 02:34:53 PM,331 root INFO Training Root accuracy:0.95(best:0.98)
02/17/2020 02:34:53 PM,331 root INFO Training F1:[1.0, 0.89](best:1.0 , 0.98)
02/17/2020 02:34:53 PM,333 root INFO Epoch: 70
02/17/2020 02:34:57 PM,894 root INFO Loss = tensor([17.3474])
02/17/2020 02:35:17 PM,968 root INFO Loss = tensor([17.0711])
02/17/2020 02:35:36 PM,387 root INFO Loss = tensor([13.6152])
02/17/2020 02:35:54 PM,714 root INFO Loss = tensor([16.4180])
02/17/2020 02:36:08 PM,409 root INFO Loss = tensor([20.6233])
02/17/2020 02:36:16 PM,547 root INFO Validation All-nodes accuracy:0.81(best:0.83)
02/17/2020 02:36:16 PM,547 root INFO Validation Root accuracy:0.85(best:0.86)
02/17/2020 02:36:16 PM,548 root INFO F1:[0.92, 1.0](best:1.0 , 1.0)
02/17/2020 02:36:34 PM,187 root INFO Training All-nodes accuracy:0.87(best:0.87)
02/17/2020 02:36:34 PM,187 root INFO Training Root accuracy:0.98(best:0.98)
02/17/2020 02:36:34 PM,187 root INFO Training F1:[0.99, 0.98](best:1.0 , 0.98)
02/17/2020 02:36:34 PM,190 root INFO Epoch: 71
02/17/2020 02:36:37 PM,594 root INFO Loss = tensor([14.3641])
02/17/2020 02:37:09 PM,478 root INFO Loss = tensor([17.1390])
02/17/2020 02:37:35 PM,767 root INFO Loss = tensor([18.4667])
02/17/2020 02:37:51 PM,962 root INFO Loss = tensor([17.7126])
02/17/2020 02:38:05 PM,913 root INFO Loss = tensor([20.3572])
02/17/2020 02:38:16 PM,73 root INFO Validation All-nodes accuracy:0.8(best:0.83)
02/17/2020 02:38:16 PM,74 root INFO Validation Root accuracy:0.84(best:0.86)
02/17/2020 02:38:16 PM,74 root INFO F1:[0.92, 0.73](best:1.0 , 1.0)
02/17/2020 02:38:46 PM,876 root INFO Training All-nodes accuracy:0.87(best:0.87)
02/17/2020 02:38:46 PM,876 root INFO Training Root accuracy:0.98(best:0.98)
02/17/2020 02:38:46 PM,876 root INFO Training F1:[0.99, 0.96](best:1.0 , 0.98)
02/17/2020 02:38:46 PM,879 root INFO Epoch: 72
02/17/2020 02:38:50 PM,848 root INFO Loss = tensor([17.7936])
02/17/2020 02:39:14 PM,346 root INFO Loss = tensor([14.7460])
02/17/2020 02:39:30 PM,820 root INFO Loss = tensor([19.3811])
02/17/2020 02:39:47 PM,212 root INFO Loss = tensor([15.5076])
02/17/2020 02:40:00 PM,699 root INFO Loss = tensor([18.9441])
02/17/2020 02:40:15 PM,265 root INFO Validation All-nodes accuracy:0.81(best:0.83)
02/17/2020 02:40:15 PM,267 root INFO Validation Root accuracy:0.85(best:0.86)
02/17/2020 02:40:15 PM,267 root INFO F1:[0.92, 0.86](best:1.0 , 1.0)
02/17/2020 02:40:33 PM,542 root INFO Training All-nodes accuracy:0.87(best:0.87)
02/17/2020 02:40:33 PM,542 root INFO Training Root accuracy:0.98(best:0.98)
02/17/2020 02:40:33 PM,543 root INFO Training F1:[0.99, 0.98](best:1.0 , 0.98)
02/17/2020 02:40:33 PM,545 root INFO Epoch: 73
02/17/2020 02:40:37 PM,491 root INFO Loss = tensor([17.2019])
02/17/2020 02:40:51 PM,950 root INFO Loss = tensor([16.8119])
02/17/2020 02:41:07 PM,887 root INFO Loss = tensor([14.3419])
02/17/2020 02:41:22 PM,506 root INFO Loss = tensor([16.9734])
02/17/2020 02:41:33 PM,274 root INFO Loss = tensor([15.8142])
02/17/2020 02:41:40 PM,460 root INFO Validation All-nodes accuracy:0.8(best:0.83)
02/17/2020 02:41:40 PM,461 root INFO Validation Root accuracy:0.83(best:0.86)
02/17/2020 02:41:40 PM,461 root INFO F1:[0.92, 0.67](best:1.0 , 1.0)
02/17/2020 02:41:54 PM,648 root INFO Training All-nodes accuracy:0.87(best:0.87)
02/17/2020 02:41:54 PM,649 root INFO Training Root accuracy:0.98(best:0.98)
02/17/2020 02:41:54 PM,650 root INFO Training F1:[1.0, 0.95](best:1.0 , 0.98)
02/17/2020 02:41:54 PM,651 root INFO Epoch: 74
02/17/2020 02:41:57 PM,248 root INFO Loss = tensor([12.0575])
02/17/2020 02:42:11 PM,683 root INFO Loss = tensor([16.7815])
02/17/2020 02:42:25 PM,18 root INFO Loss = tensor([19.8672])
02/17/2020 02:42:36 PM,919 root INFO Loss = tensor([17.5312])
02/17/2020 02:42:47 PM,843 root INFO Loss = tensor([24.6468])
02/17/2020 02:42:54 PM,489 root INFO Validation All-nodes accuracy:0.8(best:0.83)
02/17/2020 02:42:54 PM,489 root INFO Validation Root accuracy:0.8(best:0.86)
02/17/2020 02:42:54 PM,489 root INFO F1:[0.92, 0.53](best:1.0 , 1.0)
02/17/2020 02:43:07 PM,931 root INFO Training All-nodes accuracy:0.87(best:0.87)
02/17/2020 02:43:07 PM,931 root INFO Training Root accuracy:0.97(best:0.98)
02/17/2020 02:43:07 PM,932 root INFO Training F1:[0.99, 0.94](best:1.0 , 0.98)
02/17/2020 02:43:07 PM,935 root INFO Epoch: 75
02/17/2020 02:43:10 PM,623 root INFO Loss = tensor([16.8672])
02/17/2020 02:43:30 PM,346 root INFO Loss = tensor([15.4110])
02/17/2020 02:43:44 PM,278 root INFO Loss = tensor([18.6963])
02/17/2020 02:44:00 PM,426 root INFO Loss = tensor([15.3638])
02/17/2020 02:44:11 PM,513 root INFO Loss = tensor([20.9248])
02/17/2020 02:44:18 PM,732 root INFO Validation All-nodes accuracy:0.81(best:0.83)
02/17/2020 02:44:18 PM,734 root INFO Validation Root accuracy:0.83(best:0.86)
02/17/2020 02:44:18 PM,734 root INFO F1:[0.92, 0.67](best:1.0 , 1.0)
02/17/2020 02:44:31 PM,278 root INFO Training All-nodes accuracy:0.87(best:0.87)
02/17/2020 02:44:31 PM,278 root INFO Training Root accuracy:0.99(best:0.99)
02/17/2020 02:44:31 PM,278 root INFO Training F1:[1.0, 0.98](best:1.0 , 0.98)
02/17/2020 02:44:31 PM,280 root INFO Epoch: 76
02/17/2020 02:44:34 PM,135 root INFO Loss = tensor([15.6498])
02/17/2020 02:44:48 PM,996 root INFO Loss = tensor([15.8590])
02/17/2020 02:45:01 PM,228 root INFO Loss = tensor([14.2929])
02/17/2020 02:45:12 PM,467 root INFO Loss = tensor([16.2405])
02/17/2020 02:45:27 PM,421 root INFO Loss = tensor([18.7546])
02/17/2020 02:45:35 PM,889 root INFO Validation All-nodes accuracy:0.81(best:0.83)
02/17/2020 02:45:35 PM,890 root INFO Validation Root accuracy:0.83(best:0.86)
02/17/2020 02:45:35 PM,890 root INFO F1:[0.91, 0.67](best:1.0 , 1.0)
02/17/2020 02:45:50 PM,183 root INFO Training All-nodes accuracy:0.87(best:0.87)
02/17/2020 02:45:50 PM,183 root INFO Training Root accuracy:0.99(best:0.99)
02/17/2020 02:45:50 PM,183 root INFO Training F1:[1.0, 0.98](best:1.0 , 0.98)
02/17/2020 02:45:50 PM,186 root INFO Epoch: 77
02/17/2020 02:45:52 PM,915 root INFO Loss = tensor([16.9111])
02/17/2020 02:46:07 PM,338 root INFO Loss = tensor([19.4688])
02/17/2020 02:46:18 PM,983 root INFO Loss = tensor([22.2222])
02/17/2020 02:46:30 PM,888 root INFO Loss = tensor([19.6502])
02/17/2020 02:46:41 PM,544 root INFO Loss = tensor([13.3147])
02/17/2020 02:46:48 PM,115 root INFO Validation All-nodes accuracy:0.8(best:0.83)
02/17/2020 02:46:48 PM,115 root INFO Validation Root accuracy:0.83(best:0.86)
02/17/2020 02:46:48 PM,116 root INFO F1:[0.92, 0.67](best:1.0 , 1.0)
02/17/2020 02:47:00 PM,707 root INFO Training All-nodes accuracy:0.87(best:0.87)
02/17/2020 02:47:00 PM,708 root INFO Training Root accuracy:0.97(best:0.99)
02/17/2020 02:47:00 PM,708 root INFO Training F1:[1.0, 0.94](best:1.0 , 0.98)
02/17/2020 02:47:00 PM,709 root INFO Epoch: 78
02/17/2020 02:47:03 PM,479 root INFO Loss = tensor([15.9784])
02/17/2020 02:47:18 PM,209 root INFO Loss = tensor([17.5532])
02/17/2020 02:47:30 PM,179 root INFO Loss = tensor([23.3778])
02/17/2020 02:47:41 PM,762 root INFO Loss = tensor([18.0514])
02/17/2020 02:47:53 PM,42 root INFO Loss = tensor([13.6968])
02/17/2020 02:48:01 PM,383 root INFO Validation All-nodes accuracy:0.82(best:0.83)
02/17/2020 02:48:01 PM,383 root INFO Validation Root accuracy:0.85(best:0.86)
02/17/2020 02:48:01 PM,383 root INFO F1:[0.92, 0.86](best:1.0 , 1.0)
02/17/2020 02:48:16 PM,419 root INFO Training All-nodes accuracy:0.87(best:0.87)
02/17/2020 02:48:16 PM,419 root INFO Training Root accuracy:0.98(best:0.99)
02/17/2020 02:48:16 PM,419 root INFO Training F1:[0.99, 0.99](best:1.0 , 0.99)
02/17/2020 02:48:16 PM,422 root INFO Epoch: 79
02/17/2020 02:48:19 PM,808 root INFO Loss = tensor([16.2935])
02/17/2020 02:48:37 PM,383 root INFO Loss = tensor([14.7465])
02/17/2020 02:48:51 PM,157 root INFO Loss = tensor([16.4660])
02/17/2020 02:49:03 PM,275 root INFO Loss = tensor([16.4899])
02/17/2020 02:49:14 PM,947 root INFO Loss = tensor([17.2158])
02/17/2020 02:49:22 PM,362 root INFO Validation All-nodes accuracy:0.81(best:0.83)
02/17/2020 02:49:22 PM,362 root INFO Validation Root accuracy:0.85(best:0.86)
02/17/2020 02:49:22 PM,362 root INFO F1:[0.92, 0.8](best:1.0 , 1.0)
02/17/2020 02:49:37 PM,962 root INFO Training All-nodes accuracy:0.87(best:0.87)
02/17/2020 02:49:37 PM,963 root INFO Training Root accuracy:0.99(best:0.99)
02/17/2020 02:49:37 PM,964 root INFO Training F1:[1.0, 0.98](best:1.0 , 0.99)
02/17/2020 02:49:37 PM,966 root INFO Epoch: 80
02/17/2020 02:49:40 PM,910 root INFO Loss = tensor([16.8673])
02/17/2020 02:50:00 PM,885 root INFO Loss = tensor([21.8379])
02/17/2020 02:50:12 PM,565 root INFO Loss = tensor([26.6416])
02/17/2020 02:50:25 PM,855 root INFO Loss = tensor([23.9043])
02/17/2020 02:50:37 PM,68 root INFO Loss = tensor([16.6649])
02/17/2020 02:50:45 PM,273 root INFO Validation All-nodes accuracy:0.78(best:0.83)
02/17/2020 02:50:45 PM,273 root INFO Validation Root accuracy:0.7(best:0.86)
02/17/2020 02:50:45 PM,273 root INFO F1:[0.93, 0.41](best:1.0 , 1.0)
02/17/2020 02:50:59 PM,291 root INFO Training All-nodes accuracy:0.85(best:0.87)
02/17/2020 02:50:59 PM,293 root INFO Training Root accuracy:0.91(best:0.99)
02/17/2020 02:50:59 PM,293 root INFO Training F1:[1.0, 0.79](best:1.0 , 0.99)
02/17/2020 02:50:59 PM,294 root INFO Epoch: 81
02/17/2020 02:51:02 PM,676 root INFO Loss = tensor([17.8134])
02/17/2020 02:51:20 PM,39 root INFO Loss = tensor([20.1902])
02/17/2020 02:51:32 PM,982 root INFO Loss = tensor([23.6963])
02/17/2020 02:51:47 PM,887 root INFO Loss = tensor([26.4298])
02/17/2020 02:52:00 PM,963 root INFO Loss = tensor([30.4894])
02/17/2020 02:52:09 PM,837 root INFO Validation All-nodes accuracy:0.83(best:0.83)
02/17/2020 02:52:09 PM,837 root INFO Validation Root accuracy:0.83(best:0.86)
02/17/2020 02:52:09 PM,837 root INFO F1:[0.91, 0.5](best:1.0 , 1.0)
02/17/2020 02:52:24 PM,985 root INFO Training All-nodes accuracy:0.83(best:0.87)
02/17/2020 02:52:24 PM,986 root INFO Training Root accuracy:0.83(best:0.99)
02/17/2020 02:52:24 PM,986 root INFO Training F1:[0.91, 0.99](best:1.0 , 0.99)
02/17/2020 02:52:24 PM,988 root INFO Epoch: 82
02/17/2020 02:52:27 PM,664 root INFO Loss = tensor([21.8580])
02/17/2020 02:52:43 PM,906 root INFO Loss = tensor([21.5119])
02/17/2020 02:52:56 PM,802 root INFO Loss = tensor([17.2832])
02/17/2020 02:53:11 PM,377 root INFO Loss = tensor([28.6409])
02/17/2020 02:53:21 PM,450 root INFO Loss = tensor([28.8138])
02/17/2020 02:53:28 PM,257 root INFO Validation All-nodes accuracy:0.73(best:0.83)
02/17/2020 02:53:28 PM,257 root INFO Validation Root accuracy:0.51(best:0.86)
02/17/2020 02:53:28 PM,257 root INFO F1:[0.92, 0.32](best:1.0 , 1.0)
02/17/2020 02:53:42 PM,697 root INFO Training All-nodes accuracy:0.81(best:0.87)
02/17/2020 02:53:42 PM,697 root INFO Training Root accuracy:0.71(best:0.99)
02/17/2020 02:53:42 PM,697 root INFO Training F1:[1.0, 0.54](best:1.0 , 0.99)
02/17/2020 02:53:42 PM,699 root INFO Epoch: 83
02/17/2020 02:53:47 PM,85 root INFO Loss = tensor([18.9569])
02/17/2020 02:54:02 PM,798 root INFO Loss = tensor([18.4298])
02/17/2020 02:54:16 PM,332 root INFO Loss = tensor([18.2378])
02/17/2020 02:54:29 PM,399 root INFO Loss = tensor([20.5671])
02/17/2020 02:54:40 PM,866 root INFO Loss = tensor([16.6895])
02/17/2020 02:54:47 PM,855 root INFO Validation All-nodes accuracy:0.81(best:0.83)
02/17/2020 02:54:47 PM,856 root INFO Validation Root accuracy:0.82(best:0.86)
02/17/2020 02:54:47 PM,857 root INFO F1:[0.91, 0.57](best:1.0 , 1.0)
02/17/2020 02:55:00 PM,867 root INFO Training All-nodes accuracy:0.86(best:0.87)
02/17/2020 02:55:00 PM,868 root INFO Training Root accuracy:0.95(best:0.99)
02/17/2020 02:55:00 PM,868 root INFO Training F1:[0.98, 0.96](best:1.0 , 0.99)
02/17/2020 02:55:00 PM,870 root INFO Epoch: 84
02/17/2020 02:55:03 PM,484 root INFO Loss = tensor([17.6285])
02/17/2020 02:55:18 PM,232 root INFO Loss = tensor([16.8089])
02/17/2020 02:55:32 PM,614 root INFO Loss = tensor([16.0162])
02/17/2020 02:55:45 PM,157 root INFO Loss = tensor([17.8017])
02/17/2020 02:55:55 PM,469 root INFO Loss = tensor([16.8192])
02/17/2020 02:56:01 PM,671 root INFO Validation All-nodes accuracy:0.81(best:0.83)
02/17/2020 02:56:01 PM,671 root INFO Validation Root accuracy:0.83(best:0.86)
02/17/2020 02:56:01 PM,671 root INFO F1:[0.93, 0.67](best:1.0 , 1.0)
02/17/2020 02:56:16 PM,66 root INFO Training All-nodes accuracy:0.87(best:0.87)
02/17/2020 02:56:16 PM,67 root INFO Training Root accuracy:0.98(best:0.99)
02/17/2020 02:56:16 PM,67 root INFO Training F1:[1.0, 0.96](best:1.0 , 0.99)
02/17/2020 02:56:16 PM,70 root INFO Epoch: 85
02/17/2020 02:56:18 PM,877 root INFO Loss = tensor([14.7721])
02/17/2020 02:56:34 PM,886 root INFO Loss = tensor([16.8345])
02/17/2020 02:56:47 PM,70 root INFO Loss = tensor([16.9344])
02/17/2020 02:56:58 PM,692 root INFO Loss = tensor([14.7329])
02/17/2020 02:57:08 PM,479 root INFO Loss = tensor([18.2079])
02/17/2020 02:57:15 PM,118 root INFO Validation All-nodes accuracy:0.81(best:0.83)
02/17/2020 02:57:15 PM,119 root INFO Validation Root accuracy:0.83(best:0.86)
02/17/2020 02:57:15 PM,119 root INFO F1:[0.92, 0.67](best:1.0 , 1.0)
02/17/2020 02:57:27 PM,902 root INFO Training All-nodes accuracy:0.87(best:0.87)
02/17/2020 02:57:27 PM,903 root INFO Training Root accuracy:0.98(best:0.99)
02/17/2020 02:57:27 PM,904 root INFO Training F1:[0.99, 0.97](best:1.0 , 0.99)
02/17/2020 02:57:27 PM,905 root INFO Epoch: 86
02/17/2020 02:57:30 PM,779 root INFO Loss = tensor([17.0948])
02/17/2020 02:57:45 PM,134 root INFO Loss = tensor([15.8598])
02/17/2020 02:57:57 PM,497 root INFO Loss = tensor([16.6286])
02/17/2020 02:58:09 PM,122 root INFO Loss = tensor([15.4362])
02/17/2020 02:58:19 PM,6 root INFO Loss = tensor([15.8750])
02/17/2020 02:58:25 PM,458 root INFO Validation All-nodes accuracy:0.81(best:0.83)
02/17/2020 02:58:25 PM,459 root INFO Validation Root accuracy:0.84(best:0.86)
02/17/2020 02:58:25 PM,459 root INFO F1:[0.92, 0.75](best:1.0 , 1.0)
02/17/2020 02:58:37 PM,781 root INFO Training All-nodes accuracy:0.87(best:0.87)
02/17/2020 02:58:37 PM,781 root INFO Training Root accuracy:0.98(best:0.99)
02/17/2020 02:58:37 PM,782 root INFO Training F1:[0.99, 0.98](best:1.0 , 0.99)
02/17/2020 02:58:37 PM,783 root INFO Epoch: 87
02/17/2020 02:58:40 PM,132 root INFO Loss = tensor([14.8884])
02/17/2020 02:58:54 PM,25 root INFO Loss = tensor([19.6591])
02/17/2020 02:59:05 PM,983 root INFO Loss = tensor([19.4067])
02/17/2020 02:59:18 PM,229 root INFO Loss = tensor([15.0326])
02/17/2020 02:59:28 PM,209 root INFO Loss = tensor([18.1443])
02/17/2020 02:59:34 PM,230 root INFO Validation All-nodes accuracy:0.82(best:0.83)
02/17/2020 02:59:34 PM,231 root INFO Validation Root accuracy:0.84(best:0.86)
02/17/2020 02:59:34 PM,231 root INFO F1:[0.92, 0.75](best:1.0 , 1.0)
02/17/2020 02:59:46 PM,403 root INFO Training All-nodes accuracy:0.87(best:0.87)
02/17/2020 02:59:46 PM,404 root INFO Training Root accuracy:0.98(best:0.99)
02/17/2020 02:59:46 PM,404 root INFO Training F1:[0.99, 0.99](best:1.0 , 0.99)
02/17/2020 02:59:46 PM,405 root INFO Epoch: 88
02/17/2020 02:59:48 PM,993 root INFO Loss = tensor([12.7952])
02/17/2020 03:00:02 PM,987 root INFO Loss = tensor([16.9954])
02/17/2020 03:00:14 PM,179 root INFO Loss = tensor([18.9641])
02/17/2020 03:00:25 PM,697 root INFO Loss = tensor([15.2464])
02/17/2020 03:00:37 PM,80 root INFO Loss = tensor([14.3618])
02/17/2020 03:00:46 PM,185 root INFO Validation All-nodes accuracy:0.81(best:0.83)
02/17/2020 03:00:46 PM,186 root INFO Validation Root accuracy:0.84(best:0.86)
02/17/2020 03:00:46 PM,186 root INFO F1:[0.92, 0.75](best:1.0 , 1.0)
02/17/2020 03:01:01 PM,724 root INFO Training All-nodes accuracy:0.87(best:0.87)
02/17/2020 03:01:01 PM,724 root INFO Training Root accuracy:0.99(best:0.99)
02/17/2020 03:01:01 PM,725 root INFO Training F1:[1.0, 0.98](best:1.0 , 0.99)
02/17/2020 03:01:01 PM,726 root INFO Epoch: 89
02/17/2020 03:01:05 PM,708 root INFO Loss = tensor([12.6156])
02/17/2020 03:01:23 PM,35 root INFO Loss = tensor([22.0571])
02/17/2020 03:01:36 PM,821 root INFO Loss = tensor([20.7369])
02/17/2020 03:01:50 PM,815 root INFO Loss = tensor([16.7961])
02/17/2020 03:02:01 PM,17 root INFO Loss = tensor([15.1425])
02/17/2020 03:02:07 PM,556 root INFO Validation All-nodes accuracy:0.82(best:0.83)
02/17/2020 03:02:07 PM,557 root INFO Validation Root accuracy:0.83(best:0.86)
02/17/2020 03:02:07 PM,558 root INFO F1:[0.91, 0.67](best:1.0 , 1.0)
02/17/2020 03:02:23 PM,88 root INFO Training All-nodes accuracy:0.87(best:0.87)
02/17/2020 03:02:23 PM,90 root INFO Training Root accuracy:0.99(best:0.99)
02/17/2020 03:02:23 PM,90 root INFO Training F1:[0.99, 0.99](best:1.0 , 0.99)
02/17/2020 03:02:23 PM,94 root INFO Epoch: 90
02/17/2020 03:02:26 PM,158 root INFO Loss = tensor([15.1361])
02/17/2020 03:02:44 PM,876 root INFO Loss = tensor([17.0042])
02/17/2020 03:02:59 PM,936 root INFO Loss = tensor([20.0345])
02/17/2020 03:03:14 PM,890 root INFO Loss = tensor([13.3102])
02/17/2020 03:03:27 PM,352 root INFO Loss = tensor([19.2693])
02/17/2020 03:03:35 PM,217 root INFO Validation All-nodes accuracy:0.81(best:0.83)
02/17/2020 03:03:35 PM,217 root INFO Validation Root accuracy:0.83(best:0.86)
02/17/2020 03:03:35 PM,217 root INFO F1:[0.91, 0.67](best:1.0 , 1.0)
02/17/2020 03:03:50 PM,767 root INFO Training All-nodes accuracy:0.87(best:0.87)
02/17/2020 03:03:50 PM,770 root INFO Training Root accuracy:0.99(best:0.99)
02/17/2020 03:03:50 PM,770 root INFO Training F1:[1.0, 0.98](best:1.0 , 0.99)
02/17/2020 03:03:50 PM,771 root INFO Epoch: 91
02/17/2020 03:03:53 PM,829 root INFO Loss = tensor([16.7446])
02/17/2020 03:04:10 PM,949 root INFO Loss = tensor([15.6549])
02/17/2020 03:04:25 PM,108 root INFO Loss = tensor([16.8652])
02/17/2020 03:04:38 PM,769 root INFO Loss = tensor([13.3796])
02/17/2020 03:04:50 PM,736 root INFO Loss = tensor([14.3747])
02/17/2020 03:04:57 PM,894 root INFO Validation All-nodes accuracy:0.81(best:0.83)
02/17/2020 03:04:57 PM,895 root INFO Validation Root accuracy:0.83(best:0.86)
02/17/2020 03:04:57 PM,895 root INFO F1:[0.91, 0.67](best:1.0 , 1.0)
02/17/2020 03:05:12 PM,671 root INFO Training All-nodes accuracy:0.87(best:0.87)
02/17/2020 03:05:12 PM,673 root INFO Training Root accuracy:0.99(best:0.99)
02/17/2020 03:05:12 PM,673 root INFO Training F1:[1.0, 0.98](best:1.0 , 0.99)
02/17/2020 03:05:12 PM,675 root INFO Epoch: 92
02/17/2020 03:05:16 PM,49 root INFO Loss = tensor([14.4363])
02/17/2020 03:05:34 PM,745 root INFO Loss = tensor([17.2531])
02/17/2020 03:05:50 PM,55 root INFO Loss = tensor([20.3138])
02/17/2020 03:06:07 PM,458 root INFO Loss = tensor([17.6162])
02/17/2020 03:06:20 PM,223 root INFO Loss = tensor([18.2896])
02/17/2020 03:06:26 PM,449 root INFO Validation All-nodes accuracy:0.81(best:0.83)
02/17/2020 03:06:26 PM,450 root INFO Validation Root accuracy:0.83(best:0.86)
02/17/2020 03:06:26 PM,450 root INFO F1:[0.91, 0.67](best:1.0 , 1.0)
02/17/2020 03:06:39 PM,299 root INFO Training All-nodes accuracy:0.87(best:0.87)
02/17/2020 03:06:39 PM,300 root INFO Training Root accuracy:0.99(best:0.99)
02/17/2020 03:06:39 PM,300 root INFO Training F1:[0.99, 0.99](best:1.0 , 0.99)
02/17/2020 03:06:39 PM,303 root INFO Epoch: 93
02/17/2020 03:06:41 PM,990 root INFO Loss = tensor([14.3948])
02/17/2020 03:06:56 PM,419 root INFO Loss = tensor([16.9340])
02/17/2020 03:07:07 PM,881 root INFO Loss = tensor([18.1000])
02/17/2020 03:07:19 PM,255 root INFO Loss = tensor([14.3791])
02/17/2020 03:07:29 PM,366 root INFO Loss = tensor([18.6342])
02/17/2020 03:07:35 PM,457 root INFO Validation All-nodes accuracy:0.81(best:0.83)
02/17/2020 03:07:35 PM,458 root INFO Validation Root accuracy:0.83(best:0.86)
02/17/2020 03:07:35 PM,458 root INFO F1:[0.91, 0.67](best:1.0 , 1.0)
02/17/2020 03:07:48 PM,841 root INFO Training All-nodes accuracy:0.87(best:0.87)
02/17/2020 03:07:48 PM,841 root INFO Training Root accuracy:0.99(best:0.99)
02/17/2020 03:07:48 PM,842 root INFO Training F1:[1.0, 0.99](best:1.0 , 0.99)
02/17/2020 03:07:48 PM,843 root INFO Epoch: 94
02/17/2020 03:07:51 PM,541 root INFO Loss = tensor([14.1201])
02/17/2020 03:08:06 PM,325 root INFO Loss = tensor([17.1840])
02/17/2020 03:08:18 PM,157 root INFO Loss = tensor([17.4568])
02/17/2020 03:08:29 PM,873 root INFO Loss = tensor([14.3025])
02/17/2020 03:08:39 PM,386 root INFO Loss = tensor([20.4570])
02/17/2020 03:08:45 PM,593 root INFO Validation All-nodes accuracy:0.8(best:0.83)
02/17/2020 03:08:45 PM,594 root INFO Validation Root accuracy:0.82(best:0.86)
02/17/2020 03:08:45 PM,594 root INFO F1:[0.91, 0.57](best:1.0 , 1.0)
02/17/2020 03:08:57 PM,685 root INFO Training All-nodes accuracy:0.87(best:0.87)
02/17/2020 03:08:57 PM,685 root INFO Training Root accuracy:0.99(best:0.99)
02/17/2020 03:08:57 PM,685 root INFO Training F1:[1.0, 0.98](best:1.0 , 0.99)
02/17/2020 03:08:57 PM,686 root INFO Epoch: 95
02/17/2020 03:09:00 PM,461 root INFO Loss = tensor([16.0958])
02/17/2020 03:09:14 PM,164 root INFO Loss = tensor([16.2355])
02/17/2020 03:09:25 PM,13 root INFO Loss = tensor([21.0698])
02/17/2020 03:09:36 PM,25 root INFO Loss = tensor([20.1245])
02/17/2020 03:09:47 PM,985 root INFO Loss = tensor([11.7276])
02/17/2020 03:09:54 PM,975 root INFO Validation All-nodes accuracy:0.82(best:0.83)
02/17/2020 03:09:54 PM,975 root INFO Validation Root accuracy:0.84(best:0.86)
02/17/2020 03:09:54 PM,975 root INFO F1:[0.92, 0.8](best:1.0 , 1.0)
02/17/2020 03:10:07 PM,482 root INFO Training All-nodes accuracy:0.87(best:0.87)
02/17/2020 03:10:07 PM,482 root INFO Training Root accuracy:0.98(best:0.99)
02/17/2020 03:10:07 PM,482 root INFO Training F1:[0.99, 0.99](best:1.0 , 0.99)
02/17/2020 03:10:07 PM,484 root INFO Epoch: 96
02/17/2020 03:10:10 PM,139 root INFO Loss = tensor([16.2208])
02/17/2020 03:10:24 PM,392 root INFO Loss = tensor([13.5804])
02/17/2020 03:10:35 PM,819 root INFO Loss = tensor([18.9804])
02/17/2020 03:10:49 PM,735 root INFO Loss = tensor([13.4124])
02/17/2020 03:11:00 PM,8 root INFO Loss = tensor([22.5382])
02/17/2020 03:11:07 PM,436 root INFO Validation All-nodes accuracy:0.82(best:0.83)
02/17/2020 03:11:07 PM,437 root INFO Validation Root accuracy:0.83(best:0.86)
02/17/2020 03:11:07 PM,437 root INFO F1:[0.92, 0.67](best:1.0 , 1.0)
02/17/2020 03:11:22 PM,144 root INFO Training All-nodes accuracy:0.87(best:0.87)
02/17/2020 03:11:22 PM,145 root INFO Training Root accuracy:0.99(best:0.99)
02/17/2020 03:11:22 PM,145 root INFO Training F1:[1.0, 0.99](best:1.0 , 0.99)
02/17/2020 03:11:22 PM,146 root INFO Epoch: 97
02/17/2020 03:11:25 PM,78 root INFO Loss = tensor([13.7481])
02/17/2020 03:11:41 PM,102 root INFO Loss = tensor([16.7879])
02/17/2020 03:11:54 PM,186 root INFO Loss = tensor([15.2587])
02/17/2020 03:12:08 PM,472 root INFO Loss = tensor([14.9554])
02/17/2020 03:12:21 PM,46 root INFO Loss = tensor([21.9973])
02/17/2020 03:12:27 PM,845 root INFO Validation All-nodes accuracy:0.81(best:0.83)
02/17/2020 03:12:27 PM,846 root INFO Validation Root accuracy:0.83(best:0.86)
02/17/2020 03:12:27 PM,846 root INFO F1:[0.92, 0.67](best:1.0 , 1.0)
02/17/2020 03:12:41 PM,792 root INFO Training All-nodes accuracy:0.87(best:0.87)
02/17/2020 03:12:41 PM,793 root INFO Training Root accuracy:0.99(best:0.99)
02/17/2020 03:12:41 PM,793 root INFO Training F1:[1.0, 0.98](best:1.0 , 0.99)
02/17/2020 03:12:41 PM,795 root INFO Epoch: 98
02/17/2020 03:12:44 PM,470 root INFO Loss = tensor([17.0668])
02/17/2020 03:12:58 PM,984 root INFO Loss = tensor([17.0927])
02/17/2020 03:13:10 PM,638 root INFO Loss = tensor([23.1507])
02/17/2020 03:13:23 PM,823 root INFO Loss = tensor([21.0905])
02/17/2020 03:13:36 PM,636 root INFO Loss = tensor([15.6298])
02/17/2020 03:13:42 PM,973 root INFO Validation All-nodes accuracy:0.83(best:0.83)
02/17/2020 03:13:42 PM,974 root INFO Validation Root accuracy:0.85(best:0.86)
02/17/2020 03:13:42 PM,974 root INFO F1:[0.92, 1.0](best:1.0 , 1.0)
02/17/2020 03:13:55 PM,508 root INFO Training All-nodes accuracy:0.86(best:0.87)
02/17/2020 03:13:55 PM,508 root INFO Training Root accuracy:0.93(best:0.99)
02/17/2020 03:13:55 PM,508 root INFO Training F1:[0.96, 0.98](best:1.0 , 0.99)
02/17/2020 03:13:55 PM,510 root INFO Epoch: 99
02/17/2020 03:13:58 PM,140 root INFO Loss = tensor([21.8749])
02/17/2020 03:14:12 PM,38 root INFO Loss = tensor([19.4917])
02/17/2020 03:14:23 PM,527 root INFO Loss = tensor([32.8097])
02/17/2020 03:14:36 PM,64 root INFO Loss = tensor([33.4734])
02/17/2020 03:14:48 PM,7 root INFO Loss = tensor([31.7013])
02/17/2020 03:14:55 PM,103 root INFO Validation All-nodes accuracy:0.67(best:0.83)
02/17/2020 03:14:55 PM,104 root INFO Validation Root accuracy:0.34(best:0.86)
02/17/2020 03:14:55 PM,104 root INFO F1:[0.95, 0.32](best:1.0 , 1.0)
02/17/2020 03:15:07 PM,605 root INFO Training All-nodes accuracy:0.72(best:0.87)
02/17/2020 03:15:07 PM,605 root INFO Training Root accuracy:0.43(best:0.99)
02/17/2020 03:15:07 PM,605 root INFO Training F1:[1.0, 0.38](best:1.0 , 0.99)
