02/24/2020 05:38:12 PM,810 gensim.utils INFO loading Word2VecKeyedVectors object from /Users/navreetkaur/MTP/finetune-word2vec/w2v-models/tech-word2vec
02/24/2020 05:38:13 PM,15 gensim.utils INFO setting ignored attribute vectors_norm to None
02/24/2020 05:38:13 PM,15 gensim.utils INFO loaded /Users/navreetkaur/MTP/finetune-word2vec/w2v-models/tech-word2vec
02/24/2020 05:41:23 PM,721 gensim.utils INFO loading Word2VecKeyedVectors object from Users/navreetkaur/MTP/finetune-word2vec/w2v-models/tech-word2vec-blackout
02/24/2020 05:42:04 PM,134 gensim.utils INFO loading Word2VecKeyedVectors object from /Users/navreetkaur/MTP/finetune-word2vec/w2v-models/tech-word2vec-blackout
02/24/2020 05:42:04 PM,319 gensim.utils INFO setting ignored attribute vectors_norm to None
02/24/2020 05:42:04 PM,319 gensim.utils INFO loaded /Users/navreetkaur/MTP/finetune-word2vec/w2v-models/tech-word2vec-blackout
02/24/2020 05:42:04 PM,322 gensim.models.utils_any2vec INFO loading projection weights from /Users/navreetkaur/MTP/finetune-word2vec/w2v-models/GoogleNews-vectors-negative300.bin
02/24/2020 05:43:22 PM,891 gensim.models.utils_any2vec INFO loaded (3000000, 300) matrix from /Users/navreetkaur/MTP/finetune-word2vec/w2v-models/GoogleNews-vectors-negative300.bin
02/25/2020 04:40:54 AM,854 root INFO Start logging
02/25/2020 04:40:55 AM,38 root INFO Epoch: 0
02/25/2020 04:40:56 AM,945 root INFO Loss = tensor([31.2967])
02/25/2020 04:41:06 AM,95 root INFO Loss = tensor([29.4968])
02/25/2020 04:41:16 AM,97 root INFO Loss = tensor([30.2980])
02/25/2020 04:41:25 AM,28 root INFO Loss = tensor([30.9681])
02/25/2020 04:41:33 AM,54 root INFO Loss = tensor([29.2682])
02/25/2020 04:41:40 AM,746 root INFO Loss = tensor([30.4932])
02/25/2020 04:41:48 AM,539 root INFO Loss = tensor([31.0668])
02/25/2020 04:41:55 AM,309 root INFO Loss = tensor([30.2608])
02/25/2020 04:41:59 AM,111 root INFO Validation All-nodes accuracy:0.53(best:0.53)
02/25/2020 04:41:59 AM,111 root INFO Validation Root accuracy:0.47(best:0.47)
02/25/2020 04:41:59 AM,111 root INFO F1:[0.9, 0.27](best:0.9 , 0.27)
02/25/2020 04:42:12 AM,177 root INFO Training All-nodes accuracy:0.5(best:0.5)
02/25/2020 04:42:12 AM,177 root INFO Training Root accuracy:0.53(best:0.53)
02/25/2020 04:42:12 AM,178 root INFO Training F1:[0.69, 0.7](best:0.69 , 0.7)
02/25/2020 04:42:12 AM,179 root INFO Epoch: 1
02/25/2020 04:42:14 AM,12 root INFO Loss = tensor([32.4902])
02/25/2020 04:42:22 AM,359 root INFO Loss = tensor([30.2777])
02/25/2020 04:42:30 AM,253 root INFO Loss = tensor([30.7658])
02/25/2020 04:42:38 AM,72 root INFO Loss = tensor([29.9229])
02/25/2020 04:42:46 AM,229 root INFO Loss = tensor([29.8690])
02/25/2020 04:42:54 AM,158 root INFO Loss = tensor([29.3096])
02/25/2020 04:43:01 AM,794 root INFO Loss = tensor([29.7846])
02/25/2020 04:43:08 AM,510 root INFO Loss = tensor([30.8669])
02/25/2020 04:43:12 AM,467 root INFO Validation All-nodes accuracy:0.28(best:0.53)
02/25/2020 04:43:12 AM,467 root INFO Validation Root accuracy:0.19(best:0.47)
02/25/2020 04:43:12 AM,467 root INFO F1:[1.0, 0.3](best:1.0 , 0.3)
02/25/2020 04:43:25 AM,842 root INFO Training All-nodes accuracy:0.51(best:0.51)
02/25/2020 04:43:25 AM,843 root INFO Training Root accuracy:0.51(best:0.53)
02/25/2020 04:43:25 AM,843 root INFO Training F1:[1.0, 0.67](best:1.0 , 0.7)
02/25/2020 04:43:25 AM,845 root INFO Epoch: 2
02/25/2020 04:43:27 AM,508 root INFO Loss = tensor([29.7770])
02/25/2020 04:43:35 AM,343 root INFO Loss = tensor([29.5398])
02/25/2020 04:43:43 AM,214 root INFO Loss = tensor([30.4124])
02/25/2020 04:43:51 AM,205 root INFO Loss = tensor([30.4904])
02/25/2020 04:43:59 AM,422 root INFO Loss = tensor([32.6040])
02/25/2020 04:44:07 AM,881 root INFO Loss = tensor([30.5477])
02/25/2020 04:44:15 AM,853 root INFO Loss = tensor([29.6996])
02/25/2020 04:44:22 AM,485 root INFO Loss = tensor([30.9736])
02/25/2020 04:44:26 AM,454 root INFO Validation All-nodes accuracy:0.33(best:0.53)
02/25/2020 04:44:26 AM,455 root INFO Validation Root accuracy:0.27(best:0.47)
02/25/2020 04:44:26 AM,455 root INFO F1:[0.86, 0.26](best:1.0 , 0.3)
02/25/2020 04:44:39 AM,937 root INFO Training All-nodes accuracy:0.53(best:0.53)
02/25/2020 04:44:39 AM,938 root INFO Training Root accuracy:0.56(best:0.56)
02/25/2020 04:44:39 AM,938 root INFO Training F1:[0.8, 0.7](best:1.0 , 0.7)
02/25/2020 04:44:39 AM,940 root INFO Epoch: 3
02/25/2020 04:44:41 AM,638 root INFO Loss = tensor([29.8421])
02/25/2020 04:44:49 AM,669 root INFO Loss = tensor([30.7685])
02/25/2020 04:44:58 AM,225 root INFO Loss = tensor([30.2504])
02/25/2020 04:45:06 AM,317 root INFO Loss = tensor([30.9441])
02/25/2020 04:45:14 AM,495 root INFO Loss = tensor([30.1062])
02/25/2020 04:45:22 AM,692 root INFO Loss = tensor([30.3339])
02/25/2020 04:45:30 AM,874 root INFO Loss = tensor([28.8721])
02/25/2020 04:45:37 AM,674 root INFO Loss = tensor([32.8311])
02/25/2020 04:45:41 AM,727 root INFO Validation All-nodes accuracy:0.66(best:0.66)
02/25/2020 04:45:41 AM,728 root INFO Validation Root accuracy:0.58(best:0.58)
02/25/2020 04:45:41 AM,728 root INFO F1:[0.89, 0.18](best:1.0 , 0.3)
02/25/2020 04:45:55 AM,128 root INFO Training All-nodes accuracy:0.55(best:0.55)
02/25/2020 04:45:55 AM,128 root INFO Training Root accuracy:0.56(best:0.56)
02/25/2020 04:45:55 AM,129 root INFO Training F1:[0.7, 0.74](best:1.0 , 0.74)
02/25/2020 04:45:55 AM,130 root INFO Epoch: 4
02/25/2020 04:45:56 AM,827 root INFO Loss = tensor([29.1619])
02/25/2020 04:46:04 AM,811 root INFO Loss = tensor([30.4852])
02/25/2020 04:46:13 AM,176 root INFO Loss = tensor([30.6438])
02/25/2020 04:46:21 AM,410 root INFO Loss = tensor([29.3360])
02/25/2020 04:46:29 AM,507 root INFO Loss = tensor([30.3517])
02/25/2020 04:46:37 AM,899 root INFO Loss = tensor([30.0707])
02/25/2020 04:46:46 AM,140 root INFO Loss = tensor([31.1625])
02/25/2020 04:46:53 AM,531 root INFO Loss = tensor([30.8336])
02/25/2020 04:46:57 AM,733 root INFO Validation All-nodes accuracy:0.27(best:0.66)
02/25/2020 04:46:57 AM,733 root INFO Validation Root accuracy:0.35(best:0.58)
02/25/2020 04:46:57 AM,734 root INFO F1:[1.0, 0.35](best:1.0 , 0.35)
02/25/2020 04:47:11 AM,23 root INFO Training All-nodes accuracy:0.54(best:0.55)
02/25/2020 04:47:11 AM,24 root INFO Training Root accuracy:0.57(best:0.57)
02/25/2020 04:47:11 AM,24 root INFO Training F1:[0.82, 0.71](best:1.0 , 0.74)
02/25/2020 04:47:11 AM,26 root INFO Epoch: 5
02/25/2020 04:47:12 AM,764 root INFO Loss = tensor([29.2605])
02/25/2020 04:47:21 AM,114 root INFO Loss = tensor([30.6671])
02/25/2020 04:47:29 AM,942 root INFO Loss = tensor([30.4072])
02/25/2020 04:47:40 AM,144 root INFO Loss = tensor([29.5775])
02/25/2020 04:47:48 AM,754 root INFO Loss = tensor([28.3411])
02/25/2020 04:47:57 AM,54 root INFO Loss = tensor([29.9383])
02/25/2020 04:48:06 AM,209 root INFO Loss = tensor([29.6425])
02/25/2020 04:48:14 AM,254 root INFO Loss = tensor([26.6355])
02/25/2020 04:48:18 AM,384 root INFO Validation All-nodes accuracy:0.73(best:0.73)
02/25/2020 04:48:18 AM,384 root INFO Validation Root accuracy:0.69(best:0.69)
02/25/2020 04:48:18 AM,384 root INFO F1:[0.94, 0.45](best:1.0 , 0.45)
02/25/2020 04:48:32 AM,922 root INFO Training All-nodes accuracy:0.57(best:0.57)
02/25/2020 04:48:32 AM,922 root INFO Training Root accuracy:0.74(best:0.74)
02/25/2020 04:48:32 AM,922 root INFO Training F1:[0.84, 0.87](best:1.0 , 0.87)
02/25/2020 04:48:32 AM,925 root INFO Epoch: 6
02/25/2020 04:48:34 AM,943 root INFO Loss = tensor([29.1740])
02/25/2020 04:48:44 AM,627 root INFO Loss = tensor([32.0418])
02/25/2020 04:48:54 AM,863 root INFO Loss = tensor([34.3220])
02/25/2020 04:49:04 AM,238 root INFO Loss = tensor([31.3060])
02/25/2020 04:49:13 AM,78 root INFO Loss = tensor([29.3662])
02/25/2020 04:49:21 AM,530 root INFO Loss = tensor([28.1949])
02/25/2020 04:49:29 AM,620 root INFO Loss = tensor([27.0986])
02/25/2020 04:49:36 AM,410 root INFO Loss = tensor([29.6936])
02/25/2020 04:49:40 AM,613 root INFO Validation All-nodes accuracy:0.67(best:0.73)
02/25/2020 04:49:40 AM,613 root INFO Validation Root accuracy:0.8(best:0.8)
02/25/2020 04:49:40 AM,613 root INFO F1:[0.92, 0.5](best:1.0 , 0.5)
02/25/2020 04:49:55 AM,246 root INFO Training All-nodes accuracy:0.59(best:0.59)
02/25/2020 04:49:55 AM,247 root INFO Training Root accuracy:0.7(best:0.74)
02/25/2020 04:49:55 AM,247 root INFO Training F1:[0.78, 0.93](best:1.0 , 0.93)
02/25/2020 04:49:55 AM,248 root INFO Epoch: 7
02/25/2020 04:49:57 AM,12 root INFO Loss = tensor([28.0093])
02/25/2020 04:50:06 AM,205 root INFO Loss = tensor([29.0551])
02/25/2020 04:50:15 AM,115 root INFO Loss = tensor([29.1084])
02/25/2020 04:50:23 AM,932 root INFO Loss = tensor([28.0641])
02/25/2020 04:50:32 AM,449 root INFO Loss = tensor([30.1795])
02/25/2020 04:50:41 AM,104 root INFO Loss = tensor([30.7022])
02/25/2020 04:50:49 AM,636 root INFO Loss = tensor([32.4902])
02/25/2020 04:50:57 AM,565 root INFO Loss = tensor([28.1650])
02/25/2020 04:51:01 AM,804 root INFO Validation All-nodes accuracy:0.71(best:0.73)
02/25/2020 04:51:01 AM,805 root INFO Validation Root accuracy:0.64(best:0.8)
02/25/2020 04:51:01 AM,805 root INFO F1:[0.94, 0.41](best:1.0 , 0.5)
02/25/2020 04:51:15 AM,785 root INFO Training All-nodes accuracy:0.6(best:0.6)
02/25/2020 04:51:15 AM,785 root INFO Training Root accuracy:0.81(best:0.81)
02/25/2020 04:51:15 AM,785 root INFO Training F1:[0.92, 0.88](best:1.0 , 0.93)
02/25/2020 04:51:15 AM,786 root INFO Epoch: 8
02/25/2020 04:51:17 AM,669 root INFO Loss = tensor([29.3395])
02/25/2020 04:51:26 AM,787 root INFO Loss = tensor([28.5455])
02/25/2020 04:51:35 AM,517 root INFO Loss = tensor([27.5215])
02/25/2020 04:51:44 AM,232 root INFO Loss = tensor([27.7105])
02/25/2020 04:51:52 AM,634 root INFO Loss = tensor([28.3514])
02/25/2020 04:52:01 AM,469 root INFO Loss = tensor([29.1762])
02/25/2020 04:52:10 AM,151 root INFO Loss = tensor([27.6679])
02/25/2020 04:52:17 AM,485 root INFO Loss = tensor([27.2690])
02/25/2020 04:52:21 AM,575 root INFO Validation All-nodes accuracy:0.56(best:0.73)
02/25/2020 04:52:21 AM,576 root INFO Validation Root accuracy:0.62(best:0.8)
02/25/2020 04:52:21 AM,576 root INFO F1:[0.93, 0.38](best:1.0 , 0.5)
02/25/2020 04:52:35 AM,378 root INFO Training All-nodes accuracy:0.63(best:0.63)
02/25/2020 04:52:35 AM,378 root INFO Training Root accuracy:0.84(best:0.84)
02/25/2020 04:52:35 AM,378 root INFO Training F1:[0.97, 0.88](best:1.0 , 0.93)
02/25/2020 04:52:35 AM,380 root INFO Epoch: 9
02/25/2020 04:52:37 AM,280 root INFO Loss = tensor([27.8684])
02/25/2020 04:52:46 AM,477 root INFO Loss = tensor([29.0507])
02/25/2020 04:52:55 AM,741 root INFO Loss = tensor([27.4646])
02/25/2020 04:53:04 AM,355 root INFO Loss = tensor([28.5600])
02/25/2020 04:53:13 AM,150 root INFO Loss = tensor([28.3059])
02/25/2020 04:53:21 AM,651 root INFO Loss = tensor([27.1328])
02/25/2020 04:53:30 AM,349 root INFO Loss = tensor([25.8239])
02/25/2020 04:53:37 AM,554 root INFO Loss = tensor([26.4435])
02/25/2020 04:53:41 AM,667 root INFO Validation All-nodes accuracy:0.58(best:0.73)
02/25/2020 04:53:41 AM,667 root INFO Validation Root accuracy:0.76(best:0.8)
02/25/2020 04:53:41 AM,667 root INFO F1:[0.94, 0.52](best:1.0 , 0.52)
02/25/2020 04:53:55 AM,628 root INFO Training All-nodes accuracy:0.65(best:0.65)
02/25/2020 04:53:55 AM,629 root INFO Training Root accuracy:0.86(best:0.86)
02/25/2020 04:53:55 AM,629 root INFO Training F1:[0.93, 0.92](best:1.0 , 0.93)
02/25/2020 04:53:55 AM,630 root INFO Epoch: 10
02/25/2020 04:53:57 AM,513 root INFO Loss = tensor([27.4754])
02/25/2020 04:54:06 AM,816 root INFO Loss = tensor([26.8989])
02/25/2020 04:54:15 AM,769 root INFO Loss = tensor([28.0379])
02/25/2020 04:54:24 AM,552 root INFO Loss = tensor([28.5371])
02/25/2020 04:54:33 AM,277 root INFO Loss = tensor([27.0746])
02/25/2020 04:54:42 AM,190 root INFO Loss = tensor([28.3602])
02/25/2020 04:54:50 AM,904 root INFO Loss = tensor([25.1175])
02/25/2020 04:54:57 AM,878 root INFO Loss = tensor([25.9545])
02/25/2020 04:55:02 AM,329 root INFO Validation All-nodes accuracy:0.51(best:0.73)
02/25/2020 04:55:02 AM,329 root INFO Validation Root accuracy:0.67(best:0.8)
02/25/2020 04:55:02 AM,329 root INFO F1:[0.93, 0.4](best:1.0 , 0.52)
02/25/2020 04:55:16 AM,613 root INFO Training All-nodes accuracy:0.65(best:0.65)
02/25/2020 04:55:16 AM,613 root INFO Training Root accuracy:0.91(best:0.91)
02/25/2020 04:55:16 AM,614 root INFO Training F1:[0.98, 0.93](best:1.0 , 0.93)
02/25/2020 04:55:16 AM,615 root INFO Epoch: 11
02/25/2020 04:55:18 AM,330 root INFO Loss = tensor([24.5890])
02/25/2020 04:55:27 AM,114 root INFO Loss = tensor([34.9192])
02/25/2020 04:55:36 AM,466 root INFO Loss = tensor([32.7947])
02/25/2020 04:55:45 AM,359 root INFO Loss = tensor([31.9766])
02/25/2020 04:55:54 AM,173 root INFO Loss = tensor([29.7646])
02/25/2020 04:56:03 AM,284 root INFO Loss = tensor([28.5632])
02/25/2020 04:56:12 AM,214 root INFO Loss = tensor([29.2247])
02/25/2020 04:56:19 AM,392 root INFO Loss = tensor([29.5332])
02/25/2020 04:56:23 AM,617 root INFO Validation All-nodes accuracy:0.43(best:0.73)
02/25/2020 04:56:23 AM,617 root INFO Validation Root accuracy:0.8(best:0.8)
02/25/2020 04:56:23 AM,617 root INFO F1:[0.9, 0.01](best:1.0 , 0.52)
02/25/2020 04:56:37 AM,735 root INFO Training All-nodes accuracy:0.59(best:0.65)
02/25/2020 04:56:37 AM,736 root INFO Training Root accuracy:0.61(best:0.91)
02/25/2020 04:56:37 AM,736 root INFO Training F1:[0.72, 0.96](best:1.0 , 0.96)
02/25/2020 04:56:37 AM,738 root INFO Epoch: 12
02/25/2020 04:56:39 AM,712 root INFO Loss = tensor([29.5633])
02/25/2020 04:56:49 AM,55 root INFO Loss = tensor([27.7920])
02/25/2020 04:56:57 AM,880 root INFO Loss = tensor([28.8469])
02/25/2020 04:57:07 AM,243 root INFO Loss = tensor([28.0062])
02/25/2020 04:57:15 AM,793 root INFO Loss = tensor([27.9710])
02/25/2020 04:57:24 AM,556 root INFO Loss = tensor([27.8148])
02/25/2020 04:57:33 AM,458 root INFO Loss = tensor([30.6310])
02/25/2020 04:57:41 AM,164 root INFO Loss = tensor([29.3077])
02/25/2020 04:57:45 AM,481 root INFO Validation All-nodes accuracy:0.46(best:0.73)
02/25/2020 04:57:45 AM,482 root INFO Validation Root accuracy:0.83(best:0.83)
02/25/2020 04:57:45 AM,482 root INFO F1:[0.91, 0.67](best:1.0 , 0.67)
02/25/2020 04:57:59 AM,667 root INFO Training All-nodes accuracy:0.63(best:0.65)
02/25/2020 04:57:59 AM,668 root INFO Training Root accuracy:0.83(best:0.91)
02/25/2020 04:57:59 AM,668 root INFO Training F1:[0.87, 0.97](best:1.0 , 0.97)
02/25/2020 04:57:59 AM,670 root INFO Epoch: 13
02/25/2020 04:58:01 AM,578 root INFO Loss = tensor([28.0597])
02/25/2020 04:58:10 AM,990 root INFO Loss = tensor([26.2178])
02/25/2020 04:58:19 AM,564 root INFO Loss = tensor([27.1805])
02/25/2020 04:58:28 AM,504 root INFO Loss = tensor([26.5365])
02/25/2020 04:58:37 AM,778 root INFO Loss = tensor([27.8703])
02/25/2020 04:58:46 AM,891 root INFO Loss = tensor([26.8669])
02/25/2020 04:58:55 AM,986 root INFO Loss = tensor([28.2975])
02/25/2020 04:59:03 AM,864 root INFO Loss = tensor([26.0672])
02/25/2020 04:59:08 AM,108 root INFO Validation All-nodes accuracy:0.51(best:0.73)
02/25/2020 04:59:08 AM,108 root INFO Validation Root accuracy:0.72(best:0.83)
02/25/2020 04:59:08 AM,108 root INFO F1:[0.91, 0.35](best:1.0 , 0.67)
02/25/2020 04:59:22 AM,215 root INFO Training All-nodes accuracy:0.66(best:0.66)
02/25/2020 04:59:22 AM,215 root INFO Training Root accuracy:0.87(best:0.91)
02/25/2020 04:59:22 AM,215 root INFO Training F1:[0.95, 0.92](best:1.0 , 0.97)
02/25/2020 04:59:22 AM,217 root INFO Epoch: 14
02/25/2020 04:59:24 AM,23 root INFO Loss = tensor([25.1493])
02/25/2020 04:59:33 AM,84 root INFO Loss = tensor([28.0718])
02/25/2020 04:59:42 AM,286 root INFO Loss = tensor([34.7199])
02/25/2020 04:59:51 AM,966 root INFO Loss = tensor([34.7771])
02/25/2020 05:00:01 AM,127 root INFO Loss = tensor([30.5122])
02/25/2020 05:00:09 AM,612 root INFO Loss = tensor([26.2354])
02/25/2020 05:00:18 AM,742 root INFO Loss = tensor([30.1344])
02/25/2020 05:00:26 AM,680 root INFO Loss = tensor([27.8010])
02/25/2020 05:00:30 AM,996 root INFO Validation All-nodes accuracy:0.54(best:0.73)
02/25/2020 05:00:30 AM,996 root INFO Validation Root accuracy:0.78(best:0.83)
02/25/2020 05:00:30 AM,997 root INFO F1:[0.91, 0.43](best:1.0 , 0.67)
02/25/2020 05:00:45 AM,396 root INFO Training All-nodes accuracy:0.65(best:0.66)
02/25/2020 05:00:45 AM,396 root INFO Training Root accuracy:0.88(best:0.91)
02/25/2020 05:00:45 AM,397 root INFO Training F1:[0.92, 0.95](best:1.0 , 0.97)
02/25/2020 05:00:45 AM,398 root INFO Epoch: 15
02/25/2020 05:00:47 AM,274 root INFO Loss = tensor([26.0852])
02/25/2020 05:00:56 AM,634 root INFO Loss = tensor([28.6477])
02/25/2020 05:01:06 AM,99 root INFO Loss = tensor([25.3372])
02/25/2020 05:01:14 AM,662 root INFO Loss = tensor([26.9215])
02/25/2020 05:01:23 AM,868 root INFO Loss = tensor([27.5103])
02/25/2020 05:01:33 AM,71 root INFO Loss = tensor([25.9736])
02/25/2020 05:01:41 AM,911 root INFO Loss = tensor([27.4556])
02/25/2020 05:01:49 AM,967 root INFO Loss = tensor([28.5030])
02/25/2020 05:01:54 AM,341 root INFO Validation All-nodes accuracy:0.43(best:0.73)
02/25/2020 05:01:54 AM,341 root INFO Validation Root accuracy:0.73(best:0.83)
02/25/2020 05:01:54 AM,342 root INFO F1:[0.9, 0.25](best:1.0 , 0.67)
02/25/2020 05:02:08 AM,599 root INFO Training All-nodes accuracy:0.65(best:0.66)
02/25/2020 05:02:08 AM,599 root INFO Training Root accuracy:0.89(best:0.91)
02/25/2020 05:02:08 AM,600 root INFO Training F1:[0.93, 0.95](best:1.0 , 0.97)
02/25/2020 05:02:08 AM,601 root INFO Epoch: 16
02/25/2020 05:02:10 AM,437 root INFO Loss = tensor([25.9789])
02/25/2020 05:02:19 AM,672 root INFO Loss = tensor([25.7307])
02/25/2020 05:02:28 AM,968 root INFO Loss = tensor([26.1422])
02/25/2020 05:02:38 AM,651 root INFO Loss = tensor([26.9804])
02/25/2020 05:02:48 AM,278 root INFO Loss = tensor([26.0850])
02/25/2020 05:02:57 AM,608 root INFO Loss = tensor([25.7406])
02/25/2020 05:03:06 AM,776 root INFO Loss = tensor([24.4176])
02/25/2020 05:03:14 AM,233 root INFO Loss = tensor([25.0233])
02/25/2020 05:03:18 AM,510 root INFO Validation All-nodes accuracy:0.54(best:0.73)
02/25/2020 05:03:18 AM,510 root INFO Validation Root accuracy:0.75(best:0.83)
02/25/2020 05:03:18 AM,510 root INFO F1:[0.91, 0.35](best:1.0 , 0.67)
02/25/2020 05:03:32 AM,943 root INFO Training All-nodes accuracy:0.67(best:0.67)
02/25/2020 05:03:32 AM,943 root INFO Training Root accuracy:0.93(best:0.93)
02/25/2020 05:03:32 AM,943 root INFO Training F1:[0.97, 0.96](best:1.0 , 0.97)
02/25/2020 05:03:32 AM,945 root INFO Epoch: 17
02/25/2020 05:03:34 AM,908 root INFO Loss = tensor([26.6263])
02/25/2020 05:03:45 AM,98 root INFO Loss = tensor([27.1119])
02/25/2020 05:03:54 AM,420 root INFO Loss = tensor([23.7339])
02/25/2020 05:04:03 AM,132 root INFO Loss = tensor([25.4356])
02/25/2020 05:04:12 AM,384 root INFO Loss = tensor([26.4296])
02/25/2020 05:04:21 AM,425 root INFO Loss = tensor([27.6589])
02/25/2020 05:04:30 AM,853 root INFO Loss = tensor([23.9120])
02/25/2020 05:04:38 AM,574 root INFO Loss = tensor([27.4052])
02/25/2020 05:04:42 AM,921 root INFO Validation All-nodes accuracy:0.6(best:0.73)
02/25/2020 05:04:42 AM,921 root INFO Validation Root accuracy:0.72(best:0.83)
02/25/2020 05:04:42 AM,921 root INFO F1:[0.91, 0.3](best:1.0 , 0.67)
02/25/2020 05:04:57 AM,405 root INFO Training All-nodes accuracy:0.67(best:0.67)
02/25/2020 05:04:57 AM,406 root INFO Training Root accuracy:0.93(best:0.93)
02/25/2020 05:04:57 AM,406 root INFO Training F1:[0.96, 0.97](best:1.0 , 0.97)
02/25/2020 05:04:57 AM,408 root INFO Epoch: 18
02/25/2020 05:04:59 AM,343 root INFO Loss = tensor([24.7494])
02/25/2020 05:05:08 AM,969 root INFO Loss = tensor([25.8736])
02/25/2020 05:05:18 AM,457 root INFO Loss = tensor([24.6440])
02/25/2020 05:05:28 AM,51 root INFO Loss = tensor([25.8399])
02/25/2020 05:05:37 AM,966 root INFO Loss = tensor([26.5732])
02/25/2020 05:05:48 AM,312 root INFO Loss = tensor([25.5804])
02/25/2020 05:05:58 AM,382 root INFO Loss = tensor([24.9672])
02/25/2020 05:06:07 AM,7 root INFO Loss = tensor([27.2553])
02/25/2020 05:06:12 AM,63 root INFO Validation All-nodes accuracy:0.6(best:0.73)
02/25/2020 05:06:12 AM,64 root INFO Validation Root accuracy:0.79(best:0.83)
02/25/2020 05:06:12 AM,64 root INFO F1:[0.91, 0.4](best:1.0 , 0.67)
02/25/2020 05:06:27 AM,57 root INFO Training All-nodes accuracy:0.68(best:0.68)
02/25/2020 05:06:27 AM,57 root INFO Training Root accuracy:0.93(best:0.93)
02/25/2020 05:06:27 AM,57 root INFO Training F1:[0.95, 0.97](best:1.0 , 0.97)
02/25/2020 05:06:27 AM,59 root INFO Epoch: 19
02/25/2020 05:06:29 AM,48 root INFO Loss = tensor([24.3078])
02/25/2020 05:06:39 AM,360 root INFO Loss = tensor([24.7461])
02/25/2020 05:06:49 AM,467 root INFO Loss = tensor([24.5460])
02/25/2020 05:06:59 AM,625 root INFO Loss = tensor([24.9318])
02/25/2020 05:07:09 AM,707 root INFO Loss = tensor([27.0390])
02/25/2020 05:07:20 AM,418 root INFO Loss = tensor([26.2454])
02/25/2020 05:07:31 AM,34 root INFO Loss = tensor([24.9240])
02/25/2020 05:07:40 AM,434 root INFO Loss = tensor([23.6152])
02/25/2020 05:07:45 AM,806 root INFO Validation All-nodes accuracy:0.58(best:0.73)
02/25/2020 05:07:45 AM,806 root INFO Validation Root accuracy:0.65(best:0.83)
02/25/2020 05:07:45 AM,807 root INFO F1:[0.9, 0.22](best:1.0 , 0.67)
02/25/2020 05:08:01 AM,946 root INFO Training All-nodes accuracy:0.68(best:0.68)
02/25/2020 05:08:01 AM,947 root INFO Training Root accuracy:0.94(best:0.94)
02/25/2020 05:08:01 AM,947 root INFO Training F1:[0.98, 0.96](best:1.0 , 0.97)
02/25/2020 05:08:01 AM,949 root INFO Epoch: 20
02/25/2020 05:08:03 AM,907 root INFO Loss = tensor([23.3037])
02/25/2020 05:08:14 AM,174 root INFO Loss = tensor([26.3943])
02/25/2020 05:08:24 AM,975 root INFO Loss = tensor([26.5324])
02/25/2020 05:08:36 AM,66 root INFO Loss = tensor([24.9584])
02/25/2020 05:08:47 AM,872 root INFO Loss = tensor([24.3617])
02/25/2020 05:08:59 AM,314 root INFO Loss = tensor([23.8999])
02/25/2020 05:09:10 AM,765 root INFO Loss = tensor([24.1021])
02/25/2020 05:09:20 AM,705 root INFO Loss = tensor([25.8153])
02/25/2020 05:09:26 AM,107 root INFO Validation All-nodes accuracy:0.61(best:0.73)
02/25/2020 05:09:26 AM,107 root INFO Validation Root accuracy:0.8(best:0.83)
02/25/2020 05:09:26 AM,107 root INFO F1:[0.92, 0.5](best:1.0 , 0.67)
02/25/2020 05:09:43 AM,460 root INFO Training All-nodes accuracy:0.69(best:0.69)
02/25/2020 05:09:43 AM,460 root INFO Training Root accuracy:0.95(best:0.95)
02/25/2020 05:09:43 AM,460 root INFO Training F1:[0.96, 0.99](best:1.0 , 0.99)
02/25/2020 05:09:43 AM,462 root INFO Epoch: 21
02/25/2020 05:09:45 AM,696 root INFO Loss = tensor([23.2619])
02/25/2020 05:09:57 AM,362 root INFO Loss = tensor([25.2440])
02/25/2020 05:10:09 AM,512 root INFO Loss = tensor([27.6008])
02/25/2020 05:10:21 AM,759 root INFO Loss = tensor([23.0957])
02/25/2020 05:10:34 AM,376 root INFO Loss = tensor([29.6666])
02/25/2020 05:10:46 AM,441 root INFO Loss = tensor([32.3292])
02/25/2020 05:10:58 AM,704 root INFO Loss = tensor([30.1978])
02/25/2020 05:11:10 AM,29 root INFO Loss = tensor([24.3060])
02/25/2020 05:11:16 AM,235 root INFO Validation All-nodes accuracy:0.53(best:0.73)
02/25/2020 05:11:16 AM,235 root INFO Validation Root accuracy:0.8(best:0.83)
02/25/2020 05:11:16 AM,236 root INFO F1:[0.91, 0.44](best:1.0 , 0.67)
02/25/2020 05:11:35 AM,158 root INFO Training All-nodes accuracy:0.7(best:0.7)
02/25/2020 05:11:35 AM,158 root INFO Training Root accuracy:0.97(best:0.97)
02/25/2020 05:11:35 AM,159 root INFO Training F1:[0.98, 0.99](best:1.0 , 0.99)
02/25/2020 05:11:35 AM,161 root INFO Epoch: 22
02/25/2020 05:11:37 AM,649 root INFO Loss = tensor([23.2642])
02/25/2020 05:11:50 AM,245 root INFO Loss = tensor([26.6356])
02/25/2020 05:12:03 AM,822 root INFO Loss = tensor([27.3566])
02/25/2020 05:12:17 AM,975 root INFO Loss = tensor([23.4379])
02/25/2020 05:12:31 AM,602 root INFO Loss = tensor([25.3316])
02/25/2020 05:12:46 AM,330 root INFO Loss = tensor([29.6392])
02/25/2020 05:13:01 AM,299 root INFO Loss = tensor([25.4401])
02/25/2020 05:13:13 AM,840 root INFO Loss = tensor([23.5540])
02/25/2020 05:13:21 AM,420 root INFO Validation All-nodes accuracy:0.53(best:0.73)
02/25/2020 05:13:21 AM,421 root INFO Validation Root accuracy:0.79(best:0.83)
02/25/2020 05:13:21 AM,421 root INFO F1:[0.91, 0.4](best:1.0 , 0.67)
02/25/2020 05:13:43 AM,902 root INFO Training All-nodes accuracy:0.69(best:0.7)
02/25/2020 05:13:43 AM,903 root INFO Training Root accuracy:0.97(best:0.97)
02/25/2020 05:13:43 AM,903 root INFO Training F1:[0.99, 0.98](best:1.0 , 0.99)
02/25/2020 05:13:43 AM,906 root INFO Epoch: 23
02/25/2020 05:13:46 AM,872 root INFO Loss = tensor([23.4141])
02/25/2020 05:14:02 AM,855 root INFO Loss = tensor([23.9540])
02/25/2020 05:14:20 AM,556 root INFO Loss = tensor([22.3866])
02/25/2020 05:14:37 AM,732 root INFO Loss = tensor([20.9180])
02/25/2020 05:14:54 AM,741 root INFO Loss = tensor([23.1578])
02/25/2020 05:15:13 AM,85 root INFO Loss = tensor([26.8824])
02/25/2020 05:15:32 AM,731 root INFO Loss = tensor([26.2171])
02/25/2020 05:15:50 AM,874 root INFO Loss = tensor([24.6396])
02/25/2020 05:16:02 AM,20 root INFO Validation All-nodes accuracy:0.54(best:0.73)
02/25/2020 05:16:02 AM,21 root INFO Validation Root accuracy:0.78(best:0.83)
02/25/2020 05:16:02 AM,21 root INFO F1:[0.91, 0.43](best:1.0 , 0.67)
02/25/2020 05:16:31 AM,45 root INFO Training All-nodes accuracy:0.7(best:0.7)
02/25/2020 05:16:31 AM,45 root INFO Training Root accuracy:0.97(best:0.97)
02/25/2020 05:16:31 AM,46 root INFO Training F1:[0.99, 0.98](best:1.0 , 0.99)
02/25/2020 05:16:31 AM,49 root INFO Epoch: 24
02/25/2020 05:16:34 AM,826 root INFO Loss = tensor([23.1004])
02/25/2020 05:16:58 AM,259 root INFO Loss = tensor([27.4966])
02/25/2020 05:17:21 AM,913 root INFO Loss = tensor([26.4478])
02/25/2020 05:17:47 AM,99 root INFO Loss = tensor([21.9035])
02/25/2020 05:18:13 AM,230 root INFO Loss = tensor([25.1741])
02/25/2020 05:18:41 AM,387 root INFO Loss = tensor([27.5452])
02/25/2020 05:19:10 AM,914 root INFO Loss = tensor([26.2374])
02/25/2020 05:19:36 AM,776 root INFO Loss = tensor([25.2587])
02/25/2020 05:19:53 AM,322 root INFO Validation All-nodes accuracy:0.58(best:0.73)
02/25/2020 05:19:53 AM,322 root INFO Validation Root accuracy:0.81(best:0.83)
02/25/2020 05:19:53 AM,323 root INFO F1:[0.92, 0.55](best:1.0 , 0.67)
02/25/2020 05:20:33 AM,212 root INFO Training All-nodes accuracy:0.7(best:0.7)
02/25/2020 05:20:33 AM,212 root INFO Training Root accuracy:0.98(best:0.98)
02/25/2020 05:20:33 AM,212 root INFO Training F1:[0.99, 0.99](best:1.0 , 0.99)
02/25/2020 05:20:33 AM,218 root INFO Epoch: 25
02/25/2020 05:20:38 AM,645 root INFO Loss = tensor([21.8403])
02/25/2020 05:21:10 AM,414 root INFO Loss = tensor([21.8278])
02/25/2020 05:21:38 AM,543 root INFO Loss = tensor([23.9096])
02/25/2020 05:22:09 AM,362 root INFO Loss = tensor([21.8784])
02/25/2020 05:22:36 AM,841 root INFO Loss = tensor([23.0808])
02/25/2020 05:23:08 AM,411 root INFO Loss = tensor([24.1366])
02/25/2020 05:23:37 AM,469 root INFO Loss = tensor([26.2592])
02/25/2020 05:24:03 AM,783 root INFO Loss = tensor([22.4098])
02/25/2020 05:24:16 AM,957 root INFO Validation All-nodes accuracy:0.56(best:0.73)
02/25/2020 05:24:16 AM,958 root INFO Validation Root accuracy:0.8(best:0.83)
02/25/2020 05:24:16 AM,958 root INFO F1:[0.91, 0.44](best:1.0 , 0.67)
02/25/2020 05:24:57 AM,210 root INFO Training All-nodes accuracy:0.7(best:0.7)
02/25/2020 05:24:57 AM,211 root INFO Training Root accuracy:0.98(best:0.98)
02/25/2020 05:24:57 AM,211 root INFO Training F1:[0.99, 0.99](best:1.0 , 0.99)
02/25/2020 05:24:57 AM,216 root INFO Epoch: 26
02/25/2020 05:25:02 AM,580 root INFO Loss = tensor([22.7467])
02/25/2020 05:25:31 AM,483 root INFO Loss = tensor([24.5001])
02/25/2020 05:25:59 AM,777 root INFO Loss = tensor([29.7532])
02/25/2020 05:26:27 AM,134 root INFO Loss = tensor([25.8779])
02/25/2020 05:26:55 AM,634 root INFO Loss = tensor([23.1682])
02/25/2020 05:27:22 AM,352 root INFO Loss = tensor([25.3208])
02/25/2020 05:27:51 AM,134 root INFO Loss = tensor([22.8320])
02/25/2020 05:28:14 AM,975 root INFO Loss = tensor([24.3417])
02/25/2020 05:28:27 AM,704 root INFO Validation All-nodes accuracy:0.48(best:0.73)
02/25/2020 05:28:27 AM,705 root INFO Validation Root accuracy:0.66(best:0.83)
02/25/2020 05:28:27 AM,706 root INFO F1:[0.91, 0.31](best:1.0 , 0.67)
02/25/2020 05:29:05 AM,381 root INFO Training All-nodes accuracy:0.69(best:0.7)
02/25/2020 05:29:05 AM,381 root INFO Training Root accuracy:0.92(best:0.98)
02/25/2020 05:29:05 AM,382 root INFO Training F1:[0.99, 0.94](best:1.0 , 0.99)
02/25/2020 05:29:05 AM,386 root INFO Epoch: 27
02/25/2020 05:29:09 AM,809 root INFO Loss = tensor([22.3853])
02/25/2020 05:29:35 AM,249 root INFO Loss = tensor([22.9110])
02/25/2020 05:30:04 AM,125 root INFO Loss = tensor([25.4601])
02/25/2020 05:30:32 AM,136 root INFO Loss = tensor([23.5714])
02/25/2020 05:31:03 AM,48 root INFO Loss = tensor([23.7758])
02/25/2020 05:31:29 AM,154 root INFO Loss = tensor([22.5095])
02/25/2020 05:31:53 AM,881 root INFO Loss = tensor([21.5411])
02/25/2020 05:32:17 AM,33 root INFO Loss = tensor([23.3368])
02/25/2020 05:32:29 AM,450 root INFO Validation All-nodes accuracy:0.51(best:0.73)
02/25/2020 05:32:29 AM,451 root INFO Validation Root accuracy:0.79(best:0.83)
02/25/2020 05:32:29 AM,451 root INFO F1:[0.91, 0.29](best:1.0 , 0.67)
02/25/2020 05:33:06 AM,67 root INFO Training All-nodes accuracy:0.7(best:0.7)
02/25/2020 05:33:06 AM,68 root INFO Training Root accuracy:0.98(best:0.98)
02/25/2020 05:33:06 AM,68 root INFO Training F1:[0.99, 0.99](best:1.0 , 0.99)
02/25/2020 05:33:06 AM,72 root INFO Epoch: 28
02/25/2020 05:33:10 AM,589 root INFO Loss = tensor([22.8078])
02/25/2020 05:33:36 AM,469 root INFO Loss = tensor([21.8984])
02/25/2020 05:34:03 AM,7 root INFO Loss = tensor([22.1998])
02/25/2020 05:34:27 AM,649 root INFO Loss = tensor([21.6549])
02/25/2020 05:34:54 AM,604 root INFO Loss = tensor([22.5757])
02/25/2020 05:35:19 AM,34 root INFO Loss = tensor([25.8179])
02/25/2020 05:35:42 AM,678 root INFO Loss = tensor([24.9965])
02/25/2020 05:36:02 AM,579 root INFO Loss = tensor([25.5539])
02/25/2020 05:36:14 AM,840 root INFO Validation All-nodes accuracy:0.6(best:0.73)
02/25/2020 05:36:14 AM,841 root INFO Validation Root accuracy:0.8(best:0.83)
02/25/2020 05:36:14 AM,841 root INFO F1:[0.91, 0.44](best:1.0 , 0.67)
02/25/2020 05:36:48 AM,22 root INFO Training All-nodes accuracy:0.71(best:0.71)
02/25/2020 05:36:48 AM,22 root INFO Training Root accuracy:0.98(best:0.98)
02/25/2020 05:36:48 AM,23 root INFO Training F1:[0.99, 0.99](best:1.0 , 0.99)
02/25/2020 05:36:48 AM,26 root INFO Epoch: 29
02/25/2020 05:36:52 AM,305 root INFO Loss = tensor([22.0140])
02/25/2020 05:37:15 AM,628 root INFO Loss = tensor([22.0134])
02/25/2020 05:37:39 AM,397 root INFO Loss = tensor([22.5401])
02/25/2020 05:38:03 AM,231 root INFO Loss = tensor([23.5303])
02/25/2020 05:38:25 AM,251 root INFO Loss = tensor([35.7746])
02/25/2020 05:38:47 AM,894 root INFO Loss = tensor([37.5199])
02/25/2020 05:39:11 AM,342 root INFO Loss = tensor([24.8319])
02/25/2020 05:39:30 AM,8 root INFO Loss = tensor([30.3224])
02/25/2020 05:39:42 AM,204 root INFO Validation All-nodes accuracy:0.61(best:0.73)
02/25/2020 05:39:42 AM,204 root INFO Validation Root accuracy:0.82(best:0.83)
02/25/2020 05:39:42 AM,205 root INFO F1:[0.92, 0.6](best:1.0 , 0.67)
02/25/2020 05:40:12 AM,519 root INFO Training All-nodes accuracy:0.71(best:0.71)
02/25/2020 05:40:12 AM,519 root INFO Training Root accuracy:0.96(best:0.98)
02/25/2020 05:40:12 AM,520 root INFO Training F1:[0.97, 0.99](best:1.0 , 0.99)
02/25/2020 05:40:12 AM,524 root INFO Epoch: 30
02/25/2020 05:40:16 AM,103 root INFO Loss = tensor([20.8460])
02/25/2020 05:40:34 AM,950 root INFO Loss = tensor([28.2504])
02/25/2020 05:40:57 AM,914 root INFO Loss = tensor([29.0033])
02/25/2020 05:41:21 AM,782 root INFO Loss = tensor([26.3680])
02/25/2020 05:41:47 AM,229 root INFO Loss = tensor([21.0921])
02/25/2020 05:42:10 AM,759 root INFO Loss = tensor([35.2467])
02/25/2020 05:42:35 AM,105 root INFO Loss = tensor([40.1501])
02/25/2020 05:42:57 AM,817 root INFO Loss = tensor([42.2918])
02/25/2020 05:43:15 AM,77 root INFO Validation All-nodes accuracy:0.57(best:0.73)
02/25/2020 05:43:15 AM,78 root INFO Validation Root accuracy:0.84(best:0.84)
02/25/2020 05:43:15 AM,79 root INFO F1:[0.92, 0.75](best:1.0 , 0.75)
02/25/2020 05:43:46 AM,869 root INFO Training All-nodes accuracy:0.7(best:0.71)
02/25/2020 05:43:46 AM,869 root INFO Training Root accuracy:0.94(best:0.98)
02/25/2020 05:43:46 AM,870 root INFO Training F1:[0.95, 1.0](best:1.0 , 1.0)
02/25/2020 05:43:46 AM,873 root INFO Epoch: 31
02/25/2020 05:43:50 AM,853 root INFO Loss = tensor([22.9946])
02/25/2020 05:44:08 AM,472 root INFO Loss = tensor([24.8640])
02/25/2020 05:44:29 AM,201 root INFO Loss = tensor([32.9538])
02/25/2020 05:44:49 AM,715 root INFO Loss = tensor([28.4284])
02/25/2020 05:45:10 AM,7 root INFO Loss = tensor([21.9608])
02/25/2020 05:45:30 AM,42 root INFO Loss = tensor([28.9923])
02/25/2020 05:45:49 AM,579 root INFO Loss = tensor([37.7490])
02/25/2020 05:46:06 AM,495 root INFO Loss = tensor([32.9514])
02/25/2020 05:46:16 AM,235 root INFO Validation All-nodes accuracy:0.54(best:0.73)
02/25/2020 05:46:16 AM,236 root INFO Validation Root accuracy:0.81(best:0.84)
02/25/2020 05:46:16 AM,236 root INFO F1:[0.91, 0.5](best:1.0 , 0.75)
02/25/2020 05:46:45 AM,734 root INFO Training All-nodes accuracy:0.71(best:0.71)
02/25/2020 05:46:45 AM,735 root INFO Training Root accuracy:0.98(best:0.98)
02/25/2020 05:46:45 AM,735 root INFO Training F1:[0.99, 0.99](best:1.0 , 1.0)
02/25/2020 05:46:45 AM,739 root INFO Epoch: 32
02/25/2020 05:46:49 AM,676 root INFO Loss = tensor([21.8376])
02/25/2020 05:47:07 AM,10 root INFO Loss = tensor([29.1665])
02/25/2020 05:47:24 AM,119 root INFO Loss = tensor([32.3737])
02/25/2020 05:47:40 AM,948 root INFO Loss = tensor([26.8599])
02/25/2020 05:47:59 AM,391 root INFO Loss = tensor([22.7110])
02/25/2020 05:48:17 AM,522 root INFO Loss = tensor([28.2310])
02/25/2020 05:48:36 AM,63 root INFO Loss = tensor([30.1643])
02/25/2020 05:48:51 AM,735 root INFO Loss = tensor([35.7546])
02/25/2020 05:49:01 AM,106 root INFO Validation All-nodes accuracy:0.52(best:0.73)
02/25/2020 05:49:01 AM,106 root INFO Validation Root accuracy:0.79(best:0.84)
02/25/2020 05:49:01 AM,107 root INFO F1:[0.91, 0.4](best:1.0 , 0.75)
02/25/2020 05:49:29 AM,830 root INFO Training All-nodes accuracy:0.71(best:0.71)
02/25/2020 05:49:29 AM,830 root INFO Training Root accuracy:0.98(best:0.98)
02/25/2020 05:49:29 AM,831 root INFO Training F1:[0.99, 0.99](best:1.0 , 1.0)
02/25/2020 05:49:29 AM,834 root INFO Epoch: 33
02/25/2020 05:49:33 AM,500 root INFO Loss = tensor([21.5222])
02/25/2020 05:49:50 AM,307 root INFO Loss = tensor([22.2968])
02/25/2020 05:50:06 AM,902 root INFO Loss = tensor([20.8906])
02/25/2020 05:50:23 AM,377 root INFO Loss = tensor([23.9787])
02/25/2020 05:50:40 AM,676 root INFO Loss = tensor([22.4421])
02/25/2020 05:50:57 AM,646 root INFO Loss = tensor([23.2177])
02/25/2020 05:51:14 AM,450 root INFO Loss = tensor([22.8294])
02/25/2020 05:51:28 AM,595 root INFO Loss = tensor([23.9018])
02/25/2020 05:51:37 AM,297 root INFO Validation All-nodes accuracy:0.55(best:0.73)
02/25/2020 05:51:37 AM,297 root INFO Validation Root accuracy:0.8(best:0.84)
02/25/2020 05:51:37 AM,298 root INFO F1:[0.91, 0.44](best:1.0 , 0.75)
02/25/2020 05:52:06 AM,364 root INFO Training All-nodes accuracy:0.71(best:0.71)
02/25/2020 05:52:06 AM,364 root INFO Training Root accuracy:0.98(best:0.98)
02/25/2020 05:52:06 AM,365 root INFO Training F1:[0.99, 0.99](best:1.0 , 1.0)
02/25/2020 05:52:06 AM,368 root INFO Epoch: 34
02/25/2020 05:52:10 AM,188 root INFO Loss = tensor([22.9042])
02/25/2020 05:52:27 AM,201 root INFO Loss = tensor([33.2505])
02/25/2020 05:52:44 AM,39 root INFO Loss = tensor([35.2115])
02/25/2020 05:53:00 AM,467 root INFO Loss = tensor([37.6073])
02/25/2020 05:53:17 AM,503 root INFO Loss = tensor([29.8846])
02/25/2020 05:53:33 AM,779 root INFO Loss = tensor([23.4326])
02/25/2020 05:53:51 AM,850 root INFO Loss = tensor([25.6150])
02/25/2020 05:54:05 AM,987 root INFO Loss = tensor([31.1124])
02/25/2020 05:54:14 AM,72 root INFO Validation All-nodes accuracy:0.57(best:0.73)
02/25/2020 05:54:14 AM,72 root INFO Validation Root accuracy:0.82(best:0.84)
02/25/2020 05:54:14 AM,73 root INFO F1:[0.91, 0.57](best:1.0 , 0.75)
02/25/2020 05:54:42 AM,831 root INFO Training All-nodes accuracy:0.7(best:0.71)
02/25/2020 05:54:42 AM,831 root INFO Training Root accuracy:0.96(best:0.98)
02/25/2020 05:54:42 AM,832 root INFO Training F1:[0.97, 0.99](best:1.0 , 1.0)
02/25/2020 05:54:42 AM,835 root INFO Epoch: 35
02/25/2020 05:54:46 AM,574 root INFO Loss = tensor([21.8401])
02/25/2020 05:55:03 AM,259 root INFO Loss = tensor([22.0816])
02/25/2020 05:55:20 AM,143 root INFO Loss = tensor([22.2657])
02/25/2020 05:55:36 AM,512 root INFO Loss = tensor([23.2383])
02/25/2020 05:55:53 AM,966 root INFO Loss = tensor([23.2578])
02/25/2020 05:56:11 AM,597 root INFO Loss = tensor([22.8421])
02/25/2020 05:56:27 AM,745 root INFO Loss = tensor([23.4088])
02/25/2020 05:56:41 AM,805 root INFO Loss = tensor([22.1812])
02/25/2020 05:56:49 AM,963 root INFO Validation All-nodes accuracy:0.51(best:0.73)
02/25/2020 05:56:49 AM,963 root INFO Validation Root accuracy:0.79(best:0.84)
02/25/2020 05:56:49 AM,963 root INFO F1:[0.91, 0.4](best:1.0 , 0.75)
02/25/2020 05:57:18 AM,711 root INFO Training All-nodes accuracy:0.71(best:0.71)
02/25/2020 05:57:18 AM,712 root INFO Training Root accuracy:0.99(best:0.99)
02/25/2020 05:57:18 AM,712 root INFO Training F1:[0.99, 0.99](best:1.0 , 1.0)
02/25/2020 05:57:18 AM,716 root INFO Epoch: 36
02/25/2020 05:57:22 AM,563 root INFO Loss = tensor([22.6279])
02/25/2020 05:57:39 AM,639 root INFO Loss = tensor([21.4357])
02/25/2020 05:57:56 AM,670 root INFO Loss = tensor([21.0872])
02/25/2020 05:58:13 AM,237 root INFO Loss = tensor([21.7408])
02/25/2020 05:58:30 AM,239 root INFO Loss = tensor([21.7964])
02/25/2020 05:58:47 AM,197 root INFO Loss = tensor([21.6330])
02/25/2020 05:59:03 AM,931 root INFO Loss = tensor([21.2391])
02/25/2020 05:59:18 AM,45 root INFO Loss = tensor([20.3552])
02/25/2020 05:59:26 AM,49 root INFO Validation All-nodes accuracy:0.54(best:0.73)
02/25/2020 05:59:26 AM,49 root INFO Validation Root accuracy:0.79(best:0.84)
02/25/2020 05:59:26 AM,50 root INFO F1:[0.91, 0.46](best:1.0 , 0.75)
02/25/2020 05:59:54 AM,902 root INFO Training All-nodes accuracy:0.71(best:0.71)
02/25/2020 05:59:54 AM,902 root INFO Training Root accuracy:0.99(best:0.99)
02/25/2020 05:59:54 AM,903 root INFO Training F1:[1.0, 0.99](best:1.0 , 1.0)
02/25/2020 05:59:54 AM,906 root INFO Epoch: 37
02/25/2020 05:59:58 AM,594 root INFO Loss = tensor([20.5007])
02/25/2020 06:00:15 AM,171 root INFO Loss = tensor([21.3131])
02/25/2020 06:00:32 AM,293 root INFO Loss = tensor([24.7484])
02/25/2020 06:00:49 AM,878 root INFO Loss = tensor([25.6521])
02/25/2020 06:01:06 AM,770 root INFO Loss = tensor([20.9139])
02/25/2020 06:01:23 AM,583 root INFO Loss = tensor([19.7371])
02/25/2020 06:01:40 AM,941 root INFO Loss = tensor([22.8896])
02/25/2020 06:01:57 AM,113 root INFO Loss = tensor([22.2346])
02/25/2020 06:02:06 AM,737 root INFO Validation All-nodes accuracy:0.63(best:0.73)
02/25/2020 06:02:06 AM,737 root INFO Validation Root accuracy:0.82(best:0.84)
02/25/2020 06:02:06 AM,738 root INFO F1:[0.92, 0.6](best:1.0 , 0.75)
02/25/2020 06:02:35 AM,373 root INFO Training All-nodes accuracy:0.72(best:0.72)
02/25/2020 06:02:35 AM,373 root INFO Training Root accuracy:0.99(best:0.99)
02/25/2020 06:02:35 AM,374 root INFO Training F1:[0.99, 1.0](best:1.0 , 1.0)
02/25/2020 06:02:35 AM,377 root INFO Epoch: 38
02/25/2020 06:02:39 AM,251 root INFO Loss = tensor([21.6050])
02/25/2020 06:03:06 AM,474 root INFO Loss = tensor([24.4948])
02/25/2020 06:03:31 AM,455 root INFO Loss = tensor([31.2252])
02/25/2020 06:03:56 AM,259 root INFO Loss = tensor([28.2998])
02/25/2020 06:04:19 AM,928 root INFO Loss = tensor([22.8730])
02/25/2020 06:04:44 AM,690 root INFO Loss = tensor([24.3227])
02/25/2020 06:05:10 AM,127 root INFO Loss = tensor([33.3053])
02/25/2020 06:05:31 AM,410 root INFO Loss = tensor([27.2989])
02/25/2020 06:05:42 AM,941 root INFO Validation All-nodes accuracy:0.65(best:0.73)
02/25/2020 06:05:42 AM,942 root INFO Validation Root accuracy:0.78(best:0.84)
02/25/2020 06:05:42 AM,943 root INFO F1:[0.91, 0.43](best:1.0 , 0.75)
02/25/2020 06:06:26 AM,862 root INFO Training All-nodes accuracy:0.71(best:0.72)
02/25/2020 06:06:26 AM,863 root INFO Training Root accuracy:0.97(best:0.99)
02/25/2020 06:06:26 AM,864 root INFO Training F1:[0.98, 0.99](best:1.0 , 1.0)
02/25/2020 06:06:26 AM,868 root INFO Epoch: 39
02/25/2020 06:06:32 AM,614 root INFO Loss = tensor([22.6304])
02/25/2020 06:06:57 AM,366 root INFO Loss = tensor([22.7849])
02/25/2020 06:07:22 AM,177 root INFO Loss = tensor([21.0166])
02/25/2020 06:07:46 AM,443 root INFO Loss = tensor([21.6087])
02/25/2020 06:08:10 AM,742 root INFO Loss = tensor([25.0355])
02/25/2020 06:08:34 AM,960 root INFO Loss = tensor([21.8490])
02/25/2020 06:08:59 AM,895 root INFO Loss = tensor([24.0581])
02/25/2020 06:09:21 AM,290 root INFO Loss = tensor([26.1928])
02/25/2020 06:09:33 AM,295 root INFO Validation All-nodes accuracy:0.63(best:0.73)
02/25/2020 06:09:33 AM,295 root INFO Validation Root accuracy:0.68(best:0.84)
02/25/2020 06:09:33 AM,296 root INFO F1:[0.9, 0.25](best:1.0 , 0.75)
02/25/2020 06:10:17 AM,146 root INFO Training All-nodes accuracy:0.71(best:0.72)
02/25/2020 06:10:17 AM,147 root INFO Training Root accuracy:0.97(best:0.99)
02/25/2020 06:10:17 AM,147 root INFO Training F1:[0.99, 0.98](best:1.0 , 1.0)
02/25/2020 06:10:17 AM,152 root INFO Epoch: 40
02/25/2020 06:10:22 AM,816 root INFO Loss = tensor([20.6959])
02/25/2020 06:10:47 AM,338 root INFO Loss = tensor([20.9862])
02/25/2020 06:11:12 AM,455 root INFO Loss = tensor([21.8799])
02/25/2020 06:11:37 AM,472 root INFO Loss = tensor([21.5772])
02/25/2020 06:12:02 AM,440 root INFO Loss = tensor([20.9104])
02/25/2020 06:12:26 AM,726 root INFO Loss = tensor([22.6836])
02/25/2020 06:12:52 AM,599 root INFO Loss = tensor([22.8428])
02/25/2020 06:13:13 AM,442 root INFO Loss = tensor([20.8186])
02/25/2020 06:13:25 AM,345 root INFO Validation All-nodes accuracy:0.57(best:0.73)
02/25/2020 06:13:25 AM,346 root INFO Validation Root accuracy:0.8(best:0.84)
02/25/2020 06:13:25 AM,346 root INFO F1:[0.91, 0.44](best:1.0 , 0.75)
02/25/2020 06:14:09 AM,98 root INFO Training All-nodes accuracy:0.72(best:0.72)
02/25/2020 06:14:09 AM,99 root INFO Training Root accuracy:0.99(best:0.99)
02/25/2020 06:14:09 AM,99 root INFO Training F1:[1.0, 1.0](best:1.0 , 1.0)
02/25/2020 06:14:09 AM,104 root INFO Epoch: 41
02/25/2020 06:14:14 AM,718 root INFO Loss = tensor([19.5469])
02/25/2020 06:14:38 AM,584 root INFO Loss = tensor([34.1664])
02/25/2020 06:15:03 AM,638 root INFO Loss = tensor([43.4302])
02/25/2020 06:15:29 AM,158 root INFO Loss = tensor([37.4018])
02/25/2020 01:39:54 PM,706 gensim.utils INFO loading Word2VecKeyedVectors object from /Users/navreetkaur/MTP/finetune-word2vec/w2v-models/tech-word2vec-blackout
02/25/2020 01:39:54 PM,907 gensim.utils INFO setting ignored attribute vectors_norm to None
02/25/2020 01:39:54 PM,908 gensim.utils INFO loaded /Users/navreetkaur/MTP/finetune-word2vec/w2v-models/tech-word2vec-blackout
02/25/2020 01:39:54 PM,908 gensim.models.utils_any2vec INFO loading projection weights from /Users/navreetkaur/MTP/finetune-word2vec/w2v-models/GoogleNews-vectors-negative300.bin
02/25/2020 01:41:20 PM,241 gensim.models.utils_any2vec INFO loaded (3000000, 300) matrix from /Users/navreetkaur/MTP/finetune-word2vec/w2v-models/GoogleNews-vectors-negative300.bin
02/25/2020 01:41:21 PM,829 root INFO Start logging
02/25/2020 01:41:21 PM,867 root INFO Epoch: 0
02/25/2020 01:41:24 PM,914 root INFO Loss = tensor([31.5507])
02/25/2020 01:41:34 PM,689 root INFO Loss = tensor([28.3459])
02/25/2020 01:41:47 PM,866 root INFO Loss = tensor([31.3267])
02/25/2020 01:41:57 PM,532 root INFO Loss = tensor([29.9106])
02/25/2020 01:42:06 PM,466 root INFO Loss = tensor([31.0452])
02/25/2020 01:42:15 PM,230 root INFO Loss = tensor([28.9106])
02/25/2020 01:42:25 PM,163 root INFO Loss = tensor([30.4238])
02/25/2020 01:42:33 PM,959 root INFO Loss = tensor([32.2774])
02/25/2020 01:42:38 PM,125 root INFO Validation All-nodes accuracy:0.47(best:0.47)
02/25/2020 01:42:38 PM,125 root INFO Validation Root accuracy:0.41(best:0.41)
02/25/2020 01:42:38 PM,125 root INFO F1:[0.88, 0.25](best:0.88 , 0.25)
02/25/2020 01:42:57 PM,866 root INFO Training All-nodes accuracy:0.51(best:0.51)
02/25/2020 01:42:57 PM,867 root INFO Training Root accuracy:0.52(best:0.52)
02/25/2020 01:42:57 PM,868 root INFO Training F1:[0.69, 0.68](best:0.69 , 0.68)
02/25/2020 01:42:57 PM,869 root INFO Epoch: 1
02/25/2020 01:43:00 PM,569 root INFO Loss = tensor([29.0511])
02/25/2020 01:43:19 PM,881 root INFO Loss = tensor([30.9636])
02/25/2020 01:43:30 PM,380 root INFO Loss = tensor([30.0838])
02/25/2020 01:43:39 PM,239 root INFO Loss = tensor([29.5876])
02/25/2020 01:43:48 PM,237 root INFO Loss = tensor([29.9489])
02/25/2020 01:43:59 PM,883 root INFO Loss = tensor([31.7513])
02/25/2020 01:44:10 PM,853 root INFO Loss = tensor([31.1232])
02/25/2020 01:44:22 PM,812 root INFO Loss = tensor([30.1608])
02/25/2020 01:44:28 PM,147 root INFO Validation All-nodes accuracy:0.32(best:0.47)
02/25/2020 01:44:28 PM,148 root INFO Validation Root accuracy:0.24(best:0.41)
02/25/2020 01:44:28 PM,148 root INFO F1:[0.87, 0.28](best:0.88 , 0.28)
02/25/2020 01:44:42 PM,56 root INFO Training All-nodes accuracy:0.52(best:0.52)
02/25/2020 01:44:42 PM,56 root INFO Training Root accuracy:0.51(best:0.52)
02/25/2020 01:44:42 PM,56 root INFO Training F1:[0.72, 0.67](best:0.72 , 0.68)
02/25/2020 01:44:42 PM,58 root INFO Epoch: 2
02/25/2020 01:44:43 PM,715 root INFO Loss = tensor([28.7595])
02/25/2020 01:44:51 PM,120 root INFO Loss = tensor([28.9980])
02/25/2020 01:44:59 PM,81 root INFO Loss = tensor([31.2645])
02/25/2020 01:45:07 PM,397 root INFO Loss = tensor([29.9708])
02/25/2020 01:45:16 PM,51 root INFO Loss = tensor([31.1606])
02/25/2020 01:45:26 PM,856 root INFO Loss = tensor([30.2218])
02/25/2020 01:45:36 PM,443 root INFO Loss = tensor([30.7193])
02/25/2020 01:45:43 PM,911 root INFO Loss = tensor([30.7033])
02/25/2020 01:45:48 PM,2 root INFO Validation All-nodes accuracy:0.71(best:0.71)
02/25/2020 01:45:48 PM,2 root INFO Validation Root accuracy:0.71(best:0.71)
02/25/2020 01:45:48 PM,2 root INFO F1:[0.9, 0.22](best:0.9 , 0.28)
02/25/2020 01:46:01 PM,957 root INFO Training All-nodes accuracy:0.54(best:0.54)
02/25/2020 01:46:01 PM,957 root INFO Training Root accuracy:0.54(best:0.54)
02/25/2020 01:46:01 PM,958 root INFO Training F1:[0.69, 0.77](best:0.72 , 0.77)
02/25/2020 01:46:01 PM,959 root INFO Epoch: 3
02/25/2020 01:46:03 PM,777 root INFO Loss = tensor([30.3040])
02/25/2020 01:46:11 PM,894 root INFO Loss = tensor([29.2367])
02/25/2020 01:46:20 PM,37 root INFO Loss = tensor([29.3873])
02/25/2020 01:46:28 PM,310 root INFO Loss = tensor([29.3384])
02/25/2020 01:46:36 PM,603 root INFO Loss = tensor([31.7973])
02/25/2020 01:46:45 PM,654 root INFO Loss = tensor([30.5030])
02/25/2020 01:46:55 PM,293 root INFO Loss = tensor([30.5063])
02/25/2020 01:47:03 PM,482 root INFO Loss = tensor([30.2802])
02/25/2020 01:47:07 PM,994 root INFO Validation All-nodes accuracy:0.29(best:0.71)
02/25/2020 01:47:07 PM,994 root INFO Validation Root accuracy:0.52(best:0.71)
02/25/2020 01:47:07 PM,994 root INFO F1:[0.88, 0.22](best:0.9 , 0.28)
02/25/2020 01:47:23 PM,821 root INFO Training All-nodes accuracy:0.54(best:0.54)
02/25/2020 01:47:23 PM,821 root INFO Training Root accuracy:0.61(best:0.61)
02/25/2020 01:47:23 PM,821 root INFO Training F1:[0.75, 0.77](best:0.75 , 0.77)
02/25/2020 01:47:23 PM,823 root INFO Epoch: 4
02/25/2020 01:47:25 PM,982 root INFO Loss = tensor([30.1122])
02/25/2020 01:47:35 PM,366 root INFO Loss = tensor([31.5275])
02/25/2020 01:47:44 PM,698 root INFO Loss = tensor([28.6343])
02/25/2020 01:47:53 PM,325 root INFO Loss = tensor([30.5263])
02/25/2020 01:48:01 PM,834 root INFO Loss = tensor([29.4793])
02/25/2020 01:48:09 PM,807 root INFO Loss = tensor([30.8468])
02/25/2020 01:48:18 PM,66 root INFO Loss = tensor([30.1538])
02/25/2020 01:48:24 PM,678 root INFO Loss = tensor([28.2209])
02/25/2020 01:48:28 PM,412 root INFO Validation All-nodes accuracy:0.78(best:0.78)
02/25/2020 01:48:28 PM,413 root INFO Validation Root accuracy:0.76(best:0.76)
02/25/2020 01:48:28 PM,413 root INFO F1:[0.91, 0.31](best:0.91 , 0.31)
02/25/2020 01:48:41 PM,717 root INFO Training All-nodes accuracy:0.55(best:0.55)
02/25/2020 01:48:41 PM,717 root INFO Training Root accuracy:0.64(best:0.64)
02/25/2020 01:48:41 PM,717 root INFO Training F1:[0.74, 0.89](best:0.75 , 0.89)
02/25/2020 01:48:41 PM,719 root INFO Epoch: 5
02/25/2020 01:48:43 PM,502 root INFO Loss = tensor([30.6367])
02/25/2020 01:48:51 PM,957 root INFO Loss = tensor([29.6718])
02/25/2020 01:49:00 PM,169 root INFO Loss = tensor([29.8545])
02/25/2020 01:49:13 PM,814 root INFO Loss = tensor([29.7417])
02/25/2020 01:49:23 PM,21 root INFO Loss = tensor([29.1847])
02/25/2020 01:49:32 PM,255 root INFO Loss = tensor([29.1168])
02/25/2020 01:49:41 PM,105 root INFO Loss = tensor([31.0973])
02/25/2020 01:49:48 PM,204 root INFO Loss = tensor([32.1745])
02/25/2020 01:49:52 PM,159 root INFO Validation All-nodes accuracy:0.3(best:0.78)
02/25/2020 01:49:52 PM,160 root INFO Validation Root accuracy:0.4(best:0.76)
02/25/2020 01:49:52 PM,160 root INFO F1:[1.0, 0.37](best:1.0 , 0.37)
02/25/2020 01:50:05 PM,732 root INFO Training All-nodes accuracy:0.56(best:0.56)
02/25/2020 01:50:05 PM,732 root INFO Training Root accuracy:0.64(best:0.64)
02/25/2020 01:50:05 PM,732 root INFO Training F1:[0.98, 0.74](best:0.98 , 0.89)
02/25/2020 01:50:05 PM,734 root INFO Epoch: 6
02/25/2020 01:50:07 PM,519 root INFO Loss = tensor([29.7151])
02/25/2020 01:50:15 PM,968 root INFO Loss = tensor([28.8437])
02/25/2020 01:50:24 PM,171 root INFO Loss = tensor([28.7776])
02/25/2020 01:50:32 PM,468 root INFO Loss = tensor([29.9042])
02/25/2020 01:50:40 PM,887 root INFO Loss = tensor([29.0195])
02/25/2020 01:50:49 PM,56 root INFO Loss = tensor([29.3863])
02/25/2020 01:50:57 PM,331 root INFO Loss = tensor([28.9232])
02/25/2020 01:51:04 PM,538 root INFO Loss = tensor([30.8939])
02/25/2020 01:51:08 PM,602 root INFO Validation All-nodes accuracy:0.64(best:0.78)
02/25/2020 01:51:08 PM,603 root INFO Validation Root accuracy:0.69(best:0.76)
02/25/2020 01:51:08 PM,603 root INFO F1:[0.91, 0.35](best:1.0 , 0.37)
02/25/2020 01:51:22 PM,76 root INFO Training All-nodes accuracy:0.59(best:0.59)
02/25/2020 01:51:22 PM,77 root INFO Training Root accuracy:0.74(best:0.74)
02/25/2020 01:51:22 PM,77 root INFO Training F1:[0.84, 0.86](best:0.98 , 0.89)
02/25/2020 01:51:22 PM,79 root INFO Epoch: 7
02/25/2020 01:51:23 PM,873 root INFO Loss = tensor([29.1428])
02/25/2020 01:51:32 PM,357 root INFO Loss = tensor([28.5982])
02/25/2020 01:51:40 PM,544 root INFO Loss = tensor([30.1281])
02/25/2020 01:51:49 PM,24 root INFO Loss = tensor([29.6596])
02/25/2020 01:51:57 PM,693 root INFO Loss = tensor([28.4520])
02/25/2020 01:52:06 PM,79 root INFO Loss = tensor([27.5839])
02/25/2020 01:52:14 PM,58 root INFO Loss = tensor([29.0238])
02/25/2020 01:52:21 PM,228 root INFO Loss = tensor([28.8503])
02/25/2020 01:52:25 PM,128 root INFO Validation All-nodes accuracy:0.68(best:0.78)
02/25/2020 01:52:25 PM,129 root INFO Validation Root accuracy:0.69(best:0.76)
02/25/2020 01:52:25 PM,129 root INFO F1:[0.93, 0.42](best:1.0 , 0.42)
02/25/2020 01:52:42 PM,587 root INFO Training All-nodes accuracy:0.61(best:0.61)
02/25/2020 01:52:42 PM,589 root INFO Training Root accuracy:0.81(best:0.81)
02/25/2020 01:52:42 PM,589 root INFO Training F1:[0.94, 0.86](best:0.98 , 0.89)
02/25/2020 01:52:42 PM,590 root INFO Epoch: 8
02/25/2020 01:52:44 PM,379 root INFO Loss = tensor([28.3968])
02/25/2020 01:52:54 PM,654 root INFO Loss = tensor([27.6228])
02/25/2020 01:53:02 PM,716 root INFO Loss = tensor([26.6340])
02/25/2020 01:53:10 PM,623 root INFO Loss = tensor([28.6546])
02/25/2020 01:53:20 PM,327 root INFO Loss = tensor([30.2192])
02/25/2020 01:53:34 PM,578 root INFO Loss = tensor([27.9340])
02/25/2020 01:53:43 PM,99 root INFO Loss = tensor([27.1093])
02/25/2020 01:53:50 PM,388 root INFO Loss = tensor([29.7837])
02/25/2020 01:53:55 PM,219 root INFO Validation All-nodes accuracy:0.55(best:0.78)
02/25/2020 01:53:55 PM,220 root INFO Validation Root accuracy:0.72(best:0.76)
02/25/2020 01:53:55 PM,220 root INFO F1:[0.92, 0.38](best:1.0 , 0.42)
02/25/2020 01:54:13 PM,251 root INFO Training All-nodes accuracy:0.63(best:0.63)
02/25/2020 01:54:13 PM,252 root INFO Training Root accuracy:0.86(best:0.86)
02/25/2020 01:54:13 PM,252 root INFO Training F1:[0.95, 0.91](best:0.98 , 0.91)
02/25/2020 01:54:13 PM,254 root INFO Epoch: 9
02/25/2020 01:54:15 PM,265 root INFO Loss = tensor([27.4963])
02/25/2020 01:54:24 PM,656 root INFO Loss = tensor([29.6510])
02/25/2020 01:54:32 PM,880 root INFO Loss = tensor([30.5526])
02/25/2020 01:54:41 PM,445 root INFO Loss = tensor([30.3654])
02/25/2020 01:54:50 PM,359 root INFO Loss = tensor([28.8767])
02/25/2020 01:54:59 PM,51 root INFO Loss = tensor([31.4715])
02/25/2020 01:55:08 PM,16 root INFO Loss = tensor([30.8855])
02/25/2020 01:55:15 PM,892 root INFO Loss = tensor([29.0486])
02/25/2020 01:55:20 PM,77 root INFO Validation All-nodes accuracy:0.53(best:0.78)
02/25/2020 01:55:20 PM,78 root INFO Validation Root accuracy:0.79(best:0.79)
02/25/2020 01:55:20 PM,78 root INFO F1:[0.91, 0.46](best:1.0 , 0.46)
02/25/2020 01:55:34 PM,800 root INFO Training All-nodes accuracy:0.64(best:0.64)
02/25/2020 01:55:34 PM,800 root INFO Training Root accuracy:0.86(best:0.86)
02/25/2020 01:55:34 PM,801 root INFO Training F1:[0.89, 0.97](best:0.98 , 0.97)
02/25/2020 01:55:34 PM,803 root INFO Epoch: 10
02/25/2020 01:55:36 PM,782 root INFO Loss = tensor([27.5574])
02/25/2020 01:55:45 PM,784 root INFO Loss = tensor([27.4919])
02/25/2020 01:55:55 PM,23 root INFO Loss = tensor([27.3016])
02/25/2020 01:56:03 PM,730 root INFO Loss = tensor([29.9630])
02/25/2020 01:56:12 PM,804 root INFO Loss = tensor([28.6731])
02/25/2020 01:56:21 PM,195 root INFO Loss = tensor([26.5923])
02/25/2020 01:56:30 PM,345 root INFO Loss = tensor([26.7842])
02/25/2020 01:56:38 PM,156 root INFO Loss = tensor([26.6205])
02/25/2020 01:56:42 PM,546 root INFO Validation All-nodes accuracy:0.6(best:0.78)
02/25/2020 01:56:42 PM,546 root INFO Validation Root accuracy:0.79(best:0.79)
02/25/2020 01:56:42 PM,546 root INFO F1:[0.92, 0.5](best:1.0 , 0.5)
02/25/2020 01:56:57 PM,160 root INFO Training All-nodes accuracy:0.65(best:0.65)
02/25/2020 01:56:57 PM,161 root INFO Training Root accuracy:0.89(best:0.89)
02/25/2020 01:56:57 PM,162 root INFO Training F1:[0.92, 0.97](best:0.98 , 0.97)
02/25/2020 01:56:57 PM,163 root INFO Epoch: 11
02/25/2020 01:56:59 PM,32 root INFO Loss = tensor([24.9751])
02/25/2020 01:57:07 PM,653 root INFO Loss = tensor([27.6217])
02/25/2020 01:57:16 PM,539 root INFO Loss = tensor([27.1659])
02/25/2020 01:57:25 PM,445 root INFO Loss = tensor([28.8423])
02/25/2020 01:57:34 PM,444 root INFO Loss = tensor([28.4508])
02/25/2020 01:57:42 PM,963 root INFO Loss = tensor([27.0189])
02/25/2020 01:57:52 PM,392 root INFO Loss = tensor([26.8678])
02/25/2020 01:57:59 PM,849 root INFO Loss = tensor([26.4135])
02/25/2020 01:58:04 PM,198 root INFO Validation All-nodes accuracy:0.61(best:0.78)
02/25/2020 01:58:04 PM,199 root INFO Validation Root accuracy:0.79(best:0.79)
02/25/2020 01:58:04 PM,199 root INFO F1:[0.92, 0.5](best:1.0 , 0.5)
02/25/2020 01:58:18 PM,697 root INFO Training All-nodes accuracy:0.65(best:0.65)
02/25/2020 01:58:18 PM,698 root INFO Training Root accuracy:0.87(best:0.89)
02/25/2020 01:58:18 PM,698 root INFO Training F1:[0.9, 0.96](best:0.98 , 0.97)
02/25/2020 01:58:18 PM,700 root INFO Epoch: 12
02/25/2020 01:58:20 PM,852 root INFO Loss = tensor([27.4697])
02/25/2020 01:58:29 PM,965 root INFO Loss = tensor([24.6932])
02/25/2020 01:58:38 PM,479 root INFO Loss = tensor([25.9242])
02/25/2020 01:58:47 PM,350 root INFO Loss = tensor([24.7560])
02/25/2020 01:58:56 PM,265 root INFO Loss = tensor([27.6732])
02/25/2020 01:59:05 PM,340 root INFO Loss = tensor([26.4981])
02/25/2020 01:59:14 PM,85 root INFO Loss = tensor([27.7097])
02/25/2020 01:59:21 PM,629 root INFO Loss = tensor([27.1696])
02/25/2020 01:59:25 PM,927 root INFO Validation All-nodes accuracy:0.61(best:0.78)
02/25/2020 01:59:25 PM,927 root INFO Validation Root accuracy:0.71(best:0.79)
02/25/2020 01:59:25 PM,927 root INFO F1:[0.91, 0.29](best:1.0 , 0.5)
02/25/2020 01:59:40 PM,593 root INFO Training All-nodes accuracy:0.66(best:0.66)
02/25/2020 01:59:40 PM,593 root INFO Training Root accuracy:0.91(best:0.91)
02/25/2020 01:59:40 PM,594 root INFO Training F1:[0.96, 0.94](best:0.98 , 0.97)
02/25/2020 01:59:40 PM,596 root INFO Epoch: 13
02/25/2020 01:59:42 PM,581 root INFO Loss = tensor([26.3170])
02/25/2020 01:59:51 PM,842 root INFO Loss = tensor([30.1138])
02/25/2020 02:00:00 PM,379 root INFO Loss = tensor([35.7338])
02/25/2020 02:00:09 PM,115 root INFO Loss = tensor([34.2469])
02/25/2020 02:00:17 PM,862 root INFO Loss = tensor([26.4424])
02/25/2020 02:00:27 PM,455 root INFO Loss = tensor([29.5309])
02/25/2020 02:00:36 PM,271 root INFO Loss = tensor([32.1653])
02/25/2020 02:00:44 PM,105 root INFO Loss = tensor([28.8642])
02/25/2020 02:00:47 PM,998 root INFO Validation All-nodes accuracy:0.52(best:0.78)
02/25/2020 02:00:47 PM,998 root INFO Validation Root accuracy:0.72(best:0.79)
02/25/2020 02:00:47 PM,998 root INFO F1:[0.91, 0.3](best:1.0 , 0.5)
02/25/2020 02:01:07 PM,766 root INFO Training All-nodes accuracy:0.66(best:0.66)
02/25/2020 02:01:07 PM,799 root INFO Training Root accuracy:0.91(best:0.91)
02/25/2020 02:01:07 PM,799 root INFO Training F1:[0.97, 0.94](best:0.98 , 0.97)
02/25/2020 02:01:07 PM,802 root INFO Epoch: 14
02/25/2020 02:01:10 PM,116 root INFO Loss = tensor([28.2396])
02/25/2020 02:01:20 PM,588 root INFO Loss = tensor([30.7598])
02/25/2020 02:01:30 PM,419 root INFO Loss = tensor([31.8481])
02/25/2020 02:01:39 PM,263 root INFO Loss = tensor([30.1623])
02/25/2020 02:01:48 PM,319 root INFO Loss = tensor([27.0320])
02/25/2020 02:01:57 PM,750 root INFO Loss = tensor([27.7860])
02/25/2020 02:02:07 PM,1 root INFO Loss = tensor([29.7025])
02/25/2020 02:02:14 PM,780 root INFO Loss = tensor([27.8836])
02/25/2020 02:02:18 PM,905 root INFO Validation All-nodes accuracy:0.51(best:0.78)
02/25/2020 02:02:18 PM,905 root INFO Validation Root accuracy:0.77(best:0.79)
02/25/2020 02:02:18 PM,905 root INFO F1:[0.9, 0.22](best:1.0 , 0.5)
02/25/2020 02:02:33 PM,661 root INFO Training All-nodes accuracy:0.66(best:0.66)
02/25/2020 02:02:33 PM,661 root INFO Training Root accuracy:0.91(best:0.91)
02/25/2020 02:02:33 PM,661 root INFO Training F1:[0.95, 0.96](best:0.98 , 0.97)
02/25/2020 02:02:33 PM,663 root INFO Epoch: 15
02/25/2020 02:02:35 PM,599 root INFO Loss = tensor([23.5219])
02/25/2020 02:02:44 PM,483 root INFO Loss = tensor([26.9830])
02/25/2020 02:02:53 PM,991 root INFO Loss = tensor([24.6316])
02/25/2020 02:03:03 PM,9 root INFO Loss = tensor([27.7569])
02/25/2020 02:03:12 PM,599 root INFO Loss = tensor([24.6564])
02/25/2020 02:03:21 PM,900 root INFO Loss = tensor([25.1206])
02/25/2020 02:03:31 PM,232 root INFO Loss = tensor([26.5040])
02/25/2020 02:03:39 PM,312 root INFO Loss = tensor([25.4364])
02/25/2020 02:03:43 PM,367 root INFO Validation All-nodes accuracy:0.59(best:0.78)
02/25/2020 02:03:43 PM,367 root INFO Validation Root accuracy:0.76(best:0.79)
02/25/2020 02:03:43 PM,368 root INFO F1:[0.92, 0.42](best:1.0 , 0.5)
02/25/2020 02:04:00 PM,961 root INFO Training All-nodes accuracy:0.67(best:0.67)
02/25/2020 02:04:00 PM,962 root INFO Training Root accuracy:0.92(best:0.92)
02/25/2020 02:04:00 PM,963 root INFO Training F1:[0.97, 0.95](best:0.98 , 0.97)
02/25/2020 02:04:00 PM,964 root INFO Epoch: 16
02/25/2020 02:04:03 PM,169 root INFO Loss = tensor([25.9218])
02/25/2020 02:04:13 PM,181 root INFO Loss = tensor([25.2827])
02/25/2020 02:04:22 PM,388 root INFO Loss = tensor([26.4024])
02/25/2020 02:04:32 PM,145 root INFO Loss = tensor([25.3042])
02/25/2020 02:04:41 PM,731 root INFO Loss = tensor([22.3731])
02/25/2020 02:04:51 PM,21 root INFO Loss = tensor([24.8120])
02/25/2020 02:05:00 PM,692 root INFO Loss = tensor([24.8212])
02/25/2020 02:05:08 PM,673 root INFO Loss = tensor([25.3287])
02/25/2020 02:05:13 PM,91 root INFO Validation All-nodes accuracy:0.54(best:0.78)
02/25/2020 02:05:13 PM,91 root INFO Validation Root accuracy:0.8(best:0.8)
02/25/2020 02:05:13 PM,91 root INFO F1:[0.91, 0.44](best:1.0 , 0.5)
02/25/2020 02:05:30 PM,155 root INFO Training All-nodes accuracy:0.67(best:0.67)
02/25/2020 02:05:30 PM,157 root INFO Training Root accuracy:0.94(best:0.94)
02/25/2020 02:05:30 PM,157 root INFO Training F1:[0.95, 0.98](best:0.98 , 0.98)
02/25/2020 02:05:30 PM,158 root INFO Epoch: 17
02/25/2020 02:05:32 PM,136 root INFO Loss = tensor([24.6557])
02/25/2020 02:05:41 PM,289 root INFO Loss = tensor([24.5023])
02/25/2020 02:05:49 PM,956 root INFO Loss = tensor([25.1975])
02/25/2020 02:05:59 PM,471 root INFO Loss = tensor([26.6034])
02/25/2020 02:06:08 PM,465 root INFO Loss = tensor([25.8782])
02/25/2020 02:06:17 PM,654 root INFO Loss = tensor([25.4064])
02/25/2020 02:06:27 PM,194 root INFO Loss = tensor([25.3234])
02/25/2020 02:06:34 PM,533 root INFO Loss = tensor([27.8901])
02/25/2020 02:06:39 PM,43 root INFO Validation All-nodes accuracy:0.62(best:0.78)
02/25/2020 02:06:39 PM,43 root INFO Validation Root accuracy:0.74(best:0.8)
02/25/2020 02:06:39 PM,43 root INFO F1:[0.91, 0.38](best:1.0 , 0.5)
02/25/2020 02:06:54 PM,552 root INFO Training All-nodes accuracy:0.68(best:0.68)
02/25/2020 02:06:54 PM,552 root INFO Training Root accuracy:0.95(best:0.95)
02/25/2020 02:06:54 PM,552 root INFO Training F1:[0.98, 0.96](best:0.98 , 0.98)
02/25/2020 02:06:54 PM,557 root INFO Epoch: 18
02/25/2020 02:06:56 PM,815 root INFO Loss = tensor([24.2251])
02/25/2020 02:07:06 PM,572 root INFO Loss = tensor([23.9938])
02/25/2020 02:07:16 PM,339 root INFO Loss = tensor([24.4206])
02/25/2020 02:07:26 PM,330 root INFO Loss = tensor([24.9945])
02/25/2020 02:07:35 PM,616 root INFO Loss = tensor([24.6724])
02/25/2020 02:07:44 PM,305 root INFO Loss = tensor([24.8199])
02/25/2020 02:07:55 PM,173 root INFO Loss = tensor([23.8729])
02/25/2020 02:08:02 PM,654 root INFO Loss = tensor([24.5739])
02/25/2020 02:08:06 PM,680 root INFO Validation All-nodes accuracy:0.62(best:0.78)
02/25/2020 02:08:06 PM,680 root INFO Validation Root accuracy:0.76(best:0.8)
02/25/2020 02:08:06 PM,680 root INFO F1:[0.92, 0.42](best:1.0 , 0.5)
02/25/2020 02:08:21 PM,837 root INFO Training All-nodes accuracy:0.68(best:0.68)
02/25/2020 02:08:21 PM,837 root INFO Training Root accuracy:0.96(best:0.96)
02/25/2020 02:08:21 PM,838 root INFO Training F1:[0.98, 0.98](best:0.98 , 0.98)
02/25/2020 02:08:21 PM,839 root INFO Epoch: 19
02/25/2020 02:08:23 PM,839 root INFO Loss = tensor([24.4551])
02/25/2020 02:08:32 PM,913 root INFO Loss = tensor([22.9032])
02/25/2020 02:08:41 PM,456 root INFO Loss = tensor([24.0944])
02/25/2020 02:08:51 PM,149 root INFO Loss = tensor([26.5797])
02/25/2020 02:09:00 PM,570 root INFO Loss = tensor([24.4964])
02/25/2020 02:09:09 PM,752 root INFO Loss = tensor([27.3998])
02/25/2020 02:09:18 PM,449 root INFO Loss = tensor([35.4904])
02/25/2020 02:09:26 PM,199 root INFO Loss = tensor([31.7619])
02/25/2020 02:09:30 PM,443 root INFO Validation All-nodes accuracy:0.63(best:0.78)
02/25/2020 02:09:30 PM,443 root INFO Validation Root accuracy:0.8(best:0.8)
02/25/2020 02:09:30 PM,443 root INFO F1:[0.92, 0.5](best:1.0 , 0.5)
02/25/2020 02:09:45 PM,354 root INFO Training All-nodes accuracy:0.68(best:0.68)
02/25/2020 02:09:45 PM,354 root INFO Training Root accuracy:0.94(best:0.96)
02/25/2020 02:09:45 PM,354 root INFO Training F1:[0.95, 0.99](best:0.98 , 0.99)
02/25/2020 02:09:45 PM,356 root INFO Epoch: 20
02/25/2020 02:09:47 PM,167 root INFO Loss = tensor([23.1231])
02/25/2020 02:09:55 PM,900 root INFO Loss = tensor([31.5162])
02/25/2020 02:10:04 PM,568 root INFO Loss = tensor([33.6599])
02/25/2020 02:10:13 PM,792 root INFO Loss = tensor([36.8642])
02/25/2020 02:10:22 PM,706 root INFO Loss = tensor([28.2071])
02/25/2020 02:10:32 PM,42 root INFO Loss = tensor([26.1886])
02/25/2020 02:10:42 PM,891 root INFO Loss = tensor([29.5270])
02/25/2020 02:10:51 PM,985 root INFO Loss = tensor([30.5779])
02/25/2020 02:10:57 PM,238 root INFO Validation All-nodes accuracy:0.6(best:0.78)
02/25/2020 02:10:57 PM,249 root INFO Validation Root accuracy:0.66(best:0.8)
02/25/2020 02:10:57 PM,251 root INFO F1:[0.91, 0.34](best:1.0 , 0.5)
02/25/2020 02:11:13 PM,913 root INFO Training All-nodes accuracy:0.67(best:0.68)
02/25/2020 02:11:13 PM,913 root INFO Training Root accuracy:0.9(best:0.96)
02/25/2020 02:11:13 PM,914 root INFO Training F1:[0.99, 0.91](best:0.99 , 0.99)
02/25/2020 02:11:13 PM,916 root INFO Epoch: 21
02/25/2020 02:11:16 PM,327 root INFO Loss = tensor([24.9565])
02/25/2020 02:11:26 PM,233 root INFO Loss = tensor([23.8292])
02/25/2020 02:11:35 PM,625 root INFO Loss = tensor([23.7111])
02/25/2020 02:11:44 PM,569 root INFO Loss = tensor([23.1604])
02/25/2020 02:11:53 PM,864 root INFO Loss = tensor([25.4528])
02/25/2020 02:12:03 PM,797 root INFO Loss = tensor([24.2123])
02/25/2020 02:12:13 PM,857 root INFO Loss = tensor([26.4675])
02/25/2020 02:12:22 PM,356 root INFO Loss = tensor([26.5317])
02/25/2020 02:12:26 PM,906 root INFO Validation All-nodes accuracy:0.61(best:0.78)
02/25/2020 02:12:26 PM,906 root INFO Validation Root accuracy:0.75(best:0.8)
02/25/2020 02:12:26 PM,906 root INFO F1:[0.91, 0.4](best:1.0 , 0.5)
02/25/2020 02:12:43 PM,476 root INFO Training All-nodes accuracy:0.68(best:0.68)
02/25/2020 02:12:43 PM,476 root INFO Training Root accuracy:0.94(best:0.96)
02/25/2020 02:12:43 PM,476 root INFO Training F1:[0.97, 0.97](best:0.99 , 0.99)
02/25/2020 02:12:43 PM,480 root INFO Epoch: 22
02/25/2020 02:12:46 PM,18 root INFO Loss = tensor([24.2869])
02/25/2020 02:12:55 PM,788 root INFO Loss = tensor([23.5738])
02/25/2020 02:13:05 PM,263 root INFO Loss = tensor([24.3807])
02/25/2020 02:13:14 PM,924 root INFO Loss = tensor([22.5026])
02/25/2020 02:13:23 PM,911 root INFO Loss = tensor([23.8076])
02/25/2020 02:13:32 PM,775 root INFO Loss = tensor([26.7938])
02/25/2020 02:13:42 PM,88 root INFO Loss = tensor([22.2062])
02/25/2020 02:13:49 PM,273 root INFO Loss = tensor([22.8364])
02/25/2020 02:13:53 PM,898 root INFO Validation All-nodes accuracy:0.65(best:0.78)
02/25/2020 02:13:53 PM,898 root INFO Validation Root accuracy:0.77(best:0.8)
02/25/2020 02:13:53 PM,898 root INFO F1:[0.91, 0.4](best:1.0 , 0.5)
02/25/2020 02:14:10 PM,563 root INFO Training All-nodes accuracy:0.69(best:0.69)
02/25/2020 02:14:10 PM,564 root INFO Training Root accuracy:0.97(best:0.97)
02/25/2020 02:14:10 PM,564 root INFO Training F1:[0.98, 0.99](best:0.99 , 0.99)
02/25/2020 02:14:10 PM,565 root INFO Epoch: 23
02/25/2020 02:14:12 PM,493 root INFO Loss = tensor([23.6103])
02/25/2020 02:14:21 PM,954 root INFO Loss = tensor([23.7478])
02/25/2020 02:14:31 PM,337 root INFO Loss = tensor([22.4051])
02/25/2020 02:14:40 PM,602 root INFO Loss = tensor([28.9305])
02/25/2020 02:14:49 PM,767 root INFO Loss = tensor([29.6153])
02/25/2020 02:14:59 PM,426 root INFO Loss = tensor([23.0239])
02/25/2020 02:15:08 PM,978 root INFO Loss = tensor([26.5345])
02/25/2020 02:15:17 PM,213 root INFO Loss = tensor([27.3404])
02/25/2020 02:15:21 PM,336 root INFO Validation All-nodes accuracy:0.57(best:0.78)
02/25/2020 02:15:21 PM,336 root INFO Validation Root accuracy:0.75(best:0.8)
02/25/2020 02:15:21 PM,337 root INFO F1:[0.9, 0.18](best:1.0 , 0.5)
02/25/2020 02:15:38 PM,408 root INFO Training All-nodes accuracy:0.69(best:0.69)
02/25/2020 02:15:38 PM,408 root INFO Training Root accuracy:0.97(best:0.97)
02/25/2020 02:15:38 PM,408 root INFO Training F1:[0.98, 0.99](best:0.99 , 0.99)
02/25/2020 02:15:38 PM,411 root INFO Epoch: 24
02/25/2020 02:15:40 PM,596 root INFO Loss = tensor([24.3477])
02/25/2020 02:15:50 PM,491 root INFO Loss = tensor([34.1246])
02/25/2020 02:16:00 PM,627 root INFO Loss = tensor([34.0665])
02/25/2020 02:16:10 PM,250 root INFO Loss = tensor([34.1205])
02/25/2020 02:16:18 PM,909 root INFO Loss = tensor([21.8493])
02/25/2020 02:16:26 PM,991 root INFO Loss = tensor([27.7850])
02/25/2020 02:16:36 PM,120 root INFO Loss = tensor([34.3435])
02/25/2020 02:16:44 PM,69 root INFO Loss = tensor([33.8062])
02/25/2020 02:16:48 PM,261 root INFO Validation All-nodes accuracy:0.59(best:0.78)
02/25/2020 02:16:48 PM,262 root INFO Validation Root accuracy:0.77(best:0.8)
02/25/2020 02:16:48 PM,262 root INFO F1:[0.91, 0.4](best:1.0 , 0.5)
02/25/2020 02:17:02 PM,868 root INFO Training All-nodes accuracy:0.69(best:0.69)
02/25/2020 02:17:02 PM,869 root INFO Training Root accuracy:0.97(best:0.97)
02/25/2020 02:17:02 PM,869 root INFO Training F1:[0.99, 0.98](best:0.99 , 0.99)
02/25/2020 02:17:02 PM,871 root INFO Epoch: 25
02/25/2020 02:17:04 PM,692 root INFO Loss = tensor([22.5483])
02/25/2020 02:17:13 PM,918 root INFO Loss = tensor([34.1421])
02/25/2020 02:17:23 PM,91 root INFO Loss = tensor([33.5346])
02/25/2020 02:17:31 PM,979 root INFO Loss = tensor([30.7561])
02/25/2020 02:17:40 PM,961 root INFO Loss = tensor([22.8707])
02/25/2020 02:17:50 PM,447 root INFO Loss = tensor([25.8504])
02/25/2020 02:17:59 PM,249 root INFO Loss = tensor([28.0567])
02/25/2020 02:18:06 PM,631 root INFO Loss = tensor([23.3516])
02/25/2020 02:18:10 PM,874 root INFO Validation All-nodes accuracy:0.64(best:0.78)
02/25/2020 02:18:10 PM,875 root INFO Validation Root accuracy:0.76(best:0.8)
02/25/2020 02:18:10 PM,875 root INFO F1:[0.9, 0.2](best:1.0 , 0.5)
02/25/2020 02:18:25 PM,648 root INFO Training All-nodes accuracy:0.69(best:0.69)
02/25/2020 02:18:25 PM,649 root INFO Training Root accuracy:0.96(best:0.97)
02/25/2020 02:18:25 PM,649 root INFO Training F1:[0.97, 0.99](best:0.99 , 0.99)
02/25/2020 02:18:25 PM,651 root INFO Epoch: 26
02/25/2020 02:18:27 PM,843 root INFO Loss = tensor([24.2405])
02/25/2020 02:18:37 PM,596 root INFO Loss = tensor([25.7943])
02/25/2020 02:18:46 PM,687 root INFO Loss = tensor([23.9855])
02/25/2020 02:18:56 PM,734 root INFO Loss = tensor([25.1843])
02/25/2020 02:19:06 PM,268 root INFO Loss = tensor([24.6639])
02/25/2020 02:19:15 PM,490 root INFO Loss = tensor([21.2719])
02/25/2020 02:19:23 PM,644 root INFO Loss = tensor([28.0195])
02/25/2020 02:19:31 PM,299 root INFO Loss = tensor([32.8643])
02/25/2020 02:19:35 PM,547 root INFO Validation All-nodes accuracy:0.67(best:0.78)
02/25/2020 02:19:35 PM,547 root INFO Validation Root accuracy:0.78(best:0.8)
02/25/2020 02:19:35 PM,548 root INFO F1:[0.9, 0.25](best:1.0 , 0.5)
02/25/2020 02:19:49 PM,931 root INFO Training All-nodes accuracy:0.69(best:0.69)
02/25/2020 02:19:49 PM,931 root INFO Training Root accuracy:0.96(best:0.97)
02/25/2020 02:19:49 PM,931 root INFO Training F1:[0.97, 0.99](best:0.99 , 0.99)
02/25/2020 02:19:49 PM,933 root INFO Epoch: 27
02/25/2020 02:19:51 PM,983 root INFO Loss = tensor([22.1472])
02/25/2020 02:20:01 PM,27 root INFO Loss = tensor([23.8577])
02/25/2020 02:20:09 PM,633 root INFO Loss = tensor([25.3021])
02/25/2020 02:20:18 PM,291 root INFO Loss = tensor([24.4402])
02/25/2020 02:20:26 PM,929 root INFO Loss = tensor([23.3301])
02/25/2020 02:20:35 PM,449 root INFO Loss = tensor([26.4358])
02/25/2020 02:20:44 PM,265 root INFO Loss = tensor([30.6227])
02/25/2020 02:20:51 PM,725 root INFO Loss = tensor([28.2211])
02/25/2020 02:20:56 PM,137 root INFO Validation All-nodes accuracy:0.67(best:0.78)
02/25/2020 02:20:56 PM,138 root INFO Validation Root accuracy:0.79(best:0.8)
02/25/2020 02:20:56 PM,138 root INFO F1:[0.91, 0.4](best:1.0 , 0.5)
02/25/2020 02:21:11 PM,442 root INFO Training All-nodes accuracy:0.69(best:0.69)
02/25/2020 02:21:11 PM,442 root INFO Training Root accuracy:0.97(best:0.97)
02/25/2020 02:21:11 PM,443 root INFO Training F1:[0.98, 0.99](best:0.99 , 0.99)
02/25/2020 02:21:11 PM,445 root INFO Epoch: 28
02/25/2020 02:21:13 PM,269 root INFO Loss = tensor([22.3236])
02/25/2020 02:21:21 PM,988 root INFO Loss = tensor([29.6682])
02/25/2020 02:21:30 PM,978 root INFO Loss = tensor([31.6149])
02/25/2020 02:21:39 PM,780 root INFO Loss = tensor([35.3791])
02/25/2020 02:21:49 PM,107 root INFO Loss = tensor([30.3498])
02/25/2020 02:22:02 PM,321 root INFO Loss = tensor([23.9666])
02/25/2020 02:22:13 PM,779 root INFO Loss = tensor([30.1669])
02/25/2020 02:22:21 PM,755 root INFO Loss = tensor([32.9760])
02/25/2020 02:22:26 PM,229 root INFO Validation All-nodes accuracy:0.62(best:0.78)
02/25/2020 02:22:26 PM,229 root INFO Validation Root accuracy:0.76(best:0.8)
02/25/2020 02:22:26 PM,229 root INFO F1:[0.91, 0.38](best:1.0 , 0.5)
02/25/2020 02:22:43 PM,359 root INFO Training All-nodes accuracy:0.7(best:0.7)
02/25/2020 02:22:43 PM,360 root INFO Training Root accuracy:0.98(best:0.98)
02/25/2020 02:22:43 PM,360 root INFO Training F1:[0.99, 0.99](best:0.99 , 0.99)
02/25/2020 02:22:43 PM,362 root INFO Epoch: 29
02/25/2020 02:22:45 PM,559 root INFO Loss = tensor([22.8551])
02/25/2020 02:22:54 PM,407 root INFO Loss = tensor([23.7296])
02/25/2020 02:23:03 PM,27 root INFO Loss = tensor([24.1988])
02/25/2020 02:23:11 PM,812 root INFO Loss = tensor([21.5196])
02/25/2020 02:23:20 PM,121 root INFO Loss = tensor([23.5314])
02/25/2020 02:23:29 PM,1 root INFO Loss = tensor([23.5043])
02/25/2020 02:23:38 PM,256 root INFO Loss = tensor([23.0586])
02/25/2020 02:23:46 PM,292 root INFO Loss = tensor([23.4529])
02/25/2020 02:23:53 PM,151 root INFO Validation All-nodes accuracy:0.6(best:0.78)
02/25/2020 02:23:53 PM,152 root INFO Validation Root accuracy:0.77(best:0.8)
02/25/2020 02:23:53 PM,152 root INFO F1:[0.91, 0.33](best:1.0 , 0.5)
02/25/2020 02:24:13 PM,27 root INFO Training All-nodes accuracy:0.7(best:0.7)
02/25/2020 02:24:13 PM,29 root INFO Training Root accuracy:0.97(best:0.98)
02/25/2020 02:24:13 PM,29 root INFO Training F1:[0.98, 0.99](best:0.99 , 0.99)
02/25/2020 02:24:13 PM,30 root INFO Epoch: 30
02/25/2020 02:24:14 PM,982 root INFO Loss = tensor([23.2305])
02/25/2020 02:24:24 PM,752 root INFO Loss = tensor([24.2265])
02/25/2020 02:24:34 PM,930 root INFO Loss = tensor([21.5193])
02/25/2020 02:24:43 PM,338 root INFO Loss = tensor([22.7727])
02/25/2020 02:24:52 PM,22 root INFO Loss = tensor([23.6581])
02/25/2020 02:25:00 PM,544 root INFO Loss = tensor([22.9659])
02/25/2020 02:25:10 PM,232 root INFO Loss = tensor([21.8361])
02/25/2020 02:25:18 PM,291 root INFO Loss = tensor([23.6299])
02/25/2020 02:25:23 PM,145 root INFO Validation All-nodes accuracy:0.64(best:0.78)
02/25/2020 02:25:23 PM,145 root INFO Validation Root accuracy:0.78(best:0.8)
02/25/2020 02:25:23 PM,146 root INFO F1:[0.91, 0.36](best:1.0 , 0.5)
02/25/2020 02:25:40 PM,854 root INFO Training All-nodes accuracy:0.7(best:0.7)
02/25/2020 02:25:40 PM,856 root INFO Training Root accuracy:0.98(best:0.98)
02/25/2020 02:25:40 PM,856 root INFO Training F1:[0.99, 0.99](best:0.99 , 0.99)
02/25/2020 02:25:40 PM,857 root INFO Epoch: 31
02/25/2020 02:25:43 PM,4 root INFO Loss = tensor([22.9116])
02/25/2020 02:25:54 PM,459 root INFO Loss = tensor([23.9017])
02/25/2020 02:26:05 PM,13 root INFO Loss = tensor([25.1971])
02/25/2020 02:26:14 PM,254 root INFO Loss = tensor([23.8286])
02/25/2020 02:26:23 PM,404 root INFO Loss = tensor([27.1729])
02/25/2020 02:26:32 PM,286 root INFO Loss = tensor([24.5729])
02/25/2020 02:26:40 PM,878 root INFO Loss = tensor([22.2926])
02/25/2020 02:26:48 PM,99 root INFO Loss = tensor([30.5142])
02/25/2020 02:26:52 PM,359 root INFO Validation All-nodes accuracy:0.64(best:0.78)
02/25/2020 02:26:52 PM,359 root INFO Validation Root accuracy:0.79(best:0.8)
02/25/2020 02:26:52 PM,360 root INFO F1:[0.91, 0.4](best:1.0 , 0.5)
02/25/2020 02:27:08 PM,461 root INFO Training All-nodes accuracy:0.7(best:0.7)
02/25/2020 02:27:08 PM,462 root INFO Training Root accuracy:0.97(best:0.98)
02/25/2020 02:27:08 PM,462 root INFO Training F1:[0.98, 0.99](best:0.99 , 0.99)
02/25/2020 02:27:08 PM,464 root INFO Epoch: 32
02/25/2020 02:27:10 PM,681 root INFO Loss = tensor([22.7260])
02/25/2020 02:27:23 PM,470 root INFO Loss = tensor([24.8227])
02/25/2020 02:27:33 PM,264 root INFO Loss = tensor([21.2725])
02/25/2020 02:27:41 PM,994 root INFO Loss = tensor([23.4813])
02/25/2020 02:27:51 PM,225 root INFO Loss = tensor([20.6910])
02/25/2020 02:27:59 PM,899 root INFO Loss = tensor([22.8801])
02/25/2020 02:28:09 PM,951 root INFO Loss = tensor([24.2748])
02/25/2020 02:28:17 PM,736 root INFO Loss = tensor([23.4312])
02/25/2020 02:28:21 PM,840 root INFO Validation All-nodes accuracy:0.66(best:0.78)
02/25/2020 02:28:21 PM,840 root INFO Validation Root accuracy:0.8(best:0.8)
02/25/2020 02:28:21 PM,840 root INFO F1:[0.92, 0.53](best:1.0 , 0.53)
02/25/2020 02:28:36 PM,162 root INFO Training All-nodes accuracy:0.7(best:0.7)
02/25/2020 02:28:36 PM,163 root INFO Training Root accuracy:0.98(best:0.98)
02/25/2020 02:28:36 PM,163 root INFO Training F1:[0.99, 0.99](best:0.99 , 0.99)
02/25/2020 02:28:36 PM,165 root INFO Epoch: 33
02/25/2020 02:28:38 PM,134 root INFO Loss = tensor([23.4352])
02/25/2020 02:28:47 PM,236 root INFO Loss = tensor([24.2116])
02/25/2020 02:28:56 PM,242 root INFO Loss = tensor([26.1606])
02/25/2020 02:29:05 PM,55 root INFO Loss = tensor([25.0742])
02/25/2020 02:29:13 PM,767 root INFO Loss = tensor([22.8570])
02/25/2020 02:29:22 PM,526 root INFO Loss = tensor([23.9823])
02/25/2020 02:29:31 PM,215 root INFO Loss = tensor([21.9376])
02/25/2020 02:29:38 PM,519 root INFO Loss = tensor([23.8366])
02/25/2020 02:29:42 PM,752 root INFO Validation All-nodes accuracy:0.63(best:0.78)
02/25/2020 02:29:42 PM,753 root INFO Validation Root accuracy:0.73(best:0.8)
02/25/2020 02:29:42 PM,753 root INFO F1:[0.91, 0.36](best:1.0 , 0.53)
02/25/2020 02:29:56 PM,971 root INFO Training All-nodes accuracy:0.69(best:0.7)
02/25/2020 02:29:56 PM,971 root INFO Training Root accuracy:0.95(best:0.98)
02/25/2020 02:29:56 PM,972 root INFO Training F1:[0.99, 0.96](best:0.99 , 0.99)
02/25/2020 02:29:56 PM,973 root INFO Epoch: 34
02/25/2020 02:29:58 PM,777 root INFO Loss = tensor([22.0017])
02/25/2020 02:30:07 PM,442 root INFO Loss = tensor([22.7875])
02/25/2020 02:30:16 PM,410 root INFO Loss = tensor([29.5114])
02/25/2020 02:30:25 PM,562 root INFO Loss = tensor([29.2252])
02/25/2020 02:30:34 PM,121 root INFO Loss = tensor([23.8162])
02/25/2020 02:30:42 PM,589 root INFO Loss = tensor([26.0416])
02/25/2020 02:30:51 PM,281 root INFO Loss = tensor([26.8013])
02/25/2020 02:30:58 PM,530 root INFO Loss = tensor([24.4851])
02/25/2020 02:31:02 PM,741 root INFO Validation All-nodes accuracy:0.64(best:0.78)
02/25/2020 02:31:02 PM,741 root INFO Validation Root accuracy:0.74(best:0.8)
02/25/2020 02:31:02 PM,741 root INFO F1:[0.91, 0.33](best:1.0 , 0.53)
02/25/2020 02:31:17 PM,531 root INFO Training All-nodes accuracy:0.7(best:0.7)
02/25/2020 02:31:17 PM,531 root INFO Training Root accuracy:0.97(best:0.98)
02/25/2020 02:31:17 PM,531 root INFO Training F1:[0.99, 0.98](best:0.99 , 0.99)
02/25/2020 02:31:17 PM,533 root INFO Epoch: 35
02/25/2020 02:31:19 PM,492 root INFO Loss = tensor([21.0194])
02/25/2020 02:31:28 PM,32 root INFO Loss = tensor([23.2343])
02/25/2020 02:31:38 PM,138 root INFO Loss = tensor([21.5757])
02/25/2020 02:31:47 PM,605 root INFO Loss = tensor([21.6811])
02/25/2020 02:31:57 PM,160 root INFO Loss = tensor([23.8482])
02/25/2020 02:32:07 PM,22 root INFO Loss = tensor([21.9344])
02/25/2020 02:32:16 PM,15 root INFO Loss = tensor([22.2824])
02/25/2020 02:32:23 PM,19 root INFO Loss = tensor([23.3581])
02/25/2020 02:32:27 PM,14 root INFO Validation All-nodes accuracy:0.64(best:0.78)
02/25/2020 02:32:27 PM,14 root INFO Validation Root accuracy:0.76(best:0.8)
02/25/2020 02:32:27 PM,15 root INFO F1:[0.91, 0.38](best:1.0 , 0.53)
02/25/2020 02:32:40 PM,490 root INFO Training All-nodes accuracy:0.7(best:0.7)
02/25/2020 02:32:40 PM,491 root INFO Training Root accuracy:0.99(best:0.99)
02/25/2020 02:32:40 PM,491 root INFO Training F1:[0.99, 0.99](best:0.99 , 0.99)
02/25/2020 02:32:40 PM,493 root INFO Epoch: 36
02/25/2020 02:32:42 PM,249 root INFO Loss = tensor([22.2514])
02/25/2020 02:32:50 PM,819 root INFO Loss = tensor([24.3180])
02/25/2020 02:32:59 PM,23 root INFO Loss = tensor([21.4850])
02/25/2020 02:33:07 PM,169 root INFO Loss = tensor([23.3134])
02/25/2020 02:33:15 PM,432 root INFO Loss = tensor([22.4967])
02/25/2020 02:33:23 PM,644 root INFO Loss = tensor([21.8509])
02/25/2020 02:33:31 PM,930 root INFO Loss = tensor([26.1103])
02/25/2020 02:33:38 PM,776 root INFO Loss = tensor([33.1992])
02/25/2020 02:33:42 PM,688 root INFO Validation All-nodes accuracy:0.67(best:0.78)
02/25/2020 02:33:42 PM,689 root INFO Validation Root accuracy:0.79(best:0.8)
02/25/2020 02:33:42 PM,689 root INFO F1:[0.91, 0.4](best:1.0 , 0.53)
02/25/2020 02:33:56 PM,43 root INFO Training All-nodes accuracy:0.71(best:0.71)
02/25/2020 02:33:56 PM,43 root INFO Training Root accuracy:0.99(best:0.99)
02/25/2020 02:33:56 PM,43 root INFO Training F1:[0.99, 1.0](best:0.99 , 1.0)
02/25/2020 02:33:56 PM,45 root INFO Epoch: 37
02/25/2020 02:33:57 PM,806 root INFO Loss = tensor([21.6852])
02/25/2020 02:34:06 PM,154 root INFO Loss = tensor([23.9348])
02/25/2020 02:34:14 PM,313 root INFO Loss = tensor([23.4556])
02/25/2020 02:34:22 PM,255 root INFO Loss = tensor([22.5485])
02/25/2020 02:34:30 PM,577 root INFO Loss = tensor([24.6270])
02/25/2020 02:34:38 PM,811 root INFO Loss = tensor([33.2328])
02/25/2020 02:34:46 PM,973 root INFO Loss = tensor([23.1782])
02/25/2020 02:34:54 PM,132 root INFO Loss = tensor([24.3801])
02/25/2020 02:34:58 PM,333 root INFO Validation All-nodes accuracy:0.68(best:0.78)
02/25/2020 02:34:58 PM,333 root INFO Validation Root accuracy:0.78(best:0.8)
02/25/2020 02:34:58 PM,334 root INFO F1:[0.91, 0.36](best:1.0 , 0.53)
02/25/2020 02:35:11 PM,810 root INFO Training All-nodes accuracy:0.71(best:0.71)
02/25/2020 02:35:11 PM,810 root INFO Training Root accuracy:0.99(best:0.99)
02/25/2020 02:35:11 PM,811 root INFO Training F1:[0.99, 0.99](best:0.99 , 1.0)
02/25/2020 02:35:11 PM,812 root INFO Epoch: 38
02/25/2020 02:35:13 PM,487 root INFO Loss = tensor([21.0463])
02/25/2020 02:35:21 PM,504 root INFO Loss = tensor([22.4035])
02/25/2020 02:35:29 PM,821 root INFO Loss = tensor([21.2026])
02/25/2020 02:35:37 PM,967 root INFO Loss = tensor([21.3457])
02/25/2020 02:35:46 PM,260 root INFO Loss = tensor([21.7507])
02/25/2020 02:35:54 PM,511 root INFO Loss = tensor([21.7789])
02/25/2020 02:36:02 PM,719 root INFO Loss = tensor([22.8381])
02/25/2020 02:36:09 PM,717 root INFO Loss = tensor([24.2827])
02/25/2020 02:36:13 PM,835 root INFO Validation All-nodes accuracy:0.66(best:0.78)
02/25/2020 02:36:13 PM,835 root INFO Validation Root accuracy:0.79(best:0.8)
02/25/2020 02:36:13 PM,835 root INFO F1:[0.91, 0.4](best:1.0 , 0.53)
02/25/2020 02:36:27 PM,199 root INFO Training All-nodes accuracy:0.71(best:0.71)
02/25/2020 02:36:27 PM,199 root INFO Training Root accuracy:0.99(best:0.99)
02/25/2020 02:36:27 PM,199 root INFO Training F1:[0.99, 1.0](best:0.99 , 1.0)
02/25/2020 02:36:27 PM,202 root INFO Epoch: 39
02/25/2020 02:36:29 PM,37 root INFO Loss = tensor([22.7450])
02/25/2020 02:36:37 PM,665 root INFO Loss = tensor([21.6708])
02/25/2020 02:36:45 PM,891 root INFO Loss = tensor([22.2679])
02/25/2020 02:36:54 PM,293 root INFO Loss = tensor([20.7122])
02/25/2020 02:37:02 PM,336 root INFO Loss = tensor([22.0155])
02/25/2020 02:37:10 PM,219 root INFO Loss = tensor([20.2712])
02/25/2020 02:37:18 PM,49 root INFO Loss = tensor([21.5938])
02/25/2020 02:37:28 PM,368 root INFO Loss = tensor([23.0711])
02/25/2020 02:37:32 PM,508 root INFO Validation All-nodes accuracy:0.58(best:0.78)
02/25/2020 02:37:32 PM,508 root INFO Validation Root accuracy:0.78(best:0.8)
02/25/2020 02:37:32 PM,509 root INFO F1:[0.91, 0.36](best:1.0 , 0.53)
02/25/2020 02:37:46 PM,713 root INFO Training All-nodes accuracy:0.71(best:0.71)
02/25/2020 02:37:46 PM,713 root INFO Training Root accuracy:0.99(best:0.99)
02/25/2020 02:37:46 PM,713 root INFO Training F1:[0.99, 1.0](best:0.99 , 1.0)
02/25/2020 02:37:46 PM,716 root INFO Epoch: 40
02/25/2020 02:37:48 PM,536 root INFO Loss = tensor([21.5847])
02/25/2020 02:37:57 PM,85 root INFO Loss = tensor([30.4677])
02/25/2020 02:38:06 PM,261 root INFO Loss = tensor([37.0063])
02/25/2020 02:38:16 PM,976 root INFO Loss = tensor([32.5949])
02/25/2020 02:38:29 PM,912 root INFO Loss = tensor([21.3501])
02/25/2020 02:38:38 PM,339 root INFO Loss = tensor([24.0215])
02/25/2020 02:38:46 PM,919 root INFO Loss = tensor([32.7266])
02/25/2020 02:38:54 PM,180 root INFO Loss = tensor([38.1418])
02/25/2020 02:38:58 PM,364 root INFO Validation All-nodes accuracy:0.56(best:0.78)
02/25/2020 02:38:58 PM,364 root INFO Validation Root accuracy:0.79(best:0.8)
02/25/2020 02:38:58 PM,364 root INFO F1:[0.91, 0.46](best:1.0 , 0.53)
02/25/2020 02:39:12 PM,152 root INFO Training All-nodes accuracy:0.71(best:0.71)
02/25/2020 02:39:12 PM,152 root INFO Training Root accuracy:0.99(best:0.99)
02/25/2020 02:39:12 PM,152 root INFO Training F1:[0.99, 1.0](best:0.99 , 1.0)
02/25/2020 02:39:12 PM,154 root INFO Epoch: 41
02/25/2020 02:39:13 PM,912 root INFO Loss = tensor([20.4928])
02/25/2020 02:39:22 PM,498 root INFO Loss = tensor([21.5533])
02/25/2020 02:39:31 PM,116 root INFO Loss = tensor([21.3058])
02/25/2020 02:39:40 PM,318 root INFO Loss = tensor([20.5408])
02/25/2020 02:39:49 PM,416 root INFO Loss = tensor([22.1992])
02/25/2020 02:39:58 PM,885 root INFO Loss = tensor([22.4242])
02/25/2020 02:40:08 PM,928 root INFO Loss = tensor([22.3196])
02/25/2020 02:40:16 PM,615 root INFO Loss = tensor([21.1271])
02/25/2020 02:40:21 PM,414 root INFO Validation All-nodes accuracy:0.56(best:0.78)
02/25/2020 02:40:21 PM,415 root INFO Validation Root accuracy:0.76(best:0.8)
02/25/2020 02:40:21 PM,415 root INFO F1:[0.91, 0.31](best:1.0 , 0.53)
02/25/2020 02:40:37 PM,93 root INFO Training All-nodes accuracy:0.71(best:0.71)
02/25/2020 02:40:37 PM,93 root INFO Training Root accuracy:0.99(best:0.99)
02/25/2020 02:40:37 PM,94 root INFO Training F1:[0.99, 1.0](best:0.99 , 1.0)
02/25/2020 02:40:37 PM,96 root INFO Epoch: 42
02/25/2020 02:40:39 PM,256 root INFO Loss = tensor([20.9521])
02/25/2020 02:40:47 PM,684 root INFO Loss = tensor([28.9892])
02/25/2020 02:40:56 PM,129 root INFO Loss = tensor([35.5679])
02/25/2020 02:41:05 PM,784 root INFO Loss = tensor([26.8701])
02/25/2020 02:41:14 PM,516 root INFO Loss = tensor([21.0754])
02/25/2020 02:41:23 PM,617 root INFO Loss = tensor([30.2589])
02/25/2020 02:41:32 PM,472 root INFO Loss = tensor([34.1273])
02/25/2020 02:41:39 PM,392 root INFO Loss = tensor([37.1324])
02/25/2020 02:41:43 PM,387 root INFO Validation All-nodes accuracy:0.58(best:0.78)
02/25/2020 02:41:43 PM,387 root INFO Validation Root accuracy:0.77(best:0.8)
02/25/2020 02:41:43 PM,387 root INFO F1:[0.92, 0.44](best:1.0 , 0.53)
02/25/2020 02:41:57 PM,771 root INFO Training All-nodes accuracy:0.71(best:0.71)
02/25/2020 02:41:57 PM,772 root INFO Training Root accuracy:0.98(best:0.99)
02/25/2020 02:41:57 PM,772 root INFO Training F1:[0.99, 0.98](best:0.99 , 1.0)
02/25/2020 02:41:57 PM,774 root INFO Epoch: 43
02/25/2020 02:41:59 PM,698 root INFO Loss = tensor([21.9702])
02/25/2020 02:42:09 PM,195 root INFO Loss = tensor([26.6511])
02/25/2020 02:42:18 PM,556 root INFO Loss = tensor([36.2828])
02/25/2020 02:42:28 PM,163 root INFO Loss = tensor([30.6803])
02/25/2020 02:42:36 PM,724 root INFO Loss = tensor([20.2774])
02/25/2020 02:42:44 PM,798 root INFO Loss = tensor([23.7318])
02/25/2020 02:42:54 PM,425 root INFO Loss = tensor([28.6240])
02/25/2020 02:43:03 PM,508 root INFO Loss = tensor([28.3992])
02/25/2020 02:43:10 PM,845 root INFO Validation All-nodes accuracy:0.66(best:0.78)
02/25/2020 02:43:10 PM,845 root INFO Validation Root accuracy:0.78(best:0.8)
02/25/2020 02:43:10 PM,848 root INFO F1:[0.91, 0.43](best:1.0 , 0.53)
02/25/2020 02:43:30 PM,935 root INFO Training All-nodes accuracy:0.71(best:0.71)
02/25/2020 02:43:30 PM,936 root INFO Training Root accuracy:0.99(best:0.99)
02/25/2020 02:43:30 PM,936 root INFO Training F1:[0.99, 0.99](best:0.99 , 1.0)
02/25/2020 02:43:30 PM,938 root INFO Epoch: 44
02/25/2020 02:43:32 PM,899 root INFO Loss = tensor([22.5656])
02/25/2020 02:43:41 PM,896 root INFO Loss = tensor([19.9970])
02/25/2020 02:43:50 PM,879 root INFO Loss = tensor([21.3774])
02/25/2020 02:43:59 PM,388 root INFO Loss = tensor([20.5936])
02/25/2020 02:44:07 PM,914 root INFO Loss = tensor([21.4386])
02/25/2020 02:44:17 PM,392 root INFO Loss = tensor([21.1483])
02/25/2020 02:44:26 PM,699 root INFO Loss = tensor([21.8558])
02/25/2020 02:44:34 PM,614 root INFO Loss = tensor([24.6135])
02/25/2020 02:44:39 PM,693 root INFO Validation All-nodes accuracy:0.69(best:0.78)
02/25/2020 02:44:39 PM,694 root INFO Validation Root accuracy:0.77(best:0.8)
02/25/2020 02:44:39 PM,694 root INFO F1:[0.91, 0.33](best:1.0 , 0.53)
02/25/2020 02:44:54 PM,136 root INFO Training All-nodes accuracy:0.72(best:0.72)
02/25/2020 02:44:54 PM,137 root INFO Training Root accuracy:0.99(best:0.99)
02/25/2020 02:44:54 PM,137 root INFO Training F1:[0.99, 1.0](best:0.99 , 1.0)
02/25/2020 02:44:54 PM,138 root INFO Epoch: 45
02/25/2020 02:44:56 PM,51 root INFO Loss = tensor([22.3441])
02/25/2020 02:45:05 PM,457 root INFO Loss = tensor([25.9379])
02/25/2020 02:45:16 PM,345 root INFO Loss = tensor([31.6685])
02/25/2020 02:45:28 PM,983 root INFO Loss = tensor([22.6497])
02/25/2020 02:45:37 PM,669 root INFO Loss = tensor([20.6339])
02/25/2020 02:45:47 PM,66 root INFO Loss = tensor([20.2035])
02/25/2020 02:45:56 PM,189 root INFO Loss = tensor([21.3339])
02/25/2020 02:46:03 PM,654 root INFO Loss = tensor([23.5252])
02/25/2020 02:46:07 PM,894 root INFO Validation All-nodes accuracy:0.64(best:0.78)
02/25/2020 02:46:07 PM,894 root INFO Validation Root accuracy:0.8(best:0.8)
02/25/2020 02:46:07 PM,895 root INFO F1:[0.91, 0.44](best:1.0 , 0.53)
02/25/2020 02:46:22 PM,365 root INFO Training All-nodes accuracy:0.71(best:0.72)
02/25/2020 02:46:22 PM,365 root INFO Training Root accuracy:0.98(best:0.99)
02/25/2020 02:46:22 PM,366 root INFO Training F1:[0.98, 1.0](best:0.99 , 1.0)
02/25/2020 02:46:22 PM,367 root INFO Epoch: 46
02/25/2020 02:46:24 PM,122 root INFO Loss = tensor([20.7730])
02/25/2020 02:46:32 PM,783 root INFO Loss = tensor([21.9011])
02/25/2020 02:46:45 PM,199 root INFO Loss = tensor([22.0426])
02/25/2020 02:46:55 PM,53 root INFO Loss = tensor([21.3183])
02/25/2020 02:47:04 PM,599 root INFO Loss = tensor([20.0405])
02/25/2020 02:47:15 PM,11 root INFO Loss = tensor([21.6216])
02/25/2020 02:47:24 PM,354 root INFO Loss = tensor([22.6542])
02/25/2020 02:47:32 PM,972 root INFO Loss = tensor([20.5711])
02/25/2020 02:47:37 PM,245 root INFO Validation All-nodes accuracy:0.6(best:0.78)
02/25/2020 02:47:37 PM,245 root INFO Validation Root accuracy:0.79(best:0.8)
02/25/2020 02:47:37 PM,246 root INFO F1:[0.91, 0.4](best:1.0 , 0.53)
02/25/2020 02:47:55 PM,125 root INFO Training All-nodes accuracy:0.72(best:0.72)
02/25/2020 02:47:55 PM,126 root INFO Training Root accuracy:0.99(best:0.99)
02/25/2020 02:47:55 PM,126 root INFO Training F1:[0.99, 1.0](best:0.99 , 1.0)
02/25/2020 02:47:55 PM,130 root INFO Epoch: 47
02/25/2020 02:47:57 PM,478 root INFO Loss = tensor([20.8412])
02/25/2020 02:48:08 PM,412 root INFO Loss = tensor([22.7033])
02/25/2020 02:48:17 PM,2 root INFO Loss = tensor([21.2805])
02/25/2020 02:48:25 PM,545 root INFO Loss = tensor([20.7144])
02/25/2020 02:48:34 PM,598 root INFO Loss = tensor([21.6212])
02/25/2020 02:48:44 PM,200 root INFO Loss = tensor([20.8493])
02/25/2020 02:48:52 PM,618 root INFO Loss = tensor([22.1284])
02/25/2020 02:49:00 PM,205 root INFO Loss = tensor([21.2943])
02/25/2020 02:49:04 PM,207 root INFO Validation All-nodes accuracy:0.57(best:0.78)
02/25/2020 02:49:04 PM,207 root INFO Validation Root accuracy:0.78(best:0.8)
02/25/2020 02:49:04 PM,207 root INFO F1:[0.91, 0.36](best:1.0 , 0.53)
02/25/2020 02:49:21 PM,990 root INFO Training All-nodes accuracy:0.72(best:0.72)
02/25/2020 02:49:21 PM,990 root INFO Training Root accuracy:0.99(best:0.99)
02/25/2020 02:49:21 PM,991 root INFO Training F1:[0.99, 1.0](best:0.99 , 1.0)
02/25/2020 02:49:21 PM,992 root INFO Epoch: 48
02/25/2020 02:49:25 PM,247 root INFO Loss = tensor([19.7897])
02/25/2020 02:49:37 PM,463 root INFO Loss = tensor([22.2256])
02/25/2020 02:49:51 PM,159 root INFO Loss = tensor([20.8689])
02/25/2020 02:50:02 PM,283 root INFO Loss = tensor([20.8971])
02/25/2020 02:50:11 PM,817 root INFO Loss = tensor([20.5453])
02/25/2020 02:50:19 PM,708 root INFO Loss = tensor([19.7937])
02/25/2020 02:50:27 PM,840 root INFO Loss = tensor([22.0711])
02/25/2020 02:50:35 PM,14 root INFO Loss = tensor([21.7379])
02/25/2020 02:50:38 PM,976 root INFO Validation All-nodes accuracy:0.61(best:0.78)
02/25/2020 02:50:38 PM,977 root INFO Validation Root accuracy:0.77(best:0.8)
02/25/2020 02:50:38 PM,977 root INFO F1:[0.91, 0.33](best:1.0 , 0.53)
02/25/2020 02:50:52 PM,268 root INFO Training All-nodes accuracy:0.72(best:0.72)
02/25/2020 02:50:52 PM,268 root INFO Training Root accuracy:0.99(best:0.99)
02/25/2020 02:50:52 PM,268 root INFO Training F1:[0.99, 1.0](best:0.99 , 1.0)
02/25/2020 02:50:52 PM,270 root INFO Epoch: 49
02/25/2020 02:50:54 PM,5 root INFO Loss = tensor([20.3616])
02/25/2020 02:51:02 PM,423 root INFO Loss = tensor([21.7872])
02/25/2020 02:51:10 PM,684 root INFO Loss = tensor([19.8402])
02/25/2020 02:51:18 PM,701 root INFO Loss = tensor([23.1364])
02/25/2020 02:51:26 PM,848 root INFO Loss = tensor([23.7687])
02/25/2020 02:51:35 PM,82 root INFO Loss = tensor([20.1958])
02/25/2020 02:51:42 PM,972 root INFO Loss = tensor([22.0719])
02/25/2020 02:51:50 PM,40 root INFO Loss = tensor([20.0832])
02/25/2020 02:51:54 PM,715 root INFO Validation All-nodes accuracy:0.62(best:0.78)
02/25/2020 02:51:54 PM,717 root INFO Validation Root accuracy:0.8(best:0.8)
02/25/2020 02:51:54 PM,717 root INFO F1:[0.92, 0.5](best:1.0 , 0.53)
02/25/2020 02:52:10 PM,501 root INFO Training All-nodes accuracy:0.72(best:0.72)
02/25/2020 02:52:10 PM,502 root INFO Training Root accuracy:0.99(best:0.99)
02/25/2020 02:52:10 PM,503 root INFO Training F1:[0.99, 1.0](best:0.99 , 1.0)
