02/17/2020 03:33:04 PM,609 root ERROR Invalid alias: The name clear can't be aliased because it is another magic command.
02/17/2020 03:33:04 PM,610 root ERROR Invalid alias: The name more can't be aliased because it is another magic command.
02/17/2020 03:33:04 PM,610 root ERROR Invalid alias: The name less can't be aliased because it is another magic command.
02/17/2020 03:33:04 PM,610 root ERROR Invalid alias: The name man can't be aliased because it is another magic command.
03/17/2020 08:24:42 PM,933 gensim.utils INFO loading Word2VecKeyedVectors object from /Users/navreetkaur/MTP/finetune-word2vec/w2v-models/tech-word2vec-ner
03/17/2020 08:24:43 PM,149 gensim.utils INFO setting ignored attribute vectors_norm to None
03/17/2020 08:24:43 PM,149 gensim.utils INFO loaded /Users/navreetkaur/MTP/finetune-word2vec/w2v-models/tech-word2vec-ner
03/17/2020 08:24:43 PM,149 gensim.models.utils_any2vec INFO loading projection weights from /Users/navreetkaur/MTP/finetune-word2vec/w2v-models/GoogleNews-vectors-negative300.bin
03/17/2020 08:26:11 PM,735 gensim.models.utils_any2vec INFO loaded (3000000, 300) matrix from /Users/navreetkaur/MTP/finetune-word2vec/w2v-models/GoogleNews-vectors-negative300.bin
03/17/2020 08:26:12 PM,551 root INFO Start logging
03/17/2020 08:41:20 PM,698 root INFO Epoch: 0
03/17/2020 08:41:22 PM,930 root INFO Loss = tensor([31.0139])
03/17/2020 08:41:33 PM,296 root INFO Loss = tensor([27.0148])
03/17/2020 08:41:42 PM,604 root INFO Loss = tensor([28.3562])
03/17/2020 08:41:51 PM,100 root INFO Loss = tensor([25.8550])
03/17/2020 08:41:59 PM,627 root INFO Loss = tensor([25.0819])
03/17/2020 08:42:04 PM,507 root INFO Validation All-nodes accuracy:0.82(best:0.82)
03/17/2020 08:42:04 PM,507 root INFO Validation Root accuracy:0.83(best:0.83)
03/17/2020 08:42:04 PM,507 root INFO F1:[0.91, 0.5](best:0.91 , 0.5)
03/17/2020 08:42:13 PM,879 root INFO Training All-nodes accuracy:0.83(best:0.83)
03/17/2020 08:42:13 PM,879 root INFO Training Root accuracy:0.83(best:0.83)
03/17/2020 08:42:13 PM,879 root INFO Training F1:[0.91, 0.5](best:0.91 , 0.5)
03/17/2020 08:42:13 PM,880 root INFO Epoch: 1
03/17/2020 08:42:15 PM,705 root INFO Loss = tensor([25.4073])
03/17/2020 08:42:24 PM,711 root INFO Loss = tensor([22.6806])
03/17/2020 08:42:33 PM,891 root INFO Loss = tensor([22.8381])
03/17/2020 08:42:42 PM,586 root INFO Loss = tensor([17.0027])
03/17/2020 08:42:58 PM,15 root INFO Loss = tensor([17.7834])
03/17/2020 08:43:02 PM,815 root INFO Validation All-nodes accuracy:0.82(best:0.82)
03/17/2020 08:43:02 PM,815 root INFO Validation Root accuracy:0.83(best:0.83)
03/17/2020 08:43:02 PM,816 root INFO F1:[0.91, 0.5](best:0.91 , 0.5)
03/17/2020 08:43:12 PM,109 root INFO Training All-nodes accuracy:0.83(best:0.83)
03/17/2020 08:43:12 PM,109 root INFO Training Root accuracy:0.83(best:0.83)
03/17/2020 08:43:12 PM,109 root INFO Training F1:[0.91, 0.5](best:0.91 , 0.5)
03/17/2020 08:43:12 PM,110 root INFO Epoch: 2
03/17/2020 08:43:13 PM,955 root INFO Loss = tensor([23.4822])
03/17/2020 08:43:23 PM,819 root INFO Loss = tensor([20.0952])
03/17/2020 08:43:32 PM,592 root INFO Loss = tensor([22.4132])
03/17/2020 08:43:40 PM,827 root INFO Loss = tensor([19.1403])
03/17/2020 08:43:49 PM,876 root INFO Loss = tensor([21.4912])
03/17/2020 08:43:54 PM,803 root INFO Validation All-nodes accuracy:0.82(best:0.82)
03/17/2020 08:43:54 PM,803 root INFO Validation Root accuracy:0.83(best:0.83)
03/17/2020 08:43:54 PM,804 root INFO F1:[0.91, 0.5](best:0.91 , 0.5)
03/17/2020 08:44:03 PM,788 root INFO Training All-nodes accuracy:0.83(best:0.83)
03/17/2020 08:44:03 PM,788 root INFO Training Root accuracy:0.83(best:0.83)
03/17/2020 08:44:03 PM,788 root INFO Training F1:[0.91, 0.5](best:0.91 , 0.5)
03/17/2020 08:44:03 PM,790 root INFO Epoch: 3
03/17/2020 08:44:05 PM,698 root INFO Loss = tensor([22.6275])
03/17/2020 08:44:14 PM,626 root INFO Loss = tensor([22.4303])
03/17/2020 08:44:23 PM,902 root INFO Loss = tensor([18.2761])
03/17/2020 08:44:33 PM,107 root INFO Loss = tensor([20.8247])
03/17/2020 08:44:40 PM,621 root INFO Loss = tensor([21.3014])
03/17/2020 08:44:45 PM,351 root INFO Validation All-nodes accuracy:0.82(best:0.82)
03/17/2020 08:44:45 PM,352 root INFO Validation Root accuracy:0.83(best:0.83)
03/17/2020 08:44:45 PM,352 root INFO F1:[0.91, 0.5](best:0.91 , 0.5)
03/17/2020 08:44:54 PM,518 root INFO Training All-nodes accuracy:0.83(best:0.83)
03/17/2020 08:44:54 PM,519 root INFO Training Root accuracy:0.83(best:0.83)
03/17/2020 08:44:54 PM,519 root INFO Training F1:[0.91, 0.5](best:0.91 , 0.5)
03/17/2020 08:44:54 PM,520 root INFO Epoch: 4
03/17/2020 08:44:56 PM,561 root INFO Loss = tensor([21.1025])
03/17/2020 08:45:05 PM,776 root INFO Loss = tensor([16.4228])
03/17/2020 08:45:14 PM,786 root INFO Loss = tensor([21.9561])
03/17/2020 08:45:23 PM,955 root INFO Loss = tensor([23.1228])
03/17/2020 08:45:31 PM,629 root INFO Loss = tensor([21.2854])
03/17/2020 08:45:36 PM,341 root INFO Validation All-nodes accuracy:0.82(best:0.82)
03/17/2020 08:45:36 PM,341 root INFO Validation Root accuracy:0.83(best:0.83)
03/17/2020 08:45:36 PM,341 root INFO F1:[0.91, 0.5](best:0.91 , 0.5)
03/17/2020 08:45:45 PM,347 root INFO Training All-nodes accuracy:0.83(best:0.83)
03/17/2020 08:45:45 PM,347 root INFO Training Root accuracy:0.83(best:0.83)
03/17/2020 08:45:45 PM,347 root INFO Training F1:[0.91, 0.5](best:0.91 , 0.5)
03/17/2020 08:45:45 PM,348 root INFO Epoch: 5
03/17/2020 08:45:47 PM,428 root INFO Loss = tensor([23.2926])
03/17/2020 08:45:56 PM,760 root INFO Loss = tensor([21.7150])
03/17/2020 08:46:05 PM,624 root INFO Loss = tensor([20.0524])
03/17/2020 08:46:13 PM,903 root INFO Loss = tensor([21.5196])
03/17/2020 08:46:21 PM,682 root INFO Loss = tensor([18.2653])
03/17/2020 08:46:26 PM,798 root INFO Validation All-nodes accuracy:0.82(best:0.82)
03/17/2020 08:46:26 PM,798 root INFO Validation Root accuracy:0.83(best:0.83)
03/17/2020 08:46:26 PM,799 root INFO F1:[0.91, 0.5](best:0.91 , 0.5)
03/17/2020 08:46:35 PM,591 root INFO Training All-nodes accuracy:0.83(best:0.83)
03/17/2020 08:46:35 PM,591 root INFO Training Root accuracy:0.83(best:0.83)
03/17/2020 08:46:35 PM,591 root INFO Training F1:[0.91, 0.5](best:0.91 , 0.5)
03/17/2020 08:46:35 PM,592 root INFO Epoch: 6
03/17/2020 08:46:37 PM,797 root INFO Loss = tensor([18.3715])
03/17/2020 08:46:48 PM,950 root INFO Loss = tensor([23.0273])
03/17/2020 08:46:57 PM,471 root INFO Loss = tensor([20.6769])
03/17/2020 08:47:06 PM,781 root INFO Loss = tensor([18.1429])
03/17/2020 08:47:14 PM,403 root INFO Loss = tensor([27.3243])
03/17/2020 08:47:18 PM,976 root INFO Validation All-nodes accuracy:0.82(best:0.82)
03/17/2020 08:47:18 PM,976 root INFO Validation Root accuracy:0.83(best:0.83)
03/17/2020 08:47:18 PM,976 root INFO F1:[0.91, 0.5](best:0.91 , 0.5)
03/17/2020 08:47:28 PM,237 root INFO Training All-nodes accuracy:0.83(best:0.83)
03/17/2020 08:47:28 PM,237 root INFO Training Root accuracy:0.83(best:0.83)
03/17/2020 08:47:28 PM,238 root INFO Training F1:[0.91, 0.5](best:0.91 , 0.5)
03/17/2020 08:47:28 PM,240 root INFO Epoch: 7
03/17/2020 08:47:30 PM,177 root INFO Loss = tensor([17.9783])
03/17/2020 08:47:39 PM,158 root INFO Loss = tensor([19.4434])
03/17/2020 08:47:48 PM,577 root INFO Loss = tensor([18.7889])
03/17/2020 08:48:00 PM,145 root INFO Loss = tensor([27.8890])
03/17/2020 08:48:12 PM,305 root INFO Loss = tensor([18.1102])
03/17/2020 08:48:17 PM,539 root INFO Validation All-nodes accuracy:0.82(best:0.82)
03/17/2020 08:48:17 PM,539 root INFO Validation Root accuracy:0.83(best:0.83)
03/17/2020 08:48:17 PM,540 root INFO F1:[0.91, 0.5](best:0.91 , 0.5)
03/17/2020 08:48:29 PM,204 root INFO Training All-nodes accuracy:0.83(best:0.83)
03/17/2020 08:48:29 PM,204 root INFO Training Root accuracy:0.83(best:0.83)
03/17/2020 08:48:29 PM,204 root INFO Training F1:[0.91, 0.5](best:0.91 , 0.5)
03/17/2020 08:48:29 PM,206 root INFO Epoch: 8
03/17/2020 08:48:31 PM,139 root INFO Loss = tensor([24.5813])
03/17/2020 08:48:41 PM,338 root INFO Loss = tensor([21.1484])
03/17/2020 08:48:51 PM,779 root INFO Loss = tensor([21.1723])
03/17/2020 08:49:01 PM,321 root INFO Loss = tensor([17.8504])
03/17/2020 08:49:09 PM,41 root INFO Loss = tensor([17.5349])
03/17/2020 08:49:13 PM,929 root INFO Validation All-nodes accuracy:0.82(best:0.82)
03/17/2020 08:49:13 PM,930 root INFO Validation Root accuracy:0.83(best:0.83)
03/17/2020 08:49:13 PM,931 root INFO F1:[0.91, 0.5](best:0.91 , 0.5)
03/17/2020 08:49:23 PM,70 root INFO Training All-nodes accuracy:0.83(best:0.83)
03/17/2020 08:49:23 PM,70 root INFO Training Root accuracy:0.83(best:0.83)
03/17/2020 08:49:23 PM,70 root INFO Training F1:[0.91, 0.5](best:0.91 , 0.5)
03/17/2020 08:49:23 PM,72 root INFO Epoch: 9
03/17/2020 08:49:25 PM,19 root INFO Loss = tensor([19.7812])
03/17/2020 08:49:34 PM,58 root INFO Loss = tensor([19.2235])
03/17/2020 08:49:43 PM,389 root INFO Loss = tensor([22.2048])
03/17/2020 08:49:51 PM,886 root INFO Loss = tensor([24.4240])
03/17/2020 08:49:59 PM,298 root INFO Loss = tensor([19.7731])
03/17/2020 08:50:03 PM,708 root INFO Validation All-nodes accuracy:0.82(best:0.82)
03/17/2020 08:50:03 PM,708 root INFO Validation Root accuracy:0.83(best:0.83)
03/17/2020 08:50:03 PM,708 root INFO F1:[0.91, 0.5](best:0.91 , 0.5)
03/17/2020 08:50:12 PM,251 root INFO Training All-nodes accuracy:0.83(best:0.83)
03/17/2020 08:50:12 PM,251 root INFO Training Root accuracy:0.83(best:0.83)
03/17/2020 08:50:12 PM,251 root INFO Training F1:[0.91, 0.5](best:0.91 , 0.5)
03/17/2020 08:50:12 PM,252 root INFO Epoch: 10
03/17/2020 08:50:14 PM,108 root INFO Loss = tensor([24.9805])
03/17/2020 08:50:22 PM,746 root INFO Loss = tensor([17.7813])
03/17/2020 08:50:32 PM,544 root INFO Loss = tensor([20.5437])
03/17/2020 08:50:43 PM,20 root INFO Loss = tensor([21.3652])
03/17/2020 08:50:53 PM,74 root INFO Loss = tensor([16.5311])
03/17/2020 08:50:57 PM,685 root INFO Validation All-nodes accuracy:0.82(best:0.82)
03/17/2020 08:50:57 PM,685 root INFO Validation Root accuracy:0.83(best:0.83)
03/17/2020 08:50:57 PM,686 root INFO F1:[0.91, 0.5](best:0.91 , 0.5)
03/17/2020 08:51:06 PM,259 root INFO Training All-nodes accuracy:0.83(best:0.83)
03/17/2020 08:51:06 PM,259 root INFO Training Root accuracy:0.83(best:0.83)
03/17/2020 08:51:06 PM,259 root INFO Training F1:[0.91, 0.5](best:0.91 , 0.5)
03/17/2020 08:51:06 PM,261 root INFO Epoch: 11
03/17/2020 08:51:08 PM,245 root INFO Loss = tensor([20.7286])
03/17/2020 08:51:17 PM,160 root INFO Loss = tensor([22.4931])
03/17/2020 08:51:26 PM,56 root INFO Loss = tensor([18.9362])
03/17/2020 08:51:35 PM,529 root INFO Loss = tensor([20.5179])
03/17/2020 08:51:43 PM,258 root INFO Loss = tensor([20.3456])
03/17/2020 08:51:47 PM,994 root INFO Validation All-nodes accuracy:0.82(best:0.82)
03/17/2020 08:51:47 PM,994 root INFO Validation Root accuracy:0.83(best:0.83)
03/17/2020 08:51:47 PM,995 root INFO F1:[0.91, 0.5](best:0.91 , 0.5)
03/17/2020 08:51:58 PM,438 root INFO Training All-nodes accuracy:0.83(best:0.83)
03/17/2020 08:51:58 PM,440 root INFO Training Root accuracy:0.83(best:0.83)
03/17/2020 08:51:58 PM,440 root INFO Training F1:[0.91, 0.5](best:0.91 , 0.5)
03/17/2020 08:51:58 PM,441 root INFO Epoch: 12
03/17/2020 08:52:00 PM,495 root INFO Loss = tensor([21.0695])
03/17/2020 08:52:09 PM,942 root INFO Loss = tensor([21.8040])
03/17/2020 08:52:22 PM,711 root INFO Loss = tensor([22.1367])
03/17/2020 08:52:31 PM,915 root INFO Loss = tensor([20.4292])
03/17/2020 08:52:39 PM,471 root INFO Loss = tensor([23.2472])
03/17/2020 08:52:44 PM,140 root INFO Validation All-nodes accuracy:0.82(best:0.82)
03/17/2020 08:52:44 PM,140 root INFO Validation Root accuracy:0.83(best:0.83)
03/17/2020 08:52:44 PM,140 root INFO F1:[0.91, 0.5](best:0.91 , 0.5)
03/17/2020 08:52:54 PM,751 root INFO Training All-nodes accuracy:0.83(best:0.83)
03/17/2020 08:52:54 PM,752 root INFO Training Root accuracy:0.83(best:0.83)
03/17/2020 08:52:54 PM,752 root INFO Training F1:[0.91, 0.5](best:0.91 , 0.5)
03/17/2020 08:52:54 PM,753 root INFO Epoch: 13
03/17/2020 08:52:56 PM,564 root INFO Loss = tensor([22.9617])
03/17/2020 08:53:04 PM,710 root INFO Loss = tensor([20.5635])
03/17/2020 08:53:13 PM,10 root INFO Loss = tensor([21.1208])
03/17/2020 08:53:21 PM,463 root INFO Loss = tensor([20.1063])
03/17/2020 08:53:28 PM,593 root INFO Loss = tensor([16.7109])
03/17/2020 08:53:32 PM,949 root INFO Validation All-nodes accuracy:0.82(best:0.82)
03/17/2020 08:53:32 PM,949 root INFO Validation Root accuracy:0.83(best:0.83)
03/17/2020 08:53:32 PM,949 root INFO F1:[0.91, 0.5](best:0.91 , 0.5)
03/17/2020 08:53:41 PM,49 root INFO Training All-nodes accuracy:0.83(best:0.83)
03/17/2020 08:53:41 PM,49 root INFO Training Root accuracy:0.83(best:0.83)
03/17/2020 08:53:41 PM,49 root INFO Training F1:[0.91, 0.5](best:0.91 , 0.5)
03/17/2020 08:53:41 PM,51 root INFO Epoch: 14
03/17/2020 08:53:42 PM,686 root INFO Loss = tensor([19.0103])
03/17/2020 08:53:50 PM,624 root INFO Loss = tensor([19.0363])
03/17/2020 08:53:58 PM,797 root INFO Loss = tensor([19.3926])
03/17/2020 08:54:06 PM,976 root INFO Loss = tensor([23.7656])
03/17/2020 08:54:14 PM,403 root INFO Loss = tensor([25.2594])
03/17/2020 08:54:18 PM,926 root INFO Validation All-nodes accuracy:0.82(best:0.82)
03/17/2020 08:54:18 PM,926 root INFO Validation Root accuracy:0.83(best:0.83)
03/17/2020 08:54:18 PM,926 root INFO F1:[0.91, 0.5](best:0.91 , 0.5)
03/17/2020 08:54:27 PM,2 root INFO Training All-nodes accuracy:0.83(best:0.83)
03/17/2020 08:54:27 PM,2 root INFO Training Root accuracy:0.83(best:0.83)
03/17/2020 08:54:27 PM,2 root INFO Training F1:[0.91, 0.5](best:0.91 , 0.5)
03/17/2020 08:54:27 PM,3 root INFO Epoch: 15
03/17/2020 08:54:28 PM,700 root INFO Loss = tensor([18.9851])
03/17/2020 08:54:36 PM,877 root INFO Loss = tensor([19.6021])
03/17/2020 08:54:45 PM,189 root INFO Loss = tensor([21.4280])
03/17/2020 08:54:53 PM,669 root INFO Loss = tensor([22.4964])
03/17/2020 08:55:00 PM,877 root INFO Loss = tensor([20.3179])
03/17/2020 08:55:05 PM,277 root INFO Validation All-nodes accuracy:0.82(best:0.82)
03/17/2020 08:55:05 PM,277 root INFO Validation Root accuracy:0.83(best:0.83)
03/17/2020 08:55:05 PM,278 root INFO F1:[0.91, 0.5](best:0.91 , 0.5)
03/17/2020 08:55:13 PM,274 root INFO Training All-nodes accuracy:0.83(best:0.83)
03/17/2020 08:55:13 PM,274 root INFO Training Root accuracy:0.83(best:0.83)
03/17/2020 08:55:13 PM,274 root INFO Training F1:[0.91, 0.5](best:0.91 , 0.5)
03/17/2020 08:55:13 PM,275 root INFO Epoch: 16
03/17/2020 08:55:14 PM,981 root INFO Loss = tensor([17.0071])
03/17/2020 08:55:23 PM,259 root INFO Loss = tensor([22.4901])
03/17/2020 08:55:31 PM,611 root INFO Loss = tensor([19.4874])
03/17/2020 08:55:39 PM,768 root INFO Loss = tensor([22.1169])
03/17/2020 08:55:47 PM,11 root INFO Loss = tensor([24.0620])
03/17/2020 08:55:51 PM,478 root INFO Validation All-nodes accuracy:0.82(best:0.82)
03/17/2020 08:55:51 PM,478 root INFO Validation Root accuracy:0.83(best:0.83)
03/17/2020 08:55:51 PM,479 root INFO F1:[0.91, 0.5](best:0.91 , 0.5)
03/17/2020 08:55:59 PM,467 root INFO Training All-nodes accuracy:0.83(best:0.83)
03/17/2020 08:55:59 PM,467 root INFO Training Root accuracy:0.83(best:0.83)
03/17/2020 08:55:59 PM,467 root INFO Training F1:[0.91, 0.5](best:0.91 , 0.5)
03/17/2020 08:55:59 PM,469 root INFO Epoch: 17
03/17/2020 08:56:01 PM,271 root INFO Loss = tensor([22.1743])
03/17/2020 08:56:10 PM,46 root INFO Loss = tensor([23.4933])
03/17/2020 08:56:18 PM,264 root INFO Loss = tensor([19.2739])
03/17/2020 08:56:26 PM,780 root INFO Loss = tensor([20.5126])
03/17/2020 08:57:51 PM,246 root INFO Loss = tensor([17.8679])
03/17/2020 08:57:55 PM,437 root INFO Validation All-nodes accuracy:0.82(best:0.82)
03/17/2020 08:57:55 PM,438 root INFO Validation Root accuracy:0.83(best:0.83)
03/17/2020 08:57:55 PM,438 root INFO F1:[0.91, 0.5](best:0.91 , 0.5)
03/17/2020 08:58:03 PM,322 root INFO Training All-nodes accuracy:0.83(best:0.83)
03/17/2020 08:58:03 PM,322 root INFO Training Root accuracy:0.83(best:0.83)
03/17/2020 08:58:03 PM,322 root INFO Training F1:[0.91, 0.5](best:0.91 , 0.5)
03/17/2020 08:58:03 PM,323 root INFO Epoch: 18
03/17/2020 08:58:04 PM,990 root INFO Loss = tensor([19.5658])
03/17/2020 08:58:12 PM,807 root INFO Loss = tensor([20.1173])
03/17/2020 08:58:20 PM,863 root INFO Loss = tensor([23.1969])
03/17/2020 08:58:29 PM,220 root INFO Loss = tensor([20.9718])
03/17/2020 08:58:36 PM,230 root INFO Loss = tensor([23.1456])
03/17/2020 08:58:40 PM,656 root INFO Validation All-nodes accuracy:0.82(best:0.82)
03/17/2020 08:58:40 PM,657 root INFO Validation Root accuracy:0.83(best:0.83)
03/17/2020 08:58:40 PM,657 root INFO F1:[0.91, 0.5](best:0.91 , 0.5)
03/17/2020 08:58:48 PM,802 root INFO Training All-nodes accuracy:0.83(best:0.83)
03/17/2020 08:58:48 PM,802 root INFO Training Root accuracy:0.83(best:0.83)
03/17/2020 08:58:48 PM,802 root INFO Training F1:[0.91, 0.5](best:0.91 , 0.5)
03/17/2020 08:58:48 PM,803 root INFO Epoch: 19
03/17/2020 08:58:50 PM,495 root INFO Loss = tensor([20.6102])
03/17/2020 08:58:58 PM,429 root INFO Loss = tensor([22.8676])
03/17/2020 08:59:07 PM,145 root INFO Loss = tensor([21.4979])
03/17/2020 08:59:15 PM,363 root INFO Loss = tensor([19.2128])
03/17/2020 08:59:22 PM,910 root INFO Loss = tensor([18.5212])
03/17/2020 08:59:27 PM,266 root INFO Validation All-nodes accuracy:0.82(best:0.82)
03/17/2020 08:59:27 PM,267 root INFO Validation Root accuracy:0.83(best:0.83)
03/17/2020 08:59:27 PM,267 root INFO F1:[0.91, 0.5](best:0.91 , 0.5)
03/17/2020 08:59:35 PM,392 root INFO Training All-nodes accuracy:0.83(best:0.83)
03/17/2020 08:59:35 PM,392 root INFO Training Root accuracy:0.83(best:0.83)
03/17/2020 08:59:35 PM,393 root INFO Training F1:[0.91, 0.5](best:0.91 , 0.5)
03/17/2020 08:59:35 PM,394 root INFO Epoch: 20
03/17/2020 08:59:37 PM,195 root INFO Loss = tensor([19.9534])
03/17/2020 08:59:45 PM,583 root INFO Loss = tensor([23.8316])
03/17/2020 08:59:53 PM,630 root INFO Loss = tensor([19.6447])
03/17/2020 09:00:01 PM,721 root INFO Loss = tensor([19.5737])
03/17/2020 09:00:08 PM,768 root INFO Loss = tensor([18.7213])
03/17/2020 09:00:12 PM,920 root INFO Validation All-nodes accuracy:0.82(best:0.82)
03/17/2020 09:00:12 PM,920 root INFO Validation Root accuracy:0.83(best:0.83)
03/17/2020 09:00:12 PM,921 root INFO F1:[0.91, 0.5](best:0.91 , 0.5)
03/17/2020 09:00:21 PM,40 root INFO Training All-nodes accuracy:0.83(best:0.83)
03/17/2020 09:00:21 PM,40 root INFO Training Root accuracy:0.83(best:0.83)
03/17/2020 09:00:21 PM,40 root INFO Training F1:[0.91, 0.5](best:0.91 , 0.5)
03/17/2020 09:00:21 PM,41 root INFO Epoch: 21
03/17/2020 09:00:22 PM,770 root INFO Loss = tensor([23.5502])
03/17/2020 09:00:30 PM,867 root INFO Loss = tensor([19.3644])
03/17/2020 09:00:39 PM,208 root INFO Loss = tensor([19.1140])
03/17/2020 09:00:47 PM,196 root INFO Loss = tensor([21.3768])
03/17/2020 09:00:54 PM,141 root INFO Loss = tensor([17.5834])
03/17/2020 09:00:58 PM,415 root INFO Validation All-nodes accuracy:0.82(best:0.82)
03/17/2020 09:00:58 PM,415 root INFO Validation Root accuracy:0.83(best:0.83)
03/17/2020 09:00:58 PM,416 root INFO F1:[0.91, 0.5](best:0.91 , 0.5)
03/17/2020 09:01:06 PM,476 root INFO Training All-nodes accuracy:0.83(best:0.83)
03/17/2020 09:01:06 PM,477 root INFO Training Root accuracy:0.83(best:0.83)
03/17/2020 09:01:06 PM,477 root INFO Training F1:[0.91, 0.5](best:0.91 , 0.5)
03/17/2020 09:01:06 PM,478 root INFO Epoch: 22
03/17/2020 09:01:08 PM,238 root INFO Loss = tensor([21.5468])
03/17/2020 09:01:16 PM,545 root INFO Loss = tensor([20.5000])
03/17/2020 09:01:25 PM,35 root INFO Loss = tensor([19.7793])
03/17/2020 09:01:33 PM,113 root INFO Loss = tensor([20.1370])
03/17/2020 09:01:39 PM,889 root INFO Loss = tensor([21.0921])
03/17/2020 09:01:44 PM,233 root INFO Validation All-nodes accuracy:0.82(best:0.82)
03/17/2020 09:01:44 PM,234 root INFO Validation Root accuracy:0.83(best:0.83)
03/17/2020 09:01:44 PM,234 root INFO F1:[0.91, 0.5](best:0.91 , 0.5)
03/17/2020 09:01:52 PM,434 root INFO Training All-nodes accuracy:0.83(best:0.83)
03/17/2020 09:01:52 PM,434 root INFO Training Root accuracy:0.83(best:0.83)
03/17/2020 09:01:52 PM,434 root INFO Training F1:[0.91, 0.5](best:0.91 , 0.5)
03/17/2020 09:01:52 PM,436 root INFO Epoch: 23
03/17/2020 09:01:54 PM,234 root INFO Loss = tensor([17.4900])
03/17/2020 09:02:02 PM,569 root INFO Loss = tensor([20.4332])
03/17/2020 09:02:10 PM,608 root INFO Loss = tensor([26.5145])
03/17/2020 09:02:18 PM,831 root INFO Loss = tensor([17.4510])
03/17/2020 09:02:25 PM,687 root INFO Loss = tensor([20.7665])
03/17/2020 09:02:30 PM,30 root INFO Validation All-nodes accuracy:0.82(best:0.82)
03/17/2020 09:02:30 PM,30 root INFO Validation Root accuracy:0.83(best:0.83)
03/17/2020 09:02:30 PM,30 root INFO F1:[0.91, 0.5](best:0.91 , 0.5)
03/17/2020 09:02:38 PM,146 root INFO Training All-nodes accuracy:0.83(best:0.83)
03/17/2020 09:02:38 PM,146 root INFO Training Root accuracy:0.83(best:0.83)
03/17/2020 09:02:38 PM,146 root INFO Training F1:[0.91, 0.5](best:0.91 , 0.5)
03/17/2020 09:02:38 PM,148 root INFO Epoch: 24
03/17/2020 09:02:39 PM,878 root INFO Loss = tensor([20.7283])
03/17/2020 09:02:48 PM,125 root INFO Loss = tensor([18.6382])
03/17/2020 09:02:56 PM,276 root INFO Loss = tensor([22.5022])
03/17/2020 09:03:04 PM,549 root INFO Loss = tensor([22.1298])
03/17/2020 09:03:11 PM,630 root INFO Loss = tensor([16.6528])
03/17/2020 09:03:16 PM,185 root INFO Validation All-nodes accuracy:0.82(best:0.82)
03/17/2020 09:03:16 PM,185 root INFO Validation Root accuracy:0.83(best:0.83)
03/17/2020 09:03:16 PM,185 root INFO F1:[0.91, 0.5](best:0.91 , 0.5)
03/17/2020 09:03:24 PM,275 root INFO Training All-nodes accuracy:0.83(best:0.83)
03/17/2020 09:03:24 PM,275 root INFO Training Root accuracy:0.83(best:0.83)
03/17/2020 09:03:24 PM,276 root INFO Training F1:[0.91, 0.5](best:0.91 , 0.5)
03/17/2020 09:03:24 PM,277 root INFO Epoch: 25
03/17/2020 09:03:26 PM,29 root INFO Loss = tensor([22.6230])
03/17/2020 09:03:34 PM,198 root INFO Loss = tensor([18.9484])
03/17/2020 09:03:42 PM,318 root INFO Loss = tensor([21.7766])
03/17/2020 09:03:50 PM,611 root INFO Loss = tensor([21.0345])
03/17/2020 09:03:57 PM,840 root INFO Loss = tensor([12.8843])
03/17/2020 09:04:02 PM,146 root INFO Validation All-nodes accuracy:0.82(best:0.82)
03/17/2020 09:04:02 PM,146 root INFO Validation Root accuracy:0.83(best:0.83)
03/17/2020 09:04:02 PM,147 root INFO F1:[0.91, 0.5](best:0.91 , 0.5)
03/17/2020 09:04:10 PM,151 root INFO Training All-nodes accuracy:0.83(best:0.83)
03/17/2020 09:04:10 PM,151 root INFO Training Root accuracy:0.83(best:0.83)
03/17/2020 09:04:10 PM,152 root INFO Training F1:[0.91, 0.5](best:0.91 , 0.5)
03/17/2020 09:04:10 PM,153 root INFO Epoch: 26
03/17/2020 09:04:11 PM,873 root INFO Loss = tensor([19.6031])
03/17/2020 09:04:20 PM,2 root INFO Loss = tensor([22.4889])
03/17/2020 09:04:28 PM,222 root INFO Loss = tensor([17.1074])
03/17/2020 09:04:36 PM,518 root INFO Loss = tensor([25.1754])
03/17/2020 09:04:43 PM,739 root INFO Loss = tensor([15.8871])
03/17/2020 09:04:48 PM,349 root INFO Validation All-nodes accuracy:0.82(best:0.82)
03/17/2020 09:04:48 PM,349 root INFO Validation Root accuracy:0.83(best:0.83)
03/17/2020 09:04:48 PM,349 root INFO F1:[0.91, 0.5](best:0.91 , 0.5)
03/17/2020 09:04:56 PM,418 root INFO Training All-nodes accuracy:0.83(best:0.83)
03/17/2020 09:04:56 PM,419 root INFO Training Root accuracy:0.83(best:0.83)
03/17/2020 09:04:56 PM,419 root INFO Training F1:[0.91, 0.5](best:0.91 , 0.5)
03/17/2020 09:04:56 PM,420 root INFO Epoch: 27
03/17/2020 09:04:58 PM,220 root INFO Loss = tensor([22.6285])
03/17/2020 09:05:06 PM,778 root INFO Loss = tensor([21.9546])
03/17/2020 09:05:15 PM,58 root INFO Loss = tensor([17.2166])
03/17/2020 09:05:23 PM,262 root INFO Loss = tensor([19.8219])
03/17/2020 09:05:30 PM,589 root INFO Loss = tensor([19.1456])
03/17/2020 09:05:34 PM,907 root INFO Validation All-nodes accuracy:0.82(best:0.82)
03/17/2020 09:05:34 PM,907 root INFO Validation Root accuracy:0.83(best:0.83)
03/17/2020 09:05:34 PM,907 root INFO F1:[0.91, 0.5](best:0.91 , 0.5)
03/17/2020 09:05:42 PM,917 root INFO Training All-nodes accuracy:0.83(best:0.83)
03/17/2020 09:05:42 PM,918 root INFO Training Root accuracy:0.83(best:0.83)
03/17/2020 09:05:42 PM,918 root INFO Training F1:[0.91, 0.5](best:0.91 , 0.5)
03/17/2020 09:05:42 PM,919 root INFO Epoch: 28
03/17/2020 09:05:44 PM,683 root INFO Loss = tensor([19.0828])
03/17/2020 09:05:53 PM,213 root INFO Loss = tensor([18.8694])
03/17/2020 09:06:01 PM,653 root INFO Loss = tensor([18.4304])
03/17/2020 09:06:09 PM,606 root INFO Loss = tensor([20.7478])
03/17/2020 09:06:16 PM,634 root INFO Loss = tensor([32.3261])
03/17/2020 09:06:21 PM,273 root INFO Validation All-nodes accuracy:0.82(best:0.82)
03/17/2020 09:06:21 PM,274 root INFO Validation Root accuracy:0.83(best:0.83)
03/17/2020 09:06:21 PM,274 root INFO F1:[0.91, 0.5](best:0.91 , 0.5)
03/17/2020 09:06:29 PM,305 root INFO Training All-nodes accuracy:0.83(best:0.83)
03/17/2020 09:06:29 PM,305 root INFO Training Root accuracy:0.83(best:0.83)
03/17/2020 09:06:29 PM,305 root INFO Training F1:[0.91, 0.5](best:0.91 , 0.5)
03/17/2020 09:06:29 PM,306 root INFO Epoch: 29
03/17/2020 09:06:31 PM,66 root INFO Loss = tensor([18.0458])
03/17/2020 09:06:39 PM,565 root INFO Loss = tensor([20.5007])
03/17/2020 09:06:47 PM,763 root INFO Loss = tensor([19.9827])
03/17/2020 09:06:56 PM,191 root INFO Loss = tensor([19.1032])
03/17/2020 09:07:03 PM,398 root INFO Loss = tensor([20.9773])
03/17/2020 09:07:07 PM,757 root INFO Validation All-nodes accuracy:0.82(best:0.82)
03/17/2020 09:07:07 PM,758 root INFO Validation Root accuracy:0.83(best:0.83)
03/17/2020 09:07:07 PM,758 root INFO F1:[0.91, 0.5](best:0.91 , 0.5)
03/17/2020 09:58:58 PM,584 root INFO Training All-nodes accuracy:0.83(best:0.83)
03/17/2020 09:58:58 PM,586 root INFO Training Root accuracy:0.83(best:0.83)
03/17/2020 09:58:58 PM,586 root INFO Training F1:[0.91, 0.5](best:0.91 , 0.5)
03/17/2020 09:58:58 PM,588 root INFO Epoch: 30
03/17/2020 09:59:00 PM,851 root INFO Loss = tensor([17.7255])
03/17/2020 09:59:10 PM,224 root INFO Loss = tensor([21.5538])
03/17/2020 09:59:19 PM,643 root INFO Loss = tensor([18.9817])
03/17/2020 09:59:28 PM,219 root INFO Loss = tensor([21.6223])
03/17/2020 09:59:35 PM,634 root INFO Loss = tensor([15.5797])
03/17/2020 09:59:39 PM,949 root INFO Validation All-nodes accuracy:0.82(best:0.82)
03/17/2020 09:59:39 PM,950 root INFO Validation Root accuracy:0.83(best:0.83)
03/17/2020 09:59:39 PM,950 root INFO F1:[0.91, 0.5](best:0.91 , 0.5)
03/17/2020 09:59:48 PM,57 root INFO Training All-nodes accuracy:0.83(best:0.83)
03/17/2020 09:59:48 PM,57 root INFO Training Root accuracy:0.83(best:0.83)
03/17/2020 09:59:48 PM,57 root INFO Training F1:[0.91, 0.5](best:0.91 , 0.5)
03/17/2020 09:59:48 PM,58 root INFO Epoch: 31
03/17/2020 09:59:49 PM,816 root INFO Loss = tensor([21.7252])
03/17/2020 09:59:57 PM,820 root INFO Loss = tensor([21.0670])
03/17/2020 10:00:05 PM,565 root INFO Loss = tensor([16.8603])
03/17/2020 10:00:13 PM,625 root INFO Loss = tensor([19.4566])
03/17/2020 10:00:20 PM,868 root INFO Loss = tensor([19.0339])
03/17/2020 10:00:25 PM,120 root INFO Validation All-nodes accuracy:0.82(best:0.82)
03/17/2020 10:00:25 PM,120 root INFO Validation Root accuracy:0.83(best:0.83)
03/17/2020 10:00:25 PM,121 root INFO F1:[0.91, 0.66](best:0.91 , 0.66)
03/17/2020 10:00:33 PM,194 root INFO Training All-nodes accuracy:0.83(best:0.83)
03/17/2020 10:00:33 PM,194 root INFO Training Root accuracy:0.86(best:0.86)
03/17/2020 10:00:33 PM,194 root INFO Training F1:[0.93, 0.94](best:0.93 , 0.94)
03/17/2020 10:00:33 PM,196 root INFO Epoch: 32
03/17/2020 10:00:34 PM,938 root INFO Loss = tensor([19.5560])
03/17/2020 10:00:43 PM,26 root INFO Loss = tensor([14.8518])
03/17/2020 10:00:50 PM,997 root INFO Loss = tensor([24.8742])
03/17/2020 10:00:58 PM,671 root INFO Loss = tensor([21.5930])
03/17/2020 10:01:05 PM,717 root INFO Loss = tensor([23.9827])
03/17/2020 10:01:09 PM,958 root INFO Validation All-nodes accuracy:0.82(best:0.82)
03/17/2020 10:01:09 PM,959 root INFO Validation Root accuracy:0.83(best:0.83)
03/17/2020 10:01:09 PM,959 root INFO F1:[0.91, 0.5](best:0.91 , 0.66)
03/17/2020 10:01:18 PM,83 root INFO Training All-nodes accuracy:0.83(best:0.83)
03/17/2020 10:01:18 PM,83 root INFO Training Root accuracy:0.83(best:0.86)
03/17/2020 10:01:18 PM,84 root INFO Training F1:[0.91, 0.5](best:0.93 , 0.94)
03/17/2020 10:01:18 PM,85 root INFO Epoch: 33
03/17/2020 10:01:19 PM,823 root INFO Loss = tensor([20.6828])
03/17/2020 10:01:27 PM,750 root INFO Loss = tensor([20.5696])
03/17/2020 10:01:35 PM,429 root INFO Loss = tensor([23.7723])
03/17/2020 10:01:43 PM,367 root INFO Loss = tensor([23.5900])
03/17/2020 10:01:50 PM,538 root INFO Loss = tensor([20.0883])
03/17/2020 10:01:54 PM,997 root INFO Validation All-nodes accuracy:0.82(best:0.82)
03/17/2020 10:01:54 PM,997 root INFO Validation Root accuracy:0.83(best:0.83)
03/17/2020 10:01:54 PM,997 root INFO F1:[0.91, 0.5](best:0.91 , 0.66)
03/17/2020 10:02:03 PM,99 root INFO Training All-nodes accuracy:0.83(best:0.83)
03/17/2020 10:02:03 PM,99 root INFO Training Root accuracy:0.83(best:0.86)
03/17/2020 10:02:03 PM,99 root INFO Training F1:[0.91, 0.5](best:0.93 , 0.94)
03/17/2020 10:02:03 PM,101 root INFO Epoch: 34
03/17/2020 10:02:04 PM,839 root INFO Loss = tensor([22.0798])
03/17/2020 10:02:12 PM,862 root INFO Loss = tensor([21.8219])
03/17/2020 10:02:20 PM,860 root INFO Loss = tensor([18.7900])
03/17/2020 10:02:28 PM,706 root INFO Loss = tensor([20.6354])
03/17/2020 10:02:35 PM,711 root INFO Loss = tensor([22.2602])
03/17/2020 10:02:40 PM,146 root INFO Validation All-nodes accuracy:0.82(best:0.82)
03/17/2020 10:02:40 PM,146 root INFO Validation Root accuracy:0.83(best:0.83)
03/17/2020 10:02:40 PM,146 root INFO F1:[0.91, 0.5](best:0.91 , 0.66)
03/17/2020 10:02:48 PM,670 root INFO Training All-nodes accuracy:0.83(best:0.83)
03/17/2020 10:02:48 PM,670 root INFO Training Root accuracy:0.83(best:0.86)
03/17/2020 10:02:48 PM,670 root INFO Training F1:[0.91, 0.5](best:0.93 , 0.94)
03/17/2020 10:02:48 PM,671 root INFO Epoch: 35
03/17/2020 10:02:50 PM,381 root INFO Loss = tensor([20.7623])
03/17/2020 10:02:58 PM,724 root INFO Loss = tensor([21.3186])
03/17/2020 10:03:06 PM,773 root INFO Loss = tensor([24.4701])
03/17/2020 10:03:14 PM,670 root INFO Loss = tensor([19.0511])
03/17/2020 10:03:21 PM,570 root INFO Loss = tensor([17.1656])
03/17/2020 10:03:26 PM,109 root INFO Validation All-nodes accuracy:0.82(best:0.82)
03/17/2020 10:03:26 PM,109 root INFO Validation Root accuracy:0.83(best:0.83)
03/17/2020 10:03:26 PM,109 root INFO F1:[0.91, 0.5](best:0.91 , 0.66)
03/17/2020 10:03:34 PM,236 root INFO Training All-nodes accuracy:0.83(best:0.83)
03/17/2020 10:03:34 PM,236 root INFO Training Root accuracy:0.83(best:0.86)
03/17/2020 10:03:34 PM,236 root INFO Training F1:[0.91, 0.5](best:0.93 , 0.94)
03/17/2020 10:03:34 PM,238 root INFO Epoch: 36
03/17/2020 10:03:35 PM,937 root INFO Loss = tensor([18.2043])
03/17/2020 10:03:43 PM,701 root INFO Loss = tensor([22.1267])
03/17/2020 10:03:51 PM,571 root INFO Loss = tensor([22.5410])
03/17/2020 10:03:59 PM,941 root INFO Loss = tensor([21.0484])
03/17/2020 10:04:07 PM,112 root INFO Loss = tensor([15.7403])
03/17/2020 10:04:12 PM,250 root INFO Validation All-nodes accuracy:0.82(best:0.82)
03/17/2020 10:04:12 PM,251 root INFO Validation Root accuracy:0.83(best:0.83)
03/17/2020 10:04:12 PM,251 root INFO F1:[0.91, 0.5](best:0.91 , 0.66)
03/17/2020 10:04:20 PM,596 root INFO Training All-nodes accuracy:0.83(best:0.83)
03/17/2020 10:04:20 PM,596 root INFO Training Root accuracy:0.83(best:0.86)
03/17/2020 10:04:20 PM,597 root INFO Training F1:[0.91, 0.5](best:0.93 , 0.94)
03/17/2020 10:04:20 PM,597 root INFO Epoch: 37
03/17/2020 10:04:22 PM,369 root INFO Loss = tensor([19.8657])
03/17/2020 10:04:30 PM,802 root INFO Loss = tensor([19.0906])
03/17/2020 10:04:38 PM,769 root INFO Loss = tensor([22.3514])
03/17/2020 10:04:46 PM,737 root INFO Loss = tensor([19.9559])
03/17/2020 10:04:53 PM,792 root INFO Loss = tensor([22.1148])
03/17/2020 10:04:58 PM,199 root INFO Validation All-nodes accuracy:0.82(best:0.82)
03/17/2020 10:04:58 PM,199 root INFO Validation Root accuracy:0.83(best:0.83)
03/17/2020 10:04:58 PM,199 root INFO F1:[0.91, 0.5](best:0.91 , 0.66)
03/17/2020 10:05:06 PM,351 root INFO Training All-nodes accuracy:0.83(best:0.83)
03/17/2020 10:05:06 PM,352 root INFO Training Root accuracy:0.83(best:0.86)
03/17/2020 10:05:06 PM,352 root INFO Training F1:[0.91, 0.5](best:0.93 , 0.94)
03/17/2020 10:05:06 PM,353 root INFO Epoch: 38
03/17/2020 10:05:08 PM,170 root INFO Loss = tensor([17.2966])
03/17/2020 10:05:16 PM,235 root INFO Loss = tensor([20.1260])
03/17/2020 10:05:24 PM,409 root INFO Loss = tensor([19.7589])
03/17/2020 10:05:32 PM,244 root INFO Loss = tensor([24.8189])
03/17/2020 10:05:39 PM,395 root INFO Loss = tensor([17.6070])
03/17/2020 10:05:43 PM,533 root INFO Validation All-nodes accuracy:0.82(best:0.82)
03/17/2020 10:05:43 PM,534 root INFO Validation Root accuracy:0.83(best:0.83)
03/17/2020 10:05:43 PM,534 root INFO F1:[0.91, 0.5](best:0.91 , 0.66)
03/17/2020 10:05:51 PM,675 root INFO Training All-nodes accuracy:0.83(best:0.83)
03/17/2020 10:05:51 PM,675 root INFO Training Root accuracy:0.83(best:0.86)
03/17/2020 10:05:51 PM,676 root INFO Training F1:[0.91, 0.5](best:0.93 , 0.94)
03/17/2020 10:05:51 PM,677 root INFO Epoch: 39
03/17/2020 10:05:53 PM,303 root INFO Loss = tensor([17.8011])
03/17/2020 10:06:01 PM,12 root INFO Loss = tensor([20.3388])
03/17/2020 10:06:09 PM,243 root INFO Loss = tensor([24.7165])
03/17/2020 10:06:17 PM,637 root INFO Loss = tensor([19.8025])
03/17/2020 10:06:24 PM,827 root INFO Loss = tensor([19.9109])
03/17/2020 10:06:29 PM,199 root INFO Validation All-nodes accuracy:0.82(best:0.82)
03/17/2020 10:06:29 PM,199 root INFO Validation Root accuracy:0.83(best:0.83)
03/17/2020 10:06:29 PM,199 root INFO F1:[0.91, 0.5](best:0.91 , 0.66)
03/17/2020 10:06:37 PM,330 root INFO Training All-nodes accuracy:0.83(best:0.83)
03/17/2020 10:06:37 PM,330 root INFO Training Root accuracy:0.83(best:0.86)
03/17/2020 10:06:37 PM,331 root INFO Training F1:[0.91, 0.5](best:0.93 , 0.94)
03/17/2020 10:06:37 PM,332 root INFO Epoch: 40
03/17/2020 10:06:39 PM,80 root INFO Loss = tensor([19.7192])
03/17/2020 10:06:47 PM,209 root INFO Loss = tensor([17.7153])
03/17/2020 10:06:55 PM,436 root INFO Loss = tensor([18.2576])
03/17/2020 10:07:03 PM,525 root INFO Loss = tensor([24.9569])
03/17/2020 10:07:10 PM,389 root INFO Loss = tensor([17.0545])
03/17/2020 10:07:14 PM,909 root INFO Validation All-nodes accuracy:0.82(best:0.82)
03/17/2020 10:07:14 PM,909 root INFO Validation Root accuracy:0.83(best:0.83)
03/17/2020 10:07:14 PM,909 root INFO F1:[0.91, 0.5](best:0.91 , 0.66)
03/17/2020 10:07:23 PM,133 root INFO Training All-nodes accuracy:0.83(best:0.83)
03/17/2020 10:07:23 PM,133 root INFO Training Root accuracy:0.83(best:0.86)
03/17/2020 10:07:23 PM,133 root INFO Training F1:[0.91, 0.5](best:0.93 , 0.94)
03/17/2020 10:07:23 PM,135 root INFO Epoch: 41
03/17/2020 10:07:24 PM,845 root INFO Loss = tensor([16.1975])
03/17/2020 10:07:33 PM,28 root INFO Loss = tensor([21.3344])
03/17/2020 10:07:41 PM,531 root INFO Loss = tensor([16.8032])
03/17/2020 10:07:50 PM,186 root INFO Loss = tensor([20.2437])
03/17/2020 10:07:57 PM,887 root INFO Loss = tensor([20.6846])
03/17/2020 10:08:03 PM,422 root INFO Validation All-nodes accuracy:0.82(best:0.82)
03/17/2020 10:08:03 PM,422 root INFO Validation Root accuracy:0.83(best:0.83)
03/17/2020 10:08:03 PM,422 root INFO F1:[0.91, 0.5](best:0.91 , 0.66)
03/17/2020 10:08:11 PM,591 root INFO Training All-nodes accuracy:0.83(best:0.83)
03/17/2020 10:08:11 PM,591 root INFO Training Root accuracy:0.83(best:0.86)
03/17/2020 10:08:11 PM,591 root INFO Training F1:[0.91, 0.5](best:0.93 , 0.94)
03/17/2020 10:08:11 PM,593 root INFO Epoch: 42
03/17/2020 10:08:13 PM,358 root INFO Loss = tensor([20.0063])
03/17/2020 10:08:21 PM,627 root INFO Loss = tensor([16.3270])
03/17/2020 10:08:29 PM,702 root INFO Loss = tensor([17.8600])
03/17/2020 10:08:37 PM,793 root INFO Loss = tensor([18.9867])
03/17/2020 10:08:44 PM,993 root INFO Loss = tensor([21.5033])
03/17/2020 10:08:49 PM,575 root INFO Validation All-nodes accuracy:0.82(best:0.82)
03/17/2020 10:08:49 PM,576 root INFO Validation Root accuracy:0.83(best:0.83)
03/17/2020 10:08:49 PM,576 root INFO F1:[0.91, 0.5](best:0.91 , 0.66)
03/17/2020 10:08:57 PM,755 root INFO Training All-nodes accuracy:0.83(best:0.83)
03/17/2020 10:08:57 PM,756 root INFO Training Root accuracy:0.83(best:0.86)
03/17/2020 10:08:57 PM,756 root INFO Training F1:[0.91, 0.5](best:0.93 , 0.94)
03/17/2020 10:08:57 PM,757 root INFO Epoch: 43
03/17/2020 10:08:59 PM,552 root INFO Loss = tensor([13.8138])
03/17/2020 10:09:07 PM,938 root INFO Loss = tensor([16.6249])
03/17/2020 10:09:17 PM,63 root INFO Loss = tensor([20.5494])
03/17/2020 10:09:25 PM,371 root INFO Loss = tensor([18.5706])
03/17/2020 10:09:32 PM,396 root INFO Loss = tensor([25.5880])
03/17/2020 10:09:36 PM,723 root INFO Validation All-nodes accuracy:0.82(best:0.82)
03/17/2020 10:09:36 PM,724 root INFO Validation Root accuracy:0.83(best:0.83)
03/17/2020 10:09:36 PM,724 root INFO F1:[0.91, 0.66](best:0.91 , 0.66)
03/17/2020 10:09:44 PM,898 root INFO Training All-nodes accuracy:0.83(best:0.83)
03/17/2020 10:09:44 PM,899 root INFO Training Root accuracy:0.87(best:0.87)
03/17/2020 10:09:44 PM,899 root INFO Training F1:[0.93, 0.9](best:0.93 , 0.94)
03/17/2020 10:09:44 PM,900 root INFO Epoch: 44
03/17/2020 10:09:46 PM,636 root INFO Loss = tensor([17.4162])
03/17/2020 10:09:54 PM,884 root INFO Loss = tensor([21.6224])
03/17/2020 10:10:03 PM,276 root INFO Loss = tensor([19.7054])
03/17/2020 10:10:11 PM,491 root INFO Loss = tensor([14.1143])
03/17/2020 10:10:18 PM,672 root INFO Loss = tensor([18.0956])
03/17/2020 10:10:23 PM,104 root INFO Validation All-nodes accuracy:0.83(best:0.83)
03/17/2020 10:10:23 PM,104 root INFO Validation Root accuracy:0.87(best:0.87)
03/17/2020 10:10:23 PM,104 root INFO F1:[0.93, 0.91](best:0.93 , 0.91)
03/17/2020 10:10:31 PM,310 root INFO Training All-nodes accuracy:0.85(best:0.85)
03/17/2020 10:10:31 PM,311 root INFO Training Root accuracy:0.9(best:0.9)
03/17/2020 10:10:31 PM,311 root INFO Training F1:[0.95, 0.93](best:0.95 , 0.94)
03/17/2020 10:10:31 PM,312 root INFO Epoch: 45
03/17/2020 10:10:33 PM,25 root INFO Loss = tensor([18.3102])
03/17/2020 10:10:41 PM,192 root INFO Loss = tensor([20.5112])
03/17/2020 10:10:49 PM,615 root INFO Loss = tensor([20.6926])
03/17/2020 10:10:57 PM,838 root INFO Loss = tensor([21.2823])
03/17/2020 10:11:05 PM,78 root INFO Loss = tensor([17.7284])
03/17/2020 10:11:09 PM,648 root INFO Validation All-nodes accuracy:0.81(best:0.83)
03/17/2020 10:11:09 PM,649 root INFO Validation Root accuracy:0.79(best:0.87)
03/17/2020 10:11:09 PM,649 root INFO F1:[0.93, 0.55](best:0.93 , 0.91)
03/17/2020 10:11:17 PM,856 root INFO Training All-nodes accuracy:0.85(best:0.85)
03/17/2020 10:11:17 PM,856 root INFO Training Root accuracy:0.91(best:0.91)
03/17/2020 10:11:17 PM,856 root INFO Training F1:[0.98, 0.82](best:0.98 , 0.94)
03/17/2020 10:11:17 PM,857 root INFO Epoch: 46
03/17/2020 10:11:19 PM,531 root INFO Loss = tensor([17.3562])
03/17/2020 10:11:27 PM,587 root INFO Loss = tensor([23.8043])
03/17/2020 10:11:35 PM,656 root INFO Loss = tensor([22.9794])
03/17/2020 10:11:44 PM,377 root INFO Loss = tensor([20.0605])
03/17/2020 10:11:51 PM,727 root INFO Loss = tensor([19.5081])
03/17/2020 10:11:56 PM,70 root INFO Validation All-nodes accuracy:0.82(best:0.83)
03/17/2020 10:11:56 PM,71 root INFO Validation Root accuracy:0.83(best:0.87)
03/17/2020 10:11:56 PM,71 root INFO F1:[0.91, 0.5](best:0.93 , 0.91)
03/17/2020 10:12:04 PM,315 root INFO Training All-nodes accuracy:0.83(best:0.85)
03/17/2020 10:12:04 PM,315 root INFO Training Root accuracy:0.83(best:0.91)
03/17/2020 10:12:04 PM,315 root INFO Training F1:[0.91, 0.5](best:0.98 , 0.94)
03/17/2020 10:12:04 PM,316 root INFO Epoch: 47
03/17/2020 10:12:06 PM,112 root INFO Loss = tensor([22.4827])
03/17/2020 10:12:14 PM,599 root INFO Loss = tensor([19.0041])
03/17/2020 10:12:22 PM,555 root INFO Loss = tensor([19.5014])
03/17/2020 10:12:30 PM,781 root INFO Loss = tensor([24.5860])
03/17/2020 10:12:38 PM,60 root INFO Loss = tensor([26.2939])
03/17/2020 10:12:42 PM,707 root INFO Validation All-nodes accuracy:0.78(best:0.83)
03/17/2020 10:12:42 PM,707 root INFO Validation Root accuracy:0.57(best:0.87)
03/17/2020 10:12:42 PM,707 root INFO F1:[0.95, 0.39](best:0.95 , 0.91)
03/17/2020 10:12:51 PM,197 root INFO Training All-nodes accuracy:0.83(best:0.85)
03/17/2020 10:12:51 PM,197 root INFO Training Root accuracy:0.68(best:0.91)
03/17/2020 10:12:51 PM,197 root INFO Training F1:[0.99, 0.51](best:0.99 , 0.94)
03/17/2020 10:12:51 PM,198 root INFO Epoch: 48
03/17/2020 10:12:52 PM,924 root INFO Loss = tensor([18.7873])
03/17/2020 10:13:01 PM,114 root INFO Loss = tensor([18.4000])
03/17/2020 10:13:09 PM,356 root INFO Loss = tensor([18.9156])
03/17/2020 10:13:17 PM,641 root INFO Loss = tensor([25.7399])
03/17/2020 10:13:24 PM,969 root INFO Loss = tensor([16.6520])
03/17/2020 10:13:29 PM,446 root INFO Validation All-nodes accuracy:0.82(best:0.83)
03/17/2020 10:13:29 PM,446 root INFO Validation Root accuracy:0.83(best:0.87)
03/17/2020 10:13:29 PM,447 root INFO F1:[0.91, 0.5](best:0.95 , 0.91)
03/17/2020 10:13:37 PM,640 root INFO Training All-nodes accuracy:0.83(best:0.85)
03/17/2020 10:13:37 PM,640 root INFO Training Root accuracy:0.83(best:0.91)
03/17/2020 10:13:37 PM,641 root INFO Training F1:[0.91, 1.0](best:0.99 , 1.0)
03/17/2020 10:13:37 PM,642 root INFO Epoch: 49
03/17/2020 10:13:39 PM,404 root INFO Loss = tensor([18.9732])
03/17/2020 10:13:47 PM,759 root INFO Loss = tensor([18.8080])
03/17/2020 10:13:56 PM,6 root INFO Loss = tensor([19.7317])
03/17/2020 10:14:04 PM,217 root INFO Loss = tensor([17.8708])
03/17/2020 10:14:11 PM,291 root INFO Loss = tensor([18.3401])
03/17/2020 10:14:15 PM,727 root INFO Validation All-nodes accuracy:0.82(best:0.83)
03/17/2020 10:14:15 PM,727 root INFO Validation Root accuracy:0.83(best:0.87)
03/17/2020 10:14:15 PM,727 root INFO F1:[0.91, 0.67](best:0.95 , 0.91)
03/17/2020 10:14:24 PM,61 root INFO Training All-nodes accuracy:0.83(best:0.85)
03/17/2020 10:14:24 PM,61 root INFO Training Root accuracy:0.89(best:0.91)
03/17/2020 10:14:24 PM,62 root INFO Training F1:[0.94, 0.97](best:0.99 , 1.0)
