02/24/2020 02:46:43 PM,748 gensim.utils INFO loading Word2VecKeyedVectors object from /Users/navreetkaur/MTP/finetune-word2vec/w2v-models/tech-word2vec
02/24/2020 02:46:43 PM,995 gensim.utils INFO setting ignored attribute vectors_norm to None
02/24/2020 02:46:43 PM,995 gensim.utils INFO loaded /Users/navreetkaur/MTP/finetune-word2vec/w2v-models/tech-word2vec
02/24/2020 02:46:43 PM,995 gensim.models.utils_any2vec INFO loading projection weights from /Users/navreetkaur/MTP/finetune-word2vec/w2v-models/GoogleNews-vectors-negative300.bin
02/24/2020 02:49:05 PM,266 gensim.models.utils_any2vec INFO loaded (3000000, 300) matrix from /Users/navreetkaur/MTP/finetune-word2vec/w2v-models/GoogleNews-vectors-negative300.bin
02/24/2020 02:49:09 PM,641 root INFO Start logging
02/24/2020 02:49:09 PM,733 root INFO Epoch: 0
02/24/2020 02:49:19 PM,619 root INFO Loss = tensor([32.4592])
02/24/2020 02:49:33 PM,411 root INFO Loss = tensor([31.4761])
02/24/2020 02:49:49 PM,71 root INFO Loss = tensor([30.2520])
02/24/2020 02:50:01 PM,591 root INFO Loss = tensor([31.2226])
02/24/2020 02:50:12 PM,55 root INFO Loss = tensor([30.9757])
02/24/2020 02:50:22 PM,495 root INFO Loss = tensor([31.2763])
02/24/2020 02:50:33 PM,744 root INFO Loss = tensor([32.2149])
02/24/2020 02:50:44 PM,637 root INFO Loss = tensor([30.7288])
02/24/2020 02:50:52 PM,220 root INFO Validation All-nodes accuracy:0.22(best:0.22)
02/24/2020 02:50:52 PM,221 root INFO Validation Root accuracy:0.17(best:0.17)
02/24/2020 02:50:52 PM,221 root INFO F1:[0.5, 0.29](best:0.5 , 0.29)
02/24/2020 02:51:13 PM,53 root INFO Training All-nodes accuracy:0.51(best:0.51)
02/24/2020 02:51:13 PM,54 root INFO Training Root accuracy:0.5(best:0.5)
02/24/2020 02:51:13 PM,55 root INFO Training F1:[0.5, 0.67](best:0.5 , 0.67)
02/24/2020 02:51:13 PM,57 root INFO Epoch: 1
02/24/2020 02:51:15 PM,470 root INFO Loss = tensor([30.8542])
02/24/2020 02:51:25 PM,982 root INFO Loss = tensor([31.1802])
02/24/2020 02:51:36 PM,935 root INFO Loss = tensor([30.4278])
02/24/2020 02:51:47 PM,692 root INFO Loss = tensor([31.7042])
02/24/2020 02:51:58 PM,327 root INFO Loss = tensor([30.0270])
02/24/2020 02:52:08 PM,941 root INFO Loss = tensor([32.3550])
02/24/2020 02:52:19 PM,790 root INFO Loss = tensor([31.0575])
02/24/2020 02:52:29 PM,661 root INFO Loss = tensor([34.2436])
02/24/2020 02:52:35 PM,530 root INFO Validation All-nodes accuracy:0.73(best:0.73)
02/24/2020 02:52:35 PM,531 root INFO Validation Root accuracy:0.8(best:0.8)
02/24/2020 02:52:35 PM,531 root INFO F1:[0.91, 0.33](best:0.91 , 0.33)
02/24/2020 02:52:59 PM,274 root INFO Training All-nodes accuracy:0.52(best:0.52)
02/24/2020 02:52:59 PM,277 root INFO Training Root accuracy:0.51(best:0.51)
02/24/2020 02:52:59 PM,277 root INFO Training F1:[0.67, 0.85](best:0.67 , 0.85)
02/24/2020 02:52:59 PM,279 root INFO Epoch: 2
02/24/2020 02:53:01 PM,910 root INFO Loss = tensor([30.6994])
02/24/2020 02:53:13 PM,438 root INFO Loss = tensor([31.2448])
02/24/2020 02:53:26 PM,597 root INFO Loss = tensor([30.2967])
02/24/2020 02:53:39 PM,528 root INFO Loss = tensor([30.4533])
02/24/2020 02:53:57 PM,461 root INFO Loss = tensor([32.2518])
02/24/2020 02:54:13 PM,970 root INFO Loss = tensor([32.7446])
02/24/2020 02:54:28 PM,108 root INFO Loss = tensor([30.5758])
02/24/2020 02:54:37 PM,548 root INFO Loss = tensor([34.7678])
02/24/2020 02:54:43 PM,667 root INFO Validation All-nodes accuracy:0.18(best:0.73)
02/24/2020 02:54:43 PM,669 root INFO Validation Root accuracy:0.17(best:0.8)
02/24/2020 02:54:43 PM,669 root INFO F1:[0.5, 0.29](best:0.91 , 0.33)
02/24/2020 02:55:01 PM,519 root INFO Training All-nodes accuracy:0.5(best:0.52)
02/24/2020 02:55:01 PM,521 root INFO Training Root accuracy:0.5(best:0.51)
02/24/2020 02:55:01 PM,521 root INFO Training F1:[0.5, 0.67](best:0.67 , 0.85)
02/24/2020 02:55:01 PM,522 root INFO Epoch: 3
02/24/2020 02:55:03 PM,236 root INFO Loss = tensor([31.5185])
02/24/2020 02:55:11 PM,587 root INFO Loss = tensor([31.3620])
02/24/2020 02:55:20 PM,62 root INFO Loss = tensor([30.3222])
02/24/2020 02:55:28 PM,454 root INFO Loss = tensor([31.0889])
02/24/2020 02:55:36 PM,730 root INFO Loss = tensor([32.4979])
02/24/2020 02:55:45 PM,359 root INFO Loss = tensor([31.2751])
02/24/2020 02:55:56 PM,807 root INFO Loss = tensor([31.9410])
02/24/2020 02:56:04 PM,723 root INFO Loss = tensor([29.9891])
02/24/2020 02:56:08 PM,662 root INFO Validation All-nodes accuracy:0.71(best:0.73)
02/24/2020 02:56:08 PM,662 root INFO Validation Root accuracy:0.79(best:0.8)
02/24/2020 02:56:08 PM,662 root INFO F1:[0.92, 0.5](best:0.92 , 0.5)
02/24/2020 02:56:23 PM,428 root INFO Training All-nodes accuracy:0.54(best:0.54)
02/24/2020 02:56:23 PM,428 root INFO Training Root accuracy:0.51(best:0.51)
02/24/2020 02:56:23 PM,428 root INFO Training F1:[0.67, 0.78](best:0.67 , 0.85)
02/24/2020 02:56:23 PM,430 root INFO Epoch: 4
02/24/2020 02:56:25 PM,153 root INFO Loss = tensor([30.5397])
02/24/2020 02:56:33 PM,613 root INFO Loss = tensor([31.0265])
02/24/2020 02:56:42 PM,797 root INFO Loss = tensor([28.9614])
02/24/2020 02:56:50 PM,947 root INFO Loss = tensor([33.1135])
02/24/2020 02:56:59 PM,916 root INFO Loss = tensor([35.3487])
02/24/2020 02:57:08 PM,810 root INFO Loss = tensor([34.6114])
02/24/2020 02:57:17 PM,511 root INFO Loss = tensor([31.5506])
02/24/2020 02:57:24 PM,775 root INFO Loss = tensor([29.2305])
02/24/2020 02:57:28 PM,772 root INFO Validation All-nodes accuracy:0.18(best:0.73)
02/24/2020 02:57:28 PM,772 root INFO Validation Root accuracy:0.17(best:0.8)
02/24/2020 02:57:28 PM,772 root INFO F1:[0.5, 0.29](best:0.92 , 0.5)
02/24/2020 02:57:42 PM,277 root INFO Training All-nodes accuracy:0.5(best:0.54)
02/24/2020 02:57:42 PM,277 root INFO Training Root accuracy:0.5(best:0.51)
02/24/2020 02:57:42 PM,277 root INFO Training F1:[0.5, 0.67](best:0.67 , 0.85)
02/24/2020 02:57:42 PM,279 root INFO Epoch: 5
02/24/2020 02:57:44 PM,72 root INFO Loss = tensor([33.1369])
02/24/2020 02:57:53 PM,64 root INFO Loss = tensor([31.2931])
02/24/2020 02:58:01 PM,619 root INFO Loss = tensor([31.9142])
02/24/2020 02:58:10 PM,377 root INFO Loss = tensor([33.5189])
02/24/2020 02:58:19 PM,258 root INFO Loss = tensor([33.0418])
02/24/2020 02:58:27 PM,914 root INFO Loss = tensor([30.8783])
02/24/2020 02:58:36 PM,424 root INFO Loss = tensor([30.6252])
02/24/2020 02:58:43 PM,625 root INFO Loss = tensor([31.0165])
02/24/2020 02:58:47 PM,633 root INFO Validation All-nodes accuracy:0.77(best:0.77)
02/24/2020 02:58:47 PM,633 root INFO Validation Root accuracy:0.83(best:0.83)
02/24/2020 02:58:47 PM,633 root INFO F1:[0.91, 0.66](best:0.92 , 0.66)
02/24/2020 02:59:01 PM,845 root INFO Training All-nodes accuracy:0.51(best:0.54)
02/24/2020 02:59:01 PM,846 root INFO Training Root accuracy:0.5(best:0.51)
02/24/2020 02:59:01 PM,846 root INFO Training F1:[0.67, 0.89](best:0.67 , 0.89)
02/24/2020 02:59:01 PM,848 root INFO Epoch: 6
02/24/2020 02:59:03 PM,779 root INFO Loss = tensor([31.5177])
02/24/2020 02:59:12 PM,693 root INFO Loss = tensor([32.2675])
02/24/2020 02:59:21 PM,362 root INFO Loss = tensor([29.9621])
02/24/2020 02:59:29 PM,865 root INFO Loss = tensor([31.5058])
02/24/2020 02:59:38 PM,524 root INFO Loss = tensor([31.3260])
02/24/2020 02:59:46 PM,742 root INFO Loss = tensor([31.2631])
02/24/2020 02:59:55 PM,285 root INFO Loss = tensor([30.9824])
02/24/2020 03:00:02 PM,647 root INFO Loss = tensor([33.4409])
02/24/2020 03:00:06 PM,892 root INFO Validation All-nodes accuracy:0.21(best:0.77)
02/24/2020 03:00:06 PM,892 root INFO Validation Root accuracy:0.17(best:0.83)
02/24/2020 03:00:06 PM,892 root INFO F1:[0.5, 0.29](best:0.92 , 0.66)
02/24/2020 03:00:20 PM,323 root INFO Training All-nodes accuracy:0.52(best:0.54)
02/24/2020 03:00:20 PM,323 root INFO Training Root accuracy:0.5(best:0.51)
02/24/2020 03:00:20 PM,323 root INFO Training F1:[0.5, 0.67](best:0.67 , 0.89)
02/24/2020 03:00:20 PM,325 root INFO Epoch: 7
02/24/2020 03:00:22 PM,109 root INFO Loss = tensor([31.6416])
02/24/2020 03:00:30 PM,924 root INFO Loss = tensor([31.2782])
02/24/2020 03:00:39 PM,638 root INFO Loss = tensor([33.1041])
02/24/2020 03:00:48 PM,317 root INFO Loss = tensor([31.3017])
02/24/2020 03:00:56 PM,647 root INFO Loss = tensor([32.8184])
02/24/2020 03:01:05 PM,254 root INFO Loss = tensor([32.4803])
02/24/2020 03:01:13 PM,645 root INFO Loss = tensor([29.6534])
02/24/2020 03:01:20 PM,686 root INFO Loss = tensor([32.9499])
02/24/2020 03:01:24 PM,868 root INFO Validation All-nodes accuracy:0.82(best:0.82)
02/24/2020 03:01:24 PM,868 root INFO Validation Root accuracy:0.83(best:0.83)
02/24/2020 03:01:24 PM,869 root INFO F1:[0.91, 0.5](best:0.92 , 0.66)
02/24/2020 03:01:38 PM,355 root INFO Training All-nodes accuracy:0.5(best:0.54)
02/24/2020 03:01:38 PM,355 root INFO Training Root accuracy:0.5(best:0.51)
02/24/2020 03:01:38 PM,356 root INFO Training F1:[0.67, 0.5](best:0.67 , 0.89)
02/24/2020 03:01:38 PM,357 root INFO Epoch: 8
02/24/2020 03:01:40 PM,194 root INFO Loss = tensor([32.1658])
02/24/2020 03:01:49 PM,52 root INFO Loss = tensor([30.3388])
02/24/2020 03:01:57 PM,520 root INFO Loss = tensor([31.2150])
02/24/2020 03:02:06 PM,118 root INFO Loss = tensor([31.5528])
02/24/2020 03:02:14 PM,553 root INFO Loss = tensor([30.3022])
02/24/2020 03:02:22 PM,746 root INFO Loss = tensor([30.8184])
02/24/2020 03:02:31 PM,239 root INFO Loss = tensor([32.2648])
02/24/2020 03:02:38 PM,844 root INFO Loss = tensor([31.1379])
02/24/2020 03:02:42 PM,893 root INFO Validation All-nodes accuracy:0.26(best:0.82)
02/24/2020 03:02:42 PM,893 root INFO Validation Root accuracy:0.26(best:0.83)
02/24/2020 03:02:42 PM,893 root INFO F1:[1.0, 0.32](best:1.0 , 0.66)
02/24/2020 03:02:57 PM,132 root INFO Training All-nodes accuracy:0.53(best:0.54)
02/24/2020 03:02:57 PM,134 root INFO Training Root accuracy:0.52(best:0.52)
02/24/2020 03:02:57 PM,134 root INFO Training F1:[0.88, 0.68](best:0.88 , 0.89)
02/24/2020 03:02:57 PM,135 root INFO Epoch: 9
02/24/2020 03:02:58 PM,920 root INFO Loss = tensor([31.4340])
02/24/2020 03:03:07 PM,630 root INFO Loss = tensor([31.7569])
02/24/2020 03:03:16 PM,296 root INFO Loss = tensor([30.5222])
02/24/2020 03:03:24 PM,587 root INFO Loss = tensor([32.4616])
02/24/2020 03:03:33 PM,114 root INFO Loss = tensor([32.6590])
02/24/2020 03:03:41 PM,757 root INFO Loss = tensor([31.7483])
02/24/2020 03:03:50 PM,466 root INFO Loss = tensor([30.1503])
02/24/2020 03:03:57 PM,702 root INFO Loss = tensor([29.5703])
02/24/2020 03:04:01 PM,654 root INFO Validation All-nodes accuracy:0.76(best:0.82)
02/24/2020 03:04:01 PM,655 root INFO Validation Root accuracy:0.78(best:0.83)
02/24/2020 03:04:01 PM,655 root INFO F1:[0.92, 0.47](best:1.0 , 0.66)
02/24/2020 03:04:15 PM,208 root INFO Training All-nodes accuracy:0.53(best:0.54)
02/24/2020 03:04:15 PM,208 root INFO Training Root accuracy:0.51(best:0.52)
02/24/2020 03:04:15 PM,209 root INFO Training F1:[0.67, 0.77](best:0.88 , 0.89)
02/24/2020 03:04:15 PM,210 root INFO Epoch: 10
02/24/2020 03:04:17 PM,35 root INFO Loss = tensor([31.1775])
02/24/2020 03:04:25 PM,805 root INFO Loss = tensor([32.4635])
02/24/2020 03:04:34 PM,687 root INFO Loss = tensor([31.3836])
02/24/2020 03:04:43 PM,221 root INFO Loss = tensor([32.3558])
02/24/2020 03:04:51 PM,700 root INFO Loss = tensor([30.3460])
02/24/2020 03:05:00 PM,191 root INFO Loss = tensor([31.3374])
02/24/2020 03:05:08 PM,847 root INFO Loss = tensor([30.3178])
02/24/2020 03:05:16 PM,186 root INFO Loss = tensor([29.8245])
02/24/2020 03:05:20 PM,147 root INFO Validation All-nodes accuracy:0.3(best:0.82)
02/24/2020 03:05:20 PM,147 root INFO Validation Root accuracy:0.41(best:0.83)
02/24/2020 03:05:20 PM,147 root INFO F1:[0.92, 0.31](best:1.0 , 0.66)
02/24/2020 03:05:33 PM,811 root INFO Training All-nodes accuracy:0.56(best:0.56)
02/24/2020 03:05:33 PM,811 root INFO Training Root accuracy:0.65(best:0.65)
02/24/2020 03:05:33 PM,811 root INFO Training F1:[0.83, 0.77](best:0.88 , 0.89)
02/24/2020 03:05:33 PM,813 root INFO Epoch: 11
02/24/2020 03:05:35 PM,665 root INFO Loss = tensor([32.2488])
02/24/2020 03:05:44 PM,543 root INFO Loss = tensor([30.2476])
02/24/2020 03:05:52 PM,972 root INFO Loss = tensor([28.1518])
02/24/2020 03:06:01 PM,207 root INFO Loss = tensor([31.6873])
02/24/2020 03:06:09 PM,907 root INFO Loss = tensor([29.6698])
02/24/2020 03:06:18 PM,334 root INFO Loss = tensor([28.7680])
02/24/2020 03:06:26 PM,790 root INFO Loss = tensor([31.0737])
02/24/2020 03:06:34 PM,447 root INFO Loss = tensor([29.6051])
02/24/2020 03:06:38 PM,461 root INFO Validation All-nodes accuracy:0.72(best:0.82)
02/24/2020 03:06:38 PM,461 root INFO Validation Root accuracy:0.61(best:0.83)
02/24/2020 03:06:38 PM,461 root INFO F1:[0.93, 0.38](best:1.0 , 0.66)
02/24/2020 03:06:51 PM,900 root INFO Training All-nodes accuracy:0.59(best:0.59)
02/24/2020 03:06:51 PM,900 root INFO Training Root accuracy:0.8(best:0.8)
02/24/2020 03:06:51 PM,900 root INFO Training F1:[0.91, 0.87](best:0.91 , 0.89)
02/24/2020 03:06:51 PM,902 root INFO Epoch: 12
02/24/2020 03:06:53 PM,705 root INFO Loss = tensor([30.3147])
02/24/2020 03:07:02 PM,410 root INFO Loss = tensor([28.5574])
02/24/2020 03:07:10 PM,862 root INFO Loss = tensor([29.2254])
02/24/2020 03:07:19 PM,509 root INFO Loss = tensor([28.1529])
02/24/2020 03:07:28 PM,0 root INFO Loss = tensor([28.8684])
02/24/2020 03:07:36 PM,675 root INFO Loss = tensor([30.2145])
02/24/2020 03:07:45 PM,581 root INFO Loss = tensor([27.1911])
02/24/2020 03:07:52 PM,572 root INFO Loss = tensor([27.7166])
02/24/2020 03:07:56 PM,549 root INFO Validation All-nodes accuracy:0.5(best:0.82)
02/24/2020 03:07:56 PM,550 root INFO Validation Root accuracy:0.76(best:0.83)
02/24/2020 03:07:56 PM,550 root INFO F1:[0.94, 0.53](best:1.0 , 0.66)
02/24/2020 03:08:10 PM,83 root INFO Training All-nodes accuracy:0.64(best:0.64)
02/24/2020 03:08:10 PM,83 root INFO Training Root accuracy:0.87(best:0.87)
02/24/2020 03:08:10 PM,84 root INFO Training F1:[0.92, 0.94](best:0.92 , 0.94)
02/24/2020 03:08:10 PM,85 root INFO Epoch: 13
02/24/2020 03:08:11 PM,866 root INFO Loss = tensor([27.6606])
02/24/2020 03:08:20 PM,658 root INFO Loss = tensor([29.6046])
02/24/2020 03:08:30 PM,391 root INFO Loss = tensor([27.0193])
02/24/2020 03:08:38 PM,989 root INFO Loss = tensor([29.5269])
02/24/2020 03:08:47 PM,576 root INFO Loss = tensor([28.7596])
02/24/2020 03:08:55 PM,984 root INFO Loss = tensor([29.3794])
02/24/2020 03:09:04 PM,218 root INFO Loss = tensor([28.6892])
02/24/2020 03:09:11 PM,415 root INFO Loss = tensor([29.9382])
02/24/2020 03:09:15 PM,581 root INFO Validation All-nodes accuracy:0.52(best:0.82)
02/24/2020 03:09:15 PM,582 root INFO Validation Root accuracy:0.75(best:0.83)
02/24/2020 03:09:15 PM,582 root INFO F1:[0.93, 0.48](best:1.0 , 0.66)
02/24/2020 03:09:28 PM,920 root INFO Training All-nodes accuracy:0.65(best:0.65)
02/24/2020 03:09:28 PM,920 root INFO Training Root accuracy:0.84(best:0.87)
02/24/2020 03:09:28 PM,921 root INFO Training F1:[0.89, 0.94](best:0.92 , 0.94)
02/24/2020 03:09:28 PM,922 root INFO Epoch: 14
02/24/2020 03:09:30 PM,779 root INFO Loss = tensor([28.9398])
02/24/2020 03:09:39 PM,886 root INFO Loss = tensor([34.4193])
02/24/2020 03:09:48 PM,374 root INFO Loss = tensor([32.5596])
02/24/2020 03:09:56 PM,276 root INFO Loss = tensor([33.7470])
02/24/2020 03:10:04 PM,615 root INFO Loss = tensor([32.2490])
02/24/2020 03:10:13 PM,269 root INFO Loss = tensor([29.9561])
02/24/2020 03:10:21 PM,467 root INFO Loss = tensor([33.6390])
02/24/2020 03:10:28 PM,663 root INFO Loss = tensor([35.3633])
02/24/2020 03:10:32 PM,828 root INFO Validation All-nodes accuracy:0.44(best:0.82)
02/24/2020 03:10:32 PM,829 root INFO Validation Root accuracy:0.8(best:0.83)
02/24/2020 03:10:32 PM,829 root INFO F1:[0.92, 0.53](best:1.0 , 0.66)
02/24/2020 03:10:46 PM,253 root INFO Training All-nodes accuracy:0.6(best:0.65)
02/24/2020 03:10:46 PM,254 root INFO Training Root accuracy:0.72(best:0.87)
02/24/2020 03:10:46 PM,254 root INFO Training F1:[0.78, 0.97](best:0.92 , 0.97)
02/24/2020 03:10:46 PM,255 root INFO Epoch: 15
02/24/2020 03:10:48 PM,44 root INFO Loss = tensor([30.5846])
02/24/2020 03:10:56 PM,721 root INFO Loss = tensor([29.2876])
02/24/2020 03:11:05 PM,32 root INFO Loss = tensor([29.3892])
02/24/2020 03:11:13 PM,427 root INFO Loss = tensor([29.1261])
02/24/2020 03:11:22 PM,330 root INFO Loss = tensor([30.0250])
02/24/2020 03:11:30 PM,881 root INFO Loss = tensor([29.8878])
02/24/2020 03:11:39 PM,720 root INFO Loss = tensor([26.0633])
02/24/2020 03:11:46 PM,582 root INFO Loss = tensor([31.7214])
02/24/2020 03:11:50 PM,864 root INFO Validation All-nodes accuracy:0.41(best:0.82)
02/24/2020 03:11:50 PM,864 root INFO Validation Root accuracy:0.77(best:0.83)
02/24/2020 03:11:50 PM,864 root INFO F1:[0.93, 0.52](best:1.0 , 0.66)
02/24/2020 03:12:04 PM,537 root INFO Training All-nodes accuracy:0.63(best:0.65)
02/24/2020 03:12:04 PM,538 root INFO Training Root accuracy:0.84(best:0.87)
02/24/2020 03:12:04 PM,538 root INFO Training F1:[0.89, 0.93](best:0.92 , 0.97)
02/24/2020 03:12:04 PM,540 root INFO Epoch: 16
02/24/2020 03:12:06 PM,430 root INFO Loss = tensor([30.4571])
02/24/2020 03:12:15 PM,624 root INFO Loss = tensor([26.9840])
02/24/2020 03:12:24 PM,130 root INFO Loss = tensor([29.7509])
02/24/2020 03:12:32 PM,479 root INFO Loss = tensor([27.7761])
02/24/2020 03:12:40 PM,987 root INFO Loss = tensor([26.9144])
02/24/2020 03:12:50 PM,63 root INFO Loss = tensor([28.3863])
02/24/2020 03:12:58 PM,914 root INFO Loss = tensor([26.9782])
02/24/2020 03:13:06 PM,866 root INFO Loss = tensor([27.3043])
02/24/2020 03:13:11 PM,600 root INFO Validation All-nodes accuracy:0.49(best:0.82)
02/24/2020 03:13:11 PM,600 root INFO Validation Root accuracy:0.74(best:0.83)
02/24/2020 03:13:11 PM,600 root INFO F1:[0.92, 0.42](best:1.0 , 0.66)
02/24/2020 03:13:26 PM,590 root INFO Training All-nodes accuracy:0.65(best:0.65)
02/24/2020 03:13:26 PM,590 root INFO Training Root accuracy:0.85(best:0.87)
02/24/2020 03:13:26 PM,590 root INFO Training F1:[0.89, 0.95](best:0.92 , 0.97)
02/24/2020 03:13:26 PM,593 root INFO Epoch: 17
02/24/2020 03:13:28 PM,402 root INFO Loss = tensor([27.3282])
02/24/2020 03:13:37 PM,892 root INFO Loss = tensor([28.1972])
02/24/2020 03:13:47 PM,228 root INFO Loss = tensor([26.4977])
02/24/2020 03:13:55 PM,612 root INFO Loss = tensor([30.0035])
02/24/2020 03:14:04 PM,791 root INFO Loss = tensor([30.0111])
02/24/2020 03:14:13 PM,908 root INFO Loss = tensor([27.4460])
02/24/2020 03:14:22 PM,435 root INFO Loss = tensor([28.2169])
02/24/2020 03:14:29 PM,913 root INFO Loss = tensor([31.9959])
02/24/2020 03:14:34 PM,91 root INFO Validation All-nodes accuracy:0.47(best:0.82)
02/24/2020 03:14:34 PM,91 root INFO Validation Root accuracy:0.69(best:0.83)
02/24/2020 03:14:34 PM,92 root INFO F1:[0.92, 0.38](best:1.0 , 0.66)
02/24/2020 03:14:51 PM,187 root INFO Training All-nodes accuracy:0.65(best:0.65)
02/24/2020 03:14:51 PM,188 root INFO Training Root accuracy:0.85(best:0.87)
02/24/2020 03:14:51 PM,189 root INFO Training F1:[0.91, 0.93](best:0.92 , 0.97)
02/24/2020 03:14:51 PM,190 root INFO Epoch: 18
02/24/2020 03:14:52 PM,993 root INFO Loss = tensor([26.1223])
02/24/2020 03:15:01 PM,218 root INFO Loss = tensor([28.1134])
02/24/2020 03:15:10 PM,134 root INFO Loss = tensor([29.1388])
02/24/2020 03:15:18 PM,960 root INFO Loss = tensor([26.4237])
02/24/2020 03:15:27 PM,802 root INFO Loss = tensor([30.6794])
02/24/2020 03:15:36 PM,613 root INFO Loss = tensor([29.9823])
02/24/2020 03:15:45 PM,59 root INFO Loss = tensor([30.9400])
02/24/2020 03:15:52 PM,855 root INFO Loss = tensor([28.5998])
02/24/2020 03:15:57 PM,132 root INFO Validation All-nodes accuracy:0.48(best:0.82)
02/24/2020 03:15:57 PM,133 root INFO Validation Root accuracy:0.67(best:0.83)
02/24/2020 03:15:57 PM,133 root INFO F1:[0.92, 0.35](best:1.0 , 0.66)
02/24/2020 03:16:10 PM,913 root INFO Training All-nodes accuracy:0.66(best:0.66)
02/24/2020 03:16:10 PM,913 root INFO Training Root accuracy:0.86(best:0.87)
02/24/2020 03:16:10 PM,913 root INFO Training F1:[0.92, 0.93](best:0.92 , 0.97)
02/24/2020 03:16:10 PM,915 root INFO Epoch: 19
02/24/2020 03:16:12 PM,671 root INFO Loss = tensor([28.7442])
02/24/2020 03:16:21 PM,790 root INFO Loss = tensor([33.1008])
02/24/2020 03:16:30 PM,710 root INFO Loss = tensor([36.7346])
02/24/2020 03:16:39 PM,600 root INFO Loss = tensor([33.8790])
02/24/2020 03:16:48 PM,90 root INFO Loss = tensor([33.2217])
02/24/2020 03:16:56 PM,766 root INFO Loss = tensor([34.1067])
02/24/2020 03:17:06 PM,44 root INFO Loss = tensor([32.7360])
02/24/2020 03:17:13 PM,923 root INFO Loss = tensor([29.9609])
02/24/2020 03:17:18 PM,122 root INFO Validation All-nodes accuracy:0.49(best:0.82)
02/24/2020 03:17:18 PM,122 root INFO Validation Root accuracy:0.83(best:0.83)
02/24/2020 03:17:18 PM,122 root INFO F1:[0.91, 0.5](best:1.0 , 0.66)
02/24/2020 03:17:33 PM,411 root INFO Training All-nodes accuracy:0.53(best:0.66)
02/24/2020 03:17:33 PM,411 root INFO Training Root accuracy:0.51(best:0.87)
02/24/2020 03:17:33 PM,411 root INFO Training F1:[0.67, 1.0](best:0.92 , 1.0)
02/24/2020 03:17:33 PM,413 root INFO Epoch: 20
02/24/2020 03:17:35 PM,293 root INFO Loss = tensor([33.0879])
02/24/2020 03:17:44 PM,473 root INFO Loss = tensor([29.0538])
02/24/2020 03:17:53 PM,315 root INFO Loss = tensor([30.1248])
02/24/2020 03:18:02 PM,73 root INFO Loss = tensor([38.2246])
02/24/2020 03:18:11 PM,133 root INFO Loss = tensor([37.7509])
02/24/2020 03:18:20 PM,260 root INFO Loss = tensor([35.5459])
02/24/2020 03:18:29 PM,401 root INFO Loss = tensor([34.0530])
02/24/2020 03:18:37 PM,68 root INFO Loss = tensor([32.8518])
02/24/2020 03:18:41 PM,603 root INFO Validation All-nodes accuracy:0.2(best:0.82)
02/24/2020 03:18:41 PM,603 root INFO Validation Root accuracy:0.17(best:0.83)
02/24/2020 03:18:41 PM,603 root INFO F1:[0.5, 0.29](best:1.0 , 0.66)
02/24/2020 03:18:55 PM,684 root INFO Training All-nodes accuracy:0.51(best:0.66)
02/24/2020 03:18:55 PM,684 root INFO Training Root accuracy:0.5(best:0.87)
02/24/2020 03:18:55 PM,684 root INFO Training F1:[0.5, 0.67](best:0.92 , 1.0)
02/24/2020 03:18:55 PM,687 root INFO Epoch: 21
02/24/2020 03:18:57 PM,448 root INFO Loss = tensor([35.2122])
02/24/2020 03:19:06 PM,117 root INFO Loss = tensor([31.3995])
02/24/2020 03:19:15 PM,189 root INFO Loss = tensor([30.4663])
02/24/2020 03:19:24 PM,169 root INFO Loss = tensor([30.7294])
02/24/2020 03:19:32 PM,822 root INFO Loss = tensor([32.0815])
02/24/2020 03:19:42 PM,606 root INFO Loss = tensor([33.0563])
02/24/2020 03:19:51 PM,469 root INFO Loss = tensor([32.3319])
02/24/2020 03:19:58 PM,762 root INFO Loss = tensor([32.0678])
02/24/2020 03:20:03 PM,276 root INFO Validation All-nodes accuracy:0.82(best:0.82)
02/24/2020 03:20:03 PM,276 root INFO Validation Root accuracy:0.83(best:0.83)
02/24/2020 03:20:03 PM,276 root INFO F1:[0.91, 0.5](best:1.0 , 0.66)
02/24/2020 03:20:17 PM,342 root INFO Training All-nodes accuracy:0.5(best:0.66)
02/24/2020 03:20:17 PM,342 root INFO Training Root accuracy:0.5(best:0.87)
02/24/2020 03:20:17 PM,343 root INFO Training F1:[0.67, 0.5](best:0.92 , 1.0)
02/24/2020 03:20:17 PM,345 root INFO Epoch: 22
02/24/2020 03:20:19 PM,43 root INFO Loss = tensor([30.3587])
02/24/2020 03:20:27 PM,758 root INFO Loss = tensor([31.3700])
02/24/2020 03:20:36 PM,813 root INFO Loss = tensor([28.7326])
02/24/2020 03:20:45 PM,85 root INFO Loss = tensor([29.2193])
02/24/2020 03:20:53 PM,738 root INFO Loss = tensor([28.7862])
02/24/2020 03:21:02 PM,409 root INFO Loss = tensor([31.2910])
02/24/2020 03:21:11 PM,200 root INFO Loss = tensor([31.9224])
02/24/2020 03:21:18 PM,942 root INFO Loss = tensor([30.9260])
02/24/2020 03:21:23 PM,94 root INFO Validation All-nodes accuracy:0.36(best:0.82)
02/24/2020 03:21:23 PM,94 root INFO Validation Root accuracy:0.72(best:0.83)
02/24/2020 03:21:23 PM,94 root INFO F1:[0.91, 0.35](best:1.0 , 0.66)
02/24/2020 03:21:37 PM,235 root INFO Training All-nodes accuracy:0.62(best:0.66)
02/24/2020 03:21:37 PM,235 root INFO Training Root accuracy:0.88(best:0.88)
02/24/2020 03:21:37 PM,236 root INFO Training F1:[0.92, 0.95](best:0.92 , 1.0)
02/24/2020 03:21:37 PM,237 root INFO Epoch: 23
02/24/2020 03:21:39 PM,154 root INFO Loss = tensor([29.3171])
02/24/2020 03:21:48 PM,705 root INFO Loss = tensor([28.5495])
02/24/2020 03:21:57 PM,499 root INFO Loss = tensor([27.6852])
02/24/2020 03:22:06 PM,321 root INFO Loss = tensor([26.4933])
02/24/2020 03:22:14 PM,720 root INFO Loss = tensor([26.0772])
02/24/2020 03:22:23 PM,821 root INFO Loss = tensor([26.8938])
02/24/2020 03:22:33 PM,261 root INFO Loss = tensor([25.6755])
02/24/2020 03:22:40 PM,971 root INFO Loss = tensor([28.3767])
02/24/2020 03:22:45 PM,329 root INFO Validation All-nodes accuracy:0.57(best:0.82)
02/24/2020 03:22:45 PM,330 root INFO Validation Root accuracy:0.75(best:0.83)
02/24/2020 03:22:45 PM,330 root INFO F1:[0.92, 0.43](best:1.0 , 0.66)
02/24/2020 03:23:00 PM,362 root INFO Training All-nodes accuracy:0.67(best:0.67)
02/24/2020 03:23:00 PM,364 root INFO Training Root accuracy:0.89(best:0.89)
02/24/2020 03:23:00 PM,364 root INFO Training F1:[0.92, 0.97](best:0.92 , 1.0)
02/24/2020 03:23:00 PM,366 root INFO Epoch: 24
02/24/2020 03:23:02 PM,211 root INFO Loss = tensor([25.0728])
02/24/2020 03:23:11 PM,38 root INFO Loss = tensor([28.2277])
02/24/2020 03:23:19 PM,749 root INFO Loss = tensor([28.5310])
02/24/2020 03:23:28 PM,651 root INFO Loss = tensor([30.1772])
02/24/2020 03:23:37 PM,718 root INFO Loss = tensor([26.1313])
02/24/2020 03:23:46 PM,668 root INFO Loss = tensor([29.7220])
02/24/2020 03:23:55 PM,997 root INFO Loss = tensor([35.4370])
02/24/2020 03:24:03 PM,717 root INFO Loss = tensor([33.3693])
02/24/2020 03:24:08 PM,203 root INFO Validation All-nodes accuracy:0.5(best:0.82)
02/24/2020 03:24:08 PM,203 root INFO Validation Root accuracy:0.75(best:0.83)
02/24/2020 03:24:08 PM,203 root INFO F1:[0.92, 0.43](best:1.0 , 0.66)
02/24/2020 03:24:23 PM,133 root INFO Training All-nodes accuracy:0.67(best:0.67)
02/24/2020 03:24:23 PM,133 root INFO Training Root accuracy:0.88(best:0.89)
02/24/2020 03:24:23 PM,133 root INFO Training F1:[0.91, 0.96](best:0.92 , 1.0)
02/24/2020 03:24:23 PM,135 root INFO Epoch: 25
02/24/2020 03:24:25 PM,164 root INFO Loss = tensor([25.8210])
02/24/2020 03:24:34 PM,208 root INFO Loss = tensor([24.8605])
02/24/2020 03:24:43 PM,97 root INFO Loss = tensor([24.7387])
02/24/2020 03:24:52 PM,163 root INFO Loss = tensor([28.5416])
02/24/2020 03:25:01 PM,61 root INFO Loss = tensor([28.1295])
02/24/2020 03:25:09 PM,647 root INFO Loss = tensor([27.8831])
02/24/2020 03:25:18 PM,526 root INFO Loss = tensor([27.8404])
02/24/2020 03:25:26 PM,232 root INFO Loss = tensor([30.0263])
02/24/2020 03:25:30 PM,724 root INFO Validation All-nodes accuracy:0.53(best:0.82)
02/24/2020 03:25:30 PM,725 root INFO Validation Root accuracy:0.73(best:0.83)
02/24/2020 03:25:30 PM,725 root INFO F1:[0.93, 0.45](best:1.0 , 0.66)
02/24/2020 03:25:45 PM,277 root INFO Training All-nodes accuracy:0.67(best:0.67)
02/24/2020 03:25:45 PM,277 root INFO Training Root accuracy:0.91(best:0.91)
02/24/2020 03:25:45 PM,277 root INFO Training F1:[0.95, 0.95](best:0.95 , 1.0)
02/24/2020 03:25:45 PM,279 root INFO Epoch: 26
02/24/2020 03:25:47 PM,140 root INFO Loss = tensor([27.8423])
02/24/2020 03:25:56 PM,140 root INFO Loss = tensor([25.5390])
02/24/2020 03:26:05 PM,20 root INFO Loss = tensor([26.7223])
02/24/2020 03:26:14 PM,109 root INFO Loss = tensor([26.2908])
02/24/2020 03:26:23 PM,531 root INFO Loss = tensor([24.8391])
02/24/2020 03:26:32 PM,119 root INFO Loss = tensor([27.2716])
02/24/2020 03:26:41 PM,305 root INFO Loss = tensor([25.1343])
02/24/2020 03:26:48 PM,687 root INFO Loss = tensor([23.3197])
02/24/2020 03:26:52 PM,857 root INFO Validation All-nodes accuracy:0.51(best:0.82)
02/24/2020 03:26:52 PM,857 root INFO Validation Root accuracy:0.79(best:0.83)
02/24/2020 03:26:52 PM,858 root INFO F1:[0.93, 0.55](best:1.0 , 0.66)
02/24/2020 03:27:07 PM,607 root INFO Training All-nodes accuracy:0.68(best:0.68)
02/24/2020 03:27:07 PM,608 root INFO Training Root accuracy:0.9(best:0.91)
02/24/2020 03:27:07 PM,608 root INFO Training F1:[0.93, 0.97](best:0.95 , 1.0)
02/24/2020 03:27:07 PM,610 root INFO Epoch: 27
02/24/2020 03:27:09 PM,502 root INFO Loss = tensor([27.0405])
02/24/2020 03:27:18 PM,537 root INFO Loss = tensor([29.0795])
02/24/2020 03:27:27 PM,434 root INFO Loss = tensor([26.4550])
02/24/2020 03:27:35 PM,950 root INFO Loss = tensor([25.0925])
02/24/2020 03:27:44 PM,579 root INFO Loss = tensor([25.3214])
02/24/2020 03:27:52 PM,901 root INFO Loss = tensor([26.9285])
02/24/2020 03:28:01 PM,938 root INFO Loss = tensor([26.1210])
02/24/2020 03:28:09 PM,477 root INFO Loss = tensor([26.9488])
02/24/2020 03:28:13 PM,529 root INFO Validation All-nodes accuracy:0.52(best:0.82)
02/24/2020 03:28:13 PM,530 root INFO Validation Root accuracy:0.82(best:0.83)
02/24/2020 03:28:13 PM,530 root INFO F1:[0.92, 0.62](best:1.0 , 0.66)
02/24/2020 03:28:27 PM,0 root INFO Training All-nodes accuracy:0.68(best:0.68)
02/24/2020 03:28:27 PM,0 root INFO Training Root accuracy:0.92(best:0.92)
02/24/2020 03:28:27 PM,1 root INFO Training F1:[0.94, 0.98](best:0.95 , 1.0)
02/24/2020 03:28:27 PM,3 root INFO Epoch: 28
02/24/2020 03:28:28 PM,816 root INFO Loss = tensor([25.2981])
02/24/2020 03:28:37 PM,557 root INFO Loss = tensor([24.3505])
02/24/2020 03:28:46 PM,83 root INFO Loss = tensor([24.3122])
02/24/2020 03:28:54 PM,583 root INFO Loss = tensor([23.9707])
02/24/2020 03:29:02 PM,819 root INFO Loss = tensor([25.5868])
02/24/2020 03:29:11 PM,354 root INFO Loss = tensor([25.6082])
02/24/2020 03:29:19 PM,674 root INFO Loss = tensor([25.4147])
02/24/2020 03:29:27 PM,41 root INFO Loss = tensor([22.8018])
02/24/2020 03:29:31 PM,31 root INFO Validation All-nodes accuracy:0.52(best:0.82)
02/24/2020 03:29:31 PM,31 root INFO Validation Root accuracy:0.76(best:0.83)
02/24/2020 03:29:31 PM,31 root INFO F1:[0.92, 0.45](best:1.0 , 0.66)
02/24/2020 03:29:44 PM,528 root INFO Training All-nodes accuracy:0.69(best:0.69)
02/24/2020 03:29:44 PM,528 root INFO Training Root accuracy:0.94(best:0.94)
02/24/2020 03:29:44 PM,529 root INFO Training F1:[0.96, 0.97](best:0.96 , 1.0)
02/24/2020 03:29:44 PM,530 root INFO Epoch: 29
02/24/2020 03:29:46 PM,266 root INFO Loss = tensor([24.1265])
02/24/2020 03:29:54 PM,819 root INFO Loss = tensor([24.3934])
02/24/2020 03:30:03 PM,471 root INFO Loss = tensor([24.0587])
02/24/2020 03:30:11 PM,706 root INFO Loss = tensor([25.6173])
02/24/2020 03:30:20 PM,352 root INFO Loss = tensor([26.9472])
02/24/2020 03:30:29 PM,938 root INFO Loss = tensor([24.3590])
02/24/2020 03:30:38 PM,312 root INFO Loss = tensor([25.6417])
02/24/2020 03:30:45 PM,787 root INFO Loss = tensor([25.3417])
02/24/2020 03:30:50 PM,48 root INFO Validation All-nodes accuracy:0.6(best:0.82)
02/24/2020 03:30:50 PM,48 root INFO Validation Root accuracy:0.83(best:0.83)
02/24/2020 03:30:50 PM,49 root INFO F1:[0.92, 0.67](best:1.0 , 0.67)
02/24/2020 03:31:03 PM,592 root INFO Training All-nodes accuracy:0.7(best:0.7)
02/24/2020 03:31:03 PM,592 root INFO Training Root accuracy:0.95(best:0.95)
02/24/2020 03:31:03 PM,592 root INFO Training F1:[0.96, 0.99](best:0.96 , 1.0)
02/24/2020 03:31:03 PM,594 root INFO Epoch: 30
02/24/2020 03:31:05 PM,344 root INFO Loss = tensor([25.4148])
02/24/2020 03:31:14 PM,588 root INFO Loss = tensor([23.6708])
02/24/2020 03:31:23 PM,456 root INFO Loss = tensor([23.9877])
02/24/2020 03:31:33 PM,225 root INFO Loss = tensor([22.9661])
02/24/2020 03:31:41 PM,603 root INFO Loss = tensor([24.4756])
02/24/2020 03:31:50 PM,207 root INFO Loss = tensor([26.2412])
02/24/2020 03:31:59 PM,108 root INFO Loss = tensor([24.3204])
02/24/2020 03:32:06 PM,663 root INFO Loss = tensor([26.5103])
02/24/2020 03:32:10 PM,885 root INFO Validation All-nodes accuracy:0.59(best:0.82)
02/24/2020 03:32:10 PM,885 root INFO Validation Root accuracy:0.81(best:0.83)
02/24/2020 03:32:10 PM,885 root INFO F1:[0.93, 0.59](best:1.0 , 0.67)
02/24/2020 03:32:25 PM,617 root INFO Training All-nodes accuracy:0.7(best:0.7)
02/24/2020 03:32:25 PM,617 root INFO Training Root accuracy:0.97(best:0.97)
02/24/2020 03:32:25 PM,617 root INFO Training F1:[0.98, 0.99](best:0.98 , 1.0)
02/24/2020 03:32:25 PM,619 root INFO Epoch: 31
02/24/2020 03:32:27 PM,676 root INFO Loss = tensor([24.1105])
02/24/2020 03:32:37 PM,170 root INFO Loss = tensor([23.3523])
02/24/2020 03:32:46 PM,568 root INFO Loss = tensor([24.9678])
02/24/2020 03:32:56 PM,645 root INFO Loss = tensor([24.6678])
02/24/2020 03:33:05 PM,931 root INFO Loss = tensor([22.7701])
02/24/2020 03:33:15 PM,642 root INFO Loss = tensor([24.3080])
02/24/2020 03:33:24 PM,615 root INFO Loss = tensor([24.9669])
02/24/2020 03:33:32 PM,214 root INFO Loss = tensor([26.7441])
02/24/2020 03:33:36 PM,739 root INFO Validation All-nodes accuracy:0.52(best:0.82)
02/24/2020 03:33:36 PM,740 root INFO Validation Root accuracy:0.78(best:0.83)
02/24/2020 03:33:36 PM,740 root INFO F1:[0.92, 0.5](best:1.0 , 0.67)
02/24/2020 03:33:51 PM,520 root INFO Training All-nodes accuracy:0.7(best:0.7)
02/24/2020 03:33:51 PM,520 root INFO Training Root accuracy:0.96(best:0.97)
02/24/2020 03:33:51 PM,520 root INFO Training F1:[0.98, 0.99](best:0.98 , 1.0)
02/24/2020 03:33:51 PM,522 root INFO Epoch: 32
02/24/2020 03:33:53 PM,368 root INFO Loss = tensor([25.3504])
02/24/2020 03:34:02 PM,701 root INFO Loss = tensor([34.7465])
02/24/2020 03:34:12 PM,15 root INFO Loss = tensor([39.8287])
02/24/2020 03:34:20 PM,707 root INFO Loss = tensor([36.1889])
02/24/2020 03:34:30 PM,277 root INFO Loss = tensor([34.1122])
02/24/2020 03:34:39 PM,249 root INFO Loss = tensor([22.7330])
02/24/2020 03:34:48 PM,7 root INFO Loss = tensor([34.1919])
02/24/2020 03:34:55 PM,914 root INFO Loss = tensor([46.5345])
02/24/2020 03:35:00 PM,412 root INFO Validation All-nodes accuracy:0.47(best:0.82)
02/24/2020 03:35:00 PM,413 root INFO Validation Root accuracy:0.83(best:0.83)
02/24/2020 03:35:00 PM,413 root INFO F1:[0.92, 0.67](best:1.0 , 0.67)
02/24/2020 03:35:16 PM,461 root INFO Training All-nodes accuracy:0.69(best:0.7)
02/24/2020 03:35:16 PM,462 root INFO Training Root accuracy:0.96(best:0.97)
02/24/2020 03:35:16 PM,462 root INFO Training F1:[0.96, 0.99](best:0.98 , 1.0)
02/24/2020 03:35:16 PM,465 root INFO Epoch: 33
02/24/2020 03:35:18 PM,391 root INFO Loss = tensor([24.0120])
02/24/2020 03:35:27 PM,893 root INFO Loss = tensor([25.6580])
02/24/2020 03:35:36 PM,641 root INFO Loss = tensor([25.0782])
02/24/2020 03:35:45 PM,580 root INFO Loss = tensor([22.6710])
02/24/2020 03:35:54 PM,261 root INFO Loss = tensor([22.8139])
02/24/2020 03:36:02 PM,690 root INFO Loss = tensor([23.9685])
02/24/2020 03:36:12 PM,208 root INFO Loss = tensor([25.6736])
02/24/2020 03:36:20 PM,305 root INFO Loss = tensor([28.1713])
02/24/2020 03:36:24 PM,495 root INFO Validation All-nodes accuracy:0.49(best:0.82)
02/24/2020 03:36:24 PM,495 root INFO Validation Root accuracy:0.79(best:0.83)
02/24/2020 03:36:24 PM,496 root INFO F1:[0.92, 0.5](best:1.0 , 0.67)
02/24/2020 03:36:38 PM,238 root INFO Training All-nodes accuracy:0.7(best:0.7)
02/24/2020 03:36:38 PM,238 root INFO Training Root accuracy:0.96(best:0.97)
02/24/2020 03:36:38 PM,238 root INFO Training F1:[0.97, 0.99](best:0.98 , 1.0)
02/24/2020 03:36:38 PM,240 root INFO Epoch: 34
02/24/2020 03:36:39 PM,963 root INFO Loss = tensor([23.1442])
02/24/2020 03:36:48 PM,575 root INFO Loss = tensor([23.8171])
02/24/2020 03:36:57 PM,179 root INFO Loss = tensor([24.0151])
02/24/2020 03:37:05 PM,861 root INFO Loss = tensor([24.1269])
02/24/2020 03:37:14 PM,164 root INFO Loss = tensor([25.4434])
02/24/2020 03:37:22 PM,405 root INFO Loss = tensor([23.5768])
02/24/2020 03:37:30 PM,995 root INFO Loss = tensor([27.2426])
02/24/2020 03:37:38 PM,476 root INFO Loss = tensor([40.5340])
02/24/2020 03:37:42 PM,967 root INFO Validation All-nodes accuracy:0.61(best:0.82)
02/24/2020 03:37:42 PM,967 root INFO Validation Root accuracy:0.82(best:0.83)
02/24/2020 03:37:42 PM,967 root INFO F1:[0.92, 0.6](best:1.0 , 0.67)
02/24/2020 03:37:58 PM,909 root INFO Training All-nodes accuracy:0.71(best:0.71)
02/24/2020 03:37:58 PM,911 root INFO Training Root accuracy:0.97(best:0.97)
02/24/2020 03:37:58 PM,911 root INFO Training F1:[0.97, 1.0](best:0.98 , 1.0)
02/24/2020 03:37:58 PM,913 root INFO Epoch: 35
02/24/2020 03:38:00 PM,797 root INFO Loss = tensor([23.5831])
02/24/2020 03:38:09 PM,639 root INFO Loss = tensor([27.0403])
02/24/2020 03:38:19 PM,677 root INFO Loss = tensor([23.9227])
02/24/2020 03:38:28 PM,58 root INFO Loss = tensor([23.1149])
02/24/2020 03:38:37 PM,375 root INFO Loss = tensor([23.0744])
02/24/2020 03:38:46 PM,281 root INFO Loss = tensor([25.8615])
02/24/2020 03:38:55 PM,83 root INFO Loss = tensor([26.0304])
02/24/2020 03:39:02 PM,436 root INFO Loss = tensor([22.7691])
02/24/2020 03:39:06 PM,613 root INFO Validation All-nodes accuracy:0.58(best:0.82)
02/24/2020 03:39:06 PM,613 root INFO Validation Root accuracy:0.79(best:0.83)
02/24/2020 03:39:06 PM,613 root INFO F1:[0.92, 0.53](best:1.0 , 0.67)
02/24/2020 03:39:20 PM,512 root INFO Training All-nodes accuracy:0.71(best:0.71)
02/24/2020 03:39:20 PM,512 root INFO Training Root accuracy:0.98(best:0.98)
02/24/2020 03:39:20 PM,512 root INFO Training F1:[0.98, 0.99](best:0.98 , 1.0)
02/24/2020 03:39:20 PM,514 root INFO Epoch: 36
02/24/2020 03:39:22 PM,427 root INFO Loss = tensor([22.7386])
02/24/2020 03:39:31 PM,898 root INFO Loss = tensor([23.8085])
02/24/2020 03:39:41 PM,110 root INFO Loss = tensor([24.0744])
02/24/2020 03:39:51 PM,498 root INFO Loss = tensor([24.5328])
02/24/2020 03:40:00 PM,901 root INFO Loss = tensor([24.4736])
02/24/2020 03:40:09 PM,215 root INFO Loss = tensor([22.6805])
02/24/2020 03:40:17 PM,546 root INFO Loss = tensor([22.3572])
02/24/2020 03:40:24 PM,554 root INFO Loss = tensor([25.6233])
02/24/2020 03:40:28 PM,738 root INFO Validation All-nodes accuracy:0.54(best:0.82)
02/24/2020 03:40:28 PM,739 root INFO Validation Root accuracy:0.82(best:0.83)
02/24/2020 03:40:28 PM,739 root INFO F1:[0.93, 0.62](best:1.0 , 0.67)
02/24/2020 03:40:42 PM,555 root INFO Training All-nodes accuracy:0.71(best:0.71)
02/24/2020 03:40:42 PM,555 root INFO Training Root accuracy:0.97(best:0.98)
02/24/2020 03:40:42 PM,555 root INFO Training F1:[0.98, 1.0](best:0.98 , 1.0)
02/24/2020 03:40:42 PM,557 root INFO Epoch: 37
02/24/2020 03:40:44 PM,594 root INFO Loss = tensor([21.4965])
02/24/2020 03:40:53 PM,933 root INFO Loss = tensor([21.4958])
02/24/2020 03:41:02 PM,383 root INFO Loss = tensor([22.7111])
02/24/2020 03:41:11 PM,511 root INFO Loss = tensor([24.0244])
02/24/2020 03:41:20 PM,706 root INFO Loss = tensor([24.0142])
02/24/2020 03:41:29 PM,305 root INFO Loss = tensor([25.3551])
02/24/2020 03:41:38 PM,293 root INFO Loss = tensor([23.8146])
02/24/2020 03:41:45 PM,661 root INFO Loss = tensor([22.6085])
02/24/2020 03:41:49 PM,716 root INFO Validation All-nodes accuracy:0.54(best:0.82)
02/24/2020 03:41:49 PM,716 root INFO Validation Root accuracy:0.76(best:0.83)
02/24/2020 03:41:49 PM,716 root INFO F1:[0.92, 0.45](best:1.0 , 0.67)
02/24/2020 03:42:03 PM,205 root INFO Training All-nodes accuracy:0.71(best:0.71)
02/24/2020 03:42:03 PM,205 root INFO Training Root accuracy:0.97(best:0.98)
02/24/2020 03:42:03 PM,205 root INFO Training F1:[0.98, 0.99](best:0.98 , 1.0)
02/24/2020 03:42:03 PM,207 root INFO Epoch: 38
02/24/2020 03:42:04 PM,955 root INFO Loss = tensor([22.1906])
02/24/2020 03:42:13 PM,756 root INFO Loss = tensor([24.1206])
02/24/2020 03:42:22 PM,932 root INFO Loss = tensor([25.6381])
02/24/2020 03:42:32 PM,305 root INFO Loss = tensor([22.9101])
02/24/2020 03:42:40 PM,988 root INFO Loss = tensor([23.0046])
02/24/2020 03:42:49 PM,880 root INFO Loss = tensor([24.8533])
02/24/2020 03:42:58 PM,329 root INFO Loss = tensor([22.5549])
02/24/2020 03:43:05 PM,800 root INFO Loss = tensor([21.8008])
02/24/2020 03:43:09 PM,868 root INFO Validation All-nodes accuracy:0.59(best:0.82)
02/24/2020 03:43:09 PM,868 root INFO Validation Root accuracy:0.84(best:0.84)
02/24/2020 03:43:09 PM,869 root INFO F1:[0.93, 0.71](best:1.0 , 0.71)
02/24/2020 03:43:23 PM,939 root INFO Training All-nodes accuracy:0.72(best:0.72)
02/24/2020 03:43:23 PM,939 root INFO Training Root accuracy:0.97(best:0.98)
02/24/2020 03:43:23 PM,939 root INFO Training F1:[0.98, 0.99](best:0.98 , 1.0)
02/24/2020 03:43:23 PM,941 root INFO Epoch: 39
02/24/2020 03:43:25 PM,621 root INFO Loss = tensor([22.5751])
02/24/2020 03:43:34 PM,377 root INFO Loss = tensor([29.6478])
02/24/2020 03:43:43 PM,47 root INFO Loss = tensor([36.2317])
02/24/2020 03:43:53 PM,314 root INFO Loss = tensor([24.9282])
02/24/2020 03:44:02 PM,602 root INFO Loss = tensor([23.6690])
02/24/2020 03:44:11 PM,264 root INFO Loss = tensor([27.7040])
02/24/2020 03:44:22 PM,633 root INFO Loss = tensor([23.7962])
02/24/2020 03:44:30 PM,898 root INFO Loss = tensor([23.9996])
02/24/2020 03:44:35 PM,234 root INFO Validation All-nodes accuracy:0.56(best:0.82)
02/24/2020 03:44:35 PM,234 root INFO Validation Root accuracy:0.82(best:0.84)
02/24/2020 03:44:35 PM,235 root INFO F1:[0.92, 0.62](best:1.0 , 0.71)
02/24/2020 03:44:49 PM,238 root INFO Training All-nodes accuracy:0.71(best:0.72)
02/24/2020 03:44:49 PM,238 root INFO Training Root accuracy:0.96(best:0.98)
02/24/2020 03:44:49 PM,239 root INFO Training F1:[0.96, 1.0](best:0.98 , 1.0)
02/24/2020 03:44:49 PM,241 root INFO Epoch: 40
02/24/2020 03:44:51 PM,83 root INFO Loss = tensor([22.9130])
02/24/2020 03:44:59 PM,853 root INFO Loss = tensor([22.4507])
02/24/2020 03:45:08 PM,706 root INFO Loss = tensor([21.9715])
02/24/2020 03:45:17 PM,333 root INFO Loss = tensor([22.8198])
02/24/2020 03:45:25 PM,874 root INFO Loss = tensor([24.9032])
02/24/2020 03:45:34 PM,760 root INFO Loss = tensor([25.4037])
02/24/2020 03:45:44 PM,96 root INFO Loss = tensor([22.3380])
02/24/2020 03:45:51 PM,365 root INFO Loss = tensor([33.1150])
02/24/2020 03:45:55 PM,427 root INFO Validation All-nodes accuracy:0.56(best:0.82)
02/24/2020 03:45:55 PM,427 root INFO Validation Root accuracy:0.71(best:0.84)
02/24/2020 03:45:55 PM,427 root INFO F1:[0.92, 0.37](best:1.0 , 0.71)
02/24/2020 03:46:09 PM,771 root INFO Training All-nodes accuracy:0.71(best:0.72)
02/24/2020 03:46:09 PM,771 root INFO Training Root accuracy:0.98(best:0.98)
02/24/2020 03:46:09 PM,771 root INFO Training F1:[0.99, 0.99](best:0.99 , 1.0)
02/24/2020 03:46:09 PM,773 root INFO Epoch: 41
02/24/2020 03:46:11 PM,587 root INFO Loss = tensor([23.5350])
02/24/2020 03:46:20 PM,882 root INFO Loss = tensor([22.5377])
02/24/2020 03:46:29 PM,638 root INFO Loss = tensor([22.3431])
02/24/2020 03:46:38 PM,273 root INFO Loss = tensor([22.3755])
02/24/2020 03:46:46 PM,661 root INFO Loss = tensor([21.7711])
02/24/2020 03:46:55 PM,339 root INFO Loss = tensor([25.4014])
02/24/2020 03:47:04 PM,572 root INFO Loss = tensor([22.3697])
02/24/2020 03:47:12 PM,139 root INFO Loss = tensor([22.6186])
02/24/2020 03:47:16 PM,565 root INFO Validation All-nodes accuracy:0.55(best:0.82)
02/24/2020 03:47:16 PM,565 root INFO Validation Root accuracy:0.81(best:0.84)
02/24/2020 03:47:16 PM,566 root INFO F1:[0.93, 0.59](best:1.0 , 0.71)
02/24/2020 03:47:30 PM,990 root INFO Training All-nodes accuracy:0.72(best:0.72)
02/24/2020 03:47:30 PM,991 root INFO Training Root accuracy:0.99(best:0.99)
02/24/2020 03:47:30 PM,991 root INFO Training F1:[0.99, 1.0](best:0.99 , 1.0)
02/24/2020 03:47:30 PM,993 root INFO Epoch: 42
02/24/2020 03:47:32 PM,812 root INFO Loss = tensor([22.0198])
02/24/2020 03:47:41 PM,739 root INFO Loss = tensor([24.3924])
02/24/2020 03:47:51 PM,2 root INFO Loss = tensor([26.5070])
02/24/2020 03:47:59 PM,802 root INFO Loss = tensor([22.1370])
02/24/2020 03:48:08 PM,910 root INFO Loss = tensor([33.6512])
02/24/2020 03:48:17 PM,781 root INFO Loss = tensor([37.0366])
02/24/2020 03:48:26 PM,691 root INFO Loss = tensor([31.3290])
02/24/2020 03:48:33 PM,979 root INFO Loss = tensor([23.4060])
02/24/2020 03:48:38 PM,50 root INFO Validation All-nodes accuracy:0.53(best:0.82)
02/24/2020 03:48:38 PM,51 root INFO Validation Root accuracy:0.82(best:0.84)
02/24/2020 03:48:38 PM,51 root INFO F1:[0.92, 0.62](best:1.0 , 0.71)
02/24/2020 03:48:52 PM,977 root INFO Training All-nodes accuracy:0.71(best:0.72)
02/24/2020 03:48:52 PM,977 root INFO Training Root accuracy:0.96(best:0.99)
02/24/2020 03:48:52 PM,978 root INFO Training F1:[0.97, 1.0](best:0.99 , 1.0)
02/24/2020 03:48:52 PM,980 root INFO Epoch: 43
02/24/2020 03:48:55 PM,100 root INFO Loss = tensor([23.2437])
02/24/2020 03:49:04 PM,63 root INFO Loss = tensor([37.3743])
02/24/2020 03:49:12 PM,924 root INFO Loss = tensor([43.8752])
02/24/2020 03:49:21 PM,228 root INFO Loss = tensor([42.2852])
02/24/2020 03:49:29 PM,717 root INFO Loss = tensor([45.1478])
02/24/2020 03:49:39 PM,182 root INFO Loss = tensor([37.9854])
02/24/2020 03:49:48 PM,178 root INFO Loss = tensor([23.6583])
02/24/2020 03:49:55 PM,752 root INFO Loss = tensor([32.2269])
02/24/2020 03:49:59 PM,815 root INFO Validation All-nodes accuracy:0.42(best:0.82)
02/24/2020 03:49:59 PM,815 root INFO Validation Root accuracy:0.37(best:0.84)
02/24/2020 03:49:59 PM,815 root INFO F1:[0.92, 0.31](best:1.0 , 0.71)
02/24/2020 03:50:14 PM,61 root INFO Training All-nodes accuracy:0.66(best:0.72)
02/24/2020 03:50:14 PM,62 root INFO Training Root accuracy:0.8(best:0.99)
02/24/2020 03:50:14 PM,62 root INFO Training F1:[1.0, 0.83](best:1.0 , 1.0)
02/24/2020 03:50:14 PM,64 root INFO Epoch: 44
02/24/2020 03:50:15 PM,936 root INFO Loss = tensor([30.6983])
02/24/2020 03:50:24 PM,656 root INFO Loss = tensor([22.0542])
02/24/2020 03:50:35 PM,915 root INFO Loss = tensor([33.0658])
02/24/2020 03:50:48 PM,142 root INFO Loss = tensor([36.7351])
02/24/2020 03:50:58 PM,260 root INFO Loss = tensor([26.4070])
02/24/2020 03:51:07 PM,539 root INFO Loss = tensor([23.7523])
02/24/2020 03:51:16 PM,736 root INFO Loss = tensor([26.0413])
02/24/2020 03:51:24 PM,165 root INFO Loss = tensor([22.6137])
02/24/2020 03:51:28 PM,589 root INFO Validation All-nodes accuracy:0.59(best:0.82)
02/24/2020 03:51:28 PM,589 root INFO Validation Root accuracy:0.82(best:0.84)
02/24/2020 03:51:28 PM,590 root INFO F1:[0.92, 0.6](best:1.0 , 0.71)
02/24/2020 03:51:42 PM,840 root INFO Training All-nodes accuracy:0.71(best:0.72)
02/24/2020 03:51:42 PM,840 root INFO Training Root accuracy:0.98(best:0.99)
02/24/2020 03:51:42 PM,840 root INFO Training F1:[0.98, 1.0](best:1.0 , 1.0)
02/24/2020 03:51:42 PM,842 root INFO Epoch: 45
02/24/2020 03:51:44 PM,612 root INFO Loss = tensor([21.3137])
02/24/2020 03:51:53 PM,185 root INFO Loss = tensor([24.1166])
02/24/2020 03:52:02 PM,804 root INFO Loss = tensor([23.1943])
02/24/2020 03:52:12 PM,239 root INFO Loss = tensor([22.9671])
02/24/2020 03:52:21 PM,901 root INFO Loss = tensor([22.6192])
02/24/2020 03:52:30 PM,621 root INFO Loss = tensor([23.9248])
02/24/2020 03:52:41 PM,118 root INFO Loss = tensor([23.9676])
02/24/2020 03:52:54 PM,33 root INFO Loss = tensor([23.0848])
02/24/2020 03:52:58 PM,398 root INFO Validation All-nodes accuracy:0.57(best:0.82)
02/24/2020 03:52:58 PM,399 root INFO Validation Root accuracy:0.75(best:0.84)
02/24/2020 03:52:58 PM,399 root INFO F1:[0.92, 0.43](best:1.0 , 0.71)
02/24/2020 03:53:12 PM,582 root INFO Training All-nodes accuracy:0.72(best:0.72)
02/24/2020 03:53:12 PM,583 root INFO Training Root accuracy:0.99(best:0.99)
02/24/2020 03:53:12 PM,584 root INFO Training F1:[0.99, 1.0](best:1.0 , 1.0)
02/24/2020 03:53:12 PM,585 root INFO Epoch: 46
02/24/2020 03:53:14 PM,342 root INFO Loss = tensor([21.8986])
02/24/2020 03:53:22 PM,995 root INFO Loss = tensor([23.7630])
02/24/2020 03:53:31 PM,579 root INFO Loss = tensor([23.9273])
02/24/2020 03:53:40 PM,771 root INFO Loss = tensor([21.0065])
02/24/2020 03:53:49 PM,939 root INFO Loss = tensor([28.9891])
02/24/2020 03:53:58 PM,686 root INFO Loss = tensor([36.1252])
02/24/2020 03:54:07 PM,98 root INFO Loss = tensor([30.5826])
02/24/2020 03:54:14 PM,937 root INFO Loss = tensor([22.5264])
02/24/2020 03:54:19 PM,165 root INFO Validation All-nodes accuracy:0.56(best:0.82)
02/24/2020 03:54:19 PM,166 root INFO Validation Root accuracy:0.82(best:0.84)
02/24/2020 03:54:19 PM,166 root INFO F1:[0.92, 0.62](best:1.0 , 0.71)
02/24/2020 03:54:32 PM,626 root INFO Training All-nodes accuracy:0.72(best:0.72)
02/24/2020 03:54:32 PM,626 root INFO Training Root accuracy:0.98(best:0.99)
02/24/2020 03:54:32 PM,626 root INFO Training F1:[0.98, 1.0](best:1.0 , 1.0)
02/24/2020 03:54:32 PM,628 root INFO Epoch: 47
02/24/2020 03:54:34 PM,367 root INFO Loss = tensor([22.0679])
02/24/2020 03:54:42 PM,958 root INFO Loss = tensor([22.9708])
02/24/2020 03:54:51 PM,457 root INFO Loss = tensor([24.4328])
02/24/2020 03:55:00 PM,280 root INFO Loss = tensor([21.9375])
02/24/2020 03:55:08 PM,843 root INFO Loss = tensor([25.9788])
02/24/2020 03:55:17 PM,225 root INFO Loss = tensor([29.2484])
02/24/2020 03:55:25 PM,672 root INFO Loss = tensor([26.7529])
02/24/2020 03:55:32 PM,937 root INFO Loss = tensor([22.6863])
02/24/2020 03:55:37 PM,67 root INFO Validation All-nodes accuracy:0.55(best:0.82)
02/24/2020 03:55:37 PM,67 root INFO Validation Root accuracy:0.77(best:0.84)
02/24/2020 03:55:37 PM,68 root INFO F1:[0.93, 0.5](best:1.0 , 0.71)
02/24/2020 03:55:50 PM,995 root INFO Training All-nodes accuracy:0.72(best:0.72)
02/24/2020 03:55:50 PM,996 root INFO Training Root accuracy:0.99(best:0.99)
02/24/2020 03:55:50 PM,996 root INFO Training F1:[0.99, 0.99](best:1.0 , 1.0)
02/24/2020 03:55:50 PM,998 root INFO Epoch: 48
02/24/2020 03:55:52 PM,912 root INFO Loss = tensor([22.9054])
02/24/2020 03:56:01 PM,924 root INFO Loss = tensor([23.4038])
02/24/2020 03:56:10 PM,934 root INFO Loss = tensor([23.0299])
02/24/2020 03:56:20 PM,228 root INFO Loss = tensor([22.6405])
02/24/2020 03:56:29 PM,54 root INFO Loss = tensor([20.7438])
02/24/2020 03:56:37 PM,699 root INFO Loss = tensor([21.7099])
02/24/2020 03:56:46 PM,417 root INFO Loss = tensor([25.4829])
02/24/2020 03:56:54 PM,46 root INFO Loss = tensor([26.2917])
02/24/2020 03:56:58 PM,285 root INFO Validation All-nodes accuracy:0.56(best:0.82)
02/24/2020 03:56:58 PM,285 root INFO Validation Root accuracy:0.78(best:0.84)
02/24/2020 03:56:58 PM,285 root INFO F1:[0.93, 0.52](best:1.0 , 0.71)
02/24/2020 03:57:12 PM,750 root INFO Training All-nodes accuracy:0.72(best:0.72)
02/24/2020 03:57:12 PM,750 root INFO Training Root accuracy:0.98(best:0.99)
02/24/2020 03:57:12 PM,751 root INFO Training F1:[0.98, 1.0](best:1.0 , 1.0)
02/24/2020 03:57:12 PM,752 root INFO Epoch: 49
02/24/2020 03:57:14 PM,468 root INFO Loss = tensor([21.3416])
02/24/2020 03:57:23 PM,182 root INFO Loss = tensor([24.6263])
02/24/2020 03:57:32 PM,530 root INFO Loss = tensor([29.0712])
02/24/2020 03:57:41 PM,422 root INFO Loss = tensor([25.3899])
02/24/2020 03:57:50 PM,239 root INFO Loss = tensor([22.4109])
02/24/2020 03:57:59 PM,17 root INFO Loss = tensor([26.9233])
02/24/2020 03:58:07 PM,592 root INFO Loss = tensor([26.9143])
02/24/2020 03:58:14 PM,984 root INFO Loss = tensor([25.7179])
02/24/2020 03:58:19 PM,160 root INFO Validation All-nodes accuracy:0.53(best:0.82)
02/24/2020 03:58:19 PM,161 root INFO Validation Root accuracy:0.75(best:0.84)
02/24/2020 03:58:19 PM,161 root INFO F1:[0.93, 0.46](best:1.0 , 0.71)
02/24/2020 03:58:32 PM,491 root INFO Training All-nodes accuracy:0.72(best:0.72)
02/24/2020 03:58:32 PM,491 root INFO Training Root accuracy:0.99(best:0.99)
02/24/2020 03:58:32 PM,491 root INFO Training F1:[1.0, 0.99](best:1.0 , 1.0)
